[2022-02-17 21:31:16,729] {taskinstance.py:1032} INFO - Dependencies all met for <TaskInstance: example_bash_operator.this_will_skip scheduled__2022-02-16T00:00:00+00:00 [queued]>
[2022-02-17 21:31:16,849] {taskinstance.py:1032} INFO - Dependencies all met for <TaskInstance: example_bash_operator.this_will_skip scheduled__2022-02-16T00:00:00+00:00 [queued]>
[2022-02-17 21:31:16,852] {taskinstance.py:1238} INFO - 
--------------------------------------------------------------------------------
[2022-02-17 21:31:16,853] {taskinstance.py:1239} INFO - Starting attempt 1 of 1
[2022-02-17 21:31:16,855] {taskinstance.py:1240} INFO - 
--------------------------------------------------------------------------------
[2022-02-17 21:31:16,948] {taskinstance.py:1259} INFO - Executing <Task(BashOperator): this_will_skip> on 2022-02-16 00:00:00+00:00
[2022-02-17 21:31:16,970] {standard_task_runner.py:52} INFO - Started process 362 to run task
[2022-02-17 21:31:17,002] {standard_task_runner.py:76} INFO - Running: ['***', 'tasks', 'run', 'example_bash_operator', 'this_will_skip', 'scheduled__2022-02-16T00:00:00+00:00', '--job-id', '15', '--raw', '--subdir', '/home/***/.local/lib/python3.7/site-packages/***/example_dags/example_bash_operator.py', '--cfg-path', '/tmp/tmpbbzyc2nr', '--error-file', '/tmp/tmp2ho2j72w']
[2022-02-17 21:31:17,007] {standard_task_runner.py:77} INFO - Job 15: Subtask this_will_skip
[2022-02-17 21:31:17,399] {logging_mixin.py:109} INFO - Running <TaskInstance: example_bash_operator.this_will_skip scheduled__2022-02-16T00:00:00+00:00 [running]> on host bd44ee7f0b09
[2022-02-17 21:31:19,069] {taskinstance.py:1426} INFO - Exporting the following env vars:
AIRFLOW_CTX_DAG_OWNER=***
AIRFLOW_CTX_DAG_ID=example_bash_operator
AIRFLOW_CTX_TASK_ID=this_will_skip
AIRFLOW_CTX_EXECUTION_DATE=2022-02-16T00:00:00+00:00
AIRFLOW_CTX_DAG_RUN_ID=scheduled__2022-02-16T00:00:00+00:00
[2022-02-17 21:31:19,075] {subprocess.py:62} INFO - Tmp dir root location: 
 /tmp
[2022-02-17 21:31:19,085] {subprocess.py:74} INFO - Running command: ['bash', '-c', 'echo "hello world"; exit 99;']
[2022-02-17 21:31:19,140] {subprocess.py:85} INFO - Output:
[2022-02-17 21:31:19,144] {subprocess.py:89} INFO - hello world
[2022-02-17 21:31:19,145] {subprocess.py:93} INFO - Command exited with return code 99
[2022-02-17 21:31:19,147] {taskinstance.py:1356} INFO - Bash command returned exit code 99. Skipping.
[2022-02-17 21:31:19,177] {taskinstance.py:1277} INFO - Marking task as SKIPPED. dag_id=example_bash_operator, task_id=this_will_skip, execution_date=20220216T000000, start_date=20220217T213116, end_date=20220217T213119
[2022-02-17 21:31:19,369] {local_task_job.py:154} INFO - Task exited with return code 0
[2022-02-17 21:31:19,542] {local_task_job.py:264} INFO - 0 downstream tasks scheduled from follow-on schedule check
