[2022-02-17 21:31:17,056] {taskinstance.py:1032} INFO - Dependencies all met for <TaskInstance: example_bash_operator.this_will_skip manual__2022-02-17T21:31:05.956240+00:00 [queued]>
[2022-02-17 21:31:17,123] {taskinstance.py:1032} INFO - Dependencies all met for <TaskInstance: example_bash_operator.this_will_skip manual__2022-02-17T21:31:05.956240+00:00 [queued]>
[2022-02-17 21:31:17,128] {taskinstance.py:1238} INFO - 
--------------------------------------------------------------------------------
[2022-02-17 21:31:17,130] {taskinstance.py:1239} INFO - Starting attempt 1 of 1
[2022-02-17 21:31:17,133] {taskinstance.py:1240} INFO - 
--------------------------------------------------------------------------------
[2022-02-17 21:31:17,261] {taskinstance.py:1259} INFO - Executing <Task(BashOperator): this_will_skip> on 2022-02-17 21:31:05.956240+00:00
[2022-02-17 21:31:17,284] {standard_task_runner.py:52} INFO - Started process 365 to run task
[2022-02-17 21:31:17,311] {standard_task_runner.py:76} INFO - Running: ['***', 'tasks', 'run', 'example_bash_operator', 'this_will_skip', 'manual__2022-02-17T21:31:05.956240+00:00', '--job-id', '19', '--raw', '--subdir', '/home/***/.local/lib/python3.7/site-packages/***/example_dags/example_bash_operator.py', '--cfg-path', '/tmp/tmp1w_ksbi7', '--error-file', '/tmp/tmpsmrgq5z4']
[2022-02-17 21:31:17,326] {standard_task_runner.py:77} INFO - Job 19: Subtask this_will_skip
[2022-02-17 21:31:17,941] {logging_mixin.py:109} INFO - Running <TaskInstance: example_bash_operator.this_will_skip manual__2022-02-17T21:31:05.956240+00:00 [running]> on host bd44ee7f0b09
[2022-02-17 21:31:18,682] {taskinstance.py:1426} INFO - Exporting the following env vars:
AIRFLOW_CTX_DAG_OWNER=***
AIRFLOW_CTX_DAG_ID=example_bash_operator
AIRFLOW_CTX_TASK_ID=this_will_skip
AIRFLOW_CTX_EXECUTION_DATE=2022-02-17T21:31:05.956240+00:00
AIRFLOW_CTX_DAG_RUN_ID=manual__2022-02-17T21:31:05.956240+00:00
[2022-02-17 21:31:18,684] {subprocess.py:62} INFO - Tmp dir root location: 
 /tmp
[2022-02-17 21:31:18,689] {subprocess.py:74} INFO - Running command: ['bash', '-c', 'echo "hello world"; exit 99;']
[2022-02-17 21:31:18,850] {subprocess.py:85} INFO - Output:
[2022-02-17 21:31:18,883] {subprocess.py:89} INFO - hello world
[2022-02-17 21:31:18,896] {subprocess.py:93} INFO - Command exited with return code 99
[2022-02-17 21:31:18,899] {taskinstance.py:1356} INFO - Bash command returned exit code 99. Skipping.
[2022-02-17 21:31:19,014] {taskinstance.py:1277} INFO - Marking task as SKIPPED. dag_id=example_bash_operator, task_id=this_will_skip, execution_date=20220217T213105, start_date=20220217T213117, end_date=20220217T213119
[2022-02-17 21:31:19,217] {local_task_job.py:154} INFO - Task exited with return code 0
[2022-02-17 21:31:19,424] {local_task_job.py:264} INFO - 0 downstream tasks scheduled from follow-on schedule check
