[2022-02-17 21:31:21,705] {taskinstance.py:1032} INFO - Dependencies all met for <TaskInstance: example_bash_operator.run_after_loop scheduled__2022-02-16T00:00:00+00:00 [queued]>
[2022-02-17 21:31:21,717] {taskinstance.py:1032} INFO - Dependencies all met for <TaskInstance: example_bash_operator.run_after_loop scheduled__2022-02-16T00:00:00+00:00 [queued]>
[2022-02-17 21:31:21,718] {taskinstance.py:1238} INFO - 
--------------------------------------------------------------------------------
[2022-02-17 21:31:21,718] {taskinstance.py:1239} INFO - Starting attempt 1 of 1
[2022-02-17 21:31:21,719] {taskinstance.py:1240} INFO - 
--------------------------------------------------------------------------------
[2022-02-17 21:31:21,739] {taskinstance.py:1259} INFO - Executing <Task(BashOperator): run_after_loop> on 2022-02-16 00:00:00+00:00
[2022-02-17 21:31:21,757] {standard_task_runner.py:52} INFO - Started process 392 to run task
[2022-02-17 21:31:21,765] {standard_task_runner.py:76} INFO - Running: ['***', 'tasks', 'run', 'example_bash_operator', 'run_after_loop', 'scheduled__2022-02-16T00:00:00+00:00', '--job-id', '23', '--raw', '--subdir', '/home/***/.local/lib/python3.7/site-packages/***/example_dags/example_bash_operator.py', '--cfg-path', '/tmp/tmpjn8lpfgb', '--error-file', '/tmp/tmpr9b79azy']
[2022-02-17 21:31:21,768] {standard_task_runner.py:77} INFO - Job 23: Subtask run_after_loop
[2022-02-17 21:31:21,858] {logging_mixin.py:109} INFO - Running <TaskInstance: example_bash_operator.run_after_loop scheduled__2022-02-16T00:00:00+00:00 [running]> on host bd44ee7f0b09
[2022-02-17 21:31:21,950] {taskinstance.py:1426} INFO - Exporting the following env vars:
AIRFLOW_CTX_DAG_OWNER=***
AIRFLOW_CTX_DAG_ID=example_bash_operator
AIRFLOW_CTX_TASK_ID=run_after_loop
AIRFLOW_CTX_EXECUTION_DATE=2022-02-16T00:00:00+00:00
AIRFLOW_CTX_DAG_RUN_ID=scheduled__2022-02-16T00:00:00+00:00
[2022-02-17 21:31:21,951] {subprocess.py:62} INFO - Tmp dir root location: 
 /tmp
[2022-02-17 21:31:21,953] {subprocess.py:74} INFO - Running command: ['bash', '-c', 'echo 1']
[2022-02-17 21:31:21,967] {subprocess.py:85} INFO - Output:
[2022-02-17 21:31:21,970] {subprocess.py:89} INFO - 1
[2022-02-17 21:31:21,972] {subprocess.py:93} INFO - Command exited with return code 0
[2022-02-17 21:31:22,007] {taskinstance.py:1277} INFO - Marking task as SUCCESS. dag_id=example_bash_operator, task_id=run_after_loop, execution_date=20220216T000000, start_date=20220217T213121, end_date=20220217T213122
[2022-02-17 21:31:22,100] {local_task_job.py:154} INFO - Task exited with return code 0
[2022-02-17 21:31:22,137] {local_task_job.py:264} INFO - 0 downstream tasks scheduled from follow-on schedule check
