[2022-02-17 21:31:17,132] {taskinstance.py:1032} INFO - Dependencies all met for <TaskInstance: example_bash_operator.also_run_this scheduled__2022-02-16T00:00:00+00:00 [queued]>
[2022-02-17 21:31:17,350] {taskinstance.py:1032} INFO - Dependencies all met for <TaskInstance: example_bash_operator.also_run_this scheduled__2022-02-16T00:00:00+00:00 [queued]>
[2022-02-17 21:31:17,362] {taskinstance.py:1238} INFO - 
--------------------------------------------------------------------------------
[2022-02-17 21:31:17,363] {taskinstance.py:1239} INFO - Starting attempt 1 of 1
[2022-02-17 21:31:17,364] {taskinstance.py:1240} INFO - 
--------------------------------------------------------------------------------
[2022-02-17 21:31:17,534] {taskinstance.py:1259} INFO - Executing <Task(BashOperator): also_run_this> on 2022-02-16 00:00:00+00:00
[2022-02-17 21:31:17,565] {standard_task_runner.py:52} INFO - Started process 367 to run task
[2022-02-17 21:31:17,591] {standard_task_runner.py:76} INFO - Running: ['***', 'tasks', 'run', 'example_bash_operator', 'also_run_this', 'scheduled__2022-02-16T00:00:00+00:00', '--job-id', '17', '--raw', '--subdir', '/home/***/.local/lib/python3.7/site-packages/***/example_dags/example_bash_operator.py', '--cfg-path', '/tmp/tmpllhkkgp5', '--error-file', '/tmp/tmpda7w9n93']
[2022-02-17 21:31:17,597] {standard_task_runner.py:77} INFO - Job 17: Subtask also_run_this
[2022-02-17 21:31:18,420] {logging_mixin.py:109} INFO - Running <TaskInstance: example_bash_operator.also_run_this scheduled__2022-02-16T00:00:00+00:00 [running]> on host bd44ee7f0b09
[2022-02-17 21:31:18,981] {taskinstance.py:1426} INFO - Exporting the following env vars:
AIRFLOW_CTX_DAG_OWNER=***
AIRFLOW_CTX_DAG_ID=example_bash_operator
AIRFLOW_CTX_TASK_ID=also_run_this
AIRFLOW_CTX_EXECUTION_DATE=2022-02-16T00:00:00+00:00
AIRFLOW_CTX_DAG_RUN_ID=scheduled__2022-02-16T00:00:00+00:00
[2022-02-17 21:31:18,984] {subprocess.py:62} INFO - Tmp dir root location: 
 /tmp
[2022-02-17 21:31:18,992] {subprocess.py:74} INFO - Running command: ['bash', '-c', 'echo "run_id=scheduled__2022-02-16T00:00:00+00:00 | dag_run=<DagRun example_bash_operator @ 2022-02-16 00:00:00+00:00: scheduled__2022-02-16T00:00:00+00:00, externally triggered: False>"']
[2022-02-17 21:31:19,130] {subprocess.py:85} INFO - Output:
[2022-02-17 21:31:19,167] {subprocess.py:89} INFO - run_id=scheduled__2022-02-16T00:00:00+00:00 | dag_run=<DagRun example_bash_operator @ 2022-02-16 00:00:00+00:00: scheduled__2022-02-16T00:00:00+00:00, externally triggered: False>
[2022-02-17 21:31:19,169] {subprocess.py:93} INFO - Command exited with return code 0
[2022-02-17 21:31:19,318] {taskinstance.py:1277} INFO - Marking task as SUCCESS. dag_id=example_bash_operator, task_id=also_run_this, execution_date=20220216T000000, start_date=20220217T213117, end_date=20220217T213119
[2022-02-17 21:31:19,450] {local_task_job.py:154} INFO - Task exited with return code 0
[2022-02-17 21:31:19,581] {local_task_job.py:264} INFO - 0 downstream tasks scheduled from follow-on schedule check
