[2022-02-18 00:00:02,739] {taskinstance.py:1032} INFO - Dependencies all met for <TaskInstance: example_bash_operator.runme_0 scheduled__2022-02-17T00:00:00+00:00 [queued]>
[2022-02-18 00:00:03,061] {taskinstance.py:1032} INFO - Dependencies all met for <TaskInstance: example_bash_operator.runme_0 scheduled__2022-02-17T00:00:00+00:00 [queued]>
[2022-02-18 00:00:03,062] {taskinstance.py:1238} INFO - 
--------------------------------------------------------------------------------
[2022-02-18 00:00:03,063] {taskinstance.py:1239} INFO - Starting attempt 1 of 1
[2022-02-18 00:00:03,066] {taskinstance.py:1240} INFO - 
--------------------------------------------------------------------------------
[2022-02-18 00:00:03,330] {taskinstance.py:1259} INFO - Executing <Task(BashOperator): runme_0> on 2022-02-17 00:00:00+00:00
[2022-02-18 00:00:03,337] {standard_task_runner.py:52} INFO - Started process 6727 to run task
[2022-02-18 00:00:03,345] {standard_task_runner.py:76} INFO - Running: ['***', 'tasks', 'run', 'example_bash_operator', 'runme_0', 'scheduled__2022-02-17T00:00:00+00:00', '--job-id', '36', '--raw', '--subdir', '/home/***/.local/lib/python3.7/site-packages/***/example_dags/example_bash_operator.py', '--cfg-path', '/tmp/tmpieghyb7y', '--error-file', '/tmp/tmphqfbzl_6']
[2022-02-18 00:00:03,346] {standard_task_runner.py:77} INFO - Job 36: Subtask runme_0
[2022-02-18 00:00:03,411] {logging_mixin.py:109} INFO - Running <TaskInstance: example_bash_operator.runme_0 scheduled__2022-02-17T00:00:00+00:00 [running]> on host bd44ee7f0b09
[2022-02-18 00:00:03,607] {taskinstance.py:1426} INFO - Exporting the following env vars:
AIRFLOW_CTX_DAG_OWNER=***
AIRFLOW_CTX_DAG_ID=example_bash_operator
AIRFLOW_CTX_TASK_ID=runme_0
AIRFLOW_CTX_EXECUTION_DATE=2022-02-17T00:00:00+00:00
AIRFLOW_CTX_DAG_RUN_ID=scheduled__2022-02-17T00:00:00+00:00
[2022-02-18 00:00:03,610] {subprocess.py:62} INFO - Tmp dir root location: 
 /tmp
[2022-02-18 00:00:03,613] {subprocess.py:74} INFO - Running command: ['bash', '-c', 'echo "example_bash_operator__runme_0__20220217" && sleep 1']
[2022-02-18 00:00:03,753] {subprocess.py:85} INFO - Output:
[2022-02-18 00:00:03,794] {subprocess.py:89} INFO - example_bash_operator__runme_0__20220217
[2022-02-18 00:00:04,808] {subprocess.py:93} INFO - Command exited with return code 0
[2022-02-18 00:00:04,885] {taskinstance.py:1277} INFO - Marking task as SUCCESS. dag_id=example_bash_operator, task_id=runme_0, execution_date=20220217T000000, start_date=20220218T000002, end_date=20220218T000004
[2022-02-18 00:00:04,941] {local_task_job.py:154} INFO - Task exited with return code 0
[2022-02-18 00:00:05,029] {local_task_job.py:264} INFO - 0 downstream tasks scheduled from follow-on schedule check
