[2022-02-22 00:00:08,358] {processor.py:163} INFO - Started process (PID=1046) to work on /opt/airflow/dags/execute_bi_load.py
[2022-02-22 00:00:08,370] {processor.py:642} INFO - Processing file /opt/airflow/dags/execute_bi_load.py for tasks to queue
[2022-02-22 00:00:08,395] {logging_mixin.py:109} INFO - [2022-02-22 00:00:08,395] {dagbag.py:500} INFO - Filling up the DagBag from /opt/airflow/dags/execute_bi_load.py
[2022-02-22 00:00:09,282] {processor.py:654} INFO - DAG(s) dict_keys(['execute_bi_load']) retrieved from /opt/airflow/dags/execute_bi_load.py
[2022-02-22 00:00:09,441] {logging_mixin.py:109} INFO - [2022-02-22 00:00:09,440] {dag.py:2396} INFO - Sync 1 DAGs
[2022-02-22 00:00:09,639] {logging_mixin.py:109} INFO - [2022-02-22 00:00:09,639] {dag.py:2935} INFO - Setting next_dagrun for execute_bi_load to None
[2022-02-22 00:00:09,692] {processor.py:171} INFO - Processing /opt/airflow/dags/execute_bi_load.py took 1.393 seconds
[2022-02-22 00:00:40,040] {processor.py:163} INFO - Started process (PID=1087) to work on /opt/airflow/dags/execute_bi_load.py
[2022-02-22 00:00:40,048] {processor.py:642} INFO - Processing file /opt/airflow/dags/execute_bi_load.py for tasks to queue
[2022-02-22 00:00:40,055] {logging_mixin.py:109} INFO - [2022-02-22 00:00:40,055] {dagbag.py:500} INFO - Filling up the DagBag from /opt/airflow/dags/execute_bi_load.py
[2022-02-22 00:00:40,192] {processor.py:654} INFO - DAG(s) dict_keys(['execute_bi_load']) retrieved from /opt/airflow/dags/execute_bi_load.py
[2022-02-22 00:00:40,216] {logging_mixin.py:109} INFO - [2022-02-22 00:00:40,216] {dag.py:2396} INFO - Sync 1 DAGs
[2022-02-22 00:00:40,294] {logging_mixin.py:109} INFO - [2022-02-22 00:00:40,294] {dag.py:2935} INFO - Setting next_dagrun for execute_bi_load to None
[2022-02-22 00:00:40,318] {processor.py:171} INFO - Processing /opt/airflow/dags/execute_bi_load.py took 0.308 seconds
[2022-02-22 00:01:10,404] {processor.py:163} INFO - Started process (PID=1138) to work on /opt/airflow/dags/execute_bi_load.py
[2022-02-22 00:01:10,410] {processor.py:642} INFO - Processing file /opt/airflow/dags/execute_bi_load.py for tasks to queue
[2022-02-22 00:01:10,413] {logging_mixin.py:109} INFO - [2022-02-22 00:01:10,413] {dagbag.py:500} INFO - Filling up the DagBag from /opt/airflow/dags/execute_bi_load.py
[2022-02-22 00:01:10,473] {processor.py:654} INFO - DAG(s) dict_keys(['execute_bi_load']) retrieved from /opt/airflow/dags/execute_bi_load.py
[2022-02-22 00:01:10,485] {logging_mixin.py:109} INFO - [2022-02-22 00:01:10,484] {dag.py:2396} INFO - Sync 1 DAGs
[2022-02-22 00:01:10,502] {logging_mixin.py:109} INFO - [2022-02-22 00:01:10,502] {dag.py:2935} INFO - Setting next_dagrun for execute_bi_load to None
[2022-02-22 00:01:10,518] {processor.py:171} INFO - Processing /opt/airflow/dags/execute_bi_load.py took 0.126 seconds
[2022-02-22 00:01:40,908] {processor.py:163} INFO - Started process (PID=1188) to work on /opt/airflow/dags/execute_bi_load.py
[2022-02-22 00:01:40,911] {processor.py:642} INFO - Processing file /opt/airflow/dags/execute_bi_load.py for tasks to queue
[2022-02-22 00:01:40,916] {logging_mixin.py:109} INFO - [2022-02-22 00:01:40,915] {dagbag.py:500} INFO - Filling up the DagBag from /opt/airflow/dags/execute_bi_load.py
[2022-02-22 00:01:41,060] {processor.py:654} INFO - DAG(s) dict_keys(['execute_bi_load']) retrieved from /opt/airflow/dags/execute_bi_load.py
[2022-02-22 00:01:41,120] {logging_mixin.py:109} INFO - [2022-02-22 00:01:41,113] {dag.py:2396} INFO - Sync 1 DAGs
[2022-02-22 00:01:41,235] {logging_mixin.py:109} INFO - [2022-02-22 00:01:41,234] {dag.py:2935} INFO - Setting next_dagrun for execute_bi_load to None
[2022-02-22 00:01:41,311] {processor.py:171} INFO - Processing /opt/airflow/dags/execute_bi_load.py took 0.461 seconds
[2022-02-22 00:02:11,987] {processor.py:163} INFO - Started process (PID=1240) to work on /opt/airflow/dags/execute_bi_load.py
[2022-02-22 00:02:11,999] {processor.py:642} INFO - Processing file /opt/airflow/dags/execute_bi_load.py for tasks to queue
[2022-02-22 00:02:12,000] {logging_mixin.py:109} INFO - [2022-02-22 00:02:12,000] {dagbag.py:500} INFO - Filling up the DagBag from /opt/airflow/dags/execute_bi_load.py
[2022-02-22 00:02:12,111] {processor.py:654} INFO - DAG(s) dict_keys(['execute_bi_load']) retrieved from /opt/airflow/dags/execute_bi_load.py
[2022-02-22 00:02:12,143] {logging_mixin.py:109} INFO - [2022-02-22 00:02:12,143] {dag.py:2396} INFO - Sync 1 DAGs
[2022-02-22 00:02:12,215] {logging_mixin.py:109} INFO - [2022-02-22 00:02:12,215] {dag.py:2935} INFO - Setting next_dagrun for execute_bi_load to None
[2022-02-22 00:02:12,226] {processor.py:171} INFO - Processing /opt/airflow/dags/execute_bi_load.py took 0.244 seconds
[2022-02-22 00:02:42,276] {processor.py:163} INFO - Started process (PID=1291) to work on /opt/airflow/dags/execute_bi_load.py
[2022-02-22 00:02:42,280] {processor.py:642} INFO - Processing file /opt/airflow/dags/execute_bi_load.py for tasks to queue
[2022-02-22 00:02:42,283] {logging_mixin.py:109} INFO - [2022-02-22 00:02:42,283] {dagbag.py:500} INFO - Filling up the DagBag from /opt/airflow/dags/execute_bi_load.py
[2022-02-22 00:02:42,363] {processor.py:654} INFO - DAG(s) dict_keys(['execute_bi_load']) retrieved from /opt/airflow/dags/execute_bi_load.py
[2022-02-22 00:02:42,385] {logging_mixin.py:109} INFO - [2022-02-22 00:02:42,385] {dag.py:2396} INFO - Sync 1 DAGs
[2022-02-22 00:02:42,419] {logging_mixin.py:109} INFO - [2022-02-22 00:02:42,419] {dag.py:2935} INFO - Setting next_dagrun for execute_bi_load to None
[2022-02-22 00:02:42,439] {processor.py:171} INFO - Processing /opt/airflow/dags/execute_bi_load.py took 0.174 seconds
[2022-02-22 00:03:12,520] {processor.py:163} INFO - Started process (PID=1345) to work on /opt/airflow/dags/execute_bi_load.py
[2022-02-22 00:03:12,523] {processor.py:642} INFO - Processing file /opt/airflow/dags/execute_bi_load.py for tasks to queue
[2022-02-22 00:03:12,526] {logging_mixin.py:109} INFO - [2022-02-22 00:03:12,525] {dagbag.py:500} INFO - Filling up the DagBag from /opt/airflow/dags/execute_bi_load.py
[2022-02-22 00:03:12,581] {processor.py:654} INFO - DAG(s) dict_keys(['execute_bi_load']) retrieved from /opt/airflow/dags/execute_bi_load.py
[2022-02-22 00:03:12,601] {logging_mixin.py:109} INFO - [2022-02-22 00:03:12,601] {dag.py:2396} INFO - Sync 1 DAGs
[2022-02-22 00:03:12,626] {logging_mixin.py:109} INFO - [2022-02-22 00:03:12,626] {dag.py:2935} INFO - Setting next_dagrun for execute_bi_load to None
[2022-02-22 00:03:12,645] {processor.py:171} INFO - Processing /opt/airflow/dags/execute_bi_load.py took 0.133 seconds
[2022-02-22 00:03:43,451] {processor.py:163} INFO - Started process (PID=1384) to work on /opt/airflow/dags/execute_bi_load.py
[2022-02-22 00:03:43,464] {processor.py:642} INFO - Processing file /opt/airflow/dags/execute_bi_load.py for tasks to queue
[2022-02-22 00:03:43,486] {logging_mixin.py:109} INFO - [2022-02-22 00:03:43,486] {dagbag.py:500} INFO - Filling up the DagBag from /opt/airflow/dags/execute_bi_load.py
[2022-02-22 00:03:43,842] {processor.py:654} INFO - DAG(s) dict_keys(['execute_bi_load']) retrieved from /opt/airflow/dags/execute_bi_load.py
[2022-02-22 00:03:44,034] {logging_mixin.py:109} INFO - [2022-02-22 00:03:44,034] {dag.py:2396} INFO - Sync 1 DAGs
[2022-02-22 00:03:44,513] {logging_mixin.py:109} INFO - [2022-02-22 00:03:44,513] {dag.py:2935} INFO - Setting next_dagrun for execute_bi_load to None
[2022-02-22 00:03:44,671] {processor.py:171} INFO - Processing /opt/airflow/dags/execute_bi_load.py took 1.279 seconds
[2022-02-22 00:04:31,789] {processor.py:163} INFO - Started process (PID=1428) to work on /opt/airflow/dags/execute_bi_load.py
[2022-02-22 00:04:31,830] {processor.py:642} INFO - Processing file /opt/airflow/dags/execute_bi_load.py for tasks to queue
[2022-02-22 00:04:31,847] {logging_mixin.py:109} INFO - [2022-02-22 00:04:31,847] {dagbag.py:500} INFO - Filling up the DagBag from /opt/airflow/dags/execute_bi_load.py
[2022-02-22 00:04:32,621] {processor.py:654} INFO - DAG(s) dict_keys(['execute_bi_load']) retrieved from /opt/airflow/dags/execute_bi_load.py
[2022-02-22 00:04:33,107] {logging_mixin.py:109} INFO - [2022-02-22 00:04:33,094] {dag.py:2396} INFO - Sync 1 DAGs
[2022-02-22 00:04:33,688] {logging_mixin.py:109} INFO - [2022-02-22 00:04:33,687] {dag.py:2935} INFO - Setting next_dagrun for execute_bi_load to None
[2022-02-22 00:04:33,972] {processor.py:171} INFO - Processing /opt/airflow/dags/execute_bi_load.py took 2.230 seconds
[2022-02-22 00:09:10,156] {processor.py:163} INFO - Started process (PID=1449) to work on /opt/airflow/dags/execute_bi_load.py
[2022-02-22 00:09:10,179] {processor.py:642} INFO - Processing file /opt/airflow/dags/execute_bi_load.py for tasks to queue
[2022-02-22 00:09:10,205] {logging_mixin.py:109} INFO - [2022-02-22 00:09:10,205] {dagbag.py:500} INFO - Filling up the DagBag from /opt/airflow/dags/execute_bi_load.py
[2022-02-22 00:09:11,004] {processor.py:654} INFO - DAG(s) dict_keys(['execute_bi_load']) retrieved from /opt/airflow/dags/execute_bi_load.py
[2022-02-22 00:09:11,162] {logging_mixin.py:109} INFO - [2022-02-22 00:09:11,162] {dag.py:2396} INFO - Sync 1 DAGs
[2022-02-22 00:09:11,497] {logging_mixin.py:109} INFO - [2022-02-22 00:09:11,497] {dag.py:2935} INFO - Setting next_dagrun for execute_bi_load to None
[2022-02-22 00:09:11,615] {processor.py:171} INFO - Processing /opt/airflow/dags/execute_bi_load.py took 1.526 seconds
[2022-02-22 00:24:07,412] {processor.py:163} INFO - Started process (PID=1464) to work on /opt/airflow/dags/execute_bi_load.py
[2022-02-22 00:24:07,427] {processor.py:642} INFO - Processing file /opt/airflow/dags/execute_bi_load.py for tasks to queue
[2022-02-22 00:24:07,449] {logging_mixin.py:109} INFO - [2022-02-22 00:24:07,449] {dagbag.py:500} INFO - Filling up the DagBag from /opt/airflow/dags/execute_bi_load.py
[2022-02-22 00:24:07,911] {processor.py:654} INFO - DAG(s) dict_keys(['execute_bi_load']) retrieved from /opt/airflow/dags/execute_bi_load.py
[2022-02-22 00:24:08,034] {logging_mixin.py:109} INFO - [2022-02-22 00:24:08,028] {dag.py:2396} INFO - Sync 1 DAGs
[2022-02-22 00:24:08,257] {logging_mixin.py:109} INFO - [2022-02-22 00:24:08,257] {dag.py:2935} INFO - Setting next_dagrun for execute_bi_load to None
[2022-02-22 00:24:08,349] {processor.py:171} INFO - Processing /opt/airflow/dags/execute_bi_load.py took 1.008 seconds
[2022-02-22 00:39:09,088] {processor.py:163} INFO - Started process (PID=1479) to work on /opt/airflow/dags/execute_bi_load.py
[2022-02-22 00:39:09,121] {processor.py:642} INFO - Processing file /opt/airflow/dags/execute_bi_load.py for tasks to queue
[2022-02-22 00:39:09,136] {logging_mixin.py:109} INFO - [2022-02-22 00:39:09,136] {dagbag.py:500} INFO - Filling up the DagBag from /opt/airflow/dags/execute_bi_load.py
[2022-02-22 00:39:09,544] {processor.py:654} INFO - DAG(s) dict_keys(['execute_bi_load']) retrieved from /opt/airflow/dags/execute_bi_load.py
[2022-02-22 00:39:09,679] {logging_mixin.py:109} INFO - [2022-02-22 00:39:09,679] {dag.py:2396} INFO - Sync 1 DAGs
[2022-02-22 00:39:09,864] {logging_mixin.py:109} INFO - [2022-02-22 00:39:09,863] {dag.py:2935} INFO - Setting next_dagrun for execute_bi_load to None
[2022-02-22 00:39:09,961] {processor.py:171} INFO - Processing /opt/airflow/dags/execute_bi_load.py took 0.902 seconds
[2022-02-22 00:46:10,258] {processor.py:163} INFO - Started process (PID=1495) to work on /opt/airflow/dags/execute_bi_load.py
[2022-02-22 00:46:10,278] {processor.py:642} INFO - Processing file /opt/airflow/dags/execute_bi_load.py for tasks to queue
[2022-02-22 00:46:10,286] {logging_mixin.py:109} INFO - [2022-02-22 00:46:10,286] {dagbag.py:500} INFO - Filling up the DagBag from /opt/airflow/dags/execute_bi_load.py
[2022-02-22 00:46:10,733] {processor.py:654} INFO - DAG(s) dict_keys(['execute_bi_load']) retrieved from /opt/airflow/dags/execute_bi_load.py
[2022-02-22 00:46:10,795] {logging_mixin.py:109} INFO - [2022-02-22 00:46:10,795] {dag.py:2396} INFO - Sync 1 DAGs
[2022-02-22 00:46:11,050] {logging_mixin.py:109} INFO - [2022-02-22 00:46:11,050] {dag.py:2935} INFO - Setting next_dagrun for execute_bi_load to None
[2022-02-22 00:46:11,262] {processor.py:171} INFO - Processing /opt/airflow/dags/execute_bi_load.py took 1.043 seconds
[2022-02-22 02:47:20,054] {processor.py:163} INFO - Started process (PID=1502) to work on /opt/airflow/dags/execute_bi_load.py
[2022-02-22 02:47:20,109] {processor.py:642} INFO - Processing file /opt/airflow/dags/execute_bi_load.py for tasks to queue
[2022-02-22 02:47:20,157] {logging_mixin.py:109} INFO - [2022-02-22 02:47:20,156] {dagbag.py:500} INFO - Filling up the DagBag from /opt/airflow/dags/execute_bi_load.py
[2022-02-22 03:47:13,673] {processor.py:163} INFO - Started process (PID=1512) to work on /opt/airflow/dags/execute_bi_load.py
[2022-02-22 03:47:13,696] {processor.py:642} INFO - Processing file /opt/airflow/dags/execute_bi_load.py for tasks to queue
[2022-02-22 03:47:13,756] {logging_mixin.py:109} INFO - [2022-02-22 03:47:13,751] {dagbag.py:500} INFO - Filling up the DagBag from /opt/airflow/dags/execute_bi_load.py
[2022-02-22 03:47:16,689] {processor.py:654} INFO - DAG(s) dict_keys(['execute_bi_load']) retrieved from /opt/airflow/dags/execute_bi_load.py
[2022-02-22 03:47:17,072] {logging_mixin.py:109} INFO - [2022-02-22 03:47:17,071] {dag.py:2396} INFO - Sync 1 DAGs
[2022-02-22 03:47:17,378] {logging_mixin.py:109} INFO - [2022-02-22 03:47:17,371] {dag.py:2935} INFO - Setting next_dagrun for execute_bi_load to None
[2022-02-22 03:47:17,554] {processor.py:171} INFO - Processing /opt/airflow/dags/execute_bi_load.py took 3.964 seconds
[2022-02-22 03:47:51,886] {processor.py:163} INFO - Started process (PID=1566) to work on /opt/airflow/dags/execute_bi_load.py
[2022-02-22 03:47:51,890] {processor.py:642} INFO - Processing file /opt/airflow/dags/execute_bi_load.py for tasks to queue
[2022-02-22 03:47:51,898] {logging_mixin.py:109} INFO - [2022-02-22 03:47:51,898] {dagbag.py:500} INFO - Filling up the DagBag from /opt/airflow/dags/execute_bi_load.py
[2022-02-22 03:47:52,222] {processor.py:654} INFO - DAG(s) dict_keys(['execute_bi_load']) retrieved from /opt/airflow/dags/execute_bi_load.py
[2022-02-22 03:47:52,371] {logging_mixin.py:109} INFO - [2022-02-22 03:47:52,371] {dag.py:2396} INFO - Sync 1 DAGs
[2022-02-22 03:47:52,517] {logging_mixin.py:109} INFO - [2022-02-22 03:47:52,517] {dag.py:2935} INFO - Setting next_dagrun for execute_bi_load to None
[2022-02-22 03:47:52,576] {processor.py:171} INFO - Processing /opt/airflow/dags/execute_bi_load.py took 0.723 seconds
[2022-02-22 03:48:22,952] {processor.py:163} INFO - Started process (PID=1616) to work on /opt/airflow/dags/execute_bi_load.py
[2022-02-22 03:48:22,966] {processor.py:642} INFO - Processing file /opt/airflow/dags/execute_bi_load.py for tasks to queue
[2022-02-22 03:48:22,984] {logging_mixin.py:109} INFO - [2022-02-22 03:48:22,984] {dagbag.py:500} INFO - Filling up the DagBag from /opt/airflow/dags/execute_bi_load.py
[2022-02-22 03:48:23,198] {processor.py:654} INFO - DAG(s) dict_keys(['execute_bi_load']) retrieved from /opt/airflow/dags/execute_bi_load.py
[2022-02-22 03:48:23,241] {logging_mixin.py:109} INFO - [2022-02-22 03:48:23,241] {dag.py:2396} INFO - Sync 1 DAGs
[2022-02-22 03:48:23,299] {logging_mixin.py:109} INFO - [2022-02-22 03:48:23,299] {dag.py:2935} INFO - Setting next_dagrun for execute_bi_load to None
[2022-02-22 03:48:23,340] {processor.py:171} INFO - Processing /opt/airflow/dags/execute_bi_load.py took 0.414 seconds
[2022-02-22 03:48:53,602] {processor.py:163} INFO - Started process (PID=1669) to work on /opt/airflow/dags/execute_bi_load.py
[2022-02-22 03:48:53,613] {processor.py:642} INFO - Processing file /opt/airflow/dags/execute_bi_load.py for tasks to queue
[2022-02-22 03:48:53,617] {logging_mixin.py:109} INFO - [2022-02-22 03:48:53,616] {dagbag.py:500} INFO - Filling up the DagBag from /opt/airflow/dags/execute_bi_load.py
[2022-02-22 03:48:53,758] {processor.py:654} INFO - DAG(s) dict_keys(['execute_bi_load']) retrieved from /opt/airflow/dags/execute_bi_load.py
[2022-02-22 03:48:53,802] {logging_mixin.py:109} INFO - [2022-02-22 03:48:53,801] {dag.py:2396} INFO - Sync 1 DAGs
[2022-02-22 03:48:53,915] {logging_mixin.py:109} INFO - [2022-02-22 03:48:53,915] {dag.py:2935} INFO - Setting next_dagrun for execute_bi_load to None
[2022-02-22 03:48:53,981] {processor.py:171} INFO - Processing /opt/airflow/dags/execute_bi_load.py took 0.399 seconds
[2022-02-22 05:49:25,746] {processor.py:163} INFO - Started process (PID=1707) to work on /opt/airflow/dags/execute_bi_load.py
[2022-02-22 05:49:25,770] {processor.py:642} INFO - Processing file /opt/airflow/dags/execute_bi_load.py for tasks to queue
[2022-02-22 05:49:25,819] {logging_mixin.py:109} INFO - [2022-02-22 05:49:25,810] {dagbag.py:500} INFO - Filling up the DagBag from /opt/airflow/dags/execute_bi_load.py
[2022-02-22 05:49:26,644] {processor.py:654} INFO - DAG(s) dict_keys(['execute_bi_load']) retrieved from /opt/airflow/dags/execute_bi_load.py
[2022-02-22 05:49:26,730] {logging_mixin.py:109} INFO - [2022-02-22 05:49:26,730] {dag.py:2396} INFO - Sync 1 DAGs
[2022-02-22 05:49:27,100] {logging_mixin.py:109} INFO - [2022-02-22 05:49:27,100] {dag.py:2935} INFO - Setting next_dagrun for execute_bi_load to None
[2022-02-22 05:49:27,353] {processor.py:171} INFO - Processing /opt/airflow/dags/execute_bi_load.py took 1.739 seconds
[2022-02-22 07:49:50,174] {processor.py:163} INFO - Started process (PID=1725) to work on /opt/airflow/dags/execute_bi_load.py
[2022-02-22 07:49:50,199] {processor.py:642} INFO - Processing file /opt/airflow/dags/execute_bi_load.py for tasks to queue
[2022-02-22 07:49:50,219] {logging_mixin.py:109} INFO - [2022-02-22 07:49:50,219] {dagbag.py:500} INFO - Filling up the DagBag from /opt/airflow/dags/execute_bi_load.py
[2022-02-22 07:49:50,693] {processor.py:654} INFO - DAG(s) dict_keys(['execute_bi_load']) retrieved from /opt/airflow/dags/execute_bi_load.py
[2022-02-22 07:49:50,842] {logging_mixin.py:109} INFO - [2022-02-22 07:49:50,842] {dag.py:2396} INFO - Sync 1 DAGs
[2022-02-22 07:49:51,030] {logging_mixin.py:109} INFO - [2022-02-22 07:49:51,030] {dag.py:2935} INFO - Setting next_dagrun for execute_bi_load to None
[2022-02-22 07:49:51,135] {processor.py:171} INFO - Processing /opt/airflow/dags/execute_bi_load.py took 0.993 seconds
[2022-02-22 09:50:09,846] {processor.py:163} INFO - Started process (PID=1744) to work on /opt/airflow/dags/execute_bi_load.py
[2022-02-22 09:50:09,880] {processor.py:642} INFO - Processing file /opt/airflow/dags/execute_bi_load.py for tasks to queue
[2022-02-22 09:50:09,915] {logging_mixin.py:109} INFO - [2022-02-22 09:50:09,904] {dagbag.py:500} INFO - Filling up the DagBag from /opt/airflow/dags/execute_bi_load.py
[2022-02-22 09:50:10,687] {processor.py:654} INFO - DAG(s) dict_keys(['execute_bi_load']) retrieved from /opt/airflow/dags/execute_bi_load.py
[2022-02-22 09:50:10,864] {logging_mixin.py:109} INFO - [2022-02-22 09:50:10,864] {dag.py:2396} INFO - Sync 1 DAGs
[2022-02-22 09:50:11,093] {logging_mixin.py:109} INFO - [2022-02-22 09:50:11,093] {dag.py:2935} INFO - Setting next_dagrun for execute_bi_load to None
[2022-02-22 09:50:11,190] {processor.py:171} INFO - Processing /opt/airflow/dags/execute_bi_load.py took 1.413 seconds
[2022-02-22 13:01:56,198] {processor.py:163} INFO - Started process (PID=1774) to work on /opt/airflow/dags/execute_bi_load.py
[2022-02-22 13:01:56,233] {processor.py:642} INFO - Processing file /opt/airflow/dags/execute_bi_load.py for tasks to queue
[2022-02-22 13:01:56,322] {logging_mixin.py:109} INFO - [2022-02-22 13:01:56,275] {dagbag.py:500} INFO - Filling up the DagBag from /opt/airflow/dags/execute_bi_load.py
[2022-02-22 13:01:59,883] {processor.py:654} INFO - DAG(s) dict_keys(['execute_bi_load']) retrieved from /opt/airflow/dags/execute_bi_load.py
[2022-02-22 13:02:00,707] {logging_mixin.py:109} INFO - [2022-02-22 13:02:00,706] {dag.py:2396} INFO - Sync 1 DAGs
[2022-02-22 13:02:01,871] {logging_mixin.py:109} INFO - [2022-02-22 13:02:01,870] {dag.py:2935} INFO - Setting next_dagrun for execute_bi_load to None
[2022-02-22 13:02:02,379] {processor.py:171} INFO - Processing /opt/airflow/dags/execute_bi_load.py took 6.253 seconds
[2022-02-22 13:03:33,228] {processor.py:163} INFO - Started process (PID=1815) to work on /opt/airflow/dags/execute_bi_load.py
[2022-02-22 13:03:33,777] {processor.py:642} INFO - Processing file /opt/airflow/dags/execute_bi_load.py for tasks to queue
[2022-02-22 13:03:33,791] {logging_mixin.py:109} INFO - [2022-02-22 13:03:33,790] {dagbag.py:500} INFO - Filling up the DagBag from /opt/airflow/dags/execute_bi_load.py
[2022-02-22 13:03:36,802] {processor.py:654} INFO - DAG(s) dict_keys(['execute_bi_load']) retrieved from /opt/airflow/dags/execute_bi_load.py
[2022-02-22 13:03:39,769] {logging_mixin.py:109} INFO - [2022-02-22 13:03:39,769] {dag.py:2396} INFO - Sync 1 DAGs
[2022-02-22 13:03:41,391] {logging_mixin.py:109} INFO - [2022-02-22 13:03:41,391] {dag.py:2935} INFO - Setting next_dagrun for execute_bi_load to None
[2022-02-22 13:03:41,916] {processor.py:171} INFO - Processing /opt/airflow/dags/execute_bi_load.py took 9.000 seconds
[2022-02-22 13:06:00,215] {processor.py:163} INFO - Started process (PID=1909) to work on /opt/airflow/dags/execute_bi_load.py
[2022-02-22 13:06:00,221] {processor.py:642} INFO - Processing file /opt/airflow/dags/execute_bi_load.py for tasks to queue
[2022-02-22 13:06:00,253] {logging_mixin.py:109} INFO - [2022-02-22 13:06:00,253] {dagbag.py:500} INFO - Filling up the DagBag from /opt/airflow/dags/execute_bi_load.py
[2022-02-22 13:06:04,404] {processor.py:654} INFO - DAG(s) dict_keys(['execute_bi_load']) retrieved from /opt/airflow/dags/execute_bi_load.py
[2022-02-22 13:06:05,765] {logging_mixin.py:109} INFO - [2022-02-22 13:06:05,765] {dag.py:2396} INFO - Sync 1 DAGs
[2022-02-22 13:06:10,269] {logging_mixin.py:109} INFO - [2022-02-22 13:06:10,269] {dag.py:2935} INFO - Setting next_dagrun for execute_bi_load to None
[2022-02-22 13:06:10,993] {processor.py:171} INFO - Processing /opt/airflow/dags/execute_bi_load.py took 11.096 seconds
