[2022-02-22 00:00:11,198] {processor.py:163} INFO - Started process (PID=1051) to work on /home/airflow/.local/lib/python3.7/site-packages/airflow/example_dags/example_subdag_operator.py
[2022-02-22 00:00:11,230] {processor.py:642} INFO - Processing file /home/airflow/.local/lib/python3.7/site-packages/airflow/example_dags/example_subdag_operator.py for tasks to queue
[2022-02-22 00:00:11,248] {logging_mixin.py:109} INFO - [2022-02-22 00:00:11,248] {dagbag.py:500} INFO - Filling up the DagBag from /home/airflow/.local/lib/python3.7/site-packages/airflow/example_dags/example_subdag_operator.py
[2022-02-22 00:00:11,531] {processor.py:654} INFO - DAG(s) dict_keys(['example_subdag_operator.section-1', 'example_subdag_operator.section-2', 'example_subdag_operator']) retrieved from /home/airflow/.local/lib/python3.7/site-packages/airflow/example_dags/example_subdag_operator.py
[2022-02-22 00:00:14,514] {logging_mixin.py:109} INFO - [2022-02-22 00:00:14,514] {dag.py:2396} INFO - Sync 3 DAGs
[2022-02-22 00:00:14,665] {logging_mixin.py:109} INFO - [2022-02-22 00:00:14,665] {dag.py:2935} INFO - Setting next_dagrun for example_subdag_operator to 2022-02-20T00:00:00+00:00
[2022-02-22 00:00:14,669] {logging_mixin.py:109} INFO - [2022-02-22 00:00:14,669] {dag.py:2935} INFO - Setting next_dagrun for example_subdag_operator.section-1 to None
[2022-02-22 00:00:14,678] {logging_mixin.py:109} INFO - [2022-02-22 00:00:14,674] {dag.py:2935} INFO - Setting next_dagrun for example_subdag_operator.section-2 to None
[2022-02-22 00:00:14,792] {logging_mixin.py:109} INFO - [2022-02-22 00:00:14,792] {dag.py:2396} INFO - Sync 2 DAGs
[2022-02-22 00:00:14,941] {logging_mixin.py:109} INFO - [2022-02-22 00:00:14,941] {dag.py:2935} INFO - Setting next_dagrun for example_subdag_operator.section-1 to None
[2022-02-22 00:00:14,954] {logging_mixin.py:109} INFO - [2022-02-22 00:00:14,951] {dag.py:2935} INFO - Setting next_dagrun for example_subdag_operator.section-2 to None
[2022-02-22 00:00:15,132] {processor.py:171} INFO - Processing /home/airflow/.local/lib/python3.7/site-packages/airflow/example_dags/example_subdag_operator.py took 3.965 seconds
[2022-02-22 00:00:45,583] {processor.py:163} INFO - Started process (PID=1096) to work on /home/airflow/.local/lib/python3.7/site-packages/airflow/example_dags/example_subdag_operator.py
[2022-02-22 00:00:45,598] {processor.py:642} INFO - Processing file /home/airflow/.local/lib/python3.7/site-packages/airflow/example_dags/example_subdag_operator.py for tasks to queue
[2022-02-22 00:00:45,601] {logging_mixin.py:109} INFO - [2022-02-22 00:00:45,600] {dagbag.py:500} INFO - Filling up the DagBag from /home/airflow/.local/lib/python3.7/site-packages/airflow/example_dags/example_subdag_operator.py
[2022-02-22 00:00:45,714] {processor.py:654} INFO - DAG(s) dict_keys(['example_subdag_operator.section-1', 'example_subdag_operator.section-2', 'example_subdag_operator']) retrieved from /home/airflow/.local/lib/python3.7/site-packages/airflow/example_dags/example_subdag_operator.py
[2022-02-22 00:00:45,807] {logging_mixin.py:109} INFO - [2022-02-22 00:00:45,807] {dag.py:2396} INFO - Sync 3 DAGs
[2022-02-22 00:00:45,919] {logging_mixin.py:109} INFO - [2022-02-22 00:00:45,917] {dag.py:2935} INFO - Setting next_dagrun for example_subdag_operator to 2022-02-20T00:00:00+00:00
[2022-02-22 00:00:45,928] {logging_mixin.py:109} INFO - [2022-02-22 00:00:45,928] {dag.py:2935} INFO - Setting next_dagrun for example_subdag_operator.section-1 to None
[2022-02-22 00:00:45,931] {logging_mixin.py:109} INFO - [2022-02-22 00:00:45,931] {dag.py:2935} INFO - Setting next_dagrun for example_subdag_operator.section-2 to None
[2022-02-22 00:00:45,991] {logging_mixin.py:109} INFO - [2022-02-22 00:00:45,991] {dag.py:2396} INFO - Sync 2 DAGs
[2022-02-22 00:00:46,027] {logging_mixin.py:109} INFO - [2022-02-22 00:00:46,027] {dag.py:2935} INFO - Setting next_dagrun for example_subdag_operator.section-1 to None
[2022-02-22 00:00:46,029] {logging_mixin.py:109} INFO - [2022-02-22 00:00:46,029] {dag.py:2935} INFO - Setting next_dagrun for example_subdag_operator.section-2 to None
[2022-02-22 00:00:46,053] {processor.py:171} INFO - Processing /home/airflow/.local/lib/python3.7/site-packages/airflow/example_dags/example_subdag_operator.py took 0.493 seconds
[2022-02-22 00:01:16,554] {processor.py:163} INFO - Started process (PID=1150) to work on /home/airflow/.local/lib/python3.7/site-packages/airflow/example_dags/example_subdag_operator.py
[2022-02-22 00:01:16,559] {processor.py:642} INFO - Processing file /home/airflow/.local/lib/python3.7/site-packages/airflow/example_dags/example_subdag_operator.py for tasks to queue
[2022-02-22 00:01:16,565] {logging_mixin.py:109} INFO - [2022-02-22 00:01:16,564] {dagbag.py:500} INFO - Filling up the DagBag from /home/airflow/.local/lib/python3.7/site-packages/airflow/example_dags/example_subdag_operator.py
[2022-02-22 00:01:16,614] {processor.py:654} INFO - DAG(s) dict_keys(['example_subdag_operator.section-1', 'example_subdag_operator.section-2', 'example_subdag_operator']) retrieved from /home/airflow/.local/lib/python3.7/site-packages/airflow/example_dags/example_subdag_operator.py
[2022-02-22 00:01:16,632] {logging_mixin.py:109} INFO - [2022-02-22 00:01:16,632] {dag.py:2396} INFO - Sync 3 DAGs
[2022-02-22 00:01:16,667] {logging_mixin.py:109} INFO - [2022-02-22 00:01:16,666] {dag.py:2935} INFO - Setting next_dagrun for example_subdag_operator to 2022-02-20T00:00:00+00:00
[2022-02-22 00:01:16,668] {logging_mixin.py:109} INFO - [2022-02-22 00:01:16,668] {dag.py:2935} INFO - Setting next_dagrun for example_subdag_operator.section-1 to None
[2022-02-22 00:01:16,669] {logging_mixin.py:109} INFO - [2022-02-22 00:01:16,669] {dag.py:2935} INFO - Setting next_dagrun for example_subdag_operator.section-2 to None
[2022-02-22 00:01:16,677] {logging_mixin.py:109} INFO - [2022-02-22 00:01:16,677] {dag.py:2396} INFO - Sync 2 DAGs
[2022-02-22 00:01:16,688] {logging_mixin.py:109} INFO - [2022-02-22 00:01:16,688] {dag.py:2935} INFO - Setting next_dagrun for example_subdag_operator.section-1 to None
[2022-02-22 00:01:16,689] {logging_mixin.py:109} INFO - [2022-02-22 00:01:16,689] {dag.py:2935} INFO - Setting next_dagrun for example_subdag_operator.section-2 to None
[2022-02-22 00:01:16,699] {processor.py:171} INFO - Processing /home/airflow/.local/lib/python3.7/site-packages/airflow/example_dags/example_subdag_operator.py took 0.149 seconds
[2022-02-22 00:01:47,162] {processor.py:163} INFO - Started process (PID=1202) to work on /home/airflow/.local/lib/python3.7/site-packages/airflow/example_dags/example_subdag_operator.py
[2022-02-22 00:01:47,166] {processor.py:642} INFO - Processing file /home/airflow/.local/lib/python3.7/site-packages/airflow/example_dags/example_subdag_operator.py for tasks to queue
[2022-02-22 00:01:47,169] {logging_mixin.py:109} INFO - [2022-02-22 00:01:47,169] {dagbag.py:500} INFO - Filling up the DagBag from /home/airflow/.local/lib/python3.7/site-packages/airflow/example_dags/example_subdag_operator.py
[2022-02-22 00:01:47,230] {processor.py:654} INFO - DAG(s) dict_keys(['example_subdag_operator.section-1', 'example_subdag_operator.section-2', 'example_subdag_operator']) retrieved from /home/airflow/.local/lib/python3.7/site-packages/airflow/example_dags/example_subdag_operator.py
[2022-02-22 00:01:47,245] {logging_mixin.py:109} INFO - [2022-02-22 00:01:47,245] {dag.py:2396} INFO - Sync 3 DAGs
[2022-02-22 00:01:47,262] {logging_mixin.py:109} INFO - [2022-02-22 00:01:47,262] {dag.py:2935} INFO - Setting next_dagrun for example_subdag_operator to 2022-02-20T00:00:00+00:00
[2022-02-22 00:01:47,264] {logging_mixin.py:109} INFO - [2022-02-22 00:01:47,264] {dag.py:2935} INFO - Setting next_dagrun for example_subdag_operator.section-1 to None
[2022-02-22 00:01:47,266] {logging_mixin.py:109} INFO - [2022-02-22 00:01:47,266] {dag.py:2935} INFO - Setting next_dagrun for example_subdag_operator.section-2 to None
[2022-02-22 00:01:47,273] {logging_mixin.py:109} INFO - [2022-02-22 00:01:47,272] {dag.py:2396} INFO - Sync 2 DAGs
[2022-02-22 00:01:47,284] {logging_mixin.py:109} INFO - [2022-02-22 00:01:47,284] {dag.py:2935} INFO - Setting next_dagrun for example_subdag_operator.section-1 to None
[2022-02-22 00:01:47,287] {logging_mixin.py:109} INFO - [2022-02-22 00:01:47,286] {dag.py:2935} INFO - Setting next_dagrun for example_subdag_operator.section-2 to None
[2022-02-22 00:01:47,307] {processor.py:171} INFO - Processing /home/airflow/.local/lib/python3.7/site-packages/airflow/example_dags/example_subdag_operator.py took 0.155 seconds
[2022-02-22 00:02:17,794] {processor.py:163} INFO - Started process (PID=1254) to work on /home/airflow/.local/lib/python3.7/site-packages/airflow/example_dags/example_subdag_operator.py
[2022-02-22 00:02:17,798] {processor.py:642} INFO - Processing file /home/airflow/.local/lib/python3.7/site-packages/airflow/example_dags/example_subdag_operator.py for tasks to queue
[2022-02-22 00:02:17,802] {logging_mixin.py:109} INFO - [2022-02-22 00:02:17,802] {dagbag.py:500} INFO - Filling up the DagBag from /home/airflow/.local/lib/python3.7/site-packages/airflow/example_dags/example_subdag_operator.py
[2022-02-22 00:02:17,939] {processor.py:654} INFO - DAG(s) dict_keys(['example_subdag_operator.section-1', 'example_subdag_operator.section-2', 'example_subdag_operator']) retrieved from /home/airflow/.local/lib/python3.7/site-packages/airflow/example_dags/example_subdag_operator.py
[2022-02-22 00:02:17,986] {logging_mixin.py:109} INFO - [2022-02-22 00:02:17,986] {dag.py:2396} INFO - Sync 3 DAGs
[2022-02-22 00:02:18,144] {logging_mixin.py:109} INFO - [2022-02-22 00:02:18,143] {dag.py:2935} INFO - Setting next_dagrun for example_subdag_operator to 2022-02-20T00:00:00+00:00
[2022-02-22 00:02:18,148] {logging_mixin.py:109} INFO - [2022-02-22 00:02:18,148] {dag.py:2935} INFO - Setting next_dagrun for example_subdag_operator.section-1 to None
[2022-02-22 00:02:18,153] {logging_mixin.py:109} INFO - [2022-02-22 00:02:18,153] {dag.py:2935} INFO - Setting next_dagrun for example_subdag_operator.section-2 to None
[2022-02-22 00:02:18,173] {logging_mixin.py:109} INFO - [2022-02-22 00:02:18,173] {dag.py:2396} INFO - Sync 2 DAGs
[2022-02-22 00:02:18,211] {logging_mixin.py:109} INFO - [2022-02-22 00:02:18,211] {dag.py:2935} INFO - Setting next_dagrun for example_subdag_operator.section-1 to None
[2022-02-22 00:02:18,213] {logging_mixin.py:109} INFO - [2022-02-22 00:02:18,213] {dag.py:2935} INFO - Setting next_dagrun for example_subdag_operator.section-2 to None
[2022-02-22 00:02:18,228] {processor.py:171} INFO - Processing /home/airflow/.local/lib/python3.7/site-packages/airflow/example_dags/example_subdag_operator.py took 0.439 seconds
[2022-02-22 00:02:48,397] {processor.py:163} INFO - Started process (PID=1309) to work on /home/airflow/.local/lib/python3.7/site-packages/airflow/example_dags/example_subdag_operator.py
[2022-02-22 00:02:48,406] {processor.py:642} INFO - Processing file /home/airflow/.local/lib/python3.7/site-packages/airflow/example_dags/example_subdag_operator.py for tasks to queue
[2022-02-22 00:02:48,436] {logging_mixin.py:109} INFO - [2022-02-22 00:02:48,436] {dagbag.py:500} INFO - Filling up the DagBag from /home/airflow/.local/lib/python3.7/site-packages/airflow/example_dags/example_subdag_operator.py
[2022-02-22 00:02:48,642] {processor.py:654} INFO - DAG(s) dict_keys(['example_subdag_operator.section-1', 'example_subdag_operator.section-2', 'example_subdag_operator']) retrieved from /home/airflow/.local/lib/python3.7/site-packages/airflow/example_dags/example_subdag_operator.py
[2022-02-22 00:02:48,700] {logging_mixin.py:109} INFO - [2022-02-22 00:02:48,700] {dag.py:2396} INFO - Sync 3 DAGs
[2022-02-22 00:02:48,777] {logging_mixin.py:109} INFO - [2022-02-22 00:02:48,776] {dag.py:2935} INFO - Setting next_dagrun for example_subdag_operator to 2022-02-20T00:00:00+00:00
[2022-02-22 00:02:48,781] {logging_mixin.py:109} INFO - [2022-02-22 00:02:48,780] {dag.py:2935} INFO - Setting next_dagrun for example_subdag_operator.section-1 to None
[2022-02-22 00:02:48,785] {logging_mixin.py:109} INFO - [2022-02-22 00:02:48,785] {dag.py:2935} INFO - Setting next_dagrun for example_subdag_operator.section-2 to None
[2022-02-22 00:02:48,806] {logging_mixin.py:109} INFO - [2022-02-22 00:02:48,806] {dag.py:2396} INFO - Sync 2 DAGs
[2022-02-22 00:02:48,910] {logging_mixin.py:109} INFO - [2022-02-22 00:02:48,910] {dag.py:2935} INFO - Setting next_dagrun for example_subdag_operator.section-1 to None
[2022-02-22 00:02:48,923] {logging_mixin.py:109} INFO - [2022-02-22 00:02:48,923] {dag.py:2935} INFO - Setting next_dagrun for example_subdag_operator.section-2 to None
[2022-02-22 00:02:49,054] {processor.py:171} INFO - Processing /home/airflow/.local/lib/python3.7/site-packages/airflow/example_dags/example_subdag_operator.py took 0.673 seconds
[2022-02-22 00:03:19,959] {processor.py:163} INFO - Started process (PID=1363) to work on /home/airflow/.local/lib/python3.7/site-packages/airflow/example_dags/example_subdag_operator.py
[2022-02-22 00:03:19,966] {processor.py:642} INFO - Processing file /home/airflow/.local/lib/python3.7/site-packages/airflow/example_dags/example_subdag_operator.py for tasks to queue
[2022-02-22 00:03:19,973] {logging_mixin.py:109} INFO - [2022-02-22 00:03:19,971] {dagbag.py:500} INFO - Filling up the DagBag from /home/airflow/.local/lib/python3.7/site-packages/airflow/example_dags/example_subdag_operator.py
[2022-02-22 00:03:20,068] {processor.py:654} INFO - DAG(s) dict_keys(['example_subdag_operator.section-1', 'example_subdag_operator.section-2', 'example_subdag_operator']) retrieved from /home/airflow/.local/lib/python3.7/site-packages/airflow/example_dags/example_subdag_operator.py
[2022-02-22 00:03:20,139] {logging_mixin.py:109} INFO - [2022-02-22 00:03:20,138] {dag.py:2396} INFO - Sync 3 DAGs
[2022-02-22 00:03:20,185] {logging_mixin.py:109} INFO - [2022-02-22 00:03:20,184] {dag.py:2935} INFO - Setting next_dagrun for example_subdag_operator to 2022-02-20T00:00:00+00:00
[2022-02-22 00:03:20,188] {logging_mixin.py:109} INFO - [2022-02-22 00:03:20,187] {dag.py:2935} INFO - Setting next_dagrun for example_subdag_operator.section-1 to None
[2022-02-22 00:03:20,191] {logging_mixin.py:109} INFO - [2022-02-22 00:03:20,191] {dag.py:2935} INFO - Setting next_dagrun for example_subdag_operator.section-2 to None
[2022-02-22 00:03:20,210] {logging_mixin.py:109} INFO - [2022-02-22 00:03:20,210] {dag.py:2396} INFO - Sync 2 DAGs
[2022-02-22 00:03:20,229] {logging_mixin.py:109} INFO - [2022-02-22 00:03:20,229] {dag.py:2935} INFO - Setting next_dagrun for example_subdag_operator.section-1 to None
[2022-02-22 00:03:20,232] {logging_mixin.py:109} INFO - [2022-02-22 00:03:20,231] {dag.py:2935} INFO - Setting next_dagrun for example_subdag_operator.section-2 to None
[2022-02-22 00:03:20,249] {processor.py:171} INFO - Processing /home/airflow/.local/lib/python3.7/site-packages/airflow/example_dags/example_subdag_operator.py took 0.303 seconds
[2022-02-22 00:03:53,095] {processor.py:163} INFO - Started process (PID=1417) to work on /home/airflow/.local/lib/python3.7/site-packages/airflow/example_dags/example_subdag_operator.py
[2022-02-22 00:03:53,099] {processor.py:642} INFO - Processing file /home/airflow/.local/lib/python3.7/site-packages/airflow/example_dags/example_subdag_operator.py for tasks to queue
[2022-02-22 00:03:53,103] {logging_mixin.py:109} INFO - [2022-02-22 00:03:53,103] {dagbag.py:500} INFO - Filling up the DagBag from /home/airflow/.local/lib/python3.7/site-packages/airflow/example_dags/example_subdag_operator.py
[2022-02-22 00:03:53,305] {processor.py:654} INFO - DAG(s) dict_keys(['example_subdag_operator.section-1', 'example_subdag_operator.section-2', 'example_subdag_operator']) retrieved from /home/airflow/.local/lib/python3.7/site-packages/airflow/example_dags/example_subdag_operator.py
[2022-02-22 00:03:53,355] {logging_mixin.py:109} INFO - [2022-02-22 00:03:53,355] {dag.py:2396} INFO - Sync 3 DAGs
[2022-02-22 00:03:53,409] {logging_mixin.py:109} INFO - [2022-02-22 00:03:53,408] {dag.py:2935} INFO - Setting next_dagrun for example_subdag_operator to 2022-02-20T00:00:00+00:00
[2022-02-22 00:03:53,412] {logging_mixin.py:109} INFO - [2022-02-22 00:03:53,411] {dag.py:2935} INFO - Setting next_dagrun for example_subdag_operator.section-1 to None
[2022-02-22 00:03:53,414] {logging_mixin.py:109} INFO - [2022-02-22 00:03:53,414] {dag.py:2935} INFO - Setting next_dagrun for example_subdag_operator.section-2 to None
[2022-02-22 00:03:53,437] {logging_mixin.py:109} INFO - [2022-02-22 00:03:53,437] {dag.py:2396} INFO - Sync 2 DAGs
[2022-02-22 00:03:53,472] {logging_mixin.py:109} INFO - [2022-02-22 00:03:53,471] {dag.py:2935} INFO - Setting next_dagrun for example_subdag_operator.section-1 to None
[2022-02-22 00:03:53,473] {logging_mixin.py:109} INFO - [2022-02-22 00:03:53,473] {dag.py:2935} INFO - Setting next_dagrun for example_subdag_operator.section-2 to None
[2022-02-22 00:03:53,488] {processor.py:171} INFO - Processing /home/airflow/.local/lib/python3.7/site-packages/airflow/example_dags/example_subdag_operator.py took 0.397 seconds
[2022-02-22 03:47:50,031] {processor.py:163} INFO - Started process (PID=1563) to work on /home/airflow/.local/lib/python3.7/site-packages/airflow/example_dags/example_subdag_operator.py
[2022-02-22 03:47:50,040] {processor.py:642} INFO - Processing file /home/airflow/.local/lib/python3.7/site-packages/airflow/example_dags/example_subdag_operator.py for tasks to queue
[2022-02-22 03:47:50,050] {logging_mixin.py:109} INFO - [2022-02-22 03:47:50,050] {dagbag.py:500} INFO - Filling up the DagBag from /home/airflow/.local/lib/python3.7/site-packages/airflow/example_dags/example_subdag_operator.py
[2022-02-22 03:47:50,364] {processor.py:654} INFO - DAG(s) dict_keys(['example_subdag_operator.section-1', 'example_subdag_operator.section-2', 'example_subdag_operator']) retrieved from /home/airflow/.local/lib/python3.7/site-packages/airflow/example_dags/example_subdag_operator.py
[2022-02-22 03:47:50,469] {logging_mixin.py:109} INFO - [2022-02-22 03:47:50,469] {dag.py:2396} INFO - Sync 3 DAGs
[2022-02-22 03:47:50,611] {logging_mixin.py:109} INFO - [2022-02-22 03:47:50,611] {dag.py:2935} INFO - Setting next_dagrun for example_subdag_operator to 2022-02-20T00:00:00+00:00
[2022-02-22 03:47:50,619] {logging_mixin.py:109} INFO - [2022-02-22 03:47:50,619] {dag.py:2935} INFO - Setting next_dagrun for example_subdag_operator.section-1 to None
[2022-02-22 03:47:50,620] {logging_mixin.py:109} INFO - [2022-02-22 03:47:50,620] {dag.py:2935} INFO - Setting next_dagrun for example_subdag_operator.section-2 to None
[2022-02-22 03:47:50,680] {logging_mixin.py:109} INFO - [2022-02-22 03:47:50,680] {dag.py:2396} INFO - Sync 2 DAGs
[2022-02-22 03:47:50,764] {logging_mixin.py:109} INFO - [2022-02-22 03:47:50,764] {dag.py:2935} INFO - Setting next_dagrun for example_subdag_operator.section-1 to None
[2022-02-22 03:47:50,769] {logging_mixin.py:109} INFO - [2022-02-22 03:47:50,769] {dag.py:2935} INFO - Setting next_dagrun for example_subdag_operator.section-2 to None
[2022-02-22 03:47:50,835] {processor.py:171} INFO - Processing /home/airflow/.local/lib/python3.7/site-packages/airflow/example_dags/example_subdag_operator.py took 0.828 seconds
[2022-02-22 03:48:21,430] {processor.py:163} INFO - Started process (PID=1613) to work on /home/airflow/.local/lib/python3.7/site-packages/airflow/example_dags/example_subdag_operator.py
[2022-02-22 03:48:21,432] {processor.py:642} INFO - Processing file /home/airflow/.local/lib/python3.7/site-packages/airflow/example_dags/example_subdag_operator.py for tasks to queue
[2022-02-22 03:48:21,438] {logging_mixin.py:109} INFO - [2022-02-22 03:48:21,438] {dagbag.py:500} INFO - Filling up the DagBag from /home/airflow/.local/lib/python3.7/site-packages/airflow/example_dags/example_subdag_operator.py
[2022-02-22 03:48:21,635] {processor.py:654} INFO - DAG(s) dict_keys(['example_subdag_operator.section-1', 'example_subdag_operator.section-2', 'example_subdag_operator']) retrieved from /home/airflow/.local/lib/python3.7/site-packages/airflow/example_dags/example_subdag_operator.py
[2022-02-22 03:48:21,777] {logging_mixin.py:109} INFO - [2022-02-22 03:48:21,777] {dag.py:2396} INFO - Sync 3 DAGs
[2022-02-22 03:48:21,880] {logging_mixin.py:109} INFO - [2022-02-22 03:48:21,880] {dag.py:2935} INFO - Setting next_dagrun for example_subdag_operator to 2022-02-20T00:00:00+00:00
[2022-02-22 03:48:21,888] {logging_mixin.py:109} INFO - [2022-02-22 03:48:21,888] {dag.py:2935} INFO - Setting next_dagrun for example_subdag_operator.section-1 to None
[2022-02-22 03:48:21,896] {logging_mixin.py:109} INFO - [2022-02-22 03:48:21,894] {dag.py:2935} INFO - Setting next_dagrun for example_subdag_operator.section-2 to None
[2022-02-22 03:48:21,927] {logging_mixin.py:109} INFO - [2022-02-22 03:48:21,927] {dag.py:2396} INFO - Sync 2 DAGs
[2022-02-22 03:48:21,972] {logging_mixin.py:109} INFO - [2022-02-22 03:48:21,972] {dag.py:2935} INFO - Setting next_dagrun for example_subdag_operator.section-1 to None
[2022-02-22 03:48:21,975] {logging_mixin.py:109} INFO - [2022-02-22 03:48:21,974] {dag.py:2935} INFO - Setting next_dagrun for example_subdag_operator.section-2 to None
[2022-02-22 03:48:22,003] {processor.py:171} INFO - Processing /home/airflow/.local/lib/python3.7/site-packages/airflow/example_dags/example_subdag_operator.py took 0.593 seconds
[2022-02-22 03:48:53,046] {processor.py:163} INFO - Started process (PID=1666) to work on /home/airflow/.local/lib/python3.7/site-packages/airflow/example_dags/example_subdag_operator.py
[2022-02-22 03:48:53,055] {processor.py:642} INFO - Processing file /home/airflow/.local/lib/python3.7/site-packages/airflow/example_dags/example_subdag_operator.py for tasks to queue
[2022-02-22 03:48:53,068] {logging_mixin.py:109} INFO - [2022-02-22 03:48:53,063] {dagbag.py:500} INFO - Filling up the DagBag from /home/airflow/.local/lib/python3.7/site-packages/airflow/example_dags/example_subdag_operator.py
[2022-02-22 03:48:53,250] {processor.py:654} INFO - DAG(s) dict_keys(['example_subdag_operator.section-1', 'example_subdag_operator.section-2', 'example_subdag_operator']) retrieved from /home/airflow/.local/lib/python3.7/site-packages/airflow/example_dags/example_subdag_operator.py
[2022-02-22 03:48:53,361] {logging_mixin.py:109} INFO - [2022-02-22 03:48:53,361] {dag.py:2396} INFO - Sync 3 DAGs
[2022-02-22 03:48:53,457] {logging_mixin.py:109} INFO - [2022-02-22 03:48:53,457] {dag.py:2935} INFO - Setting next_dagrun for example_subdag_operator to 2022-02-20T00:00:00+00:00
[2022-02-22 03:48:53,468] {logging_mixin.py:109} INFO - [2022-02-22 03:48:53,468] {dag.py:2935} INFO - Setting next_dagrun for example_subdag_operator.section-1 to None
[2022-02-22 03:48:53,500] {logging_mixin.py:109} INFO - [2022-02-22 03:48:53,500] {dag.py:2935} INFO - Setting next_dagrun for example_subdag_operator.section-2 to None
[2022-02-22 03:48:53,547] {logging_mixin.py:109} INFO - [2022-02-22 03:48:53,547] {dag.py:2396} INFO - Sync 2 DAGs
[2022-02-22 03:48:53,614] {logging_mixin.py:109} INFO - [2022-02-22 03:48:53,613] {dag.py:2935} INFO - Setting next_dagrun for example_subdag_operator.section-1 to None
[2022-02-22 03:48:53,618] {logging_mixin.py:109} INFO - [2022-02-22 03:48:53,617] {dag.py:2935} INFO - Setting next_dagrun for example_subdag_operator.section-2 to None
[2022-02-22 03:48:53,657] {processor.py:171} INFO - Processing /home/airflow/.local/lib/python3.7/site-packages/airflow/example_dags/example_subdag_operator.py took 0.635 seconds
