[2022-02-22 00:00:22,101] {processor.py:163} INFO - Started process (PID=1058) to work on /home/airflow/.local/lib/python3.7/site-packages/airflow/example_dags/example_dag_decorator.py
[2022-02-22 00:00:22,145] {processor.py:642} INFO - Processing file /home/airflow/.local/lib/python3.7/site-packages/airflow/example_dags/example_dag_decorator.py for tasks to queue
[2022-02-22 00:00:22,155] {logging_mixin.py:109} INFO - [2022-02-22 00:00:22,153] {dagbag.py:500} INFO - Filling up the DagBag from /home/airflow/.local/lib/python3.7/site-packages/airflow/example_dags/example_dag_decorator.py
[2022-02-22 00:00:22,459] {processor.py:654} INFO - DAG(s) dict_keys(['example_dag_decorator']) retrieved from /home/airflow/.local/lib/python3.7/site-packages/airflow/example_dags/example_dag_decorator.py
[2022-02-22 00:00:26,851] {logging_mixin.py:109} INFO - [2022-02-22 00:00:26,851] {dag.py:2396} INFO - Sync 1 DAGs
[2022-02-22 00:00:26,971] {logging_mixin.py:109} INFO - [2022-02-22 00:00:26,971] {dag.py:2935} INFO - Setting next_dagrun for example_dag_decorator to None
[2022-02-22 00:00:27,165] {processor.py:171} INFO - Processing /home/airflow/.local/lib/python3.7/site-packages/airflow/example_dags/example_dag_decorator.py took 5.170 seconds
[2022-02-22 00:00:57,702] {processor.py:163} INFO - Started process (PID=1111) to work on /home/airflow/.local/lib/python3.7/site-packages/airflow/example_dags/example_dag_decorator.py
[2022-02-22 00:00:57,705] {processor.py:642} INFO - Processing file /home/airflow/.local/lib/python3.7/site-packages/airflow/example_dags/example_dag_decorator.py for tasks to queue
[2022-02-22 00:00:57,707] {logging_mixin.py:109} INFO - [2022-02-22 00:00:57,707] {dagbag.py:500} INFO - Filling up the DagBag from /home/airflow/.local/lib/python3.7/site-packages/airflow/example_dags/example_dag_decorator.py
[2022-02-22 00:00:57,771] {processor.py:654} INFO - DAG(s) dict_keys(['example_dag_decorator']) retrieved from /home/airflow/.local/lib/python3.7/site-packages/airflow/example_dags/example_dag_decorator.py
[2022-02-22 00:00:58,005] {logging_mixin.py:109} INFO - [2022-02-22 00:00:58,004] {dag.py:2396} INFO - Sync 1 DAGs
[2022-02-22 00:00:58,021] {logging_mixin.py:109} INFO - [2022-02-22 00:00:58,021] {dag.py:2935} INFO - Setting next_dagrun for example_dag_decorator to None
[2022-02-22 00:00:58,039] {processor.py:171} INFO - Processing /home/airflow/.local/lib/python3.7/site-packages/airflow/example_dags/example_dag_decorator.py took 0.342 seconds
[2022-02-22 00:01:28,275] {processor.py:163} INFO - Started process (PID=1165) to work on /home/airflow/.local/lib/python3.7/site-packages/airflow/example_dags/example_dag_decorator.py
[2022-02-22 00:01:28,278] {processor.py:642} INFO - Processing file /home/airflow/.local/lib/python3.7/site-packages/airflow/example_dags/example_dag_decorator.py for tasks to queue
[2022-02-22 00:01:28,284] {logging_mixin.py:109} INFO - [2022-02-22 00:01:28,284] {dagbag.py:500} INFO - Filling up the DagBag from /home/airflow/.local/lib/python3.7/site-packages/airflow/example_dags/example_dag_decorator.py
[2022-02-22 00:01:28,336] {processor.py:654} INFO - DAG(s) dict_keys(['example_dag_decorator']) retrieved from /home/airflow/.local/lib/python3.7/site-packages/airflow/example_dags/example_dag_decorator.py
[2022-02-22 00:01:28,551] {logging_mixin.py:109} INFO - [2022-02-22 00:01:28,551] {dag.py:2396} INFO - Sync 1 DAGs
[2022-02-22 00:01:28,567] {logging_mixin.py:109} INFO - [2022-02-22 00:01:28,567] {dag.py:2935} INFO - Setting next_dagrun for example_dag_decorator to None
[2022-02-22 00:01:28,580] {processor.py:171} INFO - Processing /home/airflow/.local/lib/python3.7/site-packages/airflow/example_dags/example_dag_decorator.py took 0.312 seconds
[2022-02-22 00:01:58,802] {processor.py:163} INFO - Started process (PID=1216) to work on /home/airflow/.local/lib/python3.7/site-packages/airflow/example_dags/example_dag_decorator.py
[2022-02-22 00:01:58,805] {processor.py:642} INFO - Processing file /home/airflow/.local/lib/python3.7/site-packages/airflow/example_dags/example_dag_decorator.py for tasks to queue
[2022-02-22 00:01:58,808] {logging_mixin.py:109} INFO - [2022-02-22 00:01:58,807] {dagbag.py:500} INFO - Filling up the DagBag from /home/airflow/.local/lib/python3.7/site-packages/airflow/example_dags/example_dag_decorator.py
[2022-02-22 00:01:58,872] {processor.py:654} INFO - DAG(s) dict_keys(['example_dag_decorator']) retrieved from /home/airflow/.local/lib/python3.7/site-packages/airflow/example_dags/example_dag_decorator.py
[2022-02-22 00:01:59,245] {logging_mixin.py:109} INFO - [2022-02-22 00:01:59,245] {dag.py:2396} INFO - Sync 1 DAGs
[2022-02-22 00:01:59,265] {logging_mixin.py:109} INFO - [2022-02-22 00:01:59,265] {dag.py:2935} INFO - Setting next_dagrun for example_dag_decorator to None
[2022-02-22 00:01:59,282] {processor.py:171} INFO - Processing /home/airflow/.local/lib/python3.7/site-packages/airflow/example_dags/example_dag_decorator.py took 0.499 seconds
[2022-02-22 00:02:29,372] {processor.py:163} INFO - Started process (PID=1269) to work on /home/airflow/.local/lib/python3.7/site-packages/airflow/example_dags/example_dag_decorator.py
[2022-02-22 00:02:29,377] {processor.py:642} INFO - Processing file /home/airflow/.local/lib/python3.7/site-packages/airflow/example_dags/example_dag_decorator.py for tasks to queue
[2022-02-22 00:02:29,379] {logging_mixin.py:109} INFO - [2022-02-22 00:02:29,379] {dagbag.py:500} INFO - Filling up the DagBag from /home/airflow/.local/lib/python3.7/site-packages/airflow/example_dags/example_dag_decorator.py
[2022-02-22 00:02:29,446] {processor.py:654} INFO - DAG(s) dict_keys(['example_dag_decorator']) retrieved from /home/airflow/.local/lib/python3.7/site-packages/airflow/example_dags/example_dag_decorator.py
[2022-02-22 00:02:29,687] {logging_mixin.py:109} INFO - [2022-02-22 00:02:29,687] {dag.py:2396} INFO - Sync 1 DAGs
[2022-02-22 00:02:29,703] {logging_mixin.py:109} INFO - [2022-02-22 00:02:29,703] {dag.py:2935} INFO - Setting next_dagrun for example_dag_decorator to None
[2022-02-22 00:02:29,720] {processor.py:171} INFO - Processing /home/airflow/.local/lib/python3.7/site-packages/airflow/example_dags/example_dag_decorator.py took 0.357 seconds
[2022-02-22 00:03:00,188] {processor.py:163} INFO - Started process (PID=1324) to work on /home/airflow/.local/lib/python3.7/site-packages/airflow/example_dags/example_dag_decorator.py
[2022-02-22 00:03:00,192] {processor.py:642} INFO - Processing file /home/airflow/.local/lib/python3.7/site-packages/airflow/example_dags/example_dag_decorator.py for tasks to queue
[2022-02-22 00:03:00,194] {logging_mixin.py:109} INFO - [2022-02-22 00:03:00,194] {dagbag.py:500} INFO - Filling up the DagBag from /home/airflow/.local/lib/python3.7/site-packages/airflow/example_dags/example_dag_decorator.py
[2022-02-22 00:03:00,249] {processor.py:654} INFO - DAG(s) dict_keys(['example_dag_decorator']) retrieved from /home/airflow/.local/lib/python3.7/site-packages/airflow/example_dags/example_dag_decorator.py
[2022-02-22 00:03:00,267] {logging_mixin.py:109} INFO - [2022-02-22 00:03:00,267] {dag.py:2396} INFO - Sync 1 DAGs
[2022-02-22 00:03:00,289] {logging_mixin.py:109} INFO - [2022-02-22 00:03:00,289] {dag.py:2935} INFO - Setting next_dagrun for example_dag_decorator to None
[2022-02-22 00:03:00,303] {processor.py:171} INFO - Processing /home/airflow/.local/lib/python3.7/site-packages/airflow/example_dags/example_dag_decorator.py took 0.119 seconds
[2022-02-22 00:03:42,146] {processor.py:163} INFO - Started process (PID=1382) to work on /home/airflow/.local/lib/python3.7/site-packages/airflow/example_dags/example_dag_decorator.py
[2022-02-22 00:03:42,160] {processor.py:642} INFO - Processing file /home/airflow/.local/lib/python3.7/site-packages/airflow/example_dags/example_dag_decorator.py for tasks to queue
[2022-02-22 00:03:42,179] {logging_mixin.py:109} INFO - [2022-02-22 00:03:42,172] {dagbag.py:500} INFO - Filling up the DagBag from /home/airflow/.local/lib/python3.7/site-packages/airflow/example_dags/example_dag_decorator.py
[2022-02-22 00:03:42,286] {processor.py:654} INFO - DAG(s) dict_keys(['example_dag_decorator']) retrieved from /home/airflow/.local/lib/python3.7/site-packages/airflow/example_dags/example_dag_decorator.py
[2022-02-22 00:03:42,992] {logging_mixin.py:109} INFO - [2022-02-22 00:03:42,992] {dag.py:2396} INFO - Sync 1 DAGs
[2022-02-22 00:03:43,062] {logging_mixin.py:109} INFO - [2022-02-22 00:03:43,062] {dag.py:2935} INFO - Setting next_dagrun for example_dag_decorator to None
[2022-02-22 00:03:43,097] {processor.py:171} INFO - Processing /home/airflow/.local/lib/python3.7/site-packages/airflow/example_dags/example_dag_decorator.py took 0.963 seconds
[2022-02-22 03:47:44,960] {processor.py:163} INFO - Started process (PID=1557) to work on /home/airflow/.local/lib/python3.7/site-packages/airflow/example_dags/example_dag_decorator.py
[2022-02-22 03:47:44,988] {processor.py:642} INFO - Processing file /home/airflow/.local/lib/python3.7/site-packages/airflow/example_dags/example_dag_decorator.py for tasks to queue
[2022-02-22 03:47:45,001] {logging_mixin.py:109} INFO - [2022-02-22 03:47:45,001] {dagbag.py:500} INFO - Filling up the DagBag from /home/airflow/.local/lib/python3.7/site-packages/airflow/example_dags/example_dag_decorator.py
[2022-02-22 03:47:45,387] {processor.py:654} INFO - DAG(s) dict_keys(['example_dag_decorator']) retrieved from /home/airflow/.local/lib/python3.7/site-packages/airflow/example_dags/example_dag_decorator.py
[2022-02-22 03:47:49,486] {logging_mixin.py:109} INFO - [2022-02-22 03:47:49,486] {dag.py:2396} INFO - Sync 1 DAGs
[2022-02-22 03:47:49,647] {logging_mixin.py:109} INFO - [2022-02-22 03:47:49,647] {dag.py:2935} INFO - Setting next_dagrun for example_dag_decorator to None
[2022-02-22 03:47:49,747] {processor.py:171} INFO - Processing /home/airflow/.local/lib/python3.7/site-packages/airflow/example_dags/example_dag_decorator.py took 4.820 seconds
[2022-02-22 03:48:20,436] {processor.py:163} INFO - Started process (PID=1610) to work on /home/airflow/.local/lib/python3.7/site-packages/airflow/example_dags/example_dag_decorator.py
[2022-02-22 03:48:20,446] {processor.py:642} INFO - Processing file /home/airflow/.local/lib/python3.7/site-packages/airflow/example_dags/example_dag_decorator.py for tasks to queue
[2022-02-22 03:48:20,466] {logging_mixin.py:109} INFO - [2022-02-22 03:48:20,466] {dagbag.py:500} INFO - Filling up the DagBag from /home/airflow/.local/lib/python3.7/site-packages/airflow/example_dags/example_dag_decorator.py
[2022-02-22 03:48:20,723] {processor.py:654} INFO - DAG(s) dict_keys(['example_dag_decorator']) retrieved from /home/airflow/.local/lib/python3.7/site-packages/airflow/example_dags/example_dag_decorator.py
[2022-02-22 03:48:23,051] {logging_mixin.py:109} INFO - [2022-02-22 03:48:23,051] {dag.py:2396} INFO - Sync 1 DAGs
[2022-02-22 03:48:23,082] {logging_mixin.py:109} INFO - [2022-02-22 03:48:23,082] {dag.py:2935} INFO - Setting next_dagrun for example_dag_decorator to None
[2022-02-22 03:48:23,136] {processor.py:171} INFO - Processing /home/airflow/.local/lib/python3.7/site-packages/airflow/example_dags/example_dag_decorator.py took 2.736 seconds
[2022-02-22 03:48:53,756] {processor.py:163} INFO - Started process (PID=1670) to work on /home/airflow/.local/lib/python3.7/site-packages/airflow/example_dags/example_dag_decorator.py
[2022-02-22 03:48:53,763] {processor.py:642} INFO - Processing file /home/airflow/.local/lib/python3.7/site-packages/airflow/example_dags/example_dag_decorator.py for tasks to queue
[2022-02-22 03:48:53,767] {logging_mixin.py:109} INFO - [2022-02-22 03:48:53,766] {dagbag.py:500} INFO - Filling up the DagBag from /home/airflow/.local/lib/python3.7/site-packages/airflow/example_dags/example_dag_decorator.py
[2022-02-22 03:48:53,968] {processor.py:654} INFO - DAG(s) dict_keys(['example_dag_decorator']) retrieved from /home/airflow/.local/lib/python3.7/site-packages/airflow/example_dags/example_dag_decorator.py
[2022-02-22 03:48:54,851] {logging_mixin.py:109} INFO - [2022-02-22 03:48:54,851] {dag.py:2396} INFO - Sync 1 DAGs
[2022-02-22 03:48:54,866] {logging_mixin.py:109} INFO - [2022-02-22 03:48:54,866] {dag.py:2935} INFO - Setting next_dagrun for example_dag_decorator to None
[2022-02-22 03:48:54,882] {processor.py:171} INFO - Processing /home/airflow/.local/lib/python3.7/site-packages/airflow/example_dags/example_dag_decorator.py took 1.138 seconds
