[2022-02-22 00:00:34,432] {processor.py:163} INFO - Started process (PID=1073) to work on /home/airflow/.local/lib/python3.7/site-packages/airflow/example_dags/example_trigger_target_dag.py
[2022-02-22 00:00:34,435] {processor.py:642} INFO - Processing file /home/airflow/.local/lib/python3.7/site-packages/airflow/example_dags/example_trigger_target_dag.py for tasks to queue
[2022-02-22 00:00:34,437] {logging_mixin.py:109} INFO - [2022-02-22 00:00:34,437] {dagbag.py:500} INFO - Filling up the DagBag from /home/airflow/.local/lib/python3.7/site-packages/airflow/example_dags/example_trigger_target_dag.py
[2022-02-22 00:00:34,659] {processor.py:654} INFO - DAG(s) dict_keys(['example_trigger_target_dag']) retrieved from /home/airflow/.local/lib/python3.7/site-packages/airflow/example_dags/example_trigger_target_dag.py
[2022-02-22 00:00:34,772] {logging_mixin.py:109} INFO - [2022-02-22 00:00:34,772] {dag.py:2396} INFO - Sync 1 DAGs
[2022-02-22 00:00:34,992] {logging_mixin.py:109} INFO - [2022-02-22 00:00:34,992] {dag.py:2935} INFO - Setting next_dagrun for example_trigger_target_dag to None
[2022-02-22 00:00:35,078] {processor.py:171} INFO - Processing /home/airflow/.local/lib/python3.7/site-packages/airflow/example_dags/example_trigger_target_dag.py took 0.696 seconds
[2022-02-22 00:01:05,439] {processor.py:163} INFO - Started process (PID=1127) to work on /home/airflow/.local/lib/python3.7/site-packages/airflow/example_dags/example_trigger_target_dag.py
[2022-02-22 00:01:05,451] {processor.py:642} INFO - Processing file /home/airflow/.local/lib/python3.7/site-packages/airflow/example_dags/example_trigger_target_dag.py for tasks to queue
[2022-02-22 00:01:05,461] {logging_mixin.py:109} INFO - [2022-02-22 00:01:05,459] {dagbag.py:500} INFO - Filling up the DagBag from /home/airflow/.local/lib/python3.7/site-packages/airflow/example_dags/example_trigger_target_dag.py
[2022-02-22 00:01:05,615] {processor.py:654} INFO - DAG(s) dict_keys(['example_trigger_target_dag']) retrieved from /home/airflow/.local/lib/python3.7/site-packages/airflow/example_dags/example_trigger_target_dag.py
[2022-02-22 00:01:05,655] {logging_mixin.py:109} INFO - [2022-02-22 00:01:05,655] {dag.py:2396} INFO - Sync 1 DAGs
[2022-02-22 00:01:05,720] {logging_mixin.py:109} INFO - [2022-02-22 00:01:05,720] {dag.py:2935} INFO - Setting next_dagrun for example_trigger_target_dag to None
[2022-02-22 00:01:05,757] {processor.py:171} INFO - Processing /home/airflow/.local/lib/python3.7/site-packages/airflow/example_dags/example_trigger_target_dag.py took 0.338 seconds
[2022-02-22 00:01:36,148] {processor.py:163} INFO - Started process (PID=1176) to work on /home/airflow/.local/lib/python3.7/site-packages/airflow/example_dags/example_trigger_target_dag.py
[2022-02-22 00:01:36,151] {processor.py:642} INFO - Processing file /home/airflow/.local/lib/python3.7/site-packages/airflow/example_dags/example_trigger_target_dag.py for tasks to queue
[2022-02-22 00:01:36,156] {logging_mixin.py:109} INFO - [2022-02-22 00:01:36,156] {dagbag.py:500} INFO - Filling up the DagBag from /home/airflow/.local/lib/python3.7/site-packages/airflow/example_dags/example_trigger_target_dag.py
[2022-02-22 00:01:36,327] {processor.py:654} INFO - DAG(s) dict_keys(['example_trigger_target_dag']) retrieved from /home/airflow/.local/lib/python3.7/site-packages/airflow/example_dags/example_trigger_target_dag.py
[2022-02-22 00:01:36,394] {logging_mixin.py:109} INFO - [2022-02-22 00:01:36,394] {dag.py:2396} INFO - Sync 1 DAGs
[2022-02-22 00:01:36,479] {logging_mixin.py:109} INFO - [2022-02-22 00:01:36,479] {dag.py:2935} INFO - Setting next_dagrun for example_trigger_target_dag to None
[2022-02-22 00:01:36,531] {processor.py:171} INFO - Processing /home/airflow/.local/lib/python3.7/site-packages/airflow/example_dags/example_trigger_target_dag.py took 0.394 seconds
[2022-02-22 00:02:06,738] {processor.py:163} INFO - Started process (PID=1221) to work on /home/airflow/.local/lib/python3.7/site-packages/airflow/example_dags/example_trigger_target_dag.py
[2022-02-22 00:02:06,745] {processor.py:642} INFO - Processing file /home/airflow/.local/lib/python3.7/site-packages/airflow/example_dags/example_trigger_target_dag.py for tasks to queue
[2022-02-22 00:02:06,749] {logging_mixin.py:109} INFO - [2022-02-22 00:02:06,748] {dagbag.py:500} INFO - Filling up the DagBag from /home/airflow/.local/lib/python3.7/site-packages/airflow/example_dags/example_trigger_target_dag.py
[2022-02-22 00:02:06,816] {processor.py:654} INFO - DAG(s) dict_keys(['example_trigger_target_dag']) retrieved from /home/airflow/.local/lib/python3.7/site-packages/airflow/example_dags/example_trigger_target_dag.py
[2022-02-22 00:02:06,835] {logging_mixin.py:109} INFO - [2022-02-22 00:02:06,835] {dag.py:2396} INFO - Sync 1 DAGs
[2022-02-22 00:02:06,864] {logging_mixin.py:109} INFO - [2022-02-22 00:02:06,864] {dag.py:2935} INFO - Setting next_dagrun for example_trigger_target_dag to None
[2022-02-22 00:02:06,883] {processor.py:171} INFO - Processing /home/airflow/.local/lib/python3.7/site-packages/airflow/example_dags/example_trigger_target_dag.py took 0.157 seconds
[2022-02-22 00:02:37,360] {processor.py:163} INFO - Started process (PID=1274) to work on /home/airflow/.local/lib/python3.7/site-packages/airflow/example_dags/example_trigger_target_dag.py
[2022-02-22 00:02:37,366] {processor.py:642} INFO - Processing file /home/airflow/.local/lib/python3.7/site-packages/airflow/example_dags/example_trigger_target_dag.py for tasks to queue
[2022-02-22 00:02:37,375] {logging_mixin.py:109} INFO - [2022-02-22 00:02:37,374] {dagbag.py:500} INFO - Filling up the DagBag from /home/airflow/.local/lib/python3.7/site-packages/airflow/example_dags/example_trigger_target_dag.py
[2022-02-22 00:02:37,454] {processor.py:654} INFO - DAG(s) dict_keys(['example_trigger_target_dag']) retrieved from /home/airflow/.local/lib/python3.7/site-packages/airflow/example_dags/example_trigger_target_dag.py
[2022-02-22 00:02:37,467] {logging_mixin.py:109} INFO - [2022-02-22 00:02:37,467] {dag.py:2396} INFO - Sync 1 DAGs
[2022-02-22 00:02:37,482] {logging_mixin.py:109} INFO - [2022-02-22 00:02:37,482] {dag.py:2935} INFO - Setting next_dagrun for example_trigger_target_dag to None
[2022-02-22 00:02:37,492] {processor.py:171} INFO - Processing /home/airflow/.local/lib/python3.7/site-packages/airflow/example_dags/example_trigger_target_dag.py took 0.155 seconds
[2022-02-22 00:03:07,815] {processor.py:163} INFO - Started process (PID=1329) to work on /home/airflow/.local/lib/python3.7/site-packages/airflow/example_dags/example_trigger_target_dag.py
[2022-02-22 00:03:07,818] {processor.py:642} INFO - Processing file /home/airflow/.local/lib/python3.7/site-packages/airflow/example_dags/example_trigger_target_dag.py for tasks to queue
[2022-02-22 00:03:07,822] {logging_mixin.py:109} INFO - [2022-02-22 00:03:07,822] {dagbag.py:500} INFO - Filling up the DagBag from /home/airflow/.local/lib/python3.7/site-packages/airflow/example_dags/example_trigger_target_dag.py
[2022-02-22 00:03:07,910] {processor.py:654} INFO - DAG(s) dict_keys(['example_trigger_target_dag']) retrieved from /home/airflow/.local/lib/python3.7/site-packages/airflow/example_dags/example_trigger_target_dag.py
[2022-02-22 00:03:07,965] {logging_mixin.py:109} INFO - [2022-02-22 00:03:07,965] {dag.py:2396} INFO - Sync 1 DAGs
[2022-02-22 00:03:08,007] {logging_mixin.py:109} INFO - [2022-02-22 00:03:08,006] {dag.py:2935} INFO - Setting next_dagrun for example_trigger_target_dag to None
[2022-02-22 00:03:08,044] {processor.py:171} INFO - Processing /home/airflow/.local/lib/python3.7/site-packages/airflow/example_dags/example_trigger_target_dag.py took 0.237 seconds
[2022-02-22 00:03:41,694] {processor.py:163} INFO - Started process (PID=1380) to work on /home/airflow/.local/lib/python3.7/site-packages/airflow/example_dags/example_trigger_target_dag.py
[2022-02-22 00:03:41,700] {processor.py:642} INFO - Processing file /home/airflow/.local/lib/python3.7/site-packages/airflow/example_dags/example_trigger_target_dag.py for tasks to queue
[2022-02-22 00:03:41,703] {logging_mixin.py:109} INFO - [2022-02-22 00:03:41,703] {dagbag.py:500} INFO - Filling up the DagBag from /home/airflow/.local/lib/python3.7/site-packages/airflow/example_dags/example_trigger_target_dag.py
[2022-02-22 00:03:41,853] {processor.py:654} INFO - DAG(s) dict_keys(['example_trigger_target_dag']) retrieved from /home/airflow/.local/lib/python3.7/site-packages/airflow/example_dags/example_trigger_target_dag.py
[2022-02-22 00:03:41,893] {logging_mixin.py:109} INFO - [2022-02-22 00:03:41,893] {dag.py:2396} INFO - Sync 1 DAGs
[2022-02-22 00:03:41,969] {logging_mixin.py:109} INFO - [2022-02-22 00:03:41,969] {dag.py:2935} INFO - Setting next_dagrun for example_trigger_target_dag to None
[2022-02-22 00:03:42,007] {processor.py:171} INFO - Processing /home/airflow/.local/lib/python3.7/site-packages/airflow/example_dags/example_trigger_target_dag.py took 0.333 seconds
[2022-02-22 00:39:34,809] {processor.py:163} INFO - Started process (PID=1489) to work on /home/airflow/.local/lib/python3.7/site-packages/airflow/example_dags/example_trigger_target_dag.py
[2022-02-22 00:39:34,815] {processor.py:642} INFO - Processing file /home/airflow/.local/lib/python3.7/site-packages/airflow/example_dags/example_trigger_target_dag.py for tasks to queue
[2022-02-22 00:39:34,824] {logging_mixin.py:109} INFO - [2022-02-22 00:39:34,824] {dagbag.py:500} INFO - Filling up the DagBag from /home/airflow/.local/lib/python3.7/site-packages/airflow/example_dags/example_trigger_target_dag.py
[2022-02-22 00:39:35,240] {processor.py:654} INFO - DAG(s) dict_keys(['example_trigger_target_dag']) retrieved from /home/airflow/.local/lib/python3.7/site-packages/airflow/example_dags/example_trigger_target_dag.py
[2022-02-22 00:39:35,474] {logging_mixin.py:109} INFO - [2022-02-22 00:39:35,473] {dag.py:2396} INFO - Sync 1 DAGs
[2022-02-22 00:39:36,099] {logging_mixin.py:109} INFO - [2022-02-22 00:39:36,099] {dag.py:2935} INFO - Setting next_dagrun for example_trigger_target_dag to None
[2022-02-22 00:39:36,187] {processor.py:171} INFO - Processing /home/airflow/.local/lib/python3.7/site-packages/airflow/example_dags/example_trigger_target_dag.py took 1.521 seconds
[2022-02-22 03:47:29,742] {processor.py:163} INFO - Started process (PID=1531) to work on /home/airflow/.local/lib/python3.7/site-packages/airflow/example_dags/example_trigger_target_dag.py
[2022-02-22 03:47:29,770] {processor.py:642} INFO - Processing file /home/airflow/.local/lib/python3.7/site-packages/airflow/example_dags/example_trigger_target_dag.py for tasks to queue
[2022-02-22 03:47:29,802] {logging_mixin.py:109} INFO - [2022-02-22 03:47:29,802] {dagbag.py:500} INFO - Filling up the DagBag from /home/airflow/.local/lib/python3.7/site-packages/airflow/example_dags/example_trigger_target_dag.py
[2022-02-22 03:47:30,226] {processor.py:654} INFO - DAG(s) dict_keys(['example_trigger_target_dag']) retrieved from /home/airflow/.local/lib/python3.7/site-packages/airflow/example_dags/example_trigger_target_dag.py
[2022-02-22 03:47:30,393] {logging_mixin.py:109} INFO - [2022-02-22 03:47:30,393] {dag.py:2396} INFO - Sync 1 DAGs
[2022-02-22 03:47:30,612] {logging_mixin.py:109} INFO - [2022-02-22 03:47:30,601] {dag.py:2935} INFO - Setting next_dagrun for example_trigger_target_dag to None
[2022-02-22 03:47:30,706] {processor.py:171} INFO - Processing /home/airflow/.local/lib/python3.7/site-packages/airflow/example_dags/example_trigger_target_dag.py took 1.021 seconds
[2022-02-22 03:48:04,720] {processor.py:163} INFO - Started process (PID=1583) to work on /home/airflow/.local/lib/python3.7/site-packages/airflow/example_dags/example_trigger_target_dag.py
[2022-02-22 03:48:04,738] {processor.py:642} INFO - Processing file /home/airflow/.local/lib/python3.7/site-packages/airflow/example_dags/example_trigger_target_dag.py for tasks to queue
[2022-02-22 03:48:04,756] {logging_mixin.py:109} INFO - [2022-02-22 03:48:04,756] {dagbag.py:500} INFO - Filling up the DagBag from /home/airflow/.local/lib/python3.7/site-packages/airflow/example_dags/example_trigger_target_dag.py
[2022-02-22 03:48:05,134] {processor.py:654} INFO - DAG(s) dict_keys(['example_trigger_target_dag']) retrieved from /home/airflow/.local/lib/python3.7/site-packages/airflow/example_dags/example_trigger_target_dag.py
[2022-02-22 03:48:05,500] {logging_mixin.py:109} INFO - [2022-02-22 03:48:05,495] {dag.py:2396} INFO - Sync 1 DAGs
[2022-02-22 03:48:06,305] {logging_mixin.py:109} INFO - [2022-02-22 03:48:06,305] {dag.py:2935} INFO - Setting next_dagrun for example_trigger_target_dag to None
[2022-02-22 03:48:06,596] {processor.py:171} INFO - Processing /home/airflow/.local/lib/python3.7/site-packages/airflow/example_dags/example_trigger_target_dag.py took 1.949 seconds
[2022-02-22 03:48:37,512] {processor.py:163} INFO - Started process (PID=1635) to work on /home/airflow/.local/lib/python3.7/site-packages/airflow/example_dags/example_trigger_target_dag.py
[2022-02-22 03:48:37,526] {processor.py:642} INFO - Processing file /home/airflow/.local/lib/python3.7/site-packages/airflow/example_dags/example_trigger_target_dag.py for tasks to queue
[2022-02-22 03:48:37,528] {logging_mixin.py:109} INFO - [2022-02-22 03:48:37,528] {dagbag.py:500} INFO - Filling up the DagBag from /home/airflow/.local/lib/python3.7/site-packages/airflow/example_dags/example_trigger_target_dag.py
[2022-02-22 03:48:37,601] {processor.py:654} INFO - DAG(s) dict_keys(['example_trigger_target_dag']) retrieved from /home/airflow/.local/lib/python3.7/site-packages/airflow/example_dags/example_trigger_target_dag.py
[2022-02-22 03:48:37,632] {logging_mixin.py:109} INFO - [2022-02-22 03:48:37,632] {dag.py:2396} INFO - Sync 1 DAGs
[2022-02-22 03:48:37,653] {logging_mixin.py:109} INFO - [2022-02-22 03:48:37,653] {dag.py:2935} INFO - Setting next_dagrun for example_trigger_target_dag to None
[2022-02-22 03:48:37,668] {processor.py:171} INFO - Processing /home/airflow/.local/lib/python3.7/site-packages/airflow/example_dags/example_trigger_target_dag.py took 0.171 seconds
[2022-02-22 03:49:08,302] {processor.py:163} INFO - Started process (PID=1687) to work on /home/airflow/.local/lib/python3.7/site-packages/airflow/example_dags/example_trigger_target_dag.py
[2022-02-22 03:49:08,309] {processor.py:642} INFO - Processing file /home/airflow/.local/lib/python3.7/site-packages/airflow/example_dags/example_trigger_target_dag.py for tasks to queue
[2022-02-22 03:49:08,312] {logging_mixin.py:109} INFO - [2022-02-22 03:49:08,312] {dagbag.py:500} INFO - Filling up the DagBag from /home/airflow/.local/lib/python3.7/site-packages/airflow/example_dags/example_trigger_target_dag.py
[2022-02-22 03:49:08,371] {processor.py:654} INFO - DAG(s) dict_keys(['example_trigger_target_dag']) retrieved from /home/airflow/.local/lib/python3.7/site-packages/airflow/example_dags/example_trigger_target_dag.py
[2022-02-22 03:49:08,393] {logging_mixin.py:109} INFO - [2022-02-22 03:49:08,393] {dag.py:2396} INFO - Sync 1 DAGs
[2022-02-22 03:49:08,429] {logging_mixin.py:109} INFO - [2022-02-22 03:49:08,429] {dag.py:2935} INFO - Setting next_dagrun for example_trigger_target_dag to None
[2022-02-22 03:49:08,445] {processor.py:171} INFO - Processing /home/airflow/.local/lib/python3.7/site-packages/airflow/example_dags/example_trigger_target_dag.py took 0.162 seconds
[2022-02-22 07:49:56,739] {processor.py:163} INFO - Started process (PID=1733) to work on /home/airflow/.local/lib/python3.7/site-packages/airflow/example_dags/example_trigger_target_dag.py
[2022-02-22 07:49:56,742] {processor.py:642} INFO - Processing file /home/airflow/.local/lib/python3.7/site-packages/airflow/example_dags/example_trigger_target_dag.py for tasks to queue
[2022-02-22 07:49:56,748] {logging_mixin.py:109} INFO - [2022-02-22 07:49:56,748] {dagbag.py:500} INFO - Filling up the DagBag from /home/airflow/.local/lib/python3.7/site-packages/airflow/example_dags/example_trigger_target_dag.py
[2022-02-22 09:50:06,053] {processor.py:654} INFO - DAG(s) dict_keys(['example_trigger_target_dag']) retrieved from /home/airflow/.local/lib/python3.7/site-packages/airflow/example_dags/example_trigger_target_dag.py
[2022-02-22 09:50:06,642] {logging_mixin.py:109} INFO - [2022-02-22 09:50:06,642] {dag.py:2396} INFO - Sync 1 DAGs
[2022-02-22 09:50:07,095] {logging_mixin.py:109} INFO - [2022-02-22 09:50:07,095] {dag.py:2935} INFO - Setting next_dagrun for example_trigger_target_dag to None
[2022-02-22 13:04:36,412] {processor.py:163} INFO - Started process (PID=1862) to work on /home/airflow/.local/lib/python3.7/site-packages/airflow/example_dags/example_trigger_target_dag.py
[2022-02-22 13:04:36,613] {processor.py:642} INFO - Processing file /home/airflow/.local/lib/python3.7/site-packages/airflow/example_dags/example_trigger_target_dag.py for tasks to queue
[2022-02-22 13:04:36,657] {logging_mixin.py:109} INFO - [2022-02-22 13:04:36,657] {dagbag.py:500} INFO - Filling up the DagBag from /home/airflow/.local/lib/python3.7/site-packages/airflow/example_dags/example_trigger_target_dag.py
[2022-02-22 13:04:38,727] {processor.py:654} INFO - DAG(s) dict_keys(['example_trigger_target_dag']) retrieved from /home/airflow/.local/lib/python3.7/site-packages/airflow/example_dags/example_trigger_target_dag.py
[2022-02-22 13:04:39,290] {logging_mixin.py:109} INFO - [2022-02-22 13:04:39,273] {dag.py:2396} INFO - Sync 1 DAGs
[2022-02-22 13:04:40,350] {logging_mixin.py:109} INFO - [2022-02-22 13:04:40,350] {dag.py:2935} INFO - Setting next_dagrun for example_trigger_target_dag to None
[2022-02-22 13:04:42,898] {processor.py:171} INFO - Processing /home/airflow/.local/lib/python3.7/site-packages/airflow/example_dags/example_trigger_target_dag.py took 6.591 seconds
