[2022-02-22 00:00:35,921] {processor.py:163} INFO - Started process (PID=1076) to work on /home/airflow/.local/lib/python3.7/site-packages/airflow/example_dags/example_branch_day_of_week_operator.py
[2022-02-22 00:00:35,941] {processor.py:642} INFO - Processing file /home/airflow/.local/lib/python3.7/site-packages/airflow/example_dags/example_branch_day_of_week_operator.py for tasks to queue
[2022-02-22 00:00:35,951] {logging_mixin.py:109} INFO - [2022-02-22 00:00:35,951] {dagbag.py:500} INFO - Filling up the DagBag from /home/airflow/.local/lib/python3.7/site-packages/airflow/example_dags/example_branch_day_of_week_operator.py
[2022-02-22 00:00:36,367] {processor.py:654} INFO - DAG(s) dict_keys(['example_weekday_branch_operator']) retrieved from /home/airflow/.local/lib/python3.7/site-packages/airflow/example_dags/example_branch_day_of_week_operator.py
[2022-02-22 00:00:36,614] {logging_mixin.py:109} INFO - [2022-02-22 00:00:36,614] {dag.py:2396} INFO - Sync 1 DAGs
[2022-02-22 00:00:37,049] {logging_mixin.py:109} INFO - [2022-02-22 00:00:37,048] {dag.py:2935} INFO - Setting next_dagrun for example_weekday_branch_operator to 2022-02-21 00:00:00+00:00
[2022-02-22 00:00:37,171] {processor.py:171} INFO - Processing /home/airflow/.local/lib/python3.7/site-packages/airflow/example_dags/example_branch_day_of_week_operator.py took 1.288 seconds
[2022-02-22 00:01:07,701] {processor.py:163} INFO - Started process (PID=1130) to work on /home/airflow/.local/lib/python3.7/site-packages/airflow/example_dags/example_branch_day_of_week_operator.py
[2022-02-22 00:01:07,705] {processor.py:642} INFO - Processing file /home/airflow/.local/lib/python3.7/site-packages/airflow/example_dags/example_branch_day_of_week_operator.py for tasks to queue
[2022-02-22 00:01:07,715] {logging_mixin.py:109} INFO - [2022-02-22 00:01:07,715] {dagbag.py:500} INFO - Filling up the DagBag from /home/airflow/.local/lib/python3.7/site-packages/airflow/example_dags/example_branch_day_of_week_operator.py
[2022-02-22 00:01:07,921] {processor.py:654} INFO - DAG(s) dict_keys(['example_weekday_branch_operator']) retrieved from /home/airflow/.local/lib/python3.7/site-packages/airflow/example_dags/example_branch_day_of_week_operator.py
[2022-02-22 00:01:07,997] {logging_mixin.py:109} INFO - [2022-02-22 00:01:07,996] {dag.py:2396} INFO - Sync 1 DAGs
[2022-02-22 00:01:08,144] {logging_mixin.py:109} INFO - [2022-02-22 00:01:08,144] {dag.py:2935} INFO - Setting next_dagrun for example_weekday_branch_operator to 2022-02-21 00:00:00+00:00
[2022-02-22 00:01:08,208] {processor.py:171} INFO - Processing /home/airflow/.local/lib/python3.7/site-packages/airflow/example_dags/example_branch_day_of_week_operator.py took 0.517 seconds
[2022-02-22 00:01:38,622] {processor.py:163} INFO - Started process (PID=1182) to work on /home/airflow/.local/lib/python3.7/site-packages/airflow/example_dags/example_branch_day_of_week_operator.py
[2022-02-22 00:01:38,634] {processor.py:642} INFO - Processing file /home/airflow/.local/lib/python3.7/site-packages/airflow/example_dags/example_branch_day_of_week_operator.py for tasks to queue
[2022-02-22 00:01:38,643] {logging_mixin.py:109} INFO - [2022-02-22 00:01:38,643] {dagbag.py:500} INFO - Filling up the DagBag from /home/airflow/.local/lib/python3.7/site-packages/airflow/example_dags/example_branch_day_of_week_operator.py
[2022-02-22 00:01:38,736] {processor.py:654} INFO - DAG(s) dict_keys(['example_weekday_branch_operator']) retrieved from /home/airflow/.local/lib/python3.7/site-packages/airflow/example_dags/example_branch_day_of_week_operator.py
[2022-02-22 00:01:38,781] {logging_mixin.py:109} INFO - [2022-02-22 00:01:38,781] {dag.py:2396} INFO - Sync 1 DAGs
[2022-02-22 00:01:38,859] {logging_mixin.py:109} INFO - [2022-02-22 00:01:38,858] {dag.py:2935} INFO - Setting next_dagrun for example_weekday_branch_operator to 2022-02-21 00:00:00+00:00
[2022-02-22 00:01:38,905] {processor.py:171} INFO - Processing /home/airflow/.local/lib/python3.7/site-packages/airflow/example_dags/example_branch_day_of_week_operator.py took 0.309 seconds
[2022-02-22 00:02:09,464] {processor.py:163} INFO - Started process (PID=1234) to work on /home/airflow/.local/lib/python3.7/site-packages/airflow/example_dags/example_branch_day_of_week_operator.py
[2022-02-22 00:02:09,486] {processor.py:642} INFO - Processing file /home/airflow/.local/lib/python3.7/site-packages/airflow/example_dags/example_branch_day_of_week_operator.py for tasks to queue
[2022-02-22 00:02:09,492] {logging_mixin.py:109} INFO - [2022-02-22 00:02:09,492] {dagbag.py:500} INFO - Filling up the DagBag from /home/airflow/.local/lib/python3.7/site-packages/airflow/example_dags/example_branch_day_of_week_operator.py
[2022-02-22 00:02:09,684] {processor.py:654} INFO - DAG(s) dict_keys(['example_weekday_branch_operator']) retrieved from /home/airflow/.local/lib/python3.7/site-packages/airflow/example_dags/example_branch_day_of_week_operator.py
[2022-02-22 00:02:09,758] {logging_mixin.py:109} INFO - [2022-02-22 00:02:09,757] {dag.py:2396} INFO - Sync 1 DAGs
[2022-02-22 00:02:09,791] {logging_mixin.py:109} INFO - [2022-02-22 00:02:09,790] {dag.py:2935} INFO - Setting next_dagrun for example_weekday_branch_operator to 2022-02-21 00:00:00+00:00
[2022-02-22 00:02:09,812] {processor.py:171} INFO - Processing /home/airflow/.local/lib/python3.7/site-packages/airflow/example_dags/example_branch_day_of_week_operator.py took 0.393 seconds
[2022-02-22 00:02:40,087] {processor.py:163} INFO - Started process (PID=1287) to work on /home/airflow/.local/lib/python3.7/site-packages/airflow/example_dags/example_branch_day_of_week_operator.py
[2022-02-22 00:02:40,090] {processor.py:642} INFO - Processing file /home/airflow/.local/lib/python3.7/site-packages/airflow/example_dags/example_branch_day_of_week_operator.py for tasks to queue
[2022-02-22 00:02:40,095] {logging_mixin.py:109} INFO - [2022-02-22 00:02:40,094] {dagbag.py:500} INFO - Filling up the DagBag from /home/airflow/.local/lib/python3.7/site-packages/airflow/example_dags/example_branch_day_of_week_operator.py
[2022-02-22 00:02:40,164] {processor.py:654} INFO - DAG(s) dict_keys(['example_weekday_branch_operator']) retrieved from /home/airflow/.local/lib/python3.7/site-packages/airflow/example_dags/example_branch_day_of_week_operator.py
[2022-02-22 00:02:40,190] {logging_mixin.py:109} INFO - [2022-02-22 00:02:40,190] {dag.py:2396} INFO - Sync 1 DAGs
[2022-02-22 00:02:40,211] {logging_mixin.py:109} INFO - [2022-02-22 00:02:40,211] {dag.py:2935} INFO - Setting next_dagrun for example_weekday_branch_operator to 2022-02-21 00:00:00+00:00
[2022-02-22 00:02:40,221] {processor.py:171} INFO - Processing /home/airflow/.local/lib/python3.7/site-packages/airflow/example_dags/example_branch_day_of_week_operator.py took 0.140 seconds
[2022-02-22 00:03:10,379] {processor.py:163} INFO - Started process (PID=1343) to work on /home/airflow/.local/lib/python3.7/site-packages/airflow/example_dags/example_branch_day_of_week_operator.py
[2022-02-22 00:03:10,384] {processor.py:642} INFO - Processing file /home/airflow/.local/lib/python3.7/site-packages/airflow/example_dags/example_branch_day_of_week_operator.py for tasks to queue
[2022-02-22 00:03:10,386] {logging_mixin.py:109} INFO - [2022-02-22 00:03:10,386] {dagbag.py:500} INFO - Filling up the DagBag from /home/airflow/.local/lib/python3.7/site-packages/airflow/example_dags/example_branch_day_of_week_operator.py
[2022-02-22 00:03:10,423] {processor.py:654} INFO - DAG(s) dict_keys(['example_weekday_branch_operator']) retrieved from /home/airflow/.local/lib/python3.7/site-packages/airflow/example_dags/example_branch_day_of_week_operator.py
[2022-02-22 00:03:10,442] {logging_mixin.py:109} INFO - [2022-02-22 00:03:10,442] {dag.py:2396} INFO - Sync 1 DAGs
[2022-02-22 00:03:10,464] {logging_mixin.py:109} INFO - [2022-02-22 00:03:10,464] {dag.py:2935} INFO - Setting next_dagrun for example_weekday_branch_operator to 2022-02-21 00:00:00+00:00
[2022-02-22 00:03:10,478] {processor.py:171} INFO - Processing /home/airflow/.local/lib/python3.7/site-packages/airflow/example_dags/example_branch_day_of_week_operator.py took 0.106 seconds
[2022-02-22 00:03:47,333] {processor.py:163} INFO - Started process (PID=1396) to work on /home/airflow/.local/lib/python3.7/site-packages/airflow/example_dags/example_branch_day_of_week_operator.py
[2022-02-22 00:03:47,336] {processor.py:642} INFO - Processing file /home/airflow/.local/lib/python3.7/site-packages/airflow/example_dags/example_branch_day_of_week_operator.py for tasks to queue
[2022-02-22 00:03:47,341] {logging_mixin.py:109} INFO - [2022-02-22 00:03:47,341] {dagbag.py:500} INFO - Filling up the DagBag from /home/airflow/.local/lib/python3.7/site-packages/airflow/example_dags/example_branch_day_of_week_operator.py
[2022-02-22 00:03:47,487] {processor.py:654} INFO - DAG(s) dict_keys(['example_weekday_branch_operator']) retrieved from /home/airflow/.local/lib/python3.7/site-packages/airflow/example_dags/example_branch_day_of_week_operator.py
[2022-02-22 00:03:47,520] {logging_mixin.py:109} INFO - [2022-02-22 00:03:47,520] {dag.py:2396} INFO - Sync 1 DAGs
[2022-02-22 00:03:47,599] {logging_mixin.py:109} INFO - [2022-02-22 00:03:47,599] {dag.py:2935} INFO - Setting next_dagrun for example_weekday_branch_operator to 2022-02-21 00:00:00+00:00
[2022-02-22 00:03:47,639] {processor.py:171} INFO - Processing /home/airflow/.local/lib/python3.7/site-packages/airflow/example_dags/example_branch_day_of_week_operator.py took 0.344 seconds
[2022-02-22 00:46:07,454] {processor.py:163} INFO - Started process (PID=1493) to work on /home/airflow/.local/lib/python3.7/site-packages/airflow/example_dags/example_branch_day_of_week_operator.py
[2022-02-22 00:46:07,459] {processor.py:642} INFO - Processing file /home/airflow/.local/lib/python3.7/site-packages/airflow/example_dags/example_branch_day_of_week_operator.py for tasks to queue
[2022-02-22 00:46:07,477] {logging_mixin.py:109} INFO - [2022-02-22 00:46:07,477] {dagbag.py:500} INFO - Filling up the DagBag from /home/airflow/.local/lib/python3.7/site-packages/airflow/example_dags/example_branch_day_of_week_operator.py
[2022-02-22 00:46:07,778] {processor.py:654} INFO - DAG(s) dict_keys(['example_weekday_branch_operator']) retrieved from /home/airflow/.local/lib/python3.7/site-packages/airflow/example_dags/example_branch_day_of_week_operator.py
[2022-02-22 00:46:07,900] {logging_mixin.py:109} INFO - [2022-02-22 00:46:07,900] {dag.py:2396} INFO - Sync 1 DAGs
[2022-02-22 00:46:08,129] {logging_mixin.py:109} INFO - [2022-02-22 00:46:08,128] {dag.py:2935} INFO - Setting next_dagrun for example_weekday_branch_operator to 2022-02-21 00:00:00+00:00
[2022-02-22 00:46:08,323] {processor.py:171} INFO - Processing /home/airflow/.local/lib/python3.7/site-packages/airflow/example_dags/example_branch_day_of_week_operator.py took 0.928 seconds
[2022-02-22 03:47:34,017] {processor.py:163} INFO - Started process (PID=1535) to work on /home/airflow/.local/lib/python3.7/site-packages/airflow/example_dags/example_branch_day_of_week_operator.py
[2022-02-22 03:47:34,025] {processor.py:642} INFO - Processing file /home/airflow/.local/lib/python3.7/site-packages/airflow/example_dags/example_branch_day_of_week_operator.py for tasks to queue
[2022-02-22 03:47:34,053] {logging_mixin.py:109} INFO - [2022-02-22 03:47:34,047] {dagbag.py:500} INFO - Filling up the DagBag from /home/airflow/.local/lib/python3.7/site-packages/airflow/example_dags/example_branch_day_of_week_operator.py
[2022-02-22 03:47:34,503] {processor.py:654} INFO - DAG(s) dict_keys(['example_weekday_branch_operator']) retrieved from /home/airflow/.local/lib/python3.7/site-packages/airflow/example_dags/example_branch_day_of_week_operator.py
[2022-02-22 03:47:34,651] {logging_mixin.py:109} INFO - [2022-02-22 03:47:34,651] {dag.py:2396} INFO - Sync 1 DAGs
[2022-02-22 03:47:34,855] {logging_mixin.py:109} INFO - [2022-02-22 03:47:34,854] {dag.py:2935} INFO - Setting next_dagrun for example_weekday_branch_operator to 2022-02-21 00:00:00+00:00
[2022-02-22 03:47:34,993] {processor.py:171} INFO - Processing /home/airflow/.local/lib/python3.7/site-packages/airflow/example_dags/example_branch_day_of_week_operator.py took 1.032 seconds
[2022-02-22 03:48:08,391] {processor.py:163} INFO - Started process (PID=1586) to work on /home/airflow/.local/lib/python3.7/site-packages/airflow/example_dags/example_branch_day_of_week_operator.py
[2022-02-22 03:48:08,425] {processor.py:642} INFO - Processing file /home/airflow/.local/lib/python3.7/site-packages/airflow/example_dags/example_branch_day_of_week_operator.py for tasks to queue
[2022-02-22 03:48:08,454] {logging_mixin.py:109} INFO - [2022-02-22 03:48:08,440] {dagbag.py:500} INFO - Filling up the DagBag from /home/airflow/.local/lib/python3.7/site-packages/airflow/example_dags/example_branch_day_of_week_operator.py
[2022-02-22 03:48:08,679] {processor.py:654} INFO - DAG(s) dict_keys(['example_weekday_branch_operator']) retrieved from /home/airflow/.local/lib/python3.7/site-packages/airflow/example_dags/example_branch_day_of_week_operator.py
[2022-02-22 03:48:08,777] {logging_mixin.py:109} INFO - [2022-02-22 03:48:08,777] {dag.py:2396} INFO - Sync 1 DAGs
[2022-02-22 03:48:08,987] {logging_mixin.py:109} INFO - [2022-02-22 03:48:08,987] {dag.py:2935} INFO - Setting next_dagrun for example_weekday_branch_operator to 2022-02-21 00:00:00+00:00
[2022-02-22 03:48:09,085] {processor.py:171} INFO - Processing /home/airflow/.local/lib/python3.7/site-packages/airflow/example_dags/example_branch_day_of_week_operator.py took 0.768 seconds
[2022-02-22 03:48:39,764] {processor.py:163} INFO - Started process (PID=1638) to work on /home/airflow/.local/lib/python3.7/site-packages/airflow/example_dags/example_branch_day_of_week_operator.py
[2022-02-22 03:48:39,768] {processor.py:642} INFO - Processing file /home/airflow/.local/lib/python3.7/site-packages/airflow/example_dags/example_branch_day_of_week_operator.py for tasks to queue
[2022-02-22 03:48:39,769] {logging_mixin.py:109} INFO - [2022-02-22 03:48:39,769] {dagbag.py:500} INFO - Filling up the DagBag from /home/airflow/.local/lib/python3.7/site-packages/airflow/example_dags/example_branch_day_of_week_operator.py
[2022-02-22 03:48:39,838] {processor.py:654} INFO - DAG(s) dict_keys(['example_weekday_branch_operator']) retrieved from /home/airflow/.local/lib/python3.7/site-packages/airflow/example_dags/example_branch_day_of_week_operator.py
[2022-02-22 03:48:39,863] {logging_mixin.py:109} INFO - [2022-02-22 03:48:39,863] {dag.py:2396} INFO - Sync 1 DAGs
[2022-02-22 03:48:39,898] {logging_mixin.py:109} INFO - [2022-02-22 03:48:39,898] {dag.py:2935} INFO - Setting next_dagrun for example_weekday_branch_operator to 2022-02-21 00:00:00+00:00
[2022-02-22 03:48:39,945] {processor.py:171} INFO - Processing /home/airflow/.local/lib/python3.7/site-packages/airflow/example_dags/example_branch_day_of_week_operator.py took 0.190 seconds
[2022-02-22 03:49:10,526] {processor.py:163} INFO - Started process (PID=1690) to work on /home/airflow/.local/lib/python3.7/site-packages/airflow/example_dags/example_branch_day_of_week_operator.py
[2022-02-22 03:49:10,536] {processor.py:642} INFO - Processing file /home/airflow/.local/lib/python3.7/site-packages/airflow/example_dags/example_branch_day_of_week_operator.py for tasks to queue
[2022-02-22 03:49:10,538] {logging_mixin.py:109} INFO - [2022-02-22 03:49:10,537] {dagbag.py:500} INFO - Filling up the DagBag from /home/airflow/.local/lib/python3.7/site-packages/airflow/example_dags/example_branch_day_of_week_operator.py
[2022-02-22 03:49:10,596] {processor.py:654} INFO - DAG(s) dict_keys(['example_weekday_branch_operator']) retrieved from /home/airflow/.local/lib/python3.7/site-packages/airflow/example_dags/example_branch_day_of_week_operator.py
[2022-02-22 03:49:10,615] {logging_mixin.py:109} INFO - [2022-02-22 03:49:10,615] {dag.py:2396} INFO - Sync 1 DAGs
[2022-02-22 03:49:10,645] {logging_mixin.py:109} INFO - [2022-02-22 03:49:10,645] {dag.py:2935} INFO - Setting next_dagrun for example_weekday_branch_operator to 2022-02-21 00:00:00+00:00
[2022-02-22 03:49:10,674] {processor.py:171} INFO - Processing /home/airflow/.local/lib/python3.7/site-packages/airflow/example_dags/example_branch_day_of_week_operator.py took 0.152 seconds
[2022-02-22 13:04:59,551] {processor.py:163} INFO - Started process (PID=1875) to work on /home/airflow/.local/lib/python3.7/site-packages/airflow/example_dags/example_branch_day_of_week_operator.py
[2022-02-22 13:04:59,757] {processor.py:642} INFO - Processing file /home/airflow/.local/lib/python3.7/site-packages/airflow/example_dags/example_branch_day_of_week_operator.py for tasks to queue
[2022-02-22 13:04:59,831] {logging_mixin.py:109} INFO - [2022-02-22 13:04:59,831] {dagbag.py:500} INFO - Filling up the DagBag from /home/airflow/.local/lib/python3.7/site-packages/airflow/example_dags/example_branch_day_of_week_operator.py
[2022-02-22 13:05:01,415] {processor.py:654} INFO - DAG(s) dict_keys(['example_weekday_branch_operator']) retrieved from /home/airflow/.local/lib/python3.7/site-packages/airflow/example_dags/example_branch_day_of_week_operator.py
[2022-02-22 13:05:01,459] {logging_mixin.py:109} INFO - [2022-02-22 13:05:01,458] {dag.py:2396} INFO - Sync 1 DAGs
[2022-02-22 13:05:04,181] {logging_mixin.py:109} INFO - [2022-02-22 13:05:04,181] {dag.py:2935} INFO - Setting next_dagrun for example_weekday_branch_operator to 2022-02-21 00:00:00+00:00
[2022-02-22 13:05:05,585] {processor.py:171} INFO - Processing /home/airflow/.local/lib/python3.7/site-packages/airflow/example_dags/example_branch_day_of_week_operator.py took 6.278 seconds
