[2022-02-22 00:00:36,347] {processor.py:163} INFO - Started process (PID=1077) to work on /home/airflow/.local/lib/python3.7/site-packages/airflow/example_dags/example_python_operator.py
[2022-02-22 00:00:36,358] {processor.py:642} INFO - Processing file /home/airflow/.local/lib/python3.7/site-packages/airflow/example_dags/example_python_operator.py for tasks to queue
[2022-02-22 00:00:36,381] {logging_mixin.py:109} INFO - [2022-02-22 00:00:36,380] {dagbag.py:500} INFO - Filling up the DagBag from /home/airflow/.local/lib/python3.7/site-packages/airflow/example_dags/example_python_operator.py
[2022-02-22 00:00:37,085] {processor.py:654} INFO - DAG(s) dict_keys(['example_python_operator']) retrieved from /home/airflow/.local/lib/python3.7/site-packages/airflow/example_dags/example_python_operator.py
[2022-02-22 00:00:37,231] {logging_mixin.py:109} INFO - [2022-02-22 00:00:37,231] {dag.py:2396} INFO - Sync 1 DAGs
[2022-02-22 00:00:37,310] {logging_mixin.py:109} INFO - [2022-02-22 00:00:37,309] {dag.py:2935} INFO - Setting next_dagrun for example_python_operator to None
[2022-02-22 00:00:37,350] {processor.py:171} INFO - Processing /home/airflow/.local/lib/python3.7/site-packages/airflow/example_dags/example_python_operator.py took 1.065 seconds
[2022-02-22 00:01:07,724] {processor.py:163} INFO - Started process (PID=1131) to work on /home/airflow/.local/lib/python3.7/site-packages/airflow/example_dags/example_python_operator.py
[2022-02-22 00:01:07,727] {processor.py:642} INFO - Processing file /home/airflow/.local/lib/python3.7/site-packages/airflow/example_dags/example_python_operator.py for tasks to queue
[2022-02-22 00:01:07,733] {logging_mixin.py:109} INFO - [2022-02-22 00:01:07,733] {dagbag.py:500} INFO - Filling up the DagBag from /home/airflow/.local/lib/python3.7/site-packages/airflow/example_dags/example_python_operator.py
[2022-02-22 00:01:07,994] {processor.py:654} INFO - DAG(s) dict_keys(['example_python_operator']) retrieved from /home/airflow/.local/lib/python3.7/site-packages/airflow/example_dags/example_python_operator.py
[2022-02-22 00:01:08,052] {logging_mixin.py:109} INFO - [2022-02-22 00:01:08,050] {dag.py:2396} INFO - Sync 1 DAGs
[2022-02-22 00:01:08,129] {logging_mixin.py:109} INFO - [2022-02-22 00:01:08,129] {dag.py:2935} INFO - Setting next_dagrun for example_python_operator to None
[2022-02-22 00:01:08,198] {processor.py:171} INFO - Processing /home/airflow/.local/lib/python3.7/site-packages/airflow/example_dags/example_python_operator.py took 0.486 seconds
[2022-02-22 00:01:38,644] {processor.py:163} INFO - Started process (PID=1183) to work on /home/airflow/.local/lib/python3.7/site-packages/airflow/example_dags/example_python_operator.py
[2022-02-22 00:01:38,655] {processor.py:642} INFO - Processing file /home/airflow/.local/lib/python3.7/site-packages/airflow/example_dags/example_python_operator.py for tasks to queue
[2022-02-22 00:01:38,661] {logging_mixin.py:109} INFO - [2022-02-22 00:01:38,660] {dagbag.py:500} INFO - Filling up the DagBag from /home/airflow/.local/lib/python3.7/site-packages/airflow/example_dags/example_python_operator.py
[2022-02-22 00:01:38,770] {processor.py:654} INFO - DAG(s) dict_keys(['example_python_operator']) retrieved from /home/airflow/.local/lib/python3.7/site-packages/airflow/example_dags/example_python_operator.py
[2022-02-22 00:01:38,809] {logging_mixin.py:109} INFO - [2022-02-22 00:01:38,809] {dag.py:2396} INFO - Sync 1 DAGs
[2022-02-22 00:01:38,855] {logging_mixin.py:109} INFO - [2022-02-22 00:01:38,855] {dag.py:2935} INFO - Setting next_dagrun for example_python_operator to None
[2022-02-22 00:01:38,886] {processor.py:171} INFO - Processing /home/airflow/.local/lib/python3.7/site-packages/airflow/example_dags/example_python_operator.py took 0.276 seconds
[2022-02-22 00:02:09,484] {processor.py:163} INFO - Started process (PID=1235) to work on /home/airflow/.local/lib/python3.7/site-packages/airflow/example_dags/example_python_operator.py
[2022-02-22 00:02:09,487] {processor.py:642} INFO - Processing file /home/airflow/.local/lib/python3.7/site-packages/airflow/example_dags/example_python_operator.py for tasks to queue
[2022-02-22 00:02:09,493] {logging_mixin.py:109} INFO - [2022-02-22 00:02:09,493] {dagbag.py:500} INFO - Filling up the DagBag from /home/airflow/.local/lib/python3.7/site-packages/airflow/example_dags/example_python_operator.py
[2022-02-22 00:02:09,667] {processor.py:654} INFO - DAG(s) dict_keys(['example_python_operator']) retrieved from /home/airflow/.local/lib/python3.7/site-packages/airflow/example_dags/example_python_operator.py
[2022-02-22 00:02:09,757] {logging_mixin.py:109} INFO - [2022-02-22 00:02:09,757] {dag.py:2396} INFO - Sync 1 DAGs
[2022-02-22 00:02:09,833] {logging_mixin.py:109} INFO - [2022-02-22 00:02:09,832] {dag.py:2935} INFO - Setting next_dagrun for example_python_operator to None
[2022-02-22 00:02:09,862] {processor.py:171} INFO - Processing /home/airflow/.local/lib/python3.7/site-packages/airflow/example_dags/example_python_operator.py took 0.388 seconds
[2022-02-22 00:02:40,106] {processor.py:163} INFO - Started process (PID=1288) to work on /home/airflow/.local/lib/python3.7/site-packages/airflow/example_dags/example_python_operator.py
[2022-02-22 00:02:40,109] {processor.py:642} INFO - Processing file /home/airflow/.local/lib/python3.7/site-packages/airflow/example_dags/example_python_operator.py for tasks to queue
[2022-02-22 00:02:40,112] {logging_mixin.py:109} INFO - [2022-02-22 00:02:40,112] {dagbag.py:500} INFO - Filling up the DagBag from /home/airflow/.local/lib/python3.7/site-packages/airflow/example_dags/example_python_operator.py
[2022-02-22 00:02:40,201] {processor.py:654} INFO - DAG(s) dict_keys(['example_python_operator']) retrieved from /home/airflow/.local/lib/python3.7/site-packages/airflow/example_dags/example_python_operator.py
[2022-02-22 00:02:40,238] {logging_mixin.py:109} INFO - [2022-02-22 00:02:40,238] {dag.py:2396} INFO - Sync 1 DAGs
[2022-02-22 00:02:40,254] {logging_mixin.py:109} INFO - [2022-02-22 00:02:40,254] {dag.py:2935} INFO - Setting next_dagrun for example_python_operator to None
[2022-02-22 00:02:40,265] {processor.py:171} INFO - Processing /home/airflow/.local/lib/python3.7/site-packages/airflow/example_dags/example_python_operator.py took 0.168 seconds
[2022-02-22 00:03:10,505] {processor.py:163} INFO - Started process (PID=1344) to work on /home/airflow/.local/lib/python3.7/site-packages/airflow/example_dags/example_python_operator.py
[2022-02-22 00:03:10,507] {processor.py:642} INFO - Processing file /home/airflow/.local/lib/python3.7/site-packages/airflow/example_dags/example_python_operator.py for tasks to queue
[2022-02-22 00:03:10,509] {logging_mixin.py:109} INFO - [2022-02-22 00:03:10,509] {dagbag.py:500} INFO - Filling up the DagBag from /home/airflow/.local/lib/python3.7/site-packages/airflow/example_dags/example_python_operator.py
[2022-02-22 00:03:10,544] {processor.py:654} INFO - DAG(s) dict_keys(['example_python_operator']) retrieved from /home/airflow/.local/lib/python3.7/site-packages/airflow/example_dags/example_python_operator.py
[2022-02-22 00:03:10,555] {logging_mixin.py:109} INFO - [2022-02-22 00:03:10,555] {dag.py:2396} INFO - Sync 1 DAGs
[2022-02-22 00:03:10,569] {logging_mixin.py:109} INFO - [2022-02-22 00:03:10,569] {dag.py:2935} INFO - Setting next_dagrun for example_python_operator to None
[2022-02-22 00:03:10,578] {processor.py:171} INFO - Processing /home/airflow/.local/lib/python3.7/site-packages/airflow/example_dags/example_python_operator.py took 0.076 seconds
[2022-02-22 00:03:47,699] {processor.py:163} INFO - Started process (PID=1398) to work on /home/airflow/.local/lib/python3.7/site-packages/airflow/example_dags/example_python_operator.py
[2022-02-22 00:03:47,702] {processor.py:642} INFO - Processing file /home/airflow/.local/lib/python3.7/site-packages/airflow/example_dags/example_python_operator.py for tasks to queue
[2022-02-22 00:03:47,703] {logging_mixin.py:109} INFO - [2022-02-22 00:03:47,703] {dagbag.py:500} INFO - Filling up the DagBag from /home/airflow/.local/lib/python3.7/site-packages/airflow/example_dags/example_python_operator.py
[2022-02-22 00:03:47,828] {processor.py:654} INFO - DAG(s) dict_keys(['example_python_operator']) retrieved from /home/airflow/.local/lib/python3.7/site-packages/airflow/example_dags/example_python_operator.py
[2022-02-22 00:03:47,858] {logging_mixin.py:109} INFO - [2022-02-22 00:03:47,858] {dag.py:2396} INFO - Sync 1 DAGs
[2022-02-22 00:03:47,905] {logging_mixin.py:109} INFO - [2022-02-22 00:03:47,905] {dag.py:2935} INFO - Setting next_dagrun for example_python_operator to None
[2022-02-22 00:03:47,942] {processor.py:171} INFO - Processing /home/airflow/.local/lib/python3.7/site-packages/airflow/example_dags/example_python_operator.py took 0.258 seconds
[2022-02-22 03:47:35,300] {processor.py:163} INFO - Started process (PID=1536) to work on /home/airflow/.local/lib/python3.7/site-packages/airflow/example_dags/example_python_operator.py
[2022-02-22 03:47:35,326] {processor.py:642} INFO - Processing file /home/airflow/.local/lib/python3.7/site-packages/airflow/example_dags/example_python_operator.py for tasks to queue
[2022-02-22 03:47:35,350] {logging_mixin.py:109} INFO - [2022-02-22 03:47:35,338] {dagbag.py:500} INFO - Filling up the DagBag from /home/airflow/.local/lib/python3.7/site-packages/airflow/example_dags/example_python_operator.py
[2022-02-22 03:47:35,736] {processor.py:654} INFO - DAG(s) dict_keys(['example_python_operator']) retrieved from /home/airflow/.local/lib/python3.7/site-packages/airflow/example_dags/example_python_operator.py
[2022-02-22 03:47:35,897] {logging_mixin.py:109} INFO - [2022-02-22 03:47:35,897] {dag.py:2396} INFO - Sync 1 DAGs
[2022-02-22 03:47:36,124] {logging_mixin.py:109} INFO - [2022-02-22 03:47:36,124] {dag.py:2935} INFO - Setting next_dagrun for example_python_operator to None
[2022-02-22 03:47:36,264] {processor.py:171} INFO - Processing /home/airflow/.local/lib/python3.7/site-packages/airflow/example_dags/example_python_operator.py took 1.024 seconds
[2022-02-22 03:48:09,249] {processor.py:163} INFO - Started process (PID=1587) to work on /home/airflow/.local/lib/python3.7/site-packages/airflow/example_dags/example_python_operator.py
[2022-02-22 03:48:09,269] {processor.py:642} INFO - Processing file /home/airflow/.local/lib/python3.7/site-packages/airflow/example_dags/example_python_operator.py for tasks to queue
[2022-02-22 03:48:09,284] {logging_mixin.py:109} INFO - [2022-02-22 03:48:09,284] {dagbag.py:500} INFO - Filling up the DagBag from /home/airflow/.local/lib/python3.7/site-packages/airflow/example_dags/example_python_operator.py
[2022-02-22 03:48:09,711] {processor.py:654} INFO - DAG(s) dict_keys(['example_python_operator']) retrieved from /home/airflow/.local/lib/python3.7/site-packages/airflow/example_dags/example_python_operator.py
[2022-02-22 03:48:09,886] {logging_mixin.py:109} INFO - [2022-02-22 03:48:09,886] {dag.py:2396} INFO - Sync 1 DAGs
[2022-02-22 03:48:10,172] {logging_mixin.py:109} INFO - [2022-02-22 03:48:10,172] {dag.py:2935} INFO - Setting next_dagrun for example_python_operator to None
[2022-02-22 03:48:10,286] {processor.py:171} INFO - Processing /home/airflow/.local/lib/python3.7/site-packages/airflow/example_dags/example_python_operator.py took 1.101 seconds
[2022-02-22 03:48:41,008] {processor.py:163} INFO - Started process (PID=1639) to work on /home/airflow/.local/lib/python3.7/site-packages/airflow/example_dags/example_python_operator.py
[2022-02-22 03:48:41,014] {processor.py:642} INFO - Processing file /home/airflow/.local/lib/python3.7/site-packages/airflow/example_dags/example_python_operator.py for tasks to queue
[2022-02-22 03:48:41,015] {logging_mixin.py:109} INFO - [2022-02-22 03:48:41,015] {dagbag.py:500} INFO - Filling up the DagBag from /home/airflow/.local/lib/python3.7/site-packages/airflow/example_dags/example_python_operator.py
[2022-02-22 03:48:41,102] {processor.py:654} INFO - DAG(s) dict_keys(['example_python_operator']) retrieved from /home/airflow/.local/lib/python3.7/site-packages/airflow/example_dags/example_python_operator.py
[2022-02-22 03:48:41,161] {logging_mixin.py:109} INFO - [2022-02-22 03:48:41,161] {dag.py:2396} INFO - Sync 1 DAGs
[2022-02-22 03:48:41,215] {logging_mixin.py:109} INFO - [2022-02-22 03:48:41,214] {dag.py:2935} INFO - Setting next_dagrun for example_python_operator to None
[2022-02-22 03:48:41,237] {processor.py:171} INFO - Processing /home/airflow/.local/lib/python3.7/site-packages/airflow/example_dags/example_python_operator.py took 0.260 seconds
[2022-02-22 03:49:11,534] {processor.py:163} INFO - Started process (PID=1691) to work on /home/airflow/.local/lib/python3.7/site-packages/airflow/example_dags/example_python_operator.py
[2022-02-22 03:49:11,538] {processor.py:642} INFO - Processing file /home/airflow/.local/lib/python3.7/site-packages/airflow/example_dags/example_python_operator.py for tasks to queue
[2022-02-22 03:49:11,541] {logging_mixin.py:109} INFO - [2022-02-22 03:49:11,541] {dagbag.py:500} INFO - Filling up the DagBag from /home/airflow/.local/lib/python3.7/site-packages/airflow/example_dags/example_python_operator.py
[2022-02-22 03:49:11,609] {processor.py:654} INFO - DAG(s) dict_keys(['example_python_operator']) retrieved from /home/airflow/.local/lib/python3.7/site-packages/airflow/example_dags/example_python_operator.py
[2022-02-22 03:49:11,637] {logging_mixin.py:109} INFO - [2022-02-22 03:49:11,635] {dag.py:2396} INFO - Sync 1 DAGs
[2022-02-22 03:49:11,689] {logging_mixin.py:109} INFO - [2022-02-22 03:49:11,689] {dag.py:2935} INFO - Setting next_dagrun for example_python_operator to None
[2022-02-22 03:49:11,710] {processor.py:171} INFO - Processing /home/airflow/.local/lib/python3.7/site-packages/airflow/example_dags/example_python_operator.py took 0.186 seconds
[2022-02-22 13:05:08,526] {processor.py:163} INFO - Started process (PID=1878) to work on /home/airflow/.local/lib/python3.7/site-packages/airflow/example_dags/example_python_operator.py
[2022-02-22 13:05:08,848] {processor.py:642} INFO - Processing file /home/airflow/.local/lib/python3.7/site-packages/airflow/example_dags/example_python_operator.py for tasks to queue
[2022-02-22 13:05:08,903] {logging_mixin.py:109} INFO - [2022-02-22 13:05:08,903] {dagbag.py:500} INFO - Filling up the DagBag from /home/airflow/.local/lib/python3.7/site-packages/airflow/example_dags/example_python_operator.py
[2022-02-22 13:05:17,312] {processor.py:654} INFO - DAG(s) dict_keys(['example_python_operator']) retrieved from /home/airflow/.local/lib/python3.7/site-packages/airflow/example_dags/example_python_operator.py
[2022-02-22 13:05:18,934] {logging_mixin.py:109} INFO - [2022-02-22 13:05:18,864] {dag.py:2396} INFO - Sync 1 DAGs
[2022-02-22 13:05:20,074] {logging_mixin.py:109} INFO - [2022-02-22 13:05:20,074] {dag.py:2935} INFO - Setting next_dagrun for example_python_operator to None
[2022-02-22 13:05:20,995] {processor.py:171} INFO - Processing /home/airflow/.local/lib/python3.7/site-packages/airflow/example_dags/example_python_operator.py took 13.419 seconds
