[2022-02-22 00:00:04,064] {processor.py:163} INFO - Started process (PID=1033) to work on /home/airflow/.local/lib/python3.7/site-packages/airflow/example_dags/example_short_circuit_operator.py
[2022-02-22 00:00:04,081] {processor.py:642} INFO - Processing file /home/airflow/.local/lib/python3.7/site-packages/airflow/example_dags/example_short_circuit_operator.py for tasks to queue
[2022-02-22 00:00:04,097] {logging_mixin.py:109} INFO - [2022-02-22 00:00:04,094] {dagbag.py:500} INFO - Filling up the DagBag from /home/airflow/.local/lib/python3.7/site-packages/airflow/example_dags/example_short_circuit_operator.py
[2022-02-22 00:00:04,311] {processor.py:654} INFO - DAG(s) dict_keys(['example_short_circuit_operator']) retrieved from /home/airflow/.local/lib/python3.7/site-packages/airflow/example_dags/example_short_circuit_operator.py
[2022-02-22 00:00:04,370] {logging_mixin.py:109} INFO - [2022-02-22 00:00:04,370] {dag.py:2396} INFO - Sync 1 DAGs
[2022-02-22 00:00:04,440] {logging_mixin.py:109} INFO - [2022-02-22 00:00:04,440] {dag.py:2935} INFO - Setting next_dagrun for example_short_circuit_operator to 2022-02-21T00:00:04.440236+00:00
[2022-02-22 00:00:04,485] {processor.py:171} INFO - Processing /home/airflow/.local/lib/python3.7/site-packages/airflow/example_dags/example_short_circuit_operator.py took 0.484 seconds
[2022-02-22 00:00:39,691] {processor.py:163} INFO - Started process (PID=1085) to work on /home/airflow/.local/lib/python3.7/site-packages/airflow/example_dags/example_short_circuit_operator.py
[2022-02-22 00:00:39,701] {processor.py:642} INFO - Processing file /home/airflow/.local/lib/python3.7/site-packages/airflow/example_dags/example_short_circuit_operator.py for tasks to queue
[2022-02-22 00:00:39,703] {logging_mixin.py:109} INFO - [2022-02-22 00:00:39,703] {dagbag.py:500} INFO - Filling up the DagBag from /home/airflow/.local/lib/python3.7/site-packages/airflow/example_dags/example_short_circuit_operator.py
[2022-02-22 00:00:39,793] {processor.py:654} INFO - DAG(s) dict_keys(['example_short_circuit_operator']) retrieved from /home/airflow/.local/lib/python3.7/site-packages/airflow/example_dags/example_short_circuit_operator.py
[2022-02-22 00:00:39,847] {logging_mixin.py:109} INFO - [2022-02-22 00:00:39,847] {dag.py:2396} INFO - Sync 1 DAGs
[2022-02-22 00:00:39,909] {logging_mixin.py:109} INFO - [2022-02-22 00:00:39,909] {dag.py:2935} INFO - Setting next_dagrun for example_short_circuit_operator to 2022-02-21T00:00:39.908845+00:00
[2022-02-22 00:00:39,945] {processor.py:171} INFO - Processing /home/airflow/.local/lib/python3.7/site-packages/airflow/example_dags/example_short_circuit_operator.py took 0.264 seconds
[2022-02-22 00:01:10,615] {processor.py:163} INFO - Started process (PID=1140) to work on /home/airflow/.local/lib/python3.7/site-packages/airflow/example_dags/example_short_circuit_operator.py
[2022-02-22 00:01:10,627] {processor.py:642} INFO - Processing file /home/airflow/.local/lib/python3.7/site-packages/airflow/example_dags/example_short_circuit_operator.py for tasks to queue
[2022-02-22 00:01:10,634] {logging_mixin.py:109} INFO - [2022-02-22 00:01:10,633] {dagbag.py:500} INFO - Filling up the DagBag from /home/airflow/.local/lib/python3.7/site-packages/airflow/example_dags/example_short_circuit_operator.py
[2022-02-22 00:01:10,710] {processor.py:654} INFO - DAG(s) dict_keys(['example_short_circuit_operator']) retrieved from /home/airflow/.local/lib/python3.7/site-packages/airflow/example_dags/example_short_circuit_operator.py
[2022-02-22 00:01:10,739] {logging_mixin.py:109} INFO - [2022-02-22 00:01:10,739] {dag.py:2396} INFO - Sync 1 DAGs
[2022-02-22 00:01:10,760] {logging_mixin.py:109} INFO - [2022-02-22 00:01:10,760] {dag.py:2935} INFO - Setting next_dagrun for example_short_circuit_operator to 2022-02-21T00:01:10.759594+00:00
[2022-02-22 00:01:10,772] {processor.py:171} INFO - Processing /home/airflow/.local/lib/python3.7/site-packages/airflow/example_dags/example_short_circuit_operator.py took 0.173 seconds
[2022-02-22 00:01:41,538] {processor.py:163} INFO - Started process (PID=1192) to work on /home/airflow/.local/lib/python3.7/site-packages/airflow/example_dags/example_short_circuit_operator.py
[2022-02-22 00:01:41,550] {processor.py:642} INFO - Processing file /home/airflow/.local/lib/python3.7/site-packages/airflow/example_dags/example_short_circuit_operator.py for tasks to queue
[2022-02-22 00:01:41,562] {logging_mixin.py:109} INFO - [2022-02-22 00:01:41,559] {dagbag.py:500} INFO - Filling up the DagBag from /home/airflow/.local/lib/python3.7/site-packages/airflow/example_dags/example_short_circuit_operator.py
[2022-02-22 00:01:41,681] {processor.py:654} INFO - DAG(s) dict_keys(['example_short_circuit_operator']) retrieved from /home/airflow/.local/lib/python3.7/site-packages/airflow/example_dags/example_short_circuit_operator.py
[2022-02-22 00:01:41,714] {logging_mixin.py:109} INFO - [2022-02-22 00:01:41,714] {dag.py:2396} INFO - Sync 1 DAGs
[2022-02-22 00:01:41,742] {logging_mixin.py:109} INFO - [2022-02-22 00:01:41,742] {dag.py:2935} INFO - Setting next_dagrun for example_short_circuit_operator to 2022-02-21T00:01:41.742057+00:00
[2022-02-22 00:01:41,755] {processor.py:171} INFO - Processing /home/airflow/.local/lib/python3.7/site-packages/airflow/example_dags/example_short_circuit_operator.py took 0.238 seconds
[2022-02-22 00:02:12,434] {processor.py:163} INFO - Started process (PID=1244) to work on /home/airflow/.local/lib/python3.7/site-packages/airflow/example_dags/example_short_circuit_operator.py
[2022-02-22 00:02:12,452] {processor.py:642} INFO - Processing file /home/airflow/.local/lib/python3.7/site-packages/airflow/example_dags/example_short_circuit_operator.py for tasks to queue
[2022-02-22 00:02:12,455] {logging_mixin.py:109} INFO - [2022-02-22 00:02:12,454] {dagbag.py:500} INFO - Filling up the DagBag from /home/airflow/.local/lib/python3.7/site-packages/airflow/example_dags/example_short_circuit_operator.py
[2022-02-22 00:02:12,730] {processor.py:654} INFO - DAG(s) dict_keys(['example_short_circuit_operator']) retrieved from /home/airflow/.local/lib/python3.7/site-packages/airflow/example_dags/example_short_circuit_operator.py
[2022-02-22 00:02:12,819] {logging_mixin.py:109} INFO - [2022-02-22 00:02:12,818] {dag.py:2396} INFO - Sync 1 DAGs
[2022-02-22 00:02:12,947] {logging_mixin.py:109} INFO - [2022-02-22 00:02:12,946] {dag.py:2935} INFO - Setting next_dagrun for example_short_circuit_operator to 2022-02-21T00:02:12.937418+00:00
[2022-02-22 00:02:13,068] {processor.py:171} INFO - Processing /home/airflow/.local/lib/python3.7/site-packages/airflow/example_dags/example_short_circuit_operator.py took 0.670 seconds
[2022-02-22 00:02:43,424] {processor.py:163} INFO - Started process (PID=1299) to work on /home/airflow/.local/lib/python3.7/site-packages/airflow/example_dags/example_short_circuit_operator.py
[2022-02-22 00:02:43,431] {processor.py:642} INFO - Processing file /home/airflow/.local/lib/python3.7/site-packages/airflow/example_dags/example_short_circuit_operator.py for tasks to queue
[2022-02-22 00:02:43,436] {logging_mixin.py:109} INFO - [2022-02-22 00:02:43,433] {dagbag.py:500} INFO - Filling up the DagBag from /home/airflow/.local/lib/python3.7/site-packages/airflow/example_dags/example_short_circuit_operator.py
[2022-02-22 00:02:43,515] {processor.py:654} INFO - DAG(s) dict_keys(['example_short_circuit_operator']) retrieved from /home/airflow/.local/lib/python3.7/site-packages/airflow/example_dags/example_short_circuit_operator.py
[2022-02-22 00:02:43,550] {logging_mixin.py:109} INFO - [2022-02-22 00:02:43,550] {dag.py:2396} INFO - Sync 1 DAGs
[2022-02-22 00:02:43,593] {logging_mixin.py:109} INFO - [2022-02-22 00:02:43,593] {dag.py:2935} INFO - Setting next_dagrun for example_short_circuit_operator to 2022-02-21T00:02:43.591985+00:00
[2022-02-22 00:02:43,618] {processor.py:171} INFO - Processing /home/airflow/.local/lib/python3.7/site-packages/airflow/example_dags/example_short_circuit_operator.py took 0.208 seconds
[2022-02-22 00:03:13,778] {processor.py:163} INFO - Started process (PID=1353) to work on /home/airflow/.local/lib/python3.7/site-packages/airflow/example_dags/example_short_circuit_operator.py
[2022-02-22 00:03:13,783] {processor.py:642} INFO - Processing file /home/airflow/.local/lib/python3.7/site-packages/airflow/example_dags/example_short_circuit_operator.py for tasks to queue
[2022-02-22 00:03:13,786] {logging_mixin.py:109} INFO - [2022-02-22 00:03:13,786] {dagbag.py:500} INFO - Filling up the DagBag from /home/airflow/.local/lib/python3.7/site-packages/airflow/example_dags/example_short_circuit_operator.py
[2022-02-22 00:03:13,834] {processor.py:654} INFO - DAG(s) dict_keys(['example_short_circuit_operator']) retrieved from /home/airflow/.local/lib/python3.7/site-packages/airflow/example_dags/example_short_circuit_operator.py
[2022-02-22 00:03:13,849] {logging_mixin.py:109} INFO - [2022-02-22 00:03:13,849] {dag.py:2396} INFO - Sync 1 DAGs
[2022-02-22 00:03:13,867] {logging_mixin.py:109} INFO - [2022-02-22 00:03:13,866] {dag.py:2935} INFO - Setting next_dagrun for example_short_circuit_operator to 2022-02-21T00:03:13.866495+00:00
[2022-02-22 00:03:13,890] {processor.py:171} INFO - Processing /home/airflow/.local/lib/python3.7/site-packages/airflow/example_dags/example_short_circuit_operator.py took 0.121 seconds
[2022-02-22 00:03:51,313] {processor.py:163} INFO - Started process (PID=1407) to work on /home/airflow/.local/lib/python3.7/site-packages/airflow/example_dags/example_short_circuit_operator.py
[2022-02-22 00:03:51,326] {processor.py:642} INFO - Processing file /home/airflow/.local/lib/python3.7/site-packages/airflow/example_dags/example_short_circuit_operator.py for tasks to queue
[2022-02-22 00:03:51,339] {logging_mixin.py:109} INFO - [2022-02-22 00:03:51,338] {dagbag.py:500} INFO - Filling up the DagBag from /home/airflow/.local/lib/python3.7/site-packages/airflow/example_dags/example_short_circuit_operator.py
[2022-02-22 00:03:51,498] {processor.py:654} INFO - DAG(s) dict_keys(['example_short_circuit_operator']) retrieved from /home/airflow/.local/lib/python3.7/site-packages/airflow/example_dags/example_short_circuit_operator.py
[2022-02-22 00:03:51,580] {logging_mixin.py:109} INFO - [2022-02-22 00:03:51,580] {dag.py:2396} INFO - Sync 1 DAGs
[2022-02-22 00:03:51,782] {logging_mixin.py:109} INFO - [2022-02-22 00:03:51,782] {dag.py:2935} INFO - Setting next_dagrun for example_short_circuit_operator to 2022-02-21T00:03:51.712527+00:00
[2022-02-22 00:03:51,828] {processor.py:171} INFO - Processing /home/airflow/.local/lib/python3.7/site-packages/airflow/example_dags/example_short_circuit_operator.py took 0.533 seconds
[2022-02-22 03:47:41,295] {processor.py:163} INFO - Started process (PID=1551) to work on /home/airflow/.local/lib/python3.7/site-packages/airflow/example_dags/example_short_circuit_operator.py
[2022-02-22 03:47:41,309] {processor.py:642} INFO - Processing file /home/airflow/.local/lib/python3.7/site-packages/airflow/example_dags/example_short_circuit_operator.py for tasks to queue
[2022-02-22 03:47:41,327] {logging_mixin.py:109} INFO - [2022-02-22 03:47:41,327] {dagbag.py:500} INFO - Filling up the DagBag from /home/airflow/.local/lib/python3.7/site-packages/airflow/example_dags/example_short_circuit_operator.py
[2022-02-22 03:47:41,510] {processor.py:654} INFO - DAG(s) dict_keys(['example_short_circuit_operator']) retrieved from /home/airflow/.local/lib/python3.7/site-packages/airflow/example_dags/example_short_circuit_operator.py
[2022-02-22 03:47:41,674] {logging_mixin.py:109} INFO - [2022-02-22 03:47:41,674] {dag.py:2396} INFO - Sync 1 DAGs
[2022-02-22 03:47:41,931] {logging_mixin.py:109} INFO - [2022-02-22 03:47:41,931] {dag.py:2935} INFO - Setting next_dagrun for example_short_circuit_operator to 2022-02-21T03:47:41.930739+00:00
[2022-02-22 03:47:42,019] {processor.py:171} INFO - Processing /home/airflow/.local/lib/python3.7/site-packages/airflow/example_dags/example_short_circuit_operator.py took 0.763 seconds
[2022-02-22 03:48:15,181] {processor.py:163} INFO - Started process (PID=1595) to work on /home/airflow/.local/lib/python3.7/site-packages/airflow/example_dags/example_short_circuit_operator.py
[2022-02-22 03:48:15,206] {processor.py:642} INFO - Processing file /home/airflow/.local/lib/python3.7/site-packages/airflow/example_dags/example_short_circuit_operator.py for tasks to queue
[2022-02-22 03:48:15,211] {logging_mixin.py:109} INFO - [2022-02-22 03:48:15,211] {dagbag.py:500} INFO - Filling up the DagBag from /home/airflow/.local/lib/python3.7/site-packages/airflow/example_dags/example_short_circuit_operator.py
[2022-02-22 03:48:15,308] {processor.py:654} INFO - DAG(s) dict_keys(['example_short_circuit_operator']) retrieved from /home/airflow/.local/lib/python3.7/site-packages/airflow/example_dags/example_short_circuit_operator.py
[2022-02-22 03:48:15,349] {logging_mixin.py:109} INFO - [2022-02-22 03:48:15,349] {dag.py:2396} INFO - Sync 1 DAGs
[2022-02-22 03:48:15,430] {logging_mixin.py:109} INFO - [2022-02-22 03:48:15,430] {dag.py:2935} INFO - Setting next_dagrun for example_short_circuit_operator to 2022-02-21T03:48:15.430287+00:00
[2022-02-22 03:48:15,467] {processor.py:171} INFO - Processing /home/airflow/.local/lib/python3.7/site-packages/airflow/example_dags/example_short_circuit_operator.py took 0.306 seconds
[2022-02-22 03:48:45,823] {processor.py:163} INFO - Started process (PID=1647) to work on /home/airflow/.local/lib/python3.7/site-packages/airflow/example_dags/example_short_circuit_operator.py
[2022-02-22 03:48:45,825] {processor.py:642} INFO - Processing file /home/airflow/.local/lib/python3.7/site-packages/airflow/example_dags/example_short_circuit_operator.py for tasks to queue
[2022-02-22 03:48:45,826] {logging_mixin.py:109} INFO - [2022-02-22 03:48:45,826] {dagbag.py:500} INFO - Filling up the DagBag from /home/airflow/.local/lib/python3.7/site-packages/airflow/example_dags/example_short_circuit_operator.py
[2022-02-22 03:48:45,853] {processor.py:654} INFO - DAG(s) dict_keys(['example_short_circuit_operator']) retrieved from /home/airflow/.local/lib/python3.7/site-packages/airflow/example_dags/example_short_circuit_operator.py
[2022-02-22 03:48:45,866] {logging_mixin.py:109} INFO - [2022-02-22 03:48:45,865] {dag.py:2396} INFO - Sync 1 DAGs
[2022-02-22 03:48:45,881] {logging_mixin.py:109} INFO - [2022-02-22 03:48:45,881] {dag.py:2935} INFO - Setting next_dagrun for example_short_circuit_operator to 2022-02-21T03:48:45.880770+00:00
[2022-02-22 03:48:45,892] {processor.py:171} INFO - Processing /home/airflow/.local/lib/python3.7/site-packages/airflow/example_dags/example_short_circuit_operator.py took 0.073 seconds
[2022-02-22 03:49:16,273] {processor.py:163} INFO - Started process (PID=1698) to work on /home/airflow/.local/lib/python3.7/site-packages/airflow/example_dags/example_short_circuit_operator.py
[2022-02-22 03:49:16,277] {processor.py:642} INFO - Processing file /home/airflow/.local/lib/python3.7/site-packages/airflow/example_dags/example_short_circuit_operator.py for tasks to queue
[2022-02-22 03:49:16,280] {logging_mixin.py:109} INFO - [2022-02-22 03:49:16,280] {dagbag.py:500} INFO - Filling up the DagBag from /home/airflow/.local/lib/python3.7/site-packages/airflow/example_dags/example_short_circuit_operator.py
[2022-02-22 03:49:16,350] {processor.py:654} INFO - DAG(s) dict_keys(['example_short_circuit_operator']) retrieved from /home/airflow/.local/lib/python3.7/site-packages/airflow/example_dags/example_short_circuit_operator.py
[2022-02-22 03:49:16,374] {logging_mixin.py:109} INFO - [2022-02-22 03:49:16,374] {dag.py:2396} INFO - Sync 1 DAGs
[2022-02-22 03:49:16,412] {logging_mixin.py:109} INFO - [2022-02-22 03:49:16,412] {dag.py:2935} INFO - Setting next_dagrun for example_short_circuit_operator to 2022-02-21T03:49:16.411880+00:00
[2022-02-22 03:49:16,428] {processor.py:171} INFO - Processing /home/airflow/.local/lib/python3.7/site-packages/airflow/example_dags/example_short_circuit_operator.py took 0.162 seconds
