[2022-02-22 00:00:08,488] {processor.py:163} INFO - Started process (PID=1047) to work on /home/airflow/.local/lib/python3.7/site-packages/airflow/example_dags/example_latest_only_with_trigger.py
[2022-02-22 00:00:08,495] {processor.py:642} INFO - Processing file /home/airflow/.local/lib/python3.7/site-packages/airflow/example_dags/example_latest_only_with_trigger.py for tasks to queue
[2022-02-22 00:00:08,503] {logging_mixin.py:109} INFO - [2022-02-22 00:00:08,501] {dagbag.py:500} INFO - Filling up the DagBag from /home/airflow/.local/lib/python3.7/site-packages/airflow/example_dags/example_latest_only_with_trigger.py
[2022-02-22 00:00:08,629] {processor.py:654} INFO - DAG(s) dict_keys(['latest_only_with_trigger']) retrieved from /home/airflow/.local/lib/python3.7/site-packages/airflow/example_dags/example_latest_only_with_trigger.py
[2022-02-22 00:00:09,089] {logging_mixin.py:109} INFO - [2022-02-22 00:00:09,089] {dag.py:2396} INFO - Sync 1 DAGs
[2022-02-22 00:00:09,342] {logging_mixin.py:109} INFO - [2022-02-22 00:00:09,341] {dag.py:2935} INFO - Setting next_dagrun for latest_only_with_trigger to 2022-02-21T20:00:09.324306+00:00
[2022-02-22 00:00:09,456] {processor.py:171} INFO - Processing /home/airflow/.local/lib/python3.7/site-packages/airflow/example_dags/example_latest_only_with_trigger.py took 1.077 seconds
[2022-02-22 00:00:40,752] {processor.py:163} INFO - Started process (PID=1090) to work on /home/airflow/.local/lib/python3.7/site-packages/airflow/example_dags/example_latest_only_with_trigger.py
[2022-02-22 00:00:40,755] {processor.py:642} INFO - Processing file /home/airflow/.local/lib/python3.7/site-packages/airflow/example_dags/example_latest_only_with_trigger.py for tasks to queue
[2022-02-22 00:00:40,757] {logging_mixin.py:109} INFO - [2022-02-22 00:00:40,757] {dagbag.py:500} INFO - Filling up the DagBag from /home/airflow/.local/lib/python3.7/site-packages/airflow/example_dags/example_latest_only_with_trigger.py
[2022-02-22 00:00:40,827] {processor.py:654} INFO - DAG(s) dict_keys(['latest_only_with_trigger']) retrieved from /home/airflow/.local/lib/python3.7/site-packages/airflow/example_dags/example_latest_only_with_trigger.py
[2022-02-22 00:00:40,847] {logging_mixin.py:109} INFO - [2022-02-22 00:00:40,847] {dag.py:2396} INFO - Sync 1 DAGs
[2022-02-22 00:00:40,878] {logging_mixin.py:109} INFO - [2022-02-22 00:00:40,878] {dag.py:2935} INFO - Setting next_dagrun for latest_only_with_trigger to 2022-02-21T20:00:40.877876+00:00
[2022-02-22 00:00:40,893] {processor.py:171} INFO - Processing /home/airflow/.local/lib/python3.7/site-packages/airflow/example_dags/example_latest_only_with_trigger.py took 0.145 seconds
[2022-02-22 00:01:10,972] {processor.py:163} INFO - Started process (PID=1144) to work on /home/airflow/.local/lib/python3.7/site-packages/airflow/example_dags/example_latest_only_with_trigger.py
[2022-02-22 00:01:10,974] {processor.py:642} INFO - Processing file /home/airflow/.local/lib/python3.7/site-packages/airflow/example_dags/example_latest_only_with_trigger.py for tasks to queue
[2022-02-22 00:01:10,976] {logging_mixin.py:109} INFO - [2022-02-22 00:01:10,976] {dagbag.py:500} INFO - Filling up the DagBag from /home/airflow/.local/lib/python3.7/site-packages/airflow/example_dags/example_latest_only_with_trigger.py
[2022-02-22 00:01:11,013] {processor.py:654} INFO - DAG(s) dict_keys(['latest_only_with_trigger']) retrieved from /home/airflow/.local/lib/python3.7/site-packages/airflow/example_dags/example_latest_only_with_trigger.py
[2022-02-22 00:01:11,032] {logging_mixin.py:109} INFO - [2022-02-22 00:01:11,032] {dag.py:2396} INFO - Sync 1 DAGs
[2022-02-22 00:01:11,057] {logging_mixin.py:109} INFO - [2022-02-22 00:01:11,057] {dag.py:2935} INFO - Setting next_dagrun for latest_only_with_trigger to 2022-02-21T20:01:11.056581+00:00
[2022-02-22 00:01:11,069] {processor.py:171} INFO - Processing /home/airflow/.local/lib/python3.7/site-packages/airflow/example_dags/example_latest_only_with_trigger.py took 0.102 seconds
[2022-02-22 00:01:42,380] {processor.py:163} INFO - Started process (PID=1196) to work on /home/airflow/.local/lib/python3.7/site-packages/airflow/example_dags/example_latest_only_with_trigger.py
[2022-02-22 00:01:42,386] {processor.py:642} INFO - Processing file /home/airflow/.local/lib/python3.7/site-packages/airflow/example_dags/example_latest_only_with_trigger.py for tasks to queue
[2022-02-22 00:01:42,390] {logging_mixin.py:109} INFO - [2022-02-22 00:01:42,390] {dagbag.py:500} INFO - Filling up the DagBag from /home/airflow/.local/lib/python3.7/site-packages/airflow/example_dags/example_latest_only_with_trigger.py
[2022-02-22 00:01:42,445] {processor.py:654} INFO - DAG(s) dict_keys(['latest_only_with_trigger']) retrieved from /home/airflow/.local/lib/python3.7/site-packages/airflow/example_dags/example_latest_only_with_trigger.py
[2022-02-22 00:01:42,469] {logging_mixin.py:109} INFO - [2022-02-22 00:01:42,469] {dag.py:2396} INFO - Sync 1 DAGs
[2022-02-22 00:01:42,497] {logging_mixin.py:109} INFO - [2022-02-22 00:01:42,495] {dag.py:2935} INFO - Setting next_dagrun for latest_only_with_trigger to 2022-02-21T20:01:42.494808+00:00
[2022-02-22 00:01:42,527] {processor.py:171} INFO - Processing /home/airflow/.local/lib/python3.7/site-packages/airflow/example_dags/example_latest_only_with_trigger.py took 0.157 seconds
[2022-02-22 00:02:13,552] {processor.py:163} INFO - Started process (PID=1248) to work on /home/airflow/.local/lib/python3.7/site-packages/airflow/example_dags/example_latest_only_with_trigger.py
[2022-02-22 00:02:13,568] {processor.py:642} INFO - Processing file /home/airflow/.local/lib/python3.7/site-packages/airflow/example_dags/example_latest_only_with_trigger.py for tasks to queue
[2022-02-22 00:02:13,585] {logging_mixin.py:109} INFO - [2022-02-22 00:02:13,585] {dagbag.py:500} INFO - Filling up the DagBag from /home/airflow/.local/lib/python3.7/site-packages/airflow/example_dags/example_latest_only_with_trigger.py
[2022-02-22 00:02:13,771] {processor.py:654} INFO - DAG(s) dict_keys(['latest_only_with_trigger']) retrieved from /home/airflow/.local/lib/python3.7/site-packages/airflow/example_dags/example_latest_only_with_trigger.py
[2022-02-22 00:02:13,832] {logging_mixin.py:109} INFO - [2022-02-22 00:02:13,831] {dag.py:2396} INFO - Sync 1 DAGs
[2022-02-22 00:02:13,888] {logging_mixin.py:109} INFO - [2022-02-22 00:02:13,887] {dag.py:2935} INFO - Setting next_dagrun for latest_only_with_trigger to 2022-02-21T20:02:13.878143+00:00
[2022-02-22 00:02:13,931] {processor.py:171} INFO - Processing /home/airflow/.local/lib/python3.7/site-packages/airflow/example_dags/example_latest_only_with_trigger.py took 0.389 seconds
[2022-02-22 00:02:44,113] {processor.py:163} INFO - Started process (PID=1303) to work on /home/airflow/.local/lib/python3.7/site-packages/airflow/example_dags/example_latest_only_with_trigger.py
[2022-02-22 00:02:44,118] {processor.py:642} INFO - Processing file /home/airflow/.local/lib/python3.7/site-packages/airflow/example_dags/example_latest_only_with_trigger.py for tasks to queue
[2022-02-22 00:02:44,131] {logging_mixin.py:109} INFO - [2022-02-22 00:02:44,130] {dagbag.py:500} INFO - Filling up the DagBag from /home/airflow/.local/lib/python3.7/site-packages/airflow/example_dags/example_latest_only_with_trigger.py
[2022-02-22 00:02:44,177] {processor.py:654} INFO - DAG(s) dict_keys(['latest_only_with_trigger']) retrieved from /home/airflow/.local/lib/python3.7/site-packages/airflow/example_dags/example_latest_only_with_trigger.py
[2022-02-22 00:02:44,198] {logging_mixin.py:109} INFO - [2022-02-22 00:02:44,198] {dag.py:2396} INFO - Sync 1 DAGs
[2022-02-22 00:02:44,236] {logging_mixin.py:109} INFO - [2022-02-22 00:02:44,236] {dag.py:2935} INFO - Setting next_dagrun for latest_only_with_trigger to 2022-02-21T20:02:44.236334+00:00
[2022-02-22 00:02:44,248] {processor.py:171} INFO - Processing /home/airflow/.local/lib/python3.7/site-packages/airflow/example_dags/example_latest_only_with_trigger.py took 0.142 seconds
[2022-02-22 00:03:15,164] {processor.py:163} INFO - Started process (PID=1357) to work on /home/airflow/.local/lib/python3.7/site-packages/airflow/example_dags/example_latest_only_with_trigger.py
[2022-02-22 00:03:15,176] {processor.py:642} INFO - Processing file /home/airflow/.local/lib/python3.7/site-packages/airflow/example_dags/example_latest_only_with_trigger.py for tasks to queue
[2022-02-22 00:03:15,179] {logging_mixin.py:109} INFO - [2022-02-22 00:03:15,179] {dagbag.py:500} INFO - Filling up the DagBag from /home/airflow/.local/lib/python3.7/site-packages/airflow/example_dags/example_latest_only_with_trigger.py
[2022-02-22 00:03:15,222] {processor.py:654} INFO - DAG(s) dict_keys(['latest_only_with_trigger']) retrieved from /home/airflow/.local/lib/python3.7/site-packages/airflow/example_dags/example_latest_only_with_trigger.py
[2022-02-22 00:03:15,239] {logging_mixin.py:109} INFO - [2022-02-22 00:03:15,239] {dag.py:2396} INFO - Sync 1 DAGs
[2022-02-22 00:03:15,263] {logging_mixin.py:109} INFO - [2022-02-22 00:03:15,263] {dag.py:2935} INFO - Setting next_dagrun for latest_only_with_trigger to 2022-02-21T20:03:15.262905+00:00
[2022-02-22 00:03:15,282] {processor.py:171} INFO - Processing /home/airflow/.local/lib/python3.7/site-packages/airflow/example_dags/example_latest_only_with_trigger.py took 0.132 seconds
[2022-02-22 00:03:52,289] {processor.py:163} INFO - Started process (PID=1411) to work on /home/airflow/.local/lib/python3.7/site-packages/airflow/example_dags/example_latest_only_with_trigger.py
[2022-02-22 00:03:52,296] {processor.py:642} INFO - Processing file /home/airflow/.local/lib/python3.7/site-packages/airflow/example_dags/example_latest_only_with_trigger.py for tasks to queue
[2022-02-22 00:03:52,299] {logging_mixin.py:109} INFO - [2022-02-22 00:03:52,299] {dagbag.py:500} INFO - Filling up the DagBag from /home/airflow/.local/lib/python3.7/site-packages/airflow/example_dags/example_latest_only_with_trigger.py
[2022-02-22 00:03:52,396] {processor.py:654} INFO - DAG(s) dict_keys(['latest_only_with_trigger']) retrieved from /home/airflow/.local/lib/python3.7/site-packages/airflow/example_dags/example_latest_only_with_trigger.py
[2022-02-22 00:03:52,442] {logging_mixin.py:109} INFO - [2022-02-22 00:03:52,442] {dag.py:2396} INFO - Sync 1 DAGs
[2022-02-22 00:03:52,492] {logging_mixin.py:109} INFO - [2022-02-22 00:03:52,492] {dag.py:2935} INFO - Setting next_dagrun for latest_only_with_trigger to 2022-02-21T20:03:52.491877+00:00
[2022-02-22 00:03:52,510] {processor.py:171} INFO - Processing /home/airflow/.local/lib/python3.7/site-packages/airflow/example_dags/example_latest_only_with_trigger.py took 0.237 seconds
[2022-02-22 03:47:45,869] {processor.py:163} INFO - Started process (PID=1558) to work on /home/airflow/.local/lib/python3.7/site-packages/airflow/example_dags/example_latest_only_with_trigger.py
[2022-02-22 03:47:45,890] {processor.py:642} INFO - Processing file /home/airflow/.local/lib/python3.7/site-packages/airflow/example_dags/example_latest_only_with_trigger.py for tasks to queue
[2022-02-22 03:47:45,904] {logging_mixin.py:109} INFO - [2022-02-22 03:47:45,904] {dagbag.py:500} INFO - Filling up the DagBag from /home/airflow/.local/lib/python3.7/site-packages/airflow/example_dags/example_latest_only_with_trigger.py
[2022-02-22 03:47:46,153] {processor.py:654} INFO - DAG(s) dict_keys(['latest_only_with_trigger']) retrieved from /home/airflow/.local/lib/python3.7/site-packages/airflow/example_dags/example_latest_only_with_trigger.py
[2022-02-22 03:47:46,265] {logging_mixin.py:109} INFO - [2022-02-22 03:47:46,265] {dag.py:2396} INFO - Sync 1 DAGs
[2022-02-22 03:47:46,409] {logging_mixin.py:109} INFO - [2022-02-22 03:47:46,409] {dag.py:2935} INFO - Setting next_dagrun for latest_only_with_trigger to 2022-02-21T23:47:46.409395+00:00
[2022-02-22 03:47:46,498] {processor.py:171} INFO - Processing /home/airflow/.local/lib/python3.7/site-packages/airflow/example_dags/example_latest_only_with_trigger.py took 0.661 seconds
[2022-02-22 03:48:17,584] {processor.py:163} INFO - Started process (PID=1600) to work on /home/airflow/.local/lib/python3.7/site-packages/airflow/example_dags/example_latest_only_with_trigger.py
[2022-02-22 03:48:17,591] {processor.py:642} INFO - Processing file /home/airflow/.local/lib/python3.7/site-packages/airflow/example_dags/example_latest_only_with_trigger.py for tasks to queue
[2022-02-22 03:48:17,635] {logging_mixin.py:109} INFO - [2022-02-22 03:48:17,635] {dagbag.py:500} INFO - Filling up the DagBag from /home/airflow/.local/lib/python3.7/site-packages/airflow/example_dags/example_latest_only_with_trigger.py
[2022-02-22 03:48:17,737] {processor.py:654} INFO - DAG(s) dict_keys(['latest_only_with_trigger']) retrieved from /home/airflow/.local/lib/python3.7/site-packages/airflow/example_dags/example_latest_only_with_trigger.py
[2022-02-22 03:48:17,784] {logging_mixin.py:109} INFO - [2022-02-22 03:48:17,784] {dag.py:2396} INFO - Sync 1 DAGs
[2022-02-22 03:48:17,835] {logging_mixin.py:109} INFO - [2022-02-22 03:48:17,835] {dag.py:2935} INFO - Setting next_dagrun for latest_only_with_trigger to 2022-02-21T23:48:17.834867+00:00
[2022-02-22 03:48:17,872] {processor.py:171} INFO - Processing /home/airflow/.local/lib/python3.7/site-packages/airflow/example_dags/example_latest_only_with_trigger.py took 0.303 seconds
[2022-02-22 03:48:48,181] {processor.py:163} INFO - Started process (PID=1651) to work on /home/airflow/.local/lib/python3.7/site-packages/airflow/example_dags/example_latest_only_with_trigger.py
[2022-02-22 03:48:48,184] {processor.py:642} INFO - Processing file /home/airflow/.local/lib/python3.7/site-packages/airflow/example_dags/example_latest_only_with_trigger.py for tasks to queue
[2022-02-22 03:48:48,187] {logging_mixin.py:109} INFO - [2022-02-22 03:48:48,186] {dagbag.py:500} INFO - Filling up the DagBag from /home/airflow/.local/lib/python3.7/site-packages/airflow/example_dags/example_latest_only_with_trigger.py
[2022-02-22 03:48:48,228] {processor.py:654} INFO - DAG(s) dict_keys(['latest_only_with_trigger']) retrieved from /home/airflow/.local/lib/python3.7/site-packages/airflow/example_dags/example_latest_only_with_trigger.py
[2022-02-22 03:48:48,239] {logging_mixin.py:109} INFO - [2022-02-22 03:48:48,238] {dag.py:2396} INFO - Sync 1 DAGs
[2022-02-22 03:48:48,275] {logging_mixin.py:109} INFO - [2022-02-22 03:48:48,275] {dag.py:2935} INFO - Setting next_dagrun for latest_only_with_trigger to 2022-02-21T23:48:48.275456+00:00
[2022-02-22 03:48:48,288] {processor.py:171} INFO - Processing /home/airflow/.local/lib/python3.7/site-packages/airflow/example_dags/example_latest_only_with_trigger.py took 0.112 seconds
