[2022-02-22 00:00:35,249] {processor.py:163} INFO - Started process (PID=1075) to work on /home/airflow/.local/lib/python3.7/site-packages/airflow/example_dags/example_task_group.py
[2022-02-22 00:00:35,272] {processor.py:642} INFO - Processing file /home/airflow/.local/lib/python3.7/site-packages/airflow/example_dags/example_task_group.py for tasks to queue
[2022-02-22 00:00:35,285] {logging_mixin.py:109} INFO - [2022-02-22 00:00:35,285] {dagbag.py:500} INFO - Filling up the DagBag from /home/airflow/.local/lib/python3.7/site-packages/airflow/example_dags/example_task_group.py
[2022-02-22 00:00:35,736] {processor.py:654} INFO - DAG(s) dict_keys(['example_task_group']) retrieved from /home/airflow/.local/lib/python3.7/site-packages/airflow/example_dags/example_task_group.py
[2022-02-22 00:00:35,857] {logging_mixin.py:109} INFO - [2022-02-22 00:00:35,857] {dag.py:2396} INFO - Sync 1 DAGs
[2022-02-22 00:00:36,059] {logging_mixin.py:109} INFO - [2022-02-22 00:00:36,059] {dag.py:2935} INFO - Setting next_dagrun for example_task_group to 2022-02-21T00:00:36.059346+00:00
[2022-02-22 00:00:36,143] {processor.py:171} INFO - Processing /home/airflow/.local/lib/python3.7/site-packages/airflow/example_dags/example_task_group.py took 0.910 seconds
[2022-02-22 00:01:06,657] {processor.py:163} INFO - Started process (PID=1129) to work on /home/airflow/.local/lib/python3.7/site-packages/airflow/example_dags/example_task_group.py
[2022-02-22 00:01:06,660] {processor.py:642} INFO - Processing file /home/airflow/.local/lib/python3.7/site-packages/airflow/example_dags/example_task_group.py for tasks to queue
[2022-02-22 00:01:06,666] {logging_mixin.py:109} INFO - [2022-02-22 00:01:06,666] {dagbag.py:500} INFO - Filling up the DagBag from /home/airflow/.local/lib/python3.7/site-packages/airflow/example_dags/example_task_group.py
[2022-02-22 00:01:06,848] {processor.py:654} INFO - DAG(s) dict_keys(['example_task_group']) retrieved from /home/airflow/.local/lib/python3.7/site-packages/airflow/example_dags/example_task_group.py
[2022-02-22 00:01:06,962] {logging_mixin.py:109} INFO - [2022-02-22 00:01:06,962] {dag.py:2396} INFO - Sync 1 DAGs
[2022-02-22 00:01:07,033] {logging_mixin.py:109} INFO - [2022-02-22 00:01:07,033] {dag.py:2935} INFO - Setting next_dagrun for example_task_group to 2022-02-21T00:01:07.032731+00:00
[2022-02-22 00:01:07,065] {processor.py:171} INFO - Processing /home/airflow/.local/lib/python3.7/site-packages/airflow/example_dags/example_task_group.py took 0.422 seconds
[2022-02-22 00:01:37,617] {processor.py:163} INFO - Started process (PID=1181) to work on /home/airflow/.local/lib/python3.7/site-packages/airflow/example_dags/example_task_group.py
[2022-02-22 00:01:37,620] {processor.py:642} INFO - Processing file /home/airflow/.local/lib/python3.7/site-packages/airflow/example_dags/example_task_group.py for tasks to queue
[2022-02-22 00:01:37,623] {logging_mixin.py:109} INFO - [2022-02-22 00:01:37,622] {dagbag.py:500} INFO - Filling up the DagBag from /home/airflow/.local/lib/python3.7/site-packages/airflow/example_dags/example_task_group.py
[2022-02-22 00:01:37,709] {processor.py:654} INFO - DAG(s) dict_keys(['example_task_group']) retrieved from /home/airflow/.local/lib/python3.7/site-packages/airflow/example_dags/example_task_group.py
[2022-02-22 00:01:37,763] {logging_mixin.py:109} INFO - [2022-02-22 00:01:37,763] {dag.py:2396} INFO - Sync 1 DAGs
[2022-02-22 00:01:37,798] {logging_mixin.py:109} INFO - [2022-02-22 00:01:37,798] {dag.py:2935} INFO - Setting next_dagrun for example_task_group to 2022-02-21T00:01:37.797821+00:00
[2022-02-22 00:01:37,824] {processor.py:171} INFO - Processing /home/airflow/.local/lib/python3.7/site-packages/airflow/example_dags/example_task_group.py took 0.224 seconds
[2022-02-22 00:02:08,452] {processor.py:163} INFO - Started process (PID=1233) to work on /home/airflow/.local/lib/python3.7/site-packages/airflow/example_dags/example_task_group.py
[2022-02-22 00:02:08,455] {processor.py:642} INFO - Processing file /home/airflow/.local/lib/python3.7/site-packages/airflow/example_dags/example_task_group.py for tasks to queue
[2022-02-22 00:02:08,460] {logging_mixin.py:109} INFO - [2022-02-22 00:02:08,459] {dagbag.py:500} INFO - Filling up the DagBag from /home/airflow/.local/lib/python3.7/site-packages/airflow/example_dags/example_task_group.py
[2022-02-22 00:02:08,538] {processor.py:654} INFO - DAG(s) dict_keys(['example_task_group']) retrieved from /home/airflow/.local/lib/python3.7/site-packages/airflow/example_dags/example_task_group.py
[2022-02-22 00:02:08,562] {logging_mixin.py:109} INFO - [2022-02-22 00:02:08,562] {dag.py:2396} INFO - Sync 1 DAGs
[2022-02-22 00:02:08,592] {logging_mixin.py:109} INFO - [2022-02-22 00:02:08,592] {dag.py:2935} INFO - Setting next_dagrun for example_task_group to 2022-02-21T00:02:08.591500+00:00
[2022-02-22 00:02:08,623] {processor.py:171} INFO - Processing /home/airflow/.local/lib/python3.7/site-packages/airflow/example_dags/example_task_group.py took 0.181 seconds
[2022-02-22 00:02:39,520] {processor.py:163} INFO - Started process (PID=1277) to work on /home/airflow/.local/lib/python3.7/site-packages/airflow/example_dags/example_task_group.py
[2022-02-22 00:02:39,524] {processor.py:642} INFO - Processing file /home/airflow/.local/lib/python3.7/site-packages/airflow/example_dags/example_task_group.py for tasks to queue
[2022-02-22 00:02:39,528] {logging_mixin.py:109} INFO - [2022-02-22 00:02:39,528] {dagbag.py:500} INFO - Filling up the DagBag from /home/airflow/.local/lib/python3.7/site-packages/airflow/example_dags/example_task_group.py
[2022-02-22 00:02:39,592] {processor.py:654} INFO - DAG(s) dict_keys(['example_task_group']) retrieved from /home/airflow/.local/lib/python3.7/site-packages/airflow/example_dags/example_task_group.py
[2022-02-22 00:02:39,646] {logging_mixin.py:109} INFO - [2022-02-22 00:02:39,645] {dag.py:2396} INFO - Sync 1 DAGs
[2022-02-22 00:02:39,685] {logging_mixin.py:109} INFO - [2022-02-22 00:02:39,685] {dag.py:2935} INFO - Setting next_dagrun for example_task_group to 2022-02-21T00:02:39.684987+00:00
[2022-02-22 00:02:39,725] {processor.py:171} INFO - Processing /home/airflow/.local/lib/python3.7/site-packages/airflow/example_dags/example_task_group.py took 0.218 seconds
[2022-02-22 00:03:10,124] {processor.py:163} INFO - Started process (PID=1342) to work on /home/airflow/.local/lib/python3.7/site-packages/airflow/example_dags/example_task_group.py
[2022-02-22 00:03:10,127] {processor.py:642} INFO - Processing file /home/airflow/.local/lib/python3.7/site-packages/airflow/example_dags/example_task_group.py for tasks to queue
[2022-02-22 00:03:10,132] {logging_mixin.py:109} INFO - [2022-02-22 00:03:10,132] {dagbag.py:500} INFO - Filling up the DagBag from /home/airflow/.local/lib/python3.7/site-packages/airflow/example_dags/example_task_group.py
[2022-02-22 00:03:10,218] {processor.py:654} INFO - DAG(s) dict_keys(['example_task_group']) retrieved from /home/airflow/.local/lib/python3.7/site-packages/airflow/example_dags/example_task_group.py
[2022-02-22 00:03:10,255] {logging_mixin.py:109} INFO - [2022-02-22 00:03:10,254] {dag.py:2396} INFO - Sync 1 DAGs
[2022-02-22 00:03:10,296] {logging_mixin.py:109} INFO - [2022-02-22 00:03:10,296] {dag.py:2935} INFO - Setting next_dagrun for example_task_group to 2022-02-21T00:03:10.294590+00:00
[2022-02-22 00:03:10,312] {processor.py:171} INFO - Processing /home/airflow/.local/lib/python3.7/site-packages/airflow/example_dags/example_task_group.py took 0.195 seconds
[2022-02-22 00:03:47,209] {processor.py:163} INFO - Started process (PID=1394) to work on /home/airflow/.local/lib/python3.7/site-packages/airflow/example_dags/example_task_group.py
[2022-02-22 00:03:47,213] {processor.py:642} INFO - Processing file /home/airflow/.local/lib/python3.7/site-packages/airflow/example_dags/example_task_group.py for tasks to queue
[2022-02-22 00:03:47,221] {logging_mixin.py:109} INFO - [2022-02-22 00:03:47,221] {dagbag.py:500} INFO - Filling up the DagBag from /home/airflow/.local/lib/python3.7/site-packages/airflow/example_dags/example_task_group.py
[2022-02-22 00:03:47,437] {processor.py:654} INFO - DAG(s) dict_keys(['example_task_group']) retrieved from /home/airflow/.local/lib/python3.7/site-packages/airflow/example_dags/example_task_group.py
[2022-02-22 00:03:47,485] {logging_mixin.py:109} INFO - [2022-02-22 00:03:47,485] {dag.py:2396} INFO - Sync 1 DAGs
[2022-02-22 00:03:47,541] {logging_mixin.py:109} INFO - [2022-02-22 00:03:47,541] {dag.py:2935} INFO - Setting next_dagrun for example_task_group to 2022-02-21T00:03:47.541122+00:00
[2022-02-22 00:03:47,583] {processor.py:171} INFO - Processing /home/airflow/.local/lib/python3.7/site-packages/airflow/example_dags/example_task_group.py took 0.398 seconds
[2022-02-22 00:39:36,388] {processor.py:163} INFO - Started process (PID=1491) to work on /home/airflow/.local/lib/python3.7/site-packages/airflow/example_dags/example_task_group.py
[2022-02-22 00:39:36,397] {processor.py:642} INFO - Processing file /home/airflow/.local/lib/python3.7/site-packages/airflow/example_dags/example_task_group.py for tasks to queue
[2022-02-22 00:39:36,399] {logging_mixin.py:109} INFO - [2022-02-22 00:39:36,399] {dagbag.py:500} INFO - Filling up the DagBag from /home/airflow/.local/lib/python3.7/site-packages/airflow/example_dags/example_task_group.py
[2022-02-22 00:39:36,802] {processor.py:654} INFO - DAG(s) dict_keys(['example_task_group']) retrieved from /home/airflow/.local/lib/python3.7/site-packages/airflow/example_dags/example_task_group.py
[2022-02-22 00:39:36,991] {logging_mixin.py:109} INFO - [2022-02-22 00:39:36,988] {dag.py:2396} INFO - Sync 1 DAGs
[2022-02-22 00:39:37,213] {logging_mixin.py:109} INFO - [2022-02-22 00:39:37,213] {dag.py:2935} INFO - Setting next_dagrun for example_task_group to 2022-02-21T00:39:37.212775+00:00
[2022-02-22 00:39:37,301] {processor.py:171} INFO - Processing /home/airflow/.local/lib/python3.7/site-packages/airflow/example_dags/example_task_group.py took 0.964 seconds
[2022-02-22 03:47:31,748] {processor.py:163} INFO - Started process (PID=1533) to work on /home/airflow/.local/lib/python3.7/site-packages/airflow/example_dags/example_task_group.py
[2022-02-22 03:47:31,761] {processor.py:642} INFO - Processing file /home/airflow/.local/lib/python3.7/site-packages/airflow/example_dags/example_task_group.py for tasks to queue
[2022-02-22 03:47:31,784] {logging_mixin.py:109} INFO - [2022-02-22 03:47:31,784] {dagbag.py:500} INFO - Filling up the DagBag from /home/airflow/.local/lib/python3.7/site-packages/airflow/example_dags/example_task_group.py
[2022-02-22 03:47:32,414] {processor.py:654} INFO - DAG(s) dict_keys(['example_task_group']) retrieved from /home/airflow/.local/lib/python3.7/site-packages/airflow/example_dags/example_task_group.py
[2022-02-22 03:47:32,577] {logging_mixin.py:109} INFO - [2022-02-22 03:47:32,576] {dag.py:2396} INFO - Sync 1 DAGs
[2022-02-22 03:47:33,030] {logging_mixin.py:109} INFO - [2022-02-22 03:47:33,030] {dag.py:2935} INFO - Setting next_dagrun for example_task_group to 2022-02-21T03:47:32.990960+00:00
[2022-02-22 03:47:33,508] {processor.py:171} INFO - Processing /home/airflow/.local/lib/python3.7/site-packages/airflow/example_dags/example_task_group.py took 1.787 seconds
[2022-02-22 03:48:08,087] {processor.py:163} INFO - Started process (PID=1585) to work on /home/airflow/.local/lib/python3.7/site-packages/airflow/example_dags/example_task_group.py
[2022-02-22 03:48:08,096] {processor.py:642} INFO - Processing file /home/airflow/.local/lib/python3.7/site-packages/airflow/example_dags/example_task_group.py for tasks to queue
[2022-02-22 03:48:08,121] {logging_mixin.py:109} INFO - [2022-02-22 03:48:08,106] {dagbag.py:500} INFO - Filling up the DagBag from /home/airflow/.local/lib/python3.7/site-packages/airflow/example_dags/example_task_group.py
[2022-02-22 03:48:08,479] {processor.py:654} INFO - DAG(s) dict_keys(['example_task_group']) retrieved from /home/airflow/.local/lib/python3.7/site-packages/airflow/example_dags/example_task_group.py
[2022-02-22 03:48:08,651] {logging_mixin.py:109} INFO - [2022-02-22 03:48:08,651] {dag.py:2396} INFO - Sync 1 DAGs
[2022-02-22 03:48:08,816] {logging_mixin.py:109} INFO - [2022-02-22 03:48:08,816] {dag.py:2935} INFO - Setting next_dagrun for example_task_group to 2022-02-21T03:48:08.816237+00:00
[2022-02-22 03:48:08,919] {processor.py:171} INFO - Processing /home/airflow/.local/lib/python3.7/site-packages/airflow/example_dags/example_task_group.py took 0.980 seconds
[2022-02-22 03:48:39,713] {processor.py:163} INFO - Started process (PID=1637) to work on /home/airflow/.local/lib/python3.7/site-packages/airflow/example_dags/example_task_group.py
[2022-02-22 03:48:39,720] {processor.py:642} INFO - Processing file /home/airflow/.local/lib/python3.7/site-packages/airflow/example_dags/example_task_group.py for tasks to queue
[2022-02-22 03:48:39,721] {logging_mixin.py:109} INFO - [2022-02-22 03:48:39,721] {dagbag.py:500} INFO - Filling up the DagBag from /home/airflow/.local/lib/python3.7/site-packages/airflow/example_dags/example_task_group.py
[2022-02-22 03:48:39,784] {processor.py:654} INFO - DAG(s) dict_keys(['example_task_group']) retrieved from /home/airflow/.local/lib/python3.7/site-packages/airflow/example_dags/example_task_group.py
[2022-02-22 03:48:39,817] {logging_mixin.py:109} INFO - [2022-02-22 03:48:39,817] {dag.py:2396} INFO - Sync 1 DAGs
[2022-02-22 03:48:39,860] {logging_mixin.py:109} INFO - [2022-02-22 03:48:39,860] {dag.py:2935} INFO - Setting next_dagrun for example_task_group to 2022-02-21T03:48:39.860276+00:00
[2022-02-22 03:48:39,924] {processor.py:171} INFO - Processing /home/airflow/.local/lib/python3.7/site-packages/airflow/example_dags/example_task_group.py took 0.214 seconds
[2022-02-22 03:49:10,521] {processor.py:163} INFO - Started process (PID=1689) to work on /home/airflow/.local/lib/python3.7/site-packages/airflow/example_dags/example_task_group.py
[2022-02-22 03:49:10,528] {processor.py:642} INFO - Processing file /home/airflow/.local/lib/python3.7/site-packages/airflow/example_dags/example_task_group.py for tasks to queue
[2022-02-22 03:49:10,530] {logging_mixin.py:109} INFO - [2022-02-22 03:49:10,529] {dagbag.py:500} INFO - Filling up the DagBag from /home/airflow/.local/lib/python3.7/site-packages/airflow/example_dags/example_task_group.py
[2022-02-22 03:49:10,591] {processor.py:654} INFO - DAG(s) dict_keys(['example_task_group']) retrieved from /home/airflow/.local/lib/python3.7/site-packages/airflow/example_dags/example_task_group.py
[2022-02-22 03:49:10,617] {logging_mixin.py:109} INFO - [2022-02-22 03:49:10,616] {dag.py:2396} INFO - Sync 1 DAGs
[2022-02-22 03:49:10,647] {logging_mixin.py:109} INFO - [2022-02-22 03:49:10,647] {dag.py:2935} INFO - Setting next_dagrun for example_task_group to 2022-02-21T03:49:10.647028+00:00
[2022-02-22 03:49:10,677] {processor.py:171} INFO - Processing /home/airflow/.local/lib/python3.7/site-packages/airflow/example_dags/example_task_group.py took 0.160 seconds
[2022-02-22 13:04:47,361] {processor.py:163} INFO - Started process (PID=1864) to work on /home/airflow/.local/lib/python3.7/site-packages/airflow/example_dags/example_task_group.py
[2022-02-22 13:04:48,041] {processor.py:642} INFO - Processing file /home/airflow/.local/lib/python3.7/site-packages/airflow/example_dags/example_task_group.py for tasks to queue
[2022-02-22 13:04:48,125] {logging_mixin.py:109} INFO - [2022-02-22 13:04:48,125] {dagbag.py:500} INFO - Filling up the DagBag from /home/airflow/.local/lib/python3.7/site-packages/airflow/example_dags/example_task_group.py
[2022-02-22 13:04:53,335] {processor.py:654} INFO - DAG(s) dict_keys(['example_task_group']) retrieved from /home/airflow/.local/lib/python3.7/site-packages/airflow/example_dags/example_task_group.py
[2022-02-22 13:04:55,056] {logging_mixin.py:109} INFO - [2022-02-22 13:04:55,056] {dag.py:2396} INFO - Sync 1 DAGs
[2022-02-22 13:04:56,739] {logging_mixin.py:109} INFO - [2022-02-22 13:04:56,506] {dag.py:2935} INFO - Setting next_dagrun for example_task_group to 2022-02-21T13:04:56.229888+00:00
[2022-02-22 13:04:58,151] {processor.py:171} INFO - Processing /home/airflow/.local/lib/python3.7/site-packages/airflow/example_dags/example_task_group.py took 11.061 seconds
