[2022-02-22 00:00:32,259] {processor.py:163} INFO - Started process (PID=1071) to work on /home/airflow/.local/lib/python3.7/site-packages/airflow/example_dags/example_complex.py
[2022-02-22 00:00:32,284] {processor.py:642} INFO - Processing file /home/airflow/.local/lib/python3.7/site-packages/airflow/example_dags/example_complex.py for tasks to queue
[2022-02-22 00:00:32,308] {logging_mixin.py:109} INFO - [2022-02-22 00:00:32,295] {dagbag.py:500} INFO - Filling up the DagBag from /home/airflow/.local/lib/python3.7/site-packages/airflow/example_dags/example_complex.py
[2022-02-22 00:00:32,765] {processor.py:654} INFO - DAG(s) dict_keys(['example_complex']) retrieved from /home/airflow/.local/lib/python3.7/site-packages/airflow/example_dags/example_complex.py
[2022-02-22 00:00:32,975] {logging_mixin.py:109} INFO - [2022-02-22 00:00:32,975] {dag.py:2396} INFO - Sync 1 DAGs
[2022-02-22 00:00:33,092] {logging_mixin.py:109} INFO - [2022-02-22 00:00:33,092] {dag.py:2935} INFO - Setting next_dagrun for example_complex to None
[2022-02-22 00:00:33,177] {processor.py:171} INFO - Processing /home/airflow/.local/lib/python3.7/site-packages/airflow/example_dags/example_complex.py took 0.972 seconds
[2022-02-22 00:01:03,549] {processor.py:163} INFO - Started process (PID=1114) to work on /home/airflow/.local/lib/python3.7/site-packages/airflow/example_dags/example_complex.py
[2022-02-22 00:01:03,556] {processor.py:642} INFO - Processing file /home/airflow/.local/lib/python3.7/site-packages/airflow/example_dags/example_complex.py for tasks to queue
[2022-02-22 00:01:03,559] {logging_mixin.py:109} INFO - [2022-02-22 00:01:03,558] {dagbag.py:500} INFO - Filling up the DagBag from /home/airflow/.local/lib/python3.7/site-packages/airflow/example_dags/example_complex.py
[2022-02-22 00:01:03,650] {processor.py:654} INFO - DAG(s) dict_keys(['example_complex']) retrieved from /home/airflow/.local/lib/python3.7/site-packages/airflow/example_dags/example_complex.py
[2022-02-22 00:01:03,708] {logging_mixin.py:109} INFO - [2022-02-22 00:01:03,708] {dag.py:2396} INFO - Sync 1 DAGs
[2022-02-22 00:01:03,756] {logging_mixin.py:109} INFO - [2022-02-22 00:01:03,756] {dag.py:2935} INFO - Setting next_dagrun for example_complex to None
[2022-02-22 00:01:03,774] {processor.py:171} INFO - Processing /home/airflow/.local/lib/python3.7/site-packages/airflow/example_dags/example_complex.py took 0.235 seconds
[2022-02-22 00:01:34,110] {processor.py:163} INFO - Started process (PID=1168) to work on /home/airflow/.local/lib/python3.7/site-packages/airflow/example_dags/example_complex.py
[2022-02-22 00:01:34,116] {processor.py:642} INFO - Processing file /home/airflow/.local/lib/python3.7/site-packages/airflow/example_dags/example_complex.py for tasks to queue
[2022-02-22 00:01:34,118] {logging_mixin.py:109} INFO - [2022-02-22 00:01:34,117] {dagbag.py:500} INFO - Filling up the DagBag from /home/airflow/.local/lib/python3.7/site-packages/airflow/example_dags/example_complex.py
[2022-02-22 00:01:34,161] {processor.py:654} INFO - DAG(s) dict_keys(['example_complex']) retrieved from /home/airflow/.local/lib/python3.7/site-packages/airflow/example_dags/example_complex.py
[2022-02-22 00:01:34,179] {logging_mixin.py:109} INFO - [2022-02-22 00:01:34,179] {dag.py:2396} INFO - Sync 1 DAGs
[2022-02-22 00:01:34,196] {logging_mixin.py:109} INFO - [2022-02-22 00:01:34,196] {dag.py:2935} INFO - Setting next_dagrun for example_complex to None
[2022-02-22 00:01:34,206] {processor.py:171} INFO - Processing /home/airflow/.local/lib/python3.7/site-packages/airflow/example_dags/example_complex.py took 0.100 seconds
[2022-02-22 00:02:04,669] {processor.py:163} INFO - Started process (PID=1219) to work on /home/airflow/.local/lib/python3.7/site-packages/airflow/example_dags/example_complex.py
[2022-02-22 00:02:04,671] {processor.py:642} INFO - Processing file /home/airflow/.local/lib/python3.7/site-packages/airflow/example_dags/example_complex.py for tasks to queue
[2022-02-22 00:02:04,674] {logging_mixin.py:109} INFO - [2022-02-22 00:02:04,674] {dagbag.py:500} INFO - Filling up the DagBag from /home/airflow/.local/lib/python3.7/site-packages/airflow/example_dags/example_complex.py
[2022-02-22 00:02:04,741] {processor.py:654} INFO - DAG(s) dict_keys(['example_complex']) retrieved from /home/airflow/.local/lib/python3.7/site-packages/airflow/example_dags/example_complex.py
[2022-02-22 00:02:04,850] {logging_mixin.py:109} INFO - [2022-02-22 00:02:04,850] {dag.py:2396} INFO - Sync 1 DAGs
[2022-02-22 00:02:04,911] {logging_mixin.py:109} INFO - [2022-02-22 00:02:04,911] {dag.py:2935} INFO - Setting next_dagrun for example_complex to None
[2022-02-22 00:02:04,929] {processor.py:171} INFO - Processing /home/airflow/.local/lib/python3.7/site-packages/airflow/example_dags/example_complex.py took 0.270 seconds
[2022-02-22 00:02:35,306] {processor.py:163} INFO - Started process (PID=1272) to work on /home/airflow/.local/lib/python3.7/site-packages/airflow/example_dags/example_complex.py
[2022-02-22 00:02:35,310] {processor.py:642} INFO - Processing file /home/airflow/.local/lib/python3.7/site-packages/airflow/example_dags/example_complex.py for tasks to queue
[2022-02-22 00:02:35,312] {logging_mixin.py:109} INFO - [2022-02-22 00:02:35,311] {dagbag.py:500} INFO - Filling up the DagBag from /home/airflow/.local/lib/python3.7/site-packages/airflow/example_dags/example_complex.py
[2022-02-22 00:02:35,409] {processor.py:654} INFO - DAG(s) dict_keys(['example_complex']) retrieved from /home/airflow/.local/lib/python3.7/site-packages/airflow/example_dags/example_complex.py
[2022-02-22 00:02:35,511] {logging_mixin.py:109} INFO - [2022-02-22 00:02:35,511] {dag.py:2396} INFO - Sync 1 DAGs
[2022-02-22 00:02:35,554] {logging_mixin.py:109} INFO - [2022-02-22 00:02:35,554] {dag.py:2935} INFO - Setting next_dagrun for example_complex to None
[2022-02-22 00:02:35,577] {processor.py:171} INFO - Processing /home/airflow/.local/lib/python3.7/site-packages/airflow/example_dags/example_complex.py took 0.276 seconds
[2022-02-22 00:03:05,747] {processor.py:163} INFO - Started process (PID=1327) to work on /home/airflow/.local/lib/python3.7/site-packages/airflow/example_dags/example_complex.py
[2022-02-22 00:03:05,751] {processor.py:642} INFO - Processing file /home/airflow/.local/lib/python3.7/site-packages/airflow/example_dags/example_complex.py for tasks to queue
[2022-02-22 00:03:05,754] {logging_mixin.py:109} INFO - [2022-02-22 00:03:05,754] {dagbag.py:500} INFO - Filling up the DagBag from /home/airflow/.local/lib/python3.7/site-packages/airflow/example_dags/example_complex.py
[2022-02-22 00:03:05,842] {processor.py:654} INFO - DAG(s) dict_keys(['example_complex']) retrieved from /home/airflow/.local/lib/python3.7/site-packages/airflow/example_dags/example_complex.py
[2022-02-22 00:03:05,877] {logging_mixin.py:109} INFO - [2022-02-22 00:03:05,877] {dag.py:2396} INFO - Sync 1 DAGs
[2022-02-22 00:03:05,918] {logging_mixin.py:109} INFO - [2022-02-22 00:03:05,918] {dag.py:2935} INFO - Setting next_dagrun for example_complex to None
[2022-02-22 00:03:05,930] {processor.py:171} INFO - Processing /home/airflow/.local/lib/python3.7/site-packages/airflow/example_dags/example_complex.py took 0.186 seconds
[2022-02-22 00:03:40,632] {processor.py:163} INFO - Started process (PID=1378) to work on /home/airflow/.local/lib/python3.7/site-packages/airflow/example_dags/example_complex.py
[2022-02-22 00:03:40,657] {processor.py:642} INFO - Processing file /home/airflow/.local/lib/python3.7/site-packages/airflow/example_dags/example_complex.py for tasks to queue
[2022-02-22 00:03:40,660] {logging_mixin.py:109} INFO - [2022-02-22 00:03:40,660] {dagbag.py:500} INFO - Filling up the DagBag from /home/airflow/.local/lib/python3.7/site-packages/airflow/example_dags/example_complex.py
[2022-02-22 00:03:40,851] {processor.py:654} INFO - DAG(s) dict_keys(['example_complex']) retrieved from /home/airflow/.local/lib/python3.7/site-packages/airflow/example_dags/example_complex.py
[2022-02-22 00:03:41,082] {logging_mixin.py:109} INFO - [2022-02-22 00:03:41,082] {dag.py:2396} INFO - Sync 1 DAGs
[2022-02-22 00:03:41,173] {logging_mixin.py:109} INFO - [2022-02-22 00:03:41,173] {dag.py:2935} INFO - Setting next_dagrun for example_complex to None
[2022-02-22 00:03:41,221] {processor.py:171} INFO - Processing /home/airflow/.local/lib/python3.7/site-packages/airflow/example_dags/example_complex.py took 0.617 seconds
[2022-02-22 00:39:15,634] {processor.py:163} INFO - Started process (PID=1487) to work on /home/airflow/.local/lib/python3.7/site-packages/airflow/example_dags/example_complex.py
[2022-02-22 00:39:15,637] {processor.py:642} INFO - Processing file /home/airflow/.local/lib/python3.7/site-packages/airflow/example_dags/example_complex.py for tasks to queue
[2022-02-22 00:39:15,648] {logging_mixin.py:109} INFO - [2022-02-22 00:39:15,648] {dagbag.py:500} INFO - Filling up the DagBag from /home/airflow/.local/lib/python3.7/site-packages/airflow/example_dags/example_complex.py
[2022-02-22 00:39:15,835] {processor.py:654} INFO - DAG(s) dict_keys(['example_complex']) retrieved from /home/airflow/.local/lib/python3.7/site-packages/airflow/example_dags/example_complex.py
[2022-02-22 00:39:15,945] {logging_mixin.py:109} INFO - [2022-02-22 00:39:15,945] {dag.py:2396} INFO - Sync 1 DAGs
[2022-02-22 00:39:16,031] {logging_mixin.py:109} INFO - [2022-02-22 00:39:16,031] {dag.py:2935} INFO - Setting next_dagrun for example_complex to None
[2022-02-22 00:39:16,101] {processor.py:171} INFO - Processing /home/airflow/.local/lib/python3.7/site-packages/airflow/example_dags/example_complex.py took 0.486 seconds
[2022-02-22 03:47:28,492] {processor.py:163} INFO - Started process (PID=1529) to work on /home/airflow/.local/lib/python3.7/site-packages/airflow/example_dags/example_complex.py
[2022-02-22 03:47:28,506] {processor.py:642} INFO - Processing file /home/airflow/.local/lib/python3.7/site-packages/airflow/example_dags/example_complex.py for tasks to queue
[2022-02-22 03:47:28,522] {logging_mixin.py:109} INFO - [2022-02-22 03:47:28,522] {dagbag.py:500} INFO - Filling up the DagBag from /home/airflow/.local/lib/python3.7/site-packages/airflow/example_dags/example_complex.py
[2022-02-22 03:47:28,874] {processor.py:654} INFO - DAG(s) dict_keys(['example_complex']) retrieved from /home/airflow/.local/lib/python3.7/site-packages/airflow/example_dags/example_complex.py
[2022-02-22 03:47:29,074] {logging_mixin.py:109} INFO - [2022-02-22 03:47:29,065] {dag.py:2396} INFO - Sync 1 DAGs
[2022-02-22 03:47:29,280] {logging_mixin.py:109} INFO - [2022-02-22 03:47:29,280] {dag.py:2935} INFO - Setting next_dagrun for example_complex to None
[2022-02-22 03:47:29,381] {processor.py:171} INFO - Processing /home/airflow/.local/lib/python3.7/site-packages/airflow/example_dags/example_complex.py took 0.920 seconds
[2022-02-22 03:48:03,682] {processor.py:163} INFO - Started process (PID=1579) to work on /home/airflow/.local/lib/python3.7/site-packages/airflow/example_dags/example_complex.py
[2022-02-22 03:48:03,712] {processor.py:642} INFO - Processing file /home/airflow/.local/lib/python3.7/site-packages/airflow/example_dags/example_complex.py for tasks to queue
[2022-02-22 03:48:03,726] {logging_mixin.py:109} INFO - [2022-02-22 03:48:03,722] {dagbag.py:500} INFO - Filling up the DagBag from /home/airflow/.local/lib/python3.7/site-packages/airflow/example_dags/example_complex.py
[2022-02-22 03:48:04,063] {processor.py:654} INFO - DAG(s) dict_keys(['example_complex']) retrieved from /home/airflow/.local/lib/python3.7/site-packages/airflow/example_dags/example_complex.py
[2022-02-22 03:48:04,236] {logging_mixin.py:109} INFO - [2022-02-22 03:48:04,236] {dag.py:2396} INFO - Sync 1 DAGs
[2022-02-22 03:48:04,357] {logging_mixin.py:109} INFO - [2022-02-22 03:48:04,356] {dag.py:2935} INFO - Setting next_dagrun for example_complex to None
[2022-02-22 03:48:04,504] {processor.py:171} INFO - Processing /home/airflow/.local/lib/python3.7/site-packages/airflow/example_dags/example_complex.py took 0.862 seconds
[2022-02-22 03:48:35,183] {processor.py:163} INFO - Started process (PID=1623) to work on /home/airflow/.local/lib/python3.7/site-packages/airflow/example_dags/example_complex.py
[2022-02-22 03:48:35,205] {processor.py:642} INFO - Processing file /home/airflow/.local/lib/python3.7/site-packages/airflow/example_dags/example_complex.py for tasks to queue
[2022-02-22 03:48:35,208] {logging_mixin.py:109} INFO - [2022-02-22 03:48:35,208] {dagbag.py:500} INFO - Filling up the DagBag from /home/airflow/.local/lib/python3.7/site-packages/airflow/example_dags/example_complex.py
[2022-02-22 03:48:35,288] {processor.py:654} INFO - DAG(s) dict_keys(['example_complex']) retrieved from /home/airflow/.local/lib/python3.7/site-packages/airflow/example_dags/example_complex.py
[2022-02-22 03:48:35,349] {logging_mixin.py:109} INFO - [2022-02-22 03:48:35,349] {dag.py:2396} INFO - Sync 1 DAGs
[2022-02-22 03:48:35,391] {logging_mixin.py:109} INFO - [2022-02-22 03:48:35,391] {dag.py:2935} INFO - Setting next_dagrun for example_complex to None
[2022-02-22 03:48:35,422] {processor.py:171} INFO - Processing /home/airflow/.local/lib/python3.7/site-packages/airflow/example_dags/example_complex.py took 0.252 seconds
[2022-02-22 03:49:06,043] {processor.py:163} INFO - Started process (PID=1677) to work on /home/airflow/.local/lib/python3.7/site-packages/airflow/example_dags/example_complex.py
[2022-02-22 03:49:06,045] {processor.py:642} INFO - Processing file /home/airflow/.local/lib/python3.7/site-packages/airflow/example_dags/example_complex.py for tasks to queue
[2022-02-22 03:49:06,046] {logging_mixin.py:109} INFO - [2022-02-22 03:49:06,046] {dagbag.py:500} INFO - Filling up the DagBag from /home/airflow/.local/lib/python3.7/site-packages/airflow/example_dags/example_complex.py
[2022-02-22 03:49:06,137] {processor.py:654} INFO - DAG(s) dict_keys(['example_complex']) retrieved from /home/airflow/.local/lib/python3.7/site-packages/airflow/example_dags/example_complex.py
[2022-02-22 03:49:06,196] {logging_mixin.py:109} INFO - [2022-02-22 03:49:06,196] {dag.py:2396} INFO - Sync 1 DAGs
[2022-02-22 03:49:06,227] {logging_mixin.py:109} INFO - [2022-02-22 03:49:06,227] {dag.py:2935} INFO - Setting next_dagrun for example_complex to None
[2022-02-22 03:49:06,242] {processor.py:171} INFO - Processing /home/airflow/.local/lib/python3.7/site-packages/airflow/example_dags/example_complex.py took 0.207 seconds
[2022-02-22 07:49:55,953] {processor.py:163} INFO - Started process (PID=1731) to work on /home/airflow/.local/lib/python3.7/site-packages/airflow/example_dags/example_complex.py
[2022-02-22 07:49:55,971] {processor.py:642} INFO - Processing file /home/airflow/.local/lib/python3.7/site-packages/airflow/example_dags/example_complex.py for tasks to queue
[2022-02-22 07:49:55,991] {logging_mixin.py:109} INFO - [2022-02-22 07:49:55,991] {dagbag.py:500} INFO - Filling up the DagBag from /home/airflow/.local/lib/python3.7/site-packages/airflow/example_dags/example_complex.py
[2022-02-22 07:49:56,281] {processor.py:654} INFO - DAG(s) dict_keys(['example_complex']) retrieved from /home/airflow/.local/lib/python3.7/site-packages/airflow/example_dags/example_complex.py
[2022-02-22 07:49:56,416] {logging_mixin.py:109} INFO - [2022-02-22 07:49:56,416] {dag.py:2396} INFO - Sync 1 DAGs
[2022-02-22 07:49:56,516] {logging_mixin.py:109} INFO - [2022-02-22 07:49:56,516] {dag.py:2935} INFO - Setting next_dagrun for example_complex to None
[2022-02-22 07:49:56,585] {processor.py:171} INFO - Processing /home/airflow/.local/lib/python3.7/site-packages/airflow/example_dags/example_complex.py took 0.637 seconds
[2022-02-22 13:04:22,684] {processor.py:163} INFO - Started process (PID=1853) to work on /home/airflow/.local/lib/python3.7/site-packages/airflow/example_dags/example_complex.py
[2022-02-22 13:04:22,886] {processor.py:642} INFO - Processing file /home/airflow/.local/lib/python3.7/site-packages/airflow/example_dags/example_complex.py for tasks to queue
[2022-02-22 13:04:22,917] {logging_mixin.py:109} INFO - [2022-02-22 13:04:22,916] {dagbag.py:500} INFO - Filling up the DagBag from /home/airflow/.local/lib/python3.7/site-packages/airflow/example_dags/example_complex.py
[2022-02-22 13:04:31,830] {processor.py:654} INFO - DAG(s) dict_keys(['example_complex']) retrieved from /home/airflow/.local/lib/python3.7/site-packages/airflow/example_dags/example_complex.py
[2022-02-22 13:04:34,237] {logging_mixin.py:109} INFO - [2022-02-22 13:04:34,236] {dag.py:2396} INFO - Sync 1 DAGs
[2022-02-22 13:04:34,991] {logging_mixin.py:109} INFO - [2022-02-22 13:04:34,990] {dag.py:2935} INFO - Setting next_dagrun for example_complex to None
[2022-02-22 13:04:35,387] {processor.py:171} INFO - Processing /home/airflow/.local/lib/python3.7/site-packages/airflow/example_dags/example_complex.py took 13.201 seconds
