[2022-02-22 00:00:34,527] {processor.py:163} INFO - Started process (PID=1074) to work on /home/airflow/.local/lib/python3.7/site-packages/airflow/example_dags/example_branch_operator.py
[2022-02-22 00:00:34,534] {processor.py:642} INFO - Processing file /home/airflow/.local/lib/python3.7/site-packages/airflow/example_dags/example_branch_operator.py for tasks to queue
[2022-02-22 00:00:34,540] {logging_mixin.py:109} INFO - [2022-02-22 00:00:34,540] {dagbag.py:500} INFO - Filling up the DagBag from /home/airflow/.local/lib/python3.7/site-packages/airflow/example_dags/example_branch_operator.py
[2022-02-22 00:00:34,893] {processor.py:654} INFO - DAG(s) dict_keys(['example_branch_operator']) retrieved from /home/airflow/.local/lib/python3.7/site-packages/airflow/example_dags/example_branch_operator.py
[2022-02-22 00:00:35,170] {logging_mixin.py:109} INFO - [2022-02-22 00:00:35,170] {dag.py:2396} INFO - Sync 1 DAGs
[2022-02-22 00:00:35,531] {logging_mixin.py:109} INFO - [2022-02-22 00:00:35,531] {dag.py:2935} INFO - Setting next_dagrun for example_branch_operator to 2022-02-21 00:00:00+00:00
[2022-02-22 00:00:35,615] {processor.py:171} INFO - Processing /home/airflow/.local/lib/python3.7/site-packages/airflow/example_dags/example_branch_operator.py took 1.110 seconds
[2022-02-22 00:01:05,960] {processor.py:163} INFO - Started process (PID=1128) to work on /home/airflow/.local/lib/python3.7/site-packages/airflow/example_dags/example_branch_operator.py
[2022-02-22 00:01:05,983] {processor.py:642} INFO - Processing file /home/airflow/.local/lib/python3.7/site-packages/airflow/example_dags/example_branch_operator.py for tasks to queue
[2022-02-22 00:01:05,990] {logging_mixin.py:109} INFO - [2022-02-22 00:01:05,989] {dagbag.py:500} INFO - Filling up the DagBag from /home/airflow/.local/lib/python3.7/site-packages/airflow/example_dags/example_branch_operator.py
[2022-02-22 00:01:06,199] {processor.py:654} INFO - DAG(s) dict_keys(['example_branch_operator']) retrieved from /home/airflow/.local/lib/python3.7/site-packages/airflow/example_dags/example_branch_operator.py
[2022-02-22 00:01:06,309] {logging_mixin.py:109} INFO - [2022-02-22 00:01:06,309] {dag.py:2396} INFO - Sync 1 DAGs
[2022-02-22 00:01:06,446] {logging_mixin.py:109} INFO - [2022-02-22 00:01:06,446] {dag.py:2935} INFO - Setting next_dagrun for example_branch_operator to 2022-02-21 00:00:00+00:00
[2022-02-22 00:01:06,544] {processor.py:171} INFO - Processing /home/airflow/.local/lib/python3.7/site-packages/airflow/example_dags/example_branch_operator.py took 0.610 seconds
[2022-02-22 00:01:36,639] {processor.py:163} INFO - Started process (PID=1177) to work on /home/airflow/.local/lib/python3.7/site-packages/airflow/example_dags/example_branch_operator.py
[2022-02-22 00:01:36,651] {processor.py:642} INFO - Processing file /home/airflow/.local/lib/python3.7/site-packages/airflow/example_dags/example_branch_operator.py for tasks to queue
[2022-02-22 00:01:36,653] {logging_mixin.py:109} INFO - [2022-02-22 00:01:36,653] {dagbag.py:500} INFO - Filling up the DagBag from /home/airflow/.local/lib/python3.7/site-packages/airflow/example_dags/example_branch_operator.py
[2022-02-22 00:01:36,790] {processor.py:654} INFO - DAG(s) dict_keys(['example_branch_operator']) retrieved from /home/airflow/.local/lib/python3.7/site-packages/airflow/example_dags/example_branch_operator.py
[2022-02-22 00:01:36,827] {logging_mixin.py:109} INFO - [2022-02-22 00:01:36,827] {dag.py:2396} INFO - Sync 1 DAGs
[2022-02-22 00:01:36,972] {logging_mixin.py:109} INFO - [2022-02-22 00:01:36,972] {dag.py:2935} INFO - Setting next_dagrun for example_branch_operator to 2022-02-21 00:00:00+00:00
[2022-02-22 00:01:37,009] {processor.py:171} INFO - Processing /home/airflow/.local/lib/python3.7/site-packages/airflow/example_dags/example_branch_operator.py took 0.384 seconds
[2022-02-22 00:02:08,237] {processor.py:163} INFO - Started process (PID=1230) to work on /home/airflow/.local/lib/python3.7/site-packages/airflow/example_dags/example_branch_operator.py
[2022-02-22 00:02:08,244] {processor.py:642} INFO - Processing file /home/airflow/.local/lib/python3.7/site-packages/airflow/example_dags/example_branch_operator.py for tasks to queue
[2022-02-22 00:02:08,250] {logging_mixin.py:109} INFO - [2022-02-22 00:02:08,249] {dagbag.py:500} INFO - Filling up the DagBag from /home/airflow/.local/lib/python3.7/site-packages/airflow/example_dags/example_branch_operator.py
[2022-02-22 00:02:08,279] {processor.py:654} INFO - DAG(s) dict_keys(['example_branch_operator']) retrieved from /home/airflow/.local/lib/python3.7/site-packages/airflow/example_dags/example_branch_operator.py
[2022-02-22 00:02:08,298] {logging_mixin.py:109} INFO - [2022-02-22 00:02:08,298] {dag.py:2396} INFO - Sync 1 DAGs
[2022-02-22 00:02:08,359] {logging_mixin.py:109} INFO - [2022-02-22 00:02:08,358] {dag.py:2935} INFO - Setting next_dagrun for example_branch_operator to 2022-02-21 00:00:00+00:00
[2022-02-22 00:02:08,386] {processor.py:171} INFO - Processing /home/airflow/.local/lib/python3.7/site-packages/airflow/example_dags/example_branch_operator.py took 0.197 seconds
[2022-02-22 00:02:38,438] {processor.py:163} INFO - Started process (PID=1275) to work on /home/airflow/.local/lib/python3.7/site-packages/airflow/example_dags/example_branch_operator.py
[2022-02-22 00:02:38,442] {processor.py:642} INFO - Processing file /home/airflow/.local/lib/python3.7/site-packages/airflow/example_dags/example_branch_operator.py for tasks to queue
[2022-02-22 00:02:38,444] {logging_mixin.py:109} INFO - [2022-02-22 00:02:38,444] {dagbag.py:500} INFO - Filling up the DagBag from /home/airflow/.local/lib/python3.7/site-packages/airflow/example_dags/example_branch_operator.py
[2022-02-22 00:02:38,505] {processor.py:654} INFO - DAG(s) dict_keys(['example_branch_operator']) retrieved from /home/airflow/.local/lib/python3.7/site-packages/airflow/example_dags/example_branch_operator.py
[2022-02-22 00:02:38,522] {logging_mixin.py:109} INFO - [2022-02-22 00:02:38,522] {dag.py:2396} INFO - Sync 1 DAGs
[2022-02-22 00:02:38,542] {logging_mixin.py:109} INFO - [2022-02-22 00:02:38,542] {dag.py:2935} INFO - Setting next_dagrun for example_branch_operator to 2022-02-21 00:00:00+00:00
[2022-02-22 00:02:38,553] {processor.py:171} INFO - Processing /home/airflow/.local/lib/python3.7/site-packages/airflow/example_dags/example_branch_operator.py took 0.119 seconds
[2022-02-22 00:03:09,071] {processor.py:163} INFO - Started process (PID=1330) to work on /home/airflow/.local/lib/python3.7/site-packages/airflow/example_dags/example_branch_operator.py
[2022-02-22 00:03:09,073] {processor.py:642} INFO - Processing file /home/airflow/.local/lib/python3.7/site-packages/airflow/example_dags/example_branch_operator.py for tasks to queue
[2022-02-22 00:03:09,075] {logging_mixin.py:109} INFO - [2022-02-22 00:03:09,075] {dagbag.py:500} INFO - Filling up the DagBag from /home/airflow/.local/lib/python3.7/site-packages/airflow/example_dags/example_branch_operator.py
[2022-02-22 00:03:09,118] {processor.py:654} INFO - DAG(s) dict_keys(['example_branch_operator']) retrieved from /home/airflow/.local/lib/python3.7/site-packages/airflow/example_dags/example_branch_operator.py
[2022-02-22 00:03:09,133] {logging_mixin.py:109} INFO - [2022-02-22 00:03:09,133] {dag.py:2396} INFO - Sync 1 DAGs
[2022-02-22 00:03:09,154] {logging_mixin.py:109} INFO - [2022-02-22 00:03:09,154] {dag.py:2935} INFO - Setting next_dagrun for example_branch_operator to 2022-02-21 00:00:00+00:00
[2022-02-22 00:03:09,170] {processor.py:171} INFO - Processing /home/airflow/.local/lib/python3.7/site-packages/airflow/example_dags/example_branch_operator.py took 0.107 seconds
[2022-02-22 00:03:46,538] {processor.py:163} INFO - Started process (PID=1393) to work on /home/airflow/.local/lib/python3.7/site-packages/airflow/example_dags/example_branch_operator.py
[2022-02-22 00:03:46,552] {processor.py:642} INFO - Processing file /home/airflow/.local/lib/python3.7/site-packages/airflow/example_dags/example_branch_operator.py for tasks to queue
[2022-02-22 00:03:46,554] {logging_mixin.py:109} INFO - [2022-02-22 00:03:46,554] {dagbag.py:500} INFO - Filling up the DagBag from /home/airflow/.local/lib/python3.7/site-packages/airflow/example_dags/example_branch_operator.py
[2022-02-22 00:03:46,796] {processor.py:654} INFO - DAG(s) dict_keys(['example_branch_operator']) retrieved from /home/airflow/.local/lib/python3.7/site-packages/airflow/example_dags/example_branch_operator.py
[2022-02-22 00:03:46,892] {logging_mixin.py:109} INFO - [2022-02-22 00:03:46,891] {dag.py:2396} INFO - Sync 1 DAGs
[2022-02-22 00:03:47,026] {logging_mixin.py:109} INFO - [2022-02-22 00:03:47,026] {dag.py:2935} INFO - Setting next_dagrun for example_branch_operator to 2022-02-21 00:00:00+00:00
[2022-02-22 00:03:47,087] {processor.py:171} INFO - Processing /home/airflow/.local/lib/python3.7/site-packages/airflow/example_dags/example_branch_operator.py took 0.587 seconds
[2022-02-22 00:39:36,101] {processor.py:163} INFO - Started process (PID=1490) to work on /home/airflow/.local/lib/python3.7/site-packages/airflow/example_dags/example_branch_operator.py
[2022-02-22 00:39:36,112] {processor.py:642} INFO - Processing file /home/airflow/.local/lib/python3.7/site-packages/airflow/example_dags/example_branch_operator.py for tasks to queue
[2022-02-22 00:39:36,114] {logging_mixin.py:109} INFO - [2022-02-22 00:39:36,114] {dagbag.py:500} INFO - Filling up the DagBag from /home/airflow/.local/lib/python3.7/site-packages/airflow/example_dags/example_branch_operator.py
[2022-02-22 00:39:36,308] {processor.py:654} INFO - DAG(s) dict_keys(['example_branch_operator']) retrieved from /home/airflow/.local/lib/python3.7/site-packages/airflow/example_dags/example_branch_operator.py
[2022-02-22 00:39:36,468] {logging_mixin.py:109} INFO - [2022-02-22 00:39:36,468] {dag.py:2396} INFO - Sync 1 DAGs
[2022-02-22 00:39:36,664] {logging_mixin.py:109} INFO - [2022-02-22 00:39:36,645] {dag.py:2935} INFO - Setting next_dagrun for example_branch_operator to 2022-02-21 00:00:00+00:00
[2022-02-22 00:39:36,761] {processor.py:171} INFO - Processing /home/airflow/.local/lib/python3.7/site-packages/airflow/example_dags/example_branch_operator.py took 0.679 seconds
[2022-02-22 03:47:30,971] {processor.py:163} INFO - Started process (PID=1532) to work on /home/airflow/.local/lib/python3.7/site-packages/airflow/example_dags/example_branch_operator.py
[2022-02-22 03:47:30,980] {processor.py:642} INFO - Processing file /home/airflow/.local/lib/python3.7/site-packages/airflow/example_dags/example_branch_operator.py for tasks to queue
[2022-02-22 03:47:30,994] {logging_mixin.py:109} INFO - [2022-02-22 03:47:30,994] {dagbag.py:500} INFO - Filling up the DagBag from /home/airflow/.local/lib/python3.7/site-packages/airflow/example_dags/example_branch_operator.py
[2022-02-22 03:47:31,362] {processor.py:654} INFO - DAG(s) dict_keys(['example_branch_operator']) retrieved from /home/airflow/.local/lib/python3.7/site-packages/airflow/example_dags/example_branch_operator.py
[2022-02-22 03:47:31,570] {logging_mixin.py:109} INFO - [2022-02-22 03:47:31,570] {dag.py:2396} INFO - Sync 1 DAGs
[2022-02-22 03:47:31,857] {logging_mixin.py:109} INFO - [2022-02-22 03:47:31,857] {dag.py:2935} INFO - Setting next_dagrun for example_branch_operator to 2022-02-21 00:00:00+00:00
[2022-02-22 03:47:31,998] {processor.py:171} INFO - Processing /home/airflow/.local/lib/python3.7/site-packages/airflow/example_dags/example_branch_operator.py took 1.053 seconds
[2022-02-22 03:48:07,057] {processor.py:163} INFO - Started process (PID=1584) to work on /home/airflow/.local/lib/python3.7/site-packages/airflow/example_dags/example_branch_operator.py
[2022-02-22 03:48:07,078] {processor.py:642} INFO - Processing file /home/airflow/.local/lib/python3.7/site-packages/airflow/example_dags/example_branch_operator.py for tasks to queue
[2022-02-22 03:48:07,114] {logging_mixin.py:109} INFO - [2022-02-22 03:48:07,101] {dagbag.py:500} INFO - Filling up the DagBag from /home/airflow/.local/lib/python3.7/site-packages/airflow/example_dags/example_branch_operator.py
[2022-02-22 03:48:07,381] {processor.py:654} INFO - DAG(s) dict_keys(['example_branch_operator']) retrieved from /home/airflow/.local/lib/python3.7/site-packages/airflow/example_dags/example_branch_operator.py
[2022-02-22 03:48:07,608] {logging_mixin.py:109} INFO - [2022-02-22 03:48:07,607] {dag.py:2396} INFO - Sync 1 DAGs
[2022-02-22 03:48:07,865] {logging_mixin.py:109} INFO - [2022-02-22 03:48:07,865] {dag.py:2935} INFO - Setting next_dagrun for example_branch_operator to 2022-02-21 00:00:00+00:00
[2022-02-22 03:48:08,052] {processor.py:171} INFO - Processing /home/airflow/.local/lib/python3.7/site-packages/airflow/example_dags/example_branch_operator.py took 1.152 seconds
[2022-02-22 03:48:38,584] {processor.py:163} INFO - Started process (PID=1636) to work on /home/airflow/.local/lib/python3.7/site-packages/airflow/example_dags/example_branch_operator.py
[2022-02-22 03:48:38,588] {processor.py:642} INFO - Processing file /home/airflow/.local/lib/python3.7/site-packages/airflow/example_dags/example_branch_operator.py for tasks to queue
[2022-02-22 03:48:38,603] {logging_mixin.py:109} INFO - [2022-02-22 03:48:38,589] {dagbag.py:500} INFO - Filling up the DagBag from /home/airflow/.local/lib/python3.7/site-packages/airflow/example_dags/example_branch_operator.py
[2022-02-22 03:48:38,708] {processor.py:654} INFO - DAG(s) dict_keys(['example_branch_operator']) retrieved from /home/airflow/.local/lib/python3.7/site-packages/airflow/example_dags/example_branch_operator.py
[2022-02-22 03:48:38,745] {logging_mixin.py:109} INFO - [2022-02-22 03:48:38,745] {dag.py:2396} INFO - Sync 1 DAGs
[2022-02-22 03:48:38,793] {logging_mixin.py:109} INFO - [2022-02-22 03:48:38,793] {dag.py:2935} INFO - Setting next_dagrun for example_branch_operator to 2022-02-21 00:00:00+00:00
[2022-02-22 03:48:38,833] {processor.py:171} INFO - Processing /home/airflow/.local/lib/python3.7/site-packages/airflow/example_dags/example_branch_operator.py took 0.253 seconds
[2022-02-22 03:49:09,332] {processor.py:163} INFO - Started process (PID=1688) to work on /home/airflow/.local/lib/python3.7/site-packages/airflow/example_dags/example_branch_operator.py
[2022-02-22 03:49:09,337] {processor.py:642} INFO - Processing file /home/airflow/.local/lib/python3.7/site-packages/airflow/example_dags/example_branch_operator.py for tasks to queue
[2022-02-22 03:49:09,358] {logging_mixin.py:109} INFO - [2022-02-22 03:49:09,358] {dagbag.py:500} INFO - Filling up the DagBag from /home/airflow/.local/lib/python3.7/site-packages/airflow/example_dags/example_branch_operator.py
[2022-02-22 03:49:09,493] {processor.py:654} INFO - DAG(s) dict_keys(['example_branch_operator']) retrieved from /home/airflow/.local/lib/python3.7/site-packages/airflow/example_dags/example_branch_operator.py
[2022-02-22 03:49:09,561] {logging_mixin.py:109} INFO - [2022-02-22 03:49:09,561] {dag.py:2396} INFO - Sync 1 DAGs
[2022-02-22 03:49:09,610] {logging_mixin.py:109} INFO - [2022-02-22 03:49:09,610] {dag.py:2935} INFO - Setting next_dagrun for example_branch_operator to 2022-02-21 00:00:00+00:00
[2022-02-22 03:49:09,646] {processor.py:171} INFO - Processing /home/airflow/.local/lib/python3.7/site-packages/airflow/example_dags/example_branch_operator.py took 0.336 seconds
[2022-02-22 13:04:37,474] {processor.py:163} INFO - Started process (PID=1863) to work on /home/airflow/.local/lib/python3.7/site-packages/airflow/example_dags/example_branch_operator.py
[2022-02-22 13:04:37,514] {processor.py:642} INFO - Processing file /home/airflow/.local/lib/python3.7/site-packages/airflow/example_dags/example_branch_operator.py for tasks to queue
[2022-02-22 13:04:37,556] {logging_mixin.py:109} INFO - [2022-02-22 13:04:37,556] {dagbag.py:500} INFO - Filling up the DagBag from /home/airflow/.local/lib/python3.7/site-packages/airflow/example_dags/example_branch_operator.py
[2022-02-22 13:04:39,226] {processor.py:654} INFO - DAG(s) dict_keys(['example_branch_operator']) retrieved from /home/airflow/.local/lib/python3.7/site-packages/airflow/example_dags/example_branch_operator.py
[2022-02-22 13:04:40,040] {logging_mixin.py:109} INFO - [2022-02-22 13:04:40,039] {dag.py:2396} INFO - Sync 1 DAGs
[2022-02-22 13:04:44,679] {logging_mixin.py:109} INFO - [2022-02-22 13:04:44,679] {dag.py:2935} INFO - Setting next_dagrun for example_branch_operator to 2022-02-21 00:00:00+00:00
[2022-02-22 13:04:46,050] {processor.py:171} INFO - Processing /home/airflow/.local/lib/python3.7/site-packages/airflow/example_dags/example_branch_operator.py took 8.666 seconds
