[2022-02-22 00:00:14,206] {processor.py:163} INFO - Started process (PID=1054) to work on /home/airflow/.local/lib/python3.7/site-packages/airflow/example_dags/example_external_task_marker_dag.py
[2022-02-22 00:00:14,220] {processor.py:642} INFO - Processing file /home/airflow/.local/lib/python3.7/site-packages/airflow/example_dags/example_external_task_marker_dag.py for tasks to queue
[2022-02-22 00:00:14,227] {logging_mixin.py:109} INFO - [2022-02-22 00:00:14,227] {dagbag.py:500} INFO - Filling up the DagBag from /home/airflow/.local/lib/python3.7/site-packages/airflow/example_dags/example_external_task_marker_dag.py
[2022-02-22 00:00:14,782] {processor.py:654} INFO - DAG(s) dict_keys(['example_external_task_marker_parent', 'example_external_task_marker_child']) retrieved from /home/airflow/.local/lib/python3.7/site-packages/airflow/example_dags/example_external_task_marker_dag.py
[2022-02-22 00:00:14,978] {logging_mixin.py:109} INFO - [2022-02-22 00:00:14,978] {dag.py:2396} INFO - Sync 2 DAGs
[2022-02-22 00:00:15,663] {logging_mixin.py:109} INFO - [2022-02-22 00:00:15,663] {dag.py:2935} INFO - Setting next_dagrun for example_external_task_marker_child to None
[2022-02-22 00:00:15,691] {logging_mixin.py:109} INFO - [2022-02-22 00:00:15,685] {dag.py:2935} INFO - Setting next_dagrun for example_external_task_marker_parent to None
[2022-02-22 00:00:15,949] {processor.py:171} INFO - Processing /home/airflow/.local/lib/python3.7/site-packages/airflow/example_dags/example_external_task_marker_dag.py took 1.773 seconds
[2022-02-22 00:00:47,040] {processor.py:163} INFO - Started process (PID=1105) to work on /home/airflow/.local/lib/python3.7/site-packages/airflow/example_dags/example_external_task_marker_dag.py
[2022-02-22 00:00:47,044] {processor.py:642} INFO - Processing file /home/airflow/.local/lib/python3.7/site-packages/airflow/example_dags/example_external_task_marker_dag.py for tasks to queue
[2022-02-22 00:00:47,048] {logging_mixin.py:109} INFO - [2022-02-22 00:00:47,047] {dagbag.py:500} INFO - Filling up the DagBag from /home/airflow/.local/lib/python3.7/site-packages/airflow/example_dags/example_external_task_marker_dag.py
[2022-02-22 00:00:47,315] {processor.py:654} INFO - DAG(s) dict_keys(['example_external_task_marker_parent', 'example_external_task_marker_child']) retrieved from /home/airflow/.local/lib/python3.7/site-packages/airflow/example_dags/example_external_task_marker_dag.py
[2022-02-22 00:00:47,500] {logging_mixin.py:109} INFO - [2022-02-22 00:00:47,500] {dag.py:2396} INFO - Sync 2 DAGs
[2022-02-22 00:00:47,657] {logging_mixin.py:109} INFO - [2022-02-22 00:00:47,657] {dag.py:2935} INFO - Setting next_dagrun for example_external_task_marker_child to None
[2022-02-22 00:00:47,659] {logging_mixin.py:109} INFO - [2022-02-22 00:00:47,659] {dag.py:2935} INFO - Setting next_dagrun for example_external_task_marker_parent to None
[2022-02-22 00:00:47,711] {processor.py:171} INFO - Processing /home/airflow/.local/lib/python3.7/site-packages/airflow/example_dags/example_external_task_marker_dag.py took 0.687 seconds
[2022-02-22 00:01:18,666] {processor.py:163} INFO - Started process (PID=1151) to work on /home/airflow/.local/lib/python3.7/site-packages/airflow/example_dags/example_external_task_marker_dag.py
[2022-02-22 00:01:18,672] {processor.py:642} INFO - Processing file /home/airflow/.local/lib/python3.7/site-packages/airflow/example_dags/example_external_task_marker_dag.py for tasks to queue
[2022-02-22 00:01:18,677] {logging_mixin.py:109} INFO - [2022-02-22 00:01:18,676] {dagbag.py:500} INFO - Filling up the DagBag from /home/airflow/.local/lib/python3.7/site-packages/airflow/example_dags/example_external_task_marker_dag.py
[2022-02-22 00:01:18,773] {processor.py:654} INFO - DAG(s) dict_keys(['example_external_task_marker_parent', 'example_external_task_marker_child']) retrieved from /home/airflow/.local/lib/python3.7/site-packages/airflow/example_dags/example_external_task_marker_dag.py
[2022-02-22 00:01:18,797] {logging_mixin.py:109} INFO - [2022-02-22 00:01:18,797] {dag.py:2396} INFO - Sync 2 DAGs
[2022-02-22 00:01:18,823] {logging_mixin.py:109} INFO - [2022-02-22 00:01:18,822] {dag.py:2935} INFO - Setting next_dagrun for example_external_task_marker_child to None
[2022-02-22 00:01:18,826] {logging_mixin.py:109} INFO - [2022-02-22 00:01:18,825] {dag.py:2935} INFO - Setting next_dagrun for example_external_task_marker_parent to None
[2022-02-22 00:01:18,845] {processor.py:171} INFO - Processing /home/airflow/.local/lib/python3.7/site-packages/airflow/example_dags/example_external_task_marker_dag.py took 0.196 seconds
[2022-02-22 00:01:49,224] {processor.py:163} INFO - Started process (PID=1203) to work on /home/airflow/.local/lib/python3.7/site-packages/airflow/example_dags/example_external_task_marker_dag.py
[2022-02-22 00:01:49,234] {processor.py:642} INFO - Processing file /home/airflow/.local/lib/python3.7/site-packages/airflow/example_dags/example_external_task_marker_dag.py for tasks to queue
[2022-02-22 00:01:49,238] {logging_mixin.py:109} INFO - [2022-02-22 00:01:49,238] {dagbag.py:500} INFO - Filling up the DagBag from /home/airflow/.local/lib/python3.7/site-packages/airflow/example_dags/example_external_task_marker_dag.py
[2022-02-22 00:01:49,342] {processor.py:654} INFO - DAG(s) dict_keys(['example_external_task_marker_parent', 'example_external_task_marker_child']) retrieved from /home/airflow/.local/lib/python3.7/site-packages/airflow/example_dags/example_external_task_marker_dag.py
[2022-02-22 00:01:49,376] {logging_mixin.py:109} INFO - [2022-02-22 00:01:49,375] {dag.py:2396} INFO - Sync 2 DAGs
[2022-02-22 00:01:49,427] {logging_mixin.py:109} INFO - [2022-02-22 00:01:49,427] {dag.py:2935} INFO - Setting next_dagrun for example_external_task_marker_child to None
[2022-02-22 00:01:49,432] {logging_mixin.py:109} INFO - [2022-02-22 00:01:49,432] {dag.py:2935} INFO - Setting next_dagrun for example_external_task_marker_parent to None
[2022-02-22 00:01:49,458] {processor.py:171} INFO - Processing /home/airflow/.local/lib/python3.7/site-packages/airflow/example_dags/example_external_task_marker_dag.py took 0.247 seconds
[2022-02-22 00:02:20,127] {processor.py:163} INFO - Started process (PID=1255) to work on /home/airflow/.local/lib/python3.7/site-packages/airflow/example_dags/example_external_task_marker_dag.py
[2022-02-22 00:02:20,146] {processor.py:642} INFO - Processing file /home/airflow/.local/lib/python3.7/site-packages/airflow/example_dags/example_external_task_marker_dag.py for tasks to queue
[2022-02-22 00:02:20,165] {logging_mixin.py:109} INFO - [2022-02-22 00:02:20,154] {dagbag.py:500} INFO - Filling up the DagBag from /home/airflow/.local/lib/python3.7/site-packages/airflow/example_dags/example_external_task_marker_dag.py
[2022-02-22 00:02:20,754] {processor.py:654} INFO - DAG(s) dict_keys(['example_external_task_marker_parent', 'example_external_task_marker_child']) retrieved from /home/airflow/.local/lib/python3.7/site-packages/airflow/example_dags/example_external_task_marker_dag.py
[2022-02-22 00:02:20,976] {logging_mixin.py:109} INFO - [2022-02-22 00:02:20,976] {dag.py:2396} INFO - Sync 2 DAGs
[2022-02-22 00:02:21,023] {logging_mixin.py:109} INFO - [2022-02-22 00:02:21,021] {dag.py:2935} INFO - Setting next_dagrun for example_external_task_marker_child to None
[2022-02-22 00:02:21,025] {logging_mixin.py:109} INFO - [2022-02-22 00:02:21,025] {dag.py:2935} INFO - Setting next_dagrun for example_external_task_marker_parent to None
[2022-02-22 00:02:21,098] {processor.py:171} INFO - Processing /home/airflow/.local/lib/python3.7/site-packages/airflow/example_dags/example_external_task_marker_dag.py took 1.025 seconds
[2022-02-22 00:02:51,789] {processor.py:163} INFO - Started process (PID=1311) to work on /home/airflow/.local/lib/python3.7/site-packages/airflow/example_dags/example_external_task_marker_dag.py
[2022-02-22 00:02:51,794] {processor.py:642} INFO - Processing file /home/airflow/.local/lib/python3.7/site-packages/airflow/example_dags/example_external_task_marker_dag.py for tasks to queue
[2022-02-22 00:02:51,801] {logging_mixin.py:109} INFO - [2022-02-22 00:02:51,801] {dagbag.py:500} INFO - Filling up the DagBag from /home/airflow/.local/lib/python3.7/site-packages/airflow/example_dags/example_external_task_marker_dag.py
[2022-02-22 00:02:51,898] {processor.py:654} INFO - DAG(s) dict_keys(['example_external_task_marker_parent', 'example_external_task_marker_child']) retrieved from /home/airflow/.local/lib/python3.7/site-packages/airflow/example_dags/example_external_task_marker_dag.py
[2022-02-22 00:02:51,952] {logging_mixin.py:109} INFO - [2022-02-22 00:02:51,952] {dag.py:2396} INFO - Sync 2 DAGs
[2022-02-22 00:02:52,004] {logging_mixin.py:109} INFO - [2022-02-22 00:02:52,004] {dag.py:2935} INFO - Setting next_dagrun for example_external_task_marker_child to None
[2022-02-22 00:02:52,006] {logging_mixin.py:109} INFO - [2022-02-22 00:02:52,005] {dag.py:2935} INFO - Setting next_dagrun for example_external_task_marker_parent to None
[2022-02-22 00:02:52,059] {processor.py:171} INFO - Processing /home/airflow/.local/lib/python3.7/site-packages/airflow/example_dags/example_external_task_marker_dag.py took 0.275 seconds
[2022-02-22 00:03:22,344] {processor.py:163} INFO - Started process (PID=1365) to work on /home/airflow/.local/lib/python3.7/site-packages/airflow/example_dags/example_external_task_marker_dag.py
[2022-02-22 00:03:22,355] {processor.py:642} INFO - Processing file /home/airflow/.local/lib/python3.7/site-packages/airflow/example_dags/example_external_task_marker_dag.py for tasks to queue
[2022-02-22 00:03:22,359] {logging_mixin.py:109} INFO - [2022-02-22 00:03:22,358] {dagbag.py:500} INFO - Filling up the DagBag from /home/airflow/.local/lib/python3.7/site-packages/airflow/example_dags/example_external_task_marker_dag.py
[2022-02-22 00:03:22,429] {processor.py:654} INFO - DAG(s) dict_keys(['example_external_task_marker_parent', 'example_external_task_marker_child']) retrieved from /home/airflow/.local/lib/python3.7/site-packages/airflow/example_dags/example_external_task_marker_dag.py
[2022-02-22 00:03:22,465] {logging_mixin.py:109} INFO - [2022-02-22 00:03:22,465] {dag.py:2396} INFO - Sync 2 DAGs
[2022-02-22 00:03:22,496] {logging_mixin.py:109} INFO - [2022-02-22 00:03:22,496] {dag.py:2935} INFO - Setting next_dagrun for example_external_task_marker_child to None
[2022-02-22 00:03:22,498] {logging_mixin.py:109} INFO - [2022-02-22 00:03:22,498] {dag.py:2935} INFO - Setting next_dagrun for example_external_task_marker_parent to None
[2022-02-22 00:03:22,544] {processor.py:171} INFO - Processing /home/airflow/.local/lib/python3.7/site-packages/airflow/example_dags/example_external_task_marker_dag.py took 0.213 seconds
[2022-02-22 00:03:53,081] {processor.py:163} INFO - Started process (PID=1416) to work on /home/airflow/.local/lib/python3.7/site-packages/airflow/example_dags/example_external_task_marker_dag.py
[2022-02-22 00:03:53,085] {processor.py:642} INFO - Processing file /home/airflow/.local/lib/python3.7/site-packages/airflow/example_dags/example_external_task_marker_dag.py for tasks to queue
[2022-02-22 00:03:53,088] {logging_mixin.py:109} INFO - [2022-02-22 00:03:53,088] {dagbag.py:500} INFO - Filling up the DagBag from /home/airflow/.local/lib/python3.7/site-packages/airflow/example_dags/example_external_task_marker_dag.py
[2022-02-22 00:03:53,187] {processor.py:654} INFO - DAG(s) dict_keys(['example_external_task_marker_parent', 'example_external_task_marker_child']) retrieved from /home/airflow/.local/lib/python3.7/site-packages/airflow/example_dags/example_external_task_marker_dag.py
[2022-02-22 00:03:53,341] {logging_mixin.py:109} INFO - [2022-02-22 00:03:53,341] {dag.py:2396} INFO - Sync 2 DAGs
[2022-02-22 00:03:53,396] {logging_mixin.py:109} INFO - [2022-02-22 00:03:53,396] {dag.py:2935} INFO - Setting next_dagrun for example_external_task_marker_child to None
[2022-02-22 00:03:53,397] {logging_mixin.py:109} INFO - [2022-02-22 00:03:53,397] {dag.py:2935} INFO - Setting next_dagrun for example_external_task_marker_parent to None
[2022-02-22 00:03:53,429] {processor.py:171} INFO - Processing /home/airflow/.local/lib/python3.7/site-packages/airflow/example_dags/example_external_task_marker_dag.py took 0.378 seconds
[2022-02-22 00:04:33,901] {processor.py:163} INFO - Started process (PID=1437) to work on /home/airflow/.local/lib/python3.7/site-packages/airflow/example_dags/example_external_task_marker_dag.py
[2022-02-22 00:04:33,957] {processor.py:642} INFO - Processing file /home/airflow/.local/lib/python3.7/site-packages/airflow/example_dags/example_external_task_marker_dag.py for tasks to queue
[2022-02-22 00:04:33,996] {logging_mixin.py:109} INFO - [2022-02-22 00:04:33,995] {dagbag.py:500} INFO - Filling up the DagBag from /home/airflow/.local/lib/python3.7/site-packages/airflow/example_dags/example_external_task_marker_dag.py
[2022-02-22 00:04:35,248] {processor.py:654} INFO - DAG(s) dict_keys(['example_external_task_marker_parent', 'example_external_task_marker_child']) retrieved from /home/airflow/.local/lib/python3.7/site-packages/airflow/example_dags/example_external_task_marker_dag.py
[2022-02-22 00:09:05,802] {logging_mixin.py:109} INFO - [2022-02-22 00:09:05,801] {dag.py:2396} INFO - Sync 2 DAGs
[2022-02-22 00:09:06,495] {logging_mixin.py:109} INFO - [2022-02-22 00:09:06,495] {dag.py:2935} INFO - Setting next_dagrun for example_external_task_marker_child to None
[2022-02-22 00:09:06,527] {logging_mixin.py:109} INFO - [2022-02-22 00:09:06,527] {dag.py:2935} INFO - Setting next_dagrun for example_external_task_marker_parent to None
[2022-02-22 00:09:06,932] {processor.py:171} INFO - Processing /home/airflow/.local/lib/python3.7/site-packages/airflow/example_dags/example_external_task_marker_dag.py took 75.475 seconds
[2022-02-22 00:09:11,787] {processor.py:163} INFO - Started process (PID=1453) to work on /home/airflow/.local/lib/python3.7/site-packages/airflow/example_dags/example_external_task_marker_dag.py
[2022-02-22 00:09:11,794] {processor.py:642} INFO - Processing file /home/airflow/.local/lib/python3.7/site-packages/airflow/example_dags/example_external_task_marker_dag.py for tasks to queue
[2022-02-22 00:09:11,802] {logging_mixin.py:109} INFO - [2022-02-22 00:09:11,801] {dagbag.py:500} INFO - Filling up the DagBag from /home/airflow/.local/lib/python3.7/site-packages/airflow/example_dags/example_external_task_marker_dag.py
[2022-02-22 00:09:11,924] {processor.py:654} INFO - DAG(s) dict_keys(['example_external_task_marker_parent', 'example_external_task_marker_child']) retrieved from /home/airflow/.local/lib/python3.7/site-packages/airflow/example_dags/example_external_task_marker_dag.py
[2022-02-22 00:09:11,998] {logging_mixin.py:109} INFO - [2022-02-22 00:09:11,998] {dag.py:2396} INFO - Sync 2 DAGs
[2022-02-22 00:09:12,052] {logging_mixin.py:109} INFO - [2022-02-22 00:09:12,052] {dag.py:2935} INFO - Setting next_dagrun for example_external_task_marker_child to None
[2022-02-22 00:09:12,054] {logging_mixin.py:109} INFO - [2022-02-22 00:09:12,053] {dag.py:2935} INFO - Setting next_dagrun for example_external_task_marker_parent to None
[2022-02-22 00:09:12,084] {processor.py:171} INFO - Processing /home/airflow/.local/lib/python3.7/site-packages/airflow/example_dags/example_external_task_marker_dag.py took 0.327 seconds
[2022-02-22 00:24:08,546] {processor.py:163} INFO - Started process (PID=1466) to work on /home/airflow/.local/lib/python3.7/site-packages/airflow/example_dags/example_external_task_marker_dag.py
[2022-02-22 00:24:08,567] {processor.py:642} INFO - Processing file /home/airflow/.local/lib/python3.7/site-packages/airflow/example_dags/example_external_task_marker_dag.py for tasks to queue
[2022-02-22 00:24:08,577] {logging_mixin.py:109} INFO - [2022-02-22 00:24:08,576] {dagbag.py:500} INFO - Filling up the DagBag from /home/airflow/.local/lib/python3.7/site-packages/airflow/example_dags/example_external_task_marker_dag.py
[2022-02-22 00:24:08,803] {processor.py:654} INFO - DAG(s) dict_keys(['example_external_task_marker_parent', 'example_external_task_marker_child']) retrieved from /home/airflow/.local/lib/python3.7/site-packages/airflow/example_dags/example_external_task_marker_dag.py
[2022-02-22 00:24:08,906] {logging_mixin.py:109} INFO - [2022-02-22 00:24:08,905] {dag.py:2396} INFO - Sync 2 DAGs
[2022-02-22 00:24:09,046] {logging_mixin.py:109} INFO - [2022-02-22 00:24:09,046] {dag.py:2935} INFO - Setting next_dagrun for example_external_task_marker_child to None
[2022-02-22 00:24:09,052] {logging_mixin.py:109} INFO - [2022-02-22 00:24:09,051] {dag.py:2935} INFO - Setting next_dagrun for example_external_task_marker_parent to None
[2022-02-22 00:24:09,139] {processor.py:171} INFO - Processing /home/airflow/.local/lib/python3.7/site-packages/airflow/example_dags/example_external_task_marker_dag.py took 0.615 seconds
[2022-02-22 00:39:10,200] {processor.py:163} INFO - Started process (PID=1481) to work on /home/airflow/.local/lib/python3.7/site-packages/airflow/example_dags/example_external_task_marker_dag.py
[2022-02-22 00:39:10,241] {processor.py:642} INFO - Processing file /home/airflow/.local/lib/python3.7/site-packages/airflow/example_dags/example_external_task_marker_dag.py for tasks to queue
[2022-02-22 00:39:10,245] {logging_mixin.py:109} INFO - [2022-02-22 00:39:10,244] {dagbag.py:500} INFO - Filling up the DagBag from /home/airflow/.local/lib/python3.7/site-packages/airflow/example_dags/example_external_task_marker_dag.py
[2022-02-22 00:39:10,442] {processor.py:654} INFO - DAG(s) dict_keys(['example_external_task_marker_parent', 'example_external_task_marker_child']) retrieved from /home/airflow/.local/lib/python3.7/site-packages/airflow/example_dags/example_external_task_marker_dag.py
[2022-02-22 00:39:10,583] {logging_mixin.py:109} INFO - [2022-02-22 00:39:10,583] {dag.py:2396} INFO - Sync 2 DAGs
[2022-02-22 00:39:10,712] {logging_mixin.py:109} INFO - [2022-02-22 00:39:10,712] {dag.py:2935} INFO - Setting next_dagrun for example_external_task_marker_child to None
[2022-02-22 00:39:10,715] {logging_mixin.py:109} INFO - [2022-02-22 00:39:10,715] {dag.py:2935} INFO - Setting next_dagrun for example_external_task_marker_parent to None
[2022-02-22 00:39:10,792] {processor.py:171} INFO - Processing /home/airflow/.local/lib/python3.7/site-packages/airflow/example_dags/example_external_task_marker_dag.py took 0.616 seconds
[2022-02-22 00:46:11,469] {processor.py:163} INFO - Started process (PID=1497) to work on /home/airflow/.local/lib/python3.7/site-packages/airflow/example_dags/example_external_task_marker_dag.py
[2022-02-22 00:46:11,493] {processor.py:642} INFO - Processing file /home/airflow/.local/lib/python3.7/site-packages/airflow/example_dags/example_external_task_marker_dag.py for tasks to queue
[2022-02-22 00:46:11,512] {logging_mixin.py:109} INFO - [2022-02-22 00:46:11,512] {dagbag.py:500} INFO - Filling up the DagBag from /home/airflow/.local/lib/python3.7/site-packages/airflow/example_dags/example_external_task_marker_dag.py
[2022-02-22 00:46:11,768] {processor.py:654} INFO - DAG(s) dict_keys(['example_external_task_marker_parent', 'example_external_task_marker_child']) retrieved from /home/airflow/.local/lib/python3.7/site-packages/airflow/example_dags/example_external_task_marker_dag.py
[2022-02-22 00:46:11,974] {logging_mixin.py:109} INFO - [2022-02-22 00:46:11,973] {dag.py:2396} INFO - Sync 2 DAGs
[2022-02-22 00:46:12,185] {logging_mixin.py:109} INFO - [2022-02-22 00:46:12,184] {dag.py:2935} INFO - Setting next_dagrun for example_external_task_marker_child to None
[2022-02-22 00:46:12,190] {logging_mixin.py:109} INFO - [2022-02-22 00:46:12,188] {dag.py:2935} INFO - Setting next_dagrun for example_external_task_marker_parent to None
[2022-02-22 00:46:12,235] {processor.py:171} INFO - Processing /home/airflow/.local/lib/python3.7/site-packages/airflow/example_dags/example_external_task_marker_dag.py took 0.785 seconds
[2022-02-22 03:47:17,899] {processor.py:163} INFO - Started process (PID=1516) to work on /home/airflow/.local/lib/python3.7/site-packages/airflow/example_dags/example_external_task_marker_dag.py
[2022-02-22 03:47:17,929] {processor.py:642} INFO - Processing file /home/airflow/.local/lib/python3.7/site-packages/airflow/example_dags/example_external_task_marker_dag.py for tasks to queue
[2022-02-22 03:47:17,940] {logging_mixin.py:109} INFO - [2022-02-22 03:47:17,940] {dagbag.py:500} INFO - Filling up the DagBag from /home/airflow/.local/lib/python3.7/site-packages/airflow/example_dags/example_external_task_marker_dag.py
[2022-02-22 03:47:18,529] {processor.py:654} INFO - DAG(s) dict_keys(['example_external_task_marker_parent', 'example_external_task_marker_child']) retrieved from /home/airflow/.local/lib/python3.7/site-packages/airflow/example_dags/example_external_task_marker_dag.py
[2022-02-22 03:47:18,937] {logging_mixin.py:109} INFO - [2022-02-22 03:47:18,937] {dag.py:2396} INFO - Sync 2 DAGs
[2022-02-22 03:47:19,296] {logging_mixin.py:109} INFO - [2022-02-22 03:47:19,295] {dag.py:2935} INFO - Setting next_dagrun for example_external_task_marker_child to None
[2022-02-22 03:47:19,305] {logging_mixin.py:109} INFO - [2022-02-22 03:47:19,305] {dag.py:2935} INFO - Setting next_dagrun for example_external_task_marker_parent to None
[2022-02-22 03:47:19,458] {processor.py:171} INFO - Processing /home/airflow/.local/lib/python3.7/site-packages/airflow/example_dags/example_external_task_marker_dag.py took 1.638 seconds
[2022-02-22 03:47:53,484] {processor.py:163} INFO - Started process (PID=1568) to work on /home/airflow/.local/lib/python3.7/site-packages/airflow/example_dags/example_external_task_marker_dag.py
[2022-02-22 03:47:53,509] {processor.py:642} INFO - Processing file /home/airflow/.local/lib/python3.7/site-packages/airflow/example_dags/example_external_task_marker_dag.py for tasks to queue
[2022-02-22 03:47:53,515] {logging_mixin.py:109} INFO - [2022-02-22 03:47:53,515] {dagbag.py:500} INFO - Filling up the DagBag from /home/airflow/.local/lib/python3.7/site-packages/airflow/example_dags/example_external_task_marker_dag.py
[2022-02-22 03:47:53,876] {processor.py:654} INFO - DAG(s) dict_keys(['example_external_task_marker_parent', 'example_external_task_marker_child']) retrieved from /home/airflow/.local/lib/python3.7/site-packages/airflow/example_dags/example_external_task_marker_dag.py
[2022-02-22 03:47:53,994] {logging_mixin.py:109} INFO - [2022-02-22 03:47:53,994] {dag.py:2396} INFO - Sync 2 DAGs
[2022-02-22 03:47:54,201] {logging_mixin.py:109} INFO - [2022-02-22 03:47:54,198] {dag.py:2935} INFO - Setting next_dagrun for example_external_task_marker_child to None
[2022-02-22 03:47:54,206] {logging_mixin.py:109} INFO - [2022-02-22 03:47:54,206] {dag.py:2935} INFO - Setting next_dagrun for example_external_task_marker_parent to None
[2022-02-22 03:47:54,316] {processor.py:171} INFO - Processing /home/airflow/.local/lib/python3.7/site-packages/airflow/example_dags/example_external_task_marker_dag.py took 0.865 seconds
[2022-02-22 03:48:24,827] {processor.py:163} INFO - Started process (PID=1619) to work on /home/airflow/.local/lib/python3.7/site-packages/airflow/example_dags/example_external_task_marker_dag.py
[2022-02-22 03:48:24,835] {processor.py:642} INFO - Processing file /home/airflow/.local/lib/python3.7/site-packages/airflow/example_dags/example_external_task_marker_dag.py for tasks to queue
[2022-02-22 03:48:24,854] {logging_mixin.py:109} INFO - [2022-02-22 03:48:24,854] {dagbag.py:500} INFO - Filling up the DagBag from /home/airflow/.local/lib/python3.7/site-packages/airflow/example_dags/example_external_task_marker_dag.py
[2022-02-22 03:48:24,969] {processor.py:654} INFO - DAG(s) dict_keys(['example_external_task_marker_parent', 'example_external_task_marker_child']) retrieved from /home/airflow/.local/lib/python3.7/site-packages/airflow/example_dags/example_external_task_marker_dag.py
[2022-02-22 03:48:25,060] {logging_mixin.py:109} INFO - [2022-02-22 03:48:25,060] {dag.py:2396} INFO - Sync 2 DAGs
[2022-02-22 03:48:25,166] {logging_mixin.py:109} INFO - [2022-02-22 03:48:25,166] {dag.py:2935} INFO - Setting next_dagrun for example_external_task_marker_child to None
[2022-02-22 03:48:25,184] {logging_mixin.py:109} INFO - [2022-02-22 03:48:25,184] {dag.py:2935} INFO - Setting next_dagrun for example_external_task_marker_parent to None
[2022-02-22 03:48:25,270] {processor.py:171} INFO - Processing /home/airflow/.local/lib/python3.7/site-packages/airflow/example_dags/example_external_task_marker_dag.py took 0.469 seconds
[2022-02-22 03:48:55,496] {processor.py:163} INFO - Started process (PID=1672) to work on /home/airflow/.local/lib/python3.7/site-packages/airflow/example_dags/example_external_task_marker_dag.py
[2022-02-22 03:48:55,499] {processor.py:642} INFO - Processing file /home/airflow/.local/lib/python3.7/site-packages/airflow/example_dags/example_external_task_marker_dag.py for tasks to queue
[2022-02-22 03:48:55,501] {logging_mixin.py:109} INFO - [2022-02-22 03:48:55,501] {dagbag.py:500} INFO - Filling up the DagBag from /home/airflow/.local/lib/python3.7/site-packages/airflow/example_dags/example_external_task_marker_dag.py
[2022-02-22 03:48:55,547] {processor.py:654} INFO - DAG(s) dict_keys(['example_external_task_marker_parent', 'example_external_task_marker_child']) retrieved from /home/airflow/.local/lib/python3.7/site-packages/airflow/example_dags/example_external_task_marker_dag.py
[2022-02-22 03:48:55,579] {logging_mixin.py:109} INFO - [2022-02-22 03:48:55,579] {dag.py:2396} INFO - Sync 2 DAGs
[2022-02-22 03:48:55,611] {logging_mixin.py:109} INFO - [2022-02-22 03:48:55,611] {dag.py:2935} INFO - Setting next_dagrun for example_external_task_marker_child to None
[2022-02-22 03:48:55,623] {logging_mixin.py:109} INFO - [2022-02-22 03:48:55,623] {dag.py:2935} INFO - Setting next_dagrun for example_external_task_marker_parent to None
[2022-02-22 03:48:55,649] {processor.py:171} INFO - Processing /home/airflow/.local/lib/python3.7/site-packages/airflow/example_dags/example_external_task_marker_dag.py took 0.171 seconds
[2022-02-22 05:49:27,321] {processor.py:163} INFO - Started process (PID=1710) to work on /home/airflow/.local/lib/python3.7/site-packages/airflow/example_dags/example_external_task_marker_dag.py
[2022-02-22 05:49:27,342] {processor.py:642} INFO - Processing file /home/airflow/.local/lib/python3.7/site-packages/airflow/example_dags/example_external_task_marker_dag.py for tasks to queue
[2022-02-22 05:49:27,345] {logging_mixin.py:109} INFO - [2022-02-22 05:49:27,344] {dagbag.py:500} INFO - Filling up the DagBag from /home/airflow/.local/lib/python3.7/site-packages/airflow/example_dags/example_external_task_marker_dag.py
[2022-02-22 05:49:27,631] {processor.py:654} INFO - DAG(s) dict_keys(['example_external_task_marker_parent', 'example_external_task_marker_child']) retrieved from /home/airflow/.local/lib/python3.7/site-packages/airflow/example_dags/example_external_task_marker_dag.py
[2022-02-22 05:49:27,805] {logging_mixin.py:109} INFO - [2022-02-22 05:49:27,804] {dag.py:2396} INFO - Sync 2 DAGs
[2022-02-22 05:49:27,990] {logging_mixin.py:109} INFO - [2022-02-22 05:49:27,990] {dag.py:2935} INFO - Setting next_dagrun for example_external_task_marker_child to None
[2022-02-22 05:49:27,997] {logging_mixin.py:109} INFO - [2022-02-22 05:49:27,997] {dag.py:2935} INFO - Setting next_dagrun for example_external_task_marker_parent to None
[2022-02-22 05:49:28,086] {processor.py:171} INFO - Processing /home/airflow/.local/lib/python3.7/site-packages/airflow/example_dags/example_external_task_marker_dag.py took 0.824 seconds
[2022-02-22 07:49:51,306] {processor.py:163} INFO - Started process (PID=1727) to work on /home/airflow/.local/lib/python3.7/site-packages/airflow/example_dags/example_external_task_marker_dag.py
[2022-02-22 07:49:51,316] {processor.py:642} INFO - Processing file /home/airflow/.local/lib/python3.7/site-packages/airflow/example_dags/example_external_task_marker_dag.py for tasks to queue
[2022-02-22 07:49:51,326] {logging_mixin.py:109} INFO - [2022-02-22 07:49:51,324] {dagbag.py:500} INFO - Filling up the DagBag from /home/airflow/.local/lib/python3.7/site-packages/airflow/example_dags/example_external_task_marker_dag.py
[2022-02-22 07:49:51,512] {processor.py:654} INFO - DAG(s) dict_keys(['example_external_task_marker_parent', 'example_external_task_marker_child']) retrieved from /home/airflow/.local/lib/python3.7/site-packages/airflow/example_dags/example_external_task_marker_dag.py
[2022-02-22 07:49:51,612] {logging_mixin.py:109} INFO - [2022-02-22 07:49:51,612] {dag.py:2396} INFO - Sync 2 DAGs
[2022-02-22 07:49:51,732] {logging_mixin.py:109} INFO - [2022-02-22 07:49:51,732] {dag.py:2935} INFO - Setting next_dagrun for example_external_task_marker_child to None
[2022-02-22 07:49:51,736] {logging_mixin.py:109} INFO - [2022-02-22 07:49:51,735] {dag.py:2935} INFO - Setting next_dagrun for example_external_task_marker_parent to None
[2022-02-22 07:49:51,811] {processor.py:171} INFO - Processing /home/airflow/.local/lib/python3.7/site-packages/airflow/example_dags/example_external_task_marker_dag.py took 0.540 seconds
[2022-02-22 09:50:11,426] {processor.py:163} INFO - Started process (PID=1746) to work on /home/airflow/.local/lib/python3.7/site-packages/airflow/example_dags/example_external_task_marker_dag.py
[2022-02-22 09:50:11,432] {processor.py:642} INFO - Processing file /home/airflow/.local/lib/python3.7/site-packages/airflow/example_dags/example_external_task_marker_dag.py for tasks to queue
[2022-02-22 09:50:11,466] {logging_mixin.py:109} INFO - [2022-02-22 09:50:11,448] {dagbag.py:500} INFO - Filling up the DagBag from /home/airflow/.local/lib/python3.7/site-packages/airflow/example_dags/example_external_task_marker_dag.py
[2022-02-22 09:50:11,703] {processor.py:654} INFO - DAG(s) dict_keys(['example_external_task_marker_parent', 'example_external_task_marker_child']) retrieved from /home/airflow/.local/lib/python3.7/site-packages/airflow/example_dags/example_external_task_marker_dag.py
[2022-02-22 09:50:11,881] {logging_mixin.py:109} INFO - [2022-02-22 09:50:11,881] {dag.py:2396} INFO - Sync 2 DAGs
[2022-02-22 09:50:12,065] {logging_mixin.py:109} INFO - [2022-02-22 09:50:12,065] {dag.py:2935} INFO - Setting next_dagrun for example_external_task_marker_child to None
[2022-02-22 09:50:12,099] {logging_mixin.py:109} INFO - [2022-02-22 09:50:12,098] {dag.py:2935} INFO - Setting next_dagrun for example_external_task_marker_parent to None
[2022-02-22 09:50:12,185] {processor.py:171} INFO - Processing /home/airflow/.local/lib/python3.7/site-packages/airflow/example_dags/example_external_task_marker_dag.py took 0.807 seconds
[2022-02-22 13:02:03,512] {processor.py:163} INFO - Started process (PID=1776) to work on /home/airflow/.local/lib/python3.7/site-packages/airflow/example_dags/example_external_task_marker_dag.py
[2022-02-22 13:02:03,624] {processor.py:642} INFO - Processing file /home/airflow/.local/lib/python3.7/site-packages/airflow/example_dags/example_external_task_marker_dag.py for tasks to queue
[2022-02-22 13:02:03,638] {logging_mixin.py:109} INFO - [2022-02-22 13:02:03,638] {dagbag.py:500} INFO - Filling up the DagBag from /home/airflow/.local/lib/python3.7/site-packages/airflow/example_dags/example_external_task_marker_dag.py
[2022-02-22 13:02:07,106] {processor.py:654} INFO - DAG(s) dict_keys(['example_external_task_marker_parent', 'example_external_task_marker_child']) retrieved from /home/airflow/.local/lib/python3.7/site-packages/airflow/example_dags/example_external_task_marker_dag.py
[2022-02-22 13:02:07,976] {logging_mixin.py:109} INFO - [2022-02-22 13:02:07,976] {dag.py:2396} INFO - Sync 2 DAGs
[2022-02-22 13:02:10,784] {logging_mixin.py:109} INFO - [2022-02-22 13:02:10,784] {dag.py:2935} INFO - Setting next_dagrun for example_external_task_marker_child to None
[2022-02-22 13:02:10,816] {logging_mixin.py:109} INFO - [2022-02-22 13:02:10,815] {dag.py:2935} INFO - Setting next_dagrun for example_external_task_marker_parent to None
[2022-02-22 13:02:16,824] {processor.py:171} INFO - Processing /home/airflow/.local/lib/python3.7/site-packages/airflow/example_dags/example_external_task_marker_dag.py took 13.725 seconds
[2022-02-22 13:03:42,176] {processor.py:163} INFO - Started process (PID=1825) to work on /home/airflow/.local/lib/python3.7/site-packages/airflow/example_dags/example_external_task_marker_dag.py
[2022-02-22 13:03:42,265] {processor.py:642} INFO - Processing file /home/airflow/.local/lib/python3.7/site-packages/airflow/example_dags/example_external_task_marker_dag.py for tasks to queue
[2022-02-22 13:03:42,344] {logging_mixin.py:109} INFO - [2022-02-22 13:03:42,333] {dagbag.py:500} INFO - Filling up the DagBag from /home/airflow/.local/lib/python3.7/site-packages/airflow/example_dags/example_external_task_marker_dag.py
[2022-02-22 13:03:43,836] {processor.py:654} INFO - DAG(s) dict_keys(['example_external_task_marker_parent', 'example_external_task_marker_child']) retrieved from /home/airflow/.local/lib/python3.7/site-packages/airflow/example_dags/example_external_task_marker_dag.py
[2022-02-22 13:03:45,220] {logging_mixin.py:109} INFO - [2022-02-22 13:03:45,219] {dag.py:2396} INFO - Sync 2 DAGs
[2022-02-22 13:03:46,595] {logging_mixin.py:109} INFO - [2022-02-22 13:03:46,595] {dag.py:2935} INFO - Setting next_dagrun for example_external_task_marker_child to None
[2022-02-22 13:03:46,663] {logging_mixin.py:109} INFO - [2022-02-22 13:03:46,662] {dag.py:2935} INFO - Setting next_dagrun for example_external_task_marker_parent to None
[2022-02-22 13:03:47,025] {processor.py:171} INFO - Processing /home/airflow/.local/lib/python3.7/site-packages/airflow/example_dags/example_external_task_marker_dag.py took 5.011 seconds
[2022-02-22 13:06:11,185] {processor.py:163} INFO - Started process (PID=1918) to work on /home/airflow/.local/lib/python3.7/site-packages/airflow/example_dags/example_external_task_marker_dag.py
[2022-02-22 13:06:11,218] {processor.py:642} INFO - Processing file /home/airflow/.local/lib/python3.7/site-packages/airflow/example_dags/example_external_task_marker_dag.py for tasks to queue
[2022-02-22 13:06:11,318] {logging_mixin.py:109} INFO - [2022-02-22 13:06:11,318] {dagbag.py:500} INFO - Filling up the DagBag from /home/airflow/.local/lib/python3.7/site-packages/airflow/example_dags/example_external_task_marker_dag.py
[2022-02-22 13:06:13,115] {processor.py:654} INFO - DAG(s) dict_keys(['example_external_task_marker_parent', 'example_external_task_marker_child']) retrieved from /home/airflow/.local/lib/python3.7/site-packages/airflow/example_dags/example_external_task_marker_dag.py
[2022-02-22 13:06:14,438] {logging_mixin.py:109} INFO - [2022-02-22 13:06:14,438] {dag.py:2396} INFO - Sync 2 DAGs
[2022-02-22 13:06:15,845] {logging_mixin.py:109} INFO - [2022-02-22 13:06:15,845] {dag.py:2935} INFO - Setting next_dagrun for example_external_task_marker_child to None
[2022-02-22 13:06:15,860] {logging_mixin.py:109} INFO - [2022-02-22 13:06:15,860] {dag.py:2935} INFO - Setting next_dagrun for example_external_task_marker_parent to None
[2022-02-22 13:06:16,174] {processor.py:171} INFO - Processing /home/airflow/.local/lib/python3.7/site-packages/airflow/example_dags/example_external_task_marker_dag.py took 5.221 seconds
