[2022-02-22 00:00:39,314] {processor.py:163} INFO - Started process (PID=1082) to work on /home/airflow/.local/lib/python3.7/site-packages/airflow/example_dags/example_sla_dag.py
[2022-02-22 00:00:39,318] {processor.py:642} INFO - Processing file /home/airflow/.local/lib/python3.7/site-packages/airflow/example_dags/example_sla_dag.py for tasks to queue
[2022-02-22 00:00:39,320] {logging_mixin.py:109} INFO - [2022-02-22 00:00:39,320] {dagbag.py:500} INFO - Filling up the DagBag from /home/airflow/.local/lib/python3.7/site-packages/airflow/example_dags/example_sla_dag.py
[2022-02-22 00:00:39,457] {processor.py:654} INFO - DAG(s) dict_keys(['example_sla_dag']) retrieved from /home/airflow/.local/lib/python3.7/site-packages/airflow/example_dags/example_sla_dag.py
[2022-02-22 00:00:39,481] {logging_mixin.py:109} INFO - [2022-02-22 00:00:39,481] {dag.py:2396} INFO - Sync 1 DAGs
[2022-02-22 00:00:39,560] {logging_mixin.py:109} INFO - [2022-02-22 00:00:39,560] {dag.py:2935} INFO - Setting next_dagrun for example_sla_dag to 2022-02-21T23:58:00+00:00
[2022-02-22 00:00:39,593] {processor.py:171} INFO - Processing /home/airflow/.local/lib/python3.7/site-packages/airflow/example_dags/example_sla_dag.py took 0.302 seconds
[2022-02-22 00:01:10,222] {processor.py:163} INFO - Started process (PID=1136) to work on /home/airflow/.local/lib/python3.7/site-packages/airflow/example_dags/example_sla_dag.py
[2022-02-22 00:01:10,227] {processor.py:642} INFO - Processing file /home/airflow/.local/lib/python3.7/site-packages/airflow/example_dags/example_sla_dag.py for tasks to queue
[2022-02-22 00:01:10,231] {logging_mixin.py:109} INFO - [2022-02-22 00:01:10,231] {dagbag.py:500} INFO - Filling up the DagBag from /home/airflow/.local/lib/python3.7/site-packages/airflow/example_dags/example_sla_dag.py
[2022-02-22 00:01:10,290] {processor.py:654} INFO - DAG(s) dict_keys(['example_sla_dag']) retrieved from /home/airflow/.local/lib/python3.7/site-packages/airflow/example_dags/example_sla_dag.py
[2022-02-22 00:01:10,303] {logging_mixin.py:109} INFO - [2022-02-22 00:01:10,303] {dag.py:2396} INFO - Sync 1 DAGs
[2022-02-22 00:01:10,328] {logging_mixin.py:109} INFO - [2022-02-22 00:01:10,328] {dag.py:2935} INFO - Setting next_dagrun for example_sla_dag to 2022-02-21T23:58:00+00:00
[2022-02-22 00:01:10,343] {processor.py:171} INFO - Processing /home/airflow/.local/lib/python3.7/site-packages/airflow/example_dags/example_sla_dag.py took 0.126 seconds
[2022-02-22 00:01:40,937] {processor.py:163} INFO - Started process (PID=1189) to work on /home/airflow/.local/lib/python3.7/site-packages/airflow/example_dags/example_sla_dag.py
[2022-02-22 00:01:40,948] {processor.py:642} INFO - Processing file /home/airflow/.local/lib/python3.7/site-packages/airflow/example_dags/example_sla_dag.py for tasks to queue
[2022-02-22 00:01:40,956] {logging_mixin.py:109} INFO - [2022-02-22 00:01:40,955] {dagbag.py:500} INFO - Filling up the DagBag from /home/airflow/.local/lib/python3.7/site-packages/airflow/example_dags/example_sla_dag.py
[2022-02-22 00:01:41,062] {processor.py:654} INFO - DAG(s) dict_keys(['example_sla_dag']) retrieved from /home/airflow/.local/lib/python3.7/site-packages/airflow/example_dags/example_sla_dag.py
[2022-02-22 00:01:41,077] {logging_mixin.py:109} INFO - [2022-02-22 00:01:41,077] {dag.py:2396} INFO - Sync 1 DAGs
[2022-02-22 00:01:41,109] {logging_mixin.py:109} INFO - [2022-02-22 00:01:41,108] {dag.py:2935} INFO - Setting next_dagrun for example_sla_dag to 2022-02-21T23:58:00+00:00
[2022-02-22 00:01:41,135] {processor.py:171} INFO - Processing /home/airflow/.local/lib/python3.7/site-packages/airflow/example_dags/example_sla_dag.py took 0.255 seconds
[2022-02-22 00:02:12,029] {processor.py:163} INFO - Started process (PID=1241) to work on /home/airflow/.local/lib/python3.7/site-packages/airflow/example_dags/example_sla_dag.py
[2022-02-22 00:02:12,038] {processor.py:642} INFO - Processing file /home/airflow/.local/lib/python3.7/site-packages/airflow/example_dags/example_sla_dag.py for tasks to queue
[2022-02-22 00:02:12,042] {logging_mixin.py:109} INFO - [2022-02-22 00:02:12,042] {dagbag.py:500} INFO - Filling up the DagBag from /home/airflow/.local/lib/python3.7/site-packages/airflow/example_dags/example_sla_dag.py
[2022-02-22 00:02:12,154] {processor.py:654} INFO - DAG(s) dict_keys(['example_sla_dag']) retrieved from /home/airflow/.local/lib/python3.7/site-packages/airflow/example_dags/example_sla_dag.py
[2022-02-22 00:02:12,178] {logging_mixin.py:109} INFO - [2022-02-22 00:02:12,178] {dag.py:2396} INFO - Sync 1 DAGs
[2022-02-22 00:02:12,206] {logging_mixin.py:109} INFO - [2022-02-22 00:02:12,206] {dag.py:2935} INFO - Setting next_dagrun for example_sla_dag to 2022-02-22T00:00:00+00:00
[2022-02-22 00:02:12,247] {processor.py:171} INFO - Processing /home/airflow/.local/lib/python3.7/site-packages/airflow/example_dags/example_sla_dag.py took 0.222 seconds
[2022-02-22 00:02:42,993] {processor.py:163} INFO - Started process (PID=1296) to work on /home/airflow/.local/lib/python3.7/site-packages/airflow/example_dags/example_sla_dag.py
[2022-02-22 00:02:42,996] {processor.py:642} INFO - Processing file /home/airflow/.local/lib/python3.7/site-packages/airflow/example_dags/example_sla_dag.py for tasks to queue
[2022-02-22 00:02:42,998] {logging_mixin.py:109} INFO - [2022-02-22 00:02:42,998] {dagbag.py:500} INFO - Filling up the DagBag from /home/airflow/.local/lib/python3.7/site-packages/airflow/example_dags/example_sla_dag.py
[2022-02-22 00:02:43,076] {processor.py:654} INFO - DAG(s) dict_keys(['example_sla_dag']) retrieved from /home/airflow/.local/lib/python3.7/site-packages/airflow/example_dags/example_sla_dag.py
[2022-02-22 00:02:43,088] {logging_mixin.py:109} INFO - [2022-02-22 00:02:43,088] {dag.py:2396} INFO - Sync 1 DAGs
[2022-02-22 00:02:43,116] {logging_mixin.py:109} INFO - [2022-02-22 00:02:43,116] {dag.py:2935} INFO - Setting next_dagrun for example_sla_dag to 2022-02-22T00:00:00+00:00
[2022-02-22 00:02:43,136] {processor.py:171} INFO - Processing /home/airflow/.local/lib/python3.7/site-packages/airflow/example_dags/example_sla_dag.py took 0.159 seconds
[2022-02-22 00:03:13,491] {processor.py:163} INFO - Started process (PID=1350) to work on /home/airflow/.local/lib/python3.7/site-packages/airflow/example_dags/example_sla_dag.py
[2022-02-22 00:03:13,502] {processor.py:642} INFO - Processing file /home/airflow/.local/lib/python3.7/site-packages/airflow/example_dags/example_sla_dag.py for tasks to queue
[2022-02-22 00:03:13,506] {logging_mixin.py:109} INFO - [2022-02-22 00:03:13,505] {dagbag.py:500} INFO - Filling up the DagBag from /home/airflow/.local/lib/python3.7/site-packages/airflow/example_dags/example_sla_dag.py
[2022-02-22 00:03:13,560] {processor.py:654} INFO - DAG(s) dict_keys(['example_sla_dag']) retrieved from /home/airflow/.local/lib/python3.7/site-packages/airflow/example_dags/example_sla_dag.py
[2022-02-22 00:03:13,574] {logging_mixin.py:109} INFO - [2022-02-22 00:03:13,574] {dag.py:2396} INFO - Sync 1 DAGs
[2022-02-22 00:03:13,618] {logging_mixin.py:109} INFO - [2022-02-22 00:03:13,618] {dag.py:2935} INFO - Setting next_dagrun for example_sla_dag to 2022-02-22T00:00:00+00:00
[2022-02-22 00:03:13,629] {processor.py:171} INFO - Processing /home/airflow/.local/lib/python3.7/site-packages/airflow/example_dags/example_sla_dag.py took 0.145 seconds
[2022-02-22 00:03:50,300] {processor.py:163} INFO - Started process (PID=1404) to work on /home/airflow/.local/lib/python3.7/site-packages/airflow/example_dags/example_sla_dag.py
[2022-02-22 00:03:50,316] {processor.py:642} INFO - Processing file /home/airflow/.local/lib/python3.7/site-packages/airflow/example_dags/example_sla_dag.py for tasks to queue
[2022-02-22 00:03:50,358] {logging_mixin.py:109} INFO - [2022-02-22 00:03:50,358] {dagbag.py:500} INFO - Filling up the DagBag from /home/airflow/.local/lib/python3.7/site-packages/airflow/example_dags/example_sla_dag.py
[2022-02-22 00:03:50,679] {processor.py:654} INFO - DAG(s) dict_keys(['example_sla_dag']) retrieved from /home/airflow/.local/lib/python3.7/site-packages/airflow/example_dags/example_sla_dag.py
[2022-02-22 00:03:50,710] {logging_mixin.py:109} INFO - [2022-02-22 00:03:50,710] {dag.py:2396} INFO - Sync 1 DAGs
[2022-02-22 00:03:50,783] {logging_mixin.py:109} INFO - [2022-02-22 00:03:50,782] {dag.py:2935} INFO - Setting next_dagrun for example_sla_dag to 2022-02-22T00:00:00+00:00
[2022-02-22 00:03:50,819] {processor.py:171} INFO - Processing /home/airflow/.local/lib/python3.7/site-packages/airflow/example_dags/example_sla_dag.py took 0.618 seconds
[2022-02-22 03:47:37,962] {processor.py:163} INFO - Started process (PID=1540) to work on /home/airflow/.local/lib/python3.7/site-packages/airflow/example_dags/example_sla_dag.py
[2022-02-22 03:47:38,008] {processor.py:642} INFO - Processing file /home/airflow/.local/lib/python3.7/site-packages/airflow/example_dags/example_sla_dag.py for tasks to queue
[2022-02-22 03:47:38,024] {logging_mixin.py:109} INFO - [2022-02-22 03:47:38,024] {dagbag.py:500} INFO - Filling up the DagBag from /home/airflow/.local/lib/python3.7/site-packages/airflow/example_dags/example_sla_dag.py
[2022-02-22 03:47:38,573] {processor.py:654} INFO - DAG(s) dict_keys(['example_sla_dag']) retrieved from /home/airflow/.local/lib/python3.7/site-packages/airflow/example_dags/example_sla_dag.py
[2022-02-22 03:47:38,693] {logging_mixin.py:109} INFO - [2022-02-22 03:47:38,693] {dag.py:2396} INFO - Sync 1 DAGs
[2022-02-22 03:47:38,933] {logging_mixin.py:109} INFO - [2022-02-22 03:47:38,933] {dag.py:2935} INFO - Setting next_dagrun for example_sla_dag to 2022-02-22T03:44:00+00:00
[2022-02-22 03:47:39,035] {processor.py:171} INFO - Processing /home/airflow/.local/lib/python3.7/site-packages/airflow/example_dags/example_sla_dag.py took 1.125 seconds
[2022-02-22 03:48:13,260] {processor.py:163} INFO - Started process (PID=1592) to work on /home/airflow/.local/lib/python3.7/site-packages/airflow/example_dags/example_sla_dag.py
[2022-02-22 03:48:13,288] {processor.py:642} INFO - Processing file /home/airflow/.local/lib/python3.7/site-packages/airflow/example_dags/example_sla_dag.py for tasks to queue
[2022-02-22 03:48:13,302] {logging_mixin.py:109} INFO - [2022-02-22 03:48:13,302] {dagbag.py:500} INFO - Filling up the DagBag from /home/airflow/.local/lib/python3.7/site-packages/airflow/example_dags/example_sla_dag.py
[2022-02-22 03:48:13,515] {processor.py:654} INFO - DAG(s) dict_keys(['example_sla_dag']) retrieved from /home/airflow/.local/lib/python3.7/site-packages/airflow/example_dags/example_sla_dag.py
[2022-02-22 03:48:13,579] {logging_mixin.py:109} INFO - [2022-02-22 03:48:13,579] {dag.py:2396} INFO - Sync 1 DAGs
[2022-02-22 03:48:13,759] {logging_mixin.py:109} INFO - [2022-02-22 03:48:13,758] {dag.py:2935} INFO - Setting next_dagrun for example_sla_dag to 2022-02-22T03:46:00+00:00
[2022-02-22 03:48:13,831] {processor.py:171} INFO - Processing /home/airflow/.local/lib/python3.7/site-packages/airflow/example_dags/example_sla_dag.py took 0.614 seconds
[2022-02-22 03:48:44,463] {processor.py:163} INFO - Started process (PID=1643) to work on /home/airflow/.local/lib/python3.7/site-packages/airflow/example_dags/example_sla_dag.py
[2022-02-22 03:48:44,466] {processor.py:642} INFO - Processing file /home/airflow/.local/lib/python3.7/site-packages/airflow/example_dags/example_sla_dag.py for tasks to queue
[2022-02-22 03:48:44,467] {logging_mixin.py:109} INFO - [2022-02-22 03:48:44,467] {dagbag.py:500} INFO - Filling up the DagBag from /home/airflow/.local/lib/python3.7/site-packages/airflow/example_dags/example_sla_dag.py
[2022-02-22 03:48:44,500] {processor.py:654} INFO - DAG(s) dict_keys(['example_sla_dag']) retrieved from /home/airflow/.local/lib/python3.7/site-packages/airflow/example_dags/example_sla_dag.py
[2022-02-22 03:48:44,515] {logging_mixin.py:109} INFO - [2022-02-22 03:48:44,515] {dag.py:2396} INFO - Sync 1 DAGs
[2022-02-22 03:48:44,552] {logging_mixin.py:109} INFO - [2022-02-22 03:48:44,552] {dag.py:2935} INFO - Setting next_dagrun for example_sla_dag to 2022-02-22T03:46:00+00:00
[2022-02-22 03:48:44,568] {processor.py:171} INFO - Processing /home/airflow/.local/lib/python3.7/site-packages/airflow/example_dags/example_sla_dag.py took 0.108 seconds
[2022-02-22 03:49:14,895] {processor.py:163} INFO - Started process (PID=1695) to work on /home/airflow/.local/lib/python3.7/site-packages/airflow/example_dags/example_sla_dag.py
[2022-02-22 03:49:14,898] {processor.py:642} INFO - Processing file /home/airflow/.local/lib/python3.7/site-packages/airflow/example_dags/example_sla_dag.py for tasks to queue
[2022-02-22 03:49:14,900] {logging_mixin.py:109} INFO - [2022-02-22 03:49:14,900] {dagbag.py:500} INFO - Filling up the DagBag from /home/airflow/.local/lib/python3.7/site-packages/airflow/example_dags/example_sla_dag.py
[2022-02-22 03:49:14,934] {processor.py:654} INFO - DAG(s) dict_keys(['example_sla_dag']) retrieved from /home/airflow/.local/lib/python3.7/site-packages/airflow/example_dags/example_sla_dag.py
[2022-02-22 03:49:14,946] {logging_mixin.py:109} INFO - [2022-02-22 03:49:14,945] {dag.py:2396} INFO - Sync 1 DAGs
[2022-02-22 03:49:14,968] {logging_mixin.py:109} INFO - [2022-02-22 03:49:14,968] {dag.py:2935} INFO - Setting next_dagrun for example_sla_dag to 2022-02-22T03:46:00+00:00
[2022-02-22 03:49:14,980] {processor.py:171} INFO - Processing /home/airflow/.local/lib/python3.7/site-packages/airflow/example_dags/example_sla_dag.py took 0.093 seconds
