[2022-02-22 00:00:18,019] {processor.py:163} INFO - Started process (PID=1057) to work on /home/airflow/.local/lib/python3.7/site-packages/airflow/example_dags/example_nested_branch_dag.py
[2022-02-22 00:00:18,055] {processor.py:642} INFO - Processing file /home/airflow/.local/lib/python3.7/site-packages/airflow/example_dags/example_nested_branch_dag.py for tasks to queue
[2022-02-22 00:00:18,065] {logging_mixin.py:109} INFO - [2022-02-22 00:00:18,065] {dagbag.py:500} INFO - Filling up the DagBag from /home/airflow/.local/lib/python3.7/site-packages/airflow/example_dags/example_nested_branch_dag.py
[2022-02-22 00:00:20,768] {processor.py:654} INFO - DAG(s) dict_keys(['example_nested_branch_dag']) retrieved from /home/airflow/.local/lib/python3.7/site-packages/airflow/example_dags/example_nested_branch_dag.py
[2022-02-22 00:00:21,317] {logging_mixin.py:109} INFO - [2022-02-22 00:00:21,261] {dag.py:2396} INFO - Sync 1 DAGs
[2022-02-22 00:00:21,516] {logging_mixin.py:109} INFO - [2022-02-22 00:00:21,516] {dag.py:2935} INFO - Setting next_dagrun for example_nested_branch_dag to 2022-02-21 00:00:00+00:00
[2022-02-22 00:00:21,676] {processor.py:171} INFO - Processing /home/airflow/.local/lib/python3.7/site-packages/airflow/example_dags/example_nested_branch_dag.py took 3.685 seconds
[2022-02-22 00:00:52,265] {processor.py:163} INFO - Started process (PID=1109) to work on /home/airflow/.local/lib/python3.7/site-packages/airflow/example_dags/example_nested_branch_dag.py
[2022-02-22 00:00:52,274] {processor.py:642} INFO - Processing file /home/airflow/.local/lib/python3.7/site-packages/airflow/example_dags/example_nested_branch_dag.py for tasks to queue
[2022-02-22 00:00:52,277] {logging_mixin.py:109} INFO - [2022-02-22 00:00:52,277] {dagbag.py:500} INFO - Filling up the DagBag from /home/airflow/.local/lib/python3.7/site-packages/airflow/example_dags/example_nested_branch_dag.py
[2022-02-22 00:00:52,484] {processor.py:654} INFO - DAG(s) dict_keys(['example_nested_branch_dag']) retrieved from /home/airflow/.local/lib/python3.7/site-packages/airflow/example_dags/example_nested_branch_dag.py
[2022-02-22 00:00:52,529] {logging_mixin.py:109} INFO - [2022-02-22 00:00:52,529] {dag.py:2396} INFO - Sync 1 DAGs
[2022-02-22 00:00:52,596] {logging_mixin.py:109} INFO - [2022-02-22 00:00:52,596] {dag.py:2935} INFO - Setting next_dagrun for example_nested_branch_dag to 2022-02-21 00:00:00+00:00
[2022-02-22 00:00:52,616] {processor.py:171} INFO - Processing /home/airflow/.local/lib/python3.7/site-packages/airflow/example_dags/example_nested_branch_dag.py took 0.382 seconds
[2022-02-22 00:01:22,810] {processor.py:163} INFO - Started process (PID=1163) to work on /home/airflow/.local/lib/python3.7/site-packages/airflow/example_dags/example_nested_branch_dag.py
[2022-02-22 00:01:22,816] {processor.py:642} INFO - Processing file /home/airflow/.local/lib/python3.7/site-packages/airflow/example_dags/example_nested_branch_dag.py for tasks to queue
[2022-02-22 00:01:22,819] {logging_mixin.py:109} INFO - [2022-02-22 00:01:22,819] {dagbag.py:500} INFO - Filling up the DagBag from /home/airflow/.local/lib/python3.7/site-packages/airflow/example_dags/example_nested_branch_dag.py
[2022-02-22 00:01:22,954] {processor.py:654} INFO - DAG(s) dict_keys(['example_nested_branch_dag']) retrieved from /home/airflow/.local/lib/python3.7/site-packages/airflow/example_dags/example_nested_branch_dag.py
[2022-02-22 00:01:22,997] {logging_mixin.py:109} INFO - [2022-02-22 00:01:22,997] {dag.py:2396} INFO - Sync 1 DAGs
[2022-02-22 00:01:23,059] {logging_mixin.py:109} INFO - [2022-02-22 00:01:23,059] {dag.py:2935} INFO - Setting next_dagrun for example_nested_branch_dag to 2022-02-21 00:00:00+00:00
[2022-02-22 00:01:23,088] {processor.py:171} INFO - Processing /home/airflow/.local/lib/python3.7/site-packages/airflow/example_dags/example_nested_branch_dag.py took 0.283 seconds
[2022-02-22 00:01:53,398] {processor.py:163} INFO - Started process (PID=1205) to work on /home/airflow/.local/lib/python3.7/site-packages/airflow/example_dags/example_nested_branch_dag.py
[2022-02-22 00:01:53,410] {processor.py:642} INFO - Processing file /home/airflow/.local/lib/python3.7/site-packages/airflow/example_dags/example_nested_branch_dag.py for tasks to queue
[2022-02-22 00:01:53,414] {logging_mixin.py:109} INFO - [2022-02-22 00:01:53,413] {dagbag.py:500} INFO - Filling up the DagBag from /home/airflow/.local/lib/python3.7/site-packages/airflow/example_dags/example_nested_branch_dag.py
[2022-02-22 00:01:53,599] {processor.py:654} INFO - DAG(s) dict_keys(['example_nested_branch_dag']) retrieved from /home/airflow/.local/lib/python3.7/site-packages/airflow/example_dags/example_nested_branch_dag.py
[2022-02-22 00:01:53,642] {logging_mixin.py:109} INFO - [2022-02-22 00:01:53,642] {dag.py:2396} INFO - Sync 1 DAGs
[2022-02-22 00:01:53,685] {logging_mixin.py:109} INFO - [2022-02-22 00:01:53,685] {dag.py:2935} INFO - Setting next_dagrun for example_nested_branch_dag to 2022-02-21 00:00:00+00:00
[2022-02-22 00:01:53,714] {processor.py:171} INFO - Processing /home/airflow/.local/lib/python3.7/site-packages/airflow/example_dags/example_nested_branch_dag.py took 0.328 seconds
[2022-02-22 00:02:24,170] {processor.py:163} INFO - Started process (PID=1257) to work on /home/airflow/.local/lib/python3.7/site-packages/airflow/example_dags/example_nested_branch_dag.py
[2022-02-22 00:02:24,174] {processor.py:642} INFO - Processing file /home/airflow/.local/lib/python3.7/site-packages/airflow/example_dags/example_nested_branch_dag.py for tasks to queue
[2022-02-22 00:02:24,176] {logging_mixin.py:109} INFO - [2022-02-22 00:02:24,176] {dagbag.py:500} INFO - Filling up the DagBag from /home/airflow/.local/lib/python3.7/site-packages/airflow/example_dags/example_nested_branch_dag.py
[2022-02-22 00:02:24,225] {processor.py:654} INFO - DAG(s) dict_keys(['example_nested_branch_dag']) retrieved from /home/airflow/.local/lib/python3.7/site-packages/airflow/example_dags/example_nested_branch_dag.py
[2022-02-22 00:02:24,243] {logging_mixin.py:109} INFO - [2022-02-22 00:02:24,243] {dag.py:2396} INFO - Sync 1 DAGs
[2022-02-22 00:02:24,267] {logging_mixin.py:109} INFO - [2022-02-22 00:02:24,267] {dag.py:2935} INFO - Setting next_dagrun for example_nested_branch_dag to 2022-02-21 00:00:00+00:00
[2022-02-22 00:02:24,284] {processor.py:171} INFO - Processing /home/airflow/.local/lib/python3.7/site-packages/airflow/example_dags/example_nested_branch_dag.py took 0.120 seconds
[2022-02-22 00:02:54,899] {processor.py:163} INFO - Started process (PID=1322) to work on /home/airflow/.local/lib/python3.7/site-packages/airflow/example_dags/example_nested_branch_dag.py
[2022-02-22 00:02:54,920] {processor.py:642} INFO - Processing file /home/airflow/.local/lib/python3.7/site-packages/airflow/example_dags/example_nested_branch_dag.py for tasks to queue
[2022-02-22 00:02:54,923] {logging_mixin.py:109} INFO - [2022-02-22 00:02:54,922] {dagbag.py:500} INFO - Filling up the DagBag from /home/airflow/.local/lib/python3.7/site-packages/airflow/example_dags/example_nested_branch_dag.py
[2022-02-22 00:02:54,971] {processor.py:654} INFO - DAG(s) dict_keys(['example_nested_branch_dag']) retrieved from /home/airflow/.local/lib/python3.7/site-packages/airflow/example_dags/example_nested_branch_dag.py
[2022-02-22 00:02:54,992] {logging_mixin.py:109} INFO - [2022-02-22 00:02:54,992] {dag.py:2396} INFO - Sync 1 DAGs
[2022-02-22 00:02:55,032] {logging_mixin.py:109} INFO - [2022-02-22 00:02:55,031] {dag.py:2935} INFO - Setting next_dagrun for example_nested_branch_dag to 2022-02-21 00:00:00+00:00
[2022-02-22 00:02:55,048] {processor.py:171} INFO - Processing /home/airflow/.local/lib/python3.7/site-packages/airflow/example_dags/example_nested_branch_dag.py took 0.160 seconds
[2022-02-22 00:03:39,686] {processor.py:163} INFO - Started process (PID=1377) to work on /home/airflow/.local/lib/python3.7/site-packages/airflow/example_dags/example_nested_branch_dag.py
[2022-02-22 00:03:39,709] {processor.py:642} INFO - Processing file /home/airflow/.local/lib/python3.7/site-packages/airflow/example_dags/example_nested_branch_dag.py for tasks to queue
[2022-02-22 00:03:39,723] {logging_mixin.py:109} INFO - [2022-02-22 00:03:39,722] {dagbag.py:500} INFO - Filling up the DagBag from /home/airflow/.local/lib/python3.7/site-packages/airflow/example_dags/example_nested_branch_dag.py
[2022-02-22 00:03:40,072] {processor.py:654} INFO - DAG(s) dict_keys(['example_nested_branch_dag']) retrieved from /home/airflow/.local/lib/python3.7/site-packages/airflow/example_dags/example_nested_branch_dag.py
[2022-02-22 00:03:40,195] {logging_mixin.py:109} INFO - [2022-02-22 00:03:40,194] {dag.py:2396} INFO - Sync 1 DAGs
[2022-02-22 00:03:40,348] {logging_mixin.py:109} INFO - [2022-02-22 00:03:40,347] {dag.py:2935} INFO - Setting next_dagrun for example_nested_branch_dag to 2022-02-21 00:00:00+00:00
[2022-02-22 00:03:40,418] {processor.py:171} INFO - Processing /home/airflow/.local/lib/python3.7/site-packages/airflow/example_dags/example_nested_branch_dag.py took 0.752 seconds
[2022-02-22 00:04:10,630] {processor.py:163} INFO - Started process (PID=1427) to work on /home/airflow/.local/lib/python3.7/site-packages/airflow/example_dags/example_nested_branch_dag.py
[2022-02-22 00:04:10,636] {processor.py:642} INFO - Processing file /home/airflow/.local/lib/python3.7/site-packages/airflow/example_dags/example_nested_branch_dag.py for tasks to queue
[2022-02-22 00:04:10,639] {logging_mixin.py:109} INFO - [2022-02-22 00:04:10,638] {dagbag.py:500} INFO - Filling up the DagBag from /home/airflow/.local/lib/python3.7/site-packages/airflow/example_dags/example_nested_branch_dag.py
[2022-02-22 00:04:10,689] {processor.py:654} INFO - DAG(s) dict_keys(['example_nested_branch_dag']) retrieved from /home/airflow/.local/lib/python3.7/site-packages/airflow/example_dags/example_nested_branch_dag.py
[2022-02-22 00:04:10,710] {logging_mixin.py:109} INFO - [2022-02-22 00:04:10,709] {dag.py:2396} INFO - Sync 1 DAGs
[2022-02-22 00:04:10,752] {logging_mixin.py:109} INFO - [2022-02-22 00:04:10,752] {dag.py:2935} INFO - Setting next_dagrun for example_nested_branch_dag to 2022-02-21 00:00:00+00:00
[2022-02-22 00:04:10,768] {processor.py:171} INFO - Processing /home/airflow/.local/lib/python3.7/site-packages/airflow/example_dags/example_nested_branch_dag.py took 0.147 seconds
[2022-02-22 00:39:15,444] {processor.py:163} INFO - Started process (PID=1486) to work on /home/airflow/.local/lib/python3.7/site-packages/airflow/example_dags/example_nested_branch_dag.py
[2022-02-22 00:39:15,446] {processor.py:642} INFO - Processing file /home/airflow/.local/lib/python3.7/site-packages/airflow/example_dags/example_nested_branch_dag.py for tasks to queue
[2022-02-22 00:39:15,448] {logging_mixin.py:109} INFO - [2022-02-22 00:39:15,448] {dagbag.py:500} INFO - Filling up the DagBag from /home/airflow/.local/lib/python3.7/site-packages/airflow/example_dags/example_nested_branch_dag.py
[2022-02-22 00:39:15,570] {processor.py:654} INFO - DAG(s) dict_keys(['example_nested_branch_dag']) retrieved from /home/airflow/.local/lib/python3.7/site-packages/airflow/example_dags/example_nested_branch_dag.py
[2022-02-22 00:39:15,623] {logging_mixin.py:109} INFO - [2022-02-22 00:39:15,623] {dag.py:2396} INFO - Sync 1 DAGs
[2022-02-22 00:39:15,694] {logging_mixin.py:109} INFO - [2022-02-22 00:39:15,694] {dag.py:2935} INFO - Setting next_dagrun for example_nested_branch_dag to 2022-02-21 00:00:00+00:00
[2022-02-22 00:39:15,732] {processor.py:171} INFO - Processing /home/airflow/.local/lib/python3.7/site-packages/airflow/example_dags/example_nested_branch_dag.py took 0.295 seconds
[2022-02-22 00:47:01,526] {processor.py:163} INFO - Started process (PID=1500) to work on /home/airflow/.local/lib/python3.7/site-packages/airflow/example_dags/example_nested_branch_dag.py
[2022-02-22 00:47:01,568] {processor.py:642} INFO - Processing file /home/airflow/.local/lib/python3.7/site-packages/airflow/example_dags/example_nested_branch_dag.py for tasks to queue
[2022-02-22 00:47:01,587] {logging_mixin.py:109} INFO - [2022-02-22 00:47:01,587] {dagbag.py:500} INFO - Filling up the DagBag from /home/airflow/.local/lib/python3.7/site-packages/airflow/example_dags/example_nested_branch_dag.py
[2022-02-22 00:47:03,372] {processor.py:654} INFO - DAG(s) dict_keys(['example_nested_branch_dag']) retrieved from /home/airflow/.local/lib/python3.7/site-packages/airflow/example_dags/example_nested_branch_dag.py
[2022-02-22 00:47:03,552] {logging_mixin.py:109} INFO - [2022-02-22 00:47:03,552] {dag.py:2396} INFO - Sync 1 DAGs
[2022-02-22 00:47:05,335] {logging_mixin.py:109} INFO - [2022-02-22 00:47:05,335] {dag.py:2935} INFO - Setting next_dagrun for example_nested_branch_dag to 2022-02-21 00:00:00+00:00
[2022-02-22 00:47:05,607] {processor.py:171} INFO - Processing /home/airflow/.local/lib/python3.7/site-packages/airflow/example_dags/example_nested_branch_dag.py took 39.031 seconds
[2022-02-22 03:47:28,412] {processor.py:163} INFO - Started process (PID=1528) to work on /home/airflow/.local/lib/python3.7/site-packages/airflow/example_dags/example_nested_branch_dag.py
[2022-02-22 03:47:28,456] {processor.py:642} INFO - Processing file /home/airflow/.local/lib/python3.7/site-packages/airflow/example_dags/example_nested_branch_dag.py for tasks to queue
[2022-02-22 03:47:28,480] {logging_mixin.py:109} INFO - [2022-02-22 03:47:28,466] {dagbag.py:500} INFO - Filling up the DagBag from /home/airflow/.local/lib/python3.7/site-packages/airflow/example_dags/example_nested_branch_dag.py
[2022-02-22 03:47:28,745] {processor.py:654} INFO - DAG(s) dict_keys(['example_nested_branch_dag']) retrieved from /home/airflow/.local/lib/python3.7/site-packages/airflow/example_dags/example_nested_branch_dag.py
[2022-02-22 03:47:28,893] {logging_mixin.py:109} INFO - [2022-02-22 03:47:28,893] {dag.py:2396} INFO - Sync 1 DAGs
[2022-02-22 03:47:29,089] {logging_mixin.py:109} INFO - [2022-02-22 03:47:29,089] {dag.py:2935} INFO - Setting next_dagrun for example_nested_branch_dag to 2022-02-21 00:00:00+00:00
[2022-02-22 03:47:29,214] {processor.py:171} INFO - Processing /home/airflow/.local/lib/python3.7/site-packages/airflow/example_dags/example_nested_branch_dag.py took 0.854 seconds
[2022-02-22 03:48:03,505] {processor.py:163} INFO - Started process (PID=1578) to work on /home/airflow/.local/lib/python3.7/site-packages/airflow/example_dags/example_nested_branch_dag.py
[2022-02-22 03:48:03,550] {processor.py:642} INFO - Processing file /home/airflow/.local/lib/python3.7/site-packages/airflow/example_dags/example_nested_branch_dag.py for tasks to queue
[2022-02-22 03:48:03,561] {logging_mixin.py:109} INFO - [2022-02-22 03:48:03,561] {dagbag.py:500} INFO - Filling up the DagBag from /home/airflow/.local/lib/python3.7/site-packages/airflow/example_dags/example_nested_branch_dag.py
[2022-02-22 03:48:03,847] {processor.py:654} INFO - DAG(s) dict_keys(['example_nested_branch_dag']) retrieved from /home/airflow/.local/lib/python3.7/site-packages/airflow/example_dags/example_nested_branch_dag.py
[2022-02-22 03:48:03,962] {logging_mixin.py:109} INFO - [2022-02-22 03:48:03,962] {dag.py:2396} INFO - Sync 1 DAGs
[2022-02-22 03:48:04,115] {logging_mixin.py:109} INFO - [2022-02-22 03:48:04,115] {dag.py:2935} INFO - Setting next_dagrun for example_nested_branch_dag to 2022-02-21 00:00:00+00:00
[2022-02-22 03:48:04,209] {processor.py:171} INFO - Processing /home/airflow/.local/lib/python3.7/site-packages/airflow/example_dags/example_nested_branch_dag.py took 0.723 seconds
[2022-02-22 03:48:35,166] {processor.py:163} INFO - Started process (PID=1622) to work on /home/airflow/.local/lib/python3.7/site-packages/airflow/example_dags/example_nested_branch_dag.py
[2022-02-22 03:48:35,174] {processor.py:642} INFO - Processing file /home/airflow/.local/lib/python3.7/site-packages/airflow/example_dags/example_nested_branch_dag.py for tasks to queue
[2022-02-22 03:48:35,176] {logging_mixin.py:109} INFO - [2022-02-22 03:48:35,175] {dagbag.py:500} INFO - Filling up the DagBag from /home/airflow/.local/lib/python3.7/site-packages/airflow/example_dags/example_nested_branch_dag.py
[2022-02-22 03:48:35,216] {processor.py:654} INFO - DAG(s) dict_keys(['example_nested_branch_dag']) retrieved from /home/airflow/.local/lib/python3.7/site-packages/airflow/example_dags/example_nested_branch_dag.py
[2022-02-22 03:48:35,281] {logging_mixin.py:109} INFO - [2022-02-22 03:48:35,280] {dag.py:2396} INFO - Sync 1 DAGs
[2022-02-22 03:48:35,323] {logging_mixin.py:109} INFO - [2022-02-22 03:48:35,323] {dag.py:2935} INFO - Setting next_dagrun for example_nested_branch_dag to 2022-02-21 00:00:00+00:00
[2022-02-22 03:48:35,360] {processor.py:171} INFO - Processing /home/airflow/.local/lib/python3.7/site-packages/airflow/example_dags/example_nested_branch_dag.py took 0.201 seconds
[2022-02-22 03:49:06,039] {processor.py:163} INFO - Started process (PID=1676) to work on /home/airflow/.local/lib/python3.7/site-packages/airflow/example_dags/example_nested_branch_dag.py
[2022-02-22 03:49:06,046] {processor.py:642} INFO - Processing file /home/airflow/.local/lib/python3.7/site-packages/airflow/example_dags/example_nested_branch_dag.py for tasks to queue
[2022-02-22 03:49:06,049] {logging_mixin.py:109} INFO - [2022-02-22 03:49:06,049] {dagbag.py:500} INFO - Filling up the DagBag from /home/airflow/.local/lib/python3.7/site-packages/airflow/example_dags/example_nested_branch_dag.py
[2022-02-22 03:49:06,093] {processor.py:654} INFO - DAG(s) dict_keys(['example_nested_branch_dag']) retrieved from /home/airflow/.local/lib/python3.7/site-packages/airflow/example_dags/example_nested_branch_dag.py
[2022-02-22 03:49:06,105] {logging_mixin.py:109} INFO - [2022-02-22 03:49:06,105] {dag.py:2396} INFO - Sync 1 DAGs
[2022-02-22 03:49:06,147] {logging_mixin.py:109} INFO - [2022-02-22 03:49:06,147] {dag.py:2935} INFO - Setting next_dagrun for example_nested_branch_dag to 2022-02-21 00:00:00+00:00
[2022-02-22 03:49:06,174] {processor.py:171} INFO - Processing /home/airflow/.local/lib/python3.7/site-packages/airflow/example_dags/example_nested_branch_dag.py took 0.139 seconds
[2022-02-22 07:49:55,897] {processor.py:163} INFO - Started process (PID=1730) to work on /home/airflow/.local/lib/python3.7/site-packages/airflow/example_dags/example_nested_branch_dag.py
[2022-02-22 07:49:55,923] {processor.py:642} INFO - Processing file /home/airflow/.local/lib/python3.7/site-packages/airflow/example_dags/example_nested_branch_dag.py for tasks to queue
[2022-02-22 07:49:55,934] {logging_mixin.py:109} INFO - [2022-02-22 07:49:55,934] {dagbag.py:500} INFO - Filling up the DagBag from /home/airflow/.local/lib/python3.7/site-packages/airflow/example_dags/example_nested_branch_dag.py
[2022-02-22 07:49:56,211] {processor.py:654} INFO - DAG(s) dict_keys(['example_nested_branch_dag']) retrieved from /home/airflow/.local/lib/python3.7/site-packages/airflow/example_dags/example_nested_branch_dag.py
[2022-02-22 07:49:56,319] {logging_mixin.py:109} INFO - [2022-02-22 07:49:56,319] {dag.py:2396} INFO - Sync 1 DAGs
[2022-02-22 07:49:56,433] {logging_mixin.py:109} INFO - [2022-02-22 07:49:56,433] {dag.py:2935} INFO - Setting next_dagrun for example_nested_branch_dag to 2022-02-21 00:00:00+00:00
[2022-02-22 07:49:56,506] {processor.py:171} INFO - Processing /home/airflow/.local/lib/python3.7/site-packages/airflow/example_dags/example_nested_branch_dag.py took 0.622 seconds
[2022-02-22 13:04:13,329] {processor.py:163} INFO - Started process (PID=1849) to work on /home/airflow/.local/lib/python3.7/site-packages/airflow/example_dags/example_nested_branch_dag.py
[2022-02-22 13:04:13,359] {processor.py:642} INFO - Processing file /home/airflow/.local/lib/python3.7/site-packages/airflow/example_dags/example_nested_branch_dag.py for tasks to queue
[2022-02-22 13:04:13,407] {logging_mixin.py:109} INFO - [2022-02-22 13:04:13,407] {dagbag.py:500} INFO - Filling up the DagBag from /home/airflow/.local/lib/python3.7/site-packages/airflow/example_dags/example_nested_branch_dag.py
[2022-02-22 13:04:16,714] {processor.py:654} INFO - DAG(s) dict_keys(['example_nested_branch_dag']) retrieved from /home/airflow/.local/lib/python3.7/site-packages/airflow/example_dags/example_nested_branch_dag.py
[2022-02-22 13:04:18,058] {logging_mixin.py:109} INFO - [2022-02-22 13:04:18,057] {dag.py:2396} INFO - Sync 1 DAGs
[2022-02-22 13:04:20,119] {logging_mixin.py:109} INFO - [2022-02-22 13:04:20,119] {dag.py:2935} INFO - Setting next_dagrun for example_nested_branch_dag to 2022-02-21 00:00:00+00:00
[2022-02-22 13:04:22,171] {processor.py:171} INFO - Processing /home/airflow/.local/lib/python3.7/site-packages/airflow/example_dags/example_nested_branch_dag.py took 8.702 seconds
