[2022-02-22 00:00:25,713] {processor.py:163} INFO - Started process (PID=1059) to work on /home/airflow/.local/lib/python3.7/site-packages/airflow/example_dags/example_task_group_decorator.py
[2022-02-22 00:00:25,760] {processor.py:642} INFO - Processing file /home/airflow/.local/lib/python3.7/site-packages/airflow/example_dags/example_task_group_decorator.py for tasks to queue
[2022-02-22 00:00:25,784] {logging_mixin.py:109} INFO - [2022-02-22 00:00:25,784] {dagbag.py:500} INFO - Filling up the DagBag from /home/airflow/.local/lib/python3.7/site-packages/airflow/example_dags/example_task_group_decorator.py
[2022-02-22 00:00:26,824] {processor.py:654} INFO - DAG(s) dict_keys(['example_task_group_decorator']) retrieved from /home/airflow/.local/lib/python3.7/site-packages/airflow/example_dags/example_task_group_decorator.py
[2022-02-22 00:00:29,107] {logging_mixin.py:109} INFO - [2022-02-22 00:00:29,104] {dag.py:2396} INFO - Sync 1 DAGs
[2022-02-22 00:00:29,352] {logging_mixin.py:109} INFO - [2022-02-22 00:00:29,349] {dag.py:2935} INFO - Setting next_dagrun for example_task_group_decorator to 2022-02-21T00:00:29.342183+00:00
[2022-02-22 00:00:29,553] {processor.py:171} INFO - Processing /home/airflow/.local/lib/python3.7/site-packages/airflow/example_dags/example_task_group_decorator.py took 3.891 seconds
[2022-02-22 00:01:00,078] {processor.py:163} INFO - Started process (PID=1112) to work on /home/airflow/.local/lib/python3.7/site-packages/airflow/example_dags/example_task_group_decorator.py
[2022-02-22 00:01:00,082] {processor.py:642} INFO - Processing file /home/airflow/.local/lib/python3.7/site-packages/airflow/example_dags/example_task_group_decorator.py for tasks to queue
[2022-02-22 00:01:00,084] {logging_mixin.py:109} INFO - [2022-02-22 00:01:00,084] {dagbag.py:500} INFO - Filling up the DagBag from /home/airflow/.local/lib/python3.7/site-packages/airflow/example_dags/example_task_group_decorator.py
[2022-02-22 00:01:00,181] {processor.py:654} INFO - DAG(s) dict_keys(['example_task_group_decorator']) retrieved from /home/airflow/.local/lib/python3.7/site-packages/airflow/example_dags/example_task_group_decorator.py
[2022-02-22 00:01:00,439] {logging_mixin.py:109} INFO - [2022-02-22 00:01:00,438] {dag.py:2396} INFO - Sync 1 DAGs
[2022-02-22 00:01:00,460] {logging_mixin.py:109} INFO - [2022-02-22 00:01:00,460] {dag.py:2935} INFO - Setting next_dagrun for example_task_group_decorator to 2022-02-21T00:01:00.460134+00:00
[2022-02-22 00:01:00,478] {processor.py:171} INFO - Processing /home/airflow/.local/lib/python3.7/site-packages/airflow/example_dags/example_task_group_decorator.py took 0.407 seconds
[2022-02-22 00:01:30,629] {processor.py:163} INFO - Started process (PID=1166) to work on /home/airflow/.local/lib/python3.7/site-packages/airflow/example_dags/example_task_group_decorator.py
[2022-02-22 00:01:30,632] {processor.py:642} INFO - Processing file /home/airflow/.local/lib/python3.7/site-packages/airflow/example_dags/example_task_group_decorator.py for tasks to queue
[2022-02-22 00:01:30,633] {logging_mixin.py:109} INFO - [2022-02-22 00:01:30,633] {dagbag.py:500} INFO - Filling up the DagBag from /home/airflow/.local/lib/python3.7/site-packages/airflow/example_dags/example_task_group_decorator.py
[2022-02-22 00:01:30,711] {processor.py:654} INFO - DAG(s) dict_keys(['example_task_group_decorator']) retrieved from /home/airflow/.local/lib/python3.7/site-packages/airflow/example_dags/example_task_group_decorator.py
[2022-02-22 00:01:31,054] {logging_mixin.py:109} INFO - [2022-02-22 00:01:31,054] {dag.py:2396} INFO - Sync 1 DAGs
[2022-02-22 00:01:31,075] {logging_mixin.py:109} INFO - [2022-02-22 00:01:31,075] {dag.py:2935} INFO - Setting next_dagrun for example_task_group_decorator to 2022-02-21T00:01:31.075127+00:00
[2022-02-22 00:01:31,090] {processor.py:171} INFO - Processing /home/airflow/.local/lib/python3.7/site-packages/airflow/example_dags/example_task_group_decorator.py took 0.466 seconds
[2022-02-22 00:02:01,336] {processor.py:163} INFO - Started process (PID=1217) to work on /home/airflow/.local/lib/python3.7/site-packages/airflow/example_dags/example_task_group_decorator.py
[2022-02-22 00:02:01,339] {processor.py:642} INFO - Processing file /home/airflow/.local/lib/python3.7/site-packages/airflow/example_dags/example_task_group_decorator.py for tasks to queue
[2022-02-22 00:02:01,341] {logging_mixin.py:109} INFO - [2022-02-22 00:02:01,341] {dagbag.py:500} INFO - Filling up the DagBag from /home/airflow/.local/lib/python3.7/site-packages/airflow/example_dags/example_task_group_decorator.py
[2022-02-22 00:02:01,391] {processor.py:654} INFO - DAG(s) dict_keys(['example_task_group_decorator']) retrieved from /home/airflow/.local/lib/python3.7/site-packages/airflow/example_dags/example_task_group_decorator.py
[2022-02-22 00:02:01,592] {logging_mixin.py:109} INFO - [2022-02-22 00:02:01,592] {dag.py:2396} INFO - Sync 1 DAGs
[2022-02-22 00:02:01,611] {logging_mixin.py:109} INFO - [2022-02-22 00:02:01,611] {dag.py:2935} INFO - Setting next_dagrun for example_task_group_decorator to 2022-02-21T00:02:01.611054+00:00
[2022-02-22 00:02:01,623] {processor.py:171} INFO - Processing /home/airflow/.local/lib/python3.7/site-packages/airflow/example_dags/example_task_group_decorator.py took 0.293 seconds
[2022-02-22 00:02:31,712] {processor.py:163} INFO - Started process (PID=1270) to work on /home/airflow/.local/lib/python3.7/site-packages/airflow/example_dags/example_task_group_decorator.py
[2022-02-22 00:02:31,718] {processor.py:642} INFO - Processing file /home/airflow/.local/lib/python3.7/site-packages/airflow/example_dags/example_task_group_decorator.py for tasks to queue
[2022-02-22 00:02:31,720] {logging_mixin.py:109} INFO - [2022-02-22 00:02:31,720] {dagbag.py:500} INFO - Filling up the DagBag from /home/airflow/.local/lib/python3.7/site-packages/airflow/example_dags/example_task_group_decorator.py
[2022-02-22 00:02:31,956] {processor.py:654} INFO - DAG(s) dict_keys(['example_task_group_decorator']) retrieved from /home/airflow/.local/lib/python3.7/site-packages/airflow/example_dags/example_task_group_decorator.py
[2022-02-22 00:02:32,398] {logging_mixin.py:109} INFO - [2022-02-22 00:02:32,397] {dag.py:2396} INFO - Sync 1 DAGs
[2022-02-22 00:02:32,419] {logging_mixin.py:109} INFO - [2022-02-22 00:02:32,419] {dag.py:2935} INFO - Setting next_dagrun for example_task_group_decorator to 2022-02-21T00:02:32.418978+00:00
[2022-02-22 00:02:32,438] {processor.py:171} INFO - Processing /home/airflow/.local/lib/python3.7/site-packages/airflow/example_dags/example_task_group_decorator.py took 0.738 seconds
[2022-02-22 00:03:03,227] {processor.py:163} INFO - Started process (PID=1325) to work on /home/airflow/.local/lib/python3.7/site-packages/airflow/example_dags/example_task_group_decorator.py
[2022-02-22 00:03:03,229] {processor.py:642} INFO - Processing file /home/airflow/.local/lib/python3.7/site-packages/airflow/example_dags/example_task_group_decorator.py for tasks to queue
[2022-02-22 00:03:03,231] {logging_mixin.py:109} INFO - [2022-02-22 00:03:03,231] {dagbag.py:500} INFO - Filling up the DagBag from /home/airflow/.local/lib/python3.7/site-packages/airflow/example_dags/example_task_group_decorator.py
[2022-02-22 00:03:03,282] {processor.py:654} INFO - DAG(s) dict_keys(['example_task_group_decorator']) retrieved from /home/airflow/.local/lib/python3.7/site-packages/airflow/example_dags/example_task_group_decorator.py
[2022-02-22 00:03:03,513] {logging_mixin.py:109} INFO - [2022-02-22 00:03:03,513] {dag.py:2396} INFO - Sync 1 DAGs
[2022-02-22 00:03:03,529] {logging_mixin.py:109} INFO - [2022-02-22 00:03:03,529] {dag.py:2935} INFO - Setting next_dagrun for example_task_group_decorator to 2022-02-21T00:03:03.529329+00:00
[2022-02-22 00:03:03,544] {processor.py:171} INFO - Processing /home/airflow/.local/lib/python3.7/site-packages/airflow/example_dags/example_task_group_decorator.py took 0.325 seconds
[2022-02-22 00:03:43,182] {processor.py:163} INFO - Started process (PID=1383) to work on /home/airflow/.local/lib/python3.7/site-packages/airflow/example_dags/example_task_group_decorator.py
[2022-02-22 00:03:43,191] {processor.py:642} INFO - Processing file /home/airflow/.local/lib/python3.7/site-packages/airflow/example_dags/example_task_group_decorator.py for tasks to queue
[2022-02-22 00:03:43,197] {logging_mixin.py:109} INFO - [2022-02-22 00:03:43,197] {dagbag.py:500} INFO - Filling up the DagBag from /home/airflow/.local/lib/python3.7/site-packages/airflow/example_dags/example_task_group_decorator.py
[2022-02-22 00:03:43,431] {processor.py:654} INFO - DAG(s) dict_keys(['example_task_group_decorator']) retrieved from /home/airflow/.local/lib/python3.7/site-packages/airflow/example_dags/example_task_group_decorator.py
[2022-02-22 00:03:46,114] {logging_mixin.py:109} INFO - [2022-02-22 00:03:46,112] {dag.py:2396} INFO - Sync 1 DAGs
[2022-02-22 00:03:46,281] {logging_mixin.py:109} INFO - [2022-02-22 00:03:46,281] {dag.py:2935} INFO - Setting next_dagrun for example_task_group_decorator to 2022-02-21T00:03:46.268056+00:00
[2022-02-22 00:03:46,354] {processor.py:171} INFO - Processing /home/airflow/.local/lib/python3.7/site-packages/airflow/example_dags/example_task_group_decorator.py took 3.187 seconds
[2022-02-22 03:47:49,864] {processor.py:163} INFO - Started process (PID=1562) to work on /home/airflow/.local/lib/python3.7/site-packages/airflow/example_dags/example_task_group_decorator.py
[2022-02-22 03:47:49,887] {processor.py:642} INFO - Processing file /home/airflow/.local/lib/python3.7/site-packages/airflow/example_dags/example_task_group_decorator.py for tasks to queue
[2022-02-22 03:47:49,891] {logging_mixin.py:109} INFO - [2022-02-22 03:47:49,891] {dagbag.py:500} INFO - Filling up the DagBag from /home/airflow/.local/lib/python3.7/site-packages/airflow/example_dags/example_task_group_decorator.py
[2022-02-22 03:47:50,270] {processor.py:654} INFO - DAG(s) dict_keys(['example_task_group_decorator']) retrieved from /home/airflow/.local/lib/python3.7/site-packages/airflow/example_dags/example_task_group_decorator.py
[2022-02-22 03:47:53,611] {logging_mixin.py:109} INFO - [2022-02-22 03:47:53,610] {dag.py:2396} INFO - Sync 1 DAGs
[2022-02-22 03:47:53,773] {logging_mixin.py:109} INFO - [2022-02-22 03:47:53,772] {dag.py:2935} INFO - Setting next_dagrun for example_task_group_decorator to 2022-02-21T03:47:53.772665+00:00
[2022-02-22 03:47:53,904] {processor.py:171} INFO - Processing /home/airflow/.local/lib/python3.7/site-packages/airflow/example_dags/example_task_group_decorator.py took 4.072 seconds
[2022-02-22 03:48:24,417] {processor.py:163} INFO - Started process (PID=1618) to work on /home/airflow/.local/lib/python3.7/site-packages/airflow/example_dags/example_task_group_decorator.py
[2022-02-22 03:48:24,421] {processor.py:642} INFO - Processing file /home/airflow/.local/lib/python3.7/site-packages/airflow/example_dags/example_task_group_decorator.py for tasks to queue
[2022-02-22 03:48:24,422] {logging_mixin.py:109} INFO - [2022-02-22 03:48:24,422] {dagbag.py:500} INFO - Filling up the DagBag from /home/airflow/.local/lib/python3.7/site-packages/airflow/example_dags/example_task_group_decorator.py
[2022-02-22 03:48:24,528] {processor.py:654} INFO - DAG(s) dict_keys(['example_task_group_decorator']) retrieved from /home/airflow/.local/lib/python3.7/site-packages/airflow/example_dags/example_task_group_decorator.py
[2022-02-22 03:48:25,471] {logging_mixin.py:109} INFO - [2022-02-22 03:48:25,471] {dag.py:2396} INFO - Sync 1 DAGs
[2022-02-22 03:48:25,496] {logging_mixin.py:109} INFO - [2022-02-22 03:48:25,496] {dag.py:2935} INFO - Setting next_dagrun for example_task_group_decorator to 2022-02-21T03:48:25.495893+00:00
[2022-02-22 03:48:25,517] {processor.py:171} INFO - Processing /home/airflow/.local/lib/python3.7/site-packages/airflow/example_dags/example_task_group_decorator.py took 1.113 seconds
[2022-02-22 03:48:55,739] {processor.py:163} INFO - Started process (PID=1673) to work on /home/airflow/.local/lib/python3.7/site-packages/airflow/example_dags/example_task_group_decorator.py
[2022-02-22 03:48:55,743] {processor.py:642} INFO - Processing file /home/airflow/.local/lib/python3.7/site-packages/airflow/example_dags/example_task_group_decorator.py for tasks to queue
[2022-02-22 03:48:55,749] {logging_mixin.py:109} INFO - [2022-02-22 03:48:55,749] {dagbag.py:500} INFO - Filling up the DagBag from /home/airflow/.local/lib/python3.7/site-packages/airflow/example_dags/example_task_group_decorator.py
[2022-02-22 03:48:55,833] {processor.py:654} INFO - DAG(s) dict_keys(['example_task_group_decorator']) retrieved from /home/airflow/.local/lib/python3.7/site-packages/airflow/example_dags/example_task_group_decorator.py
[2022-02-22 03:48:56,234] {logging_mixin.py:109} INFO - [2022-02-22 03:48:56,234] {dag.py:2396} INFO - Sync 1 DAGs
[2022-02-22 03:48:56,251] {logging_mixin.py:109} INFO - [2022-02-22 03:48:56,251] {dag.py:2935} INFO - Setting next_dagrun for example_task_group_decorator to 2022-02-21T03:48:56.251080+00:00
[2022-02-22 03:48:56,272] {processor.py:171} INFO - Processing /home/airflow/.local/lib/python3.7/site-packages/airflow/example_dags/example_task_group_decorator.py took 0.540 seconds
