[2022-02-22 00:00:09,986] {processor.py:163} INFO - Started process (PID=1049) to work on /home/airflow/.local/lib/python3.7/site-packages/airflow/example_dags/example_branch_datetime_operator.py
[2022-02-22 00:00:10,006] {processor.py:642} INFO - Processing file /home/airflow/.local/lib/python3.7/site-packages/airflow/example_dags/example_branch_datetime_operator.py for tasks to queue
[2022-02-22 00:00:10,013] {logging_mixin.py:109} INFO - [2022-02-22 00:00:10,013] {dagbag.py:500} INFO - Filling up the DagBag from /home/airflow/.local/lib/python3.7/site-packages/airflow/example_dags/example_branch_datetime_operator.py
[2022-02-22 00:00:10,369] {processor.py:654} INFO - DAG(s) dict_keys(['example_branch_datetime_operator_2']) retrieved from /home/airflow/.local/lib/python3.7/site-packages/airflow/example_dags/example_branch_datetime_operator.py
[2022-02-22 00:00:10,759] {logging_mixin.py:109} INFO - [2022-02-22 00:00:10,759] {dag.py:2396} INFO - Sync 1 DAGs
[2022-02-22 00:00:10,966] {logging_mixin.py:109} INFO - [2022-02-22 00:00:10,966] {dag.py:2935} INFO - Setting next_dagrun for example_branch_datetime_operator_2 to 2022-02-21 00:00:00+00:00
[2022-02-22 00:00:11,013] {processor.py:171} INFO - Processing /home/airflow/.local/lib/python3.7/site-packages/airflow/example_dags/example_branch_datetime_operator.py took 1.052 seconds
[2022-02-22 00:00:41,824] {processor.py:163} INFO - Started process (PID=1092) to work on /home/airflow/.local/lib/python3.7/site-packages/airflow/example_dags/example_branch_datetime_operator.py
[2022-02-22 00:00:41,828] {processor.py:642} INFO - Processing file /home/airflow/.local/lib/python3.7/site-packages/airflow/example_dags/example_branch_datetime_operator.py for tasks to queue
[2022-02-22 00:00:41,839] {logging_mixin.py:109} INFO - [2022-02-22 00:00:41,839] {dagbag.py:500} INFO - Filling up the DagBag from /home/airflow/.local/lib/python3.7/site-packages/airflow/example_dags/example_branch_datetime_operator.py
[2022-02-22 00:00:41,963] {processor.py:654} INFO - DAG(s) dict_keys(['example_branch_datetime_operator_2']) retrieved from /home/airflow/.local/lib/python3.7/site-packages/airflow/example_dags/example_branch_datetime_operator.py
[2022-02-22 00:00:42,020] {logging_mixin.py:109} INFO - [2022-02-22 00:00:42,019] {dag.py:2396} INFO - Sync 1 DAGs
[2022-02-22 00:00:42,080] {logging_mixin.py:109} INFO - [2022-02-22 00:00:42,079] {dag.py:2935} INFO - Setting next_dagrun for example_branch_datetime_operator_2 to 2022-02-21 00:00:00+00:00
[2022-02-22 00:00:42,104] {processor.py:171} INFO - Processing /home/airflow/.local/lib/python3.7/site-packages/airflow/example_dags/example_branch_datetime_operator.py took 0.294 seconds
[2022-02-22 00:01:12,305] {processor.py:163} INFO - Started process (PID=1146) to work on /home/airflow/.local/lib/python3.7/site-packages/airflow/example_dags/example_branch_datetime_operator.py
[2022-02-22 00:01:12,307] {processor.py:642} INFO - Processing file /home/airflow/.local/lib/python3.7/site-packages/airflow/example_dags/example_branch_datetime_operator.py for tasks to queue
[2022-02-22 00:01:12,310] {logging_mixin.py:109} INFO - [2022-02-22 00:01:12,310] {dagbag.py:500} INFO - Filling up the DagBag from /home/airflow/.local/lib/python3.7/site-packages/airflow/example_dags/example_branch_datetime_operator.py
[2022-02-22 00:01:12,357] {processor.py:654} INFO - DAG(s) dict_keys(['example_branch_datetime_operator_2']) retrieved from /home/airflow/.local/lib/python3.7/site-packages/airflow/example_dags/example_branch_datetime_operator.py
[2022-02-22 00:01:12,377] {logging_mixin.py:109} INFO - [2022-02-22 00:01:12,377] {dag.py:2396} INFO - Sync 1 DAGs
[2022-02-22 00:01:12,403] {logging_mixin.py:109} INFO - [2022-02-22 00:01:12,402] {dag.py:2935} INFO - Setting next_dagrun for example_branch_datetime_operator_2 to 2022-02-21 00:00:00+00:00
[2022-02-22 00:01:12,416] {processor.py:171} INFO - Processing /home/airflow/.local/lib/python3.7/site-packages/airflow/example_dags/example_branch_datetime_operator.py took 0.118 seconds
[2022-02-22 00:01:42,617] {processor.py:163} INFO - Started process (PID=1198) to work on /home/airflow/.local/lib/python3.7/site-packages/airflow/example_dags/example_branch_datetime_operator.py
[2022-02-22 00:01:42,621] {processor.py:642} INFO - Processing file /home/airflow/.local/lib/python3.7/site-packages/airflow/example_dags/example_branch_datetime_operator.py for tasks to queue
[2022-02-22 00:01:42,625] {logging_mixin.py:109} INFO - [2022-02-22 00:01:42,624] {dagbag.py:500} INFO - Filling up the DagBag from /home/airflow/.local/lib/python3.7/site-packages/airflow/example_dags/example_branch_datetime_operator.py
[2022-02-22 00:01:42,751] {processor.py:654} INFO - DAG(s) dict_keys(['example_branch_datetime_operator_2']) retrieved from /home/airflow/.local/lib/python3.7/site-packages/airflow/example_dags/example_branch_datetime_operator.py
[2022-02-22 00:01:42,800] {logging_mixin.py:109} INFO - [2022-02-22 00:01:42,800] {dag.py:2396} INFO - Sync 1 DAGs
[2022-02-22 00:01:42,844] {logging_mixin.py:109} INFO - [2022-02-22 00:01:42,844] {dag.py:2935} INFO - Setting next_dagrun for example_branch_datetime_operator_2 to 2022-02-21 00:00:00+00:00
[2022-02-22 00:01:42,905] {processor.py:171} INFO - Processing /home/airflow/.local/lib/python3.7/site-packages/airflow/example_dags/example_branch_datetime_operator.py took 0.301 seconds
[2022-02-22 00:02:14,066] {processor.py:163} INFO - Started process (PID=1250) to work on /home/airflow/.local/lib/python3.7/site-packages/airflow/example_dags/example_branch_datetime_operator.py
[2022-02-22 00:02:14,078] {processor.py:642} INFO - Processing file /home/airflow/.local/lib/python3.7/site-packages/airflow/example_dags/example_branch_datetime_operator.py for tasks to queue
[2022-02-22 00:02:14,083] {logging_mixin.py:109} INFO - [2022-02-22 00:02:14,083] {dagbag.py:500} INFO - Filling up the DagBag from /home/airflow/.local/lib/python3.7/site-packages/airflow/example_dags/example_branch_datetime_operator.py
[2022-02-22 00:02:14,357] {processor.py:654} INFO - DAG(s) dict_keys(['example_branch_datetime_operator_2']) retrieved from /home/airflow/.local/lib/python3.7/site-packages/airflow/example_dags/example_branch_datetime_operator.py
[2022-02-22 00:02:14,443] {logging_mixin.py:109} INFO - [2022-02-22 00:02:14,443] {dag.py:2396} INFO - Sync 1 DAGs
[2022-02-22 00:02:14,518] {logging_mixin.py:109} INFO - [2022-02-22 00:02:14,518] {dag.py:2935} INFO - Setting next_dagrun for example_branch_datetime_operator_2 to 2022-02-21 00:00:00+00:00
[2022-02-22 00:02:14,552] {processor.py:171} INFO - Processing /home/airflow/.local/lib/python3.7/site-packages/airflow/example_dags/example_branch_datetime_operator.py took 0.506 seconds
[2022-02-22 00:02:45,125] {processor.py:163} INFO - Started process (PID=1305) to work on /home/airflow/.local/lib/python3.7/site-packages/airflow/example_dags/example_branch_datetime_operator.py
[2022-02-22 00:02:45,135] {processor.py:642} INFO - Processing file /home/airflow/.local/lib/python3.7/site-packages/airflow/example_dags/example_branch_datetime_operator.py for tasks to queue
[2022-02-22 00:02:45,137] {logging_mixin.py:109} INFO - [2022-02-22 00:02:45,137] {dagbag.py:500} INFO - Filling up the DagBag from /home/airflow/.local/lib/python3.7/site-packages/airflow/example_dags/example_branch_datetime_operator.py
[2022-02-22 00:02:45,198] {processor.py:654} INFO - DAG(s) dict_keys(['example_branch_datetime_operator_2']) retrieved from /home/airflow/.local/lib/python3.7/site-packages/airflow/example_dags/example_branch_datetime_operator.py
[2022-02-22 00:02:45,210] {logging_mixin.py:109} INFO - [2022-02-22 00:02:45,210] {dag.py:2396} INFO - Sync 1 DAGs
[2022-02-22 00:02:45,231] {logging_mixin.py:109} INFO - [2022-02-22 00:02:45,231] {dag.py:2935} INFO - Setting next_dagrun for example_branch_datetime_operator_2 to 2022-02-21 00:00:00+00:00
[2022-02-22 00:02:45,242] {processor.py:171} INFO - Processing /home/airflow/.local/lib/python3.7/site-packages/airflow/example_dags/example_branch_datetime_operator.py took 0.122 seconds
[2022-02-22 00:03:15,323] {processor.py:163} INFO - Started process (PID=1359) to work on /home/airflow/.local/lib/python3.7/site-packages/airflow/example_dags/example_branch_datetime_operator.py
[2022-02-22 00:03:15,325] {processor.py:642} INFO - Processing file /home/airflow/.local/lib/python3.7/site-packages/airflow/example_dags/example_branch_datetime_operator.py for tasks to queue
[2022-02-22 00:03:15,327] {logging_mixin.py:109} INFO - [2022-02-22 00:03:15,326] {dagbag.py:500} INFO - Filling up the DagBag from /home/airflow/.local/lib/python3.7/site-packages/airflow/example_dags/example_branch_datetime_operator.py
[2022-02-22 00:03:15,377] {processor.py:654} INFO - DAG(s) dict_keys(['example_branch_datetime_operator_2']) retrieved from /home/airflow/.local/lib/python3.7/site-packages/airflow/example_dags/example_branch_datetime_operator.py
[2022-02-22 00:03:15,402] {logging_mixin.py:109} INFO - [2022-02-22 00:03:15,401] {dag.py:2396} INFO - Sync 1 DAGs
[2022-02-22 00:03:15,461] {logging_mixin.py:109} INFO - [2022-02-22 00:03:15,460] {dag.py:2935} INFO - Setting next_dagrun for example_branch_datetime_operator_2 to 2022-02-21 00:00:00+00:00
[2022-02-22 00:03:15,478] {processor.py:171} INFO - Processing /home/airflow/.local/lib/python3.7/site-packages/airflow/example_dags/example_branch_datetime_operator.py took 0.159 seconds
[2022-02-22 00:03:52,575] {processor.py:163} INFO - Started process (PID=1413) to work on /home/airflow/.local/lib/python3.7/site-packages/airflow/example_dags/example_branch_datetime_operator.py
[2022-02-22 00:03:52,586] {processor.py:642} INFO - Processing file /home/airflow/.local/lib/python3.7/site-packages/airflow/example_dags/example_branch_datetime_operator.py for tasks to queue
[2022-02-22 00:03:52,592] {logging_mixin.py:109} INFO - [2022-02-22 00:03:52,592] {dagbag.py:500} INFO - Filling up the DagBag from /home/airflow/.local/lib/python3.7/site-packages/airflow/example_dags/example_branch_datetime_operator.py
[2022-02-22 00:03:52,712] {processor.py:654} INFO - DAG(s) dict_keys(['example_branch_datetime_operator_2']) retrieved from /home/airflow/.local/lib/python3.7/site-packages/airflow/example_dags/example_branch_datetime_operator.py
[2022-02-22 00:03:52,763] {logging_mixin.py:109} INFO - [2022-02-22 00:03:52,762] {dag.py:2396} INFO - Sync 1 DAGs
[2022-02-22 00:03:52,812] {logging_mixin.py:109} INFO - [2022-02-22 00:03:52,812] {dag.py:2935} INFO - Setting next_dagrun for example_branch_datetime_operator_2 to 2022-02-21 00:00:00+00:00
[2022-02-22 00:03:52,861] {processor.py:171} INFO - Processing /home/airflow/.local/lib/python3.7/site-packages/airflow/example_dags/example_branch_datetime_operator.py took 0.298 seconds
[2022-02-22 03:47:47,780] {processor.py:163} INFO - Started process (PID=1560) to work on /home/airflow/.local/lib/python3.7/site-packages/airflow/example_dags/example_branch_datetime_operator.py
[2022-02-22 03:47:47,799] {processor.py:642} INFO - Processing file /home/airflow/.local/lib/python3.7/site-packages/airflow/example_dags/example_branch_datetime_operator.py for tasks to queue
[2022-02-22 03:47:47,809] {logging_mixin.py:109} INFO - [2022-02-22 03:47:47,809] {dagbag.py:500} INFO - Filling up the DagBag from /home/airflow/.local/lib/python3.7/site-packages/airflow/example_dags/example_branch_datetime_operator.py
[2022-02-22 03:47:48,037] {processor.py:654} INFO - DAG(s) dict_keys(['example_branch_datetime_operator_2']) retrieved from /home/airflow/.local/lib/python3.7/site-packages/airflow/example_dags/example_branch_datetime_operator.py
[2022-02-22 03:47:48,127] {logging_mixin.py:109} INFO - [2022-02-22 03:47:48,127] {dag.py:2396} INFO - Sync 1 DAGs
[2022-02-22 03:47:48,259] {logging_mixin.py:109} INFO - [2022-02-22 03:47:48,259] {dag.py:2935} INFO - Setting next_dagrun for example_branch_datetime_operator_2 to 2022-02-21 00:00:00+00:00
[2022-02-22 03:47:48,345] {processor.py:171} INFO - Processing /home/airflow/.local/lib/python3.7/site-packages/airflow/example_dags/example_branch_datetime_operator.py took 0.590 seconds
[2022-02-22 03:48:19,365] {processor.py:163} INFO - Started process (PID=1608) to work on /home/airflow/.local/lib/python3.7/site-packages/airflow/example_dags/example_branch_datetime_operator.py
[2022-02-22 03:48:19,393] {processor.py:642} INFO - Processing file /home/airflow/.local/lib/python3.7/site-packages/airflow/example_dags/example_branch_datetime_operator.py for tasks to queue
[2022-02-22 03:48:19,397] {logging_mixin.py:109} INFO - [2022-02-22 03:48:19,396] {dagbag.py:500} INFO - Filling up the DagBag from /home/airflow/.local/lib/python3.7/site-packages/airflow/example_dags/example_branch_datetime_operator.py
[2022-02-22 03:48:19,529] {processor.py:654} INFO - DAG(s) dict_keys(['example_branch_datetime_operator_2']) retrieved from /home/airflow/.local/lib/python3.7/site-packages/airflow/example_dags/example_branch_datetime_operator.py
[2022-02-22 03:48:19,584] {logging_mixin.py:109} INFO - [2022-02-22 03:48:19,584] {dag.py:2396} INFO - Sync 1 DAGs
[2022-02-22 03:48:19,674] {logging_mixin.py:109} INFO - [2022-02-22 03:48:19,674] {dag.py:2935} INFO - Setting next_dagrun for example_branch_datetime_operator_2 to 2022-02-21 00:00:00+00:00
[2022-02-22 03:48:19,752] {processor.py:171} INFO - Processing /home/airflow/.local/lib/python3.7/site-packages/airflow/example_dags/example_branch_datetime_operator.py took 0.420 seconds
[2022-02-22 03:48:49,858] {processor.py:163} INFO - Started process (PID=1654) to work on /home/airflow/.local/lib/python3.7/site-packages/airflow/example_dags/example_branch_datetime_operator.py
[2022-02-22 03:48:49,867] {processor.py:642} INFO - Processing file /home/airflow/.local/lib/python3.7/site-packages/airflow/example_dags/example_branch_datetime_operator.py for tasks to queue
[2022-02-22 03:48:49,869] {logging_mixin.py:109} INFO - [2022-02-22 03:48:49,869] {dagbag.py:500} INFO - Filling up the DagBag from /home/airflow/.local/lib/python3.7/site-packages/airflow/example_dags/example_branch_datetime_operator.py
[2022-02-22 03:48:49,895] {processor.py:654} INFO - DAG(s) dict_keys(['example_branch_datetime_operator_2']) retrieved from /home/airflow/.local/lib/python3.7/site-packages/airflow/example_dags/example_branch_datetime_operator.py
[2022-02-22 03:48:49,905] {logging_mixin.py:109} INFO - [2022-02-22 03:48:49,905] {dag.py:2396} INFO - Sync 1 DAGs
[2022-02-22 03:48:49,922] {logging_mixin.py:109} INFO - [2022-02-22 03:48:49,922] {dag.py:2935} INFO - Setting next_dagrun for example_branch_datetime_operator_2 to 2022-02-21 00:00:00+00:00
[2022-02-22 03:48:49,932] {processor.py:171} INFO - Processing /home/airflow/.local/lib/python3.7/site-packages/airflow/example_dags/example_branch_datetime_operator.py took 0.079 seconds
