[2022-02-22 00:00:01,785] {processor.py:163} INFO - Started process (PID=1031) to work on /home/airflow/.local/lib/python3.7/site-packages/airflow/example_dags/example_skip_dag.py
[2022-02-22 00:00:01,789] {processor.py:642} INFO - Processing file /home/airflow/.local/lib/python3.7/site-packages/airflow/example_dags/example_skip_dag.py for tasks to queue
[2022-02-22 00:00:01,793] {logging_mixin.py:109} INFO - [2022-02-22 00:00:01,793] {dagbag.py:500} INFO - Filling up the DagBag from /home/airflow/.local/lib/python3.7/site-packages/airflow/example_dags/example_skip_dag.py
[2022-02-22 00:00:01,933] {processor.py:654} INFO - DAG(s) dict_keys(['example_skip_dag']) retrieved from /home/airflow/.local/lib/python3.7/site-packages/airflow/example_dags/example_skip_dag.py
[2022-02-22 00:00:01,959] {logging_mixin.py:109} INFO - [2022-02-22 00:00:01,959] {dag.py:2396} INFO - Sync 1 DAGs
[2022-02-22 00:00:01,986] {logging_mixin.py:109} INFO - [2022-02-22 00:00:01,985] {dag.py:2935} INFO - Setting next_dagrun for example_skip_dag to 2022-02-21T00:00:01.985561+00:00
[2022-02-22 00:00:02,013] {processor.py:171} INFO - Processing /home/airflow/.local/lib/python3.7/site-packages/airflow/example_dags/example_skip_dag.py took 0.233 seconds
[2022-02-22 00:00:39,422] {processor.py:163} INFO - Started process (PID=1083) to work on /home/airflow/.local/lib/python3.7/site-packages/airflow/example_dags/example_skip_dag.py
[2022-02-22 00:00:39,425] {processor.py:642} INFO - Processing file /home/airflow/.local/lib/python3.7/site-packages/airflow/example_dags/example_skip_dag.py for tasks to queue
[2022-02-22 00:00:39,434] {logging_mixin.py:109} INFO - [2022-02-22 00:00:39,434] {dagbag.py:500} INFO - Filling up the DagBag from /home/airflow/.local/lib/python3.7/site-packages/airflow/example_dags/example_skip_dag.py
[2022-02-22 00:00:39,506] {processor.py:654} INFO - DAG(s) dict_keys(['example_skip_dag']) retrieved from /home/airflow/.local/lib/python3.7/site-packages/airflow/example_dags/example_skip_dag.py
[2022-02-22 00:00:39,519] {logging_mixin.py:109} INFO - [2022-02-22 00:00:39,519] {dag.py:2396} INFO - Sync 1 DAGs
[2022-02-22 00:00:39,542] {logging_mixin.py:109} INFO - [2022-02-22 00:00:39,542] {dag.py:2935} INFO - Setting next_dagrun for example_skip_dag to 2022-02-21T00:00:39.541698+00:00
[2022-02-22 00:00:39,558] {processor.py:171} INFO - Processing /home/airflow/.local/lib/python3.7/site-packages/airflow/example_dags/example_skip_dag.py took 0.152 seconds
[2022-02-22 00:01:10,282] {processor.py:163} INFO - Started process (PID=1137) to work on /home/airflow/.local/lib/python3.7/site-packages/airflow/example_dags/example_skip_dag.py
[2022-02-22 00:01:10,286] {processor.py:642} INFO - Processing file /home/airflow/.local/lib/python3.7/site-packages/airflow/example_dags/example_skip_dag.py for tasks to queue
[2022-02-22 00:01:10,289] {logging_mixin.py:109} INFO - [2022-02-22 00:01:10,289] {dagbag.py:500} INFO - Filling up the DagBag from /home/airflow/.local/lib/python3.7/site-packages/airflow/example_dags/example_skip_dag.py
[2022-02-22 00:01:10,351] {processor.py:654} INFO - DAG(s) dict_keys(['example_skip_dag']) retrieved from /home/airflow/.local/lib/python3.7/site-packages/airflow/example_dags/example_skip_dag.py
[2022-02-22 00:01:10,372] {logging_mixin.py:109} INFO - [2022-02-22 00:01:10,372] {dag.py:2396} INFO - Sync 1 DAGs
[2022-02-22 00:01:10,394] {logging_mixin.py:109} INFO - [2022-02-22 00:01:10,394] {dag.py:2935} INFO - Setting next_dagrun for example_skip_dag to 2022-02-21T00:01:10.393744+00:00
[2022-02-22 00:01:10,406] {processor.py:171} INFO - Processing /home/airflow/.local/lib/python3.7/site-packages/airflow/example_dags/example_skip_dag.py took 0.134 seconds
[2022-02-22 00:01:41,217] {processor.py:163} INFO - Started process (PID=1190) to work on /home/airflow/.local/lib/python3.7/site-packages/airflow/example_dags/example_skip_dag.py
[2022-02-22 00:01:41,237] {processor.py:642} INFO - Processing file /home/airflow/.local/lib/python3.7/site-packages/airflow/example_dags/example_skip_dag.py for tasks to queue
[2022-02-22 00:01:41,283] {logging_mixin.py:109} INFO - [2022-02-22 00:01:41,283] {dagbag.py:500} INFO - Filling up the DagBag from /home/airflow/.local/lib/python3.7/site-packages/airflow/example_dags/example_skip_dag.py
[2022-02-22 00:01:41,400] {processor.py:654} INFO - DAG(s) dict_keys(['example_skip_dag']) retrieved from /home/airflow/.local/lib/python3.7/site-packages/airflow/example_dags/example_skip_dag.py
[2022-02-22 00:01:41,417] {logging_mixin.py:109} INFO - [2022-02-22 00:01:41,416] {dag.py:2396} INFO - Sync 1 DAGs
[2022-02-22 00:01:41,437] {logging_mixin.py:109} INFO - [2022-02-22 00:01:41,437] {dag.py:2935} INFO - Setting next_dagrun for example_skip_dag to 2022-02-21T00:01:41.436754+00:00
[2022-02-22 00:01:41,450] {processor.py:171} INFO - Processing /home/airflow/.local/lib/python3.7/site-packages/airflow/example_dags/example_skip_dag.py took 0.265 seconds
[2022-02-22 00:02:12,260] {processor.py:163} INFO - Started process (PID=1242) to work on /home/airflow/.local/lib/python3.7/site-packages/airflow/example_dags/example_skip_dag.py
[2022-02-22 00:02:12,262] {processor.py:642} INFO - Processing file /home/airflow/.local/lib/python3.7/site-packages/airflow/example_dags/example_skip_dag.py for tasks to queue
[2022-02-22 00:02:12,264] {logging_mixin.py:109} INFO - [2022-02-22 00:02:12,264] {dagbag.py:500} INFO - Filling up the DagBag from /home/airflow/.local/lib/python3.7/site-packages/airflow/example_dags/example_skip_dag.py
[2022-02-22 00:02:12,307] {processor.py:654} INFO - DAG(s) dict_keys(['example_skip_dag']) retrieved from /home/airflow/.local/lib/python3.7/site-packages/airflow/example_dags/example_skip_dag.py
[2022-02-22 00:02:12,329] {logging_mixin.py:109} INFO - [2022-02-22 00:02:12,329] {dag.py:2396} INFO - Sync 1 DAGs
[2022-02-22 00:02:12,352] {logging_mixin.py:109} INFO - [2022-02-22 00:02:12,351] {dag.py:2935} INFO - Setting next_dagrun for example_skip_dag to 2022-02-21T00:02:12.350646+00:00
[2022-02-22 00:02:12,365] {processor.py:171} INFO - Processing /home/airflow/.local/lib/python3.7/site-packages/airflow/example_dags/example_skip_dag.py took 0.109 seconds
[2022-02-22 00:02:43,139] {processor.py:163} INFO - Started process (PID=1297) to work on /home/airflow/.local/lib/python3.7/site-packages/airflow/example_dags/example_skip_dag.py
[2022-02-22 00:02:43,143] {processor.py:642} INFO - Processing file /home/airflow/.local/lib/python3.7/site-packages/airflow/example_dags/example_skip_dag.py for tasks to queue
[2022-02-22 00:02:43,146] {logging_mixin.py:109} INFO - [2022-02-22 00:02:43,146] {dagbag.py:500} INFO - Filling up the DagBag from /home/airflow/.local/lib/python3.7/site-packages/airflow/example_dags/example_skip_dag.py
[2022-02-22 00:02:43,245] {processor.py:654} INFO - DAG(s) dict_keys(['example_skip_dag']) retrieved from /home/airflow/.local/lib/python3.7/site-packages/airflow/example_dags/example_skip_dag.py
[2022-02-22 00:02:43,282] {logging_mixin.py:109} INFO - [2022-02-22 00:02:43,281] {dag.py:2396} INFO - Sync 1 DAGs
[2022-02-22 00:02:43,322] {logging_mixin.py:109} INFO - [2022-02-22 00:02:43,322] {dag.py:2935} INFO - Setting next_dagrun for example_skip_dag to 2022-02-21T00:02:43.322114+00:00
[2022-02-22 00:02:43,357] {processor.py:171} INFO - Processing /home/airflow/.local/lib/python3.7/site-packages/airflow/example_dags/example_skip_dag.py took 0.229 seconds
[2022-02-22 00:03:13,620] {processor.py:163} INFO - Started process (PID=1351) to work on /home/airflow/.local/lib/python3.7/site-packages/airflow/example_dags/example_skip_dag.py
[2022-02-22 00:03:13,624] {processor.py:642} INFO - Processing file /home/airflow/.local/lib/python3.7/site-packages/airflow/example_dags/example_skip_dag.py for tasks to queue
[2022-02-22 00:03:13,626] {logging_mixin.py:109} INFO - [2022-02-22 00:03:13,626] {dagbag.py:500} INFO - Filling up the DagBag from /home/airflow/.local/lib/python3.7/site-packages/airflow/example_dags/example_skip_dag.py
[2022-02-22 00:03:13,674] {processor.py:654} INFO - DAG(s) dict_keys(['example_skip_dag']) retrieved from /home/airflow/.local/lib/python3.7/site-packages/airflow/example_dags/example_skip_dag.py
[2022-02-22 00:03:13,692] {logging_mixin.py:109} INFO - [2022-02-22 00:03:13,692] {dag.py:2396} INFO - Sync 1 DAGs
[2022-02-22 00:03:13,711] {logging_mixin.py:109} INFO - [2022-02-22 00:03:13,710] {dag.py:2935} INFO - Setting next_dagrun for example_skip_dag to 2022-02-21T00:03:13.710511+00:00
[2022-02-22 00:03:13,727] {processor.py:171} INFO - Processing /home/airflow/.local/lib/python3.7/site-packages/airflow/example_dags/example_skip_dag.py took 0.112 seconds
[2022-02-22 00:03:50,939] {processor.py:163} INFO - Started process (PID=1405) to work on /home/airflow/.local/lib/python3.7/site-packages/airflow/example_dags/example_skip_dag.py
[2022-02-22 00:03:50,953] {processor.py:642} INFO - Processing file /home/airflow/.local/lib/python3.7/site-packages/airflow/example_dags/example_skip_dag.py for tasks to queue
[2022-02-22 00:03:50,960] {logging_mixin.py:109} INFO - [2022-02-22 00:03:50,959] {dagbag.py:500} INFO - Filling up the DagBag from /home/airflow/.local/lib/python3.7/site-packages/airflow/example_dags/example_skip_dag.py
[2022-02-22 00:03:51,095] {processor.py:654} INFO - DAG(s) dict_keys(['example_skip_dag']) retrieved from /home/airflow/.local/lib/python3.7/site-packages/airflow/example_dags/example_skip_dag.py
[2022-02-22 00:03:51,129] {logging_mixin.py:109} INFO - [2022-02-22 00:03:51,129] {dag.py:2396} INFO - Sync 1 DAGs
[2022-02-22 00:03:51,184] {logging_mixin.py:109} INFO - [2022-02-22 00:03:51,184] {dag.py:2935} INFO - Setting next_dagrun for example_skip_dag to 2022-02-21T00:03:51.183926+00:00
[2022-02-22 00:03:51,215] {processor.py:171} INFO - Processing /home/airflow/.local/lib/python3.7/site-packages/airflow/example_dags/example_skip_dag.py took 0.307 seconds
[2022-02-22 03:47:39,053] {processor.py:163} INFO - Started process (PID=1541) to work on /home/airflow/.local/lib/python3.7/site-packages/airflow/example_dags/example_skip_dag.py
[2022-02-22 03:47:39,101] {processor.py:642} INFO - Processing file /home/airflow/.local/lib/python3.7/site-packages/airflow/example_dags/example_skip_dag.py for tasks to queue
[2022-02-22 03:47:39,136] {logging_mixin.py:109} INFO - [2022-02-22 03:47:39,117] {dagbag.py:500} INFO - Filling up the DagBag from /home/airflow/.local/lib/python3.7/site-packages/airflow/example_dags/example_skip_dag.py
[2022-02-22 03:47:39,454] {processor.py:654} INFO - DAG(s) dict_keys(['example_skip_dag']) retrieved from /home/airflow/.local/lib/python3.7/site-packages/airflow/example_dags/example_skip_dag.py
[2022-02-22 03:47:39,634] {logging_mixin.py:109} INFO - [2022-02-22 03:47:39,634] {dag.py:2396} INFO - Sync 1 DAGs
[2022-02-22 03:47:39,830] {logging_mixin.py:109} INFO - [2022-02-22 03:47:39,830] {dag.py:2935} INFO - Setting next_dagrun for example_skip_dag to 2022-02-21T03:47:39.829990+00:00
[2022-02-22 03:47:39,939] {processor.py:171} INFO - Processing /home/airflow/.local/lib/python3.7/site-packages/airflow/example_dags/example_skip_dag.py took 0.925 seconds
[2022-02-22 03:48:14,043] {processor.py:163} INFO - Started process (PID=1593) to work on /home/airflow/.local/lib/python3.7/site-packages/airflow/example_dags/example_skip_dag.py
[2022-02-22 03:48:14,058] {processor.py:642} INFO - Processing file /home/airflow/.local/lib/python3.7/site-packages/airflow/example_dags/example_skip_dag.py for tasks to queue
[2022-02-22 03:48:14,074] {logging_mixin.py:109} INFO - [2022-02-22 03:48:14,074] {dagbag.py:500} INFO - Filling up the DagBag from /home/airflow/.local/lib/python3.7/site-packages/airflow/example_dags/example_skip_dag.py
[2022-02-22 03:48:14,367] {processor.py:654} INFO - DAG(s) dict_keys(['example_skip_dag']) retrieved from /home/airflow/.local/lib/python3.7/site-packages/airflow/example_dags/example_skip_dag.py
[2022-02-22 03:48:14,596] {logging_mixin.py:109} INFO - [2022-02-22 03:48:14,595] {dag.py:2396} INFO - Sync 1 DAGs
[2022-02-22 03:48:14,837] {logging_mixin.py:109} INFO - [2022-02-22 03:48:14,836] {dag.py:2935} INFO - Setting next_dagrun for example_skip_dag to 2022-02-21T03:48:14.814054+00:00
[2022-02-22 03:48:15,008] {processor.py:171} INFO - Processing /home/airflow/.local/lib/python3.7/site-packages/airflow/example_dags/example_skip_dag.py took 0.999 seconds
[2022-02-22 03:48:45,602] {processor.py:163} INFO - Started process (PID=1645) to work on /home/airflow/.local/lib/python3.7/site-packages/airflow/example_dags/example_skip_dag.py
[2022-02-22 03:48:45,604] {processor.py:642} INFO - Processing file /home/airflow/.local/lib/python3.7/site-packages/airflow/example_dags/example_skip_dag.py for tasks to queue
[2022-02-22 03:48:45,606] {logging_mixin.py:109} INFO - [2022-02-22 03:48:45,606] {dagbag.py:500} INFO - Filling up the DagBag from /home/airflow/.local/lib/python3.7/site-packages/airflow/example_dags/example_skip_dag.py
[2022-02-22 03:48:45,631] {processor.py:654} INFO - DAG(s) dict_keys(['example_skip_dag']) retrieved from /home/airflow/.local/lib/python3.7/site-packages/airflow/example_dags/example_skip_dag.py
[2022-02-22 03:48:45,646] {logging_mixin.py:109} INFO - [2022-02-22 03:48:45,646] {dag.py:2396} INFO - Sync 1 DAGs
[2022-02-22 03:48:45,675] {logging_mixin.py:109} INFO - [2022-02-22 03:48:45,674] {dag.py:2935} INFO - Setting next_dagrun for example_skip_dag to 2022-02-21T03:48:45.674645+00:00
[2022-02-22 03:48:45,692] {processor.py:171} INFO - Processing /home/airflow/.local/lib/python3.7/site-packages/airflow/example_dags/example_skip_dag.py took 0.093 seconds
[2022-02-22 03:49:15,929] {processor.py:163} INFO - Started process (PID=1696) to work on /home/airflow/.local/lib/python3.7/site-packages/airflow/example_dags/example_skip_dag.py
[2022-02-22 03:49:15,940] {processor.py:642} INFO - Processing file /home/airflow/.local/lib/python3.7/site-packages/airflow/example_dags/example_skip_dag.py for tasks to queue
[2022-02-22 03:49:15,946] {logging_mixin.py:109} INFO - [2022-02-22 03:49:15,944] {dagbag.py:500} INFO - Filling up the DagBag from /home/airflow/.local/lib/python3.7/site-packages/airflow/example_dags/example_skip_dag.py
[2022-02-22 03:49:16,085] {processor.py:654} INFO - DAG(s) dict_keys(['example_skip_dag']) retrieved from /home/airflow/.local/lib/python3.7/site-packages/airflow/example_dags/example_skip_dag.py
[2022-02-22 03:49:16,137] {logging_mixin.py:109} INFO - [2022-02-22 03:49:16,136] {dag.py:2396} INFO - Sync 1 DAGs
[2022-02-22 03:49:16,188] {logging_mixin.py:109} INFO - [2022-02-22 03:49:16,187] {dag.py:2935} INFO - Setting next_dagrun for example_skip_dag to 2022-02-21T03:49:16.185525+00:00
[2022-02-22 03:49:16,217] {processor.py:171} INFO - Processing /home/airflow/.local/lib/python3.7/site-packages/airflow/example_dags/example_skip_dag.py took 0.299 seconds
