[2022-02-22 00:00:39,007] {processor.py:163} INFO - Started process (PID=1081) to work on /home/airflow/.local/lib/python3.7/site-packages/airflow/example_dags/example_kubernetes_executor.py
[2022-02-22 00:00:39,012] {processor.py:642} INFO - Processing file /home/airflow/.local/lib/python3.7/site-packages/airflow/example_dags/example_kubernetes_executor.py for tasks to queue
[2022-02-22 00:00:39,020] {logging_mixin.py:109} INFO - [2022-02-22 00:00:39,019] {dagbag.py:500} INFO - Filling up the DagBag from /home/airflow/.local/lib/python3.7/site-packages/airflow/example_dags/example_kubernetes_executor.py
[2022-02-22 00:00:39,181] {processor.py:654} INFO - DAG(s) dict_keys(['example_kubernetes_executor']) retrieved from /home/airflow/.local/lib/python3.7/site-packages/airflow/example_dags/example_kubernetes_executor.py
[2022-02-22 00:00:39,229] {logging_mixin.py:109} INFO - [2022-02-22 00:00:39,228] {dag.py:2396} INFO - Sync 1 DAGs
[2022-02-22 00:00:39,294] {logging_mixin.py:109} INFO - [2022-02-22 00:00:39,294] {dag.py:2935} INFO - Setting next_dagrun for example_kubernetes_executor to None
[2022-02-22 00:00:39,330] {processor.py:171} INFO - Processing /home/airflow/.local/lib/python3.7/site-packages/airflow/example_dags/example_kubernetes_executor.py took 0.341 seconds
[2022-02-22 00:01:09,940] {processor.py:163} INFO - Started process (PID=1135) to work on /home/airflow/.local/lib/python3.7/site-packages/airflow/example_dags/example_kubernetes_executor.py
[2022-02-22 00:01:09,946] {processor.py:642} INFO - Processing file /home/airflow/.local/lib/python3.7/site-packages/airflow/example_dags/example_kubernetes_executor.py for tasks to queue
[2022-02-22 00:01:09,950] {logging_mixin.py:109} INFO - [2022-02-22 00:01:09,950] {dagbag.py:500} INFO - Filling up the DagBag from /home/airflow/.local/lib/python3.7/site-packages/airflow/example_dags/example_kubernetes_executor.py
[2022-02-22 00:01:10,031] {processor.py:654} INFO - DAG(s) dict_keys(['example_kubernetes_executor']) retrieved from /home/airflow/.local/lib/python3.7/site-packages/airflow/example_dags/example_kubernetes_executor.py
[2022-02-22 00:01:10,058] {logging_mixin.py:109} INFO - [2022-02-22 00:01:10,058] {dag.py:2396} INFO - Sync 1 DAGs
[2022-02-22 00:01:10,084] {logging_mixin.py:109} INFO - [2022-02-22 00:01:10,084] {dag.py:2935} INFO - Setting next_dagrun for example_kubernetes_executor to None
[2022-02-22 00:01:10,141] {processor.py:171} INFO - Processing /home/airflow/.local/lib/python3.7/site-packages/airflow/example_dags/example_kubernetes_executor.py took 0.206 seconds
[2022-02-22 00:01:40,199] {processor.py:163} INFO - Started process (PID=1186) to work on /home/airflow/.local/lib/python3.7/site-packages/airflow/example_dags/example_kubernetes_executor.py
[2022-02-22 00:01:40,202] {processor.py:642} INFO - Processing file /home/airflow/.local/lib/python3.7/site-packages/airflow/example_dags/example_kubernetes_executor.py for tasks to queue
[2022-02-22 00:01:40,205] {logging_mixin.py:109} INFO - [2022-02-22 00:01:40,205] {dagbag.py:500} INFO - Filling up the DagBag from /home/airflow/.local/lib/python3.7/site-packages/airflow/example_dags/example_kubernetes_executor.py
[2022-02-22 00:01:40,272] {processor.py:654} INFO - DAG(s) dict_keys(['example_kubernetes_executor']) retrieved from /home/airflow/.local/lib/python3.7/site-packages/airflow/example_dags/example_kubernetes_executor.py
[2022-02-22 00:01:40,296] {logging_mixin.py:109} INFO - [2022-02-22 00:01:40,296] {dag.py:2396} INFO - Sync 1 DAGs
[2022-02-22 00:01:40,325] {logging_mixin.py:109} INFO - [2022-02-22 00:01:40,325] {dag.py:2935} INFO - Setting next_dagrun for example_kubernetes_executor to None
[2022-02-22 00:01:40,338] {processor.py:171} INFO - Processing /home/airflow/.local/lib/python3.7/site-packages/airflow/example_dags/example_kubernetes_executor.py took 0.149 seconds
[2022-02-22 00:02:11,784] {processor.py:163} INFO - Started process (PID=1239) to work on /home/airflow/.local/lib/python3.7/site-packages/airflow/example_dags/example_kubernetes_executor.py
[2022-02-22 00:02:11,802] {processor.py:642} INFO - Processing file /home/airflow/.local/lib/python3.7/site-packages/airflow/example_dags/example_kubernetes_executor.py for tasks to queue
[2022-02-22 00:02:11,805] {logging_mixin.py:109} INFO - [2022-02-22 00:02:11,805] {dagbag.py:500} INFO - Filling up the DagBag from /home/airflow/.local/lib/python3.7/site-packages/airflow/example_dags/example_kubernetes_executor.py
[2022-02-22 00:02:11,866] {processor.py:654} INFO - DAG(s) dict_keys(['example_kubernetes_executor']) retrieved from /home/airflow/.local/lib/python3.7/site-packages/airflow/example_dags/example_kubernetes_executor.py
[2022-02-22 00:02:11,913] {logging_mixin.py:109} INFO - [2022-02-22 00:02:11,912] {dag.py:2396} INFO - Sync 1 DAGs
[2022-02-22 00:02:11,942] {logging_mixin.py:109} INFO - [2022-02-22 00:02:11,942] {dag.py:2935} INFO - Setting next_dagrun for example_kubernetes_executor to None
[2022-02-22 00:02:11,960] {processor.py:171} INFO - Processing /home/airflow/.local/lib/python3.7/site-packages/airflow/example_dags/example_kubernetes_executor.py took 0.190 seconds
[2022-02-22 00:02:42,860] {processor.py:163} INFO - Started process (PID=1295) to work on /home/airflow/.local/lib/python3.7/site-packages/airflow/example_dags/example_kubernetes_executor.py
[2022-02-22 00:02:42,864] {processor.py:642} INFO - Processing file /home/airflow/.local/lib/python3.7/site-packages/airflow/example_dags/example_kubernetes_executor.py for tasks to queue
[2022-02-22 00:02:42,868] {logging_mixin.py:109} INFO - [2022-02-22 00:02:42,868] {dagbag.py:500} INFO - Filling up the DagBag from /home/airflow/.local/lib/python3.7/site-packages/airflow/example_dags/example_kubernetes_executor.py
[2022-02-22 00:02:42,967] {processor.py:654} INFO - DAG(s) dict_keys(['example_kubernetes_executor']) retrieved from /home/airflow/.local/lib/python3.7/site-packages/airflow/example_dags/example_kubernetes_executor.py
[2022-02-22 00:02:43,021] {logging_mixin.py:109} INFO - [2022-02-22 00:02:43,020] {dag.py:2396} INFO - Sync 1 DAGs
[2022-02-22 00:02:43,054] {logging_mixin.py:109} INFO - [2022-02-22 00:02:43,054] {dag.py:2935} INFO - Setting next_dagrun for example_kubernetes_executor to None
[2022-02-22 00:02:43,080] {processor.py:171} INFO - Processing /home/airflow/.local/lib/python3.7/site-packages/airflow/example_dags/example_kubernetes_executor.py took 0.227 seconds
[2022-02-22 00:03:13,458] {processor.py:163} INFO - Started process (PID=1349) to work on /home/airflow/.local/lib/python3.7/site-packages/airflow/example_dags/example_kubernetes_executor.py
[2022-02-22 00:03:13,479] {processor.py:642} INFO - Processing file /home/airflow/.local/lib/python3.7/site-packages/airflow/example_dags/example_kubernetes_executor.py for tasks to queue
[2022-02-22 00:03:13,483] {logging_mixin.py:109} INFO - [2022-02-22 00:03:13,483] {dagbag.py:500} INFO - Filling up the DagBag from /home/airflow/.local/lib/python3.7/site-packages/airflow/example_dags/example_kubernetes_executor.py
[2022-02-22 00:03:13,530] {processor.py:654} INFO - DAG(s) dict_keys(['example_kubernetes_executor']) retrieved from /home/airflow/.local/lib/python3.7/site-packages/airflow/example_dags/example_kubernetes_executor.py
[2022-02-22 00:03:13,550] {logging_mixin.py:109} INFO - [2022-02-22 00:03:13,550] {dag.py:2396} INFO - Sync 1 DAGs
[2022-02-22 00:03:13,578] {logging_mixin.py:109} INFO - [2022-02-22 00:03:13,578] {dag.py:2935} INFO - Setting next_dagrun for example_kubernetes_executor to None
[2022-02-22 00:03:13,589] {processor.py:171} INFO - Processing /home/airflow/.local/lib/python3.7/site-packages/airflow/example_dags/example_kubernetes_executor.py took 0.134 seconds
[2022-02-22 00:03:49,036] {processor.py:163} INFO - Started process (PID=1403) to work on /home/airflow/.local/lib/python3.7/site-packages/airflow/example_dags/example_kubernetes_executor.py
[2022-02-22 00:03:49,040] {processor.py:642} INFO - Processing file /home/airflow/.local/lib/python3.7/site-packages/airflow/example_dags/example_kubernetes_executor.py for tasks to queue
[2022-02-22 00:03:49,044] {logging_mixin.py:109} INFO - [2022-02-22 00:03:49,043] {dagbag.py:500} INFO - Filling up the DagBag from /home/airflow/.local/lib/python3.7/site-packages/airflow/example_dags/example_kubernetes_executor.py
[2022-02-22 00:03:49,624] {processor.py:654} INFO - DAG(s) dict_keys(['example_kubernetes_executor']) retrieved from /home/airflow/.local/lib/python3.7/site-packages/airflow/example_dags/example_kubernetes_executor.py
[2022-02-22 00:03:49,807] {logging_mixin.py:109} INFO - [2022-02-22 00:03:49,807] {dag.py:2396} INFO - Sync 1 DAGs
[2022-02-22 00:03:49,873] {logging_mixin.py:109} INFO - [2022-02-22 00:03:49,872] {dag.py:2935} INFO - Setting next_dagrun for example_kubernetes_executor to None
[2022-02-22 00:03:49,963] {processor.py:171} INFO - Processing /home/airflow/.local/lib/python3.7/site-packages/airflow/example_dags/example_kubernetes_executor.py took 0.959 seconds
[2022-02-22 03:47:37,648] {processor.py:163} INFO - Started process (PID=1539) to work on /home/airflow/.local/lib/python3.7/site-packages/airflow/example_dags/example_kubernetes_executor.py
[2022-02-22 03:47:37,659] {processor.py:642} INFO - Processing file /home/airflow/.local/lib/python3.7/site-packages/airflow/example_dags/example_kubernetes_executor.py for tasks to queue
[2022-02-22 03:47:37,670] {logging_mixin.py:109} INFO - [2022-02-22 03:47:37,670] {dagbag.py:500} INFO - Filling up the DagBag from /home/airflow/.local/lib/python3.7/site-packages/airflow/example_dags/example_kubernetes_executor.py
[2022-02-22 03:47:38,086] {processor.py:654} INFO - DAG(s) dict_keys(['example_kubernetes_executor']) retrieved from /home/airflow/.local/lib/python3.7/site-packages/airflow/example_dags/example_kubernetes_executor.py
[2022-02-22 03:47:38,409] {logging_mixin.py:109} INFO - [2022-02-22 03:47:38,409] {dag.py:2396} INFO - Sync 1 DAGs
[2022-02-22 03:47:38,676] {logging_mixin.py:109} INFO - [2022-02-22 03:47:38,676] {dag.py:2935} INFO - Setting next_dagrun for example_kubernetes_executor to None
[2022-02-22 03:47:38,765] {processor.py:171} INFO - Processing /home/airflow/.local/lib/python3.7/site-packages/airflow/example_dags/example_kubernetes_executor.py took 1.185 seconds
[2022-02-22 03:48:12,564] {processor.py:163} INFO - Started process (PID=1591) to work on /home/airflow/.local/lib/python3.7/site-packages/airflow/example_dags/example_kubernetes_executor.py
[2022-02-22 03:48:12,569] {processor.py:642} INFO - Processing file /home/airflow/.local/lib/python3.7/site-packages/airflow/example_dags/example_kubernetes_executor.py for tasks to queue
[2022-02-22 03:48:12,574] {logging_mixin.py:109} INFO - [2022-02-22 03:48:12,574] {dagbag.py:500} INFO - Filling up the DagBag from /home/airflow/.local/lib/python3.7/site-packages/airflow/example_dags/example_kubernetes_executor.py
[2022-02-22 03:48:12,761] {processor.py:654} INFO - DAG(s) dict_keys(['example_kubernetes_executor']) retrieved from /home/airflow/.local/lib/python3.7/site-packages/airflow/example_dags/example_kubernetes_executor.py
[2022-02-22 03:48:12,831] {logging_mixin.py:109} INFO - [2022-02-22 03:48:12,831] {dag.py:2396} INFO - Sync 1 DAGs
[2022-02-22 03:48:12,915] {logging_mixin.py:109} INFO - [2022-02-22 03:48:12,915] {dag.py:2935} INFO - Setting next_dagrun for example_kubernetes_executor to None
[2022-02-22 03:48:13,009] {processor.py:171} INFO - Processing /home/airflow/.local/lib/python3.7/site-packages/airflow/example_dags/example_kubernetes_executor.py took 0.469 seconds
[2022-02-22 03:48:43,284] {processor.py:163} INFO - Started process (PID=1642) to work on /home/airflow/.local/lib/python3.7/site-packages/airflow/example_dags/example_kubernetes_executor.py
[2022-02-22 03:48:43,288] {processor.py:642} INFO - Processing file /home/airflow/.local/lib/python3.7/site-packages/airflow/example_dags/example_kubernetes_executor.py for tasks to queue
[2022-02-22 03:48:43,294] {logging_mixin.py:109} INFO - [2022-02-22 03:48:43,293] {dagbag.py:500} INFO - Filling up the DagBag from /home/airflow/.local/lib/python3.7/site-packages/airflow/example_dags/example_kubernetes_executor.py
[2022-02-22 03:48:43,418] {processor.py:654} INFO - DAG(s) dict_keys(['example_kubernetes_executor']) retrieved from /home/airflow/.local/lib/python3.7/site-packages/airflow/example_dags/example_kubernetes_executor.py
[2022-02-22 03:48:43,470] {logging_mixin.py:109} INFO - [2022-02-22 03:48:43,469] {dag.py:2396} INFO - Sync 1 DAGs
[2022-02-22 03:48:43,518] {logging_mixin.py:109} INFO - [2022-02-22 03:48:43,517] {dag.py:2935} INFO - Setting next_dagrun for example_kubernetes_executor to None
[2022-02-22 03:48:43,535] {processor.py:171} INFO - Processing /home/airflow/.local/lib/python3.7/site-packages/airflow/example_dags/example_kubernetes_executor.py took 0.267 seconds
[2022-02-22 03:49:13,752] {processor.py:163} INFO - Started process (PID=1694) to work on /home/airflow/.local/lib/python3.7/site-packages/airflow/example_dags/example_kubernetes_executor.py
[2022-02-22 03:49:13,754] {processor.py:642} INFO - Processing file /home/airflow/.local/lib/python3.7/site-packages/airflow/example_dags/example_kubernetes_executor.py for tasks to queue
[2022-02-22 03:49:13,757] {logging_mixin.py:109} INFO - [2022-02-22 03:49:13,756] {dagbag.py:500} INFO - Filling up the DagBag from /home/airflow/.local/lib/python3.7/site-packages/airflow/example_dags/example_kubernetes_executor.py
[2022-02-22 03:49:13,799] {processor.py:654} INFO - DAG(s) dict_keys(['example_kubernetes_executor']) retrieved from /home/airflow/.local/lib/python3.7/site-packages/airflow/example_dags/example_kubernetes_executor.py
[2022-02-22 03:49:13,819] {logging_mixin.py:109} INFO - [2022-02-22 03:49:13,819] {dag.py:2396} INFO - Sync 1 DAGs
[2022-02-22 03:49:13,835] {logging_mixin.py:109} INFO - [2022-02-22 03:49:13,834] {dag.py:2935} INFO - Setting next_dagrun for example_kubernetes_executor to None
[2022-02-22 03:49:13,848] {processor.py:171} INFO - Processing /home/airflow/.local/lib/python3.7/site-packages/airflow/example_dags/example_kubernetes_executor.py took 0.105 seconds
