[2022-02-22 00:00:03,963] {processor.py:163} INFO - Started process (PID=1032) to work on /home/airflow/.local/lib/python3.7/site-packages/airflow/example_dags/tutorial.py
[2022-02-22 00:00:03,979] {processor.py:642} INFO - Processing file /home/airflow/.local/lib/python3.7/site-packages/airflow/example_dags/tutorial.py for tasks to queue
[2022-02-22 00:00:03,991] {logging_mixin.py:109} INFO - [2022-02-22 00:00:03,989] {dagbag.py:500} INFO - Filling up the DagBag from /home/airflow/.local/lib/python3.7/site-packages/airflow/example_dags/tutorial.py
[2022-02-22 00:00:04,189] {processor.py:654} INFO - DAG(s) dict_keys(['tutorial']) retrieved from /home/airflow/.local/lib/python3.7/site-packages/airflow/example_dags/tutorial.py
[2022-02-22 00:00:04,262] {logging_mixin.py:109} INFO - [2022-02-22 00:00:04,262] {dag.py:2396} INFO - Sync 1 DAGs
[2022-02-22 00:00:04,354] {logging_mixin.py:109} INFO - [2022-02-22 00:00:04,354] {dag.py:2935} INFO - Setting next_dagrun for tutorial to 2022-02-21T00:00:04.353894+00:00
[2022-02-22 00:00:04,395] {processor.py:171} INFO - Processing /home/airflow/.local/lib/python3.7/site-packages/airflow/example_dags/tutorial.py took 0.445 seconds
[2022-02-22 00:00:39,618] {processor.py:163} INFO - Started process (PID=1084) to work on /home/airflow/.local/lib/python3.7/site-packages/airflow/example_dags/tutorial.py
[2022-02-22 00:00:39,627] {processor.py:642} INFO - Processing file /home/airflow/.local/lib/python3.7/site-packages/airflow/example_dags/tutorial.py for tasks to queue
[2022-02-22 00:00:39,630] {logging_mixin.py:109} INFO - [2022-02-22 00:00:39,629] {dagbag.py:500} INFO - Filling up the DagBag from /home/airflow/.local/lib/python3.7/site-packages/airflow/example_dags/tutorial.py
[2022-02-22 00:00:39,758] {processor.py:654} INFO - DAG(s) dict_keys(['tutorial']) retrieved from /home/airflow/.local/lib/python3.7/site-packages/airflow/example_dags/tutorial.py
[2022-02-22 00:00:39,794] {logging_mixin.py:109} INFO - [2022-02-22 00:00:39,794] {dag.py:2396} INFO - Sync 1 DAGs
[2022-02-22 00:00:39,869] {logging_mixin.py:109} INFO - [2022-02-22 00:00:39,869] {dag.py:2935} INFO - Setting next_dagrun for tutorial to 2022-02-21T00:00:39.868691+00:00
[2022-02-22 00:00:39,912] {processor.py:171} INFO - Processing /home/airflow/.local/lib/python3.7/site-packages/airflow/example_dags/tutorial.py took 0.299 seconds
[2022-02-22 00:01:10,456] {processor.py:163} INFO - Started process (PID=1139) to work on /home/airflow/.local/lib/python3.7/site-packages/airflow/example_dags/tutorial.py
[2022-02-22 00:01:10,462] {processor.py:642} INFO - Processing file /home/airflow/.local/lib/python3.7/site-packages/airflow/example_dags/tutorial.py for tasks to queue
[2022-02-22 00:01:10,465] {logging_mixin.py:109} INFO - [2022-02-22 00:01:10,465] {dagbag.py:500} INFO - Filling up the DagBag from /home/airflow/.local/lib/python3.7/site-packages/airflow/example_dags/tutorial.py
[2022-02-22 00:01:10,527] {processor.py:654} INFO - DAG(s) dict_keys(['tutorial']) retrieved from /home/airflow/.local/lib/python3.7/site-packages/airflow/example_dags/tutorial.py
[2022-02-22 00:01:10,541] {logging_mixin.py:109} INFO - [2022-02-22 00:01:10,541] {dag.py:2396} INFO - Sync 1 DAGs
[2022-02-22 00:01:10,572] {logging_mixin.py:109} INFO - [2022-02-22 00:01:10,572] {dag.py:2935} INFO - Setting next_dagrun for tutorial to 2022-02-21T00:01:10.571699+00:00
[2022-02-22 00:01:10,583] {processor.py:171} INFO - Processing /home/airflow/.local/lib/python3.7/site-packages/airflow/example_dags/tutorial.py took 0.136 seconds
[2022-02-22 00:01:41,372] {processor.py:163} INFO - Started process (PID=1191) to work on /home/airflow/.local/lib/python3.7/site-packages/airflow/example_dags/tutorial.py
[2022-02-22 00:01:41,378] {processor.py:642} INFO - Processing file /home/airflow/.local/lib/python3.7/site-packages/airflow/example_dags/tutorial.py for tasks to queue
[2022-02-22 00:01:41,388] {logging_mixin.py:109} INFO - [2022-02-22 00:01:41,387] {dagbag.py:500} INFO - Filling up the DagBag from /home/airflow/.local/lib/python3.7/site-packages/airflow/example_dags/tutorial.py
[2022-02-22 00:01:41,508] {processor.py:654} INFO - DAG(s) dict_keys(['tutorial']) retrieved from /home/airflow/.local/lib/python3.7/site-packages/airflow/example_dags/tutorial.py
[2022-02-22 00:01:41,523] {logging_mixin.py:109} INFO - [2022-02-22 00:01:41,523] {dag.py:2396} INFO - Sync 1 DAGs
[2022-02-22 00:01:41,543] {logging_mixin.py:109} INFO - [2022-02-22 00:01:41,543] {dag.py:2935} INFO - Setting next_dagrun for tutorial to 2022-02-21T00:01:41.542578+00:00
[2022-02-22 00:01:41,558] {processor.py:171} INFO - Processing /home/airflow/.local/lib/python3.7/site-packages/airflow/example_dags/tutorial.py took 0.199 seconds
[2022-02-22 00:02:12,337] {processor.py:163} INFO - Started process (PID=1243) to work on /home/airflow/.local/lib/python3.7/site-packages/airflow/example_dags/tutorial.py
[2022-02-22 00:02:12,345] {processor.py:642} INFO - Processing file /home/airflow/.local/lib/python3.7/site-packages/airflow/example_dags/tutorial.py for tasks to queue
[2022-02-22 00:02:12,350] {logging_mixin.py:109} INFO - [2022-02-22 00:02:12,349] {dagbag.py:500} INFO - Filling up the DagBag from /home/airflow/.local/lib/python3.7/site-packages/airflow/example_dags/tutorial.py
[2022-02-22 00:02:12,514] {processor.py:654} INFO - DAG(s) dict_keys(['tutorial']) retrieved from /home/airflow/.local/lib/python3.7/site-packages/airflow/example_dags/tutorial.py
[2022-02-22 00:02:12,570] {logging_mixin.py:109} INFO - [2022-02-22 00:02:12,570] {dag.py:2396} INFO - Sync 1 DAGs
[2022-02-22 00:02:12,739] {logging_mixin.py:109} INFO - [2022-02-22 00:02:12,736] {dag.py:2935} INFO - Setting next_dagrun for tutorial to 2022-02-21T00:02:12.731175+00:00
[2022-02-22 00:02:12,765] {processor.py:171} INFO - Processing /home/airflow/.local/lib/python3.7/site-packages/airflow/example_dags/tutorial.py took 0.448 seconds
[2022-02-22 00:02:43,208] {processor.py:163} INFO - Started process (PID=1298) to work on /home/airflow/.local/lib/python3.7/site-packages/airflow/example_dags/tutorial.py
[2022-02-22 00:02:43,219] {processor.py:642} INFO - Processing file /home/airflow/.local/lib/python3.7/site-packages/airflow/example_dags/tutorial.py for tasks to queue
[2022-02-22 00:02:43,225] {logging_mixin.py:109} INFO - [2022-02-22 00:02:43,224] {dagbag.py:500} INFO - Filling up the DagBag from /home/airflow/.local/lib/python3.7/site-packages/airflow/example_dags/tutorial.py
[2022-02-22 00:02:43,322] {processor.py:654} INFO - DAG(s) dict_keys(['tutorial']) retrieved from /home/airflow/.local/lib/python3.7/site-packages/airflow/example_dags/tutorial.py
[2022-02-22 00:02:43,345] {logging_mixin.py:109} INFO - [2022-02-22 00:02:43,343] {dag.py:2396} INFO - Sync 1 DAGs
[2022-02-22 00:02:43,419] {logging_mixin.py:109} INFO - [2022-02-22 00:02:43,418] {dag.py:2935} INFO - Setting next_dagrun for tutorial to 2022-02-21T00:02:43.415700+00:00
[2022-02-22 00:02:43,445] {processor.py:171} INFO - Processing /home/airflow/.local/lib/python3.7/site-packages/airflow/example_dags/tutorial.py took 0.252 seconds
[2022-02-22 00:03:13,669] {processor.py:163} INFO - Started process (PID=1352) to work on /home/airflow/.local/lib/python3.7/site-packages/airflow/example_dags/tutorial.py
[2022-02-22 00:03:13,674] {processor.py:642} INFO - Processing file /home/airflow/.local/lib/python3.7/site-packages/airflow/example_dags/tutorial.py for tasks to queue
[2022-02-22 00:03:13,677] {logging_mixin.py:109} INFO - [2022-02-22 00:03:13,677] {dagbag.py:500} INFO - Filling up the DagBag from /home/airflow/.local/lib/python3.7/site-packages/airflow/example_dags/tutorial.py
[2022-02-22 00:03:13,746] {processor.py:654} INFO - DAG(s) dict_keys(['tutorial']) retrieved from /home/airflow/.local/lib/python3.7/site-packages/airflow/example_dags/tutorial.py
[2022-02-22 00:03:13,758] {logging_mixin.py:109} INFO - [2022-02-22 00:03:13,758] {dag.py:2396} INFO - Sync 1 DAGs
[2022-02-22 00:03:13,781] {logging_mixin.py:109} INFO - [2022-02-22 00:03:13,781] {dag.py:2935} INFO - Setting next_dagrun for tutorial to 2022-02-21T00:03:13.780452+00:00
[2022-02-22 00:03:13,793] {processor.py:171} INFO - Processing /home/airflow/.local/lib/python3.7/site-packages/airflow/example_dags/tutorial.py took 0.133 seconds
[2022-02-22 00:03:51,045] {processor.py:163} INFO - Started process (PID=1406) to work on /home/airflow/.local/lib/python3.7/site-packages/airflow/example_dags/tutorial.py
[2022-02-22 00:03:51,062] {processor.py:642} INFO - Processing file /home/airflow/.local/lib/python3.7/site-packages/airflow/example_dags/tutorial.py for tasks to queue
[2022-02-22 00:03:51,072] {logging_mixin.py:109} INFO - [2022-02-22 00:03:51,071] {dagbag.py:500} INFO - Filling up the DagBag from /home/airflow/.local/lib/python3.7/site-packages/airflow/example_dags/tutorial.py
[2022-02-22 00:03:51,167] {processor.py:654} INFO - DAG(s) dict_keys(['tutorial']) retrieved from /home/airflow/.local/lib/python3.7/site-packages/airflow/example_dags/tutorial.py
[2022-02-22 00:03:51,207] {logging_mixin.py:109} INFO - [2022-02-22 00:03:51,207] {dag.py:2396} INFO - Sync 1 DAGs
[2022-02-22 00:03:51,264] {logging_mixin.py:109} INFO - [2022-02-22 00:03:51,264] {dag.py:2935} INFO - Setting next_dagrun for tutorial to 2022-02-21T00:03:51.263631+00:00
[2022-02-22 00:03:51,326] {processor.py:171} INFO - Processing /home/airflow/.local/lib/python3.7/site-packages/airflow/example_dags/tutorial.py took 0.293 seconds
[2022-02-22 03:47:40,264] {processor.py:163} INFO - Started process (PID=1550) to work on /home/airflow/.local/lib/python3.7/site-packages/airflow/example_dags/tutorial.py
[2022-02-22 03:47:40,281] {processor.py:642} INFO - Processing file /home/airflow/.local/lib/python3.7/site-packages/airflow/example_dags/tutorial.py for tasks to queue
[2022-02-22 03:47:40,295] {logging_mixin.py:109} INFO - [2022-02-22 03:47:40,295] {dagbag.py:500} INFO - Filling up the DagBag from /home/airflow/.local/lib/python3.7/site-packages/airflow/example_dags/tutorial.py
[2022-02-22 03:47:40,572] {processor.py:654} INFO - DAG(s) dict_keys(['tutorial']) retrieved from /home/airflow/.local/lib/python3.7/site-packages/airflow/example_dags/tutorial.py
[2022-02-22 03:47:40,643] {logging_mixin.py:109} INFO - [2022-02-22 03:47:40,643] {dag.py:2396} INFO - Sync 1 DAGs
[2022-02-22 03:47:40,840] {logging_mixin.py:109} INFO - [2022-02-22 03:47:40,839] {dag.py:2935} INFO - Setting next_dagrun for tutorial to 2022-02-21T03:47:40.839467+00:00
[2022-02-22 03:47:40,958] {processor.py:171} INFO - Processing /home/airflow/.local/lib/python3.7/site-packages/airflow/example_dags/tutorial.py took 0.749 seconds
[2022-02-22 03:48:14,971] {processor.py:163} INFO - Started process (PID=1594) to work on /home/airflow/.local/lib/python3.7/site-packages/airflow/example_dags/tutorial.py
[2022-02-22 03:48:14,981] {processor.py:642} INFO - Processing file /home/airflow/.local/lib/python3.7/site-packages/airflow/example_dags/tutorial.py for tasks to queue
[2022-02-22 03:48:14,987] {logging_mixin.py:109} INFO - [2022-02-22 03:48:14,986] {dagbag.py:500} INFO - Filling up the DagBag from /home/airflow/.local/lib/python3.7/site-packages/airflow/example_dags/tutorial.py
[2022-02-22 03:48:15,120] {processor.py:654} INFO - DAG(s) dict_keys(['tutorial']) retrieved from /home/airflow/.local/lib/python3.7/site-packages/airflow/example_dags/tutorial.py
[2022-02-22 03:48:15,227] {logging_mixin.py:109} INFO - [2022-02-22 03:48:15,227] {dag.py:2396} INFO - Sync 1 DAGs
[2022-02-22 03:48:15,360] {logging_mixin.py:109} INFO - [2022-02-22 03:48:15,360] {dag.py:2935} INFO - Setting next_dagrun for tutorial to 2022-02-21T03:48:15.360166+00:00
[2022-02-22 03:48:15,467] {processor.py:171} INFO - Processing /home/airflow/.local/lib/python3.7/site-packages/airflow/example_dags/tutorial.py took 0.508 seconds
[2022-02-22 03:48:45,723] {processor.py:163} INFO - Started process (PID=1646) to work on /home/airflow/.local/lib/python3.7/site-packages/airflow/example_dags/tutorial.py
[2022-02-22 03:48:45,725] {processor.py:642} INFO - Processing file /home/airflow/.local/lib/python3.7/site-packages/airflow/example_dags/tutorial.py for tasks to queue
[2022-02-22 03:48:45,727] {logging_mixin.py:109} INFO - [2022-02-22 03:48:45,727] {dagbag.py:500} INFO - Filling up the DagBag from /home/airflow/.local/lib/python3.7/site-packages/airflow/example_dags/tutorial.py
[2022-02-22 03:48:45,754] {processor.py:654} INFO - DAG(s) dict_keys(['tutorial']) retrieved from /home/airflow/.local/lib/python3.7/site-packages/airflow/example_dags/tutorial.py
[2022-02-22 03:48:45,766] {logging_mixin.py:109} INFO - [2022-02-22 03:48:45,765] {dag.py:2396} INFO - Sync 1 DAGs
[2022-02-22 03:48:45,780] {logging_mixin.py:109} INFO - [2022-02-22 03:48:45,780] {dag.py:2935} INFO - Setting next_dagrun for tutorial to 2022-02-21T03:48:45.779887+00:00
[2022-02-22 03:48:45,791] {processor.py:171} INFO - Processing /home/airflow/.local/lib/python3.7/site-packages/airflow/example_dags/tutorial.py took 0.072 seconds
[2022-02-22 03:49:15,959] {processor.py:163} INFO - Started process (PID=1697) to work on /home/airflow/.local/lib/python3.7/site-packages/airflow/example_dags/tutorial.py
[2022-02-22 03:49:15,965] {processor.py:642} INFO - Processing file /home/airflow/.local/lib/python3.7/site-packages/airflow/example_dags/tutorial.py for tasks to queue
[2022-02-22 03:49:15,970] {logging_mixin.py:109} INFO - [2022-02-22 03:49:15,970] {dagbag.py:500} INFO - Filling up the DagBag from /home/airflow/.local/lib/python3.7/site-packages/airflow/example_dags/tutorial.py
[2022-02-22 03:49:16,088] {processor.py:654} INFO - DAG(s) dict_keys(['tutorial']) retrieved from /home/airflow/.local/lib/python3.7/site-packages/airflow/example_dags/tutorial.py
[2022-02-22 03:49:16,145] {logging_mixin.py:109} INFO - [2022-02-22 03:49:16,144] {dag.py:2396} INFO - Sync 1 DAGs
[2022-02-22 03:49:16,229] {logging_mixin.py:109} INFO - [2022-02-22 03:49:16,229] {dag.py:2935} INFO - Setting next_dagrun for tutorial to 2022-02-21T03:49:16.228729+00:00
[2022-02-22 03:49:16,263] {processor.py:171} INFO - Processing /home/airflow/.local/lib/python3.7/site-packages/airflow/example_dags/tutorial.py took 0.324 seconds
