[2022-02-22 00:00:38,422] {processor.py:163} INFO - Started process (PID=1080) to work on /home/airflow/.local/lib/python3.7/site-packages/airflow/example_dags/tutorial_etl_dag.py
[2022-02-22 00:00:38,443] {processor.py:642} INFO - Processing file /home/airflow/.local/lib/python3.7/site-packages/airflow/example_dags/tutorial_etl_dag.py for tasks to queue
[2022-02-22 00:00:38,445] {logging_mixin.py:109} INFO - [2022-02-22 00:00:38,445] {dagbag.py:500} INFO - Filling up the DagBag from /home/airflow/.local/lib/python3.7/site-packages/airflow/example_dags/tutorial_etl_dag.py
[2022-02-22 00:00:38,661] {processor.py:654} INFO - DAG(s) dict_keys(['tutorial_etl_dag']) retrieved from /home/airflow/.local/lib/python3.7/site-packages/airflow/example_dags/tutorial_etl_dag.py
[2022-02-22 00:00:38,761] {logging_mixin.py:109} INFO - [2022-02-22 00:00:38,760] {dag.py:2396} INFO - Sync 1 DAGs
[2022-02-22 00:00:38,863] {logging_mixin.py:109} INFO - [2022-02-22 00:00:38,863] {dag.py:2935} INFO - Setting next_dagrun for tutorial_etl_dag to None
[2022-02-22 00:00:38,914] {processor.py:171} INFO - Processing /home/airflow/.local/lib/python3.7/site-packages/airflow/example_dags/tutorial_etl_dag.py took 0.516 seconds
[2022-02-22 00:01:09,598] {processor.py:163} INFO - Started process (PID=1134) to work on /home/airflow/.local/lib/python3.7/site-packages/airflow/example_dags/tutorial_etl_dag.py
[2022-02-22 00:01:09,604] {processor.py:642} INFO - Processing file /home/airflow/.local/lib/python3.7/site-packages/airflow/example_dags/tutorial_etl_dag.py for tasks to queue
[2022-02-22 00:01:09,610] {logging_mixin.py:109} INFO - [2022-02-22 00:01:09,610] {dagbag.py:500} INFO - Filling up the DagBag from /home/airflow/.local/lib/python3.7/site-packages/airflow/example_dags/tutorial_etl_dag.py
[2022-02-22 00:01:09,726] {processor.py:654} INFO - DAG(s) dict_keys(['tutorial_etl_dag']) retrieved from /home/airflow/.local/lib/python3.7/site-packages/airflow/example_dags/tutorial_etl_dag.py
[2022-02-22 00:01:09,751] {logging_mixin.py:109} INFO - [2022-02-22 00:01:09,751] {dag.py:2396} INFO - Sync 1 DAGs
[2022-02-22 00:01:09,818] {logging_mixin.py:109} INFO - [2022-02-22 00:01:09,818] {dag.py:2935} INFO - Setting next_dagrun for tutorial_etl_dag to None
[2022-02-22 00:01:09,857] {processor.py:171} INFO - Processing /home/airflow/.local/lib/python3.7/site-packages/airflow/example_dags/tutorial_etl_dag.py took 0.269 seconds
[2022-02-22 00:01:39,997] {processor.py:163} INFO - Started process (PID=1185) to work on /home/airflow/.local/lib/python3.7/site-packages/airflow/example_dags/tutorial_etl_dag.py
[2022-02-22 00:01:40,005] {processor.py:642} INFO - Processing file /home/airflow/.local/lib/python3.7/site-packages/airflow/example_dags/tutorial_etl_dag.py for tasks to queue
[2022-02-22 00:01:40,011] {logging_mixin.py:109} INFO - [2022-02-22 00:01:40,010] {dagbag.py:500} INFO - Filling up the DagBag from /home/airflow/.local/lib/python3.7/site-packages/airflow/example_dags/tutorial_etl_dag.py
[2022-02-22 00:01:40,058] {processor.py:654} INFO - DAG(s) dict_keys(['tutorial_etl_dag']) retrieved from /home/airflow/.local/lib/python3.7/site-packages/airflow/example_dags/tutorial_etl_dag.py
[2022-02-22 00:01:40,078] {logging_mixin.py:109} INFO - [2022-02-22 00:01:40,077] {dag.py:2396} INFO - Sync 1 DAGs
[2022-02-22 00:01:40,127] {logging_mixin.py:109} INFO - [2022-02-22 00:01:40,127] {dag.py:2935} INFO - Setting next_dagrun for tutorial_etl_dag to None
[2022-02-22 00:01:40,157] {processor.py:171} INFO - Processing /home/airflow/.local/lib/python3.7/site-packages/airflow/example_dags/tutorial_etl_dag.py took 0.179 seconds
[2022-02-22 00:02:11,493] {processor.py:163} INFO - Started process (PID=1238) to work on /home/airflow/.local/lib/python3.7/site-packages/airflow/example_dags/tutorial_etl_dag.py
[2022-02-22 00:02:11,509] {processor.py:642} INFO - Processing file /home/airflow/.local/lib/python3.7/site-packages/airflow/example_dags/tutorial_etl_dag.py for tasks to queue
[2022-02-22 00:02:11,518] {logging_mixin.py:109} INFO - [2022-02-22 00:02:11,516] {dagbag.py:500} INFO - Filling up the DagBag from /home/airflow/.local/lib/python3.7/site-packages/airflow/example_dags/tutorial_etl_dag.py
[2022-02-22 00:02:11,628] {processor.py:654} INFO - DAG(s) dict_keys(['tutorial_etl_dag']) retrieved from /home/airflow/.local/lib/python3.7/site-packages/airflow/example_dags/tutorial_etl_dag.py
[2022-02-22 00:02:11,655] {logging_mixin.py:109} INFO - [2022-02-22 00:02:11,655] {dag.py:2396} INFO - Sync 1 DAGs
[2022-02-22 00:02:11,693] {logging_mixin.py:109} INFO - [2022-02-22 00:02:11,692] {dag.py:2935} INFO - Setting next_dagrun for tutorial_etl_dag to None
[2022-02-22 00:02:11,712] {processor.py:171} INFO - Processing /home/airflow/.local/lib/python3.7/site-packages/airflow/example_dags/tutorial_etl_dag.py took 0.296 seconds
[2022-02-22 00:02:42,679] {processor.py:163} INFO - Started process (PID=1294) to work on /home/airflow/.local/lib/python3.7/site-packages/airflow/example_dags/tutorial_etl_dag.py
[2022-02-22 00:02:42,683] {processor.py:642} INFO - Processing file /home/airflow/.local/lib/python3.7/site-packages/airflow/example_dags/tutorial_etl_dag.py for tasks to queue
[2022-02-22 00:02:42,687] {logging_mixin.py:109} INFO - [2022-02-22 00:02:42,687] {dagbag.py:500} INFO - Filling up the DagBag from /home/airflow/.local/lib/python3.7/site-packages/airflow/example_dags/tutorial_etl_dag.py
[2022-02-22 00:02:42,754] {processor.py:654} INFO - DAG(s) dict_keys(['tutorial_etl_dag']) retrieved from /home/airflow/.local/lib/python3.7/site-packages/airflow/example_dags/tutorial_etl_dag.py
[2022-02-22 00:02:42,784] {logging_mixin.py:109} INFO - [2022-02-22 00:02:42,784] {dag.py:2396} INFO - Sync 1 DAGs
[2022-02-22 00:02:42,801] {logging_mixin.py:109} INFO - [2022-02-22 00:02:42,801] {dag.py:2935} INFO - Setting next_dagrun for tutorial_etl_dag to None
[2022-02-22 00:02:42,811] {processor.py:171} INFO - Processing /home/airflow/.local/lib/python3.7/site-packages/airflow/example_dags/tutorial_etl_dag.py took 0.138 seconds
[2022-02-22 00:03:12,914] {processor.py:163} INFO - Started process (PID=1347) to work on /home/airflow/.local/lib/python3.7/site-packages/airflow/example_dags/tutorial_etl_dag.py
[2022-02-22 00:03:12,917] {processor.py:642} INFO - Processing file /home/airflow/.local/lib/python3.7/site-packages/airflow/example_dags/tutorial_etl_dag.py for tasks to queue
[2022-02-22 00:03:12,919] {logging_mixin.py:109} INFO - [2022-02-22 00:03:12,919] {dagbag.py:500} INFO - Filling up the DagBag from /home/airflow/.local/lib/python3.7/site-packages/airflow/example_dags/tutorial_etl_dag.py
[2022-02-22 00:03:12,969] {processor.py:654} INFO - DAG(s) dict_keys(['tutorial_etl_dag']) retrieved from /home/airflow/.local/lib/python3.7/site-packages/airflow/example_dags/tutorial_etl_dag.py
[2022-02-22 00:03:12,987] {logging_mixin.py:109} INFO - [2022-02-22 00:03:12,986] {dag.py:2396} INFO - Sync 1 DAGs
[2022-02-22 00:03:13,011] {logging_mixin.py:109} INFO - [2022-02-22 00:03:13,011] {dag.py:2935} INFO - Setting next_dagrun for tutorial_etl_dag to None
[2022-02-22 00:03:13,024] {processor.py:171} INFO - Processing /home/airflow/.local/lib/python3.7/site-packages/airflow/example_dags/tutorial_etl_dag.py took 0.119 seconds
[2022-02-22 00:03:48,078] {processor.py:163} INFO - Started process (PID=1400) to work on /home/airflow/.local/lib/python3.7/site-packages/airflow/example_dags/tutorial_etl_dag.py
[2022-02-22 00:03:48,086] {processor.py:642} INFO - Processing file /home/airflow/.local/lib/python3.7/site-packages/airflow/example_dags/tutorial_etl_dag.py for tasks to queue
[2022-02-22 00:03:48,093] {logging_mixin.py:109} INFO - [2022-02-22 00:03:48,092] {dagbag.py:500} INFO - Filling up the DagBag from /home/airflow/.local/lib/python3.7/site-packages/airflow/example_dags/tutorial_etl_dag.py
[2022-02-22 00:03:48,214] {processor.py:654} INFO - DAG(s) dict_keys(['tutorial_etl_dag']) retrieved from /home/airflow/.local/lib/python3.7/site-packages/airflow/example_dags/tutorial_etl_dag.py
[2022-02-22 00:03:48,250] {logging_mixin.py:109} INFO - [2022-02-22 00:03:48,249] {dag.py:2396} INFO - Sync 1 DAGs
[2022-02-22 00:03:48,339] {logging_mixin.py:109} INFO - [2022-02-22 00:03:48,339] {dag.py:2935} INFO - Setting next_dagrun for tutorial_etl_dag to None
[2022-02-22 00:03:48,370] {processor.py:171} INFO - Processing /home/airflow/.local/lib/python3.7/site-packages/airflow/example_dags/tutorial_etl_dag.py took 0.328 seconds
[2022-02-22 03:47:36,827] {processor.py:163} INFO - Started process (PID=1538) to work on /home/airflow/.local/lib/python3.7/site-packages/airflow/example_dags/tutorial_etl_dag.py
[2022-02-22 03:47:36,860] {processor.py:642} INFO - Processing file /home/airflow/.local/lib/python3.7/site-packages/airflow/example_dags/tutorial_etl_dag.py for tasks to queue
[2022-02-22 03:47:36,872] {logging_mixin.py:109} INFO - [2022-02-22 03:47:36,872] {dagbag.py:500} INFO - Filling up the DagBag from /home/airflow/.local/lib/python3.7/site-packages/airflow/example_dags/tutorial_etl_dag.py
[2022-02-22 03:47:37,060] {processor.py:654} INFO - DAG(s) dict_keys(['tutorial_etl_dag']) retrieved from /home/airflow/.local/lib/python3.7/site-packages/airflow/example_dags/tutorial_etl_dag.py
[2022-02-22 03:47:37,134] {logging_mixin.py:109} INFO - [2022-02-22 03:47:37,134] {dag.py:2396} INFO - Sync 1 DAGs
[2022-02-22 03:47:37,269] {logging_mixin.py:109} INFO - [2022-02-22 03:47:37,268] {dag.py:2935} INFO - Setting next_dagrun for tutorial_etl_dag to None
[2022-02-22 03:47:37,352] {processor.py:171} INFO - Processing /home/airflow/.local/lib/python3.7/site-packages/airflow/example_dags/tutorial_etl_dag.py took 0.596 seconds
[2022-02-22 03:48:11,408] {processor.py:163} INFO - Started process (PID=1590) to work on /home/airflow/.local/lib/python3.7/site-packages/airflow/example_dags/tutorial_etl_dag.py
[2022-02-22 03:48:11,438] {processor.py:642} INFO - Processing file /home/airflow/.local/lib/python3.7/site-packages/airflow/example_dags/tutorial_etl_dag.py for tasks to queue
[2022-02-22 03:48:11,462] {logging_mixin.py:109} INFO - [2022-02-22 03:48:11,449] {dagbag.py:500} INFO - Filling up the DagBag from /home/airflow/.local/lib/python3.7/site-packages/airflow/example_dags/tutorial_etl_dag.py
[2022-02-22 03:48:11,986] {processor.py:654} INFO - DAG(s) dict_keys(['tutorial_etl_dag']) retrieved from /home/airflow/.local/lib/python3.7/site-packages/airflow/example_dags/tutorial_etl_dag.py
[2022-02-22 03:48:12,212] {logging_mixin.py:109} INFO - [2022-02-22 03:48:12,212] {dag.py:2396} INFO - Sync 1 DAGs
[2022-02-22 03:48:12,321] {logging_mixin.py:109} INFO - [2022-02-22 03:48:12,321] {dag.py:2935} INFO - Setting next_dagrun for tutorial_etl_dag to None
[2022-02-22 03:48:12,412] {processor.py:171} INFO - Processing /home/airflow/.local/lib/python3.7/site-packages/airflow/example_dags/tutorial_etl_dag.py took 1.082 seconds
[2022-02-22 03:48:43,271] {processor.py:163} INFO - Started process (PID=1641) to work on /home/airflow/.local/lib/python3.7/site-packages/airflow/example_dags/tutorial_etl_dag.py
[2022-02-22 03:48:43,276] {processor.py:642} INFO - Processing file /home/airflow/.local/lib/python3.7/site-packages/airflow/example_dags/tutorial_etl_dag.py for tasks to queue
[2022-02-22 03:48:43,279] {logging_mixin.py:109} INFO - [2022-02-22 03:48:43,278] {dagbag.py:500} INFO - Filling up the DagBag from /home/airflow/.local/lib/python3.7/site-packages/airflow/example_dags/tutorial_etl_dag.py
[2022-02-22 03:48:43,317] {processor.py:654} INFO - DAG(s) dict_keys(['tutorial_etl_dag']) retrieved from /home/airflow/.local/lib/python3.7/site-packages/airflow/example_dags/tutorial_etl_dag.py
[2022-02-22 03:48:43,336] {logging_mixin.py:109} INFO - [2022-02-22 03:48:43,336] {dag.py:2396} INFO - Sync 1 DAGs
[2022-02-22 03:48:43,375] {logging_mixin.py:109} INFO - [2022-02-22 03:48:43,375] {dag.py:2935} INFO - Setting next_dagrun for tutorial_etl_dag to None
[2022-02-22 03:48:43,389] {processor.py:171} INFO - Processing /home/airflow/.local/lib/python3.7/site-packages/airflow/example_dags/tutorial_etl_dag.py took 0.124 seconds
[2022-02-22 03:49:13,737] {processor.py:163} INFO - Started process (PID=1693) to work on /home/airflow/.local/lib/python3.7/site-packages/airflow/example_dags/tutorial_etl_dag.py
[2022-02-22 03:49:13,745] {processor.py:642} INFO - Processing file /home/airflow/.local/lib/python3.7/site-packages/airflow/example_dags/tutorial_etl_dag.py for tasks to queue
[2022-02-22 03:49:13,748] {logging_mixin.py:109} INFO - [2022-02-22 03:49:13,748] {dagbag.py:500} INFO - Filling up the DagBag from /home/airflow/.local/lib/python3.7/site-packages/airflow/example_dags/tutorial_etl_dag.py
[2022-02-22 03:49:13,792] {processor.py:654} INFO - DAG(s) dict_keys(['tutorial_etl_dag']) retrieved from /home/airflow/.local/lib/python3.7/site-packages/airflow/example_dags/tutorial_etl_dag.py
[2022-02-22 03:49:13,813] {logging_mixin.py:109} INFO - [2022-02-22 03:49:13,813] {dag.py:2396} INFO - Sync 1 DAGs
[2022-02-22 03:49:13,838] {logging_mixin.py:109} INFO - [2022-02-22 03:49:13,837] {dag.py:2935} INFO - Setting next_dagrun for tutorial_etl_dag to None
[2022-02-22 03:49:13,857] {processor.py:171} INFO - Processing /home/airflow/.local/lib/python3.7/site-packages/airflow/example_dags/tutorial_etl_dag.py took 0.126 seconds
[2022-02-22 13:05:36,902] {processor.py:163} INFO - Started process (PID=1895) to work on /home/airflow/.local/lib/python3.7/site-packages/airflow/example_dags/tutorial_etl_dag.py
[2022-02-22 13:05:37,013] {processor.py:642} INFO - Processing file /home/airflow/.local/lib/python3.7/site-packages/airflow/example_dags/tutorial_etl_dag.py for tasks to queue
[2022-02-22 13:05:37,633] {logging_mixin.py:109} INFO - [2022-02-22 13:05:37,556] {dagbag.py:500} INFO - Filling up the DagBag from /home/airflow/.local/lib/python3.7/site-packages/airflow/example_dags/tutorial_etl_dag.py
[2022-02-22 13:05:40,766] {processor.py:654} INFO - DAG(s) dict_keys(['tutorial_etl_dag']) retrieved from /home/airflow/.local/lib/python3.7/site-packages/airflow/example_dags/tutorial_etl_dag.py
[2022-02-22 13:05:42,391] {logging_mixin.py:109} INFO - [2022-02-22 13:05:42,383] {dag.py:2396} INFO - Sync 1 DAGs
[2022-02-22 13:05:44,829] {logging_mixin.py:109} INFO - [2022-02-22 13:05:44,829] {dag.py:2935} INFO - Setting next_dagrun for tutorial_etl_dag to None
[2022-02-22 13:05:45,777] {processor.py:171} INFO - Processing /home/airflow/.local/lib/python3.7/site-packages/airflow/example_dags/tutorial_etl_dag.py took 9.326 seconds
