[2022-02-18 00:00:02,265] {taskinstance.py:1032} INFO - Dependencies all met for <TaskInstance: example_bash_operator.runme_2 scheduled__2022-02-17T00:00:00+00:00 [queued]>
[2022-02-18 00:00:02,334] {taskinstance.py:1032} INFO - Dependencies all met for <TaskInstance: example_bash_operator.runme_2 scheduled__2022-02-17T00:00:00+00:00 [queued]>
[2022-02-18 00:00:02,336] {taskinstance.py:1238} INFO - 
--------------------------------------------------------------------------------
[2022-02-18 00:00:02,337] {taskinstance.py:1239} INFO - Starting attempt 1 of 1
[2022-02-18 00:00:02,340] {taskinstance.py:1240} INFO - 
--------------------------------------------------------------------------------
[2022-02-18 00:00:02,371] {taskinstance.py:1259} INFO - Executing <Task(BashOperator): runme_2> on 2022-02-17 00:00:00+00:00
[2022-02-18 00:00:02,383] {standard_task_runner.py:52} INFO - Started process 6716 to run task
[2022-02-18 00:00:02,406] {standard_task_runner.py:76} INFO - Running: ['***', 'tasks', 'run', 'example_bash_operator', 'runme_2', 'scheduled__2022-02-17T00:00:00+00:00', '--job-id', '34', '--raw', '--subdir', '/home/***/.local/lib/python3.7/site-packages/***/example_dags/example_bash_operator.py', '--cfg-path', '/tmp/tmpbh87yfcg', '--error-file', '/tmp/tmplp6j15qs']
[2022-02-18 00:00:02,409] {standard_task_runner.py:77} INFO - Job 34: Subtask runme_2
[2022-02-18 00:00:02,497] {logging_mixin.py:109} INFO - Running <TaskInstance: example_bash_operator.runme_2 scheduled__2022-02-17T00:00:00+00:00 [running]> on host bd44ee7f0b09
[2022-02-18 00:00:02,693] {taskinstance.py:1426} INFO - Exporting the following env vars:
AIRFLOW_CTX_DAG_OWNER=***
AIRFLOW_CTX_DAG_ID=example_bash_operator
AIRFLOW_CTX_TASK_ID=runme_2
AIRFLOW_CTX_EXECUTION_DATE=2022-02-17T00:00:00+00:00
AIRFLOW_CTX_DAG_RUN_ID=scheduled__2022-02-17T00:00:00+00:00
[2022-02-18 00:00:02,700] {subprocess.py:62} INFO - Tmp dir root location: 
 /tmp
[2022-02-18 00:00:02,705] {subprocess.py:74} INFO - Running command: ['bash', '-c', 'echo "example_bash_operator__runme_2__20220217" && sleep 1']
[2022-02-18 00:00:02,993] {subprocess.py:85} INFO - Output:
[2022-02-18 00:00:03,078] {subprocess.py:89} INFO - example_bash_operator__runme_2__20220217
[2022-02-18 00:00:04,093] {subprocess.py:93} INFO - Command exited with return code 0
[2022-02-18 00:00:04,131] {taskinstance.py:1277} INFO - Marking task as SUCCESS. dag_id=example_bash_operator, task_id=runme_2, execution_date=20220217T000000, start_date=20220218T000002, end_date=20220218T000004
[2022-02-18 00:00:04,180] {local_task_job.py:154} INFO - Task exited with return code 0
[2022-02-18 00:00:04,342] {local_task_job.py:264} INFO - 0 downstream tasks scheduled from follow-on schedule check
