[2022-02-17 21:31:18,459] {taskinstance.py:1032} INFO - Dependencies all met for <TaskInstance: example_bash_operator.runme_0 scheduled__2022-02-16T00:00:00+00:00 [queued]>
[2022-02-17 21:31:18,665] {taskinstance.py:1032} INFO - Dependencies all met for <TaskInstance: example_bash_operator.runme_0 scheduled__2022-02-16T00:00:00+00:00 [queued]>
[2022-02-17 21:31:18,666] {taskinstance.py:1238} INFO - 
--------------------------------------------------------------------------------
[2022-02-17 21:31:18,666] {taskinstance.py:1239} INFO - Starting attempt 1 of 1
[2022-02-17 21:31:18,667] {taskinstance.py:1240} INFO - 
--------------------------------------------------------------------------------
[2022-02-17 21:31:18,764] {taskinstance.py:1259} INFO - Executing <Task(BashOperator): runme_0> on 2022-02-16 00:00:00+00:00
[2022-02-17 21:31:18,868] {standard_task_runner.py:52} INFO - Started process 380 to run task
[2022-02-17 21:31:18,919] {standard_task_runner.py:76} INFO - Running: ['***', 'tasks', 'run', 'example_bash_operator', 'runme_0', 'scheduled__2022-02-16T00:00:00+00:00', '--job-id', '20', '--raw', '--subdir', '/home/***/.local/lib/python3.7/site-packages/***/example_dags/example_bash_operator.py', '--cfg-path', '/tmp/tmp2vair4s9', '--error-file', '/tmp/tmpgntvhlfr']
[2022-02-17 21:31:18,946] {standard_task_runner.py:77} INFO - Job 20: Subtask runme_0
[2022-02-17 21:31:19,354] {logging_mixin.py:109} INFO - Running <TaskInstance: example_bash_operator.runme_0 scheduled__2022-02-16T00:00:00+00:00 [running]> on host bd44ee7f0b09
[2022-02-17 21:31:19,700] {taskinstance.py:1426} INFO - Exporting the following env vars:
AIRFLOW_CTX_DAG_OWNER=***
AIRFLOW_CTX_DAG_ID=example_bash_operator
AIRFLOW_CTX_TASK_ID=runme_0
AIRFLOW_CTX_EXECUTION_DATE=2022-02-16T00:00:00+00:00
AIRFLOW_CTX_DAG_RUN_ID=scheduled__2022-02-16T00:00:00+00:00
[2022-02-17 21:31:19,703] {subprocess.py:62} INFO - Tmp dir root location: 
 /tmp
[2022-02-17 21:31:19,710] {subprocess.py:74} INFO - Running command: ['bash', '-c', 'echo "example_bash_operator__runme_0__20220216" && sleep 1']
[2022-02-17 21:31:19,775] {subprocess.py:85} INFO - Output:
[2022-02-17 21:31:19,783] {subprocess.py:89} INFO - example_bash_operator__runme_0__20220216
[2022-02-17 21:31:20,791] {subprocess.py:93} INFO - Command exited with return code 0
[2022-02-17 21:31:20,850] {taskinstance.py:1277} INFO - Marking task as SUCCESS. dag_id=example_bash_operator, task_id=runme_0, execution_date=20220216T000000, start_date=20220217T213118, end_date=20220217T213120
[2022-02-17 21:31:20,967] {local_task_job.py:154} INFO - Task exited with return code 0
[2022-02-17 21:31:21,102] {local_task_job.py:264} INFO - 0 downstream tasks scheduled from follow-on schedule check
