[2022-02-17 23:25:33,300] {processor.py:163} INFO - Started process (PID=12897) to work on /opt/airflow/dags/create_staging_table.py
[2022-02-17 23:25:33,302] {processor.py:642} INFO - Processing file /opt/airflow/dags/create_staging_table.py for tasks to queue
[2022-02-17 23:25:33,304] {logging_mixin.py:109} INFO - [2022-02-17 23:25:33,304] {dagbag.py:500} INFO - Filling up the DagBag from /opt/airflow/dags/create_staging_table.py
[2022-02-17 23:25:33,393] {processor.py:654} INFO - DAG(s) dict_keys(['load_staging_data_dag']) retrieved from /opt/airflow/dags/create_staging_table.py
[2022-02-17 23:25:36,374] {logging_mixin.py:109} INFO - [2022-02-17 23:25:36,374] {manager.py:496} INFO - Created Permission View: can edit on DAG:load_staging_data_dag
[2022-02-17 23:25:36,390] {logging_mixin.py:109} INFO - [2022-02-17 23:25:36,390] {manager.py:496} INFO - Created Permission View: can read on DAG:load_staging_data_dag
[2022-02-17 23:25:36,392] {logging_mixin.py:109} INFO - [2022-02-17 23:25:36,391] {dag.py:2396} INFO - Sync 1 DAGs
[2022-02-17 23:25:36,402] {logging_mixin.py:109} INFO - [2022-02-17 23:25:36,402] {dag.py:2415} INFO - Creating ORM DAG for load_staging_data_dag
[2022-02-17 23:25:36,412] {logging_mixin.py:109} INFO - [2022-02-17 23:25:36,412] {dag.py:2935} INFO - Setting next_dagrun for load_staging_data_dag to 2020-02-02T00:00:00+00:00
[2022-02-17 23:25:36,428] {processor.py:171} INFO - Processing /opt/airflow/dags/create_staging_table.py took 3.136 seconds
[2022-02-17 23:26:06,929] {processor.py:163} INFO - Started process (PID=12963) to work on /opt/airflow/dags/create_staging_table.py
[2022-02-17 23:26:06,940] {processor.py:642} INFO - Processing file /opt/airflow/dags/create_staging_table.py for tasks to queue
[2022-02-17 23:26:06,945] {logging_mixin.py:109} INFO - [2022-02-17 23:26:06,944] {dagbag.py:500} INFO - Filling up the DagBag from /opt/airflow/dags/create_staging_table.py
[2022-02-17 23:26:07,034] {processor.py:654} INFO - DAG(s) dict_keys(['load_staging_data_dag']) retrieved from /opt/airflow/dags/create_staging_table.py
[2022-02-17 23:26:07,050] {logging_mixin.py:109} INFO - [2022-02-17 23:26:07,050] {dag.py:2396} INFO - Sync 1 DAGs
[2022-02-17 23:26:07,078] {logging_mixin.py:109} INFO - [2022-02-17 23:26:07,078] {dag.py:2935} INFO - Setting next_dagrun for load_staging_data_dag to 2020-02-02T00:00:00+00:00
[2022-02-17 23:26:07,095] {processor.py:171} INFO - Processing /opt/airflow/dags/create_staging_table.py took 0.179 seconds
[2022-02-17 23:26:37,646] {processor.py:163} INFO - Started process (PID=13013) to work on /opt/airflow/dags/create_staging_table.py
[2022-02-17 23:26:37,656] {processor.py:642} INFO - Processing file /opt/airflow/dags/create_staging_table.py for tasks to queue
[2022-02-17 23:26:37,658] {logging_mixin.py:109} INFO - [2022-02-17 23:26:37,658] {dagbag.py:500} INFO - Filling up the DagBag from /opt/airflow/dags/create_staging_table.py
[2022-02-17 23:26:37,774] {processor.py:654} INFO - DAG(s) dict_keys(['load_staging_data_dag']) retrieved from /opt/airflow/dags/create_staging_table.py
[2022-02-17 23:26:37,795] {logging_mixin.py:109} INFO - [2022-02-17 23:26:37,795] {dag.py:2396} INFO - Sync 1 DAGs
[2022-02-17 23:26:37,841] {logging_mixin.py:109} INFO - [2022-02-17 23:26:37,841] {dag.py:2935} INFO - Setting next_dagrun for load_staging_data_dag to 2020-02-02T00:00:00+00:00
[2022-02-17 23:26:37,860] {processor.py:171} INFO - Processing /opt/airflow/dags/create_staging_table.py took 0.227 seconds
[2022-02-17 23:27:08,423] {processor.py:163} INFO - Started process (PID=13066) to work on /opt/airflow/dags/create_staging_table.py
[2022-02-17 23:27:08,434] {processor.py:642} INFO - Processing file /opt/airflow/dags/create_staging_table.py for tasks to queue
[2022-02-17 23:27:08,439] {logging_mixin.py:109} INFO - [2022-02-17 23:27:08,438] {dagbag.py:500} INFO - Filling up the DagBag from /opt/airflow/dags/create_staging_table.py
[2022-02-17 23:27:08,553] {processor.py:654} INFO - DAG(s) dict_keys(['load_staging_data_dag']) retrieved from /opt/airflow/dags/create_staging_table.py
[2022-02-17 23:27:08,607] {logging_mixin.py:109} INFO - [2022-02-17 23:27:08,607] {dag.py:2396} INFO - Sync 1 DAGs
[2022-02-17 23:27:08,655] {logging_mixin.py:109} INFO - [2022-02-17 23:27:08,655] {dag.py:2935} INFO - Setting next_dagrun for load_staging_data_dag to 2020-02-02T00:00:00+00:00
[2022-02-17 23:27:08,688] {processor.py:171} INFO - Processing /opt/airflow/dags/create_staging_table.py took 0.281 seconds
[2022-02-17 23:27:39,176] {processor.py:163} INFO - Started process (PID=13129) to work on /opt/airflow/dags/create_staging_table.py
[2022-02-17 23:27:39,187] {processor.py:642} INFO - Processing file /opt/airflow/dags/create_staging_table.py for tasks to queue
[2022-02-17 23:27:39,191] {logging_mixin.py:109} INFO - [2022-02-17 23:27:39,190] {dagbag.py:500} INFO - Filling up the DagBag from /opt/airflow/dags/create_staging_table.py
[2022-02-17 23:27:39,261] {processor.py:654} INFO - DAG(s) dict_keys(['load_staging_data_dag']) retrieved from /opt/airflow/dags/create_staging_table.py
[2022-02-17 23:27:39,276] {logging_mixin.py:109} INFO - [2022-02-17 23:27:39,276] {dag.py:2396} INFO - Sync 1 DAGs
[2022-02-17 23:27:39,306] {logging_mixin.py:109} INFO - [2022-02-17 23:27:39,306] {dag.py:2935} INFO - Setting next_dagrun for load_staging_data_dag to 2020-02-02T00:00:00+00:00
[2022-02-17 23:27:39,321] {processor.py:171} INFO - Processing /opt/airflow/dags/create_staging_table.py took 0.172 seconds
[2022-02-17 23:28:09,798] {processor.py:163} INFO - Started process (PID=13180) to work on /opt/airflow/dags/create_staging_table.py
[2022-02-17 23:28:09,801] {processor.py:642} INFO - Processing file /opt/airflow/dags/create_staging_table.py for tasks to queue
[2022-02-17 23:28:09,802] {logging_mixin.py:109} INFO - [2022-02-17 23:28:09,802] {dagbag.py:500} INFO - Filling up the DagBag from /opt/airflow/dags/create_staging_table.py
[2022-02-17 23:28:09,851] {processor.py:654} INFO - DAG(s) dict_keys(['load_staging_data_dag']) retrieved from /opt/airflow/dags/create_staging_table.py
[2022-02-17 23:28:09,870] {logging_mixin.py:109} INFO - [2022-02-17 23:28:09,870] {dag.py:2396} INFO - Sync 1 DAGs
[2022-02-17 23:28:09,904] {logging_mixin.py:109} INFO - [2022-02-17 23:28:09,904] {dag.py:2935} INFO - Setting next_dagrun for load_staging_data_dag to 2020-02-02T00:00:00+00:00
[2022-02-17 23:28:09,923] {processor.py:171} INFO - Processing /opt/airflow/dags/create_staging_table.py took 0.129 seconds
[2022-02-17 23:28:40,093] {processor.py:163} INFO - Started process (PID=13232) to work on /opt/airflow/dags/create_staging_table.py
[2022-02-17 23:28:40,095] {processor.py:642} INFO - Processing file /opt/airflow/dags/create_staging_table.py for tasks to queue
[2022-02-17 23:28:40,096] {logging_mixin.py:109} INFO - [2022-02-17 23:28:40,096] {dagbag.py:500} INFO - Filling up the DagBag from /opt/airflow/dags/create_staging_table.py
[2022-02-17 23:28:40,139] {processor.py:654} INFO - DAG(s) dict_keys(['load_staging_data_dag']) retrieved from /opt/airflow/dags/create_staging_table.py
[2022-02-17 23:28:40,154] {logging_mixin.py:109} INFO - [2022-02-17 23:28:40,154] {dag.py:2396} INFO - Sync 1 DAGs
[2022-02-17 23:28:40,172] {logging_mixin.py:109} INFO - [2022-02-17 23:28:40,172] {dag.py:2935} INFO - Setting next_dagrun for load_staging_data_dag to 2020-02-02T00:00:00+00:00
[2022-02-17 23:28:40,189] {processor.py:171} INFO - Processing /opt/airflow/dags/create_staging_table.py took 0.099 seconds
[2022-02-17 23:29:10,676] {processor.py:163} INFO - Started process (PID=13285) to work on /opt/airflow/dags/create_staging_table.py
[2022-02-17 23:29:10,678] {processor.py:642} INFO - Processing file /opt/airflow/dags/create_staging_table.py for tasks to queue
[2022-02-17 23:29:10,680] {logging_mixin.py:109} INFO - [2022-02-17 23:29:10,680] {dagbag.py:500} INFO - Filling up the DagBag from /opt/airflow/dags/create_staging_table.py
[2022-02-17 23:29:10,720] {processor.py:654} INFO - DAG(s) dict_keys(['load_staging_data_dag']) retrieved from /opt/airflow/dags/create_staging_table.py
[2022-02-17 23:29:10,731] {logging_mixin.py:109} INFO - [2022-02-17 23:29:10,731] {dag.py:2396} INFO - Sync 1 DAGs
[2022-02-17 23:29:10,749] {logging_mixin.py:109} INFO - [2022-02-17 23:29:10,748] {dag.py:2935} INFO - Setting next_dagrun for load_staging_data_dag to 2020-02-02T00:00:00+00:00
[2022-02-17 23:29:10,761] {processor.py:171} INFO - Processing /opt/airflow/dags/create_staging_table.py took 0.088 seconds
[2022-02-17 23:29:41,248] {processor.py:163} INFO - Started process (PID=13347) to work on /opt/airflow/dags/create_staging_table.py
[2022-02-17 23:29:41,260] {processor.py:642} INFO - Processing file /opt/airflow/dags/create_staging_table.py for tasks to queue
[2022-02-17 23:29:41,263] {logging_mixin.py:109} INFO - [2022-02-17 23:29:41,262] {dagbag.py:500} INFO - Filling up the DagBag from /opt/airflow/dags/create_staging_table.py
[2022-02-17 23:29:41,386] {processor.py:654} INFO - DAG(s) dict_keys(['load_staging_data_dag']) retrieved from /opt/airflow/dags/create_staging_table.py
[2022-02-17 23:29:41,419] {logging_mixin.py:109} INFO - [2022-02-17 23:29:41,419] {dag.py:2396} INFO - Sync 1 DAGs
[2022-02-17 23:29:41,441] {logging_mixin.py:109} INFO - [2022-02-17 23:29:41,441] {dag.py:2935} INFO - Setting next_dagrun for load_staging_data_dag to 2020-02-02T00:00:00+00:00
[2022-02-17 23:29:41,460] {processor.py:171} INFO - Processing /opt/airflow/dags/create_staging_table.py took 0.231 seconds
[2022-02-17 23:30:11,883] {processor.py:163} INFO - Started process (PID=13400) to work on /opt/airflow/dags/create_staging_table.py
[2022-02-17 23:30:11,888] {processor.py:642} INFO - Processing file /opt/airflow/dags/create_staging_table.py for tasks to queue
[2022-02-17 23:30:11,893] {logging_mixin.py:109} INFO - [2022-02-17 23:30:11,892] {dagbag.py:500} INFO - Filling up the DagBag from /opt/airflow/dags/create_staging_table.py
[2022-02-17 23:30:11,970] {processor.py:654} INFO - DAG(s) dict_keys(['load_staging_data_dag']) retrieved from /opt/airflow/dags/create_staging_table.py
[2022-02-17 23:30:12,000] {logging_mixin.py:109} INFO - [2022-02-17 23:30:12,000] {dag.py:2396} INFO - Sync 1 DAGs
[2022-02-17 23:30:12,046] {logging_mixin.py:109} INFO - [2022-02-17 23:30:12,046] {dag.py:2935} INFO - Setting next_dagrun for load_staging_data_dag to 2020-02-02T00:00:00+00:00
[2022-02-17 23:30:12,064] {processor.py:171} INFO - Processing /opt/airflow/dags/create_staging_table.py took 0.194 seconds
[2022-02-17 23:30:42,250] {processor.py:163} INFO - Started process (PID=13452) to work on /opt/airflow/dags/create_staging_table.py
[2022-02-17 23:30:42,258] {processor.py:642} INFO - Processing file /opt/airflow/dags/create_staging_table.py for tasks to queue
[2022-02-17 23:30:42,267] {logging_mixin.py:109} INFO - [2022-02-17 23:30:42,267] {dagbag.py:500} INFO - Filling up the DagBag from /opt/airflow/dags/create_staging_table.py
[2022-02-17 23:30:42,323] {processor.py:654} INFO - DAG(s) dict_keys(['load_staging_data_dag']) retrieved from /opt/airflow/dags/create_staging_table.py
[2022-02-17 23:30:42,339] {logging_mixin.py:109} INFO - [2022-02-17 23:30:42,339] {dag.py:2396} INFO - Sync 1 DAGs
[2022-02-17 23:30:42,386] {logging_mixin.py:109} INFO - [2022-02-17 23:30:42,386] {dag.py:2935} INFO - Setting next_dagrun for load_staging_data_dag to 2020-02-02T00:00:00+00:00
[2022-02-17 23:30:42,419] {processor.py:171} INFO - Processing /opt/airflow/dags/create_staging_table.py took 0.180 seconds
[2022-02-17 23:31:13,349] {processor.py:163} INFO - Started process (PID=13504) to work on /opt/airflow/dags/create_staging_table.py
[2022-02-17 23:31:13,359] {processor.py:642} INFO - Processing file /opt/airflow/dags/create_staging_table.py for tasks to queue
[2022-02-17 23:31:13,381] {logging_mixin.py:109} INFO - [2022-02-17 23:31:13,381] {dagbag.py:500} INFO - Filling up the DagBag from /opt/airflow/dags/create_staging_table.py
[2022-02-17 23:31:13,440] {processor.py:654} INFO - DAG(s) dict_keys(['load_staging_data_dag']) retrieved from /opt/airflow/dags/create_staging_table.py
[2022-02-17 23:31:13,456] {logging_mixin.py:109} INFO - [2022-02-17 23:31:13,456] {dag.py:2396} INFO - Sync 1 DAGs
[2022-02-17 23:31:13,475] {logging_mixin.py:109} INFO - [2022-02-17 23:31:13,475] {dag.py:2935} INFO - Setting next_dagrun for load_staging_data_dag to 2020-02-02T00:00:00+00:00
[2022-02-17 23:31:13,490] {processor.py:171} INFO - Processing /opt/airflow/dags/create_staging_table.py took 0.152 seconds
[2022-02-17 23:31:44,079] {processor.py:163} INFO - Started process (PID=13558) to work on /opt/airflow/dags/create_staging_table.py
[2022-02-17 23:31:44,082] {processor.py:642} INFO - Processing file /opt/airflow/dags/create_staging_table.py for tasks to queue
[2022-02-17 23:31:44,085] {logging_mixin.py:109} INFO - [2022-02-17 23:31:44,084] {dagbag.py:500} INFO - Filling up the DagBag from /opt/airflow/dags/create_staging_table.py
[2022-02-17 23:31:44,132] {processor.py:654} INFO - DAG(s) dict_keys(['load_staging_data_dag']) retrieved from /opt/airflow/dags/create_staging_table.py
[2022-02-17 23:31:44,143] {logging_mixin.py:109} INFO - [2022-02-17 23:31:44,143] {dag.py:2396} INFO - Sync 1 DAGs
[2022-02-17 23:31:44,167] {logging_mixin.py:109} INFO - [2022-02-17 23:31:44,167] {dag.py:2935} INFO - Setting next_dagrun for load_staging_data_dag to 2020-02-02T00:00:00+00:00
[2022-02-17 23:31:44,181] {processor.py:171} INFO - Processing /opt/airflow/dags/create_staging_table.py took 0.106 seconds
[2022-02-17 23:32:14,764] {processor.py:163} INFO - Started process (PID=13610) to work on /opt/airflow/dags/create_staging_table.py
[2022-02-17 23:32:14,770] {processor.py:642} INFO - Processing file /opt/airflow/dags/create_staging_table.py for tasks to queue
[2022-02-17 23:32:14,773] {logging_mixin.py:109} INFO - [2022-02-17 23:32:14,773] {dagbag.py:500} INFO - Filling up the DagBag from /opt/airflow/dags/create_staging_table.py
[2022-02-17 23:32:14,907] {processor.py:654} INFO - DAG(s) dict_keys(['load_staging_data_dag']) retrieved from /opt/airflow/dags/create_staging_table.py
[2022-02-17 23:32:14,931] {logging_mixin.py:109} INFO - [2022-02-17 23:32:14,931] {dag.py:2396} INFO - Sync 1 DAGs
[2022-02-17 23:32:14,972] {logging_mixin.py:109} INFO - [2022-02-17 23:32:14,972] {dag.py:2935} INFO - Setting next_dagrun for load_staging_data_dag to 2020-02-02T00:00:00+00:00
[2022-02-17 23:32:14,998] {processor.py:171} INFO - Processing /opt/airflow/dags/create_staging_table.py took 0.245 seconds
[2022-02-17 23:32:46,010] {processor.py:163} INFO - Started process (PID=13661) to work on /opt/airflow/dags/create_staging_table.py
[2022-02-17 23:32:46,041] {processor.py:642} INFO - Processing file /opt/airflow/dags/create_staging_table.py for tasks to queue
[2022-02-17 23:32:46,052] {logging_mixin.py:109} INFO - [2022-02-17 23:32:46,051] {dagbag.py:500} INFO - Filling up the DagBag from /opt/airflow/dags/create_staging_table.py
[2022-02-17 23:32:46,456] {processor.py:654} INFO - DAG(s) dict_keys(['load_staging_data_dag']) retrieved from /opt/airflow/dags/create_staging_table.py
[2022-02-17 23:32:46,496] {logging_mixin.py:109} INFO - [2022-02-17 23:32:46,496] {dag.py:2396} INFO - Sync 1 DAGs
[2022-02-17 23:32:46,588] {logging_mixin.py:109} INFO - [2022-02-17 23:32:46,586] {dag.py:2935} INFO - Setting next_dagrun for load_staging_data_dag to 2020-02-02T00:00:00+00:00
[2022-02-17 23:32:46,635] {processor.py:171} INFO - Processing /opt/airflow/dags/create_staging_table.py took 0.651 seconds
[2022-02-17 23:33:17,458] {processor.py:163} INFO - Started process (PID=13720) to work on /opt/airflow/dags/create_staging_table.py
[2022-02-17 23:33:17,469] {processor.py:642} INFO - Processing file /opt/airflow/dags/create_staging_table.py for tasks to queue
[2022-02-17 23:33:17,477] {logging_mixin.py:109} INFO - [2022-02-17 23:33:17,473] {dagbag.py:500} INFO - Filling up the DagBag from /opt/airflow/dags/create_staging_table.py
[2022-02-17 23:33:17,580] {processor.py:654} INFO - DAG(s) dict_keys(['load_staging_data_dag']) retrieved from /opt/airflow/dags/create_staging_table.py
[2022-02-17 23:33:17,597] {logging_mixin.py:109} INFO - [2022-02-17 23:33:17,597] {dag.py:2396} INFO - Sync 1 DAGs
[2022-02-17 23:33:17,629] {logging_mixin.py:109} INFO - [2022-02-17 23:33:17,628] {dag.py:2935} INFO - Setting next_dagrun for load_staging_data_dag to 2020-02-02T00:00:00+00:00
[2022-02-17 23:33:17,646] {processor.py:171} INFO - Processing /opt/airflow/dags/create_staging_table.py took 0.199 seconds
[2022-02-17 23:33:48,258] {processor.py:163} INFO - Started process (PID=13775) to work on /opt/airflow/dags/create_staging_table.py
[2022-02-17 23:33:48,263] {processor.py:642} INFO - Processing file /opt/airflow/dags/create_staging_table.py for tasks to queue
[2022-02-17 23:33:48,266] {logging_mixin.py:109} INFO - [2022-02-17 23:33:48,266] {dagbag.py:500} INFO - Filling up the DagBag from /opt/airflow/dags/create_staging_table.py
[2022-02-17 23:33:48,376] {processor.py:654} INFO - DAG(s) dict_keys(['load_staging_data_dag']) retrieved from /opt/airflow/dags/create_staging_table.py
[2022-02-17 23:33:48,397] {logging_mixin.py:109} INFO - [2022-02-17 23:33:48,397] {dag.py:2396} INFO - Sync 1 DAGs
[2022-02-17 23:33:48,420] {logging_mixin.py:109} INFO - [2022-02-17 23:33:48,419] {dag.py:2935} INFO - Setting next_dagrun for load_staging_data_dag to 2020-02-02T00:00:00+00:00
[2022-02-17 23:33:48,430] {processor.py:171} INFO - Processing /opt/airflow/dags/create_staging_table.py took 0.182 seconds
[2022-02-17 23:33:52,183] {processor.py:163} INFO - Started process (PID=13782) to work on /opt/airflow/dags/create_staging_table.py
[2022-02-17 23:33:52,191] {processor.py:642} INFO - Processing file /opt/airflow/dags/create_staging_table.py for tasks to queue
[2022-02-17 23:33:52,196] {logging_mixin.py:109} INFO - [2022-02-17 23:33:52,194] {dagbag.py:500} INFO - Filling up the DagBag from /opt/airflow/dags/create_staging_table.py
[2022-02-17 23:33:52,252] {logging_mixin.py:109} INFO - [2022-02-17 23:33:52,239] {dagbag.py:334} ERROR - Failed to import: /opt/airflow/dags/create_staging_table.py
Traceback (most recent call last):
  File "/home/airflow/.local/lib/python3.7/site-packages/airflow/models/dagbag.py", line 331, in _load_modules_from_file
    loader.exec_module(new_module)
  File "<frozen importlib._bootstrap_external>", line 728, in exec_module
  File "<frozen importlib._bootstrap>", line 219, in _call_with_frames_removed
  File "/opt/airflow/dags/create_staging_table.py", line 20, in <module>
    """,
  File "/home/airflow/.local/lib/python3.7/site-packages/airflow/models/baseoperator.py", line 188, in apply_defaults
    result = func(self, *args, **kwargs)
  File "/home/airflow/.local/lib/python3.7/site-packages/airflow/providers/postgres/operators/postgres.py", line 59, in __init__
    super().__init__(**kwargs)
  File "/home/airflow/.local/lib/python3.7/site-packages/airflow/models/baseoperator.py", line 188, in apply_defaults
    result = func(self, *args, **kwargs)
  File "/home/airflow/.local/lib/python3.7/site-packages/airflow/models/baseoperator.py", line 683, in __init__
    self.dag = dag or DagContext.get_current_dag()
  File "/home/airflow/.local/lib/python3.7/site-packages/airflow/models/baseoperator.py", line 789, in __setattr__
    super().__setattr__(key, value)
  File "/home/airflow/.local/lib/python3.7/site-packages/airflow/models/baseoperator.py", line 840, in dag
    dag.add_task(self)
  File "/home/airflow/.local/lib/python3.7/site-packages/airflow/models/dag.py", line 2139, in add_task
    raise AirflowException("Task is missing the start_date parameter")
airflow.exceptions.AirflowException: Task is missing the start_date parameter
[2022-02-17 23:33:52,304] {processor.py:690} INFO - Deactivated 1 DAGs which are no longer present in /opt/airflow/dags/create_staging_table.py
[2022-02-17 23:33:52,308] {processor.py:656} WARNING - No viable dags retrieved from /opt/airflow/dags/create_staging_table.py
[2022-02-17 23:33:52,335] {processor.py:171} INFO - Processing /opt/airflow/dags/create_staging_table.py took 0.166 seconds
[2022-02-17 23:34:22,750] {processor.py:163} INFO - Started process (PID=13833) to work on /opt/airflow/dags/create_staging_table.py
[2022-02-17 23:34:22,756] {processor.py:642} INFO - Processing file /opt/airflow/dags/create_staging_table.py for tasks to queue
[2022-02-17 23:34:22,758] {logging_mixin.py:109} INFO - [2022-02-17 23:34:22,758] {dagbag.py:500} INFO - Filling up the DagBag from /opt/airflow/dags/create_staging_table.py
[2022-02-17 23:34:22,929] {logging_mixin.py:109} INFO - [2022-02-17 23:34:22,796] {dagbag.py:334} ERROR - Failed to import: /opt/airflow/dags/create_staging_table.py
Traceback (most recent call last):
  File "/home/airflow/.local/lib/python3.7/site-packages/airflow/models/dagbag.py", line 331, in _load_modules_from_file
    loader.exec_module(new_module)
  File "<frozen importlib._bootstrap_external>", line 728, in exec_module
  File "<frozen importlib._bootstrap>", line 219, in _call_with_frames_removed
  File "/opt/airflow/dags/create_staging_table.py", line 20, in <module>
    """,
  File "/home/airflow/.local/lib/python3.7/site-packages/airflow/models/baseoperator.py", line 188, in apply_defaults
    result = func(self, *args, **kwargs)
  File "/home/airflow/.local/lib/python3.7/site-packages/airflow/providers/postgres/operators/postgres.py", line 59, in __init__
    super().__init__(**kwargs)
  File "/home/airflow/.local/lib/python3.7/site-packages/airflow/models/baseoperator.py", line 188, in apply_defaults
    result = func(self, *args, **kwargs)
  File "/home/airflow/.local/lib/python3.7/site-packages/airflow/models/baseoperator.py", line 683, in __init__
    self.dag = dag or DagContext.get_current_dag()
  File "/home/airflow/.local/lib/python3.7/site-packages/airflow/models/baseoperator.py", line 789, in __setattr__
    super().__setattr__(key, value)
  File "/home/airflow/.local/lib/python3.7/site-packages/airflow/models/baseoperator.py", line 840, in dag
    dag.add_task(self)
  File "/home/airflow/.local/lib/python3.7/site-packages/airflow/models/dag.py", line 2139, in add_task
    raise AirflowException("Task is missing the start_date parameter")
airflow.exceptions.AirflowException: Task is missing the start_date parameter
[2022-02-17 23:34:23,016] {processor.py:656} WARNING - No viable dags retrieved from /opt/airflow/dags/create_staging_table.py
[2022-02-17 23:34:23,142] {processor.py:171} INFO - Processing /opt/airflow/dags/create_staging_table.py took 0.398 seconds
[2022-02-17 23:34:32,768] {processor.py:163} INFO - Started process (PID=13857) to work on /opt/airflow/dags/create_staging_table.py
[2022-02-17 23:34:32,772] {processor.py:642} INFO - Processing file /opt/airflow/dags/create_staging_table.py for tasks to queue
[2022-02-17 23:34:32,775] {logging_mixin.py:109} INFO - [2022-02-17 23:34:32,774] {dagbag.py:500} INFO - Filling up the DagBag from /opt/airflow/dags/create_staging_table.py
[2022-02-17 23:34:32,874] {processor.py:654} INFO - DAG(s) dict_keys(['load_staging_data_dag']) retrieved from /opt/airflow/dags/create_staging_table.py
[2022-02-17 23:34:33,680] {logging_mixin.py:109} INFO - [2022-02-17 23:34:33,680] {dag.py:2396} INFO - Sync 1 DAGs
[2022-02-17 23:34:33,728] {logging_mixin.py:109} INFO - [2022-02-17 23:34:33,728] {dag.py:2935} INFO - Setting next_dagrun for load_staging_data_dag to 2020-02-02T00:00:00+00:00
[2022-02-17 23:34:33,761] {processor.py:171} INFO - Processing /opt/airflow/dags/create_staging_table.py took 1.002 seconds
[2022-02-17 23:34:37,019] {processor.py:163} INFO - Started process (PID=13862) to work on /opt/airflow/dags/create_staging_table.py
[2022-02-17 23:34:37,027] {processor.py:642} INFO - Processing file /opt/airflow/dags/create_staging_table.py for tasks to queue
[2022-02-17 23:34:37,030] {logging_mixin.py:109} INFO - [2022-02-17 23:34:37,030] {dagbag.py:500} INFO - Filling up the DagBag from /opt/airflow/dags/create_staging_table.py
[2022-02-17 23:34:37,122] {processor.py:654} INFO - DAG(s) dict_keys(['load_staging_data_dag']) retrieved from /opt/airflow/dags/create_staging_table.py
[2022-02-17 23:34:37,128] {logging_mixin.py:109} INFO - [2022-02-17 23:34:37,128] {dag.py:2396} INFO - Sync 1 DAGs
[2022-02-17 23:34:37,147] {logging_mixin.py:109} INFO - [2022-02-17 23:34:37,147] {dag.py:2935} INFO - Setting next_dagrun for load_staging_data_dag to 2020-02-02T00:00:00+00:00
[2022-02-17 23:34:37,166] {processor.py:171} INFO - Processing /opt/airflow/dags/create_staging_table.py took 0.151 seconds
[2022-02-17 23:35:07,274] {processor.py:163} INFO - Started process (PID=13914) to work on /opt/airflow/dags/create_staging_table.py
[2022-02-17 23:35:07,285] {processor.py:642} INFO - Processing file /opt/airflow/dags/create_staging_table.py for tasks to queue
[2022-02-17 23:35:07,288] {logging_mixin.py:109} INFO - [2022-02-17 23:35:07,287] {dagbag.py:500} INFO - Filling up the DagBag from /opt/airflow/dags/create_staging_table.py
[2022-02-17 23:35:07,337] {processor.py:654} INFO - DAG(s) dict_keys(['load_staging_data_dag']) retrieved from /opt/airflow/dags/create_staging_table.py
[2022-02-17 23:35:07,362] {logging_mixin.py:109} INFO - [2022-02-17 23:35:07,361] {dag.py:2396} INFO - Sync 1 DAGs
[2022-02-17 23:35:07,414] {logging_mixin.py:109} INFO - [2022-02-17 23:35:07,414] {dag.py:2935} INFO - Setting next_dagrun for load_staging_data_dag to 2020-02-02T00:00:00+00:00
[2022-02-17 23:35:07,436] {processor.py:171} INFO - Processing /opt/airflow/dags/create_staging_table.py took 0.168 seconds
[2022-02-17 23:35:37,690] {processor.py:163} INFO - Started process (PID=13977) to work on /opt/airflow/dags/create_staging_table.py
[2022-02-17 23:35:37,701] {processor.py:642} INFO - Processing file /opt/airflow/dags/create_staging_table.py for tasks to queue
[2022-02-17 23:35:37,704] {logging_mixin.py:109} INFO - [2022-02-17 23:35:37,703] {dagbag.py:500} INFO - Filling up the DagBag from /opt/airflow/dags/create_staging_table.py
[2022-02-17 23:35:37,804] {processor.py:654} INFO - DAG(s) dict_keys(['load_staging_data_dag']) retrieved from /opt/airflow/dags/create_staging_table.py
[2022-02-17 23:35:37,828] {logging_mixin.py:109} INFO - [2022-02-17 23:35:37,828] {dag.py:2396} INFO - Sync 1 DAGs
[2022-02-17 23:35:37,877] {logging_mixin.py:109} INFO - [2022-02-17 23:35:37,876] {dag.py:2935} INFO - Setting next_dagrun for load_staging_data_dag to 2020-02-02T00:00:00+00:00
[2022-02-17 23:35:37,901] {processor.py:171} INFO - Processing /opt/airflow/dags/create_staging_table.py took 0.215 seconds
[2022-02-17 23:36:07,986] {processor.py:163} INFO - Started process (PID=14017) to work on /opt/airflow/dags/create_staging_table.py
[2022-02-17 23:36:07,989] {processor.py:642} INFO - Processing file /opt/airflow/dags/create_staging_table.py for tasks to queue
[2022-02-17 23:36:07,992] {logging_mixin.py:109} INFO - [2022-02-17 23:36:07,991] {dagbag.py:500} INFO - Filling up the DagBag from /opt/airflow/dags/create_staging_table.py
[2022-02-17 23:36:08,063] {processor.py:654} INFO - DAG(s) dict_keys(['load_staging_data_dag']) retrieved from /opt/airflow/dags/create_staging_table.py
[2022-02-17 23:36:08,089] {logging_mixin.py:109} INFO - [2022-02-17 23:36:08,081] {dag.py:2396} INFO - Sync 1 DAGs
[2022-02-17 23:36:08,121] {logging_mixin.py:109} INFO - [2022-02-17 23:36:08,121] {dag.py:2935} INFO - Setting next_dagrun for load_staging_data_dag to None
[2022-02-17 23:36:08,137] {processor.py:171} INFO - Processing /opt/airflow/dags/create_staging_table.py took 0.170 seconds
[2022-02-17 23:36:38,456] {processor.py:163} INFO - Started process (PID=14079) to work on /opt/airflow/dags/create_staging_table.py
[2022-02-17 23:36:38,481] {processor.py:642} INFO - Processing file /opt/airflow/dags/create_staging_table.py for tasks to queue
[2022-02-17 23:36:38,483] {logging_mixin.py:109} INFO - [2022-02-17 23:36:38,483] {dagbag.py:500} INFO - Filling up the DagBag from /opt/airflow/dags/create_staging_table.py
[2022-02-17 23:36:38,553] {processor.py:654} INFO - DAG(s) dict_keys(['load_staging_data_dag']) retrieved from /opt/airflow/dags/create_staging_table.py
[2022-02-17 23:36:38,573] {logging_mixin.py:109} INFO - [2022-02-17 23:36:38,573] {dag.py:2396} INFO - Sync 1 DAGs
[2022-02-17 23:36:38,596] {logging_mixin.py:109} INFO - [2022-02-17 23:36:38,595] {dag.py:2935} INFO - Setting next_dagrun for load_staging_data_dag to None
[2022-02-17 23:36:38,621] {processor.py:171} INFO - Processing /opt/airflow/dags/create_staging_table.py took 0.176 seconds
[2022-02-17 23:37:08,846] {processor.py:163} INFO - Started process (PID=14132) to work on /opt/airflow/dags/create_staging_table.py
[2022-02-17 23:37:08,851] {processor.py:642} INFO - Processing file /opt/airflow/dags/create_staging_table.py for tasks to queue
[2022-02-17 23:37:08,854] {logging_mixin.py:109} INFO - [2022-02-17 23:37:08,853] {dagbag.py:500} INFO - Filling up the DagBag from /opt/airflow/dags/create_staging_table.py
[2022-02-17 23:37:08,892] {processor.py:654} INFO - DAG(s) dict_keys(['load_staging_data_dag']) retrieved from /opt/airflow/dags/create_staging_table.py
[2022-02-17 23:37:08,908] {logging_mixin.py:109} INFO - [2022-02-17 23:37:08,908] {dag.py:2396} INFO - Sync 1 DAGs
[2022-02-17 23:37:08,928] {logging_mixin.py:109} INFO - [2022-02-17 23:37:08,928] {dag.py:2935} INFO - Setting next_dagrun for load_staging_data_dag to None
[2022-02-17 23:37:08,943] {processor.py:171} INFO - Processing /opt/airflow/dags/create_staging_table.py took 0.103 seconds
[2022-02-17 23:37:37,070] {processor.py:163} INFO - Started process (PID=14185) to work on /opt/airflow/dags/create_staging_table.py
[2022-02-17 23:37:37,073] {processor.py:642} INFO - Processing file /opt/airflow/dags/create_staging_table.py for tasks to queue
[2022-02-17 23:37:37,075] {logging_mixin.py:109} INFO - [2022-02-17 23:37:37,075] {dagbag.py:500} INFO - Filling up the DagBag from /opt/airflow/dags/create_staging_table.py
[2022-02-17 23:37:37,139] {processor.py:654} INFO - DAG(s) dict_keys(['load_staging_data_dag']) retrieved from /opt/airflow/dags/create_staging_table.py
[2022-02-17 23:37:37,158] {logging_mixin.py:109} INFO - [2022-02-17 23:37:37,158] {dag.py:2396} INFO - Sync 1 DAGs
[2022-02-17 23:37:37,191] {logging_mixin.py:109} INFO - [2022-02-17 23:37:37,191] {dag.py:2935} INFO - Setting next_dagrun for load_staging_data_dag to None
[2022-02-17 23:37:37,205] {processor.py:171} INFO - Processing /opt/airflow/dags/create_staging_table.py took 0.144 seconds
[2022-02-17 23:38:07,422] {processor.py:163} INFO - Started process (PID=14238) to work on /opt/airflow/dags/create_staging_table.py
[2022-02-17 23:38:07,437] {processor.py:642} INFO - Processing file /opt/airflow/dags/create_staging_table.py for tasks to queue
[2022-02-17 23:38:07,440] {logging_mixin.py:109} INFO - [2022-02-17 23:38:07,439] {dagbag.py:500} INFO - Filling up the DagBag from /opt/airflow/dags/create_staging_table.py
[2022-02-17 23:38:07,556] {processor.py:654} INFO - DAG(s) dict_keys(['load_staging_data_dag']) retrieved from /opt/airflow/dags/create_staging_table.py
[2022-02-17 23:38:07,582] {logging_mixin.py:109} INFO - [2022-02-17 23:38:07,582] {dag.py:2396} INFO - Sync 1 DAGs
[2022-02-17 23:38:07,611] {logging_mixin.py:109} INFO - [2022-02-17 23:38:07,611] {dag.py:2935} INFO - Setting next_dagrun for load_staging_data_dag to None
[2022-02-17 23:38:07,632] {processor.py:171} INFO - Processing /opt/airflow/dags/create_staging_table.py took 0.241 seconds
[2022-02-17 23:38:37,697] {processor.py:163} INFO - Started process (PID=14290) to work on /opt/airflow/dags/create_staging_table.py
[2022-02-17 23:38:37,700] {processor.py:642} INFO - Processing file /opt/airflow/dags/create_staging_table.py for tasks to queue
[2022-02-17 23:38:37,703] {logging_mixin.py:109} INFO - [2022-02-17 23:38:37,702] {dagbag.py:500} INFO - Filling up the DagBag from /opt/airflow/dags/create_staging_table.py
[2022-02-17 23:38:37,757] {processor.py:654} INFO - DAG(s) dict_keys(['load_staging_data_dag']) retrieved from /opt/airflow/dags/create_staging_table.py
[2022-02-17 23:38:37,769] {logging_mixin.py:109} INFO - [2022-02-17 23:38:37,768] {dag.py:2396} INFO - Sync 1 DAGs
[2022-02-17 23:38:37,810] {logging_mixin.py:109} INFO - [2022-02-17 23:38:37,809] {dag.py:2935} INFO - Setting next_dagrun for load_staging_data_dag to None
[2022-02-17 23:38:37,841] {processor.py:171} INFO - Processing /opt/airflow/dags/create_staging_table.py took 0.147 seconds
[2022-02-17 23:39:08,695] {processor.py:163} INFO - Started process (PID=14342) to work on /opt/airflow/dags/create_staging_table.py
[2022-02-17 23:39:08,711] {processor.py:642} INFO - Processing file /opt/airflow/dags/create_staging_table.py for tasks to queue
[2022-02-17 23:39:08,727] {logging_mixin.py:109} INFO - [2022-02-17 23:39:08,727] {dagbag.py:500} INFO - Filling up the DagBag from /opt/airflow/dags/create_staging_table.py
[2022-02-17 23:39:08,983] {processor.py:654} INFO - DAG(s) dict_keys(['load_staging_data_dag']) retrieved from /opt/airflow/dags/create_staging_table.py
[2022-02-17 23:39:09,007] {logging_mixin.py:109} INFO - [2022-02-17 23:39:09,007] {dag.py:2396} INFO - Sync 1 DAGs
[2022-02-17 23:39:09,078] {logging_mixin.py:109} INFO - [2022-02-17 23:39:09,078] {dag.py:2935} INFO - Setting next_dagrun for load_staging_data_dag to None
[2022-02-17 23:39:09,117] {processor.py:171} INFO - Processing /opt/airflow/dags/create_staging_table.py took 0.426 seconds
[2022-02-17 23:39:40,114] {processor.py:163} INFO - Started process (PID=14394) to work on /opt/airflow/dags/create_staging_table.py
[2022-02-17 23:39:40,121] {processor.py:642} INFO - Processing file /opt/airflow/dags/create_staging_table.py for tasks to queue
[2022-02-17 23:39:40,123] {logging_mixin.py:109} INFO - [2022-02-17 23:39:40,123] {dagbag.py:500} INFO - Filling up the DagBag from /opt/airflow/dags/create_staging_table.py
[2022-02-17 23:39:40,187] {processor.py:654} INFO - DAG(s) dict_keys(['load_staging_data_dag']) retrieved from /opt/airflow/dags/create_staging_table.py
[2022-02-17 23:39:40,228] {logging_mixin.py:109} INFO - [2022-02-17 23:39:40,228] {dag.py:2396} INFO - Sync 1 DAGs
[2022-02-17 23:39:40,355] {logging_mixin.py:109} INFO - [2022-02-17 23:39:40,355] {dag.py:2935} INFO - Setting next_dagrun for load_staging_data_dag to None
[2022-02-17 23:39:40,374] {processor.py:171} INFO - Processing /opt/airflow/dags/create_staging_table.py took 0.264 seconds
[2022-02-17 23:40:11,067] {processor.py:163} INFO - Started process (PID=14447) to work on /opt/airflow/dags/create_staging_table.py
[2022-02-17 23:40:11,082] {processor.py:642} INFO - Processing file /opt/airflow/dags/create_staging_table.py for tasks to queue
[2022-02-17 23:40:11,084] {logging_mixin.py:109} INFO - [2022-02-17 23:40:11,084] {dagbag.py:500} INFO - Filling up the DagBag from /opt/airflow/dags/create_staging_table.py
[2022-02-17 23:40:11,210] {processor.py:654} INFO - DAG(s) dict_keys(['load_staging_data_dag']) retrieved from /opt/airflow/dags/create_staging_table.py
[2022-02-17 23:40:11,245] {logging_mixin.py:109} INFO - [2022-02-17 23:40:11,245] {dag.py:2396} INFO - Sync 1 DAGs
[2022-02-17 23:40:11,291] {logging_mixin.py:109} INFO - [2022-02-17 23:40:11,291] {dag.py:2935} INFO - Setting next_dagrun for load_staging_data_dag to None
[2022-02-17 23:40:11,328] {processor.py:171} INFO - Processing /opt/airflow/dags/create_staging_table.py took 0.267 seconds
[2022-02-17 23:40:42,141] {processor.py:163} INFO - Started process (PID=14512) to work on /opt/airflow/dags/create_staging_table.py
[2022-02-17 23:40:42,167] {processor.py:642} INFO - Processing file /opt/airflow/dags/create_staging_table.py for tasks to queue
[2022-02-17 23:40:42,169] {logging_mixin.py:109} INFO - [2022-02-17 23:40:42,169] {dagbag.py:500} INFO - Filling up the DagBag from /opt/airflow/dags/create_staging_table.py
[2022-02-17 23:40:42,251] {processor.py:654} INFO - DAG(s) dict_keys(['load_staging_data_dag']) retrieved from /opt/airflow/dags/create_staging_table.py
[2022-02-17 23:40:42,311] {logging_mixin.py:109} INFO - [2022-02-17 23:40:42,311] {dag.py:2396} INFO - Sync 1 DAGs
[2022-02-17 23:40:42,364] {logging_mixin.py:109} INFO - [2022-02-17 23:40:42,364] {dag.py:2935} INFO - Setting next_dagrun for load_staging_data_dag to None
[2022-02-17 23:40:42,415] {processor.py:171} INFO - Processing /opt/airflow/dags/create_staging_table.py took 0.280 seconds
[2022-02-17 23:41:13,101] {processor.py:163} INFO - Started process (PID=14565) to work on /opt/airflow/dags/create_staging_table.py
[2022-02-17 23:41:13,129] {processor.py:642} INFO - Processing file /opt/airflow/dags/create_staging_table.py for tasks to queue
[2022-02-17 23:41:13,133] {logging_mixin.py:109} INFO - [2022-02-17 23:41:13,133] {dagbag.py:500} INFO - Filling up the DagBag from /opt/airflow/dags/create_staging_table.py
[2022-02-17 23:41:13,323] {processor.py:654} INFO - DAG(s) dict_keys(['load_staging_data_dag']) retrieved from /opt/airflow/dags/create_staging_table.py
[2022-02-17 23:41:13,385] {logging_mixin.py:109} INFO - [2022-02-17 23:41:13,385] {dag.py:2396} INFO - Sync 1 DAGs
[2022-02-17 23:41:13,428] {logging_mixin.py:109} INFO - [2022-02-17 23:41:13,427] {dag.py:2935} INFO - Setting next_dagrun for load_staging_data_dag to None
[2022-02-17 23:41:13,447] {processor.py:171} INFO - Processing /opt/airflow/dags/create_staging_table.py took 0.366 seconds
[2022-02-17 23:41:30,248] {processor.py:163} INFO - Started process (PID=14593) to work on /opt/airflow/dags/create_staging_table.py
[2022-02-17 23:41:30,250] {processor.py:642} INFO - Processing file /opt/airflow/dags/create_staging_table.py for tasks to queue
[2022-02-17 23:41:30,252] {logging_mixin.py:109} INFO - [2022-02-17 23:41:30,252] {dagbag.py:500} INFO - Filling up the DagBag from /opt/airflow/dags/create_staging_table.py
[2022-02-17 23:41:30,306] {processor.py:654} INFO - DAG(s) dict_keys(['load_staging_data_dag']) retrieved from /opt/airflow/dags/create_staging_table.py
[2022-02-17 23:41:30,549] {logging_mixin.py:109} INFO - [2022-02-17 23:41:30,549] {dag.py:2396} INFO - Sync 1 DAGs
[2022-02-17 23:41:30,583] {logging_mixin.py:109} INFO - [2022-02-17 23:41:30,583] {dag.py:2935} INFO - Setting next_dagrun for load_staging_data_dag to None
[2022-02-17 23:41:30,609] {processor.py:171} INFO - Processing /opt/airflow/dags/create_staging_table.py took 0.365 seconds
[2022-02-17 23:42:01,176] {processor.py:163} INFO - Started process (PID=14646) to work on /opt/airflow/dags/create_staging_table.py
[2022-02-17 23:42:01,187] {processor.py:642} INFO - Processing file /opt/airflow/dags/create_staging_table.py for tasks to queue
[2022-02-17 23:42:01,192] {logging_mixin.py:109} INFO - [2022-02-17 23:42:01,192] {dagbag.py:500} INFO - Filling up the DagBag from /opt/airflow/dags/create_staging_table.py
[2022-02-17 23:42:01,454] {processor.py:654} INFO - DAG(s) dict_keys(['load_staging_data_dag']) retrieved from /opt/airflow/dags/create_staging_table.py
[2022-02-17 23:42:01,477] {logging_mixin.py:109} INFO - [2022-02-17 23:42:01,477] {dag.py:2396} INFO - Sync 1 DAGs
[2022-02-17 23:42:01,533] {logging_mixin.py:109} INFO - [2022-02-17 23:42:01,532] {dag.py:2935} INFO - Setting next_dagrun for load_staging_data_dag to None
[2022-02-17 23:42:01,557] {processor.py:171} INFO - Processing /opt/airflow/dags/create_staging_table.py took 0.401 seconds
[2022-02-17 23:42:31,866] {processor.py:163} INFO - Started process (PID=14697) to work on /opt/airflow/dags/create_staging_table.py
[2022-02-17 23:42:31,873] {processor.py:642} INFO - Processing file /opt/airflow/dags/create_staging_table.py for tasks to queue
[2022-02-17 23:42:31,877] {logging_mixin.py:109} INFO - [2022-02-17 23:42:31,876] {dagbag.py:500} INFO - Filling up the DagBag from /opt/airflow/dags/create_staging_table.py
[2022-02-17 23:42:31,949] {processor.py:654} INFO - DAG(s) dict_keys(['load_staging_data_dag']) retrieved from /opt/airflow/dags/create_staging_table.py
[2022-02-17 23:42:31,970] {logging_mixin.py:109} INFO - [2022-02-17 23:42:31,970] {dag.py:2396} INFO - Sync 1 DAGs
[2022-02-17 23:42:31,997] {logging_mixin.py:109} INFO - [2022-02-17 23:42:31,997] {dag.py:2935} INFO - Setting next_dagrun for load_staging_data_dag to None
[2022-02-17 23:42:32,016] {processor.py:171} INFO - Processing /opt/airflow/dags/create_staging_table.py took 0.169 seconds
[2022-02-17 23:43:02,241] {processor.py:163} INFO - Started process (PID=14752) to work on /opt/airflow/dags/create_staging_table.py
[2022-02-17 23:43:02,249] {processor.py:642} INFO - Processing file /opt/airflow/dags/create_staging_table.py for tasks to queue
[2022-02-17 23:43:02,256] {logging_mixin.py:109} INFO - [2022-02-17 23:43:02,254] {dagbag.py:500} INFO - Filling up the DagBag from /opt/airflow/dags/create_staging_table.py
[2022-02-17 23:43:02,493] {processor.py:654} INFO - DAG(s) dict_keys(['load_staging_data_dag']) retrieved from /opt/airflow/dags/create_staging_table.py
[2022-02-17 23:43:02,533] {logging_mixin.py:109} INFO - [2022-02-17 23:43:02,533] {dag.py:2396} INFO - Sync 1 DAGs
[2022-02-17 23:43:02,588] {logging_mixin.py:109} INFO - [2022-02-17 23:43:02,587] {dag.py:2935} INFO - Setting next_dagrun for load_staging_data_dag to None
[2022-02-17 23:43:02,621] {processor.py:171} INFO - Processing /opt/airflow/dags/create_staging_table.py took 0.393 seconds
[2022-02-17 23:43:32,848] {processor.py:163} INFO - Started process (PID=14804) to work on /opt/airflow/dags/create_staging_table.py
[2022-02-17 23:43:32,851] {processor.py:642} INFO - Processing file /opt/airflow/dags/create_staging_table.py for tasks to queue
[2022-02-17 23:43:32,853] {logging_mixin.py:109} INFO - [2022-02-17 23:43:32,853] {dagbag.py:500} INFO - Filling up the DagBag from /opt/airflow/dags/create_staging_table.py
[2022-02-17 23:43:32,912] {processor.py:654} INFO - DAG(s) dict_keys(['load_staging_data_dag']) retrieved from /opt/airflow/dags/create_staging_table.py
[2022-02-17 23:43:32,927] {logging_mixin.py:109} INFO - [2022-02-17 23:43:32,926] {dag.py:2396} INFO - Sync 1 DAGs
[2022-02-17 23:43:32,963] {logging_mixin.py:109} INFO - [2022-02-17 23:43:32,963] {dag.py:2935} INFO - Setting next_dagrun for load_staging_data_dag to None
[2022-02-17 23:43:32,974] {processor.py:171} INFO - Processing /opt/airflow/dags/create_staging_table.py took 0.131 seconds
[2022-02-17 23:44:03,756] {processor.py:163} INFO - Started process (PID=14859) to work on /opt/airflow/dags/create_staging_table.py
[2022-02-17 23:44:03,758] {processor.py:642} INFO - Processing file /opt/airflow/dags/create_staging_table.py for tasks to queue
[2022-02-17 23:44:03,761] {logging_mixin.py:109} INFO - [2022-02-17 23:44:03,761] {dagbag.py:500} INFO - Filling up the DagBag from /opt/airflow/dags/create_staging_table.py
[2022-02-17 23:44:03,798] {processor.py:654} INFO - DAG(s) dict_keys(['load_staging_data_dag']) retrieved from /opt/airflow/dags/create_staging_table.py
[2022-02-17 23:44:03,817] {logging_mixin.py:109} INFO - [2022-02-17 23:44:03,816] {dag.py:2396} INFO - Sync 1 DAGs
[2022-02-17 23:44:03,836] {logging_mixin.py:109} INFO - [2022-02-17 23:44:03,835] {dag.py:2935} INFO - Setting next_dagrun for load_staging_data_dag to None
[2022-02-17 23:44:03,852] {processor.py:171} INFO - Processing /opt/airflow/dags/create_staging_table.py took 0.110 seconds
[2022-02-17 23:44:33,990] {processor.py:163} INFO - Started process (PID=14911) to work on /opt/airflow/dags/create_staging_table.py
[2022-02-17 23:44:33,995] {processor.py:642} INFO - Processing file /opt/airflow/dags/create_staging_table.py for tasks to queue
[2022-02-17 23:44:33,997] {logging_mixin.py:109} INFO - [2022-02-17 23:44:33,997] {dagbag.py:500} INFO - Filling up the DagBag from /opt/airflow/dags/create_staging_table.py
[2022-02-17 23:44:34,049] {processor.py:654} INFO - DAG(s) dict_keys(['load_staging_data_dag']) retrieved from /opt/airflow/dags/create_staging_table.py
[2022-02-17 23:44:34,077] {logging_mixin.py:109} INFO - [2022-02-17 23:44:34,077] {dag.py:2396} INFO - Sync 1 DAGs
[2022-02-17 23:44:34,112] {logging_mixin.py:109} INFO - [2022-02-17 23:44:34,112] {dag.py:2935} INFO - Setting next_dagrun for load_staging_data_dag to None
[2022-02-17 23:44:34,129] {processor.py:171} INFO - Processing /opt/airflow/dags/create_staging_table.py took 0.143 seconds
[2022-02-17 23:45:04,281] {processor.py:163} INFO - Started process (PID=14963) to work on /opt/airflow/dags/create_staging_table.py
[2022-02-17 23:45:04,284] {processor.py:642} INFO - Processing file /opt/airflow/dags/create_staging_table.py for tasks to queue
[2022-02-17 23:45:04,285] {logging_mixin.py:109} INFO - [2022-02-17 23:45:04,285] {dagbag.py:500} INFO - Filling up the DagBag from /opt/airflow/dags/create_staging_table.py
[2022-02-17 23:45:04,349] {processor.py:654} INFO - DAG(s) dict_keys(['load_staging_data_dag']) retrieved from /opt/airflow/dags/create_staging_table.py
[2022-02-17 23:45:04,365] {logging_mixin.py:109} INFO - [2022-02-17 23:45:04,365] {dag.py:2396} INFO - Sync 1 DAGs
[2022-02-17 23:45:04,383] {logging_mixin.py:109} INFO - [2022-02-17 23:45:04,383] {dag.py:2935} INFO - Setting next_dagrun for load_staging_data_dag to None
[2022-02-17 23:45:04,394] {processor.py:171} INFO - Processing /opt/airflow/dags/create_staging_table.py took 0.118 seconds
[2022-02-17 23:45:34,601] {processor.py:163} INFO - Started process (PID=15013) to work on /opt/airflow/dags/create_staging_table.py
[2022-02-17 23:45:34,606] {processor.py:642} INFO - Processing file /opt/airflow/dags/create_staging_table.py for tasks to queue
[2022-02-17 23:45:34,608] {logging_mixin.py:109} INFO - [2022-02-17 23:45:34,608] {dagbag.py:500} INFO - Filling up the DagBag from /opt/airflow/dags/create_staging_table.py
[2022-02-17 23:45:34,650] {processor.py:654} INFO - DAG(s) dict_keys(['load_staging_data_dag']) retrieved from /opt/airflow/dags/create_staging_table.py
[2022-02-17 23:45:34,670] {logging_mixin.py:109} INFO - [2022-02-17 23:45:34,670] {dag.py:2396} INFO - Sync 1 DAGs
[2022-02-17 23:45:34,698] {logging_mixin.py:109} INFO - [2022-02-17 23:45:34,698] {dag.py:2935} INFO - Setting next_dagrun for load_staging_data_dag to None
[2022-02-17 23:45:34,717] {processor.py:171} INFO - Processing /opt/airflow/dags/create_staging_table.py took 0.120 seconds
[2022-02-17 23:46:04,772] {processor.py:163} INFO - Started process (PID=15066) to work on /opt/airflow/dags/create_staging_table.py
[2022-02-17 23:46:04,777] {processor.py:642} INFO - Processing file /opt/airflow/dags/create_staging_table.py for tasks to queue
[2022-02-17 23:46:04,778] {logging_mixin.py:109} INFO - [2022-02-17 23:46:04,778] {dagbag.py:500} INFO - Filling up the DagBag from /opt/airflow/dags/create_staging_table.py
[2022-02-17 23:46:04,822] {processor.py:654} INFO - DAG(s) dict_keys(['load_staging_data_dag']) retrieved from /opt/airflow/dags/create_staging_table.py
[2022-02-17 23:46:04,841] {logging_mixin.py:109} INFO - [2022-02-17 23:46:04,841] {dag.py:2396} INFO - Sync 1 DAGs
[2022-02-17 23:46:04,873] {logging_mixin.py:109} INFO - [2022-02-17 23:46:04,873] {dag.py:2935} INFO - Setting next_dagrun for load_staging_data_dag to None
[2022-02-17 23:46:04,891] {processor.py:171} INFO - Processing /opt/airflow/dags/create_staging_table.py took 0.125 seconds
[2022-02-17 23:46:34,968] {processor.py:163} INFO - Started process (PID=15119) to work on /opt/airflow/dags/create_staging_table.py
[2022-02-17 23:46:34,971] {processor.py:642} INFO - Processing file /opt/airflow/dags/create_staging_table.py for tasks to queue
[2022-02-17 23:46:34,973] {logging_mixin.py:109} INFO - [2022-02-17 23:46:34,973] {dagbag.py:500} INFO - Filling up the DagBag from /opt/airflow/dags/create_staging_table.py
[2022-02-17 23:46:35,016] {processor.py:654} INFO - DAG(s) dict_keys(['load_staging_data_dag']) retrieved from /opt/airflow/dags/create_staging_table.py
[2022-02-17 23:46:35,032] {logging_mixin.py:109} INFO - [2022-02-17 23:46:35,032] {dag.py:2396} INFO - Sync 1 DAGs
[2022-02-17 23:46:35,048] {logging_mixin.py:109} INFO - [2022-02-17 23:46:35,048] {dag.py:2935} INFO - Setting next_dagrun for load_staging_data_dag to None
[2022-02-17 23:46:35,058] {processor.py:171} INFO - Processing /opt/airflow/dags/create_staging_table.py took 0.092 seconds
[2022-02-17 23:47:05,490] {processor.py:163} INFO - Started process (PID=15170) to work on /opt/airflow/dags/create_staging_table.py
[2022-02-17 23:47:05,492] {processor.py:642} INFO - Processing file /opt/airflow/dags/create_staging_table.py for tasks to queue
[2022-02-17 23:47:05,494] {logging_mixin.py:109} INFO - [2022-02-17 23:47:05,494] {dagbag.py:500} INFO - Filling up the DagBag from /opt/airflow/dags/create_staging_table.py
[2022-02-17 23:47:05,553] {processor.py:654} INFO - DAG(s) dict_keys(['load_staging_data_dag']) retrieved from /opt/airflow/dags/create_staging_table.py
[2022-02-17 23:47:05,570] {logging_mixin.py:109} INFO - [2022-02-17 23:47:05,570] {dag.py:2396} INFO - Sync 1 DAGs
[2022-02-17 23:47:05,588] {logging_mixin.py:109} INFO - [2022-02-17 23:47:05,588] {dag.py:2935} INFO - Setting next_dagrun for load_staging_data_dag to None
[2022-02-17 23:47:05,602] {processor.py:171} INFO - Processing /opt/airflow/dags/create_staging_table.py took 0.116 seconds
[2022-02-17 23:47:36,265] {processor.py:163} INFO - Started process (PID=15231) to work on /opt/airflow/dags/create_staging_table.py
[2022-02-17 23:47:36,278] {processor.py:642} INFO - Processing file /opt/airflow/dags/create_staging_table.py for tasks to queue
[2022-02-17 23:47:36,283] {logging_mixin.py:109} INFO - [2022-02-17 23:47:36,283] {dagbag.py:500} INFO - Filling up the DagBag from /opt/airflow/dags/create_staging_table.py
[2022-02-17 23:47:36,402] {processor.py:654} INFO - DAG(s) dict_keys(['load_staging_data_dag']) retrieved from /opt/airflow/dags/create_staging_table.py
[2022-02-17 23:47:36,442] {logging_mixin.py:109} INFO - [2022-02-17 23:47:36,442] {dag.py:2396} INFO - Sync 1 DAGs
[2022-02-17 23:47:36,492] {logging_mixin.py:109} INFO - [2022-02-17 23:47:36,492] {dag.py:2935} INFO - Setting next_dagrun for load_staging_data_dag to None
[2022-02-17 23:47:36,524] {processor.py:171} INFO - Processing /opt/airflow/dags/create_staging_table.py took 0.282 seconds
[2022-02-17 23:48:07,326] {processor.py:163} INFO - Started process (PID=15280) to work on /opt/airflow/dags/create_staging_table.py
[2022-02-17 23:48:07,330] {processor.py:642} INFO - Processing file /opt/airflow/dags/create_staging_table.py for tasks to queue
[2022-02-17 23:48:07,332] {logging_mixin.py:109} INFO - [2022-02-17 23:48:07,332] {dagbag.py:500} INFO - Filling up the DagBag from /opt/airflow/dags/create_staging_table.py
[2022-02-17 23:48:07,476] {processor.py:654} INFO - DAG(s) dict_keys(['load_staging_data_dag']) retrieved from /opt/airflow/dags/create_staging_table.py
[2022-02-17 23:48:07,539] {logging_mixin.py:109} INFO - [2022-02-17 23:48:07,538] {dag.py:2396} INFO - Sync 1 DAGs
[2022-02-17 23:48:07,616] {logging_mixin.py:109} INFO - [2022-02-17 23:48:07,616] {dag.py:2935} INFO - Setting next_dagrun for load_staging_data_dag to None
[2022-02-17 23:48:07,655] {processor.py:171} INFO - Processing /opt/airflow/dags/create_staging_table.py took 0.340 seconds
[2022-02-17 23:48:38,495] {processor.py:163} INFO - Started process (PID=15333) to work on /opt/airflow/dags/create_staging_table.py
[2022-02-17 23:48:38,504] {processor.py:642} INFO - Processing file /opt/airflow/dags/create_staging_table.py for tasks to queue
[2022-02-17 23:48:38,509] {logging_mixin.py:109} INFO - [2022-02-17 23:48:38,508] {dagbag.py:500} INFO - Filling up the DagBag from /opt/airflow/dags/create_staging_table.py
[2022-02-17 23:48:38,653] {processor.py:654} INFO - DAG(s) dict_keys(['load_staging_data_dag']) retrieved from /opt/airflow/dags/create_staging_table.py
[2022-02-17 23:48:38,681] {logging_mixin.py:109} INFO - [2022-02-17 23:48:38,677] {dag.py:2396} INFO - Sync 1 DAGs
[2022-02-17 23:48:38,723] {logging_mixin.py:109} INFO - [2022-02-17 23:48:38,723] {dag.py:2935} INFO - Setting next_dagrun for load_staging_data_dag to None
[2022-02-17 23:48:38,753] {processor.py:171} INFO - Processing /opt/airflow/dags/create_staging_table.py took 0.271 seconds
[2022-02-17 23:49:08,961] {processor.py:163} INFO - Started process (PID=15385) to work on /opt/airflow/dags/create_staging_table.py
[2022-02-17 23:49:08,967] {processor.py:642} INFO - Processing file /opt/airflow/dags/create_staging_table.py for tasks to queue
[2022-02-17 23:49:08,969] {logging_mixin.py:109} INFO - [2022-02-17 23:49:08,969] {dagbag.py:500} INFO - Filling up the DagBag from /opt/airflow/dags/create_staging_table.py
[2022-02-17 23:49:09,051] {processor.py:654} INFO - DAG(s) dict_keys(['load_staging_data_dag']) retrieved from /opt/airflow/dags/create_staging_table.py
[2022-02-17 23:49:09,078] {logging_mixin.py:109} INFO - [2022-02-17 23:49:09,078] {dag.py:2396} INFO - Sync 1 DAGs
[2022-02-17 23:49:09,113] {logging_mixin.py:109} INFO - [2022-02-17 23:49:09,113] {dag.py:2935} INFO - Setting next_dagrun for load_staging_data_dag to None
[2022-02-17 23:49:09,134] {processor.py:171} INFO - Processing /opt/airflow/dags/create_staging_table.py took 0.181 seconds
[2022-02-17 23:49:40,105] {processor.py:163} INFO - Started process (PID=15437) to work on /opt/airflow/dags/create_staging_table.py
[2022-02-17 23:49:40,108] {processor.py:642} INFO - Processing file /opt/airflow/dags/create_staging_table.py for tasks to queue
[2022-02-17 23:49:40,109] {logging_mixin.py:109} INFO - [2022-02-17 23:49:40,109] {dagbag.py:500} INFO - Filling up the DagBag from /opt/airflow/dags/create_staging_table.py
[2022-02-17 23:49:40,143] {processor.py:654} INFO - DAG(s) dict_keys(['load_staging_data_dag']) retrieved from /opt/airflow/dags/create_staging_table.py
[2022-02-17 23:49:40,153] {logging_mixin.py:109} INFO - [2022-02-17 23:49:40,152] {dag.py:2396} INFO - Sync 1 DAGs
[2022-02-17 23:49:40,167] {logging_mixin.py:109} INFO - [2022-02-17 23:49:40,167] {dag.py:2935} INFO - Setting next_dagrun for load_staging_data_dag to None
[2022-02-17 23:49:40,175] {processor.py:171} INFO - Processing /opt/airflow/dags/create_staging_table.py took 0.074 seconds
[2022-02-17 23:49:50,290] {processor.py:163} INFO - Started process (PID=15459) to work on /opt/airflow/dags/create_staging_table.py
[2022-02-17 23:49:50,320] {processor.py:642} INFO - Processing file /opt/airflow/dags/create_staging_table.py for tasks to queue
[2022-02-17 23:49:50,329] {logging_mixin.py:109} INFO - [2022-02-17 23:49:50,329] {dagbag.py:500} INFO - Filling up the DagBag from /opt/airflow/dags/create_staging_table.py
[2022-02-17 23:49:50,386] {logging_mixin.py:109} INFO - [2022-02-17 23:49:50,382] {dagbag.py:334} ERROR - Failed to import: /opt/airflow/dags/create_staging_table.py
Traceback (most recent call last):
  File "/home/airflow/.local/lib/python3.7/site-packages/airflow/models/dagbag.py", line 331, in _load_modules_from_file
    loader.exec_module(new_module)
  File "<frozen importlib._bootstrap_external>", line 728, in exec_module
  File "<frozen importlib._bootstrap>", line 219, in _call_with_frames_removed
  File "/opt/airflow/dags/create_staging_table.py", line 20, in <module>
    with models.DAG(...) as dag:
NameError: name 'models' is not defined
[2022-02-17 23:49:50,445] {processor.py:690} INFO - Deactivated 1 DAGs which are no longer present in /opt/airflow/dags/create_staging_table.py
[2022-02-17 23:49:50,447] {processor.py:656} WARNING - No viable dags retrieved from /opt/airflow/dags/create_staging_table.py
[2022-02-17 23:49:50,468] {processor.py:171} INFO - Processing /opt/airflow/dags/create_staging_table.py took 0.198 seconds
[2022-02-17 23:49:51,967] {processor.py:163} INFO - Started process (PID=15464) to work on /opt/airflow/dags/create_staging_table.py
[2022-02-17 23:49:51,970] {processor.py:642} INFO - Processing file /opt/airflow/dags/create_staging_table.py for tasks to queue
[2022-02-17 23:49:51,972] {logging_mixin.py:109} INFO - [2022-02-17 23:49:51,972] {dagbag.py:500} INFO - Filling up the DagBag from /opt/airflow/dags/create_staging_table.py
[2022-02-17 23:49:52,014] {logging_mixin.py:109} INFO - [2022-02-17 23:49:52,012] {dagbag.py:334} ERROR - Failed to import: /opt/airflow/dags/create_staging_table.py
Traceback (most recent call last):
  File "/home/airflow/.local/lib/python3.7/site-packages/airflow/models/dagbag.py", line 331, in _load_modules_from_file
    loader.exec_module(new_module)
  File "<frozen importlib._bootstrap_external>", line 728, in exec_module
  File "<frozen importlib._bootstrap>", line 219, in _call_with_frames_removed
  File "/opt/airflow/dags/create_staging_table.py", line 20, in <module>
    with models.DAG(...) as dag:
NameError: name 'models' is not defined
[2022-02-17 23:49:52,038] {processor.py:656} WARNING - No viable dags retrieved from /opt/airflow/dags/create_staging_table.py
[2022-02-17 23:49:52,049] {processor.py:171} INFO - Processing /opt/airflow/dags/create_staging_table.py took 0.088 seconds
[2022-02-17 23:50:00,157] {processor.py:163} INFO - Started process (PID=15479) to work on /opt/airflow/dags/create_staging_table.py
[2022-02-17 23:50:00,162] {processor.py:642} INFO - Processing file /opt/airflow/dags/create_staging_table.py for tasks to queue
[2022-02-17 23:50:00,168] {logging_mixin.py:109} INFO - [2022-02-17 23:50:00,167] {dagbag.py:500} INFO - Filling up the DagBag from /opt/airflow/dags/create_staging_table.py
[2022-02-17 23:50:00,215] {logging_mixin.py:109} INFO - [2022-02-17 23:50:00,208] {dagbag.py:334} ERROR - Failed to import: /opt/airflow/dags/create_staging_table.py
Traceback (most recent call last):
  File "/home/airflow/.local/lib/python3.7/site-packages/airflow/models/dagbag.py", line 331, in _load_modules_from_file
    loader.exec_module(new_module)
  File "<frozen importlib._bootstrap_external>", line 728, in exec_module
  File "<frozen importlib._bootstrap>", line 219, in _call_with_frames_removed
  File "/opt/airflow/dags/create_staging_table.py", line 20, in <module>
    with models.DAG(...) as dag:
NameError: name 'models' is not defined
[2022-02-17 23:50:00,286] {processor.py:656} WARNING - No viable dags retrieved from /opt/airflow/dags/create_staging_table.py
[2022-02-17 23:50:00,312] {processor.py:171} INFO - Processing /opt/airflow/dags/create_staging_table.py took 0.167 seconds
[2022-02-17 23:50:10,645] {processor.py:163} INFO - Started process (PID=15493) to work on /opt/airflow/dags/create_staging_table.py
[2022-02-17 23:50:10,648] {processor.py:642} INFO - Processing file /opt/airflow/dags/create_staging_table.py for tasks to queue
[2022-02-17 23:50:10,650] {logging_mixin.py:109} INFO - [2022-02-17 23:50:10,649] {dagbag.py:500} INFO - Filling up the DagBag from /opt/airflow/dags/create_staging_table.py
[2022-02-17 23:50:10,675] {logging_mixin.py:109} INFO - [2022-02-17 23:50:10,674] {dagbag.py:334} ERROR - Failed to import: /opt/airflow/dags/create_staging_table.py
Traceback (most recent call last):
  File "/home/airflow/.local/lib/python3.7/site-packages/airflow/models/dagbag.py", line 331, in _load_modules_from_file
    loader.exec_module(new_module)
  File "<frozen importlib._bootstrap_external>", line 728, in exec_module
  File "<frozen importlib._bootstrap>", line 219, in _call_with_frames_removed
  File "/opt/airflow/dags/create_staging_table.py", line 20, in <module>
    with models.DAG(...) as dag:
NameError: name 'models' is not defined
[2022-02-17 23:50:10,697] {processor.py:656} WARNING - No viable dags retrieved from /opt/airflow/dags/create_staging_table.py
[2022-02-17 23:50:10,706] {processor.py:171} INFO - Processing /opt/airflow/dags/create_staging_table.py took 0.066 seconds
[2022-02-17 23:50:13,718] {processor.py:163} INFO - Started process (PID=15509) to work on /opt/airflow/dags/create_staging_table.py
[2022-02-17 23:50:13,724] {processor.py:642} INFO - Processing file /opt/airflow/dags/create_staging_table.py for tasks to queue
[2022-02-17 23:50:13,738] {logging_mixin.py:109} INFO - [2022-02-17 23:50:13,737] {dagbag.py:500} INFO - Filling up the DagBag from /opt/airflow/dags/create_staging_table.py
[2022-02-17 23:50:13,834] {logging_mixin.py:109} INFO - [2022-02-17 23:50:13,802] {dagbag.py:334} ERROR - Failed to import: /opt/airflow/dags/create_staging_table.py
Traceback (most recent call last):
  File "/home/airflow/.local/lib/python3.7/site-packages/airflow/models/dagbag.py", line 331, in _load_modules_from_file
    loader.exec_module(new_module)
  File "<frozen importlib._bootstrap_external>", line 728, in exec_module
  File "<frozen importlib._bootstrap>", line 219, in _call_with_frames_removed
  File "/opt/airflow/dags/create_staging_table.py", line 20, in <module>
    with models.DAG(...) as dag:
NameError: name 'models' is not defined
[2022-02-17 23:50:13,916] {processor.py:656} WARNING - No viable dags retrieved from /opt/airflow/dags/create_staging_table.py
[2022-02-17 23:50:13,966] {processor.py:171} INFO - Processing /opt/airflow/dags/create_staging_table.py took 0.269 seconds
[2022-02-17 23:50:55,314] {processor.py:163} INFO - Started process (PID=15572) to work on /opt/airflow/dags/create_staging_table.py
[2022-02-17 23:50:55,320] {processor.py:642} INFO - Processing file /opt/airflow/dags/create_staging_table.py for tasks to queue
[2022-02-17 23:50:55,324] {logging_mixin.py:109} INFO - [2022-02-17 23:50:55,323] {dagbag.py:500} INFO - Filling up the DagBag from /opt/airflow/dags/create_staging_table.py
[2022-02-17 23:50:55,333] {logging_mixin.py:109} INFO - [2022-02-17 23:50:55,330] {dagbag.py:528} ERROR - [Errno 2] No such file or directory: '/opt/airflow/dags/create_staging_table.py'
Traceback (most recent call last):
  File "/home/airflow/.local/lib/python3.7/site-packages/airflow/models/dagbag.py", line 515, in collect_dags
    found_dags = self.process_file(filepath, only_if_updated=only_if_updated, safe_mode=safe_mode)
  File "/home/airflow/.local/lib/python3.7/site-packages/airflow/models/dagbag.py", line 294, in process_file
    mods = self._load_modules_from_file(filepath, safe_mode)
  File "/home/airflow/.local/lib/python3.7/site-packages/airflow/models/dagbag.py", line 304, in _load_modules_from_file
    if not might_contain_dag(filepath, safe_mode):
  File "/home/airflow/.local/lib/python3.7/site-packages/airflow/utils/file.py", line 226, in might_contain_dag
    with open(file_path, 'rb') as dag_file:
FileNotFoundError: [Errno 2] No such file or directory: '/opt/airflow/dags/create_staging_table.py'
[2022-02-17 23:50:55,389] {processor.py:656} WARNING - No viable dags retrieved from /opt/airflow/dags/create_staging_table.py
[2022-02-17 23:50:55,392] {processor.py:171} INFO - Processing /opt/airflow/dags/create_staging_table.py took 0.087 seconds
[2022-02-17 23:51:25,657] {processor.py:163} INFO - Started process (PID=15625) to work on /opt/airflow/dags/create_staging_table.py
[2022-02-17 23:51:25,663] {processor.py:642} INFO - Processing file /opt/airflow/dags/create_staging_table.py for tasks to queue
[2022-02-17 23:51:25,666] {logging_mixin.py:109} INFO - [2022-02-17 23:51:25,666] {dagbag.py:500} INFO - Filling up the DagBag from /opt/airflow/dags/create_staging_table.py
[2022-02-17 23:51:25,674] {logging_mixin.py:109} INFO - [2022-02-17 23:51:25,671] {dagbag.py:528} ERROR - [Errno 2] No such file or directory: '/opt/airflow/dags/create_staging_table.py'
Traceback (most recent call last):
  File "/home/airflow/.local/lib/python3.7/site-packages/airflow/models/dagbag.py", line 515, in collect_dags
    found_dags = self.process_file(filepath, only_if_updated=only_if_updated, safe_mode=safe_mode)
  File "/home/airflow/.local/lib/python3.7/site-packages/airflow/models/dagbag.py", line 294, in process_file
    mods = self._load_modules_from_file(filepath, safe_mode)
  File "/home/airflow/.local/lib/python3.7/site-packages/airflow/models/dagbag.py", line 304, in _load_modules_from_file
    if not might_contain_dag(filepath, safe_mode):
  File "/home/airflow/.local/lib/python3.7/site-packages/airflow/utils/file.py", line 226, in might_contain_dag
    with open(file_path, 'rb') as dag_file:
FileNotFoundError: [Errno 2] No such file or directory: '/opt/airflow/dags/create_staging_table.py'
[2022-02-17 23:51:25,708] {processor.py:656} WARNING - No viable dags retrieved from /opt/airflow/dags/create_staging_table.py
[2022-02-17 23:51:25,713] {processor.py:171} INFO - Processing /opt/airflow/dags/create_staging_table.py took 0.060 seconds
[2022-02-17 23:51:28,691] {processor.py:163} INFO - Started process (PID=15626) to work on /opt/airflow/dags/create_staging_table.py
[2022-02-17 23:51:28,695] {processor.py:642} INFO - Processing file /opt/airflow/dags/create_staging_table.py for tasks to queue
[2022-02-17 23:51:28,698] {logging_mixin.py:109} INFO - [2022-02-17 23:51:28,698] {dagbag.py:500} INFO - Filling up the DagBag from /opt/airflow/dags/create_staging_table.py
[2022-02-17 23:51:28,707] {logging_mixin.py:109} INFO - [2022-02-17 23:51:28,704] {dagbag.py:528} ERROR - [Errno 2] No such file or directory: '/opt/airflow/dags/create_staging_table.py'
Traceback (most recent call last):
  File "/home/airflow/.local/lib/python3.7/site-packages/airflow/models/dagbag.py", line 515, in collect_dags
    found_dags = self.process_file(filepath, only_if_updated=only_if_updated, safe_mode=safe_mode)
  File "/home/airflow/.local/lib/python3.7/site-packages/airflow/models/dagbag.py", line 294, in process_file
    mods = self._load_modules_from_file(filepath, safe_mode)
  File "/home/airflow/.local/lib/python3.7/site-packages/airflow/models/dagbag.py", line 304, in _load_modules_from_file
    if not might_contain_dag(filepath, safe_mode):
  File "/home/airflow/.local/lib/python3.7/site-packages/airflow/utils/file.py", line 226, in might_contain_dag
    with open(file_path, 'rb') as dag_file:
FileNotFoundError: [Errno 2] No such file or directory: '/opt/airflow/dags/create_staging_table.py'
[2022-02-17 23:51:28,762] {processor.py:656} WARNING - No viable dags retrieved from /opt/airflow/dags/create_staging_table.py
[2022-02-17 23:51:28,765] {processor.py:171} INFO - Processing /opt/airflow/dags/create_staging_table.py took 0.080 seconds
[2022-02-17 23:51:57,852] {processor.py:163} INFO - Started process (PID=15677) to work on /opt/airflow/dags/create_staging_table.py
[2022-02-17 23:51:57,855] {processor.py:642} INFO - Processing file /opt/airflow/dags/create_staging_table.py for tasks to queue
[2022-02-17 23:51:57,857] {logging_mixin.py:109} INFO - [2022-02-17 23:51:57,856] {dagbag.py:500} INFO - Filling up the DagBag from /opt/airflow/dags/create_staging_table.py
[2022-02-17 23:51:57,860] {logging_mixin.py:109} INFO - [2022-02-17 23:51:57,859] {dagbag.py:528} ERROR - [Errno 2] No such file or directory: '/opt/airflow/dags/create_staging_table.py'
Traceback (most recent call last):
  File "/home/airflow/.local/lib/python3.7/site-packages/airflow/models/dagbag.py", line 515, in collect_dags
    found_dags = self.process_file(filepath, only_if_updated=only_if_updated, safe_mode=safe_mode)
  File "/home/airflow/.local/lib/python3.7/site-packages/airflow/models/dagbag.py", line 294, in process_file
    mods = self._load_modules_from_file(filepath, safe_mode)
  File "/home/airflow/.local/lib/python3.7/site-packages/airflow/models/dagbag.py", line 304, in _load_modules_from_file
    if not might_contain_dag(filepath, safe_mode):
  File "/home/airflow/.local/lib/python3.7/site-packages/airflow/utils/file.py", line 226, in might_contain_dag
    with open(file_path, 'rb') as dag_file:
FileNotFoundError: [Errno 2] No such file or directory: '/opt/airflow/dags/create_staging_table.py'
[2022-02-17 23:51:57,884] {processor.py:656} WARNING - No viable dags retrieved from /opt/airflow/dags/create_staging_table.py
[2022-02-17 23:51:57,886] {processor.py:171} INFO - Processing /opt/airflow/dags/create_staging_table.py took 0.041 seconds
[2022-02-17 23:52:18,207] {processor.py:163} INFO - Started process (PID=15716) to work on /opt/airflow/dags/create_staging_table.py
[2022-02-17 23:52:18,210] {processor.py:642} INFO - Processing file /opt/airflow/dags/create_staging_table.py for tasks to queue
[2022-02-17 23:52:18,215] {logging_mixin.py:109} INFO - [2022-02-17 23:52:18,214] {dagbag.py:500} INFO - Filling up the DagBag from /opt/airflow/dags/create_staging_table.py
[2022-02-17 23:52:18,233] {logging_mixin.py:109} INFO - [2022-02-17 23:52:18,232] {dagbag.py:528} ERROR - [Errno 2] No such file or directory: '/opt/airflow/dags/create_staging_table.py'
Traceback (most recent call last):
  File "/home/airflow/.local/lib/python3.7/site-packages/airflow/models/dagbag.py", line 515, in collect_dags
    found_dags = self.process_file(filepath, only_if_updated=only_if_updated, safe_mode=safe_mode)
  File "/home/airflow/.local/lib/python3.7/site-packages/airflow/models/dagbag.py", line 294, in process_file
    mods = self._load_modules_from_file(filepath, safe_mode)
  File "/home/airflow/.local/lib/python3.7/site-packages/airflow/models/dagbag.py", line 304, in _load_modules_from_file
    if not might_contain_dag(filepath, safe_mode):
  File "/home/airflow/.local/lib/python3.7/site-packages/airflow/utils/file.py", line 226, in might_contain_dag
    with open(file_path, 'rb') as dag_file:
FileNotFoundError: [Errno 2] No such file or directory: '/opt/airflow/dags/create_staging_table.py'
[2022-02-17 23:52:18,253] {processor.py:656} WARNING - No viable dags retrieved from /opt/airflow/dags/create_staging_table.py
[2022-02-17 23:52:18,255] {processor.py:171} INFO - Processing /opt/airflow/dags/create_staging_table.py took 0.052 seconds
[2022-02-17 23:52:48,304] {processor.py:163} INFO - Started process (PID=15768) to work on /opt/airflow/dags/create_staging_table.py
[2022-02-17 23:52:48,308] {processor.py:642} INFO - Processing file /opt/airflow/dags/create_staging_table.py for tasks to queue
[2022-02-17 23:52:48,310] {logging_mixin.py:109} INFO - [2022-02-17 23:52:48,310] {dagbag.py:500} INFO - Filling up the DagBag from /opt/airflow/dags/create_staging_table.py
[2022-02-17 23:52:48,315] {logging_mixin.py:109} INFO - [2022-02-17 23:52:48,314] {dagbag.py:528} ERROR - [Errno 2] No such file or directory: '/opt/airflow/dags/create_staging_table.py'
Traceback (most recent call last):
  File "/home/airflow/.local/lib/python3.7/site-packages/airflow/models/dagbag.py", line 515, in collect_dags
    found_dags = self.process_file(filepath, only_if_updated=only_if_updated, safe_mode=safe_mode)
  File "/home/airflow/.local/lib/python3.7/site-packages/airflow/models/dagbag.py", line 294, in process_file
    mods = self._load_modules_from_file(filepath, safe_mode)
  File "/home/airflow/.local/lib/python3.7/site-packages/airflow/models/dagbag.py", line 304, in _load_modules_from_file
    if not might_contain_dag(filepath, safe_mode):
  File "/home/airflow/.local/lib/python3.7/site-packages/airflow/utils/file.py", line 226, in might_contain_dag
    with open(file_path, 'rb') as dag_file:
FileNotFoundError: [Errno 2] No such file or directory: '/opt/airflow/dags/create_staging_table.py'
[2022-02-17 23:52:48,408] {processor.py:656} WARNING - No viable dags retrieved from /opt/airflow/dags/create_staging_table.py
[2022-02-17 23:52:48,413] {processor.py:171} INFO - Processing /opt/airflow/dags/create_staging_table.py took 0.112 seconds
[2022-02-17 23:53:07,612] {processor.py:163} INFO - Started process (PID=15800) to work on /opt/airflow/dags/create_staging_table.py
[2022-02-17 23:53:07,615] {processor.py:642} INFO - Processing file /opt/airflow/dags/create_staging_table.py for tasks to queue
[2022-02-17 23:53:07,616] {logging_mixin.py:109} INFO - [2022-02-17 23:53:07,616] {dagbag.py:500} INFO - Filling up the DagBag from /opt/airflow/dags/create_staging_table.py
[2022-02-17 23:53:07,620] {logging_mixin.py:109} INFO - [2022-02-17 23:53:07,619] {dagbag.py:528} ERROR - [Errno 2] No such file or directory: '/opt/airflow/dags/create_staging_table.py'
Traceback (most recent call last):
  File "/home/airflow/.local/lib/python3.7/site-packages/airflow/models/dagbag.py", line 515, in collect_dags
    found_dags = self.process_file(filepath, only_if_updated=only_if_updated, safe_mode=safe_mode)
  File "/home/airflow/.local/lib/python3.7/site-packages/airflow/models/dagbag.py", line 294, in process_file
    mods = self._load_modules_from_file(filepath, safe_mode)
  File "/home/airflow/.local/lib/python3.7/site-packages/airflow/models/dagbag.py", line 304, in _load_modules_from_file
    if not might_contain_dag(filepath, safe_mode):
  File "/home/airflow/.local/lib/python3.7/site-packages/airflow/utils/file.py", line 226, in might_contain_dag
    with open(file_path, 'rb') as dag_file:
FileNotFoundError: [Errno 2] No such file or directory: '/opt/airflow/dags/create_staging_table.py'
[2022-02-17 23:53:07,642] {processor.py:656} WARNING - No viable dags retrieved from /opt/airflow/dags/create_staging_table.py
[2022-02-17 23:53:07,644] {processor.py:171} INFO - Processing /opt/airflow/dags/create_staging_table.py took 0.037 seconds
[2022-02-17 23:53:20,433] {processor.py:163} INFO - Started process (PID=15822) to work on /opt/airflow/dags/create_staging_table.py
[2022-02-17 23:53:20,437] {processor.py:642} INFO - Processing file /opt/airflow/dags/create_staging_table.py for tasks to queue
[2022-02-17 23:53:20,439] {logging_mixin.py:109} INFO - [2022-02-17 23:53:20,439] {dagbag.py:500} INFO - Filling up the DagBag from /opt/airflow/dags/create_staging_table.py
[2022-02-17 23:53:20,449] {logging_mixin.py:109} INFO - [2022-02-17 23:53:20,448] {dagbag.py:528} ERROR - [Errno 2] No such file or directory: '/opt/airflow/dags/create_staging_table.py'
Traceback (most recent call last):
  File "/home/airflow/.local/lib/python3.7/site-packages/airflow/models/dagbag.py", line 515, in collect_dags
    found_dags = self.process_file(filepath, only_if_updated=only_if_updated, safe_mode=safe_mode)
  File "/home/airflow/.local/lib/python3.7/site-packages/airflow/models/dagbag.py", line 294, in process_file
    mods = self._load_modules_from_file(filepath, safe_mode)
  File "/home/airflow/.local/lib/python3.7/site-packages/airflow/models/dagbag.py", line 304, in _load_modules_from_file
    if not might_contain_dag(filepath, safe_mode):
  File "/home/airflow/.local/lib/python3.7/site-packages/airflow/utils/file.py", line 226, in might_contain_dag
    with open(file_path, 'rb') as dag_file:
FileNotFoundError: [Errno 2] No such file or directory: '/opt/airflow/dags/create_staging_table.py'
[2022-02-17 23:53:20,508] {processor.py:656} WARNING - No viable dags retrieved from /opt/airflow/dags/create_staging_table.py
[2022-02-17 23:53:20,512] {processor.py:171} INFO - Processing /opt/airflow/dags/create_staging_table.py took 0.082 seconds
[2022-02-17 23:53:32,452] {processor.py:163} INFO - Started process (PID=15850) to work on /opt/airflow/dags/create_staging_table.py
[2022-02-17 23:53:32,462] {processor.py:642} INFO - Processing file /opt/airflow/dags/create_staging_table.py for tasks to queue
[2022-02-17 23:53:32,470] {logging_mixin.py:109} INFO - [2022-02-17 23:53:32,469] {dagbag.py:500} INFO - Filling up the DagBag from /opt/airflow/dags/create_staging_table.py
[2022-02-17 23:53:32,497] {logging_mixin.py:109} INFO - [2022-02-17 23:53:32,486] {dagbag.py:334} ERROR - Failed to import: /opt/airflow/dags/create_staging_table.py
Traceback (most recent call last):
  File "/home/airflow/.local/lib/python3.7/site-packages/airflow/models/dagbag.py", line 331, in _load_modules_from_file
    loader.exec_module(new_module)
  File "<frozen importlib._bootstrap_external>", line 724, in exec_module
  File "<frozen importlib._bootstrap_external>", line 859, in get_code
  File "<frozen importlib._bootstrap_external>", line 916, in get_data
FileNotFoundError: [Errno 2] No such file or directory: '/opt/airflow/dags/create_staging_table.py'
[2022-02-17 23:53:32,552] {processor.py:656} WARNING - No viable dags retrieved from /opt/airflow/dags/create_staging_table.py
[2022-02-17 23:53:32,573] {processor.py:171} INFO - Processing /opt/airflow/dags/create_staging_table.py took 0.146 seconds
[2022-02-17 23:54:03,265] {processor.py:163} INFO - Started process (PID=15903) to work on /opt/airflow/dags/create_staging_table.py
[2022-02-17 23:54:03,268] {processor.py:642} INFO - Processing file /opt/airflow/dags/create_staging_table.py for tasks to queue
[2022-02-17 23:54:03,270] {logging_mixin.py:109} INFO - [2022-02-17 23:54:03,270] {dagbag.py:500} INFO - Filling up the DagBag from /opt/airflow/dags/create_staging_table.py
[2022-02-17 23:54:03,281] {logging_mixin.py:109} INFO - [2022-02-17 23:54:03,278] {dagbag.py:334} ERROR - Failed to import: /opt/airflow/dags/create_staging_table.py
Traceback (most recent call last):
  File "/home/airflow/.local/lib/python3.7/site-packages/airflow/models/dagbag.py", line 331, in _load_modules_from_file
    loader.exec_module(new_module)
  File "<frozen importlib._bootstrap_external>", line 724, in exec_module
  File "<frozen importlib._bootstrap_external>", line 859, in get_code
  File "<frozen importlib._bootstrap_external>", line 916, in get_data
FileNotFoundError: [Errno 2] No such file or directory: '/opt/airflow/dags/create_staging_table.py'
[2022-02-17 23:54:03,316] {processor.py:656} WARNING - No viable dags retrieved from /opt/airflow/dags/create_staging_table.py
[2022-02-17 23:54:03,338] {processor.py:171} INFO - Processing /opt/airflow/dags/create_staging_table.py took 0.082 seconds
[2022-02-17 23:54:33,874] {processor.py:163} INFO - Started process (PID=15955) to work on /opt/airflow/dags/create_staging_table.py
[2022-02-17 23:54:33,915] {processor.py:642} INFO - Processing file /opt/airflow/dags/create_staging_table.py for tasks to queue
[2022-02-17 23:54:33,927] {logging_mixin.py:109} INFO - [2022-02-17 23:54:33,927] {dagbag.py:500} INFO - Filling up the DagBag from /opt/airflow/dags/create_staging_table.py
[2022-02-17 23:54:33,977] {logging_mixin.py:109} INFO - [2022-02-17 23:54:33,936] {dagbag.py:528} ERROR - [Errno 2] No such file or directory: '/opt/airflow/dags/create_staging_table.py'
Traceback (most recent call last):
  File "/home/airflow/.local/lib/python3.7/site-packages/airflow/models/dagbag.py", line 515, in collect_dags
    found_dags = self.process_file(filepath, only_if_updated=only_if_updated, safe_mode=safe_mode)
  File "/home/airflow/.local/lib/python3.7/site-packages/airflow/models/dagbag.py", line 294, in process_file
    mods = self._load_modules_from_file(filepath, safe_mode)
  File "/home/airflow/.local/lib/python3.7/site-packages/airflow/models/dagbag.py", line 304, in _load_modules_from_file
    if not might_contain_dag(filepath, safe_mode):
  File "/home/airflow/.local/lib/python3.7/site-packages/airflow/utils/file.py", line 226, in might_contain_dag
    with open(file_path, 'rb') as dag_file:
FileNotFoundError: [Errno 2] No such file or directory: '/opt/airflow/dags/create_staging_table.py'
[2022-02-17 23:54:34,197] {processor.py:656} WARNING - No viable dags retrieved from /opt/airflow/dags/create_staging_table.py
[2022-02-17 23:54:34,203] {processor.py:171} INFO - Processing /opt/airflow/dags/create_staging_table.py took 0.500 seconds
[2022-02-17 23:55:04,622] {processor.py:163} INFO - Started process (PID=16007) to work on /opt/airflow/dags/create_staging_table.py
[2022-02-17 23:55:04,637] {processor.py:642} INFO - Processing file /opt/airflow/dags/create_staging_table.py for tasks to queue
[2022-02-17 23:55:04,640] {logging_mixin.py:109} INFO - [2022-02-17 23:55:04,640] {dagbag.py:500} INFO - Filling up the DagBag from /opt/airflow/dags/create_staging_table.py
[2022-02-17 23:55:04,654] {logging_mixin.py:109} INFO - [2022-02-17 23:55:04,652] {dagbag.py:528} ERROR - [Errno 2] No such file or directory: '/opt/airflow/dags/create_staging_table.py'
Traceback (most recent call last):
  File "/home/airflow/.local/lib/python3.7/site-packages/airflow/models/dagbag.py", line 515, in collect_dags
    found_dags = self.process_file(filepath, only_if_updated=only_if_updated, safe_mode=safe_mode)
  File "/home/airflow/.local/lib/python3.7/site-packages/airflow/models/dagbag.py", line 294, in process_file
    mods = self._load_modules_from_file(filepath, safe_mode)
  File "/home/airflow/.local/lib/python3.7/site-packages/airflow/models/dagbag.py", line 304, in _load_modules_from_file
    if not might_contain_dag(filepath, safe_mode):
  File "/home/airflow/.local/lib/python3.7/site-packages/airflow/utils/file.py", line 226, in might_contain_dag
    with open(file_path, 'rb') as dag_file:
FileNotFoundError: [Errno 2] No such file or directory: '/opt/airflow/dags/create_staging_table.py'
[2022-02-17 23:55:04,715] {processor.py:656} WARNING - No viable dags retrieved from /opt/airflow/dags/create_staging_table.py
[2022-02-17 23:55:04,722] {processor.py:171} INFO - Processing /opt/airflow/dags/create_staging_table.py took 0.108 seconds
