[2022-02-21 23:51:09,114] {processor.py:163} INFO - Started process (PID=129) to work on /home/airflow/.local/lib/python3.7/site-packages/airflow/example_dags/example_latest_only.py
[2022-02-21 23:51:09,132] {processor.py:642} INFO - Processing file /home/airflow/.local/lib/python3.7/site-packages/airflow/example_dags/example_latest_only.py for tasks to queue
[2022-02-21 23:51:09,148] {logging_mixin.py:109} INFO - [2022-02-21 23:51:09,147] {dagbag.py:500} INFO - Filling up the DagBag from /home/airflow/.local/lib/python3.7/site-packages/airflow/example_dags/example_latest_only.py
[2022-02-21 23:51:09,566] {processor.py:654} INFO - DAG(s) dict_keys(['latest_only']) retrieved from /home/airflow/.local/lib/python3.7/site-packages/airflow/example_dags/example_latest_only.py
[2022-02-21 23:51:09,620] {logging_mixin.py:109} INFO - [2022-02-21 23:51:09,620] {dag.py:2396} INFO - Sync 1 DAGs
[2022-02-21 23:51:09,734] {logging_mixin.py:109} INFO - [2022-02-21 23:51:09,734] {dag.py:2935} INFO - Setting next_dagrun for latest_only to 2022-02-21T19:51:09.733620+00:00
[2022-02-21 23:51:09,811] {processor.py:171} INFO - Processing /home/airflow/.local/lib/python3.7/site-packages/airflow/example_dags/example_latest_only.py took 0.753 seconds
[2022-02-21 23:51:45,818] {processor.py:163} INFO - Started process (PID=170) to work on /home/airflow/.local/lib/python3.7/site-packages/airflow/example_dags/example_latest_only.py
[2022-02-21 23:51:45,851] {processor.py:642} INFO - Processing file /home/airflow/.local/lib/python3.7/site-packages/airflow/example_dags/example_latest_only.py for tasks to queue
[2022-02-21 23:51:45,858] {logging_mixin.py:109} INFO - [2022-02-21 23:51:45,858] {dagbag.py:500} INFO - Filling up the DagBag from /home/airflow/.local/lib/python3.7/site-packages/airflow/example_dags/example_latest_only.py
[2022-02-21 23:51:46,216] {processor.py:654} INFO - DAG(s) dict_keys(['latest_only']) retrieved from /home/airflow/.local/lib/python3.7/site-packages/airflow/example_dags/example_latest_only.py
[2022-02-21 23:51:46,331] {logging_mixin.py:109} INFO - [2022-02-21 23:51:46,331] {dag.py:2396} INFO - Sync 1 DAGs
[2022-02-21 23:51:46,497] {logging_mixin.py:109} INFO - [2022-02-21 23:51:46,489] {dag.py:2935} INFO - Setting next_dagrun for latest_only to 2022-02-21T19:51:46.488916+00:00
[2022-02-21 23:51:46,583] {processor.py:171} INFO - Processing /home/airflow/.local/lib/python3.7/site-packages/airflow/example_dags/example_latest_only.py took 0.812 seconds
[2022-02-21 23:52:17,428] {processor.py:163} INFO - Started process (PID=215) to work on /home/airflow/.local/lib/python3.7/site-packages/airflow/example_dags/example_latest_only.py
[2022-02-21 23:52:17,434] {processor.py:642} INFO - Processing file /home/airflow/.local/lib/python3.7/site-packages/airflow/example_dags/example_latest_only.py for tasks to queue
[2022-02-21 23:52:17,436] {logging_mixin.py:109} INFO - [2022-02-21 23:52:17,436] {dagbag.py:500} INFO - Filling up the DagBag from /home/airflow/.local/lib/python3.7/site-packages/airflow/example_dags/example_latest_only.py
[2022-02-21 23:52:17,499] {processor.py:654} INFO - DAG(s) dict_keys(['latest_only']) retrieved from /home/airflow/.local/lib/python3.7/site-packages/airflow/example_dags/example_latest_only.py
[2022-02-21 23:52:17,526] {logging_mixin.py:109} INFO - [2022-02-21 23:52:17,526] {dag.py:2396} INFO - Sync 1 DAGs
[2022-02-21 23:52:17,561] {logging_mixin.py:109} INFO - [2022-02-21 23:52:17,561] {dag.py:2935} INFO - Setting next_dagrun for latest_only to 2022-02-21T19:52:17.561518+00:00
[2022-02-21 23:52:17,580] {processor.py:171} INFO - Processing /home/airflow/.local/lib/python3.7/site-packages/airflow/example_dags/example_latest_only.py took 0.156 seconds
[2022-02-21 23:52:48,369] {processor.py:163} INFO - Started process (PID=269) to work on /home/airflow/.local/lib/python3.7/site-packages/airflow/example_dags/example_latest_only.py
[2022-02-21 23:52:48,372] {processor.py:642} INFO - Processing file /home/airflow/.local/lib/python3.7/site-packages/airflow/example_dags/example_latest_only.py for tasks to queue
[2022-02-21 23:52:48,375] {logging_mixin.py:109} INFO - [2022-02-21 23:52:48,375] {dagbag.py:500} INFO - Filling up the DagBag from /home/airflow/.local/lib/python3.7/site-packages/airflow/example_dags/example_latest_only.py
[2022-02-21 23:52:48,469] {processor.py:654} INFO - DAG(s) dict_keys(['latest_only']) retrieved from /home/airflow/.local/lib/python3.7/site-packages/airflow/example_dags/example_latest_only.py
[2022-02-21 23:52:48,520] {logging_mixin.py:109} INFO - [2022-02-21 23:52:48,519] {dag.py:2396} INFO - Sync 1 DAGs
[2022-02-21 23:52:48,632] {logging_mixin.py:109} INFO - [2022-02-21 23:52:48,632] {dag.py:2935} INFO - Setting next_dagrun for latest_only to 2022-02-21T19:52:48.631653+00:00
[2022-02-21 23:52:48,690] {processor.py:171} INFO - Processing /home/airflow/.local/lib/python3.7/site-packages/airflow/example_dags/example_latest_only.py took 0.331 seconds
[2022-02-21 23:53:18,945] {processor.py:163} INFO - Started process (PID=330) to work on /home/airflow/.local/lib/python3.7/site-packages/airflow/example_dags/example_latest_only.py
[2022-02-21 23:53:18,951] {processor.py:642} INFO - Processing file /home/airflow/.local/lib/python3.7/site-packages/airflow/example_dags/example_latest_only.py for tasks to queue
[2022-02-21 23:53:18,956] {logging_mixin.py:109} INFO - [2022-02-21 23:53:18,955] {dagbag.py:500} INFO - Filling up the DagBag from /home/airflow/.local/lib/python3.7/site-packages/airflow/example_dags/example_latest_only.py
[2022-02-21 23:53:19,056] {processor.py:654} INFO - DAG(s) dict_keys(['latest_only']) retrieved from /home/airflow/.local/lib/python3.7/site-packages/airflow/example_dags/example_latest_only.py
[2022-02-21 23:53:19,100] {logging_mixin.py:109} INFO - [2022-02-21 23:53:19,100] {dag.py:2396} INFO - Sync 1 DAGs
[2022-02-21 23:53:19,149] {logging_mixin.py:109} INFO - [2022-02-21 23:53:19,149] {dag.py:2935} INFO - Setting next_dagrun for latest_only to 2022-02-21T19:53:19.147497+00:00
[2022-02-21 23:53:19,185] {processor.py:171} INFO - Processing /home/airflow/.local/lib/python3.7/site-packages/airflow/example_dags/example_latest_only.py took 0.253 seconds
[2022-02-21 23:53:49,468] {processor.py:163} INFO - Started process (PID=386) to work on /home/airflow/.local/lib/python3.7/site-packages/airflow/example_dags/example_latest_only.py
[2022-02-21 23:53:49,470] {processor.py:642} INFO - Processing file /home/airflow/.local/lib/python3.7/site-packages/airflow/example_dags/example_latest_only.py for tasks to queue
[2022-02-21 23:53:49,471] {logging_mixin.py:109} INFO - [2022-02-21 23:53:49,471] {dagbag.py:500} INFO - Filling up the DagBag from /home/airflow/.local/lib/python3.7/site-packages/airflow/example_dags/example_latest_only.py
[2022-02-21 23:53:49,563] {processor.py:654} INFO - DAG(s) dict_keys(['latest_only']) retrieved from /home/airflow/.local/lib/python3.7/site-packages/airflow/example_dags/example_latest_only.py
[2022-02-21 23:53:49,588] {logging_mixin.py:109} INFO - [2022-02-21 23:53:49,588] {dag.py:2396} INFO - Sync 1 DAGs
[2022-02-21 23:53:49,626] {logging_mixin.py:109} INFO - [2022-02-21 23:53:49,626] {dag.py:2935} INFO - Setting next_dagrun for latest_only to 2022-02-21T19:53:49.625793+00:00
[2022-02-21 23:53:49,657] {processor.py:171} INFO - Processing /home/airflow/.local/lib/python3.7/site-packages/airflow/example_dags/example_latest_only.py took 0.210 seconds
[2022-02-21 23:54:19,798] {processor.py:163} INFO - Started process (PID=439) to work on /home/airflow/.local/lib/python3.7/site-packages/airflow/example_dags/example_latest_only.py
[2022-02-21 23:54:19,806] {processor.py:642} INFO - Processing file /home/airflow/.local/lib/python3.7/site-packages/airflow/example_dags/example_latest_only.py for tasks to queue
[2022-02-21 23:54:19,808] {logging_mixin.py:109} INFO - [2022-02-21 23:54:19,808] {dagbag.py:500} INFO - Filling up the DagBag from /home/airflow/.local/lib/python3.7/site-packages/airflow/example_dags/example_latest_only.py
[2022-02-21 23:54:19,885] {processor.py:654} INFO - DAG(s) dict_keys(['latest_only']) retrieved from /home/airflow/.local/lib/python3.7/site-packages/airflow/example_dags/example_latest_only.py
[2022-02-21 23:54:19,911] {logging_mixin.py:109} INFO - [2022-02-21 23:54:19,910] {dag.py:2396} INFO - Sync 1 DAGs
[2022-02-21 23:54:19,978] {logging_mixin.py:109} INFO - [2022-02-21 23:54:19,977] {dag.py:2935} INFO - Setting next_dagrun for latest_only to 2022-02-21T19:54:19.977570+00:00
[2022-02-21 23:54:20,004] {processor.py:171} INFO - Processing /home/airflow/.local/lib/python3.7/site-packages/airflow/example_dags/example_latest_only.py took 0.210 seconds
[2022-02-21 23:54:50,397] {processor.py:163} INFO - Started process (PID=491) to work on /home/airflow/.local/lib/python3.7/site-packages/airflow/example_dags/example_latest_only.py
[2022-02-21 23:54:50,399] {processor.py:642} INFO - Processing file /home/airflow/.local/lib/python3.7/site-packages/airflow/example_dags/example_latest_only.py for tasks to queue
[2022-02-21 23:54:50,400] {logging_mixin.py:109} INFO - [2022-02-21 23:54:50,400] {dagbag.py:500} INFO - Filling up the DagBag from /home/airflow/.local/lib/python3.7/site-packages/airflow/example_dags/example_latest_only.py
[2022-02-21 23:54:50,479] {processor.py:654} INFO - DAG(s) dict_keys(['latest_only']) retrieved from /home/airflow/.local/lib/python3.7/site-packages/airflow/example_dags/example_latest_only.py
[2022-02-21 23:54:50,505] {logging_mixin.py:109} INFO - [2022-02-21 23:54:50,505] {dag.py:2396} INFO - Sync 1 DAGs
[2022-02-21 23:54:50,587] {logging_mixin.py:109} INFO - [2022-02-21 23:54:50,587] {dag.py:2935} INFO - Setting next_dagrun for latest_only to 2022-02-21T19:54:50.586790+00:00
[2022-02-21 23:54:50,607] {processor.py:171} INFO - Processing /home/airflow/.local/lib/python3.7/site-packages/airflow/example_dags/example_latest_only.py took 0.231 seconds
[2022-02-21 23:55:20,873] {processor.py:163} INFO - Started process (PID=534) to work on /home/airflow/.local/lib/python3.7/site-packages/airflow/example_dags/example_latest_only.py
[2022-02-21 23:55:20,877] {processor.py:642} INFO - Processing file /home/airflow/.local/lib/python3.7/site-packages/airflow/example_dags/example_latest_only.py for tasks to queue
[2022-02-21 23:55:20,894] {logging_mixin.py:109} INFO - [2022-02-21 23:55:20,891] {dagbag.py:500} INFO - Filling up the DagBag from /home/airflow/.local/lib/python3.7/site-packages/airflow/example_dags/example_latest_only.py
[2022-02-21 23:55:20,979] {processor.py:654} INFO - DAG(s) dict_keys(['latest_only']) retrieved from /home/airflow/.local/lib/python3.7/site-packages/airflow/example_dags/example_latest_only.py
[2022-02-21 23:55:20,993] {logging_mixin.py:109} INFO - [2022-02-21 23:55:20,993] {dag.py:2396} INFO - Sync 1 DAGs
[2022-02-21 23:55:21,038] {logging_mixin.py:109} INFO - [2022-02-21 23:55:21,038] {dag.py:2935} INFO - Setting next_dagrun for latest_only to 2022-02-21T19:55:21.037767+00:00
[2022-02-21 23:55:21,071] {processor.py:171} INFO - Processing /home/airflow/.local/lib/python3.7/site-packages/airflow/example_dags/example_latest_only.py took 0.203 seconds
[2022-02-21 23:55:51,141] {processor.py:163} INFO - Started process (PID=598) to work on /home/airflow/.local/lib/python3.7/site-packages/airflow/example_dags/example_latest_only.py
[2022-02-21 23:55:51,143] {processor.py:642} INFO - Processing file /home/airflow/.local/lib/python3.7/site-packages/airflow/example_dags/example_latest_only.py for tasks to queue
[2022-02-21 23:55:51,145] {logging_mixin.py:109} INFO - [2022-02-21 23:55:51,144] {dagbag.py:500} INFO - Filling up the DagBag from /home/airflow/.local/lib/python3.7/site-packages/airflow/example_dags/example_latest_only.py
[2022-02-21 23:55:51,176] {processor.py:654} INFO - DAG(s) dict_keys(['latest_only']) retrieved from /home/airflow/.local/lib/python3.7/site-packages/airflow/example_dags/example_latest_only.py
[2022-02-21 23:55:51,189] {logging_mixin.py:109} INFO - [2022-02-21 23:55:51,189] {dag.py:2396} INFO - Sync 1 DAGs
[2022-02-21 23:55:51,208] {logging_mixin.py:109} INFO - [2022-02-21 23:55:51,208] {dag.py:2935} INFO - Setting next_dagrun for latest_only to 2022-02-21T19:55:51.208209+00:00
[2022-02-21 23:55:51,220] {processor.py:171} INFO - Processing /home/airflow/.local/lib/python3.7/site-packages/airflow/example_dags/example_latest_only.py took 0.084 seconds
[2022-02-21 23:56:21,867] {processor.py:163} INFO - Started process (PID=651) to work on /home/airflow/.local/lib/python3.7/site-packages/airflow/example_dags/example_latest_only.py
[2022-02-21 23:56:21,877] {processor.py:642} INFO - Processing file /home/airflow/.local/lib/python3.7/site-packages/airflow/example_dags/example_latest_only.py for tasks to queue
[2022-02-21 23:56:21,881] {logging_mixin.py:109} INFO - [2022-02-21 23:56:21,880] {dagbag.py:500} INFO - Filling up the DagBag from /home/airflow/.local/lib/python3.7/site-packages/airflow/example_dags/example_latest_only.py
[2022-02-21 23:56:21,972] {processor.py:654} INFO - DAG(s) dict_keys(['latest_only']) retrieved from /home/airflow/.local/lib/python3.7/site-packages/airflow/example_dags/example_latest_only.py
[2022-02-21 23:56:21,995] {logging_mixin.py:109} INFO - [2022-02-21 23:56:21,995] {dag.py:2396} INFO - Sync 1 DAGs
[2022-02-21 23:56:22,049] {logging_mixin.py:109} INFO - [2022-02-21 23:56:22,049] {dag.py:2935} INFO - Setting next_dagrun for latest_only to 2022-02-21T19:56:22.048720+00:00
[2022-02-21 23:56:22,071] {processor.py:171} INFO - Processing /home/airflow/.local/lib/python3.7/site-packages/airflow/example_dags/example_latest_only.py took 0.223 seconds
[2022-02-21 23:56:52,574] {processor.py:163} INFO - Started process (PID=707) to work on /home/airflow/.local/lib/python3.7/site-packages/airflow/example_dags/example_latest_only.py
[2022-02-21 23:56:52,585] {processor.py:642} INFO - Processing file /home/airflow/.local/lib/python3.7/site-packages/airflow/example_dags/example_latest_only.py for tasks to queue
[2022-02-21 23:56:52,589] {logging_mixin.py:109} INFO - [2022-02-21 23:56:52,588] {dagbag.py:500} INFO - Filling up the DagBag from /home/airflow/.local/lib/python3.7/site-packages/airflow/example_dags/example_latest_only.py
[2022-02-21 23:56:52,677] {processor.py:654} INFO - DAG(s) dict_keys(['latest_only']) retrieved from /home/airflow/.local/lib/python3.7/site-packages/airflow/example_dags/example_latest_only.py
[2022-02-21 23:56:52,721] {logging_mixin.py:109} INFO - [2022-02-21 23:56:52,721] {dag.py:2396} INFO - Sync 1 DAGs
[2022-02-21 23:56:52,771] {logging_mixin.py:109} INFO - [2022-02-21 23:56:52,771] {dag.py:2935} INFO - Setting next_dagrun for latest_only to 2022-02-21T19:56:52.771441+00:00
[2022-02-21 23:56:52,801] {processor.py:171} INFO - Processing /home/airflow/.local/lib/python3.7/site-packages/airflow/example_dags/example_latest_only.py took 0.241 seconds
[2022-02-21 23:57:23,378] {processor.py:163} INFO - Started process (PID=761) to work on /home/airflow/.local/lib/python3.7/site-packages/airflow/example_dags/example_latest_only.py
[2022-02-21 23:57:23,415] {processor.py:642} INFO - Processing file /home/airflow/.local/lib/python3.7/site-packages/airflow/example_dags/example_latest_only.py for tasks to queue
[2022-02-21 23:57:23,446] {logging_mixin.py:109} INFO - [2022-02-21 23:57:23,446] {dagbag.py:500} INFO - Filling up the DagBag from /home/airflow/.local/lib/python3.7/site-packages/airflow/example_dags/example_latest_only.py
[2022-02-21 23:57:23,778] {processor.py:654} INFO - DAG(s) dict_keys(['latest_only']) retrieved from /home/airflow/.local/lib/python3.7/site-packages/airflow/example_dags/example_latest_only.py
[2022-02-21 23:57:23,828] {logging_mixin.py:109} INFO - [2022-02-21 23:57:23,828] {dag.py:2396} INFO - Sync 1 DAGs
[2022-02-21 23:57:23,915] {logging_mixin.py:109} INFO - [2022-02-21 23:57:23,914] {dag.py:2935} INFO - Setting next_dagrun for latest_only to 2022-02-21T19:57:23.913581+00:00
[2022-02-21 23:57:23,949] {processor.py:171} INFO - Processing /home/airflow/.local/lib/python3.7/site-packages/airflow/example_dags/example_latest_only.py took 0.576 seconds
[2022-02-21 23:57:54,617] {processor.py:163} INFO - Started process (PID=803) to work on /home/airflow/.local/lib/python3.7/site-packages/airflow/example_dags/example_latest_only.py
[2022-02-21 23:57:54,620] {processor.py:642} INFO - Processing file /home/airflow/.local/lib/python3.7/site-packages/airflow/example_dags/example_latest_only.py for tasks to queue
[2022-02-21 23:57:54,622] {logging_mixin.py:109} INFO - [2022-02-21 23:57:54,622] {dagbag.py:500} INFO - Filling up the DagBag from /home/airflow/.local/lib/python3.7/site-packages/airflow/example_dags/example_latest_only.py
[2022-02-21 23:57:54,657] {processor.py:654} INFO - DAG(s) dict_keys(['latest_only']) retrieved from /home/airflow/.local/lib/python3.7/site-packages/airflow/example_dags/example_latest_only.py
[2022-02-21 23:57:54,671] {logging_mixin.py:109} INFO - [2022-02-21 23:57:54,671] {dag.py:2396} INFO - Sync 1 DAGs
[2022-02-21 23:57:54,689] {logging_mixin.py:109} INFO - [2022-02-21 23:57:54,689] {dag.py:2935} INFO - Setting next_dagrun for latest_only to 2022-02-21T19:57:54.689262+00:00
[2022-02-21 23:57:54,704] {processor.py:171} INFO - Processing /home/airflow/.local/lib/python3.7/site-packages/airflow/example_dags/example_latest_only.py took 0.093 seconds
[2022-02-21 23:58:25,173] {processor.py:163} INFO - Started process (PID=858) to work on /home/airflow/.local/lib/python3.7/site-packages/airflow/example_dags/example_latest_only.py
[2022-02-21 23:58:25,177] {processor.py:642} INFO - Processing file /home/airflow/.local/lib/python3.7/site-packages/airflow/example_dags/example_latest_only.py for tasks to queue
[2022-02-21 23:58:25,179] {logging_mixin.py:109} INFO - [2022-02-21 23:58:25,178] {dagbag.py:500} INFO - Filling up the DagBag from /home/airflow/.local/lib/python3.7/site-packages/airflow/example_dags/example_latest_only.py
[2022-02-21 23:58:25,214] {processor.py:654} INFO - DAG(s) dict_keys(['latest_only']) retrieved from /home/airflow/.local/lib/python3.7/site-packages/airflow/example_dags/example_latest_only.py
[2022-02-21 23:58:25,229] {logging_mixin.py:109} INFO - [2022-02-21 23:58:25,228] {dag.py:2396} INFO - Sync 1 DAGs
[2022-02-21 23:58:25,248] {logging_mixin.py:109} INFO - [2022-02-21 23:58:25,248] {dag.py:2935} INFO - Setting next_dagrun for latest_only to 2022-02-21T19:58:25.247893+00:00
[2022-02-21 23:58:25,261] {processor.py:171} INFO - Processing /home/airflow/.local/lib/python3.7/site-packages/airflow/example_dags/example_latest_only.py took 0.093 seconds
[2022-02-21 23:58:55,572] {processor.py:163} INFO - Started process (PID=920) to work on /home/airflow/.local/lib/python3.7/site-packages/airflow/example_dags/example_latest_only.py
[2022-02-21 23:58:55,576] {processor.py:642} INFO - Processing file /home/airflow/.local/lib/python3.7/site-packages/airflow/example_dags/example_latest_only.py for tasks to queue
[2022-02-21 23:58:55,578] {logging_mixin.py:109} INFO - [2022-02-21 23:58:55,578] {dagbag.py:500} INFO - Filling up the DagBag from /home/airflow/.local/lib/python3.7/site-packages/airflow/example_dags/example_latest_only.py
[2022-02-21 23:58:55,631] {processor.py:654} INFO - DAG(s) dict_keys(['latest_only']) retrieved from /home/airflow/.local/lib/python3.7/site-packages/airflow/example_dags/example_latest_only.py
[2022-02-21 23:58:55,644] {logging_mixin.py:109} INFO - [2022-02-21 23:58:55,644] {dag.py:2396} INFO - Sync 1 DAGs
[2022-02-21 23:58:55,665] {logging_mixin.py:109} INFO - [2022-02-21 23:58:55,665] {dag.py:2935} INFO - Setting next_dagrun for latest_only to 2022-02-21T19:58:55.664766+00:00
[2022-02-21 23:58:55,681] {processor.py:171} INFO - Processing /home/airflow/.local/lib/python3.7/site-packages/airflow/example_dags/example_latest_only.py took 0.116 seconds
[2022-02-21 23:59:25,900] {processor.py:163} INFO - Started process (PID=975) to work on /home/airflow/.local/lib/python3.7/site-packages/airflow/example_dags/example_latest_only.py
[2022-02-21 23:59:25,906] {processor.py:642} INFO - Processing file /home/airflow/.local/lib/python3.7/site-packages/airflow/example_dags/example_latest_only.py for tasks to queue
[2022-02-21 23:59:25,908] {logging_mixin.py:109} INFO - [2022-02-21 23:59:25,908] {dagbag.py:500} INFO - Filling up the DagBag from /home/airflow/.local/lib/python3.7/site-packages/airflow/example_dags/example_latest_only.py
[2022-02-21 23:59:25,989] {processor.py:654} INFO - DAG(s) dict_keys(['latest_only']) retrieved from /home/airflow/.local/lib/python3.7/site-packages/airflow/example_dags/example_latest_only.py
[2022-02-21 23:59:26,006] {logging_mixin.py:109} INFO - [2022-02-21 23:59:26,006] {dag.py:2396} INFO - Sync 1 DAGs
[2022-02-21 23:59:26,033] {logging_mixin.py:109} INFO - [2022-02-21 23:59:26,032] {dag.py:2935} INFO - Setting next_dagrun for latest_only to 2022-02-21T19:59:26.032321+00:00
[2022-02-21 23:59:26,054] {processor.py:171} INFO - Processing /home/airflow/.local/lib/python3.7/site-packages/airflow/example_dags/example_latest_only.py took 0.163 seconds
[2022-02-21 23:59:56,254] {processor.py:163} INFO - Started process (PID=1026) to work on /home/airflow/.local/lib/python3.7/site-packages/airflow/example_dags/example_latest_only.py
[2022-02-21 23:59:56,266] {processor.py:642} INFO - Processing file /home/airflow/.local/lib/python3.7/site-packages/airflow/example_dags/example_latest_only.py for tasks to queue
[2022-02-21 23:59:56,276] {logging_mixin.py:109} INFO - [2022-02-21 23:59:56,276] {dagbag.py:500} INFO - Filling up the DagBag from /home/airflow/.local/lib/python3.7/site-packages/airflow/example_dags/example_latest_only.py
[2022-02-21 23:59:56,361] {processor.py:654} INFO - DAG(s) dict_keys(['latest_only']) retrieved from /home/airflow/.local/lib/python3.7/site-packages/airflow/example_dags/example_latest_only.py
[2022-02-21 23:59:56,392] {logging_mixin.py:109} INFO - [2022-02-21 23:59:56,392] {dag.py:2396} INFO - Sync 1 DAGs
[2022-02-21 23:59:56,437] {logging_mixin.py:109} INFO - [2022-02-21 23:59:56,437] {dag.py:2935} INFO - Setting next_dagrun for latest_only to 2022-02-21T19:59:56.436790+00:00
[2022-02-21 23:59:56,458] {processor.py:171} INFO - Processing /home/airflow/.local/lib/python3.7/site-packages/airflow/example_dags/example_latest_only.py took 0.223 seconds
