[2022-02-21 23:51:12,997] {processor.py:163} INFO - Started process (PID=134) to work on /home/airflow/.local/lib/python3.7/site-packages/airflow/example_dags/example_sla_dag.py
[2022-02-21 23:51:13,015] {processor.py:642} INFO - Processing file /home/airflow/.local/lib/python3.7/site-packages/airflow/example_dags/example_sla_dag.py for tasks to queue
[2022-02-21 23:51:13,029] {logging_mixin.py:109} INFO - [2022-02-21 23:51:13,027] {dagbag.py:500} INFO - Filling up the DagBag from /home/airflow/.local/lib/python3.7/site-packages/airflow/example_dags/example_sla_dag.py
[2022-02-21 23:51:13,242] {processor.py:654} INFO - DAG(s) dict_keys(['example_sla_dag']) retrieved from /home/airflow/.local/lib/python3.7/site-packages/airflow/example_dags/example_sla_dag.py
[2022-02-21 23:51:13,314] {logging_mixin.py:109} INFO - [2022-02-21 23:51:13,313] {dag.py:2396} INFO - Sync 1 DAGs
[2022-02-21 23:51:13,450] {logging_mixin.py:109} INFO - [2022-02-21 23:51:13,450] {dag.py:2935} INFO - Setting next_dagrun for example_sla_dag to 2022-02-21T23:48:00+00:00
[2022-02-21 23:51:13,529] {processor.py:171} INFO - Processing /home/airflow/.local/lib/python3.7/site-packages/airflow/example_dags/example_sla_dag.py took 0.559 seconds
[2022-02-21 23:51:49,206] {processor.py:163} INFO - Started process (PID=175) to work on /home/airflow/.local/lib/python3.7/site-packages/airflow/example_dags/example_sla_dag.py
[2022-02-21 23:51:49,218] {processor.py:642} INFO - Processing file /home/airflow/.local/lib/python3.7/site-packages/airflow/example_dags/example_sla_dag.py for tasks to queue
[2022-02-21 23:51:49,224] {logging_mixin.py:109} INFO - [2022-02-21 23:51:49,224] {dagbag.py:500} INFO - Filling up the DagBag from /home/airflow/.local/lib/python3.7/site-packages/airflow/example_dags/example_sla_dag.py
[2022-02-21 23:51:49,598] {processor.py:654} INFO - DAG(s) dict_keys(['example_sla_dag']) retrieved from /home/airflow/.local/lib/python3.7/site-packages/airflow/example_dags/example_sla_dag.py
[2022-02-21 23:51:49,704] {logging_mixin.py:109} INFO - [2022-02-21 23:51:49,704] {dag.py:2396} INFO - Sync 1 DAGs
[2022-02-21 23:51:49,935] {logging_mixin.py:109} INFO - [2022-02-21 23:51:49,935] {dag.py:2935} INFO - Setting next_dagrun for example_sla_dag to 2022-02-21T23:48:00+00:00
[2022-02-21 23:51:50,059] {processor.py:171} INFO - Processing /home/airflow/.local/lib/python3.7/site-packages/airflow/example_dags/example_sla_dag.py took 0.884 seconds
[2022-02-21 23:52:20,750] {processor.py:163} INFO - Started process (PID=228) to work on /home/airflow/.local/lib/python3.7/site-packages/airflow/example_dags/example_sla_dag.py
[2022-02-21 23:52:20,753] {processor.py:642} INFO - Processing file /home/airflow/.local/lib/python3.7/site-packages/airflow/example_dags/example_sla_dag.py for tasks to queue
[2022-02-21 23:52:20,754] {logging_mixin.py:109} INFO - [2022-02-21 23:52:20,754] {dagbag.py:500} INFO - Filling up the DagBag from /home/airflow/.local/lib/python3.7/site-packages/airflow/example_dags/example_sla_dag.py
[2022-02-21 23:52:20,836] {processor.py:654} INFO - DAG(s) dict_keys(['example_sla_dag']) retrieved from /home/airflow/.local/lib/python3.7/site-packages/airflow/example_dags/example_sla_dag.py
[2022-02-21 23:52:20,860] {logging_mixin.py:109} INFO - [2022-02-21 23:52:20,860] {dag.py:2396} INFO - Sync 1 DAGs
[2022-02-21 23:52:20,899] {logging_mixin.py:109} INFO - [2022-02-21 23:52:20,899] {dag.py:2935} INFO - Setting next_dagrun for example_sla_dag to 2022-02-21T23:50:00+00:00
[2022-02-21 23:52:20,925] {processor.py:171} INFO - Processing /home/airflow/.local/lib/python3.7/site-packages/airflow/example_dags/example_sla_dag.py took 0.194 seconds
[2022-02-21 23:52:51,261] {processor.py:163} INFO - Started process (PID=280) to work on /home/airflow/.local/lib/python3.7/site-packages/airflow/example_dags/example_sla_dag.py
[2022-02-21 23:52:51,269] {processor.py:642} INFO - Processing file /home/airflow/.local/lib/python3.7/site-packages/airflow/example_dags/example_sla_dag.py for tasks to queue
[2022-02-21 23:52:51,273] {logging_mixin.py:109} INFO - [2022-02-21 23:52:51,273] {dagbag.py:500} INFO - Filling up the DagBag from /home/airflow/.local/lib/python3.7/site-packages/airflow/example_dags/example_sla_dag.py
[2022-02-21 23:52:51,358] {processor.py:654} INFO - DAG(s) dict_keys(['example_sla_dag']) retrieved from /home/airflow/.local/lib/python3.7/site-packages/airflow/example_dags/example_sla_dag.py
[2022-02-21 23:52:51,388] {logging_mixin.py:109} INFO - [2022-02-21 23:52:51,388] {dag.py:2396} INFO - Sync 1 DAGs
[2022-02-21 23:52:51,461] {logging_mixin.py:109} INFO - [2022-02-21 23:52:51,457] {dag.py:2935} INFO - Setting next_dagrun for example_sla_dag to 2022-02-21T23:50:00+00:00
[2022-02-21 23:52:51,484] {processor.py:171} INFO - Processing /home/airflow/.local/lib/python3.7/site-packages/airflow/example_dags/example_sla_dag.py took 0.253 seconds
[2022-02-21 23:53:22,482] {processor.py:163} INFO - Started process (PID=335) to work on /home/airflow/.local/lib/python3.7/site-packages/airflow/example_dags/example_sla_dag.py
[2022-02-21 23:53:22,487] {processor.py:642} INFO - Processing file /home/airflow/.local/lib/python3.7/site-packages/airflow/example_dags/example_sla_dag.py for tasks to queue
[2022-02-21 23:53:22,490] {logging_mixin.py:109} INFO - [2022-02-21 23:53:22,490] {dagbag.py:500} INFO - Filling up the DagBag from /home/airflow/.local/lib/python3.7/site-packages/airflow/example_dags/example_sla_dag.py
[2022-02-21 23:53:22,564] {processor.py:654} INFO - DAG(s) dict_keys(['example_sla_dag']) retrieved from /home/airflow/.local/lib/python3.7/site-packages/airflow/example_dags/example_sla_dag.py
[2022-02-21 23:53:22,587] {logging_mixin.py:109} INFO - [2022-02-21 23:53:22,587] {dag.py:2396} INFO - Sync 1 DAGs
[2022-02-21 23:53:22,630] {logging_mixin.py:109} INFO - [2022-02-21 23:53:22,630] {dag.py:2935} INFO - Setting next_dagrun for example_sla_dag to 2022-02-21T23:50:00+00:00
[2022-02-21 23:53:22,656] {processor.py:171} INFO - Processing /home/airflow/.local/lib/python3.7/site-packages/airflow/example_dags/example_sla_dag.py took 0.193 seconds
[2022-02-21 23:53:52,732] {processor.py:163} INFO - Started process (PID=389) to work on /home/airflow/.local/lib/python3.7/site-packages/airflow/example_dags/example_sla_dag.py
[2022-02-21 23:53:52,735] {processor.py:642} INFO - Processing file /home/airflow/.local/lib/python3.7/site-packages/airflow/example_dags/example_sla_dag.py for tasks to queue
[2022-02-21 23:53:52,738] {logging_mixin.py:109} INFO - [2022-02-21 23:53:52,738] {dagbag.py:500} INFO - Filling up the DagBag from /home/airflow/.local/lib/python3.7/site-packages/airflow/example_dags/example_sla_dag.py
[2022-02-21 23:53:52,855] {processor.py:654} INFO - DAG(s) dict_keys(['example_sla_dag']) retrieved from /home/airflow/.local/lib/python3.7/site-packages/airflow/example_dags/example_sla_dag.py
[2022-02-21 23:53:52,875] {logging_mixin.py:109} INFO - [2022-02-21 23:53:52,875] {dag.py:2396} INFO - Sync 1 DAGs
[2022-02-21 23:53:52,906] {logging_mixin.py:109} INFO - [2022-02-21 23:53:52,906] {dag.py:2935} INFO - Setting next_dagrun for example_sla_dag to 2022-02-21T23:50:00+00:00
[2022-02-21 23:53:52,924] {processor.py:171} INFO - Processing /home/airflow/.local/lib/python3.7/site-packages/airflow/example_dags/example_sla_dag.py took 0.198 seconds
[2022-02-21 23:54:23,054] {processor.py:163} INFO - Started process (PID=442) to work on /home/airflow/.local/lib/python3.7/site-packages/airflow/example_dags/example_sla_dag.py
[2022-02-21 23:54:23,064] {processor.py:642} INFO - Processing file /home/airflow/.local/lib/python3.7/site-packages/airflow/example_dags/example_sla_dag.py for tasks to queue
[2022-02-21 23:54:23,066] {logging_mixin.py:109} INFO - [2022-02-21 23:54:23,066] {dagbag.py:500} INFO - Filling up the DagBag from /home/airflow/.local/lib/python3.7/site-packages/airflow/example_dags/example_sla_dag.py
[2022-02-21 23:54:23,183] {processor.py:654} INFO - DAG(s) dict_keys(['example_sla_dag']) retrieved from /home/airflow/.local/lib/python3.7/site-packages/airflow/example_dags/example_sla_dag.py
[2022-02-21 23:54:23,212] {logging_mixin.py:109} INFO - [2022-02-21 23:54:23,212] {dag.py:2396} INFO - Sync 1 DAGs
[2022-02-21 23:54:23,299] {logging_mixin.py:109} INFO - [2022-02-21 23:54:23,299] {dag.py:2935} INFO - Setting next_dagrun for example_sla_dag to 2022-02-21T23:52:00+00:00
[2022-02-21 23:54:23,317] {processor.py:171} INFO - Processing /home/airflow/.local/lib/python3.7/site-packages/airflow/example_dags/example_sla_dag.py took 0.268 seconds
[2022-02-21 23:54:53,720] {processor.py:163} INFO - Started process (PID=494) to work on /home/airflow/.local/lib/python3.7/site-packages/airflow/example_dags/example_sla_dag.py
[2022-02-21 23:54:53,734] {processor.py:642} INFO - Processing file /home/airflow/.local/lib/python3.7/site-packages/airflow/example_dags/example_sla_dag.py for tasks to queue
[2022-02-21 23:54:53,735] {logging_mixin.py:109} INFO - [2022-02-21 23:54:53,735] {dagbag.py:500} INFO - Filling up the DagBag from /home/airflow/.local/lib/python3.7/site-packages/airflow/example_dags/example_sla_dag.py
[2022-02-21 23:54:53,819] {processor.py:654} INFO - DAG(s) dict_keys(['example_sla_dag']) retrieved from /home/airflow/.local/lib/python3.7/site-packages/airflow/example_dags/example_sla_dag.py
[2022-02-21 23:54:53,854] {logging_mixin.py:109} INFO - [2022-02-21 23:54:53,854] {dag.py:2396} INFO - Sync 1 DAGs
[2022-02-21 23:54:53,878] {logging_mixin.py:109} INFO - [2022-02-21 23:54:53,878] {dag.py:2935} INFO - Setting next_dagrun for example_sla_dag to 2022-02-21T23:52:00+00:00
[2022-02-21 23:54:53,891] {processor.py:171} INFO - Processing /home/airflow/.local/lib/python3.7/site-packages/airflow/example_dags/example_sla_dag.py took 0.186 seconds
[2022-02-21 23:55:24,238] {processor.py:163} INFO - Started process (PID=546) to work on /home/airflow/.local/lib/python3.7/site-packages/airflow/example_dags/example_sla_dag.py
[2022-02-21 23:55:24,262] {processor.py:642} INFO - Processing file /home/airflow/.local/lib/python3.7/site-packages/airflow/example_dags/example_sla_dag.py for tasks to queue
[2022-02-21 23:55:24,280] {logging_mixin.py:109} INFO - [2022-02-21 23:55:24,280] {dagbag.py:500} INFO - Filling up the DagBag from /home/airflow/.local/lib/python3.7/site-packages/airflow/example_dags/example_sla_dag.py
[2022-02-21 23:55:24,369] {processor.py:654} INFO - DAG(s) dict_keys(['example_sla_dag']) retrieved from /home/airflow/.local/lib/python3.7/site-packages/airflow/example_dags/example_sla_dag.py
[2022-02-21 23:55:24,383] {logging_mixin.py:109} INFO - [2022-02-21 23:55:24,383] {dag.py:2396} INFO - Sync 1 DAGs
[2022-02-21 23:55:24,407] {logging_mixin.py:109} INFO - [2022-02-21 23:55:24,407] {dag.py:2935} INFO - Setting next_dagrun for example_sla_dag to 2022-02-21T23:52:00+00:00
[2022-02-21 23:55:24,421] {processor.py:171} INFO - Processing /home/airflow/.local/lib/python3.7/site-packages/airflow/example_dags/example_sla_dag.py took 0.194 seconds
[2022-02-21 23:55:54,479] {processor.py:163} INFO - Started process (PID=601) to work on /home/airflow/.local/lib/python3.7/site-packages/airflow/example_dags/example_sla_dag.py
[2022-02-21 23:55:54,482] {processor.py:642} INFO - Processing file /home/airflow/.local/lib/python3.7/site-packages/airflow/example_dags/example_sla_dag.py for tasks to queue
[2022-02-21 23:55:54,483] {logging_mixin.py:109} INFO - [2022-02-21 23:55:54,483] {dagbag.py:500} INFO - Filling up the DagBag from /home/airflow/.local/lib/python3.7/site-packages/airflow/example_dags/example_sla_dag.py
[2022-02-21 23:55:54,519] {processor.py:654} INFO - DAG(s) dict_keys(['example_sla_dag']) retrieved from /home/airflow/.local/lib/python3.7/site-packages/airflow/example_dags/example_sla_dag.py
[2022-02-21 23:55:54,531] {logging_mixin.py:109} INFO - [2022-02-21 23:55:54,531] {dag.py:2396} INFO - Sync 1 DAGs
[2022-02-21 23:55:54,550] {logging_mixin.py:109} INFO - [2022-02-21 23:55:54,550] {dag.py:2935} INFO - Setting next_dagrun for example_sla_dag to 2022-02-21T23:52:00+00:00
[2022-02-21 23:55:54,563] {processor.py:171} INFO - Processing /home/airflow/.local/lib/python3.7/site-packages/airflow/example_dags/example_sla_dag.py took 0.087 seconds
[2022-02-21 23:56:25,206] {processor.py:163} INFO - Started process (PID=654) to work on /home/airflow/.local/lib/python3.7/site-packages/airflow/example_dags/example_sla_dag.py
[2022-02-21 23:56:25,213] {processor.py:642} INFO - Processing file /home/airflow/.local/lib/python3.7/site-packages/airflow/example_dags/example_sla_dag.py for tasks to queue
[2022-02-21 23:56:25,218] {logging_mixin.py:109} INFO - [2022-02-21 23:56:25,217] {dagbag.py:500} INFO - Filling up the DagBag from /home/airflow/.local/lib/python3.7/site-packages/airflow/example_dags/example_sla_dag.py
[2022-02-21 23:56:25,293] {processor.py:654} INFO - DAG(s) dict_keys(['example_sla_dag']) retrieved from /home/airflow/.local/lib/python3.7/site-packages/airflow/example_dags/example_sla_dag.py
[2022-02-21 23:56:25,318] {logging_mixin.py:109} INFO - [2022-02-21 23:56:25,318] {dag.py:2396} INFO - Sync 1 DAGs
[2022-02-21 23:56:25,397] {logging_mixin.py:109} INFO - [2022-02-21 23:56:25,396] {dag.py:2935} INFO - Setting next_dagrun for example_sla_dag to 2022-02-21T23:54:00+00:00
[2022-02-21 23:56:25,422] {processor.py:171} INFO - Processing /home/airflow/.local/lib/python3.7/site-packages/airflow/example_dags/example_sla_dag.py took 0.234 seconds
[2022-02-21 23:56:55,902] {processor.py:163} INFO - Started process (PID=710) to work on /home/airflow/.local/lib/python3.7/site-packages/airflow/example_dags/example_sla_dag.py
[2022-02-21 23:56:55,909] {processor.py:642} INFO - Processing file /home/airflow/.local/lib/python3.7/site-packages/airflow/example_dags/example_sla_dag.py for tasks to queue
[2022-02-21 23:56:55,911] {logging_mixin.py:109} INFO - [2022-02-21 23:56:55,911] {dagbag.py:500} INFO - Filling up the DagBag from /home/airflow/.local/lib/python3.7/site-packages/airflow/example_dags/example_sla_dag.py
[2022-02-21 23:56:56,016] {processor.py:654} INFO - DAG(s) dict_keys(['example_sla_dag']) retrieved from /home/airflow/.local/lib/python3.7/site-packages/airflow/example_dags/example_sla_dag.py
[2022-02-21 23:56:56,062] {logging_mixin.py:109} INFO - [2022-02-21 23:56:56,062] {dag.py:2396} INFO - Sync 1 DAGs
[2022-02-21 23:56:56,142] {logging_mixin.py:109} INFO - [2022-02-21 23:56:56,137] {dag.py:2935} INFO - Setting next_dagrun for example_sla_dag to 2022-02-21T23:54:00+00:00
[2022-02-21 23:56:56,181] {processor.py:171} INFO - Processing /home/airflow/.local/lib/python3.7/site-packages/airflow/example_dags/example_sla_dag.py took 0.285 seconds
[2022-02-21 23:57:26,306] {processor.py:163} INFO - Started process (PID=763) to work on /home/airflow/.local/lib/python3.7/site-packages/airflow/example_dags/example_sla_dag.py
[2022-02-21 23:57:26,318] {processor.py:642} INFO - Processing file /home/airflow/.local/lib/python3.7/site-packages/airflow/example_dags/example_sla_dag.py for tasks to queue
[2022-02-21 23:57:26,323] {logging_mixin.py:109} INFO - [2022-02-21 23:57:26,322] {dagbag.py:500} INFO - Filling up the DagBag from /home/airflow/.local/lib/python3.7/site-packages/airflow/example_dags/example_sla_dag.py
[2022-02-21 23:57:26,447] {processor.py:654} INFO - DAG(s) dict_keys(['example_sla_dag']) retrieved from /home/airflow/.local/lib/python3.7/site-packages/airflow/example_dags/example_sla_dag.py
[2022-02-21 23:57:26,499] {logging_mixin.py:109} INFO - [2022-02-21 23:57:26,498] {dag.py:2396} INFO - Sync 1 DAGs
[2022-02-21 23:57:26,558] {logging_mixin.py:109} INFO - [2022-02-21 23:57:26,558] {dag.py:2935} INFO - Setting next_dagrun for example_sla_dag to 2022-02-21T23:54:00+00:00
[2022-02-21 23:57:26,603] {processor.py:171} INFO - Processing /home/airflow/.local/lib/python3.7/site-packages/airflow/example_dags/example_sla_dag.py took 0.317 seconds
[2022-02-21 23:57:56,806] {processor.py:163} INFO - Started process (PID=815) to work on /home/airflow/.local/lib/python3.7/site-packages/airflow/example_dags/example_sla_dag.py
[2022-02-21 23:57:56,810] {processor.py:642} INFO - Processing file /home/airflow/.local/lib/python3.7/site-packages/airflow/example_dags/example_sla_dag.py for tasks to queue
[2022-02-21 23:57:56,813] {logging_mixin.py:109} INFO - [2022-02-21 23:57:56,812] {dagbag.py:500} INFO - Filling up the DagBag from /home/airflow/.local/lib/python3.7/site-packages/airflow/example_dags/example_sla_dag.py
[2022-02-21 23:57:56,859] {processor.py:654} INFO - DAG(s) dict_keys(['example_sla_dag']) retrieved from /home/airflow/.local/lib/python3.7/site-packages/airflow/example_dags/example_sla_dag.py
[2022-02-21 23:57:56,876] {logging_mixin.py:109} INFO - [2022-02-21 23:57:56,876] {dag.py:2396} INFO - Sync 1 DAGs
[2022-02-21 23:57:56,902] {logging_mixin.py:109} INFO - [2022-02-21 23:57:56,902] {dag.py:2935} INFO - Setting next_dagrun for example_sla_dag to 2022-02-21T23:54:00+00:00
[2022-02-21 23:57:56,917] {processor.py:171} INFO - Processing /home/airflow/.local/lib/python3.7/site-packages/airflow/example_dags/example_sla_dag.py took 0.120 seconds
[2022-02-21 23:58:27,301] {processor.py:163} INFO - Started process (PID=872) to work on /home/airflow/.local/lib/python3.7/site-packages/airflow/example_dags/example_sla_dag.py
[2022-02-21 23:58:27,304] {processor.py:642} INFO - Processing file /home/airflow/.local/lib/python3.7/site-packages/airflow/example_dags/example_sla_dag.py for tasks to queue
[2022-02-21 23:58:27,306] {logging_mixin.py:109} INFO - [2022-02-21 23:58:27,306] {dagbag.py:500} INFO - Filling up the DagBag from /home/airflow/.local/lib/python3.7/site-packages/airflow/example_dags/example_sla_dag.py
[2022-02-21 23:58:27,347] {processor.py:654} INFO - DAG(s) dict_keys(['example_sla_dag']) retrieved from /home/airflow/.local/lib/python3.7/site-packages/airflow/example_dags/example_sla_dag.py
[2022-02-21 23:58:27,372] {logging_mixin.py:109} INFO - [2022-02-21 23:58:27,371] {dag.py:2396} INFO - Sync 1 DAGs
[2022-02-21 23:58:27,392] {logging_mixin.py:109} INFO - [2022-02-21 23:58:27,392] {dag.py:2935} INFO - Setting next_dagrun for example_sla_dag to 2022-02-21T23:56:00+00:00
[2022-02-21 23:58:27,406] {processor.py:171} INFO - Processing /home/airflow/.local/lib/python3.7/site-packages/airflow/example_dags/example_sla_dag.py took 0.112 seconds
[2022-02-21 23:58:57,817] {processor.py:163} INFO - Started process (PID=925) to work on /home/airflow/.local/lib/python3.7/site-packages/airflow/example_dags/example_sla_dag.py
[2022-02-21 23:58:57,821] {processor.py:642} INFO - Processing file /home/airflow/.local/lib/python3.7/site-packages/airflow/example_dags/example_sla_dag.py for tasks to queue
[2022-02-21 23:58:57,823] {logging_mixin.py:109} INFO - [2022-02-21 23:58:57,823] {dagbag.py:500} INFO - Filling up the DagBag from /home/airflow/.local/lib/python3.7/site-packages/airflow/example_dags/example_sla_dag.py
[2022-02-21 23:58:57,886] {processor.py:654} INFO - DAG(s) dict_keys(['example_sla_dag']) retrieved from /home/airflow/.local/lib/python3.7/site-packages/airflow/example_dags/example_sla_dag.py
[2022-02-21 23:58:57,911] {logging_mixin.py:109} INFO - [2022-02-21 23:58:57,911] {dag.py:2396} INFO - Sync 1 DAGs
[2022-02-21 23:58:57,990] {logging_mixin.py:109} INFO - [2022-02-21 23:58:57,990] {dag.py:2935} INFO - Setting next_dagrun for example_sla_dag to 2022-02-21T23:56:00+00:00
[2022-02-21 23:58:58,043] {processor.py:171} INFO - Processing /home/airflow/.local/lib/python3.7/site-packages/airflow/example_dags/example_sla_dag.py took 0.234 seconds
[2022-02-21 23:59:28,268] {processor.py:163} INFO - Started process (PID=978) to work on /home/airflow/.local/lib/python3.7/site-packages/airflow/example_dags/example_sla_dag.py
[2022-02-21 23:59:28,270] {processor.py:642} INFO - Processing file /home/airflow/.local/lib/python3.7/site-packages/airflow/example_dags/example_sla_dag.py for tasks to queue
[2022-02-21 23:59:28,273] {logging_mixin.py:109} INFO - [2022-02-21 23:59:28,273] {dagbag.py:500} INFO - Filling up the DagBag from /home/airflow/.local/lib/python3.7/site-packages/airflow/example_dags/example_sla_dag.py
[2022-02-21 23:59:28,349] {processor.py:654} INFO - DAG(s) dict_keys(['example_sla_dag']) retrieved from /home/airflow/.local/lib/python3.7/site-packages/airflow/example_dags/example_sla_dag.py
[2022-02-21 23:59:28,360] {logging_mixin.py:109} INFO - [2022-02-21 23:59:28,360] {dag.py:2396} INFO - Sync 1 DAGs
[2022-02-21 23:59:28,379] {logging_mixin.py:109} INFO - [2022-02-21 23:59:28,379] {dag.py:2935} INFO - Setting next_dagrun for example_sla_dag to 2022-02-21T23:56:00+00:00
[2022-02-21 23:59:28,388] {processor.py:171} INFO - Processing /home/airflow/.local/lib/python3.7/site-packages/airflow/example_dags/example_sla_dag.py took 0.124 seconds
[2022-02-21 23:59:58,725] {processor.py:163} INFO - Started process (PID=1029) to work on /home/airflow/.local/lib/python3.7/site-packages/airflow/example_dags/example_sla_dag.py
[2022-02-21 23:59:58,734] {processor.py:642} INFO - Processing file /home/airflow/.local/lib/python3.7/site-packages/airflow/example_dags/example_sla_dag.py for tasks to queue
[2022-02-21 23:59:58,745] {logging_mixin.py:109} INFO - [2022-02-21 23:59:58,745] {dagbag.py:500} INFO - Filling up the DagBag from /home/airflow/.local/lib/python3.7/site-packages/airflow/example_dags/example_sla_dag.py
[2022-02-21 23:59:58,796] {processor.py:654} INFO - DAG(s) dict_keys(['example_sla_dag']) retrieved from /home/airflow/.local/lib/python3.7/site-packages/airflow/example_dags/example_sla_dag.py
[2022-02-21 23:59:58,811] {logging_mixin.py:109} INFO - [2022-02-21 23:59:58,811] {dag.py:2396} INFO - Sync 1 DAGs
[2022-02-21 23:59:58,837] {logging_mixin.py:109} INFO - [2022-02-21 23:59:58,837] {dag.py:2935} INFO - Setting next_dagrun for example_sla_dag to 2022-02-21T23:56:00+00:00
[2022-02-21 23:59:58,907] {processor.py:171} INFO - Processing /home/airflow/.local/lib/python3.7/site-packages/airflow/example_dags/example_sla_dag.py took 0.194 seconds
