[2022-02-21 23:51:57,043] {processor.py:163} INFO - Started process (PID=187) to work on /home/airflow/.local/lib/python3.7/site-packages/airflow/example_dags/example_branch_labels.py
[2022-02-21 23:51:57,056] {processor.py:642} INFO - Processing file /home/airflow/.local/lib/python3.7/site-packages/airflow/example_dags/example_branch_labels.py for tasks to queue
[2022-02-21 23:51:57,059] {logging_mixin.py:109} INFO - [2022-02-21 23:51:57,058] {dagbag.py:500} INFO - Filling up the DagBag from /home/airflow/.local/lib/python3.7/site-packages/airflow/example_dags/example_branch_labels.py
[2022-02-21 23:51:57,106] {processor.py:654} INFO - DAG(s) dict_keys(['example_branch_labels']) retrieved from /home/airflow/.local/lib/python3.7/site-packages/airflow/example_dags/example_branch_labels.py
[2022-02-21 23:51:57,160] {logging_mixin.py:109} INFO - [2022-02-21 23:51:57,160] {dag.py:2396} INFO - Sync 1 DAGs
[2022-02-21 23:51:57,224] {logging_mixin.py:109} INFO - [2022-02-21 23:51:57,224] {dag.py:2935} INFO - Setting next_dagrun for example_branch_labels to 2022-02-20 00:00:00+00:00
[2022-02-21 23:51:57,279] {processor.py:171} INFO - Processing /home/airflow/.local/lib/python3.7/site-packages/airflow/example_dags/example_branch_labels.py took 0.243 seconds
[2022-02-21 23:52:27,347] {processor.py:163} INFO - Started process (PID=241) to work on /home/airflow/.local/lib/python3.7/site-packages/airflow/example_dags/example_branch_labels.py
[2022-02-21 23:52:27,349] {processor.py:642} INFO - Processing file /home/airflow/.local/lib/python3.7/site-packages/airflow/example_dags/example_branch_labels.py for tasks to queue
[2022-02-21 23:52:27,351] {logging_mixin.py:109} INFO - [2022-02-21 23:52:27,351] {dagbag.py:500} INFO - Filling up the DagBag from /home/airflow/.local/lib/python3.7/site-packages/airflow/example_dags/example_branch_labels.py
[2022-02-21 23:52:27,391] {processor.py:654} INFO - DAG(s) dict_keys(['example_branch_labels']) retrieved from /home/airflow/.local/lib/python3.7/site-packages/airflow/example_dags/example_branch_labels.py
[2022-02-21 23:52:27,406] {logging_mixin.py:109} INFO - [2022-02-21 23:52:27,406] {dag.py:2396} INFO - Sync 1 DAGs
[2022-02-21 23:52:27,426] {logging_mixin.py:109} INFO - [2022-02-21 23:52:27,426] {dag.py:2935} INFO - Setting next_dagrun for example_branch_labels to 2022-02-20 00:00:00+00:00
[2022-02-21 23:52:27,437] {processor.py:171} INFO - Processing /home/airflow/.local/lib/python3.7/site-packages/airflow/example_dags/example_branch_labels.py took 0.098 seconds
[2022-02-21 23:52:58,229] {processor.py:163} INFO - Started process (PID=293) to work on /home/airflow/.local/lib/python3.7/site-packages/airflow/example_dags/example_branch_labels.py
[2022-02-21 23:52:58,249] {processor.py:642} INFO - Processing file /home/airflow/.local/lib/python3.7/site-packages/airflow/example_dags/example_branch_labels.py for tasks to queue
[2022-02-21 23:52:58,252] {logging_mixin.py:109} INFO - [2022-02-21 23:52:58,252] {dagbag.py:500} INFO - Filling up the DagBag from /home/airflow/.local/lib/python3.7/site-packages/airflow/example_dags/example_branch_labels.py
[2022-02-21 23:52:58,347] {processor.py:654} INFO - DAG(s) dict_keys(['example_branch_labels']) retrieved from /home/airflow/.local/lib/python3.7/site-packages/airflow/example_dags/example_branch_labels.py
[2022-02-21 23:52:58,372] {logging_mixin.py:109} INFO - [2022-02-21 23:52:58,372] {dag.py:2396} INFO - Sync 1 DAGs
[2022-02-21 23:52:58,394] {logging_mixin.py:109} INFO - [2022-02-21 23:52:58,394] {dag.py:2935} INFO - Setting next_dagrun for example_branch_labels to 2022-02-20 00:00:00+00:00
[2022-02-21 23:52:58,410] {processor.py:171} INFO - Processing /home/airflow/.local/lib/python3.7/site-packages/airflow/example_dags/example_branch_labels.py took 0.203 seconds
[2022-02-21 23:53:28,795] {processor.py:163} INFO - Started process (PID=348) to work on /home/airflow/.local/lib/python3.7/site-packages/airflow/example_dags/example_branch_labels.py
[2022-02-21 23:53:28,800] {processor.py:642} INFO - Processing file /home/airflow/.local/lib/python3.7/site-packages/airflow/example_dags/example_branch_labels.py for tasks to queue
[2022-02-21 23:53:28,804] {logging_mixin.py:109} INFO - [2022-02-21 23:53:28,804] {dagbag.py:500} INFO - Filling up the DagBag from /home/airflow/.local/lib/python3.7/site-packages/airflow/example_dags/example_branch_labels.py
[2022-02-21 23:53:28,862] {processor.py:654} INFO - DAG(s) dict_keys(['example_branch_labels']) retrieved from /home/airflow/.local/lib/python3.7/site-packages/airflow/example_dags/example_branch_labels.py
[2022-02-21 23:53:28,883] {logging_mixin.py:109} INFO - [2022-02-21 23:53:28,882] {dag.py:2396} INFO - Sync 1 DAGs
[2022-02-21 23:53:28,909] {logging_mixin.py:109} INFO - [2022-02-21 23:53:28,909] {dag.py:2935} INFO - Setting next_dagrun for example_branch_labels to 2022-02-20 00:00:00+00:00
[2022-02-21 23:53:28,927] {processor.py:171} INFO - Processing /home/airflow/.local/lib/python3.7/site-packages/airflow/example_dags/example_branch_labels.py took 0.140 seconds
[2022-02-21 23:53:59,656] {processor.py:163} INFO - Started process (PID=402) to work on /home/airflow/.local/lib/python3.7/site-packages/airflow/example_dags/example_branch_labels.py
[2022-02-21 23:53:59,659] {processor.py:642} INFO - Processing file /home/airflow/.local/lib/python3.7/site-packages/airflow/example_dags/example_branch_labels.py for tasks to queue
[2022-02-21 23:53:59,661] {logging_mixin.py:109} INFO - [2022-02-21 23:53:59,661] {dagbag.py:500} INFO - Filling up the DagBag from /home/airflow/.local/lib/python3.7/site-packages/airflow/example_dags/example_branch_labels.py
[2022-02-21 23:53:59,721] {processor.py:654} INFO - DAG(s) dict_keys(['example_branch_labels']) retrieved from /home/airflow/.local/lib/python3.7/site-packages/airflow/example_dags/example_branch_labels.py
[2022-02-21 23:53:59,736] {logging_mixin.py:109} INFO - [2022-02-21 23:53:59,736] {dag.py:2396} INFO - Sync 1 DAGs
[2022-02-21 23:53:59,767] {logging_mixin.py:109} INFO - [2022-02-21 23:53:59,767] {dag.py:2935} INFO - Setting next_dagrun for example_branch_labels to 2022-02-20 00:00:00+00:00
[2022-02-21 23:53:59,776] {processor.py:171} INFO - Processing /home/airflow/.local/lib/python3.7/site-packages/airflow/example_dags/example_branch_labels.py took 0.127 seconds
[2022-02-21 23:54:30,417] {processor.py:163} INFO - Started process (PID=455) to work on /home/airflow/.local/lib/python3.7/site-packages/airflow/example_dags/example_branch_labels.py
[2022-02-21 23:54:30,427] {processor.py:642} INFO - Processing file /home/airflow/.local/lib/python3.7/site-packages/airflow/example_dags/example_branch_labels.py for tasks to queue
[2022-02-21 23:54:30,445] {logging_mixin.py:109} INFO - [2022-02-21 23:54:30,440] {dagbag.py:500} INFO - Filling up the DagBag from /home/airflow/.local/lib/python3.7/site-packages/airflow/example_dags/example_branch_labels.py
[2022-02-21 23:54:30,845] {processor.py:654} INFO - DAG(s) dict_keys(['example_branch_labels']) retrieved from /home/airflow/.local/lib/python3.7/site-packages/airflow/example_dags/example_branch_labels.py
[2022-02-21 23:54:30,876] {logging_mixin.py:109} INFO - [2022-02-21 23:54:30,876] {dag.py:2396} INFO - Sync 1 DAGs
[2022-02-21 23:54:30,973] {logging_mixin.py:109} INFO - [2022-02-21 23:54:30,972] {dag.py:2935} INFO - Setting next_dagrun for example_branch_labels to 2022-02-20 00:00:00+00:00
[2022-02-21 23:54:30,996] {processor.py:171} INFO - Processing /home/airflow/.local/lib/python3.7/site-packages/airflow/example_dags/example_branch_labels.py took 0.586 seconds
[2022-02-21 23:55:01,390] {processor.py:163} INFO - Started process (PID=506) to work on /home/airflow/.local/lib/python3.7/site-packages/airflow/example_dags/example_branch_labels.py
[2022-02-21 23:55:01,393] {processor.py:642} INFO - Processing file /home/airflow/.local/lib/python3.7/site-packages/airflow/example_dags/example_branch_labels.py for tasks to queue
[2022-02-21 23:55:01,396] {logging_mixin.py:109} INFO - [2022-02-21 23:55:01,396] {dagbag.py:500} INFO - Filling up the DagBag from /home/airflow/.local/lib/python3.7/site-packages/airflow/example_dags/example_branch_labels.py
[2022-02-21 23:55:01,450] {processor.py:654} INFO - DAG(s) dict_keys(['example_branch_labels']) retrieved from /home/airflow/.local/lib/python3.7/site-packages/airflow/example_dags/example_branch_labels.py
[2022-02-21 23:55:01,469] {logging_mixin.py:109} INFO - [2022-02-21 23:55:01,469] {dag.py:2396} INFO - Sync 1 DAGs
[2022-02-21 23:55:01,497] {logging_mixin.py:109} INFO - [2022-02-21 23:55:01,496] {dag.py:2935} INFO - Setting next_dagrun for example_branch_labels to 2022-02-20 00:00:00+00:00
[2022-02-21 23:55:01,515] {processor.py:171} INFO - Processing /home/airflow/.local/lib/python3.7/site-packages/airflow/example_dags/example_branch_labels.py took 0.132 seconds
[2022-02-21 23:55:32,216] {processor.py:163} INFO - Started process (PID=558) to work on /home/airflow/.local/lib/python3.7/site-packages/airflow/example_dags/example_branch_labels.py
[2022-02-21 23:55:32,226] {processor.py:642} INFO - Processing file /home/airflow/.local/lib/python3.7/site-packages/airflow/example_dags/example_branch_labels.py for tasks to queue
[2022-02-21 23:55:32,228] {logging_mixin.py:109} INFO - [2022-02-21 23:55:32,228] {dagbag.py:500} INFO - Filling up the DagBag from /home/airflow/.local/lib/python3.7/site-packages/airflow/example_dags/example_branch_labels.py
[2022-02-21 23:55:32,334] {processor.py:654} INFO - DAG(s) dict_keys(['example_branch_labels']) retrieved from /home/airflow/.local/lib/python3.7/site-packages/airflow/example_dags/example_branch_labels.py
[2022-02-21 23:55:32,375] {logging_mixin.py:109} INFO - [2022-02-21 23:55:32,375] {dag.py:2396} INFO - Sync 1 DAGs
[2022-02-21 23:55:32,420] {logging_mixin.py:109} INFO - [2022-02-21 23:55:32,420] {dag.py:2935} INFO - Setting next_dagrun for example_branch_labels to 2022-02-20 00:00:00+00:00
[2022-02-21 23:55:32,447] {processor.py:171} INFO - Processing /home/airflow/.local/lib/python3.7/site-packages/airflow/example_dags/example_branch_labels.py took 0.235 seconds
[2022-02-21 23:56:02,526] {processor.py:163} INFO - Started process (PID=620) to work on /home/airflow/.local/lib/python3.7/site-packages/airflow/example_dags/example_branch_labels.py
[2022-02-21 23:56:02,536] {processor.py:642} INFO - Processing file /home/airflow/.local/lib/python3.7/site-packages/airflow/example_dags/example_branch_labels.py for tasks to queue
[2022-02-21 23:56:02,538] {logging_mixin.py:109} INFO - [2022-02-21 23:56:02,538] {dagbag.py:500} INFO - Filling up the DagBag from /home/airflow/.local/lib/python3.7/site-packages/airflow/example_dags/example_branch_labels.py
[2022-02-21 23:56:02,630] {processor.py:654} INFO - DAG(s) dict_keys(['example_branch_labels']) retrieved from /home/airflow/.local/lib/python3.7/site-packages/airflow/example_dags/example_branch_labels.py
[2022-02-21 23:56:02,670] {logging_mixin.py:109} INFO - [2022-02-21 23:56:02,669] {dag.py:2396} INFO - Sync 1 DAGs
[2022-02-21 23:56:02,703] {logging_mixin.py:109} INFO - [2022-02-21 23:56:02,702] {dag.py:2935} INFO - Setting next_dagrun for example_branch_labels to 2022-02-20 00:00:00+00:00
[2022-02-21 23:56:02,719] {processor.py:171} INFO - Processing /home/airflow/.local/lib/python3.7/site-packages/airflow/example_dags/example_branch_labels.py took 0.198 seconds
[2022-02-21 23:56:33,062] {processor.py:163} INFO - Started process (PID=677) to work on /home/airflow/.local/lib/python3.7/site-packages/airflow/example_dags/example_branch_labels.py
[2022-02-21 23:56:33,072] {processor.py:642} INFO - Processing file /home/airflow/.local/lib/python3.7/site-packages/airflow/example_dags/example_branch_labels.py for tasks to queue
[2022-02-21 23:56:33,078] {logging_mixin.py:109} INFO - [2022-02-21 23:56:33,077] {dagbag.py:500} INFO - Filling up the DagBag from /home/airflow/.local/lib/python3.7/site-packages/airflow/example_dags/example_branch_labels.py
[2022-02-21 23:56:33,149] {processor.py:654} INFO - DAG(s) dict_keys(['example_branch_labels']) retrieved from /home/airflow/.local/lib/python3.7/site-packages/airflow/example_dags/example_branch_labels.py
[2022-02-21 23:56:33,178] {logging_mixin.py:109} INFO - [2022-02-21 23:56:33,178] {dag.py:2396} INFO - Sync 1 DAGs
[2022-02-21 23:56:33,212] {logging_mixin.py:109} INFO - [2022-02-21 23:56:33,211] {dag.py:2935} INFO - Setting next_dagrun for example_branch_labels to 2022-02-20 00:00:00+00:00
[2022-02-21 23:56:33,231] {processor.py:171} INFO - Processing /home/airflow/.local/lib/python3.7/site-packages/airflow/example_dags/example_branch_labels.py took 0.179 seconds
[2022-02-21 23:57:04,349] {processor.py:163} INFO - Started process (PID=731) to work on /home/airflow/.local/lib/python3.7/site-packages/airflow/example_dags/example_branch_labels.py
[2022-02-21 23:57:04,363] {processor.py:642} INFO - Processing file /home/airflow/.local/lib/python3.7/site-packages/airflow/example_dags/example_branch_labels.py for tasks to queue
[2022-02-21 23:57:04,369] {logging_mixin.py:109} INFO - [2022-02-21 23:57:04,369] {dagbag.py:500} INFO - Filling up the DagBag from /home/airflow/.local/lib/python3.7/site-packages/airflow/example_dags/example_branch_labels.py
[2022-02-21 23:57:04,774] {processor.py:654} INFO - DAG(s) dict_keys(['example_branch_labels']) retrieved from /home/airflow/.local/lib/python3.7/site-packages/airflow/example_dags/example_branch_labels.py
[2022-02-21 23:57:04,848] {logging_mixin.py:109} INFO - [2022-02-21 23:57:04,848] {dag.py:2396} INFO - Sync 1 DAGs
[2022-02-21 23:57:05,049] {logging_mixin.py:109} INFO - [2022-02-21 23:57:05,049] {dag.py:2935} INFO - Setting next_dagrun for example_branch_labels to 2022-02-20 00:00:00+00:00
[2022-02-21 23:57:05,104] {processor.py:171} INFO - Processing /home/airflow/.local/lib/python3.7/site-packages/airflow/example_dags/example_branch_labels.py took 0.767 seconds
[2022-02-21 23:57:35,656] {processor.py:163} INFO - Started process (PID=776) to work on /home/airflow/.local/lib/python3.7/site-packages/airflow/example_dags/example_branch_labels.py
[2022-02-21 23:57:35,669] {processor.py:642} INFO - Processing file /home/airflow/.local/lib/python3.7/site-packages/airflow/example_dags/example_branch_labels.py for tasks to queue
[2022-02-21 23:57:35,694] {logging_mixin.py:109} INFO - [2022-02-21 23:57:35,693] {dagbag.py:500} INFO - Filling up the DagBag from /home/airflow/.local/lib/python3.7/site-packages/airflow/example_dags/example_branch_labels.py
[2022-02-21 23:57:35,822] {processor.py:654} INFO - DAG(s) dict_keys(['example_branch_labels']) retrieved from /home/airflow/.local/lib/python3.7/site-packages/airflow/example_dags/example_branch_labels.py
[2022-02-21 23:57:35,896] {logging_mixin.py:109} INFO - [2022-02-21 23:57:35,896] {dag.py:2396} INFO - Sync 1 DAGs
[2022-02-21 23:57:35,968] {logging_mixin.py:109} INFO - [2022-02-21 23:57:35,968] {dag.py:2935} INFO - Setting next_dagrun for example_branch_labels to 2022-02-20 00:00:00+00:00
[2022-02-21 23:57:35,994] {processor.py:171} INFO - Processing /home/airflow/.local/lib/python3.7/site-packages/airflow/example_dags/example_branch_labels.py took 0.352 seconds
[2022-02-21 23:58:06,378] {processor.py:163} INFO - Started process (PID=830) to work on /home/airflow/.local/lib/python3.7/site-packages/airflow/example_dags/example_branch_labels.py
[2022-02-21 23:58:06,394] {processor.py:642} INFO - Processing file /home/airflow/.local/lib/python3.7/site-packages/airflow/example_dags/example_branch_labels.py for tasks to queue
[2022-02-21 23:58:06,414] {logging_mixin.py:109} INFO - [2022-02-21 23:58:06,414] {dagbag.py:500} INFO - Filling up the DagBag from /home/airflow/.local/lib/python3.7/site-packages/airflow/example_dags/example_branch_labels.py
[2022-02-21 23:58:06,547] {processor.py:654} INFO - DAG(s) dict_keys(['example_branch_labels']) retrieved from /home/airflow/.local/lib/python3.7/site-packages/airflow/example_dags/example_branch_labels.py
[2022-02-21 23:58:06,564] {logging_mixin.py:109} INFO - [2022-02-21 23:58:06,563] {dag.py:2396} INFO - Sync 1 DAGs
[2022-02-21 23:58:06,687] {logging_mixin.py:109} INFO - [2022-02-21 23:58:06,687] {dag.py:2935} INFO - Setting next_dagrun for example_branch_labels to 2022-02-20 00:00:00+00:00
[2022-02-21 23:58:06,757] {processor.py:171} INFO - Processing /home/airflow/.local/lib/python3.7/site-packages/airflow/example_dags/example_branch_labels.py took 0.392 seconds
[2022-02-21 23:58:37,220] {processor.py:163} INFO - Started process (PID=884) to work on /home/airflow/.local/lib/python3.7/site-packages/airflow/example_dags/example_branch_labels.py
[2022-02-21 23:58:37,231] {processor.py:642} INFO - Processing file /home/airflow/.local/lib/python3.7/site-packages/airflow/example_dags/example_branch_labels.py for tasks to queue
[2022-02-21 23:58:37,233] {logging_mixin.py:109} INFO - [2022-02-21 23:58:37,233] {dagbag.py:500} INFO - Filling up the DagBag from /home/airflow/.local/lib/python3.7/site-packages/airflow/example_dags/example_branch_labels.py
[2022-02-21 23:58:37,273] {processor.py:654} INFO - DAG(s) dict_keys(['example_branch_labels']) retrieved from /home/airflow/.local/lib/python3.7/site-packages/airflow/example_dags/example_branch_labels.py
[2022-02-21 23:58:37,288] {logging_mixin.py:109} INFO - [2022-02-21 23:58:37,288] {dag.py:2396} INFO - Sync 1 DAGs
[2022-02-21 23:58:37,423] {logging_mixin.py:109} INFO - [2022-02-21 23:58:37,423] {dag.py:2935} INFO - Setting next_dagrun for example_branch_labels to 2022-02-20 00:00:00+00:00
[2022-02-21 23:58:37,459] {processor.py:171} INFO - Processing /home/airflow/.local/lib/python3.7/site-packages/airflow/example_dags/example_branch_labels.py took 0.262 seconds
[2022-02-21 23:59:07,605] {processor.py:163} INFO - Started process (PID=937) to work on /home/airflow/.local/lib/python3.7/site-packages/airflow/example_dags/example_branch_labels.py
[2022-02-21 23:59:07,677] {processor.py:642} INFO - Processing file /home/airflow/.local/lib/python3.7/site-packages/airflow/example_dags/example_branch_labels.py for tasks to queue
[2022-02-21 23:59:07,681] {logging_mixin.py:109} INFO - [2022-02-21 23:59:07,680] {dagbag.py:500} INFO - Filling up the DagBag from /home/airflow/.local/lib/python3.7/site-packages/airflow/example_dags/example_branch_labels.py
[2022-02-21 23:59:07,780] {processor.py:654} INFO - DAG(s) dict_keys(['example_branch_labels']) retrieved from /home/airflow/.local/lib/python3.7/site-packages/airflow/example_dags/example_branch_labels.py
[2022-02-21 23:59:07,830] {logging_mixin.py:109} INFO - [2022-02-21 23:59:07,829] {dag.py:2396} INFO - Sync 1 DAGs
[2022-02-21 23:59:07,853] {logging_mixin.py:109} INFO - [2022-02-21 23:59:07,853] {dag.py:2935} INFO - Setting next_dagrun for example_branch_labels to 2022-02-20 00:00:00+00:00
[2022-02-21 23:59:07,865] {processor.py:171} INFO - Processing /home/airflow/.local/lib/python3.7/site-packages/airflow/example_dags/example_branch_labels.py took 0.263 seconds
[2022-02-21 23:59:38,770] {processor.py:163} INFO - Started process (PID=999) to work on /home/airflow/.local/lib/python3.7/site-packages/airflow/example_dags/example_branch_labels.py
[2022-02-21 23:59:38,772] {processor.py:642} INFO - Processing file /home/airflow/.local/lib/python3.7/site-packages/airflow/example_dags/example_branch_labels.py for tasks to queue
[2022-02-21 23:59:38,775] {logging_mixin.py:109} INFO - [2022-02-21 23:59:38,774] {dagbag.py:500} INFO - Filling up the DagBag from /home/airflow/.local/lib/python3.7/site-packages/airflow/example_dags/example_branch_labels.py
[2022-02-21 23:59:38,834] {processor.py:654} INFO - DAG(s) dict_keys(['example_branch_labels']) retrieved from /home/airflow/.local/lib/python3.7/site-packages/airflow/example_dags/example_branch_labels.py
[2022-02-21 23:59:38,855] {logging_mixin.py:109} INFO - [2022-02-21 23:59:38,855] {dag.py:2396} INFO - Sync 1 DAGs
[2022-02-21 23:59:38,892] {logging_mixin.py:109} INFO - [2022-02-21 23:59:38,892] {dag.py:2935} INFO - Setting next_dagrun for example_branch_labels to 2022-02-20 00:00:00+00:00
[2022-02-21 23:59:38,908] {processor.py:171} INFO - Processing /home/airflow/.local/lib/python3.7/site-packages/airflow/example_dags/example_branch_labels.py took 0.146 seconds
