[2022-02-21 23:51:12,058] {processor.py:163} INFO - Started process (PID=133) to work on /home/airflow/.local/lib/python3.7/site-packages/airflow/example_dags/example_kubernetes_executor.py
[2022-02-21 23:51:12,071] {processor.py:642} INFO - Processing file /home/airflow/.local/lib/python3.7/site-packages/airflow/example_dags/example_kubernetes_executor.py for tasks to queue
[2022-02-21 23:51:12,085] {logging_mixin.py:109} INFO - [2022-02-21 23:51:12,085] {dagbag.py:500} INFO - Filling up the DagBag from /home/airflow/.local/lib/python3.7/site-packages/airflow/example_dags/example_kubernetes_executor.py
[2022-02-21 23:51:12,505] {processor.py:654} INFO - DAG(s) dict_keys(['example_kubernetes_executor']) retrieved from /home/airflow/.local/lib/python3.7/site-packages/airflow/example_dags/example_kubernetes_executor.py
[2022-02-21 23:51:12,649] {logging_mixin.py:109} INFO - [2022-02-21 23:51:12,649] {dag.py:2396} INFO - Sync 1 DAGs
[2022-02-21 23:51:12,780] {logging_mixin.py:109} INFO - [2022-02-21 23:51:12,780] {dag.py:2935} INFO - Setting next_dagrun for example_kubernetes_executor to None
[2022-02-21 23:51:12,828] {processor.py:171} INFO - Processing /home/airflow/.local/lib/python3.7/site-packages/airflow/example_dags/example_kubernetes_executor.py took 0.812 seconds
[2022-02-21 23:51:47,867] {processor.py:163} INFO - Started process (PID=172) to work on /home/airflow/.local/lib/python3.7/site-packages/airflow/example_dags/example_kubernetes_executor.py
[2022-02-21 23:51:47,889] {processor.py:642} INFO - Processing file /home/airflow/.local/lib/python3.7/site-packages/airflow/example_dags/example_kubernetes_executor.py for tasks to queue
[2022-02-21 23:51:47,911] {logging_mixin.py:109} INFO - [2022-02-21 23:51:47,910] {dagbag.py:500} INFO - Filling up the DagBag from /home/airflow/.local/lib/python3.7/site-packages/airflow/example_dags/example_kubernetes_executor.py
[2022-02-21 23:51:48,550] {processor.py:654} INFO - DAG(s) dict_keys(['example_kubernetes_executor']) retrieved from /home/airflow/.local/lib/python3.7/site-packages/airflow/example_dags/example_kubernetes_executor.py
[2022-02-21 23:51:48,741] {logging_mixin.py:109} INFO - [2022-02-21 23:51:48,740] {dag.py:2396} INFO - Sync 1 DAGs
[2022-02-21 23:51:48,945] {logging_mixin.py:109} INFO - [2022-02-21 23:51:48,945] {dag.py:2935} INFO - Setting next_dagrun for example_kubernetes_executor to None
[2022-02-21 23:51:49,046] {processor.py:171} INFO - Processing /home/airflow/.local/lib/python3.7/site-packages/airflow/example_dags/example_kubernetes_executor.py took 1.233 seconds
[2022-02-21 23:52:19,646] {processor.py:163} INFO - Started process (PID=225) to work on /home/airflow/.local/lib/python3.7/site-packages/airflow/example_dags/example_kubernetes_executor.py
[2022-02-21 23:52:19,649] {processor.py:642} INFO - Processing file /home/airflow/.local/lib/python3.7/site-packages/airflow/example_dags/example_kubernetes_executor.py for tasks to queue
[2022-02-21 23:52:19,653] {logging_mixin.py:109} INFO - [2022-02-21 23:52:19,653] {dagbag.py:500} INFO - Filling up the DagBag from /home/airflow/.local/lib/python3.7/site-packages/airflow/example_dags/example_kubernetes_executor.py
[2022-02-21 23:52:19,734] {processor.py:654} INFO - DAG(s) dict_keys(['example_kubernetes_executor']) retrieved from /home/airflow/.local/lib/python3.7/site-packages/airflow/example_dags/example_kubernetes_executor.py
[2022-02-21 23:52:19,760] {logging_mixin.py:109} INFO - [2022-02-21 23:52:19,760] {dag.py:2396} INFO - Sync 1 DAGs
[2022-02-21 23:52:19,782] {logging_mixin.py:109} INFO - [2022-02-21 23:52:19,781] {dag.py:2935} INFO - Setting next_dagrun for example_kubernetes_executor to None
[2022-02-21 23:52:19,800] {processor.py:171} INFO - Processing /home/airflow/.local/lib/python3.7/site-packages/airflow/example_dags/example_kubernetes_executor.py took 0.166 seconds
[2022-02-21 23:52:50,217] {processor.py:163} INFO - Started process (PID=279) to work on /home/airflow/.local/lib/python3.7/site-packages/airflow/example_dags/example_kubernetes_executor.py
[2022-02-21 23:52:50,228] {processor.py:642} INFO - Processing file /home/airflow/.local/lib/python3.7/site-packages/airflow/example_dags/example_kubernetes_executor.py for tasks to queue
[2022-02-21 23:52:50,231] {logging_mixin.py:109} INFO - [2022-02-21 23:52:50,231] {dagbag.py:500} INFO - Filling up the DagBag from /home/airflow/.local/lib/python3.7/site-packages/airflow/example_dags/example_kubernetes_executor.py
[2022-02-21 23:52:50,403] {processor.py:654} INFO - DAG(s) dict_keys(['example_kubernetes_executor']) retrieved from /home/airflow/.local/lib/python3.7/site-packages/airflow/example_dags/example_kubernetes_executor.py
[2022-02-21 23:52:50,453] {logging_mixin.py:109} INFO - [2022-02-21 23:52:50,453] {dag.py:2396} INFO - Sync 1 DAGs
[2022-02-21 23:52:50,500] {logging_mixin.py:109} INFO - [2022-02-21 23:52:50,500] {dag.py:2935} INFO - Setting next_dagrun for example_kubernetes_executor to None
[2022-02-21 23:52:50,517] {processor.py:171} INFO - Processing /home/airflow/.local/lib/python3.7/site-packages/airflow/example_dags/example_kubernetes_executor.py took 0.310 seconds
[2022-02-21 23:53:21,260] {processor.py:163} INFO - Started process (PID=334) to work on /home/airflow/.local/lib/python3.7/site-packages/airflow/example_dags/example_kubernetes_executor.py
[2022-02-21 23:53:21,270] {processor.py:642} INFO - Processing file /home/airflow/.local/lib/python3.7/site-packages/airflow/example_dags/example_kubernetes_executor.py for tasks to queue
[2022-02-21 23:53:21,276] {logging_mixin.py:109} INFO - [2022-02-21 23:53:21,276] {dagbag.py:500} INFO - Filling up the DagBag from /home/airflow/.local/lib/python3.7/site-packages/airflow/example_dags/example_kubernetes_executor.py
[2022-02-21 23:53:21,355] {processor.py:654} INFO - DAG(s) dict_keys(['example_kubernetes_executor']) retrieved from /home/airflow/.local/lib/python3.7/site-packages/airflow/example_dags/example_kubernetes_executor.py
[2022-02-21 23:53:21,389] {logging_mixin.py:109} INFO - [2022-02-21 23:53:21,388] {dag.py:2396} INFO - Sync 1 DAGs
[2022-02-21 23:53:21,429] {logging_mixin.py:109} INFO - [2022-02-21 23:53:21,429] {dag.py:2935} INFO - Setting next_dagrun for example_kubernetes_executor to None
[2022-02-21 23:53:21,484] {processor.py:171} INFO - Processing /home/airflow/.local/lib/python3.7/site-packages/airflow/example_dags/example_kubernetes_executor.py took 0.237 seconds
[2022-02-21 23:53:51,720] {processor.py:163} INFO - Started process (PID=388) to work on /home/airflow/.local/lib/python3.7/site-packages/airflow/example_dags/example_kubernetes_executor.py
[2022-02-21 23:53:51,724] {processor.py:642} INFO - Processing file /home/airflow/.local/lib/python3.7/site-packages/airflow/example_dags/example_kubernetes_executor.py for tasks to queue
[2022-02-21 23:53:51,728] {logging_mixin.py:109} INFO - [2022-02-21 23:53:51,728] {dagbag.py:500} INFO - Filling up the DagBag from /home/airflow/.local/lib/python3.7/site-packages/airflow/example_dags/example_kubernetes_executor.py
[2022-02-21 23:53:51,787] {processor.py:654} INFO - DAG(s) dict_keys(['example_kubernetes_executor']) retrieved from /home/airflow/.local/lib/python3.7/site-packages/airflow/example_dags/example_kubernetes_executor.py
[2022-02-21 23:53:51,820] {logging_mixin.py:109} INFO - [2022-02-21 23:53:51,820] {dag.py:2396} INFO - Sync 1 DAGs
[2022-02-21 23:53:51,839] {logging_mixin.py:109} INFO - [2022-02-21 23:53:51,839] {dag.py:2935} INFO - Setting next_dagrun for example_kubernetes_executor to None
[2022-02-21 23:53:51,869] {processor.py:171} INFO - Processing /home/airflow/.local/lib/python3.7/site-packages/airflow/example_dags/example_kubernetes_executor.py took 0.158 seconds
[2022-02-21 23:54:22,060] {processor.py:163} INFO - Started process (PID=441) to work on /home/airflow/.local/lib/python3.7/site-packages/airflow/example_dags/example_kubernetes_executor.py
[2022-02-21 23:54:22,062] {processor.py:642} INFO - Processing file /home/airflow/.local/lib/python3.7/site-packages/airflow/example_dags/example_kubernetes_executor.py for tasks to queue
[2022-02-21 23:54:22,064] {logging_mixin.py:109} INFO - [2022-02-21 23:54:22,064] {dagbag.py:500} INFO - Filling up the DagBag from /home/airflow/.local/lib/python3.7/site-packages/airflow/example_dags/example_kubernetes_executor.py
[2022-02-21 23:54:22,105] {processor.py:654} INFO - DAG(s) dict_keys(['example_kubernetes_executor']) retrieved from /home/airflow/.local/lib/python3.7/site-packages/airflow/example_dags/example_kubernetes_executor.py
[2022-02-21 23:54:22,125] {logging_mixin.py:109} INFO - [2022-02-21 23:54:22,125] {dag.py:2396} INFO - Sync 1 DAGs
[2022-02-21 23:54:22,143] {logging_mixin.py:109} INFO - [2022-02-21 23:54:22,143] {dag.py:2935} INFO - Setting next_dagrun for example_kubernetes_executor to None
[2022-02-21 23:54:22,156] {processor.py:171} INFO - Processing /home/airflow/.local/lib/python3.7/site-packages/airflow/example_dags/example_kubernetes_executor.py took 0.104 seconds
[2022-02-21 23:54:52,596] {processor.py:163} INFO - Started process (PID=493) to work on /home/airflow/.local/lib/python3.7/site-packages/airflow/example_dags/example_kubernetes_executor.py
[2022-02-21 23:54:52,599] {processor.py:642} INFO - Processing file /home/airflow/.local/lib/python3.7/site-packages/airflow/example_dags/example_kubernetes_executor.py for tasks to queue
[2022-02-21 23:54:52,600] {logging_mixin.py:109} INFO - [2022-02-21 23:54:52,600] {dagbag.py:500} INFO - Filling up the DagBag from /home/airflow/.local/lib/python3.7/site-packages/airflow/example_dags/example_kubernetes_executor.py
[2022-02-21 23:54:52,666] {processor.py:654} INFO - DAG(s) dict_keys(['example_kubernetes_executor']) retrieved from /home/airflow/.local/lib/python3.7/site-packages/airflow/example_dags/example_kubernetes_executor.py
[2022-02-21 23:54:52,733] {logging_mixin.py:109} INFO - [2022-02-21 23:54:52,733] {dag.py:2396} INFO - Sync 1 DAGs
[2022-02-21 23:54:52,764] {logging_mixin.py:109} INFO - [2022-02-21 23:54:52,764] {dag.py:2935} INFO - Setting next_dagrun for example_kubernetes_executor to None
[2022-02-21 23:54:52,785] {processor.py:171} INFO - Processing /home/airflow/.local/lib/python3.7/site-packages/airflow/example_dags/example_kubernetes_executor.py took 0.193 seconds
[2022-02-21 23:55:23,173] {processor.py:163} INFO - Started process (PID=545) to work on /home/airflow/.local/lib/python3.7/site-packages/airflow/example_dags/example_kubernetes_executor.py
[2022-02-21 23:55:23,176] {processor.py:642} INFO - Processing file /home/airflow/.local/lib/python3.7/site-packages/airflow/example_dags/example_kubernetes_executor.py for tasks to queue
[2022-02-21 23:55:23,178] {logging_mixin.py:109} INFO - [2022-02-21 23:55:23,178] {dagbag.py:500} INFO - Filling up the DagBag from /home/airflow/.local/lib/python3.7/site-packages/airflow/example_dags/example_kubernetes_executor.py
[2022-02-21 23:55:23,260] {processor.py:654} INFO - DAG(s) dict_keys(['example_kubernetes_executor']) retrieved from /home/airflow/.local/lib/python3.7/site-packages/airflow/example_dags/example_kubernetes_executor.py
[2022-02-21 23:55:23,319] {logging_mixin.py:109} INFO - [2022-02-21 23:55:23,319] {dag.py:2396} INFO - Sync 1 DAGs
[2022-02-21 23:55:23,340] {logging_mixin.py:109} INFO - [2022-02-21 23:55:23,340] {dag.py:2935} INFO - Setting next_dagrun for example_kubernetes_executor to None
[2022-02-21 23:55:23,356] {processor.py:171} INFO - Processing /home/airflow/.local/lib/python3.7/site-packages/airflow/example_dags/example_kubernetes_executor.py took 0.194 seconds
[2022-02-21 23:55:54,283] {processor.py:163} INFO - Started process (PID=600) to work on /home/airflow/.local/lib/python3.7/site-packages/airflow/example_dags/example_kubernetes_executor.py
[2022-02-21 23:55:54,290] {processor.py:642} INFO - Processing file /home/airflow/.local/lib/python3.7/site-packages/airflow/example_dags/example_kubernetes_executor.py for tasks to queue
[2022-02-21 23:55:54,292] {logging_mixin.py:109} INFO - [2022-02-21 23:55:54,292] {dagbag.py:500} INFO - Filling up the DagBag from /home/airflow/.local/lib/python3.7/site-packages/airflow/example_dags/example_kubernetes_executor.py
[2022-02-21 23:55:54,344] {processor.py:654} INFO - DAG(s) dict_keys(['example_kubernetes_executor']) retrieved from /home/airflow/.local/lib/python3.7/site-packages/airflow/example_dags/example_kubernetes_executor.py
[2022-02-21 23:55:54,365] {logging_mixin.py:109} INFO - [2022-02-21 23:55:54,365] {dag.py:2396} INFO - Sync 1 DAGs
[2022-02-21 23:55:54,434] {logging_mixin.py:109} INFO - [2022-02-21 23:55:54,434] {dag.py:2935} INFO - Setting next_dagrun for example_kubernetes_executor to None
[2022-02-21 23:55:54,450] {processor.py:171} INFO - Processing /home/airflow/.local/lib/python3.7/site-packages/airflow/example_dags/example_kubernetes_executor.py took 0.173 seconds
[2022-02-21 23:56:25,196] {processor.py:163} INFO - Started process (PID=653) to work on /home/airflow/.local/lib/python3.7/site-packages/airflow/example_dags/example_kubernetes_executor.py
[2022-02-21 23:56:25,203] {processor.py:642} INFO - Processing file /home/airflow/.local/lib/python3.7/site-packages/airflow/example_dags/example_kubernetes_executor.py for tasks to queue
[2022-02-21 23:56:25,207] {logging_mixin.py:109} INFO - [2022-02-21 23:56:25,207] {dagbag.py:500} INFO - Filling up the DagBag from /home/airflow/.local/lib/python3.7/site-packages/airflow/example_dags/example_kubernetes_executor.py
[2022-02-21 23:56:25,304] {processor.py:654} INFO - DAG(s) dict_keys(['example_kubernetes_executor']) retrieved from /home/airflow/.local/lib/python3.7/site-packages/airflow/example_dags/example_kubernetes_executor.py
[2022-02-21 23:56:25,356] {logging_mixin.py:109} INFO - [2022-02-21 23:56:25,356] {dag.py:2396} INFO - Sync 1 DAGs
[2022-02-21 23:56:25,435] {logging_mixin.py:109} INFO - [2022-02-21 23:56:25,434] {dag.py:2935} INFO - Setting next_dagrun for example_kubernetes_executor to None
[2022-02-21 23:56:25,463] {processor.py:171} INFO - Processing /home/airflow/.local/lib/python3.7/site-packages/airflow/example_dags/example_kubernetes_executor.py took 0.275 seconds
[2022-02-21 23:56:55,890] {processor.py:163} INFO - Started process (PID=709) to work on /home/airflow/.local/lib/python3.7/site-packages/airflow/example_dags/example_kubernetes_executor.py
[2022-02-21 23:56:55,907] {processor.py:642} INFO - Processing file /home/airflow/.local/lib/python3.7/site-packages/airflow/example_dags/example_kubernetes_executor.py for tasks to queue
[2022-02-21 23:56:55,916] {logging_mixin.py:109} INFO - [2022-02-21 23:56:55,914] {dagbag.py:500} INFO - Filling up the DagBag from /home/airflow/.local/lib/python3.7/site-packages/airflow/example_dags/example_kubernetes_executor.py
[2022-02-21 23:56:56,054] {processor.py:654} INFO - DAG(s) dict_keys(['example_kubernetes_executor']) retrieved from /home/airflow/.local/lib/python3.7/site-packages/airflow/example_dags/example_kubernetes_executor.py
[2022-02-21 23:56:56,114] {logging_mixin.py:109} INFO - [2022-02-21 23:56:56,114] {dag.py:2396} INFO - Sync 1 DAGs
[2022-02-21 23:56:56,208] {logging_mixin.py:109} INFO - [2022-02-21 23:56:56,207] {dag.py:2935} INFO - Setting next_dagrun for example_kubernetes_executor to None
[2022-02-21 23:56:56,232] {processor.py:171} INFO - Processing /home/airflow/.local/lib/python3.7/site-packages/airflow/example_dags/example_kubernetes_executor.py took 0.364 seconds
[2022-02-21 23:57:26,700] {processor.py:163} INFO - Started process (PID=764) to work on /home/airflow/.local/lib/python3.7/site-packages/airflow/example_dags/example_kubernetes_executor.py
[2022-02-21 23:57:26,708] {processor.py:642} INFO - Processing file /home/airflow/.local/lib/python3.7/site-packages/airflow/example_dags/example_kubernetes_executor.py for tasks to queue
[2022-02-21 23:57:26,712] {logging_mixin.py:109} INFO - [2022-02-21 23:57:26,712] {dagbag.py:500} INFO - Filling up the DagBag from /home/airflow/.local/lib/python3.7/site-packages/airflow/example_dags/example_kubernetes_executor.py
[2022-02-21 23:57:26,887] {processor.py:654} INFO - DAG(s) dict_keys(['example_kubernetes_executor']) retrieved from /home/airflow/.local/lib/python3.7/site-packages/airflow/example_dags/example_kubernetes_executor.py
[2022-02-21 23:57:26,992] {logging_mixin.py:109} INFO - [2022-02-21 23:57:26,991] {dag.py:2396} INFO - Sync 1 DAGs
[2022-02-21 23:57:27,088] {logging_mixin.py:109} INFO - [2022-02-21 23:57:27,086] {dag.py:2935} INFO - Setting next_dagrun for example_kubernetes_executor to None
[2022-02-21 23:57:27,180] {processor.py:171} INFO - Processing /home/airflow/.local/lib/python3.7/site-packages/airflow/example_dags/example_kubernetes_executor.py took 0.510 seconds
[2022-02-21 23:57:57,816] {processor.py:163} INFO - Started process (PID=818) to work on /home/airflow/.local/lib/python3.7/site-packages/airflow/example_dags/example_kubernetes_executor.py
[2022-02-21 23:57:57,853] {processor.py:642} INFO - Processing file /home/airflow/.local/lib/python3.7/site-packages/airflow/example_dags/example_kubernetes_executor.py for tasks to queue
[2022-02-21 23:57:57,868] {logging_mixin.py:109} INFO - [2022-02-21 23:57:57,868] {dagbag.py:500} INFO - Filling up the DagBag from /home/airflow/.local/lib/python3.7/site-packages/airflow/example_dags/example_kubernetes_executor.py
[2022-02-21 23:57:57,952] {processor.py:654} INFO - DAG(s) dict_keys(['example_kubernetes_executor']) retrieved from /home/airflow/.local/lib/python3.7/site-packages/airflow/example_dags/example_kubernetes_executor.py
[2022-02-21 23:57:57,968] {logging_mixin.py:109} INFO - [2022-02-21 23:57:57,968] {dag.py:2396} INFO - Sync 1 DAGs
[2022-02-21 23:57:57,986] {logging_mixin.py:109} INFO - [2022-02-21 23:57:57,986] {dag.py:2935} INFO - Setting next_dagrun for example_kubernetes_executor to None
[2022-02-21 23:57:57,998] {processor.py:171} INFO - Processing /home/airflow/.local/lib/python3.7/site-packages/airflow/example_dags/example_kubernetes_executor.py took 0.191 seconds
[2022-02-21 23:58:28,333] {processor.py:163} INFO - Started process (PID=873) to work on /home/airflow/.local/lib/python3.7/site-packages/airflow/example_dags/example_kubernetes_executor.py
[2022-02-21 23:58:28,336] {processor.py:642} INFO - Processing file /home/airflow/.local/lib/python3.7/site-packages/airflow/example_dags/example_kubernetes_executor.py for tasks to queue
[2022-02-21 23:58:28,337] {logging_mixin.py:109} INFO - [2022-02-21 23:58:28,337] {dagbag.py:500} INFO - Filling up the DagBag from /home/airflow/.local/lib/python3.7/site-packages/airflow/example_dags/example_kubernetes_executor.py
[2022-02-21 23:58:28,373] {processor.py:654} INFO - DAG(s) dict_keys(['example_kubernetes_executor']) retrieved from /home/airflow/.local/lib/python3.7/site-packages/airflow/example_dags/example_kubernetes_executor.py
[2022-02-21 23:58:28,386] {logging_mixin.py:109} INFO - [2022-02-21 23:58:28,386] {dag.py:2396} INFO - Sync 1 DAGs
[2022-02-21 23:58:28,400] {logging_mixin.py:109} INFO - [2022-02-21 23:58:28,400] {dag.py:2935} INFO - Setting next_dagrun for example_kubernetes_executor to None
[2022-02-21 23:58:28,408] {processor.py:171} INFO - Processing /home/airflow/.local/lib/python3.7/site-packages/airflow/example_dags/example_kubernetes_executor.py took 0.079 seconds
[2022-02-21 23:58:59,013] {processor.py:163} INFO - Started process (PID=926) to work on /home/airflow/.local/lib/python3.7/site-packages/airflow/example_dags/example_kubernetes_executor.py
[2022-02-21 23:58:59,015] {processor.py:642} INFO - Processing file /home/airflow/.local/lib/python3.7/site-packages/airflow/example_dags/example_kubernetes_executor.py for tasks to queue
[2022-02-21 23:58:59,017] {logging_mixin.py:109} INFO - [2022-02-21 23:58:59,017] {dagbag.py:500} INFO - Filling up the DagBag from /home/airflow/.local/lib/python3.7/site-packages/airflow/example_dags/example_kubernetes_executor.py
[2022-02-21 23:58:59,058] {processor.py:654} INFO - DAG(s) dict_keys(['example_kubernetes_executor']) retrieved from /home/airflow/.local/lib/python3.7/site-packages/airflow/example_dags/example_kubernetes_executor.py
[2022-02-21 23:58:59,075] {logging_mixin.py:109} INFO - [2022-02-21 23:58:59,075] {dag.py:2396} INFO - Sync 1 DAGs
[2022-02-21 23:58:59,093] {logging_mixin.py:109} INFO - [2022-02-21 23:58:59,093] {dag.py:2935} INFO - Setting next_dagrun for example_kubernetes_executor to None
[2022-02-21 23:58:59,103] {processor.py:171} INFO - Processing /home/airflow/.local/lib/python3.7/site-packages/airflow/example_dags/example_kubernetes_executor.py took 0.095 seconds
[2022-02-21 23:59:29,285] {processor.py:163} INFO - Started process (PID=979) to work on /home/airflow/.local/lib/python3.7/site-packages/airflow/example_dags/example_kubernetes_executor.py
[2022-02-21 23:59:29,289] {processor.py:642} INFO - Processing file /home/airflow/.local/lib/python3.7/site-packages/airflow/example_dags/example_kubernetes_executor.py for tasks to queue
[2022-02-21 23:59:29,294] {logging_mixin.py:109} INFO - [2022-02-21 23:59:29,294] {dagbag.py:500} INFO - Filling up the DagBag from /home/airflow/.local/lib/python3.7/site-packages/airflow/example_dags/example_kubernetes_executor.py
[2022-02-21 23:59:29,376] {processor.py:654} INFO - DAG(s) dict_keys(['example_kubernetes_executor']) retrieved from /home/airflow/.local/lib/python3.7/site-packages/airflow/example_dags/example_kubernetes_executor.py
[2022-02-21 23:59:29,399] {logging_mixin.py:109} INFO - [2022-02-21 23:59:29,399] {dag.py:2396} INFO - Sync 1 DAGs
[2022-02-21 23:59:29,438] {logging_mixin.py:109} INFO - [2022-02-21 23:59:29,438] {dag.py:2935} INFO - Setting next_dagrun for example_kubernetes_executor to None
[2022-02-21 23:59:29,483] {processor.py:171} INFO - Processing /home/airflow/.local/lib/python3.7/site-packages/airflow/example_dags/example_kubernetes_executor.py took 0.206 seconds
[2022-02-21 23:59:59,726] {processor.py:163} INFO - Started process (PID=1030) to work on /home/airflow/.local/lib/python3.7/site-packages/airflow/example_dags/example_kubernetes_executor.py
[2022-02-21 23:59:59,729] {processor.py:642} INFO - Processing file /home/airflow/.local/lib/python3.7/site-packages/airflow/example_dags/example_kubernetes_executor.py for tasks to queue
[2022-02-21 23:59:59,731] {logging_mixin.py:109} INFO - [2022-02-21 23:59:59,731] {dagbag.py:500} INFO - Filling up the DagBag from /home/airflow/.local/lib/python3.7/site-packages/airflow/example_dags/example_kubernetes_executor.py
[2022-02-21 23:59:59,795] {processor.py:654} INFO - DAG(s) dict_keys(['example_kubernetes_executor']) retrieved from /home/airflow/.local/lib/python3.7/site-packages/airflow/example_dags/example_kubernetes_executor.py
[2022-02-21 23:59:59,813] {logging_mixin.py:109} INFO - [2022-02-21 23:59:59,813] {dag.py:2396} INFO - Sync 1 DAGs
[2022-02-21 23:59:59,835] {logging_mixin.py:109} INFO - [2022-02-21 23:59:59,834] {dag.py:2935} INFO - Setting next_dagrun for example_kubernetes_executor to None
[2022-02-21 23:59:59,847] {processor.py:171} INFO - Processing /home/airflow/.local/lib/python3.7/site-packages/airflow/example_dags/example_kubernetes_executor.py took 0.126 seconds
