[2022-02-21 23:50:46,333] {processor.py:163} INFO - Started process (PID=111) to work on /home/airflow/.local/lib/python3.7/site-packages/airflow/example_dags/example_complex.py
[2022-02-21 23:50:46,366] {processor.py:642} INFO - Processing file /home/airflow/.local/lib/python3.7/site-packages/airflow/example_dags/example_complex.py for tasks to queue
[2022-02-21 23:50:46,378] {logging_mixin.py:109} INFO - [2022-02-21 23:50:46,373] {dagbag.py:500} INFO - Filling up the DagBag from /home/airflow/.local/lib/python3.7/site-packages/airflow/example_dags/example_complex.py
[2022-02-21 23:50:47,047] {processor.py:654} INFO - DAG(s) dict_keys(['example_complex']) retrieved from /home/airflow/.local/lib/python3.7/site-packages/airflow/example_dags/example_complex.py
[2022-02-21 23:50:47,295] {logging_mixin.py:109} INFO - [2022-02-21 23:50:47,295] {dag.py:2396} INFO - Sync 1 DAGs
[2022-02-21 23:50:47,484] {logging_mixin.py:109} INFO - [2022-02-21 23:50:47,468] {dag.py:2935} INFO - Setting next_dagrun for example_complex to None
[2022-02-21 23:50:47,591] {processor.py:171} INFO - Processing /home/airflow/.local/lib/python3.7/site-packages/airflow/example_dags/example_complex.py took 1.334 seconds
[2022-02-21 23:51:37,256] {processor.py:163} INFO - Started process (PID=154) to work on /home/airflow/.local/lib/python3.7/site-packages/airflow/example_dags/example_complex.py
[2022-02-21 23:51:37,277] {processor.py:642} INFO - Processing file /home/airflow/.local/lib/python3.7/site-packages/airflow/example_dags/example_complex.py for tasks to queue
[2022-02-21 23:51:37,286] {logging_mixin.py:109} INFO - [2022-02-21 23:51:37,284] {dagbag.py:500} INFO - Filling up the DagBag from /home/airflow/.local/lib/python3.7/site-packages/airflow/example_dags/example_complex.py
[2022-02-21 23:51:37,726] {processor.py:654} INFO - DAG(s) dict_keys(['example_complex']) retrieved from /home/airflow/.local/lib/python3.7/site-packages/airflow/example_dags/example_complex.py
[2022-02-21 23:51:37,882] {logging_mixin.py:109} INFO - [2022-02-21 23:51:37,882] {dag.py:2396} INFO - Sync 1 DAGs
[2022-02-21 23:51:37,953] {logging_mixin.py:109} INFO - [2022-02-21 23:51:37,953] {dag.py:2935} INFO - Setting next_dagrun for example_complex to None
[2022-02-21 23:51:37,997] {processor.py:171} INFO - Processing /home/airflow/.local/lib/python3.7/site-packages/airflow/example_dags/example_complex.py took 0.769 seconds
[2022-02-21 23:52:08,641] {processor.py:163} INFO - Started process (PID=207) to work on /home/airflow/.local/lib/python3.7/site-packages/airflow/example_dags/example_complex.py
[2022-02-21 23:52:08,657] {processor.py:642} INFO - Processing file /home/airflow/.local/lib/python3.7/site-packages/airflow/example_dags/example_complex.py for tasks to queue
[2022-02-21 23:52:08,659] {logging_mixin.py:109} INFO - [2022-02-21 23:52:08,659] {dagbag.py:500} INFO - Filling up the DagBag from /home/airflow/.local/lib/python3.7/site-packages/airflow/example_dags/example_complex.py
[2022-02-21 23:52:08,799] {processor.py:654} INFO - DAG(s) dict_keys(['example_complex']) retrieved from /home/airflow/.local/lib/python3.7/site-packages/airflow/example_dags/example_complex.py
[2022-02-21 23:52:08,857] {logging_mixin.py:109} INFO - [2022-02-21 23:52:08,857] {dag.py:2396} INFO - Sync 1 DAGs
[2022-02-21 23:52:08,877] {logging_mixin.py:109} INFO - [2022-02-21 23:52:08,877] {dag.py:2935} INFO - Setting next_dagrun for example_complex to None
[2022-02-21 23:52:08,871] {processor.py:171} INFO - Processing /home/airflow/.local/lib/python3.7/site-packages/airflow/example_dags/example_complex.py took 0.268 seconds
[2022-02-21 23:52:39,637] {processor.py:163} INFO - Started process (PID=261) to work on /home/airflow/.local/lib/python3.7/site-packages/airflow/example_dags/example_complex.py
[2022-02-21 23:52:39,644] {processor.py:642} INFO - Processing file /home/airflow/.local/lib/python3.7/site-packages/airflow/example_dags/example_complex.py for tasks to queue
[2022-02-21 23:52:39,648] {logging_mixin.py:109} INFO - [2022-02-21 23:52:39,647] {dagbag.py:500} INFO - Filling up the DagBag from /home/airflow/.local/lib/python3.7/site-packages/airflow/example_dags/example_complex.py
[2022-02-21 23:52:39,772] {processor.py:654} INFO - DAG(s) dict_keys(['example_complex']) retrieved from /home/airflow/.local/lib/python3.7/site-packages/airflow/example_dags/example_complex.py
[2022-02-21 23:52:39,805] {logging_mixin.py:109} INFO - [2022-02-21 23:52:39,805] {dag.py:2396} INFO - Sync 1 DAGs
[2022-02-21 23:52:39,823] {logging_mixin.py:109} INFO - [2022-02-21 23:52:39,823] {dag.py:2935} INFO - Setting next_dagrun for example_complex to None
[2022-02-21 23:52:39,838] {processor.py:171} INFO - Processing /home/airflow/.local/lib/python3.7/site-packages/airflow/example_dags/example_complex.py took 0.220 seconds
[2022-02-21 23:53:09,990] {processor.py:163} INFO - Started process (PID=312) to work on /home/airflow/.local/lib/python3.7/site-packages/airflow/example_dags/example_complex.py
[2022-02-21 23:53:09,994] {processor.py:642} INFO - Processing file /home/airflow/.local/lib/python3.7/site-packages/airflow/example_dags/example_complex.py for tasks to queue
[2022-02-21 23:53:09,997] {logging_mixin.py:109} INFO - [2022-02-21 23:53:09,997] {dagbag.py:500} INFO - Filling up the DagBag from /home/airflow/.local/lib/python3.7/site-packages/airflow/example_dags/example_complex.py
[2022-02-21 23:53:10,095] {processor.py:654} INFO - DAG(s) dict_keys(['example_complex']) retrieved from /home/airflow/.local/lib/python3.7/site-packages/airflow/example_dags/example_complex.py
[2022-02-21 23:53:10,121] {logging_mixin.py:109} INFO - [2022-02-21 23:53:10,121] {dag.py:2396} INFO - Sync 1 DAGs
[2022-02-21 23:53:10,149] {logging_mixin.py:109} INFO - [2022-02-21 23:53:10,149] {dag.py:2935} INFO - Setting next_dagrun for example_complex to None
[2022-02-21 23:53:10,165] {processor.py:171} INFO - Processing /home/airflow/.local/lib/python3.7/site-packages/airflow/example_dags/example_complex.py took 0.185 seconds
[2022-02-21 23:53:40,274] {processor.py:163} INFO - Started process (PID=367) to work on /home/airflow/.local/lib/python3.7/site-packages/airflow/example_dags/example_complex.py
[2022-02-21 23:53:40,277] {processor.py:642} INFO - Processing file /home/airflow/.local/lib/python3.7/site-packages/airflow/example_dags/example_complex.py for tasks to queue
[2022-02-21 23:53:40,282] {logging_mixin.py:109} INFO - [2022-02-21 23:53:40,281] {dagbag.py:500} INFO - Filling up the DagBag from /home/airflow/.local/lib/python3.7/site-packages/airflow/example_dags/example_complex.py
[2022-02-21 23:53:40,386] {processor.py:654} INFO - DAG(s) dict_keys(['example_complex']) retrieved from /home/airflow/.local/lib/python3.7/site-packages/airflow/example_dags/example_complex.py
[2022-02-21 23:53:40,417] {logging_mixin.py:109} INFO - [2022-02-21 23:53:40,417] {dag.py:2396} INFO - Sync 1 DAGs
[2022-02-21 23:53:40,442] {logging_mixin.py:109} INFO - [2022-02-21 23:53:40,442] {dag.py:2935} INFO - Setting next_dagrun for example_complex to None
[2022-02-21 23:53:40,461] {processor.py:171} INFO - Processing /home/airflow/.local/lib/python3.7/site-packages/airflow/example_dags/example_complex.py took 0.217 seconds
[2022-02-21 23:54:10,528] {processor.py:163} INFO - Started process (PID=421) to work on /home/airflow/.local/lib/python3.7/site-packages/airflow/example_dags/example_complex.py
[2022-02-21 23:54:10,532] {processor.py:642} INFO - Processing file /home/airflow/.local/lib/python3.7/site-packages/airflow/example_dags/example_complex.py for tasks to queue
[2022-02-21 23:54:10,533] {logging_mixin.py:109} INFO - [2022-02-21 23:54:10,533] {dagbag.py:500} INFO - Filling up the DagBag from /home/airflow/.local/lib/python3.7/site-packages/airflow/example_dags/example_complex.py
[2022-02-21 23:54:10,590] {processor.py:654} INFO - DAG(s) dict_keys(['example_complex']) retrieved from /home/airflow/.local/lib/python3.7/site-packages/airflow/example_dags/example_complex.py
[2022-02-21 23:54:10,643] {logging_mixin.py:109} INFO - [2022-02-21 23:54:10,642] {dag.py:2396} INFO - Sync 1 DAGs
[2022-02-21 23:54:10,671] {logging_mixin.py:109} INFO - [2022-02-21 23:54:10,671] {dag.py:2935} INFO - Setting next_dagrun for example_complex to None
[2022-02-21 23:54:10,692] {processor.py:171} INFO - Processing /home/airflow/.local/lib/python3.7/site-packages/airflow/example_dags/example_complex.py took 0.169 seconds
[2022-02-21 23:54:41,373] {processor.py:163} INFO - Started process (PID=473) to work on /home/airflow/.local/lib/python3.7/site-packages/airflow/example_dags/example_complex.py
[2022-02-21 23:54:41,393] {processor.py:642} INFO - Processing file /home/airflow/.local/lib/python3.7/site-packages/airflow/example_dags/example_complex.py for tasks to queue
[2022-02-21 23:54:41,407] {logging_mixin.py:109} INFO - [2022-02-21 23:54:41,406] {dagbag.py:500} INFO - Filling up the DagBag from /home/airflow/.local/lib/python3.7/site-packages/airflow/example_dags/example_complex.py
[2022-02-21 23:54:41,701] {processor.py:654} INFO - DAG(s) dict_keys(['example_complex']) retrieved from /home/airflow/.local/lib/python3.7/site-packages/airflow/example_dags/example_complex.py
[2022-02-21 23:54:41,795] {logging_mixin.py:109} INFO - [2022-02-21 23:54:41,794] {dag.py:2396} INFO - Sync 1 DAGs
[2022-02-21 23:54:41,883] {logging_mixin.py:109} INFO - [2022-02-21 23:54:41,883] {dag.py:2935} INFO - Setting next_dagrun for example_complex to None
[2022-02-21 23:54:42,040] {processor.py:171} INFO - Processing /home/airflow/.local/lib/python3.7/site-packages/airflow/example_dags/example_complex.py took 0.686 seconds
[2022-02-21 23:55:12,801] {processor.py:163} INFO - Started process (PID=525) to work on /home/airflow/.local/lib/python3.7/site-packages/airflow/example_dags/example_complex.py
[2022-02-21 23:55:12,805] {processor.py:642} INFO - Processing file /home/airflow/.local/lib/python3.7/site-packages/airflow/example_dags/example_complex.py for tasks to queue
[2022-02-21 23:55:12,816] {logging_mixin.py:109} INFO - [2022-02-21 23:55:12,816] {dagbag.py:500} INFO - Filling up the DagBag from /home/airflow/.local/lib/python3.7/site-packages/airflow/example_dags/example_complex.py
[2022-02-21 23:55:13,114] {processor.py:654} INFO - DAG(s) dict_keys(['example_complex']) retrieved from /home/airflow/.local/lib/python3.7/site-packages/airflow/example_dags/example_complex.py
[2022-02-21 23:55:13,253] {logging_mixin.py:109} INFO - [2022-02-21 23:55:13,253] {dag.py:2396} INFO - Sync 1 DAGs
[2022-02-21 23:55:13,327] {logging_mixin.py:109} INFO - [2022-02-21 23:55:13,327] {dag.py:2935} INFO - Setting next_dagrun for example_complex to None
[2022-02-21 23:55:13,376] {processor.py:171} INFO - Processing /home/airflow/.local/lib/python3.7/site-packages/airflow/example_dags/example_complex.py took 0.587 seconds
[2022-02-21 23:55:43,535] {processor.py:163} INFO - Started process (PID=577) to work on /home/airflow/.local/lib/python3.7/site-packages/airflow/example_dags/example_complex.py
[2022-02-21 23:55:43,544] {processor.py:642} INFO - Processing file /home/airflow/.local/lib/python3.7/site-packages/airflow/example_dags/example_complex.py for tasks to queue
[2022-02-21 23:55:43,546] {logging_mixin.py:109} INFO - [2022-02-21 23:55:43,546] {dagbag.py:500} INFO - Filling up the DagBag from /home/airflow/.local/lib/python3.7/site-packages/airflow/example_dags/example_complex.py
[2022-02-21 23:55:43,633] {processor.py:654} INFO - DAG(s) dict_keys(['example_complex']) retrieved from /home/airflow/.local/lib/python3.7/site-packages/airflow/example_dags/example_complex.py
[2022-02-21 23:55:43,702] {logging_mixin.py:109} INFO - [2022-02-21 23:55:43,702] {dag.py:2396} INFO - Sync 1 DAGs
[2022-02-21 23:55:43,757] {logging_mixin.py:109} INFO - [2022-02-21 23:55:43,757] {dag.py:2935} INFO - Setting next_dagrun for example_complex to None
[2022-02-21 23:55:43,769] {processor.py:171} INFO - Processing /home/airflow/.local/lib/python3.7/site-packages/airflow/example_dags/example_complex.py took 0.239 seconds
[2022-02-21 23:56:14,592] {processor.py:163} INFO - Started process (PID=632) to work on /home/airflow/.local/lib/python3.7/site-packages/airflow/example_dags/example_complex.py
[2022-02-21 23:56:14,600] {processor.py:642} INFO - Processing file /home/airflow/.local/lib/python3.7/site-packages/airflow/example_dags/example_complex.py for tasks to queue
[2022-02-21 23:56:14,607] {logging_mixin.py:109} INFO - [2022-02-21 23:56:14,604] {dagbag.py:500} INFO - Filling up the DagBag from /home/airflow/.local/lib/python3.7/site-packages/airflow/example_dags/example_complex.py
[2022-02-21 23:56:14,735] {processor.py:654} INFO - DAG(s) dict_keys(['example_complex']) retrieved from /home/airflow/.local/lib/python3.7/site-packages/airflow/example_dags/example_complex.py
[2022-02-21 23:56:14,826] {logging_mixin.py:109} INFO - [2022-02-21 23:56:14,826] {dag.py:2396} INFO - Sync 1 DAGs
[2022-02-21 23:56:14,868] {logging_mixin.py:109} INFO - [2022-02-21 23:56:14,868] {dag.py:2935} INFO - Setting next_dagrun for example_complex to None
[2022-02-21 23:56:14,900] {processor.py:171} INFO - Processing /home/airflow/.local/lib/python3.7/site-packages/airflow/example_dags/example_complex.py took 0.333 seconds
[2022-02-21 23:56:45,269] {processor.py:163} INFO - Started process (PID=687) to work on /home/airflow/.local/lib/python3.7/site-packages/airflow/example_dags/example_complex.py
[2022-02-21 23:56:45,271] {processor.py:642} INFO - Processing file /home/airflow/.local/lib/python3.7/site-packages/airflow/example_dags/example_complex.py for tasks to queue
[2022-02-21 23:56:45,273] {logging_mixin.py:109} INFO - [2022-02-21 23:56:45,272] {dagbag.py:500} INFO - Filling up the DagBag from /home/airflow/.local/lib/python3.7/site-packages/airflow/example_dags/example_complex.py
[2022-02-21 23:56:45,468] {processor.py:654} INFO - DAG(s) dict_keys(['example_complex']) retrieved from /home/airflow/.local/lib/python3.7/site-packages/airflow/example_dags/example_complex.py
[2022-02-21 23:56:45,506] {logging_mixin.py:109} INFO - [2022-02-21 23:56:45,506] {dag.py:2396} INFO - Sync 1 DAGs
[2022-02-21 23:56:45,544] {logging_mixin.py:109} INFO - [2022-02-21 23:56:45,542] {dag.py:2935} INFO - Setting next_dagrun for example_complex to None
[2022-02-21 23:56:45,573] {processor.py:171} INFO - Processing /home/airflow/.local/lib/python3.7/site-packages/airflow/example_dags/example_complex.py took 0.310 seconds
[2022-02-21 23:57:15,776] {processor.py:163} INFO - Started process (PID=740) to work on /home/airflow/.local/lib/python3.7/site-packages/airflow/example_dags/example_complex.py
[2022-02-21 23:57:15,778] {processor.py:642} INFO - Processing file /home/airflow/.local/lib/python3.7/site-packages/airflow/example_dags/example_complex.py for tasks to queue
[2022-02-21 23:57:15,780] {logging_mixin.py:109} INFO - [2022-02-21 23:57:15,779] {dagbag.py:500} INFO - Filling up the DagBag from /home/airflow/.local/lib/python3.7/site-packages/airflow/example_dags/example_complex.py
[2022-02-21 23:57:15,821] {processor.py:654} INFO - DAG(s) dict_keys(['example_complex']) retrieved from /home/airflow/.local/lib/python3.7/site-packages/airflow/example_dags/example_complex.py
[2022-02-21 23:57:15,843] {logging_mixin.py:109} INFO - [2022-02-21 23:57:15,842] {dag.py:2396} INFO - Sync 1 DAGs
[2022-02-21 23:57:15,859] {logging_mixin.py:109} INFO - [2022-02-21 23:57:15,859] {dag.py:2935} INFO - Setting next_dagrun for example_complex to None
[2022-02-21 23:57:15,872] {processor.py:171} INFO - Processing /home/airflow/.local/lib/python3.7/site-packages/airflow/example_dags/example_complex.py took 0.102 seconds
[2022-02-21 23:57:46,436] {processor.py:163} INFO - Started process (PID=795) to work on /home/airflow/.local/lib/python3.7/site-packages/airflow/example_dags/example_complex.py
[2022-02-21 23:57:46,448] {processor.py:642} INFO - Processing file /home/airflow/.local/lib/python3.7/site-packages/airflow/example_dags/example_complex.py for tasks to queue
[2022-02-21 23:57:46,451] {logging_mixin.py:109} INFO - [2022-02-21 23:57:46,451] {dagbag.py:500} INFO - Filling up the DagBag from /home/airflow/.local/lib/python3.7/site-packages/airflow/example_dags/example_complex.py
[2022-02-21 23:57:46,647] {processor.py:654} INFO - DAG(s) dict_keys(['example_complex']) retrieved from /home/airflow/.local/lib/python3.7/site-packages/airflow/example_dags/example_complex.py
[2022-02-21 23:57:46,734] {logging_mixin.py:109} INFO - [2022-02-21 23:57:46,734] {dag.py:2396} INFO - Sync 1 DAGs
[2022-02-21 23:57:46,770] {logging_mixin.py:109} INFO - [2022-02-21 23:57:46,770] {dag.py:2935} INFO - Setting next_dagrun for example_complex to None
[2022-02-21 23:57:46,788] {processor.py:171} INFO - Processing /home/airflow/.local/lib/python3.7/site-packages/airflow/example_dags/example_complex.py took 0.374 seconds
[2022-02-21 23:58:16,900] {processor.py:163} INFO - Started process (PID=849) to work on /home/airflow/.local/lib/python3.7/site-packages/airflow/example_dags/example_complex.py
[2022-02-21 23:58:16,907] {processor.py:642} INFO - Processing file /home/airflow/.local/lib/python3.7/site-packages/airflow/example_dags/example_complex.py for tasks to queue
[2022-02-21 23:58:16,910] {logging_mixin.py:109} INFO - [2022-02-21 23:58:16,910] {dagbag.py:500} INFO - Filling up the DagBag from /home/airflow/.local/lib/python3.7/site-packages/airflow/example_dags/example_complex.py
[2022-02-21 23:58:16,999] {processor.py:654} INFO - DAG(s) dict_keys(['example_complex']) retrieved from /home/airflow/.local/lib/python3.7/site-packages/airflow/example_dags/example_complex.py
[2022-02-21 23:58:17,123] {logging_mixin.py:109} INFO - [2022-02-21 23:58:17,122] {dag.py:2396} INFO - Sync 1 DAGs
[2022-02-21 23:58:17,189] {logging_mixin.py:109} INFO - [2022-02-21 23:58:17,189] {dag.py:2935} INFO - Setting next_dagrun for example_complex to None
[2022-02-21 23:58:17,255] {processor.py:171} INFO - Processing /home/airflow/.local/lib/python3.7/site-packages/airflow/example_dags/example_complex.py took 0.371 seconds
[2022-02-21 23:58:47,374] {processor.py:163} INFO - Started process (PID=904) to work on /home/airflow/.local/lib/python3.7/site-packages/airflow/example_dags/example_complex.py
[2022-02-21 23:58:47,396] {processor.py:642} INFO - Processing file /home/airflow/.local/lib/python3.7/site-packages/airflow/example_dags/example_complex.py for tasks to queue
[2022-02-21 23:58:47,398] {logging_mixin.py:109} INFO - [2022-02-21 23:58:47,398] {dagbag.py:500} INFO - Filling up the DagBag from /home/airflow/.local/lib/python3.7/site-packages/airflow/example_dags/example_complex.py
[2022-02-21 23:58:47,475] {processor.py:654} INFO - DAG(s) dict_keys(['example_complex']) retrieved from /home/airflow/.local/lib/python3.7/site-packages/airflow/example_dags/example_complex.py
[2022-02-21 23:58:47,496] {logging_mixin.py:109} INFO - [2022-02-21 23:58:47,496] {dag.py:2396} INFO - Sync 1 DAGs
[2022-02-21 23:58:47,514] {logging_mixin.py:109} INFO - [2022-02-21 23:58:47,514] {dag.py:2935} INFO - Setting next_dagrun for example_complex to None
[2022-02-21 23:58:47,527] {processor.py:171} INFO - Processing /home/airflow/.local/lib/python3.7/site-packages/airflow/example_dags/example_complex.py took 0.160 seconds
[2022-02-21 23:59:17,651] {processor.py:163} INFO - Started process (PID=956) to work on /home/airflow/.local/lib/python3.7/site-packages/airflow/example_dags/example_complex.py
[2022-02-21 23:59:17,654] {processor.py:642} INFO - Processing file /home/airflow/.local/lib/python3.7/site-packages/airflow/example_dags/example_complex.py for tasks to queue
[2022-02-21 23:59:17,656] {logging_mixin.py:109} INFO - [2022-02-21 23:59:17,655] {dagbag.py:500} INFO - Filling up the DagBag from /home/airflow/.local/lib/python3.7/site-packages/airflow/example_dags/example_complex.py
[2022-02-21 23:59:17,703] {processor.py:654} INFO - DAG(s) dict_keys(['example_complex']) retrieved from /home/airflow/.local/lib/python3.7/site-packages/airflow/example_dags/example_complex.py
[2022-02-21 23:59:17,725] {logging_mixin.py:109} INFO - [2022-02-21 23:59:17,725] {dag.py:2396} INFO - Sync 1 DAGs
[2022-02-21 23:59:17,749] {logging_mixin.py:109} INFO - [2022-02-21 23:59:17,749] {dag.py:2935} INFO - Setting next_dagrun for example_complex to None
[2022-02-21 23:59:17,765] {processor.py:171} INFO - Processing /home/airflow/.local/lib/python3.7/site-packages/airflow/example_dags/example_complex.py took 0.119 seconds
[2022-02-21 23:59:47,834] {processor.py:163} INFO - Started process (PID=1009) to work on /home/airflow/.local/lib/python3.7/site-packages/airflow/example_dags/example_complex.py
[2022-02-21 23:59:47,837] {processor.py:642} INFO - Processing file /home/airflow/.local/lib/python3.7/site-packages/airflow/example_dags/example_complex.py for tasks to queue
[2022-02-21 23:59:47,838] {logging_mixin.py:109} INFO - [2022-02-21 23:59:47,838] {dagbag.py:500} INFO - Filling up the DagBag from /home/airflow/.local/lib/python3.7/site-packages/airflow/example_dags/example_complex.py
[2022-02-21 23:59:47,897] {processor.py:654} INFO - DAG(s) dict_keys(['example_complex']) retrieved from /home/airflow/.local/lib/python3.7/site-packages/airflow/example_dags/example_complex.py
[2022-02-21 23:59:47,916] {logging_mixin.py:109} INFO - [2022-02-21 23:59:47,916] {dag.py:2396} INFO - Sync 1 DAGs
[2022-02-21 23:59:47,934] {logging_mixin.py:109} INFO - [2022-02-21 23:59:47,934] {dag.py:2935} INFO - Setting next_dagrun for example_complex to None
[2022-02-21 23:59:47,947] {processor.py:171} INFO - Processing /home/airflow/.local/lib/python3.7/site-packages/airflow/example_dags/example_complex.py took 0.118 seconds
