[2022-02-21 23:51:57,370] {processor.py:163} INFO - Started process (PID=189) to work on /home/airflow/.local/lib/python3.7/site-packages/airflow/example_dags/example_subdag_operator.py
[2022-02-21 23:51:57,380] {processor.py:642} INFO - Processing file /home/airflow/.local/lib/python3.7/site-packages/airflow/example_dags/example_subdag_operator.py for tasks to queue
[2022-02-21 23:51:57,387] {logging_mixin.py:109} INFO - [2022-02-21 23:51:57,386] {dagbag.py:500} INFO - Filling up the DagBag from /home/airflow/.local/lib/python3.7/site-packages/airflow/example_dags/example_subdag_operator.py
[2022-02-21 23:51:57,555] {processor.py:654} INFO - DAG(s) dict_keys(['example_subdag_operator.section-1', 'example_subdag_operator.section-2', 'example_subdag_operator']) retrieved from /home/airflow/.local/lib/python3.7/site-packages/airflow/example_dags/example_subdag_operator.py
[2022-02-21 23:51:57,615] {logging_mixin.py:109} INFO - [2022-02-21 23:51:57,615] {dag.py:2396} INFO - Sync 3 DAGs
[2022-02-21 23:51:57,701] {logging_mixin.py:109} INFO - [2022-02-21 23:51:57,700] {dag.py:2935} INFO - Setting next_dagrun for example_subdag_operator to 2022-02-19T00:00:00+00:00
[2022-02-21 23:51:57,702] {logging_mixin.py:109} INFO - [2022-02-21 23:51:57,702] {dag.py:2935} INFO - Setting next_dagrun for example_subdag_operator.section-1 to None
[2022-02-21 23:51:57,705] {logging_mixin.py:109} INFO - [2022-02-21 23:51:57,704] {dag.py:2935} INFO - Setting next_dagrun for example_subdag_operator.section-2 to None
[2022-02-21 23:51:57,722] {logging_mixin.py:109} INFO - [2022-02-21 23:51:57,722] {dag.py:2396} INFO - Sync 2 DAGs
[2022-02-21 23:51:57,761] {logging_mixin.py:109} INFO - [2022-02-21 23:51:57,761] {dag.py:2935} INFO - Setting next_dagrun for example_subdag_operator.section-1 to None
[2022-02-21 23:51:57,763] {logging_mixin.py:109} INFO - [2022-02-21 23:51:57,763] {dag.py:2935} INFO - Setting next_dagrun for example_subdag_operator.section-2 to None
[2022-02-21 23:51:57,782] {processor.py:171} INFO - Processing /home/airflow/.local/lib/python3.7/site-packages/airflow/example_dags/example_subdag_operator.py took 0.426 seconds
[2022-02-21 23:52:28,401] {processor.py:163} INFO - Started process (PID=243) to work on /home/airflow/.local/lib/python3.7/site-packages/airflow/example_dags/example_subdag_operator.py
[2022-02-21 23:52:28,404] {processor.py:642} INFO - Processing file /home/airflow/.local/lib/python3.7/site-packages/airflow/example_dags/example_subdag_operator.py for tasks to queue
[2022-02-21 23:52:28,408] {logging_mixin.py:109} INFO - [2022-02-21 23:52:28,408] {dagbag.py:500} INFO - Filling up the DagBag from /home/airflow/.local/lib/python3.7/site-packages/airflow/example_dags/example_subdag_operator.py
[2022-02-21 23:52:28,457] {processor.py:654} INFO - DAG(s) dict_keys(['example_subdag_operator.section-1', 'example_subdag_operator.section-2', 'example_subdag_operator']) retrieved from /home/airflow/.local/lib/python3.7/site-packages/airflow/example_dags/example_subdag_operator.py
[2022-02-21 23:52:28,472] {logging_mixin.py:109} INFO - [2022-02-21 23:52:28,472] {dag.py:2396} INFO - Sync 3 DAGs
[2022-02-21 23:52:28,490] {logging_mixin.py:109} INFO - [2022-02-21 23:52:28,490] {dag.py:2935} INFO - Setting next_dagrun for example_subdag_operator to 2022-02-19T00:00:00+00:00
[2022-02-21 23:52:28,491] {logging_mixin.py:109} INFO - [2022-02-21 23:52:28,491] {dag.py:2935} INFO - Setting next_dagrun for example_subdag_operator.section-1 to None
[2022-02-21 23:52:28,493] {logging_mixin.py:109} INFO - [2022-02-21 23:52:28,493] {dag.py:2935} INFO - Setting next_dagrun for example_subdag_operator.section-2 to None
[2022-02-21 23:52:28,508] {logging_mixin.py:109} INFO - [2022-02-21 23:52:28,508] {dag.py:2396} INFO - Sync 2 DAGs
[2022-02-21 23:52:28,539] {logging_mixin.py:109} INFO - [2022-02-21 23:52:28,539] {dag.py:2935} INFO - Setting next_dagrun for example_subdag_operator.section-1 to None
[2022-02-21 23:52:28,541] {logging_mixin.py:109} INFO - [2022-02-21 23:52:28,541] {dag.py:2935} INFO - Setting next_dagrun for example_subdag_operator.section-2 to None
[2022-02-21 23:52:28,553] {processor.py:171} INFO - Processing /home/airflow/.local/lib/python3.7/site-packages/airflow/example_dags/example_subdag_operator.py took 0.156 seconds
[2022-02-21 23:52:59,388] {processor.py:163} INFO - Started process (PID=295) to work on /home/airflow/.local/lib/python3.7/site-packages/airflow/example_dags/example_subdag_operator.py
[2022-02-21 23:52:59,394] {processor.py:642} INFO - Processing file /home/airflow/.local/lib/python3.7/site-packages/airflow/example_dags/example_subdag_operator.py for tasks to queue
[2022-02-21 23:52:59,399] {logging_mixin.py:109} INFO - [2022-02-21 23:52:59,399] {dagbag.py:500} INFO - Filling up the DagBag from /home/airflow/.local/lib/python3.7/site-packages/airflow/example_dags/example_subdag_operator.py
[2022-02-21 23:52:59,627] {processor.py:654} INFO - DAG(s) dict_keys(['example_subdag_operator.section-1', 'example_subdag_operator.section-2', 'example_subdag_operator']) retrieved from /home/airflow/.local/lib/python3.7/site-packages/airflow/example_dags/example_subdag_operator.py
[2022-02-21 23:52:59,657] {logging_mixin.py:109} INFO - [2022-02-21 23:52:59,657] {dag.py:2396} INFO - Sync 3 DAGs
[2022-02-21 23:52:59,695] {logging_mixin.py:109} INFO - [2022-02-21 23:52:59,695] {dag.py:2935} INFO - Setting next_dagrun for example_subdag_operator to 2022-02-19T00:00:00+00:00
[2022-02-21 23:52:59,698] {logging_mixin.py:109} INFO - [2022-02-21 23:52:59,697] {dag.py:2935} INFO - Setting next_dagrun for example_subdag_operator.section-1 to None
[2022-02-21 23:52:59,701] {logging_mixin.py:109} INFO - [2022-02-21 23:52:59,701] {dag.py:2935} INFO - Setting next_dagrun for example_subdag_operator.section-2 to None
[2022-02-21 23:52:59,717] {logging_mixin.py:109} INFO - [2022-02-21 23:52:59,717] {dag.py:2396} INFO - Sync 2 DAGs
[2022-02-21 23:52:59,743] {logging_mixin.py:109} INFO - [2022-02-21 23:52:59,742] {dag.py:2935} INFO - Setting next_dagrun for example_subdag_operator.section-1 to None
[2022-02-21 23:52:59,744] {logging_mixin.py:109} INFO - [2022-02-21 23:52:59,743] {dag.py:2935} INFO - Setting next_dagrun for example_subdag_operator.section-2 to None
[2022-02-21 23:52:59,754] {processor.py:171} INFO - Processing /home/airflow/.local/lib/python3.7/site-packages/airflow/example_dags/example_subdag_operator.py took 0.378 seconds
[2022-02-21 23:53:29,829] {processor.py:163} INFO - Started process (PID=349) to work on /home/airflow/.local/lib/python3.7/site-packages/airflow/example_dags/example_subdag_operator.py
[2022-02-21 23:53:29,834] {processor.py:642} INFO - Processing file /home/airflow/.local/lib/python3.7/site-packages/airflow/example_dags/example_subdag_operator.py for tasks to queue
[2022-02-21 23:53:29,837] {logging_mixin.py:109} INFO - [2022-02-21 23:53:29,836] {dagbag.py:500} INFO - Filling up the DagBag from /home/airflow/.local/lib/python3.7/site-packages/airflow/example_dags/example_subdag_operator.py
[2022-02-21 23:53:29,979] {processor.py:654} INFO - DAG(s) dict_keys(['example_subdag_operator.section-1', 'example_subdag_operator.section-2', 'example_subdag_operator']) retrieved from /home/airflow/.local/lib/python3.7/site-packages/airflow/example_dags/example_subdag_operator.py
[2022-02-21 23:53:30,012] {logging_mixin.py:109} INFO - [2022-02-21 23:53:30,012] {dag.py:2396} INFO - Sync 3 DAGs
[2022-02-21 23:53:30,052] {logging_mixin.py:109} INFO - [2022-02-21 23:53:30,052] {dag.py:2935} INFO - Setting next_dagrun for example_subdag_operator to 2022-02-19T00:00:00+00:00
[2022-02-21 23:53:30,055] {logging_mixin.py:109} INFO - [2022-02-21 23:53:30,054] {dag.py:2935} INFO - Setting next_dagrun for example_subdag_operator.section-1 to None
[2022-02-21 23:53:30,061] {logging_mixin.py:109} INFO - [2022-02-21 23:53:30,058] {dag.py:2935} INFO - Setting next_dagrun for example_subdag_operator.section-2 to None
[2022-02-21 23:53:30,093] {logging_mixin.py:109} INFO - [2022-02-21 23:53:30,091] {dag.py:2396} INFO - Sync 2 DAGs
[2022-02-21 23:53:30,137] {logging_mixin.py:109} INFO - [2022-02-21 23:53:30,137] {dag.py:2935} INFO - Setting next_dagrun for example_subdag_operator.section-1 to None
[2022-02-21 23:53:30,143] {logging_mixin.py:109} INFO - [2022-02-21 23:53:30,143] {dag.py:2935} INFO - Setting next_dagrun for example_subdag_operator.section-2 to None
[2022-02-21 23:53:30,166] {processor.py:171} INFO - Processing /home/airflow/.local/lib/python3.7/site-packages/airflow/example_dags/example_subdag_operator.py took 0.348 seconds
[2022-02-21 23:54:00,813] {processor.py:163} INFO - Started process (PID=403) to work on /home/airflow/.local/lib/python3.7/site-packages/airflow/example_dags/example_subdag_operator.py
[2022-02-21 23:54:00,820] {processor.py:642} INFO - Processing file /home/airflow/.local/lib/python3.7/site-packages/airflow/example_dags/example_subdag_operator.py for tasks to queue
[2022-02-21 23:54:00,827] {logging_mixin.py:109} INFO - [2022-02-21 23:54:00,826] {dagbag.py:500} INFO - Filling up the DagBag from /home/airflow/.local/lib/python3.7/site-packages/airflow/example_dags/example_subdag_operator.py
[2022-02-21 23:54:00,892] {processor.py:654} INFO - DAG(s) dict_keys(['example_subdag_operator.section-1', 'example_subdag_operator.section-2', 'example_subdag_operator']) retrieved from /home/airflow/.local/lib/python3.7/site-packages/airflow/example_dags/example_subdag_operator.py
[2022-02-21 23:54:00,914] {logging_mixin.py:109} INFO - [2022-02-21 23:54:00,913] {dag.py:2396} INFO - Sync 3 DAGs
[2022-02-21 23:54:00,931] {logging_mixin.py:109} INFO - [2022-02-21 23:54:00,931] {dag.py:2935} INFO - Setting next_dagrun for example_subdag_operator to 2022-02-19T00:00:00+00:00
[2022-02-21 23:54:00,933] {logging_mixin.py:109} INFO - [2022-02-21 23:54:00,933] {dag.py:2935} INFO - Setting next_dagrun for example_subdag_operator.section-1 to None
[2022-02-21 23:54:00,934] {logging_mixin.py:109} INFO - [2022-02-21 23:54:00,934] {dag.py:2935} INFO - Setting next_dagrun for example_subdag_operator.section-2 to None
[2022-02-21 23:54:00,945] {logging_mixin.py:109} INFO - [2022-02-21 23:54:00,944] {dag.py:2396} INFO - Sync 2 DAGs
[2022-02-21 23:54:00,955] {logging_mixin.py:109} INFO - [2022-02-21 23:54:00,954] {dag.py:2935} INFO - Setting next_dagrun for example_subdag_operator.section-1 to None
[2022-02-21 23:54:00,958] {logging_mixin.py:109} INFO - [2022-02-21 23:54:00,957] {dag.py:2935} INFO - Setting next_dagrun for example_subdag_operator.section-2 to None
[2022-02-21 23:54:00,969] {processor.py:171} INFO - Processing /home/airflow/.local/lib/python3.7/site-packages/airflow/example_dags/example_subdag_operator.py took 0.161 seconds
[2022-02-21 23:54:31,113] {processor.py:163} INFO - Started process (PID=456) to work on /home/airflow/.local/lib/python3.7/site-packages/airflow/example_dags/example_subdag_operator.py
[2022-02-21 23:54:31,128] {processor.py:642} INFO - Processing file /home/airflow/.local/lib/python3.7/site-packages/airflow/example_dags/example_subdag_operator.py for tasks to queue
[2022-02-21 23:54:31,136] {logging_mixin.py:109} INFO - [2022-02-21 23:54:31,136] {dagbag.py:500} INFO - Filling up the DagBag from /home/airflow/.local/lib/python3.7/site-packages/airflow/example_dags/example_subdag_operator.py
[2022-02-21 23:54:31,411] {processor.py:654} INFO - DAG(s) dict_keys(['example_subdag_operator.section-1', 'example_subdag_operator.section-2', 'example_subdag_operator']) retrieved from /home/airflow/.local/lib/python3.7/site-packages/airflow/example_dags/example_subdag_operator.py
[2022-02-21 23:54:31,843] {logging_mixin.py:109} INFO - [2022-02-21 23:54:31,843] {dag.py:2396} INFO - Sync 3 DAGs
[2022-02-21 23:54:32,051] {logging_mixin.py:109} INFO - [2022-02-21 23:54:32,049] {dag.py:2935} INFO - Setting next_dagrun for example_subdag_operator to 2022-02-19T00:00:00+00:00
[2022-02-21 23:54:32,055] {logging_mixin.py:109} INFO - [2022-02-21 23:54:32,055] {dag.py:2935} INFO - Setting next_dagrun for example_subdag_operator.section-1 to None
[2022-02-21 23:54:32,061] {logging_mixin.py:109} INFO - [2022-02-21 23:54:32,060] {dag.py:2935} INFO - Setting next_dagrun for example_subdag_operator.section-2 to None
[2022-02-21 23:54:32,099] {logging_mixin.py:109} INFO - [2022-02-21 23:54:32,099] {dag.py:2396} INFO - Sync 2 DAGs
[2022-02-21 23:54:32,178] {logging_mixin.py:109} INFO - [2022-02-21 23:54:32,177] {dag.py:2935} INFO - Setting next_dagrun for example_subdag_operator.section-1 to None
[2022-02-21 23:54:32,180] {logging_mixin.py:109} INFO - [2022-02-21 23:54:32,180] {dag.py:2935} INFO - Setting next_dagrun for example_subdag_operator.section-2 to None
[2022-02-21 23:54:32,211] {processor.py:171} INFO - Processing /home/airflow/.local/lib/python3.7/site-packages/airflow/example_dags/example_subdag_operator.py took 1.123 seconds
[2022-02-21 23:55:02,586] {processor.py:163} INFO - Started process (PID=517) to work on /home/airflow/.local/lib/python3.7/site-packages/airflow/example_dags/example_subdag_operator.py
[2022-02-21 23:55:02,597] {processor.py:642} INFO - Processing file /home/airflow/.local/lib/python3.7/site-packages/airflow/example_dags/example_subdag_operator.py for tasks to queue
[2022-02-21 23:55:02,609] {logging_mixin.py:109} INFO - [2022-02-21 23:55:02,609] {dagbag.py:500} INFO - Filling up the DagBag from /home/airflow/.local/lib/python3.7/site-packages/airflow/example_dags/example_subdag_operator.py
[2022-02-21 23:55:02,891] {processor.py:654} INFO - DAG(s) dict_keys(['example_subdag_operator.section-1', 'example_subdag_operator.section-2', 'example_subdag_operator']) retrieved from /home/airflow/.local/lib/python3.7/site-packages/airflow/example_dags/example_subdag_operator.py
[2022-02-21 23:55:02,939] {logging_mixin.py:109} INFO - [2022-02-21 23:55:02,931] {dag.py:2396} INFO - Sync 3 DAGs
[2022-02-21 23:55:02,982] {logging_mixin.py:109} INFO - [2022-02-21 23:55:02,981] {dag.py:2935} INFO - Setting next_dagrun for example_subdag_operator to 2022-02-19T00:00:00+00:00
[2022-02-21 23:55:02,984] {logging_mixin.py:109} INFO - [2022-02-21 23:55:02,984] {dag.py:2935} INFO - Setting next_dagrun for example_subdag_operator.section-1 to None
[2022-02-21 23:55:02,987] {logging_mixin.py:109} INFO - [2022-02-21 23:55:02,987] {dag.py:2935} INFO - Setting next_dagrun for example_subdag_operator.section-2 to None
[2022-02-21 23:55:03,011] {logging_mixin.py:109} INFO - [2022-02-21 23:55:03,010] {dag.py:2396} INFO - Sync 2 DAGs
[2022-02-21 23:55:03,031] {logging_mixin.py:109} INFO - [2022-02-21 23:55:03,031] {dag.py:2935} INFO - Setting next_dagrun for example_subdag_operator.section-1 to None
[2022-02-21 23:55:03,033] {logging_mixin.py:109} INFO - [2022-02-21 23:55:03,033] {dag.py:2935} INFO - Setting next_dagrun for example_subdag_operator.section-2 to None
[2022-02-21 23:55:03,067] {processor.py:171} INFO - Processing /home/airflow/.local/lib/python3.7/site-packages/airflow/example_dags/example_subdag_operator.py took 0.500 seconds
[2022-02-21 23:55:33,331] {processor.py:163} INFO - Started process (PID=560) to work on /home/airflow/.local/lib/python3.7/site-packages/airflow/example_dags/example_subdag_operator.py
[2022-02-21 23:55:33,340] {processor.py:642} INFO - Processing file /home/airflow/.local/lib/python3.7/site-packages/airflow/example_dags/example_subdag_operator.py for tasks to queue
[2022-02-21 23:55:33,342] {logging_mixin.py:109} INFO - [2022-02-21 23:55:33,342] {dagbag.py:500} INFO - Filling up the DagBag from /home/airflow/.local/lib/python3.7/site-packages/airflow/example_dags/example_subdag_operator.py
[2022-02-21 23:55:33,446] {processor.py:654} INFO - DAG(s) dict_keys(['example_subdag_operator.section-1', 'example_subdag_operator.section-2', 'example_subdag_operator']) retrieved from /home/airflow/.local/lib/python3.7/site-packages/airflow/example_dags/example_subdag_operator.py
[2022-02-21 23:55:33,491] {logging_mixin.py:109} INFO - [2022-02-21 23:55:33,491] {dag.py:2396} INFO - Sync 3 DAGs
[2022-02-21 23:55:33,537] {logging_mixin.py:109} INFO - [2022-02-21 23:55:33,537] {dag.py:2935} INFO - Setting next_dagrun for example_subdag_operator to 2022-02-19T00:00:00+00:00
[2022-02-21 23:55:33,539] {logging_mixin.py:109} INFO - [2022-02-21 23:55:33,538] {dag.py:2935} INFO - Setting next_dagrun for example_subdag_operator.section-1 to None
[2022-02-21 23:55:33,540] {logging_mixin.py:109} INFO - [2022-02-21 23:55:33,540] {dag.py:2935} INFO - Setting next_dagrun for example_subdag_operator.section-2 to None
[2022-02-21 23:55:33,558] {logging_mixin.py:109} INFO - [2022-02-21 23:55:33,557] {dag.py:2396} INFO - Sync 2 DAGs
[2022-02-21 23:55:33,605] {logging_mixin.py:109} INFO - [2022-02-21 23:55:33,605] {dag.py:2935} INFO - Setting next_dagrun for example_subdag_operator.section-1 to None
[2022-02-21 23:55:33,619] {logging_mixin.py:109} INFO - [2022-02-21 23:55:33,619] {dag.py:2935} INFO - Setting next_dagrun for example_subdag_operator.section-2 to None
[2022-02-21 23:55:33,663] {processor.py:171} INFO - Processing /home/airflow/.local/lib/python3.7/site-packages/airflow/example_dags/example_subdag_operator.py took 0.336 seconds
[2022-02-21 23:56:03,772] {processor.py:163} INFO - Started process (PID=623) to work on /home/airflow/.local/lib/python3.7/site-packages/airflow/example_dags/example_subdag_operator.py
[2022-02-21 23:56:03,779] {processor.py:642} INFO - Processing file /home/airflow/.local/lib/python3.7/site-packages/airflow/example_dags/example_subdag_operator.py for tasks to queue
[2022-02-21 23:56:03,782] {logging_mixin.py:109} INFO - [2022-02-21 23:56:03,782] {dagbag.py:500} INFO - Filling up the DagBag from /home/airflow/.local/lib/python3.7/site-packages/airflow/example_dags/example_subdag_operator.py
[2022-02-21 23:56:03,834] {processor.py:654} INFO - DAG(s) dict_keys(['example_subdag_operator.section-1', 'example_subdag_operator.section-2', 'example_subdag_operator']) retrieved from /home/airflow/.local/lib/python3.7/site-packages/airflow/example_dags/example_subdag_operator.py
[2022-02-21 23:56:03,855] {logging_mixin.py:109} INFO - [2022-02-21 23:56:03,855] {dag.py:2396} INFO - Sync 3 DAGs
[2022-02-21 23:56:03,880] {logging_mixin.py:109} INFO - [2022-02-21 23:56:03,880] {dag.py:2935} INFO - Setting next_dagrun for example_subdag_operator to 2022-02-19T00:00:00+00:00
[2022-02-21 23:56:03,881] {logging_mixin.py:109} INFO - [2022-02-21 23:56:03,881] {dag.py:2935} INFO - Setting next_dagrun for example_subdag_operator.section-1 to None
[2022-02-21 23:56:03,883] {logging_mixin.py:109} INFO - [2022-02-21 23:56:03,883] {dag.py:2935} INFO - Setting next_dagrun for example_subdag_operator.section-2 to None
[2022-02-21 23:56:03,894] {logging_mixin.py:109} INFO - [2022-02-21 23:56:03,894] {dag.py:2396} INFO - Sync 2 DAGs
[2022-02-21 23:56:03,908] {logging_mixin.py:109} INFO - [2022-02-21 23:56:03,908] {dag.py:2935} INFO - Setting next_dagrun for example_subdag_operator.section-1 to None
[2022-02-21 23:56:03,910] {logging_mixin.py:109} INFO - [2022-02-21 23:56:03,909] {dag.py:2935} INFO - Setting next_dagrun for example_subdag_operator.section-2 to None
[2022-02-21 23:56:03,919] {processor.py:171} INFO - Processing /home/airflow/.local/lib/python3.7/site-packages/airflow/example_dags/example_subdag_operator.py took 0.151 seconds
[2022-02-21 23:56:34,151] {processor.py:163} INFO - Started process (PID=678) to work on /home/airflow/.local/lib/python3.7/site-packages/airflow/example_dags/example_subdag_operator.py
[2022-02-21 23:56:34,160] {processor.py:642} INFO - Processing file /home/airflow/.local/lib/python3.7/site-packages/airflow/example_dags/example_subdag_operator.py for tasks to queue
[2022-02-21 23:56:34,166] {logging_mixin.py:109} INFO - [2022-02-21 23:56:34,166] {dagbag.py:500} INFO - Filling up the DagBag from /home/airflow/.local/lib/python3.7/site-packages/airflow/example_dags/example_subdag_operator.py
[2022-02-21 23:56:34,319] {processor.py:654} INFO - DAG(s) dict_keys(['example_subdag_operator.section-1', 'example_subdag_operator.section-2', 'example_subdag_operator']) retrieved from /home/airflow/.local/lib/python3.7/site-packages/airflow/example_dags/example_subdag_operator.py
[2022-02-21 23:56:34,340] {logging_mixin.py:109} INFO - [2022-02-21 23:56:34,340] {dag.py:2396} INFO - Sync 3 DAGs
[2022-02-21 23:56:34,366] {logging_mixin.py:109} INFO - [2022-02-21 23:56:34,365] {dag.py:2935} INFO - Setting next_dagrun for example_subdag_operator to 2022-02-19T00:00:00+00:00
[2022-02-21 23:56:34,368] {logging_mixin.py:109} INFO - [2022-02-21 23:56:34,368] {dag.py:2935} INFO - Setting next_dagrun for example_subdag_operator.section-1 to None
[2022-02-21 23:56:34,370] {logging_mixin.py:109} INFO - [2022-02-21 23:56:34,370] {dag.py:2935} INFO - Setting next_dagrun for example_subdag_operator.section-2 to None
[2022-02-21 23:56:34,379] {logging_mixin.py:109} INFO - [2022-02-21 23:56:34,379] {dag.py:2396} INFO - Sync 2 DAGs
[2022-02-21 23:56:34,394] {logging_mixin.py:109} INFO - [2022-02-21 23:56:34,394] {dag.py:2935} INFO - Setting next_dagrun for example_subdag_operator.section-1 to None
[2022-02-21 23:56:34,396] {logging_mixin.py:109} INFO - [2022-02-21 23:56:34,396] {dag.py:2935} INFO - Setting next_dagrun for example_subdag_operator.section-2 to None
[2022-02-21 23:56:34,407] {processor.py:171} INFO - Processing /home/airflow/.local/lib/python3.7/site-packages/airflow/example_dags/example_subdag_operator.py took 0.267 seconds
[2022-02-21 23:57:04,914] {processor.py:163} INFO - Started process (PID=732) to work on /home/airflow/.local/lib/python3.7/site-packages/airflow/example_dags/example_subdag_operator.py
[2022-02-21 23:57:04,931] {processor.py:642} INFO - Processing file /home/airflow/.local/lib/python3.7/site-packages/airflow/example_dags/example_subdag_operator.py for tasks to queue
[2022-02-21 23:57:04,950] {logging_mixin.py:109} INFO - [2022-02-21 23:57:04,942] {dagbag.py:500} INFO - Filling up the DagBag from /home/airflow/.local/lib/python3.7/site-packages/airflow/example_dags/example_subdag_operator.py
[2022-02-21 23:57:05,165] {processor.py:654} INFO - DAG(s) dict_keys(['example_subdag_operator.section-1', 'example_subdag_operator.section-2', 'example_subdag_operator']) retrieved from /home/airflow/.local/lib/python3.7/site-packages/airflow/example_dags/example_subdag_operator.py
[2022-02-21 23:57:05,238] {logging_mixin.py:109} INFO - [2022-02-21 23:57:05,237] {dag.py:2396} INFO - Sync 3 DAGs
[2022-02-21 23:57:05,349] {logging_mixin.py:109} INFO - [2022-02-21 23:57:05,349] {dag.py:2935} INFO - Setting next_dagrun for example_subdag_operator to 2022-02-19T00:00:00+00:00
[2022-02-21 23:57:05,351] {logging_mixin.py:109} INFO - [2022-02-21 23:57:05,351] {dag.py:2935} INFO - Setting next_dagrun for example_subdag_operator.section-1 to None
[2022-02-21 23:57:05,363] {logging_mixin.py:109} INFO - [2022-02-21 23:57:05,362] {dag.py:2935} INFO - Setting next_dagrun for example_subdag_operator.section-2 to None
[2022-02-21 23:57:05,386] {logging_mixin.py:109} INFO - [2022-02-21 23:57:05,386] {dag.py:2396} INFO - Sync 2 DAGs
[2022-02-21 23:57:05,432] {logging_mixin.py:109} INFO - [2022-02-21 23:57:05,431] {dag.py:2935} INFO - Setting next_dagrun for example_subdag_operator.section-1 to None
[2022-02-21 23:57:05,437] {logging_mixin.py:109} INFO - [2022-02-21 23:57:05,437] {dag.py:2935} INFO - Setting next_dagrun for example_subdag_operator.section-2 to None
[2022-02-21 23:57:05,459] {processor.py:171} INFO - Processing /home/airflow/.local/lib/python3.7/site-packages/airflow/example_dags/example_subdag_operator.py took 0.591 seconds
[2022-02-21 23:57:35,670] {processor.py:163} INFO - Started process (PID=777) to work on /home/airflow/.local/lib/python3.7/site-packages/airflow/example_dags/example_subdag_operator.py
[2022-02-21 23:57:35,673] {processor.py:642} INFO - Processing file /home/airflow/.local/lib/python3.7/site-packages/airflow/example_dags/example_subdag_operator.py for tasks to queue
[2022-02-21 23:57:35,675] {logging_mixin.py:109} INFO - [2022-02-21 23:57:35,674] {dagbag.py:500} INFO - Filling up the DagBag from /home/airflow/.local/lib/python3.7/site-packages/airflow/example_dags/example_subdag_operator.py
[2022-02-21 23:57:35,758] {processor.py:654} INFO - DAG(s) dict_keys(['example_subdag_operator.section-1', 'example_subdag_operator.section-2', 'example_subdag_operator']) retrieved from /home/airflow/.local/lib/python3.7/site-packages/airflow/example_dags/example_subdag_operator.py
[2022-02-21 23:57:35,796] {logging_mixin.py:109} INFO - [2022-02-21 23:57:35,795] {dag.py:2396} INFO - Sync 3 DAGs
[2022-02-21 23:57:35,838] {logging_mixin.py:109} INFO - [2022-02-21 23:57:35,838] {dag.py:2935} INFO - Setting next_dagrun for example_subdag_operator to 2022-02-19T00:00:00+00:00
[2022-02-21 23:57:35,839] {logging_mixin.py:109} INFO - [2022-02-21 23:57:35,839] {dag.py:2935} INFO - Setting next_dagrun for example_subdag_operator.section-1 to None
[2022-02-21 23:57:35,841] {logging_mixin.py:109} INFO - [2022-02-21 23:57:35,841] {dag.py:2935} INFO - Setting next_dagrun for example_subdag_operator.section-2 to None
[2022-02-21 23:57:35,860] {logging_mixin.py:109} INFO - [2022-02-21 23:57:35,860] {dag.py:2396} INFO - Sync 2 DAGs
[2022-02-21 23:57:35,883] {logging_mixin.py:109} INFO - [2022-02-21 23:57:35,883] {dag.py:2935} INFO - Setting next_dagrun for example_subdag_operator.section-1 to None
[2022-02-21 23:57:35,884] {logging_mixin.py:109} INFO - [2022-02-21 23:57:35,884] {dag.py:2935} INFO - Setting next_dagrun for example_subdag_operator.section-2 to None
[2022-02-21 23:57:35,910] {processor.py:171} INFO - Processing /home/airflow/.local/lib/python3.7/site-packages/airflow/example_dags/example_subdag_operator.py took 0.246 seconds
[2022-02-21 23:58:06,914] {processor.py:163} INFO - Started process (PID=831) to work on /home/airflow/.local/lib/python3.7/site-packages/airflow/example_dags/example_subdag_operator.py
[2022-02-21 23:58:06,926] {processor.py:642} INFO - Processing file /home/airflow/.local/lib/python3.7/site-packages/airflow/example_dags/example_subdag_operator.py for tasks to queue
[2022-02-21 23:58:06,936] {logging_mixin.py:109} INFO - [2022-02-21 23:58:06,935] {dagbag.py:500} INFO - Filling up the DagBag from /home/airflow/.local/lib/python3.7/site-packages/airflow/example_dags/example_subdag_operator.py
[2022-02-21 23:58:07,181] {processor.py:654} INFO - DAG(s) dict_keys(['example_subdag_operator.section-1', 'example_subdag_operator.section-2', 'example_subdag_operator']) retrieved from /home/airflow/.local/lib/python3.7/site-packages/airflow/example_dags/example_subdag_operator.py
[2022-02-21 23:58:07,291] {logging_mixin.py:109} INFO - [2022-02-21 23:58:07,291] {dag.py:2396} INFO - Sync 3 DAGs
[2022-02-21 23:58:07,389] {logging_mixin.py:109} INFO - [2022-02-21 23:58:07,389] {dag.py:2935} INFO - Setting next_dagrun for example_subdag_operator to 2022-02-19T00:00:00+00:00
[2022-02-21 23:58:07,396] {logging_mixin.py:109} INFO - [2022-02-21 23:58:07,392] {dag.py:2935} INFO - Setting next_dagrun for example_subdag_operator.section-1 to None
[2022-02-21 23:58:07,405] {logging_mixin.py:109} INFO - [2022-02-21 23:58:07,402] {dag.py:2935} INFO - Setting next_dagrun for example_subdag_operator.section-2 to None
[2022-02-21 23:58:07,444] {logging_mixin.py:109} INFO - [2022-02-21 23:58:07,444] {dag.py:2396} INFO - Sync 2 DAGs
[2022-02-21 23:58:07,508] {logging_mixin.py:109} INFO - [2022-02-21 23:58:07,507] {dag.py:2935} INFO - Setting next_dagrun for example_subdag_operator.section-1 to None
[2022-02-21 23:58:07,514] {logging_mixin.py:109} INFO - [2022-02-21 23:58:07,513] {dag.py:2935} INFO - Setting next_dagrun for example_subdag_operator.section-2 to None
[2022-02-21 23:58:07,547] {processor.py:171} INFO - Processing /home/airflow/.local/lib/python3.7/site-packages/airflow/example_dags/example_subdag_operator.py took 0.662 seconds
[2022-02-21 23:58:38,341] {processor.py:163} INFO - Started process (PID=886) to work on /home/airflow/.local/lib/python3.7/site-packages/airflow/example_dags/example_subdag_operator.py
[2022-02-21 23:58:38,353] {processor.py:642} INFO - Processing file /home/airflow/.local/lib/python3.7/site-packages/airflow/example_dags/example_subdag_operator.py for tasks to queue
[2022-02-21 23:58:38,368] {logging_mixin.py:109} INFO - [2022-02-21 23:58:38,367] {dagbag.py:500} INFO - Filling up the DagBag from /home/airflow/.local/lib/python3.7/site-packages/airflow/example_dags/example_subdag_operator.py
[2022-02-21 23:58:38,506] {processor.py:654} INFO - DAG(s) dict_keys(['example_subdag_operator.section-1', 'example_subdag_operator.section-2', 'example_subdag_operator']) retrieved from /home/airflow/.local/lib/python3.7/site-packages/airflow/example_dags/example_subdag_operator.py
[2022-02-21 23:58:38,554] {logging_mixin.py:109} INFO - [2022-02-21 23:58:38,554] {dag.py:2396} INFO - Sync 3 DAGs
[2022-02-21 23:58:38,637] {logging_mixin.py:109} INFO - [2022-02-21 23:58:38,637] {dag.py:2935} INFO - Setting next_dagrun for example_subdag_operator to 2022-02-19T00:00:00+00:00
[2022-02-21 23:58:38,639] {logging_mixin.py:109} INFO - [2022-02-21 23:58:38,638] {dag.py:2935} INFO - Setting next_dagrun for example_subdag_operator.section-1 to None
[2022-02-21 23:58:38,640] {logging_mixin.py:109} INFO - [2022-02-21 23:58:38,640] {dag.py:2935} INFO - Setting next_dagrun for example_subdag_operator.section-2 to None
[2022-02-21 23:58:38,669] {logging_mixin.py:109} INFO - [2022-02-21 23:58:38,669] {dag.py:2396} INFO - Sync 2 DAGs
[2022-02-21 23:58:38,702] {logging_mixin.py:109} INFO - [2022-02-21 23:58:38,702] {dag.py:2935} INFO - Setting next_dagrun for example_subdag_operator.section-1 to None
[2022-02-21 23:58:38,704] {logging_mixin.py:109} INFO - [2022-02-21 23:58:38,704] {dag.py:2935} INFO - Setting next_dagrun for example_subdag_operator.section-2 to None
[2022-02-21 23:58:38,729] {processor.py:171} INFO - Processing /home/airflow/.local/lib/python3.7/site-packages/airflow/example_dags/example_subdag_operator.py took 0.438 seconds
[2022-02-21 23:59:08,898] {processor.py:163} INFO - Started process (PID=945) to work on /home/airflow/.local/lib/python3.7/site-packages/airflow/example_dags/example_subdag_operator.py
[2022-02-21 23:59:08,904] {processor.py:642} INFO - Processing file /home/airflow/.local/lib/python3.7/site-packages/airflow/example_dags/example_subdag_operator.py for tasks to queue
[2022-02-21 23:59:08,909] {logging_mixin.py:109} INFO - [2022-02-21 23:59:08,908] {dagbag.py:500} INFO - Filling up the DagBag from /home/airflow/.local/lib/python3.7/site-packages/airflow/example_dags/example_subdag_operator.py
[2022-02-21 23:59:08,984] {processor.py:654} INFO - DAG(s) dict_keys(['example_subdag_operator.section-1', 'example_subdag_operator.section-2', 'example_subdag_operator']) retrieved from /home/airflow/.local/lib/python3.7/site-packages/airflow/example_dags/example_subdag_operator.py
[2022-02-21 23:59:09,016] {logging_mixin.py:109} INFO - [2022-02-21 23:59:09,016] {dag.py:2396} INFO - Sync 3 DAGs
[2022-02-21 23:59:09,053] {logging_mixin.py:109} INFO - [2022-02-21 23:59:09,052] {dag.py:2935} INFO - Setting next_dagrun for example_subdag_operator to 2022-02-19T00:00:00+00:00
[2022-02-21 23:59:09,054] {logging_mixin.py:109} INFO - [2022-02-21 23:59:09,054] {dag.py:2935} INFO - Setting next_dagrun for example_subdag_operator.section-1 to None
[2022-02-21 23:59:09,056] {logging_mixin.py:109} INFO - [2022-02-21 23:59:09,055] {dag.py:2935} INFO - Setting next_dagrun for example_subdag_operator.section-2 to None
[2022-02-21 23:59:09,073] {logging_mixin.py:109} INFO - [2022-02-21 23:59:09,073] {dag.py:2396} INFO - Sync 2 DAGs
[2022-02-21 23:59:09,089] {logging_mixin.py:109} INFO - [2022-02-21 23:59:09,089] {dag.py:2935} INFO - Setting next_dagrun for example_subdag_operator.section-1 to None
[2022-02-21 23:59:09,090] {logging_mixin.py:109} INFO - [2022-02-21 23:59:09,090] {dag.py:2935} INFO - Setting next_dagrun for example_subdag_operator.section-2 to None
[2022-02-21 23:59:09,103] {processor.py:171} INFO - Processing /home/airflow/.local/lib/python3.7/site-packages/airflow/example_dags/example_subdag_operator.py took 0.220 seconds
[2022-02-21 23:59:39,807] {processor.py:163} INFO - Started process (PID=1000) to work on /home/airflow/.local/lib/python3.7/site-packages/airflow/example_dags/example_subdag_operator.py
[2022-02-21 23:59:39,821] {processor.py:642} INFO - Processing file /home/airflow/.local/lib/python3.7/site-packages/airflow/example_dags/example_subdag_operator.py for tasks to queue
[2022-02-21 23:59:39,823] {logging_mixin.py:109} INFO - [2022-02-21 23:59:39,823] {dagbag.py:500} INFO - Filling up the DagBag from /home/airflow/.local/lib/python3.7/site-packages/airflow/example_dags/example_subdag_operator.py
[2022-02-21 23:59:40,009] {processor.py:654} INFO - DAG(s) dict_keys(['example_subdag_operator.section-1', 'example_subdag_operator.section-2', 'example_subdag_operator']) retrieved from /home/airflow/.local/lib/python3.7/site-packages/airflow/example_dags/example_subdag_operator.py
[2022-02-21 23:59:40,057] {logging_mixin.py:109} INFO - [2022-02-21 23:59:40,057] {dag.py:2396} INFO - Sync 3 DAGs
[2022-02-21 23:59:40,117] {logging_mixin.py:109} INFO - [2022-02-21 23:59:40,117] {dag.py:2935} INFO - Setting next_dagrun for example_subdag_operator to 2022-02-19T00:00:00+00:00
[2022-02-21 23:59:40,120] {logging_mixin.py:109} INFO - [2022-02-21 23:59:40,120] {dag.py:2935} INFO - Setting next_dagrun for example_subdag_operator.section-1 to None
[2022-02-21 23:59:40,123] {logging_mixin.py:109} INFO - [2022-02-21 23:59:40,122] {dag.py:2935} INFO - Setting next_dagrun for example_subdag_operator.section-2 to None
[2022-02-21 23:59:40,137] {logging_mixin.py:109} INFO - [2022-02-21 23:59:40,137] {dag.py:2396} INFO - Sync 2 DAGs
[2022-02-21 23:59:40,178] {logging_mixin.py:109} INFO - [2022-02-21 23:59:40,178] {dag.py:2935} INFO - Setting next_dagrun for example_subdag_operator.section-1 to None
[2022-02-21 23:59:40,179] {logging_mixin.py:109} INFO - [2022-02-21 23:59:40,179] {dag.py:2935} INFO - Setting next_dagrun for example_subdag_operator.section-2 to None
[2022-02-21 23:59:40,206] {processor.py:171} INFO - Processing /home/airflow/.local/lib/python3.7/site-packages/airflow/example_dags/example_subdag_operator.py took 0.403 seconds
