[2022-02-21 23:51:55,398] {processor.py:163} INFO - Started process (PID=183) to work on /home/airflow/.local/lib/python3.7/site-packages/airflow/example_dags/example_dag_decorator.py
[2022-02-21 23:51:55,408] {processor.py:642} INFO - Processing file /home/airflow/.local/lib/python3.7/site-packages/airflow/example_dags/example_dag_decorator.py for tasks to queue
[2022-02-21 23:51:55,412] {logging_mixin.py:109} INFO - [2022-02-21 23:51:55,411] {dagbag.py:500} INFO - Filling up the DagBag from /home/airflow/.local/lib/python3.7/site-packages/airflow/example_dags/example_dag_decorator.py
[2022-02-21 23:51:55,470] {processor.py:654} INFO - DAG(s) dict_keys(['example_dag_decorator']) retrieved from /home/airflow/.local/lib/python3.7/site-packages/airflow/example_dags/example_dag_decorator.py
[2022-02-21 23:51:55,948] {logging_mixin.py:109} INFO - [2022-02-21 23:51:55,948] {dag.py:2396} INFO - Sync 1 DAGs
[2022-02-21 23:51:56,002] {logging_mixin.py:109} INFO - [2022-02-21 23:51:56,002] {dag.py:2935} INFO - Setting next_dagrun for example_dag_decorator to None
[2022-02-21 23:51:56,172] {processor.py:171} INFO - Processing /home/airflow/.local/lib/python3.7/site-packages/airflow/example_dags/example_dag_decorator.py took 0.785 seconds
[2022-02-21 23:52:26,810] {processor.py:163} INFO - Started process (PID=237) to work on /home/airflow/.local/lib/python3.7/site-packages/airflow/example_dags/example_dag_decorator.py
[2022-02-21 23:52:26,813] {processor.py:642} INFO - Processing file /home/airflow/.local/lib/python3.7/site-packages/airflow/example_dags/example_dag_decorator.py for tasks to queue
[2022-02-21 23:52:26,818] {logging_mixin.py:109} INFO - [2022-02-21 23:52:26,818] {dagbag.py:500} INFO - Filling up the DagBag from /home/airflow/.local/lib/python3.7/site-packages/airflow/example_dags/example_dag_decorator.py
[2022-02-21 23:52:26,878] {processor.py:654} INFO - DAG(s) dict_keys(['example_dag_decorator']) retrieved from /home/airflow/.local/lib/python3.7/site-packages/airflow/example_dags/example_dag_decorator.py
[2022-02-21 23:52:27,261] {logging_mixin.py:109} INFO - [2022-02-21 23:52:27,261] {dag.py:2396} INFO - Sync 1 DAGs
[2022-02-21 23:52:27,276] {logging_mixin.py:109} INFO - [2022-02-21 23:52:27,276] {dag.py:2935} INFO - Setting next_dagrun for example_dag_decorator to None
[2022-02-21 23:52:27,297] {processor.py:171} INFO - Processing /home/airflow/.local/lib/python3.7/site-packages/airflow/example_dags/example_dag_decorator.py took 0.492 seconds
[2022-02-21 23:52:57,557] {processor.py:163} INFO - Started process (PID=291) to work on /home/airflow/.local/lib/python3.7/site-packages/airflow/example_dags/example_dag_decorator.py
[2022-02-21 23:52:57,563] {processor.py:642} INFO - Processing file /home/airflow/.local/lib/python3.7/site-packages/airflow/example_dags/example_dag_decorator.py for tasks to queue
[2022-02-21 23:52:57,571] {logging_mixin.py:109} INFO - [2022-02-21 23:52:57,570] {dagbag.py:500} INFO - Filling up the DagBag from /home/airflow/.local/lib/python3.7/site-packages/airflow/example_dags/example_dag_decorator.py
[2022-02-21 23:52:57,698] {processor.py:654} INFO - DAG(s) dict_keys(['example_dag_decorator']) retrieved from /home/airflow/.local/lib/python3.7/site-packages/airflow/example_dags/example_dag_decorator.py
[2022-02-21 23:52:58,251] {logging_mixin.py:109} INFO - [2022-02-21 23:52:58,251] {dag.py:2396} INFO - Sync 1 DAGs
[2022-02-21 23:52:58,266] {logging_mixin.py:109} INFO - [2022-02-21 23:52:58,266] {dag.py:2935} INFO - Setting next_dagrun for example_dag_decorator to None
[2022-02-21 23:52:58,279] {processor.py:171} INFO - Processing /home/airflow/.local/lib/python3.7/site-packages/airflow/example_dags/example_dag_decorator.py took 0.729 seconds
[2022-02-21 23:53:28,411] {processor.py:163} INFO - Started process (PID=347) to work on /home/airflow/.local/lib/python3.7/site-packages/airflow/example_dags/example_dag_decorator.py
[2022-02-21 23:53:28,417] {processor.py:642} INFO - Processing file /home/airflow/.local/lib/python3.7/site-packages/airflow/example_dags/example_dag_decorator.py for tasks to queue
[2022-02-21 23:53:28,422] {logging_mixin.py:109} INFO - [2022-02-21 23:53:28,420] {dagbag.py:500} INFO - Filling up the DagBag from /home/airflow/.local/lib/python3.7/site-packages/airflow/example_dags/example_dag_decorator.py
[2022-02-21 23:53:28,479] {processor.py:654} INFO - DAG(s) dict_keys(['example_dag_decorator']) retrieved from /home/airflow/.local/lib/python3.7/site-packages/airflow/example_dags/example_dag_decorator.py
[2022-02-21 23:53:28,720] {logging_mixin.py:109} INFO - [2022-02-21 23:53:28,719] {dag.py:2396} INFO - Sync 1 DAGs
[2022-02-21 23:53:28,734] {logging_mixin.py:109} INFO - [2022-02-21 23:53:28,734] {dag.py:2935} INFO - Setting next_dagrun for example_dag_decorator to None
[2022-02-21 23:53:28,747] {processor.py:171} INFO - Processing /home/airflow/.local/lib/python3.7/site-packages/airflow/example_dags/example_dag_decorator.py took 0.341 seconds
[2022-02-21 23:53:59,653] {processor.py:163} INFO - Started process (PID=401) to work on /home/airflow/.local/lib/python3.7/site-packages/airflow/example_dags/example_dag_decorator.py
[2022-02-21 23:53:59,661] {processor.py:642} INFO - Processing file /home/airflow/.local/lib/python3.7/site-packages/airflow/example_dags/example_dag_decorator.py for tasks to queue
[2022-02-21 23:53:59,663] {logging_mixin.py:109} INFO - [2022-02-21 23:53:59,663] {dagbag.py:500} INFO - Filling up the DagBag from /home/airflow/.local/lib/python3.7/site-packages/airflow/example_dags/example_dag_decorator.py
[2022-02-21 23:53:59,753] {processor.py:654} INFO - DAG(s) dict_keys(['example_dag_decorator']) retrieved from /home/airflow/.local/lib/python3.7/site-packages/airflow/example_dags/example_dag_decorator.py
[2022-02-21 23:54:00,024] {logging_mixin.py:109} INFO - [2022-02-21 23:54:00,024] {dag.py:2396} INFO - Sync 1 DAGs
[2022-02-21 23:54:00,048] {logging_mixin.py:109} INFO - [2022-02-21 23:54:00,048] {dag.py:2935} INFO - Setting next_dagrun for example_dag_decorator to None
[2022-02-21 23:54:00,067] {processor.py:171} INFO - Processing /home/airflow/.local/lib/python3.7/site-packages/airflow/example_dags/example_dag_decorator.py took 0.427 seconds
[2022-02-21 23:54:30,402] {processor.py:163} INFO - Started process (PID=454) to work on /home/airflow/.local/lib/python3.7/site-packages/airflow/example_dags/example_dag_decorator.py
[2022-02-21 23:54:30,411] {processor.py:642} INFO - Processing file /home/airflow/.local/lib/python3.7/site-packages/airflow/example_dags/example_dag_decorator.py for tasks to queue
[2022-02-21 23:54:30,416] {logging_mixin.py:109} INFO - [2022-02-21 23:54:30,415] {dagbag.py:500} INFO - Filling up the DagBag from /home/airflow/.local/lib/python3.7/site-packages/airflow/example_dags/example_dag_decorator.py
[2022-02-21 23:54:30,855] {processor.py:654} INFO - DAG(s) dict_keys(['example_dag_decorator']) retrieved from /home/airflow/.local/lib/python3.7/site-packages/airflow/example_dags/example_dag_decorator.py
[2022-02-21 23:54:32,352] {logging_mixin.py:109} INFO - [2022-02-21 23:54:32,351] {dag.py:2396} INFO - Sync 1 DAGs
[2022-02-21 23:54:32,395] {logging_mixin.py:109} INFO - [2022-02-21 23:54:32,395] {dag.py:2935} INFO - Setting next_dagrun for example_dag_decorator to None
[2022-02-21 23:54:32,412] {processor.py:171} INFO - Processing /home/airflow/.local/lib/python3.7/site-packages/airflow/example_dags/example_dag_decorator.py took 2.024 seconds
[2022-02-21 23:55:02,598] {processor.py:163} INFO - Started process (PID=516) to work on /home/airflow/.local/lib/python3.7/site-packages/airflow/example_dags/example_dag_decorator.py
[2022-02-21 23:55:02,602] {processor.py:642} INFO - Processing file /home/airflow/.local/lib/python3.7/site-packages/airflow/example_dags/example_dag_decorator.py for tasks to queue
[2022-02-21 23:55:02,605] {logging_mixin.py:109} INFO - [2022-02-21 23:55:02,605] {dagbag.py:500} INFO - Filling up the DagBag from /home/airflow/.local/lib/python3.7/site-packages/airflow/example_dags/example_dag_decorator.py
[2022-02-21 23:55:02,893] {processor.py:654} INFO - DAG(s) dict_keys(['example_dag_decorator']) retrieved from /home/airflow/.local/lib/python3.7/site-packages/airflow/example_dags/example_dag_decorator.py
[2022-02-21 23:55:02,930] {logging_mixin.py:109} INFO - [2022-02-21 23:55:02,930] {dag.py:2396} INFO - Sync 1 DAGs
[2022-02-21 23:55:02,972] {logging_mixin.py:109} INFO - [2022-02-21 23:55:02,972] {dag.py:2935} INFO - Setting next_dagrun for example_dag_decorator to None
[2022-02-21 23:55:02,998] {processor.py:171} INFO - Processing /home/airflow/.local/lib/python3.7/site-packages/airflow/example_dags/example_dag_decorator.py took 0.474 seconds
[2022-02-21 23:55:33,327] {processor.py:163} INFO - Started process (PID=559) to work on /home/airflow/.local/lib/python3.7/site-packages/airflow/example_dags/example_dag_decorator.py
[2022-02-21 23:55:33,337] {processor.py:642} INFO - Processing file /home/airflow/.local/lib/python3.7/site-packages/airflow/example_dags/example_dag_decorator.py for tasks to queue
[2022-02-21 23:55:33,353] {logging_mixin.py:109} INFO - [2022-02-21 23:55:33,350] {dagbag.py:500} INFO - Filling up the DagBag from /home/airflow/.local/lib/python3.7/site-packages/airflow/example_dags/example_dag_decorator.py
[2022-02-21 23:55:33,641] {processor.py:654} INFO - DAG(s) dict_keys(['example_dag_decorator']) retrieved from /home/airflow/.local/lib/python3.7/site-packages/airflow/example_dags/example_dag_decorator.py
[2022-02-21 23:55:34,120] {logging_mixin.py:109} INFO - [2022-02-21 23:55:34,119] {dag.py:2396} INFO - Sync 1 DAGs
[2022-02-21 23:55:34,134] {logging_mixin.py:109} INFO - [2022-02-21 23:55:34,134] {dag.py:2935} INFO - Setting next_dagrun for example_dag_decorator to None
[2022-02-21 23:55:34,148] {processor.py:171} INFO - Processing /home/airflow/.local/lib/python3.7/site-packages/airflow/example_dags/example_dag_decorator.py took 0.850 seconds
[2022-02-21 23:56:05,017] {processor.py:163} INFO - Started process (PID=625) to work on /home/airflow/.local/lib/python3.7/site-packages/airflow/example_dags/example_dag_decorator.py
[2022-02-21 23:56:05,021] {processor.py:642} INFO - Processing file /home/airflow/.local/lib/python3.7/site-packages/airflow/example_dags/example_dag_decorator.py for tasks to queue
[2022-02-21 23:56:05,026] {logging_mixin.py:109} INFO - [2022-02-21 23:56:05,025] {dagbag.py:500} INFO - Filling up the DagBag from /home/airflow/.local/lib/python3.7/site-packages/airflow/example_dags/example_dag_decorator.py
[2022-02-21 23:56:05,141] {processor.py:654} INFO - DAG(s) dict_keys(['example_dag_decorator']) retrieved from /home/airflow/.local/lib/python3.7/site-packages/airflow/example_dags/example_dag_decorator.py
[2022-02-21 23:56:05,530] {logging_mixin.py:109} INFO - [2022-02-21 23:56:05,530] {dag.py:2396} INFO - Sync 1 DAGs
[2022-02-21 23:56:05,562] {logging_mixin.py:109} INFO - [2022-02-21 23:56:05,562] {dag.py:2935} INFO - Setting next_dagrun for example_dag_decorator to None
[2022-02-21 23:56:05,586] {processor.py:171} INFO - Processing /home/airflow/.local/lib/python3.7/site-packages/airflow/example_dags/example_dag_decorator.py took 0.582 seconds
[2022-02-21 23:56:36,628] {processor.py:163} INFO - Started process (PID=682) to work on /home/airflow/.local/lib/python3.7/site-packages/airflow/example_dags/example_dag_decorator.py
[2022-02-21 23:56:36,634] {processor.py:642} INFO - Processing file /home/airflow/.local/lib/python3.7/site-packages/airflow/example_dags/example_dag_decorator.py for tasks to queue
[2022-02-21 23:56:36,639] {logging_mixin.py:109} INFO - [2022-02-21 23:56:36,638] {dagbag.py:500} INFO - Filling up the DagBag from /home/airflow/.local/lib/python3.7/site-packages/airflow/example_dags/example_dag_decorator.py
[2022-02-21 23:56:36,827] {processor.py:654} INFO - DAG(s) dict_keys(['example_dag_decorator']) retrieved from /home/airflow/.local/lib/python3.7/site-packages/airflow/example_dags/example_dag_decorator.py
[2022-02-21 23:56:37,156] {logging_mixin.py:109} INFO - [2022-02-21 23:56:37,156] {dag.py:2396} INFO - Sync 1 DAGs
[2022-02-21 23:56:37,185] {logging_mixin.py:109} INFO - [2022-02-21 23:56:37,184] {dag.py:2935} INFO - Setting next_dagrun for example_dag_decorator to None
[2022-02-21 23:56:37,213] {processor.py:171} INFO - Processing /home/airflow/.local/lib/python3.7/site-packages/airflow/example_dags/example_dag_decorator.py took 0.598 seconds
[2022-02-21 23:57:07,977] {processor.py:163} INFO - Started process (PID=736) to work on /home/airflow/.local/lib/python3.7/site-packages/airflow/example_dags/example_dag_decorator.py
[2022-02-21 23:57:07,980] {processor.py:642} INFO - Processing file /home/airflow/.local/lib/python3.7/site-packages/airflow/example_dags/example_dag_decorator.py for tasks to queue
[2022-02-21 23:57:07,983] {logging_mixin.py:109} INFO - [2022-02-21 23:57:07,983] {dagbag.py:500} INFO - Filling up the DagBag from /home/airflow/.local/lib/python3.7/site-packages/airflow/example_dags/example_dag_decorator.py
[2022-02-21 23:57:08,141] {processor.py:654} INFO - DAG(s) dict_keys(['example_dag_decorator']) retrieved from /home/airflow/.local/lib/python3.7/site-packages/airflow/example_dags/example_dag_decorator.py
[2022-02-21 23:57:08,639] {logging_mixin.py:109} INFO - [2022-02-21 23:57:08,639] {dag.py:2396} INFO - Sync 1 DAGs
[2022-02-21 23:57:08,667] {logging_mixin.py:109} INFO - [2022-02-21 23:57:08,667] {dag.py:2935} INFO - Setting next_dagrun for example_dag_decorator to None
[2022-02-21 23:57:08,688] {processor.py:171} INFO - Processing /home/airflow/.local/lib/python3.7/site-packages/airflow/example_dags/example_dag_decorator.py took 0.751 seconds
[2022-02-21 23:57:39,470] {processor.py:163} INFO - Started process (PID=782) to work on /home/airflow/.local/lib/python3.7/site-packages/airflow/example_dags/example_dag_decorator.py
[2022-02-21 23:57:39,476] {processor.py:642} INFO - Processing file /home/airflow/.local/lib/python3.7/site-packages/airflow/example_dags/example_dag_decorator.py for tasks to queue
[2022-02-21 23:57:39,484] {logging_mixin.py:109} INFO - [2022-02-21 23:57:39,483] {dagbag.py:500} INFO - Filling up the DagBag from /home/airflow/.local/lib/python3.7/site-packages/airflow/example_dags/example_dag_decorator.py
[2022-02-21 23:57:39,640] {processor.py:654} INFO - DAG(s) dict_keys(['example_dag_decorator']) retrieved from /home/airflow/.local/lib/python3.7/site-packages/airflow/example_dags/example_dag_decorator.py
[2022-02-21 23:57:40,835] {logging_mixin.py:109} INFO - [2022-02-21 23:57:40,835] {dag.py:2396} INFO - Sync 1 DAGs
[2022-02-21 23:57:40,937] {logging_mixin.py:109} INFO - [2022-02-21 23:57:40,937] {dag.py:2935} INFO - Setting next_dagrun for example_dag_decorator to None
[2022-02-21 23:57:40,977] {processor.py:171} INFO - Processing /home/airflow/.local/lib/python3.7/site-packages/airflow/example_dags/example_dag_decorator.py took 1.511 seconds
[2022-02-21 23:58:11,345] {processor.py:163} INFO - Started process (PID=846) to work on /home/airflow/.local/lib/python3.7/site-packages/airflow/example_dags/example_dag_decorator.py
[2022-02-21 23:58:11,360] {processor.py:642} INFO - Processing file /home/airflow/.local/lib/python3.7/site-packages/airflow/example_dags/example_dag_decorator.py for tasks to queue
[2022-02-21 23:58:11,370] {logging_mixin.py:109} INFO - [2022-02-21 23:58:11,369] {dagbag.py:500} INFO - Filling up the DagBag from /home/airflow/.local/lib/python3.7/site-packages/airflow/example_dags/example_dag_decorator.py
[2022-02-21 23:58:11,684] {processor.py:654} INFO - DAG(s) dict_keys(['example_dag_decorator']) retrieved from /home/airflow/.local/lib/python3.7/site-packages/airflow/example_dags/example_dag_decorator.py
[2022-02-21 23:58:13,026] {logging_mixin.py:109} INFO - [2022-02-21 23:58:13,026] {dag.py:2396} INFO - Sync 1 DAGs
[2022-02-21 23:58:13,136] {logging_mixin.py:109} INFO - [2022-02-21 23:58:13,136] {dag.py:2935} INFO - Setting next_dagrun for example_dag_decorator to None
[2022-02-21 23:58:13,200] {processor.py:171} INFO - Processing /home/airflow/.local/lib/python3.7/site-packages/airflow/example_dags/example_dag_decorator.py took 1.912 seconds
[2022-02-21 23:58:43,305] {processor.py:163} INFO - Started process (PID=901) to work on /home/airflow/.local/lib/python3.7/site-packages/airflow/example_dags/example_dag_decorator.py
[2022-02-21 23:58:43,309] {processor.py:642} INFO - Processing file /home/airflow/.local/lib/python3.7/site-packages/airflow/example_dags/example_dag_decorator.py for tasks to queue
[2022-02-21 23:58:43,313] {logging_mixin.py:109} INFO - [2022-02-21 23:58:43,312] {dagbag.py:500} INFO - Filling up the DagBag from /home/airflow/.local/lib/python3.7/site-packages/airflow/example_dags/example_dag_decorator.py
[2022-02-21 23:58:43,362] {processor.py:654} INFO - DAG(s) dict_keys(['example_dag_decorator']) retrieved from /home/airflow/.local/lib/python3.7/site-packages/airflow/example_dags/example_dag_decorator.py
[2022-02-21 23:58:44,173] {logging_mixin.py:109} INFO - [2022-02-21 23:58:44,173] {dag.py:2396} INFO - Sync 1 DAGs
[2022-02-21 23:58:44,241] {logging_mixin.py:109} INFO - [2022-02-21 23:58:44,241] {dag.py:2935} INFO - Setting next_dagrun for example_dag_decorator to None
[2022-02-21 23:58:44,275] {processor.py:171} INFO - Processing /home/airflow/.local/lib/python3.7/site-packages/airflow/example_dags/example_dag_decorator.py took 0.976 seconds
[2022-02-21 23:59:14,697] {processor.py:163} INFO - Started process (PID=953) to work on /home/airflow/.local/lib/python3.7/site-packages/airflow/example_dags/example_dag_decorator.py
[2022-02-21 23:59:14,705] {processor.py:642} INFO - Processing file /home/airflow/.local/lib/python3.7/site-packages/airflow/example_dags/example_dag_decorator.py for tasks to queue
[2022-02-21 23:59:14,709] {logging_mixin.py:109} INFO - [2022-02-21 23:59:14,709] {dagbag.py:500} INFO - Filling up the DagBag from /home/airflow/.local/lib/python3.7/site-packages/airflow/example_dags/example_dag_decorator.py
[2022-02-21 23:59:14,874] {processor.py:654} INFO - DAG(s) dict_keys(['example_dag_decorator']) retrieved from /home/airflow/.local/lib/python3.7/site-packages/airflow/example_dags/example_dag_decorator.py
[2022-02-21 23:59:15,566] {logging_mixin.py:109} INFO - [2022-02-21 23:59:15,565] {dag.py:2396} INFO - Sync 1 DAGs
[2022-02-21 23:59:15,599] {logging_mixin.py:109} INFO - [2022-02-21 23:59:15,599] {dag.py:2935} INFO - Setting next_dagrun for example_dag_decorator to None
[2022-02-21 23:59:15,619] {processor.py:171} INFO - Processing /home/airflow/.local/lib/python3.7/site-packages/airflow/example_dags/example_dag_decorator.py took 0.935 seconds
[2022-02-21 23:59:46,422] {processor.py:163} INFO - Started process (PID=1006) to work on /home/airflow/.local/lib/python3.7/site-packages/airflow/example_dags/example_dag_decorator.py
[2022-02-21 23:59:46,429] {processor.py:642} INFO - Processing file /home/airflow/.local/lib/python3.7/site-packages/airflow/example_dags/example_dag_decorator.py for tasks to queue
[2022-02-21 23:59:46,431] {logging_mixin.py:109} INFO - [2022-02-21 23:59:46,431] {dagbag.py:500} INFO - Filling up the DagBag from /home/airflow/.local/lib/python3.7/site-packages/airflow/example_dags/example_dag_decorator.py
[2022-02-21 23:59:46,489] {processor.py:654} INFO - DAG(s) dict_keys(['example_dag_decorator']) retrieved from /home/airflow/.local/lib/python3.7/site-packages/airflow/example_dags/example_dag_decorator.py
[2022-02-21 23:59:46,744] {logging_mixin.py:109} INFO - [2022-02-21 23:59:46,743] {dag.py:2396} INFO - Sync 1 DAGs
[2022-02-21 23:59:46,762] {logging_mixin.py:109} INFO - [2022-02-21 23:59:46,761] {dag.py:2935} INFO - Setting next_dagrun for example_dag_decorator to None
[2022-02-21 23:59:46,775] {processor.py:171} INFO - Processing /home/airflow/.local/lib/python3.7/site-packages/airflow/example_dags/example_dag_decorator.py took 0.359 seconds
