[2022-02-21 23:51:53,787] {processor.py:163} INFO - Started process (PID=179) to work on /home/airflow/.local/lib/python3.7/site-packages/airflow/example_dags/example_short_circuit_operator.py
[2022-02-21 23:51:53,797] {processor.py:642} INFO - Processing file /home/airflow/.local/lib/python3.7/site-packages/airflow/example_dags/example_short_circuit_operator.py for tasks to queue
[2022-02-21 23:51:53,804] {logging_mixin.py:109} INFO - [2022-02-21 23:51:53,804] {dagbag.py:500} INFO - Filling up the DagBag from /home/airflow/.local/lib/python3.7/site-packages/airflow/example_dags/example_short_circuit_operator.py
[2022-02-21 23:51:53,860] {processor.py:654} INFO - DAG(s) dict_keys(['example_short_circuit_operator']) retrieved from /home/airflow/.local/lib/python3.7/site-packages/airflow/example_dags/example_short_circuit_operator.py
[2022-02-21 23:51:53,891] {logging_mixin.py:109} INFO - [2022-02-21 23:51:53,891] {dag.py:2396} INFO - Sync 1 DAGs
[2022-02-21 23:51:53,937] {logging_mixin.py:109} INFO - [2022-02-21 23:51:53,937] {dag.py:2935} INFO - Setting next_dagrun for example_short_circuit_operator to 2022-02-20T23:51:53.937252+00:00
[2022-02-21 23:51:53,963] {processor.py:171} INFO - Processing /home/airflow/.local/lib/python3.7/site-packages/airflow/example_dags/example_short_circuit_operator.py took 0.189 seconds
[2022-02-21 23:52:24,214] {processor.py:163} INFO - Started process (PID=232) to work on /home/airflow/.local/lib/python3.7/site-packages/airflow/example_dags/example_short_circuit_operator.py
[2022-02-21 23:52:24,224] {processor.py:642} INFO - Processing file /home/airflow/.local/lib/python3.7/site-packages/airflow/example_dags/example_short_circuit_operator.py for tasks to queue
[2022-02-21 23:52:24,234] {logging_mixin.py:109} INFO - [2022-02-21 23:52:24,233] {dagbag.py:500} INFO - Filling up the DagBag from /home/airflow/.local/lib/python3.7/site-packages/airflow/example_dags/example_short_circuit_operator.py
[2022-02-21 23:52:24,353] {processor.py:654} INFO - DAG(s) dict_keys(['example_short_circuit_operator']) retrieved from /home/airflow/.local/lib/python3.7/site-packages/airflow/example_dags/example_short_circuit_operator.py
[2022-02-21 23:52:24,368] {logging_mixin.py:109} INFO - [2022-02-21 23:52:24,368] {dag.py:2396} INFO - Sync 1 DAGs
[2022-02-21 23:52:24,386] {logging_mixin.py:109} INFO - [2022-02-21 23:52:24,386] {dag.py:2935} INFO - Setting next_dagrun for example_short_circuit_operator to 2022-02-20T23:52:24.386064+00:00
[2022-02-21 23:52:24,397] {processor.py:171} INFO - Processing /home/airflow/.local/lib/python3.7/site-packages/airflow/example_dags/example_short_circuit_operator.py took 0.198 seconds
[2022-02-21 23:52:54,586] {processor.py:163} INFO - Started process (PID=283) to work on /home/airflow/.local/lib/python3.7/site-packages/airflow/example_dags/example_short_circuit_operator.py
[2022-02-21 23:52:54,591] {processor.py:642} INFO - Processing file /home/airflow/.local/lib/python3.7/site-packages/airflow/example_dags/example_short_circuit_operator.py for tasks to queue
[2022-02-21 23:52:54,595] {logging_mixin.py:109} INFO - [2022-02-21 23:52:54,594] {dagbag.py:500} INFO - Filling up the DagBag from /home/airflow/.local/lib/python3.7/site-packages/airflow/example_dags/example_short_circuit_operator.py
[2022-02-21 23:52:54,696] {processor.py:654} INFO - DAG(s) dict_keys(['example_short_circuit_operator']) retrieved from /home/airflow/.local/lib/python3.7/site-packages/airflow/example_dags/example_short_circuit_operator.py
[2022-02-21 23:52:54,743] {logging_mixin.py:109} INFO - [2022-02-21 23:52:54,743] {dag.py:2396} INFO - Sync 1 DAGs
[2022-02-21 23:52:54,787] {logging_mixin.py:109} INFO - [2022-02-21 23:52:54,787] {dag.py:2935} INFO - Setting next_dagrun for example_short_circuit_operator to 2022-02-20T23:52:54.786750+00:00
[2022-02-21 23:52:54,836] {processor.py:171} INFO - Processing /home/airflow/.local/lib/python3.7/site-packages/airflow/example_dags/example_short_circuit_operator.py took 0.260 seconds
[2022-02-21 23:53:25,077] {processor.py:163} INFO - Started process (PID=338) to work on /home/airflow/.local/lib/python3.7/site-packages/airflow/example_dags/example_short_circuit_operator.py
[2022-02-21 23:53:25,085] {processor.py:642} INFO - Processing file /home/airflow/.local/lib/python3.7/site-packages/airflow/example_dags/example_short_circuit_operator.py for tasks to queue
[2022-02-21 23:53:25,091] {logging_mixin.py:109} INFO - [2022-02-21 23:53:25,090] {dagbag.py:500} INFO - Filling up the DagBag from /home/airflow/.local/lib/python3.7/site-packages/airflow/example_dags/example_short_circuit_operator.py
[2022-02-21 23:53:25,174] {processor.py:654} INFO - DAG(s) dict_keys(['example_short_circuit_operator']) retrieved from /home/airflow/.local/lib/python3.7/site-packages/airflow/example_dags/example_short_circuit_operator.py
[2022-02-21 23:53:25,198] {logging_mixin.py:109} INFO - [2022-02-21 23:53:25,197] {dag.py:2396} INFO - Sync 1 DAGs
[2022-02-21 23:53:25,224] {logging_mixin.py:109} INFO - [2022-02-21 23:53:25,223] {dag.py:2935} INFO - Setting next_dagrun for example_short_circuit_operator to 2022-02-20T23:53:25.223219+00:00
[2022-02-21 23:53:25,246] {processor.py:171} INFO - Processing /home/airflow/.local/lib/python3.7/site-packages/airflow/example_dags/example_short_circuit_operator.py took 0.192 seconds
[2022-02-21 23:53:55,993] {processor.py:163} INFO - Started process (PID=392) to work on /home/airflow/.local/lib/python3.7/site-packages/airflow/example_dags/example_short_circuit_operator.py
[2022-02-21 23:53:55,998] {processor.py:642} INFO - Processing file /home/airflow/.local/lib/python3.7/site-packages/airflow/example_dags/example_short_circuit_operator.py for tasks to queue
[2022-02-21 23:53:55,999] {logging_mixin.py:109} INFO - [2022-02-21 23:53:55,999] {dagbag.py:500} INFO - Filling up the DagBag from /home/airflow/.local/lib/python3.7/site-packages/airflow/example_dags/example_short_circuit_operator.py
[2022-02-21 23:53:56,086] {processor.py:654} INFO - DAG(s) dict_keys(['example_short_circuit_operator']) retrieved from /home/airflow/.local/lib/python3.7/site-packages/airflow/example_dags/example_short_circuit_operator.py
[2022-02-21 23:53:56,127] {logging_mixin.py:109} INFO - [2022-02-21 23:53:56,126] {dag.py:2396} INFO - Sync 1 DAGs
[2022-02-21 23:53:56,189] {logging_mixin.py:109} INFO - [2022-02-21 23:53:56,189] {dag.py:2935} INFO - Setting next_dagrun for example_short_circuit_operator to 2022-02-20T23:53:56.189198+00:00
[2022-02-21 23:53:56,214] {processor.py:171} INFO - Processing /home/airflow/.local/lib/python3.7/site-packages/airflow/example_dags/example_short_circuit_operator.py took 0.226 seconds
[2022-02-21 23:54:26,393] {processor.py:163} INFO - Started process (PID=445) to work on /home/airflow/.local/lib/python3.7/site-packages/airflow/example_dags/example_short_circuit_operator.py
[2022-02-21 23:54:26,395] {processor.py:642} INFO - Processing file /home/airflow/.local/lib/python3.7/site-packages/airflow/example_dags/example_short_circuit_operator.py for tasks to queue
[2022-02-21 23:54:26,397] {logging_mixin.py:109} INFO - [2022-02-21 23:54:26,397] {dagbag.py:500} INFO - Filling up the DagBag from /home/airflow/.local/lib/python3.7/site-packages/airflow/example_dags/example_short_circuit_operator.py
[2022-02-21 23:54:26,434] {processor.py:654} INFO - DAG(s) dict_keys(['example_short_circuit_operator']) retrieved from /home/airflow/.local/lib/python3.7/site-packages/airflow/example_dags/example_short_circuit_operator.py
[2022-02-21 23:54:26,471] {logging_mixin.py:109} INFO - [2022-02-21 23:54:26,470] {dag.py:2396} INFO - Sync 1 DAGs
[2022-02-21 23:54:26,511] {logging_mixin.py:109} INFO - [2022-02-21 23:54:26,511] {dag.py:2935} INFO - Setting next_dagrun for example_short_circuit_operator to 2022-02-20T23:54:26.511165+00:00
[2022-02-21 23:54:26,607] {processor.py:171} INFO - Processing /home/airflow/.local/lib/python3.7/site-packages/airflow/example_dags/example_short_circuit_operator.py took 0.218 seconds
[2022-02-21 23:54:56,988] {processor.py:163} INFO - Started process (PID=497) to work on /home/airflow/.local/lib/python3.7/site-packages/airflow/example_dags/example_short_circuit_operator.py
[2022-02-21 23:54:56,996] {processor.py:642} INFO - Processing file /home/airflow/.local/lib/python3.7/site-packages/airflow/example_dags/example_short_circuit_operator.py for tasks to queue
[2022-02-21 23:54:56,999] {logging_mixin.py:109} INFO - [2022-02-21 23:54:56,998] {dagbag.py:500} INFO - Filling up the DagBag from /home/airflow/.local/lib/python3.7/site-packages/airflow/example_dags/example_short_circuit_operator.py
[2022-02-21 23:54:57,065] {processor.py:654} INFO - DAG(s) dict_keys(['example_short_circuit_operator']) retrieved from /home/airflow/.local/lib/python3.7/site-packages/airflow/example_dags/example_short_circuit_operator.py
[2022-02-21 23:54:57,092] {logging_mixin.py:109} INFO - [2022-02-21 23:54:57,092] {dag.py:2396} INFO - Sync 1 DAGs
[2022-02-21 23:54:57,122] {logging_mixin.py:109} INFO - [2022-02-21 23:54:57,122] {dag.py:2935} INFO - Setting next_dagrun for example_short_circuit_operator to 2022-02-20T23:54:57.122089+00:00
[2022-02-21 23:54:57,141] {processor.py:171} INFO - Processing /home/airflow/.local/lib/python3.7/site-packages/airflow/example_dags/example_short_circuit_operator.py took 0.157 seconds
[2022-02-21 23:55:27,499] {processor.py:163} INFO - Started process (PID=549) to work on /home/airflow/.local/lib/python3.7/site-packages/airflow/example_dags/example_short_circuit_operator.py
[2022-02-21 23:55:27,506] {processor.py:642} INFO - Processing file /home/airflow/.local/lib/python3.7/site-packages/airflow/example_dags/example_short_circuit_operator.py for tasks to queue
[2022-02-21 23:55:27,510] {logging_mixin.py:109} INFO - [2022-02-21 23:55:27,510] {dagbag.py:500} INFO - Filling up the DagBag from /home/airflow/.local/lib/python3.7/site-packages/airflow/example_dags/example_short_circuit_operator.py
[2022-02-21 23:55:27,547] {processor.py:654} INFO - DAG(s) dict_keys(['example_short_circuit_operator']) retrieved from /home/airflow/.local/lib/python3.7/site-packages/airflow/example_dags/example_short_circuit_operator.py
[2022-02-21 23:55:27,572] {logging_mixin.py:109} INFO - [2022-02-21 23:55:27,572] {dag.py:2396} INFO - Sync 1 DAGs
[2022-02-21 23:55:27,587] {logging_mixin.py:109} INFO - [2022-02-21 23:55:27,587] {dag.py:2935} INFO - Setting next_dagrun for example_short_circuit_operator to 2022-02-20T23:55:27.587253+00:00
[2022-02-21 23:55:27,609] {processor.py:171} INFO - Processing /home/airflow/.local/lib/python3.7/site-packages/airflow/example_dags/example_short_circuit_operator.py took 0.126 seconds
[2022-02-21 23:55:57,785] {processor.py:163} INFO - Started process (PID=604) to work on /home/airflow/.local/lib/python3.7/site-packages/airflow/example_dags/example_short_circuit_operator.py
[2022-02-21 23:55:57,829] {processor.py:642} INFO - Processing file /home/airflow/.local/lib/python3.7/site-packages/airflow/example_dags/example_short_circuit_operator.py for tasks to queue
[2022-02-21 23:55:57,862] {logging_mixin.py:109} INFO - [2022-02-21 23:55:57,862] {dagbag.py:500} INFO - Filling up the DagBag from /home/airflow/.local/lib/python3.7/site-packages/airflow/example_dags/example_short_circuit_operator.py
[2022-02-21 23:55:58,030] {processor.py:654} INFO - DAG(s) dict_keys(['example_short_circuit_operator']) retrieved from /home/airflow/.local/lib/python3.7/site-packages/airflow/example_dags/example_short_circuit_operator.py
[2022-02-21 23:55:58,103] {logging_mixin.py:109} INFO - [2022-02-21 23:55:58,101] {dag.py:2396} INFO - Sync 1 DAGs
[2022-02-21 23:55:58,145] {logging_mixin.py:109} INFO - [2022-02-21 23:55:58,145] {dag.py:2935} INFO - Setting next_dagrun for example_short_circuit_operator to 2022-02-20T23:55:58.144675+00:00
[2022-02-21 23:55:58,173] {processor.py:171} INFO - Processing /home/airflow/.local/lib/python3.7/site-packages/airflow/example_dags/example_short_circuit_operator.py took 0.403 seconds
[2022-02-21 23:56:28,577] {processor.py:163} INFO - Started process (PID=657) to work on /home/airflow/.local/lib/python3.7/site-packages/airflow/example_dags/example_short_circuit_operator.py
[2022-02-21 23:56:28,582] {processor.py:642} INFO - Processing file /home/airflow/.local/lib/python3.7/site-packages/airflow/example_dags/example_short_circuit_operator.py for tasks to queue
[2022-02-21 23:56:28,586] {logging_mixin.py:109} INFO - [2022-02-21 23:56:28,585] {dagbag.py:500} INFO - Filling up the DagBag from /home/airflow/.local/lib/python3.7/site-packages/airflow/example_dags/example_short_circuit_operator.py
[2022-02-21 23:56:28,727] {processor.py:654} INFO - DAG(s) dict_keys(['example_short_circuit_operator']) retrieved from /home/airflow/.local/lib/python3.7/site-packages/airflow/example_dags/example_short_circuit_operator.py
[2022-02-21 23:56:28,746] {logging_mixin.py:109} INFO - [2022-02-21 23:56:28,746] {dag.py:2396} INFO - Sync 1 DAGs
[2022-02-21 23:56:28,780] {logging_mixin.py:109} INFO - [2022-02-21 23:56:28,780] {dag.py:2935} INFO - Setting next_dagrun for example_short_circuit_operator to 2022-02-20T23:56:28.780289+00:00
[2022-02-21 23:56:28,793] {processor.py:171} INFO - Processing /home/airflow/.local/lib/python3.7/site-packages/airflow/example_dags/example_short_circuit_operator.py took 0.236 seconds
[2022-02-21 23:56:59,407] {processor.py:163} INFO - Started process (PID=713) to work on /home/airflow/.local/lib/python3.7/site-packages/airflow/example_dags/example_short_circuit_operator.py
[2022-02-21 23:56:59,422] {processor.py:642} INFO - Processing file /home/airflow/.local/lib/python3.7/site-packages/airflow/example_dags/example_short_circuit_operator.py for tasks to queue
[2022-02-21 23:56:59,427] {logging_mixin.py:109} INFO - [2022-02-21 23:56:59,427] {dagbag.py:500} INFO - Filling up the DagBag from /home/airflow/.local/lib/python3.7/site-packages/airflow/example_dags/example_short_circuit_operator.py
[2022-02-21 23:56:59,530] {processor.py:654} INFO - DAG(s) dict_keys(['example_short_circuit_operator']) retrieved from /home/airflow/.local/lib/python3.7/site-packages/airflow/example_dags/example_short_circuit_operator.py
[2022-02-21 23:56:59,619] {logging_mixin.py:109} INFO - [2022-02-21 23:56:59,619] {dag.py:2396} INFO - Sync 1 DAGs
[2022-02-21 23:56:59,816] {logging_mixin.py:109} INFO - [2022-02-21 23:56:59,816] {dag.py:2935} INFO - Setting next_dagrun for example_short_circuit_operator to 2022-02-20T23:56:59.816281+00:00
[2022-02-21 23:56:59,855] {processor.py:171} INFO - Processing /home/airflow/.local/lib/python3.7/site-packages/airflow/example_dags/example_short_circuit_operator.py took 0.457 seconds
[2022-02-21 23:57:30,568] {processor.py:163} INFO - Started process (PID=767) to work on /home/airflow/.local/lib/python3.7/site-packages/airflow/example_dags/example_short_circuit_operator.py
[2022-02-21 23:57:30,574] {processor.py:642} INFO - Processing file /home/airflow/.local/lib/python3.7/site-packages/airflow/example_dags/example_short_circuit_operator.py for tasks to queue
[2022-02-21 23:57:30,580] {logging_mixin.py:109} INFO - [2022-02-21 23:57:30,579] {dagbag.py:500} INFO - Filling up the DagBag from /home/airflow/.local/lib/python3.7/site-packages/airflow/example_dags/example_short_circuit_operator.py
[2022-02-21 23:57:30,800] {processor.py:654} INFO - DAG(s) dict_keys(['example_short_circuit_operator']) retrieved from /home/airflow/.local/lib/python3.7/site-packages/airflow/example_dags/example_short_circuit_operator.py
[2022-02-21 23:57:31,048] {logging_mixin.py:109} INFO - [2022-02-21 23:57:31,048] {dag.py:2396} INFO - Sync 1 DAGs
[2022-02-21 23:57:31,501] {logging_mixin.py:109} INFO - [2022-02-21 23:57:31,501] {dag.py:2935} INFO - Setting next_dagrun for example_short_circuit_operator to 2022-02-20T23:57:31.500711+00:00
[2022-02-21 23:57:31,533] {processor.py:171} INFO - Processing /home/airflow/.local/lib/python3.7/site-packages/airflow/example_dags/example_short_circuit_operator.py took 1.005 seconds
[2022-02-21 23:58:02,102] {processor.py:163} INFO - Started process (PID=821) to work on /home/airflow/.local/lib/python3.7/site-packages/airflow/example_dags/example_short_circuit_operator.py
[2022-02-21 23:58:02,107] {processor.py:642} INFO - Processing file /home/airflow/.local/lib/python3.7/site-packages/airflow/example_dags/example_short_circuit_operator.py for tasks to queue
[2022-02-21 23:58:02,113] {logging_mixin.py:109} INFO - [2022-02-21 23:58:02,113] {dagbag.py:500} INFO - Filling up the DagBag from /home/airflow/.local/lib/python3.7/site-packages/airflow/example_dags/example_short_circuit_operator.py
[2022-02-21 23:58:02,217] {processor.py:654} INFO - DAG(s) dict_keys(['example_short_circuit_operator']) retrieved from /home/airflow/.local/lib/python3.7/site-packages/airflow/example_dags/example_short_circuit_operator.py
[2022-02-21 23:58:02,253] {logging_mixin.py:109} INFO - [2022-02-21 23:58:02,253] {dag.py:2396} INFO - Sync 1 DAGs
[2022-02-21 23:58:02,313] {logging_mixin.py:109} INFO - [2022-02-21 23:58:02,312] {dag.py:2935} INFO - Setting next_dagrun for example_short_circuit_operator to 2022-02-20T23:58:02.309157+00:00
[2022-02-21 23:58:02,350] {processor.py:171} INFO - Processing /home/airflow/.local/lib/python3.7/site-packages/airflow/example_dags/example_short_circuit_operator.py took 0.256 seconds
[2022-02-21 23:58:32,459] {processor.py:163} INFO - Started process (PID=875) to work on /home/airflow/.local/lib/python3.7/site-packages/airflow/example_dags/example_short_circuit_operator.py
[2022-02-21 23:58:32,475] {processor.py:642} INFO - Processing file /home/airflow/.local/lib/python3.7/site-packages/airflow/example_dags/example_short_circuit_operator.py for tasks to queue
[2022-02-21 23:58:32,477] {logging_mixin.py:109} INFO - [2022-02-21 23:58:32,477] {dagbag.py:500} INFO - Filling up the DagBag from /home/airflow/.local/lib/python3.7/site-packages/airflow/example_dags/example_short_circuit_operator.py
[2022-02-21 23:58:32,567] {processor.py:654} INFO - DAG(s) dict_keys(['example_short_circuit_operator']) retrieved from /home/airflow/.local/lib/python3.7/site-packages/airflow/example_dags/example_short_circuit_operator.py
[2022-02-21 23:58:32,590] {logging_mixin.py:109} INFO - [2022-02-21 23:58:32,590] {dag.py:2396} INFO - Sync 1 DAGs
[2022-02-21 23:58:32,650] {logging_mixin.py:109} INFO - [2022-02-21 23:58:32,650] {dag.py:2935} INFO - Setting next_dagrun for example_short_circuit_operator to 2022-02-20T23:58:32.650308+00:00
[2022-02-21 23:58:32,716] {processor.py:171} INFO - Processing /home/airflow/.local/lib/python3.7/site-packages/airflow/example_dags/example_short_circuit_operator.py took 0.266 seconds
[2022-02-21 23:59:03,214] {processor.py:163} INFO - Started process (PID=929) to work on /home/airflow/.local/lib/python3.7/site-packages/airflow/example_dags/example_short_circuit_operator.py
[2022-02-21 23:59:03,228] {processor.py:642} INFO - Processing file /home/airflow/.local/lib/python3.7/site-packages/airflow/example_dags/example_short_circuit_operator.py for tasks to queue
[2022-02-21 23:59:03,230] {logging_mixin.py:109} INFO - [2022-02-21 23:59:03,230] {dagbag.py:500} INFO - Filling up the DagBag from /home/airflow/.local/lib/python3.7/site-packages/airflow/example_dags/example_short_circuit_operator.py
[2022-02-21 23:59:03,271] {processor.py:654} INFO - DAG(s) dict_keys(['example_short_circuit_operator']) retrieved from /home/airflow/.local/lib/python3.7/site-packages/airflow/example_dags/example_short_circuit_operator.py
[2022-02-21 23:59:03,300] {logging_mixin.py:109} INFO - [2022-02-21 23:59:03,300] {dag.py:2396} INFO - Sync 1 DAGs
[2022-02-21 23:59:03,318] {logging_mixin.py:109} INFO - [2022-02-21 23:59:03,318] {dag.py:2935} INFO - Setting next_dagrun for example_short_circuit_operator to 2022-02-20T23:59:03.317788+00:00
[2022-02-21 23:59:03,336] {processor.py:171} INFO - Processing /home/airflow/.local/lib/python3.7/site-packages/airflow/example_dags/example_short_circuit_operator.py took 0.131 seconds
[2022-02-21 23:59:33,582] {processor.py:163} INFO - Started process (PID=982) to work on /home/airflow/.local/lib/python3.7/site-packages/airflow/example_dags/example_short_circuit_operator.py
[2022-02-21 23:59:33,585] {processor.py:642} INFO - Processing file /home/airflow/.local/lib/python3.7/site-packages/airflow/example_dags/example_short_circuit_operator.py for tasks to queue
[2022-02-21 23:59:33,588] {logging_mixin.py:109} INFO - [2022-02-21 23:59:33,587] {dagbag.py:500} INFO - Filling up the DagBag from /home/airflow/.local/lib/python3.7/site-packages/airflow/example_dags/example_short_circuit_operator.py
[2022-02-21 23:59:33,639] {processor.py:654} INFO - DAG(s) dict_keys(['example_short_circuit_operator']) retrieved from /home/airflow/.local/lib/python3.7/site-packages/airflow/example_dags/example_short_circuit_operator.py
[2022-02-21 23:59:33,664] {logging_mixin.py:109} INFO - [2022-02-21 23:59:33,664] {dag.py:2396} INFO - Sync 1 DAGs
[2022-02-21 23:59:33,718] {logging_mixin.py:109} INFO - [2022-02-21 23:59:33,717] {dag.py:2935} INFO - Setting next_dagrun for example_short_circuit_operator to 2022-02-20T23:59:33.717613+00:00
[2022-02-21 23:59:33,742] {processor.py:171} INFO - Processing /home/airflow/.local/lib/python3.7/site-packages/airflow/example_dags/example_short_circuit_operator.py took 0.170 seconds
