[2022-02-21 23:50:55,498] {processor.py:163} INFO - Started process (PID=117) to work on /home/airflow/.local/lib/python3.7/site-packages/airflow/example_dags/example_task_group.py
[2022-02-21 23:50:55,521] {processor.py:642} INFO - Processing file /home/airflow/.local/lib/python3.7/site-packages/airflow/example_dags/example_task_group.py for tasks to queue
[2022-02-21 23:50:55,620] {logging_mixin.py:109} INFO - [2022-02-21 23:50:55,615] {dagbag.py:500} INFO - Filling up the DagBag from /home/airflow/.local/lib/python3.7/site-packages/airflow/example_dags/example_task_group.py
[2022-02-21 23:50:56,615] {processor.py:654} INFO - DAG(s) dict_keys(['example_task_group']) retrieved from /home/airflow/.local/lib/python3.7/site-packages/airflow/example_dags/example_task_group.py
[2022-02-21 23:50:56,760] {logging_mixin.py:109} INFO - [2022-02-21 23:50:56,760] {dag.py:2396} INFO - Sync 1 DAGs
[2022-02-21 23:50:57,040] {logging_mixin.py:109} INFO - [2022-02-21 23:50:57,040] {dag.py:2935} INFO - Setting next_dagrun for example_task_group to 2022-02-20T23:50:57.035333+00:00
[2022-02-21 23:50:57,127] {processor.py:171} INFO - Processing /home/airflow/.local/lib/python3.7/site-packages/airflow/example_dags/example_task_group.py took 1.721 seconds
[2022-02-21 23:51:40,113] {processor.py:163} INFO - Started process (PID=159) to work on /home/airflow/.local/lib/python3.7/site-packages/airflow/example_dags/example_task_group.py
[2022-02-21 23:51:40,119] {processor.py:642} INFO - Processing file /home/airflow/.local/lib/python3.7/site-packages/airflow/example_dags/example_task_group.py for tasks to queue
[2022-02-21 23:51:40,123] {logging_mixin.py:109} INFO - [2022-02-21 23:51:40,123] {dagbag.py:500} INFO - Filling up the DagBag from /home/airflow/.local/lib/python3.7/site-packages/airflow/example_dags/example_task_group.py
[2022-02-21 23:51:40,251] {processor.py:654} INFO - DAG(s) dict_keys(['example_task_group']) retrieved from /home/airflow/.local/lib/python3.7/site-packages/airflow/example_dags/example_task_group.py
[2022-02-21 23:51:40,289] {logging_mixin.py:109} INFO - [2022-02-21 23:51:40,288] {dag.py:2396} INFO - Sync 1 DAGs
[2022-02-21 23:51:40,393] {logging_mixin.py:109} INFO - [2022-02-21 23:51:40,393] {dag.py:2935} INFO - Setting next_dagrun for example_task_group to 2022-02-20T23:51:40.390395+00:00
[2022-02-21 23:51:40,446] {processor.py:171} INFO - Processing /home/airflow/.local/lib/python3.7/site-packages/airflow/example_dags/example_task_group.py took 0.378 seconds
[2022-02-21 23:52:11,057] {processor.py:163} INFO - Started process (PID=211) to work on /home/airflow/.local/lib/python3.7/site-packages/airflow/example_dags/example_task_group.py
[2022-02-21 23:52:11,059] {processor.py:642} INFO - Processing file /home/airflow/.local/lib/python3.7/site-packages/airflow/example_dags/example_task_group.py for tasks to queue
[2022-02-21 23:52:11,061] {logging_mixin.py:109} INFO - [2022-02-21 23:52:11,060] {dagbag.py:500} INFO - Filling up the DagBag from /home/airflow/.local/lib/python3.7/site-packages/airflow/example_dags/example_task_group.py
[2022-02-21 23:52:11,125] {processor.py:654} INFO - DAG(s) dict_keys(['example_task_group']) retrieved from /home/airflow/.local/lib/python3.7/site-packages/airflow/example_dags/example_task_group.py
[2022-02-21 23:52:11,146] {logging_mixin.py:109} INFO - [2022-02-21 23:52:11,146] {dag.py:2396} INFO - Sync 1 DAGs
[2022-02-21 23:52:11,169] {logging_mixin.py:109} INFO - [2022-02-21 23:52:11,169] {dag.py:2935} INFO - Setting next_dagrun for example_task_group to 2022-02-20T23:52:11.168642+00:00
[2022-02-21 23:52:11,184] {processor.py:171} INFO - Processing /home/airflow/.local/lib/python3.7/site-packages/airflow/example_dags/example_task_group.py took 0.131 seconds
[2022-02-21 23:52:41,963] {processor.py:163} INFO - Started process (PID=265) to work on /home/airflow/.local/lib/python3.7/site-packages/airflow/example_dags/example_task_group.py
[2022-02-21 23:52:41,965] {processor.py:642} INFO - Processing file /home/airflow/.local/lib/python3.7/site-packages/airflow/example_dags/example_task_group.py for tasks to queue
[2022-02-21 23:52:41,968] {logging_mixin.py:109} INFO - [2022-02-21 23:52:41,968] {dagbag.py:500} INFO - Filling up the DagBag from /home/airflow/.local/lib/python3.7/site-packages/airflow/example_dags/example_task_group.py
[2022-02-21 23:52:42,022] {processor.py:654} INFO - DAG(s) dict_keys(['example_task_group']) retrieved from /home/airflow/.local/lib/python3.7/site-packages/airflow/example_dags/example_task_group.py
[2022-02-21 23:52:42,035] {logging_mixin.py:109} INFO - [2022-02-21 23:52:42,035] {dag.py:2396} INFO - Sync 1 DAGs
[2022-02-21 23:52:42,071] {logging_mixin.py:109} INFO - [2022-02-21 23:52:42,071] {dag.py:2935} INFO - Setting next_dagrun for example_task_group to 2022-02-20T23:52:42.071355+00:00
[2022-02-21 23:52:42,084] {processor.py:171} INFO - Processing /home/airflow/.local/lib/python3.7/site-packages/airflow/example_dags/example_task_group.py took 0.129 seconds
[2022-02-21 23:53:12,423] {processor.py:163} INFO - Started process (PID=316) to work on /home/airflow/.local/lib/python3.7/site-packages/airflow/example_dags/example_task_group.py
[2022-02-21 23:53:12,427] {processor.py:642} INFO - Processing file /home/airflow/.local/lib/python3.7/site-packages/airflow/example_dags/example_task_group.py for tasks to queue
[2022-02-21 23:53:12,431] {logging_mixin.py:109} INFO - [2022-02-21 23:53:12,430] {dagbag.py:500} INFO - Filling up the DagBag from /home/airflow/.local/lib/python3.7/site-packages/airflow/example_dags/example_task_group.py
[2022-02-21 23:53:12,489] {processor.py:654} INFO - DAG(s) dict_keys(['example_task_group']) retrieved from /home/airflow/.local/lib/python3.7/site-packages/airflow/example_dags/example_task_group.py
[2022-02-21 23:53:12,514] {logging_mixin.py:109} INFO - [2022-02-21 23:53:12,514] {dag.py:2396} INFO - Sync 1 DAGs
[2022-02-21 23:53:12,533] {logging_mixin.py:109} INFO - [2022-02-21 23:53:12,532] {dag.py:2935} INFO - Setting next_dagrun for example_task_group to 2022-02-20T23:53:12.532573+00:00
[2022-02-21 23:53:12,548] {processor.py:171} INFO - Processing /home/airflow/.local/lib/python3.7/site-packages/airflow/example_dags/example_task_group.py took 0.130 seconds
[2022-02-21 23:53:42,956] {processor.py:163} INFO - Started process (PID=371) to work on /home/airflow/.local/lib/python3.7/site-packages/airflow/example_dags/example_task_group.py
[2022-02-21 23:53:42,959] {processor.py:642} INFO - Processing file /home/airflow/.local/lib/python3.7/site-packages/airflow/example_dags/example_task_group.py for tasks to queue
[2022-02-21 23:53:42,961] {logging_mixin.py:109} INFO - [2022-02-21 23:53:42,961] {dagbag.py:500} INFO - Filling up the DagBag from /home/airflow/.local/lib/python3.7/site-packages/airflow/example_dags/example_task_group.py
[2022-02-21 23:53:43,012] {processor.py:654} INFO - DAG(s) dict_keys(['example_task_group']) retrieved from /home/airflow/.local/lib/python3.7/site-packages/airflow/example_dags/example_task_group.py
[2022-02-21 23:53:43,028] {logging_mixin.py:109} INFO - [2022-02-21 23:53:43,027] {dag.py:2396} INFO - Sync 1 DAGs
[2022-02-21 23:53:43,045] {logging_mixin.py:109} INFO - [2022-02-21 23:53:43,045] {dag.py:2935} INFO - Setting next_dagrun for example_task_group to 2022-02-20T23:53:43.045418+00:00
[2022-02-21 23:53:43,055] {processor.py:171} INFO - Processing /home/airflow/.local/lib/python3.7/site-packages/airflow/example_dags/example_task_group.py took 0.102 seconds
[2022-02-21 23:54:13,524] {processor.py:163} INFO - Started process (PID=426) to work on /home/airflow/.local/lib/python3.7/site-packages/airflow/example_dags/example_task_group.py
[2022-02-21 23:54:13,542] {processor.py:642} INFO - Processing file /home/airflow/.local/lib/python3.7/site-packages/airflow/example_dags/example_task_group.py for tasks to queue
[2022-02-21 23:54:13,550] {logging_mixin.py:109} INFO - [2022-02-21 23:54:13,548] {dagbag.py:500} INFO - Filling up the DagBag from /home/airflow/.local/lib/python3.7/site-packages/airflow/example_dags/example_task_group.py
[2022-02-21 23:54:13,647] {processor.py:654} INFO - DAG(s) dict_keys(['example_task_group']) retrieved from /home/airflow/.local/lib/python3.7/site-packages/airflow/example_dags/example_task_group.py
[2022-02-21 23:54:13,680] {logging_mixin.py:109} INFO - [2022-02-21 23:54:13,679] {dag.py:2396} INFO - Sync 1 DAGs
[2022-02-21 23:54:13,745] {logging_mixin.py:109} INFO - [2022-02-21 23:54:13,745] {dag.py:2935} INFO - Setting next_dagrun for example_task_group to 2022-02-20T23:54:13.744792+00:00
[2022-02-21 23:54:13,787] {processor.py:171} INFO - Processing /home/airflow/.local/lib/python3.7/site-packages/airflow/example_dags/example_task_group.py took 0.287 seconds
[2022-02-21 23:54:44,200] {processor.py:163} INFO - Started process (PID=478) to work on /home/airflow/.local/lib/python3.7/site-packages/airflow/example_dags/example_task_group.py
[2022-02-21 23:54:44,236] {processor.py:642} INFO - Processing file /home/airflow/.local/lib/python3.7/site-packages/airflow/example_dags/example_task_group.py for tasks to queue
[2022-02-21 23:54:44,249] {logging_mixin.py:109} INFO - [2022-02-21 23:54:44,247] {dagbag.py:500} INFO - Filling up the DagBag from /home/airflow/.local/lib/python3.7/site-packages/airflow/example_dags/example_task_group.py
[2022-02-21 23:54:44,306] {processor.py:654} INFO - DAG(s) dict_keys(['example_task_group']) retrieved from /home/airflow/.local/lib/python3.7/site-packages/airflow/example_dags/example_task_group.py
[2022-02-21 23:54:44,329] {logging_mixin.py:109} INFO - [2022-02-21 23:54:44,329] {dag.py:2396} INFO - Sync 1 DAGs
[2022-02-21 23:54:44,360] {logging_mixin.py:109} INFO - [2022-02-21 23:54:44,360] {dag.py:2935} INFO - Setting next_dagrun for example_task_group to 2022-02-20T23:54:44.359602+00:00
[2022-02-21 23:54:44,382] {processor.py:171} INFO - Processing /home/airflow/.local/lib/python3.7/site-packages/airflow/example_dags/example_task_group.py took 0.186 seconds
[2022-02-21 23:55:15,459] {processor.py:163} INFO - Started process (PID=530) to work on /home/airflow/.local/lib/python3.7/site-packages/airflow/example_dags/example_task_group.py
[2022-02-21 23:55:15,480] {processor.py:642} INFO - Processing file /home/airflow/.local/lib/python3.7/site-packages/airflow/example_dags/example_task_group.py for tasks to queue
[2022-02-21 23:55:15,484] {logging_mixin.py:109} INFO - [2022-02-21 23:55:15,484] {dagbag.py:500} INFO - Filling up the DagBag from /home/airflow/.local/lib/python3.7/site-packages/airflow/example_dags/example_task_group.py
[2022-02-21 23:55:16,063] {processor.py:654} INFO - DAG(s) dict_keys(['example_task_group']) retrieved from /home/airflow/.local/lib/python3.7/site-packages/airflow/example_dags/example_task_group.py
[2022-02-21 23:55:16,226] {logging_mixin.py:109} INFO - [2022-02-21 23:55:16,226] {dag.py:2396} INFO - Sync 1 DAGs
[2022-02-21 23:55:16,345] {logging_mixin.py:109} INFO - [2022-02-21 23:55:16,345] {dag.py:2935} INFO - Setting next_dagrun for example_task_group to 2022-02-20T23:55:16.344613+00:00
[2022-02-21 23:55:16,366] {processor.py:171} INFO - Processing /home/airflow/.local/lib/python3.7/site-packages/airflow/example_dags/example_task_group.py took 0.944 seconds
[2022-02-21 23:55:46,419] {processor.py:163} INFO - Started process (PID=582) to work on /home/airflow/.local/lib/python3.7/site-packages/airflow/example_dags/example_task_group.py
[2022-02-21 23:55:46,423] {processor.py:642} INFO - Processing file /home/airflow/.local/lib/python3.7/site-packages/airflow/example_dags/example_task_group.py for tasks to queue
[2022-02-21 23:55:46,426] {logging_mixin.py:109} INFO - [2022-02-21 23:55:46,426] {dagbag.py:500} INFO - Filling up the DagBag from /home/airflow/.local/lib/python3.7/site-packages/airflow/example_dags/example_task_group.py
[2022-02-21 23:55:46,458] {processor.py:654} INFO - DAG(s) dict_keys(['example_task_group']) retrieved from /home/airflow/.local/lib/python3.7/site-packages/airflow/example_dags/example_task_group.py
[2022-02-21 23:55:46,471] {logging_mixin.py:109} INFO - [2022-02-21 23:55:46,471] {dag.py:2396} INFO - Sync 1 DAGs
[2022-02-21 23:55:46,486] {logging_mixin.py:109} INFO - [2022-02-21 23:55:46,486] {dag.py:2935} INFO - Setting next_dagrun for example_task_group to 2022-02-20T23:55:46.485795+00:00
[2022-02-21 23:55:46,515] {processor.py:171} INFO - Processing /home/airflow/.local/lib/python3.7/site-packages/airflow/example_dags/example_task_group.py took 0.100 seconds
[2022-02-21 23:56:17,258] {processor.py:163} INFO - Started process (PID=637) to work on /home/airflow/.local/lib/python3.7/site-packages/airflow/example_dags/example_task_group.py
[2022-02-21 23:56:17,265] {processor.py:642} INFO - Processing file /home/airflow/.local/lib/python3.7/site-packages/airflow/example_dags/example_task_group.py for tasks to queue
[2022-02-21 23:56:17,267] {logging_mixin.py:109} INFO - [2022-02-21 23:56:17,267] {dagbag.py:500} INFO - Filling up the DagBag from /home/airflow/.local/lib/python3.7/site-packages/airflow/example_dags/example_task_group.py
[2022-02-21 23:56:17,354] {processor.py:654} INFO - DAG(s) dict_keys(['example_task_group']) retrieved from /home/airflow/.local/lib/python3.7/site-packages/airflow/example_dags/example_task_group.py
[2022-02-21 23:56:17,434] {logging_mixin.py:109} INFO - [2022-02-21 23:56:17,433] {dag.py:2396} INFO - Sync 1 DAGs
[2022-02-21 23:56:17,517] {logging_mixin.py:109} INFO - [2022-02-21 23:56:17,517] {dag.py:2935} INFO - Setting next_dagrun for example_task_group to 2022-02-20T23:56:17.516901+00:00
[2022-02-21 23:56:17,550] {processor.py:171} INFO - Processing /home/airflow/.local/lib/python3.7/site-packages/airflow/example_dags/example_task_group.py took 0.297 seconds
[2022-02-21 23:56:48,084] {processor.py:163} INFO - Started process (PID=703) to work on /home/airflow/.local/lib/python3.7/site-packages/airflow/example_dags/example_task_group.py
[2022-02-21 23:56:48,087] {processor.py:642} INFO - Processing file /home/airflow/.local/lib/python3.7/site-packages/airflow/example_dags/example_task_group.py for tasks to queue
[2022-02-21 23:56:48,093] {logging_mixin.py:109} INFO - [2022-02-21 23:56:48,092] {dagbag.py:500} INFO - Filling up the DagBag from /home/airflow/.local/lib/python3.7/site-packages/airflow/example_dags/example_task_group.py
[2022-02-21 23:56:48,262] {processor.py:654} INFO - DAG(s) dict_keys(['example_task_group']) retrieved from /home/airflow/.local/lib/python3.7/site-packages/airflow/example_dags/example_task_group.py
[2022-02-21 23:56:48,292] {logging_mixin.py:109} INFO - [2022-02-21 23:56:48,292] {dag.py:2396} INFO - Sync 1 DAGs
[2022-02-21 23:56:48,331] {logging_mixin.py:109} INFO - [2022-02-21 23:56:48,331] {dag.py:2935} INFO - Setting next_dagrun for example_task_group to 2022-02-20T23:56:48.330483+00:00
[2022-02-21 23:56:48,358] {processor.py:171} INFO - Processing /home/airflow/.local/lib/python3.7/site-packages/airflow/example_dags/example_task_group.py took 0.279 seconds
[2022-02-21 23:57:19,468] {processor.py:163} INFO - Started process (PID=746) to work on /home/airflow/.local/lib/python3.7/site-packages/airflow/example_dags/example_task_group.py
[2022-02-21 23:57:19,472] {processor.py:642} INFO - Processing file /home/airflow/.local/lib/python3.7/site-packages/airflow/example_dags/example_task_group.py for tasks to queue
[2022-02-21 23:57:19,478] {logging_mixin.py:109} INFO - [2022-02-21 23:57:19,478] {dagbag.py:500} INFO - Filling up the DagBag from /home/airflow/.local/lib/python3.7/site-packages/airflow/example_dags/example_task_group.py
[2022-02-21 23:57:19,558] {processor.py:654} INFO - DAG(s) dict_keys(['example_task_group']) retrieved from /home/airflow/.local/lib/python3.7/site-packages/airflow/example_dags/example_task_group.py
[2022-02-21 23:57:19,588] {logging_mixin.py:109} INFO - [2022-02-21 23:57:19,588] {dag.py:2396} INFO - Sync 1 DAGs
[2022-02-21 23:57:19,626] {logging_mixin.py:109} INFO - [2022-02-21 23:57:19,626] {dag.py:2935} INFO - Setting next_dagrun for example_task_group to 2022-02-20T23:57:19.625939+00:00
[2022-02-21 23:57:19,659] {processor.py:171} INFO - Processing /home/airflow/.local/lib/python3.7/site-packages/airflow/example_dags/example_task_group.py took 0.195 seconds
[2022-02-21 23:57:49,953] {processor.py:163} INFO - Started process (PID=799) to work on /home/airflow/.local/lib/python3.7/site-packages/airflow/example_dags/example_task_group.py
[2022-02-21 23:57:49,962] {processor.py:642} INFO - Processing file /home/airflow/.local/lib/python3.7/site-packages/airflow/example_dags/example_task_group.py for tasks to queue
[2022-02-21 23:57:49,965] {logging_mixin.py:109} INFO - [2022-02-21 23:57:49,965] {dagbag.py:500} INFO - Filling up the DagBag from /home/airflow/.local/lib/python3.7/site-packages/airflow/example_dags/example_task_group.py
[2022-02-21 23:57:50,059] {processor.py:654} INFO - DAG(s) dict_keys(['example_task_group']) retrieved from /home/airflow/.local/lib/python3.7/site-packages/airflow/example_dags/example_task_group.py
[2022-02-21 23:57:50,089] {logging_mixin.py:109} INFO - [2022-02-21 23:57:50,089] {dag.py:2396} INFO - Sync 1 DAGs
[2022-02-21 23:57:50,106] {logging_mixin.py:109} INFO - [2022-02-21 23:57:50,105] {dag.py:2935} INFO - Setting next_dagrun for example_task_group to 2022-02-20T23:57:50.105508+00:00
[2022-02-21 23:57:50,118] {processor.py:171} INFO - Processing /home/airflow/.local/lib/python3.7/site-packages/airflow/example_dags/example_task_group.py took 0.180 seconds
[2022-02-21 23:58:20,550] {processor.py:163} INFO - Started process (PID=854) to work on /home/airflow/.local/lib/python3.7/site-packages/airflow/example_dags/example_task_group.py
[2022-02-21 23:58:20,554] {processor.py:642} INFO - Processing file /home/airflow/.local/lib/python3.7/site-packages/airflow/example_dags/example_task_group.py for tasks to queue
[2022-02-21 23:58:20,563] {logging_mixin.py:109} INFO - [2022-02-21 23:58:20,563] {dagbag.py:500} INFO - Filling up the DagBag from /home/airflow/.local/lib/python3.7/site-packages/airflow/example_dags/example_task_group.py
[2022-02-21 23:58:20,669] {processor.py:654} INFO - DAG(s) dict_keys(['example_task_group']) retrieved from /home/airflow/.local/lib/python3.7/site-packages/airflow/example_dags/example_task_group.py
[2022-02-21 23:58:20,691] {logging_mixin.py:109} INFO - [2022-02-21 23:58:20,691] {dag.py:2396} INFO - Sync 1 DAGs
[2022-02-21 23:58:20,737] {logging_mixin.py:109} INFO - [2022-02-21 23:58:20,736] {dag.py:2935} INFO - Setting next_dagrun for example_task_group to 2022-02-20T23:58:20.736383+00:00
[2022-02-21 23:58:20,770] {processor.py:171} INFO - Processing /home/airflow/.local/lib/python3.7/site-packages/airflow/example_dags/example_task_group.py took 0.225 seconds
[2022-02-21 23:58:51,139] {processor.py:163} INFO - Started process (PID=909) to work on /home/airflow/.local/lib/python3.7/site-packages/airflow/example_dags/example_task_group.py
[2022-02-21 23:58:51,143] {processor.py:642} INFO - Processing file /home/airflow/.local/lib/python3.7/site-packages/airflow/example_dags/example_task_group.py for tasks to queue
[2022-02-21 23:58:51,148] {logging_mixin.py:109} INFO - [2022-02-21 23:58:51,148] {dagbag.py:500} INFO - Filling up the DagBag from /home/airflow/.local/lib/python3.7/site-packages/airflow/example_dags/example_task_group.py
[2022-02-21 23:58:51,246] {processor.py:654} INFO - DAG(s) dict_keys(['example_task_group']) retrieved from /home/airflow/.local/lib/python3.7/site-packages/airflow/example_dags/example_task_group.py
[2022-02-21 23:58:51,310] {logging_mixin.py:109} INFO - [2022-02-21 23:58:51,309] {dag.py:2396} INFO - Sync 1 DAGs
[2022-02-21 23:58:51,337] {logging_mixin.py:109} INFO - [2022-02-21 23:58:51,337] {dag.py:2935} INFO - Setting next_dagrun for example_task_group to 2022-02-20T23:58:51.337156+00:00
[2022-02-21 23:58:51,356] {processor.py:171} INFO - Processing /home/airflow/.local/lib/python3.7/site-packages/airflow/example_dags/example_task_group.py took 0.230 seconds
[2022-02-21 23:59:21,592] {processor.py:163} INFO - Started process (PID=961) to work on /home/airflow/.local/lib/python3.7/site-packages/airflow/example_dags/example_task_group.py
[2022-02-21 23:59:21,603] {processor.py:642} INFO - Processing file /home/airflow/.local/lib/python3.7/site-packages/airflow/example_dags/example_task_group.py for tasks to queue
[2022-02-21 23:59:21,612] {logging_mixin.py:109} INFO - [2022-02-21 23:59:21,610] {dagbag.py:500} INFO - Filling up the DagBag from /home/airflow/.local/lib/python3.7/site-packages/airflow/example_dags/example_task_group.py
[2022-02-21 23:59:21,729] {processor.py:654} INFO - DAG(s) dict_keys(['example_task_group']) retrieved from /home/airflow/.local/lib/python3.7/site-packages/airflow/example_dags/example_task_group.py
[2022-02-21 23:59:21,756] {logging_mixin.py:109} INFO - [2022-02-21 23:59:21,756] {dag.py:2396} INFO - Sync 1 DAGs
[2022-02-21 23:59:21,779] {logging_mixin.py:109} INFO - [2022-02-21 23:59:21,779] {dag.py:2935} INFO - Setting next_dagrun for example_task_group to 2022-02-20T23:59:21.778317+00:00
[2022-02-21 23:59:21,796] {processor.py:171} INFO - Processing /home/airflow/.local/lib/python3.7/site-packages/airflow/example_dags/example_task_group.py took 0.214 seconds
[2022-02-21 23:59:52,504] {processor.py:163} INFO - Started process (PID=1022) to work on /home/airflow/.local/lib/python3.7/site-packages/airflow/example_dags/example_task_group.py
[2022-02-21 23:59:52,507] {processor.py:642} INFO - Processing file /home/airflow/.local/lib/python3.7/site-packages/airflow/example_dags/example_task_group.py for tasks to queue
[2022-02-21 23:59:52,509] {logging_mixin.py:109} INFO - [2022-02-21 23:59:52,509] {dagbag.py:500} INFO - Filling up the DagBag from /home/airflow/.local/lib/python3.7/site-packages/airflow/example_dags/example_task_group.py
[2022-02-21 23:59:52,623] {processor.py:654} INFO - DAG(s) dict_keys(['example_task_group']) retrieved from /home/airflow/.local/lib/python3.7/site-packages/airflow/example_dags/example_task_group.py
[2022-02-21 23:59:52,655] {logging_mixin.py:109} INFO - [2022-02-21 23:59:52,655] {dag.py:2396} INFO - Sync 1 DAGs
[2022-02-21 23:59:52,767] {logging_mixin.py:109} INFO - [2022-02-21 23:59:52,766] {dag.py:2935} INFO - Setting next_dagrun for example_task_group to 2022-02-20T23:59:52.765872+00:00
[2022-02-21 23:59:52,809] {processor.py:171} INFO - Processing /home/airflow/.local/lib/python3.7/site-packages/airflow/example_dags/example_task_group.py took 0.309 seconds
