[2022-02-21 23:51:03,040] {processor.py:163} INFO - Started process (PID=120) to work on /home/airflow/.local/lib/python3.7/site-packages/airflow/example_dags/example_branch_day_of_week_operator.py
[2022-02-21 23:51:03,056] {processor.py:642} INFO - Processing file /home/airflow/.local/lib/python3.7/site-packages/airflow/example_dags/example_branch_day_of_week_operator.py for tasks to queue
[2022-02-21 23:51:03,071] {logging_mixin.py:109} INFO - [2022-02-21 23:51:03,071] {dagbag.py:500} INFO - Filling up the DagBag from /home/airflow/.local/lib/python3.7/site-packages/airflow/example_dags/example_branch_day_of_week_operator.py
[2022-02-21 23:51:03,403] {processor.py:654} INFO - DAG(s) dict_keys(['example_weekday_branch_operator']) retrieved from /home/airflow/.local/lib/python3.7/site-packages/airflow/example_dags/example_branch_day_of_week_operator.py
[2022-02-21 23:51:03,631] {logging_mixin.py:109} INFO - [2022-02-21 23:51:03,631] {dag.py:2396} INFO - Sync 1 DAGs
[2022-02-21 23:51:04,142] {logging_mixin.py:109} INFO - [2022-02-21 23:51:04,130] {dag.py:2935} INFO - Setting next_dagrun for example_weekday_branch_operator to 2022-02-20 00:00:00+00:00
[2022-02-21 23:51:04,636] {processor.py:171} INFO - Processing /home/airflow/.local/lib/python3.7/site-packages/airflow/example_dags/example_branch_day_of_week_operator.py took 1.627 seconds
[2022-02-21 23:51:42,873] {processor.py:163} INFO - Started process (PID=161) to work on /home/airflow/.local/lib/python3.7/site-packages/airflow/example_dags/example_branch_day_of_week_operator.py
[2022-02-21 23:51:42,887] {processor.py:642} INFO - Processing file /home/airflow/.local/lib/python3.7/site-packages/airflow/example_dags/example_branch_day_of_week_operator.py for tasks to queue
[2022-02-21 23:51:42,906] {logging_mixin.py:109} INFO - [2022-02-21 23:51:42,906] {dagbag.py:500} INFO - Filling up the DagBag from /home/airflow/.local/lib/python3.7/site-packages/airflow/example_dags/example_branch_day_of_week_operator.py
[2022-02-21 23:51:43,287] {processor.py:654} INFO - DAG(s) dict_keys(['example_weekday_branch_operator']) retrieved from /home/airflow/.local/lib/python3.7/site-packages/airflow/example_dags/example_branch_day_of_week_operator.py
[2022-02-21 23:51:43,441] {logging_mixin.py:109} INFO - [2022-02-21 23:51:43,440] {dag.py:2396} INFO - Sync 1 DAGs
[2022-02-21 23:51:43,581] {logging_mixin.py:109} INFO - [2022-02-21 23:51:43,581] {dag.py:2935} INFO - Setting next_dagrun for example_weekday_branch_operator to 2022-02-20 00:00:00+00:00
[2022-02-21 23:51:43,677] {processor.py:171} INFO - Processing /home/airflow/.local/lib/python3.7/site-packages/airflow/example_dags/example_branch_day_of_week_operator.py took 0.842 seconds
[2022-02-21 23:52:14,238] {processor.py:163} INFO - Started process (PID=213) to work on /home/airflow/.local/lib/python3.7/site-packages/airflow/example_dags/example_branch_day_of_week_operator.py
[2022-02-21 23:52:14,241] {processor.py:642} INFO - Processing file /home/airflow/.local/lib/python3.7/site-packages/airflow/example_dags/example_branch_day_of_week_operator.py for tasks to queue
[2022-02-21 23:52:14,244] {logging_mixin.py:109} INFO - [2022-02-21 23:52:14,244] {dagbag.py:500} INFO - Filling up the DagBag from /home/airflow/.local/lib/python3.7/site-packages/airflow/example_dags/example_branch_day_of_week_operator.py
[2022-02-21 23:52:14,297] {processor.py:654} INFO - DAG(s) dict_keys(['example_weekday_branch_operator']) retrieved from /home/airflow/.local/lib/python3.7/site-packages/airflow/example_dags/example_branch_day_of_week_operator.py
[2022-02-21 23:52:14,315] {logging_mixin.py:109} INFO - [2022-02-21 23:52:14,315] {dag.py:2396} INFO - Sync 1 DAGs
[2022-02-21 23:52:14,343] {logging_mixin.py:109} INFO - [2022-02-21 23:52:14,343] {dag.py:2935} INFO - Setting next_dagrun for example_weekday_branch_operator to 2022-02-20 00:00:00+00:00
[2022-02-21 23:52:14,368] {processor.py:171} INFO - Processing /home/airflow/.local/lib/python3.7/site-packages/airflow/example_dags/example_branch_day_of_week_operator.py took 0.137 seconds
[2022-02-21 23:52:45,093] {processor.py:163} INFO - Started process (PID=267) to work on /home/airflow/.local/lib/python3.7/site-packages/airflow/example_dags/example_branch_day_of_week_operator.py
[2022-02-21 23:52:45,102] {processor.py:642} INFO - Processing file /home/airflow/.local/lib/python3.7/site-packages/airflow/example_dags/example_branch_day_of_week_operator.py for tasks to queue
[2022-02-21 23:52:45,131] {logging_mixin.py:109} INFO - [2022-02-21 23:52:45,131] {dagbag.py:500} INFO - Filling up the DagBag from /home/airflow/.local/lib/python3.7/site-packages/airflow/example_dags/example_branch_day_of_week_operator.py
[2022-02-21 23:52:45,195] {processor.py:654} INFO - DAG(s) dict_keys(['example_weekday_branch_operator']) retrieved from /home/airflow/.local/lib/python3.7/site-packages/airflow/example_dags/example_branch_day_of_week_operator.py
[2022-02-21 23:52:45,220] {logging_mixin.py:109} INFO - [2022-02-21 23:52:45,220] {dag.py:2396} INFO - Sync 1 DAGs
[2022-02-21 23:52:45,253] {logging_mixin.py:109} INFO - [2022-02-21 23:52:45,253] {dag.py:2935} INFO - Setting next_dagrun for example_weekday_branch_operator to 2022-02-20 00:00:00+00:00
[2022-02-21 23:52:45,265] {processor.py:171} INFO - Processing /home/airflow/.local/lib/python3.7/site-packages/airflow/example_dags/example_branch_day_of_week_operator.py took 0.217 seconds
[2022-02-21 23:53:15,543] {processor.py:163} INFO - Started process (PID=318) to work on /home/airflow/.local/lib/python3.7/site-packages/airflow/example_dags/example_branch_day_of_week_operator.py
[2022-02-21 23:53:15,545] {processor.py:642} INFO - Processing file /home/airflow/.local/lib/python3.7/site-packages/airflow/example_dags/example_branch_day_of_week_operator.py for tasks to queue
[2022-02-21 23:53:15,549] {logging_mixin.py:109} INFO - [2022-02-21 23:53:15,548] {dagbag.py:500} INFO - Filling up the DagBag from /home/airflow/.local/lib/python3.7/site-packages/airflow/example_dags/example_branch_day_of_week_operator.py
[2022-02-21 23:53:15,654] {processor.py:654} INFO - DAG(s) dict_keys(['example_weekday_branch_operator']) retrieved from /home/airflow/.local/lib/python3.7/site-packages/airflow/example_dags/example_branch_day_of_week_operator.py
[2022-02-21 23:53:15,675] {logging_mixin.py:109} INFO - [2022-02-21 23:53:15,675] {dag.py:2396} INFO - Sync 1 DAGs
[2022-02-21 23:53:15,710] {logging_mixin.py:109} INFO - [2022-02-21 23:53:15,710] {dag.py:2935} INFO - Setting next_dagrun for example_weekday_branch_operator to 2022-02-20 00:00:00+00:00
[2022-02-21 23:53:15,794] {processor.py:171} INFO - Processing /home/airflow/.local/lib/python3.7/site-packages/airflow/example_dags/example_branch_day_of_week_operator.py took 0.271 seconds
[2022-02-21 23:53:46,042] {processor.py:163} INFO - Started process (PID=372) to work on /home/airflow/.local/lib/python3.7/site-packages/airflow/example_dags/example_branch_day_of_week_operator.py
[2022-02-21 23:53:46,044] {processor.py:642} INFO - Processing file /home/airflow/.local/lib/python3.7/site-packages/airflow/example_dags/example_branch_day_of_week_operator.py for tasks to queue
[2022-02-21 23:53:46,045] {logging_mixin.py:109} INFO - [2022-02-21 23:53:46,045] {dagbag.py:500} INFO - Filling up the DagBag from /home/airflow/.local/lib/python3.7/site-packages/airflow/example_dags/example_branch_day_of_week_operator.py
[2022-02-21 23:53:46,078] {processor.py:654} INFO - DAG(s) dict_keys(['example_weekday_branch_operator']) retrieved from /home/airflow/.local/lib/python3.7/site-packages/airflow/example_dags/example_branch_day_of_week_operator.py
[2022-02-21 23:53:46,092] {logging_mixin.py:109} INFO - [2022-02-21 23:53:46,092] {dag.py:2396} INFO - Sync 1 DAGs
[2022-02-21 23:53:46,109] {logging_mixin.py:109} INFO - [2022-02-21 23:53:46,109] {dag.py:2935} INFO - Setting next_dagrun for example_weekday_branch_operator to 2022-02-20 00:00:00+00:00
[2022-02-21 23:53:46,119] {processor.py:171} INFO - Processing /home/airflow/.local/lib/python3.7/site-packages/airflow/example_dags/example_branch_day_of_week_operator.py took 0.080 seconds
[2022-02-21 23:54:16,640] {processor.py:163} INFO - Started process (PID=427) to work on /home/airflow/.local/lib/python3.7/site-packages/airflow/example_dags/example_branch_day_of_week_operator.py
[2022-02-21 23:54:16,646] {processor.py:642} INFO - Processing file /home/airflow/.local/lib/python3.7/site-packages/airflow/example_dags/example_branch_day_of_week_operator.py for tasks to queue
[2022-02-21 23:54:16,649] {logging_mixin.py:109} INFO - [2022-02-21 23:54:16,648] {dagbag.py:500} INFO - Filling up the DagBag from /home/airflow/.local/lib/python3.7/site-packages/airflow/example_dags/example_branch_day_of_week_operator.py
[2022-02-21 23:54:16,695] {processor.py:654} INFO - DAG(s) dict_keys(['example_weekday_branch_operator']) retrieved from /home/airflow/.local/lib/python3.7/site-packages/airflow/example_dags/example_branch_day_of_week_operator.py
[2022-02-21 23:54:16,709] {logging_mixin.py:109} INFO - [2022-02-21 23:54:16,709] {dag.py:2396} INFO - Sync 1 DAGs
[2022-02-21 23:54:16,734] {logging_mixin.py:109} INFO - [2022-02-21 23:54:16,733] {dag.py:2935} INFO - Setting next_dagrun for example_weekday_branch_operator to 2022-02-20 00:00:00+00:00
[2022-02-21 23:54:16,744] {processor.py:171} INFO - Processing /home/airflow/.local/lib/python3.7/site-packages/airflow/example_dags/example_branch_day_of_week_operator.py took 0.118 seconds
[2022-02-21 23:54:47,211] {processor.py:163} INFO - Started process (PID=479) to work on /home/airflow/.local/lib/python3.7/site-packages/airflow/example_dags/example_branch_day_of_week_operator.py
[2022-02-21 23:54:47,215] {processor.py:642} INFO - Processing file /home/airflow/.local/lib/python3.7/site-packages/airflow/example_dags/example_branch_day_of_week_operator.py for tasks to queue
[2022-02-21 23:54:47,217] {logging_mixin.py:109} INFO - [2022-02-21 23:54:47,217] {dagbag.py:500} INFO - Filling up the DagBag from /home/airflow/.local/lib/python3.7/site-packages/airflow/example_dags/example_branch_day_of_week_operator.py
[2022-02-21 23:54:47,259] {processor.py:654} INFO - DAG(s) dict_keys(['example_weekday_branch_operator']) retrieved from /home/airflow/.local/lib/python3.7/site-packages/airflow/example_dags/example_branch_day_of_week_operator.py
[2022-02-21 23:54:47,275] {logging_mixin.py:109} INFO - [2022-02-21 23:54:47,275] {dag.py:2396} INFO - Sync 1 DAGs
[2022-02-21 23:54:47,296] {logging_mixin.py:109} INFO - [2022-02-21 23:54:47,296] {dag.py:2935} INFO - Setting next_dagrun for example_weekday_branch_operator to 2022-02-20 00:00:00+00:00
[2022-02-21 23:54:47,310] {processor.py:171} INFO - Processing /home/airflow/.local/lib/python3.7/site-packages/airflow/example_dags/example_branch_day_of_week_operator.py took 0.108 seconds
[2022-02-21 23:55:17,456] {processor.py:163} INFO - Started process (PID=531) to work on /home/airflow/.local/lib/python3.7/site-packages/airflow/example_dags/example_branch_day_of_week_operator.py
[2022-02-21 23:55:17,470] {processor.py:642} INFO - Processing file /home/airflow/.local/lib/python3.7/site-packages/airflow/example_dags/example_branch_day_of_week_operator.py for tasks to queue
[2022-02-21 23:55:17,474] {logging_mixin.py:109} INFO - [2022-02-21 23:55:17,474] {dagbag.py:500} INFO - Filling up the DagBag from /home/airflow/.local/lib/python3.7/site-packages/airflow/example_dags/example_branch_day_of_week_operator.py
[2022-02-21 23:55:17,805] {processor.py:654} INFO - DAG(s) dict_keys(['example_weekday_branch_operator']) retrieved from /home/airflow/.local/lib/python3.7/site-packages/airflow/example_dags/example_branch_day_of_week_operator.py
[2022-02-21 23:55:17,896] {logging_mixin.py:109} INFO - [2022-02-21 23:55:17,894] {dag.py:2396} INFO - Sync 1 DAGs
[2022-02-21 23:55:17,955] {logging_mixin.py:109} INFO - [2022-02-21 23:55:17,955] {dag.py:2935} INFO - Setting next_dagrun for example_weekday_branch_operator to 2022-02-20 00:00:00+00:00
[2022-02-21 23:55:17,999] {processor.py:171} INFO - Processing /home/airflow/.local/lib/python3.7/site-packages/airflow/example_dags/example_branch_day_of_week_operator.py took 0.572 seconds
[2022-02-21 23:55:48,572] {processor.py:163} INFO - Started process (PID=584) to work on /home/airflow/.local/lib/python3.7/site-packages/airflow/example_dags/example_branch_day_of_week_operator.py
[2022-02-21 23:55:48,576] {processor.py:642} INFO - Processing file /home/airflow/.local/lib/python3.7/site-packages/airflow/example_dags/example_branch_day_of_week_operator.py for tasks to queue
[2022-02-21 23:55:48,579] {logging_mixin.py:109} INFO - [2022-02-21 23:55:48,579] {dagbag.py:500} INFO - Filling up the DagBag from /home/airflow/.local/lib/python3.7/site-packages/airflow/example_dags/example_branch_day_of_week_operator.py
[2022-02-21 23:55:48,616] {processor.py:654} INFO - DAG(s) dict_keys(['example_weekday_branch_operator']) retrieved from /home/airflow/.local/lib/python3.7/site-packages/airflow/example_dags/example_branch_day_of_week_operator.py
[2022-02-21 23:55:48,633] {logging_mixin.py:109} INFO - [2022-02-21 23:55:48,633] {dag.py:2396} INFO - Sync 1 DAGs
[2022-02-21 23:55:48,664] {logging_mixin.py:109} INFO - [2022-02-21 23:55:48,664] {dag.py:2935} INFO - Setting next_dagrun for example_weekday_branch_operator to 2022-02-20 00:00:00+00:00
[2022-02-21 23:55:48,679] {processor.py:171} INFO - Processing /home/airflow/.local/lib/python3.7/site-packages/airflow/example_dags/example_branch_day_of_week_operator.py took 0.115 seconds
[2022-02-21 23:56:18,878] {processor.py:163} INFO - Started process (PID=648) to work on /home/airflow/.local/lib/python3.7/site-packages/airflow/example_dags/example_branch_day_of_week_operator.py
[2022-02-21 23:56:18,881] {processor.py:642} INFO - Processing file /home/airflow/.local/lib/python3.7/site-packages/airflow/example_dags/example_branch_day_of_week_operator.py for tasks to queue
[2022-02-21 23:56:18,883] {logging_mixin.py:109} INFO - [2022-02-21 23:56:18,883] {dagbag.py:500} INFO - Filling up the DagBag from /home/airflow/.local/lib/python3.7/site-packages/airflow/example_dags/example_branch_day_of_week_operator.py
[2022-02-21 23:56:19,245] {processor.py:654} INFO - DAG(s) dict_keys(['example_weekday_branch_operator']) retrieved from /home/airflow/.local/lib/python3.7/site-packages/airflow/example_dags/example_branch_day_of_week_operator.py
[2022-02-21 23:56:19,316] {logging_mixin.py:109} INFO - [2022-02-21 23:56:19,316] {dag.py:2396} INFO - Sync 1 DAGs
[2022-02-21 23:56:19,382] {logging_mixin.py:109} INFO - [2022-02-21 23:56:19,382] {dag.py:2935} INFO - Setting next_dagrun for example_weekday_branch_operator to 2022-02-20 00:00:00+00:00
[2022-02-21 23:56:19,426] {processor.py:171} INFO - Processing /home/airflow/.local/lib/python3.7/site-packages/airflow/example_dags/example_branch_day_of_week_operator.py took 0.561 seconds
[2022-02-21 23:56:49,693] {processor.py:163} INFO - Started process (PID=704) to work on /home/airflow/.local/lib/python3.7/site-packages/airflow/example_dags/example_branch_day_of_week_operator.py
[2022-02-21 23:56:49,697] {processor.py:642} INFO - Processing file /home/airflow/.local/lib/python3.7/site-packages/airflow/example_dags/example_branch_day_of_week_operator.py for tasks to queue
[2022-02-21 23:56:49,701] {logging_mixin.py:109} INFO - [2022-02-21 23:56:49,700] {dagbag.py:500} INFO - Filling up the DagBag from /home/airflow/.local/lib/python3.7/site-packages/airflow/example_dags/example_branch_day_of_week_operator.py
[2022-02-21 23:56:49,740] {processor.py:654} INFO - DAG(s) dict_keys(['example_weekday_branch_operator']) retrieved from /home/airflow/.local/lib/python3.7/site-packages/airflow/example_dags/example_branch_day_of_week_operator.py
[2022-02-21 23:56:49,752] {logging_mixin.py:109} INFO - [2022-02-21 23:56:49,751] {dag.py:2396} INFO - Sync 1 DAGs
[2022-02-21 23:56:49,768] {logging_mixin.py:109} INFO - [2022-02-21 23:56:49,768] {dag.py:2935} INFO - Setting next_dagrun for example_weekday_branch_operator to 2022-02-20 00:00:00+00:00
[2022-02-21 23:56:49,778] {processor.py:171} INFO - Processing /home/airflow/.local/lib/python3.7/site-packages/airflow/example_dags/example_branch_day_of_week_operator.py took 0.093 seconds
[2022-02-21 23:57:20,000] {processor.py:163} INFO - Started process (PID=756) to work on /home/airflow/.local/lib/python3.7/site-packages/airflow/example_dags/example_branch_day_of_week_operator.py
[2022-02-21 23:57:20,010] {processor.py:642} INFO - Processing file /home/airflow/.local/lib/python3.7/site-packages/airflow/example_dags/example_branch_day_of_week_operator.py for tasks to queue
[2022-02-21 23:57:20,015] {logging_mixin.py:109} INFO - [2022-02-21 23:57:20,014] {dagbag.py:500} INFO - Filling up the DagBag from /home/airflow/.local/lib/python3.7/site-packages/airflow/example_dags/example_branch_day_of_week_operator.py
[2022-02-21 23:57:20,068] {processor.py:654} INFO - DAG(s) dict_keys(['example_weekday_branch_operator']) retrieved from /home/airflow/.local/lib/python3.7/site-packages/airflow/example_dags/example_branch_day_of_week_operator.py
[2022-02-21 23:57:20,108] {logging_mixin.py:109} INFO - [2022-02-21 23:57:20,107] {dag.py:2396} INFO - Sync 1 DAGs
[2022-02-21 23:57:20,149] {logging_mixin.py:109} INFO - [2022-02-21 23:57:20,149] {dag.py:2935} INFO - Setting next_dagrun for example_weekday_branch_operator to 2022-02-20 00:00:00+00:00
[2022-02-21 23:57:20,209] {processor.py:171} INFO - Processing /home/airflow/.local/lib/python3.7/site-packages/airflow/example_dags/example_branch_day_of_week_operator.py took 0.222 seconds
[2022-02-21 23:57:50,586] {processor.py:163} INFO - Started process (PID=801) to work on /home/airflow/.local/lib/python3.7/site-packages/airflow/example_dags/example_branch_day_of_week_operator.py
[2022-02-21 23:57:50,592] {processor.py:642} INFO - Processing file /home/airflow/.local/lib/python3.7/site-packages/airflow/example_dags/example_branch_day_of_week_operator.py for tasks to queue
[2022-02-21 23:57:50,594] {logging_mixin.py:109} INFO - [2022-02-21 23:57:50,594] {dagbag.py:500} INFO - Filling up the DagBag from /home/airflow/.local/lib/python3.7/site-packages/airflow/example_dags/example_branch_day_of_week_operator.py
[2022-02-21 23:57:50,645] {processor.py:654} INFO - DAG(s) dict_keys(['example_weekday_branch_operator']) retrieved from /home/airflow/.local/lib/python3.7/site-packages/airflow/example_dags/example_branch_day_of_week_operator.py
[2022-02-21 23:57:50,668] {logging_mixin.py:109} INFO - [2022-02-21 23:57:50,667] {dag.py:2396} INFO - Sync 1 DAGs
[2022-02-21 23:57:50,732] {logging_mixin.py:109} INFO - [2022-02-21 23:57:50,732] {dag.py:2935} INFO - Setting next_dagrun for example_weekday_branch_operator to 2022-02-20 00:00:00+00:00
[2022-02-21 23:57:50,753] {processor.py:171} INFO - Processing /home/airflow/.local/lib/python3.7/site-packages/airflow/example_dags/example_branch_day_of_week_operator.py took 0.173 seconds
[2022-02-21 23:58:20,877] {processor.py:163} INFO - Started process (PID=856) to work on /home/airflow/.local/lib/python3.7/site-packages/airflow/example_dags/example_branch_day_of_week_operator.py
[2022-02-21 23:58:20,883] {processor.py:642} INFO - Processing file /home/airflow/.local/lib/python3.7/site-packages/airflow/example_dags/example_branch_day_of_week_operator.py for tasks to queue
[2022-02-21 23:58:20,889] {logging_mixin.py:109} INFO - [2022-02-21 23:58:20,888] {dagbag.py:500} INFO - Filling up the DagBag from /home/airflow/.local/lib/python3.7/site-packages/airflow/example_dags/example_branch_day_of_week_operator.py
[2022-02-21 23:58:20,990] {processor.py:654} INFO - DAG(s) dict_keys(['example_weekday_branch_operator']) retrieved from /home/airflow/.local/lib/python3.7/site-packages/airflow/example_dags/example_branch_day_of_week_operator.py
[2022-02-21 23:58:21,027] {logging_mixin.py:109} INFO - [2022-02-21 23:58:21,027] {dag.py:2396} INFO - Sync 1 DAGs
[2022-02-21 23:58:21,065] {logging_mixin.py:109} INFO - [2022-02-21 23:58:21,063] {dag.py:2935} INFO - Setting next_dagrun for example_weekday_branch_operator to 2022-02-20 00:00:00+00:00
[2022-02-21 23:58:21,089] {processor.py:171} INFO - Processing /home/airflow/.local/lib/python3.7/site-packages/airflow/example_dags/example_branch_day_of_week_operator.py took 0.248 seconds
[2022-02-21 23:58:51,291] {processor.py:163} INFO - Started process (PID=910) to work on /home/airflow/.local/lib/python3.7/site-packages/airflow/example_dags/example_branch_day_of_week_operator.py
[2022-02-21 23:58:51,295] {processor.py:642} INFO - Processing file /home/airflow/.local/lib/python3.7/site-packages/airflow/example_dags/example_branch_day_of_week_operator.py for tasks to queue
[2022-02-21 23:58:51,306] {logging_mixin.py:109} INFO - [2022-02-21 23:58:51,306] {dagbag.py:500} INFO - Filling up the DagBag from /home/airflow/.local/lib/python3.7/site-packages/airflow/example_dags/example_branch_day_of_week_operator.py
[2022-02-21 23:58:51,397] {processor.py:654} INFO - DAG(s) dict_keys(['example_weekday_branch_operator']) retrieved from /home/airflow/.local/lib/python3.7/site-packages/airflow/example_dags/example_branch_day_of_week_operator.py
[2022-02-21 23:58:51,423] {logging_mixin.py:109} INFO - [2022-02-21 23:58:51,423] {dag.py:2396} INFO - Sync 1 DAGs
[2022-02-21 23:58:51,475] {logging_mixin.py:109} INFO - [2022-02-21 23:58:51,475] {dag.py:2935} INFO - Setting next_dagrun for example_weekday_branch_operator to 2022-02-20 00:00:00+00:00
[2022-02-21 23:58:51,497] {processor.py:171} INFO - Processing /home/airflow/.local/lib/python3.7/site-packages/airflow/example_dags/example_branch_day_of_week_operator.py took 0.219 seconds
[2022-02-21 23:59:21,594] {processor.py:163} INFO - Started process (PID=962) to work on /home/airflow/.local/lib/python3.7/site-packages/airflow/example_dags/example_branch_day_of_week_operator.py
[2022-02-21 23:59:21,599] {processor.py:642} INFO - Processing file /home/airflow/.local/lib/python3.7/site-packages/airflow/example_dags/example_branch_day_of_week_operator.py for tasks to queue
[2022-02-21 23:59:21,603] {logging_mixin.py:109} INFO - [2022-02-21 23:59:21,603] {dagbag.py:500} INFO - Filling up the DagBag from /home/airflow/.local/lib/python3.7/site-packages/airflow/example_dags/example_branch_day_of_week_operator.py
[2022-02-21 23:59:21,713] {processor.py:654} INFO - DAG(s) dict_keys(['example_weekday_branch_operator']) retrieved from /home/airflow/.local/lib/python3.7/site-packages/airflow/example_dags/example_branch_day_of_week_operator.py
[2022-02-21 23:59:21,737] {logging_mixin.py:109} INFO - [2022-02-21 23:59:21,736] {dag.py:2396} INFO - Sync 1 DAGs
[2022-02-21 23:59:21,772] {logging_mixin.py:109} INFO - [2022-02-21 23:59:21,771] {dag.py:2935} INFO - Setting next_dagrun for example_weekday_branch_operator to 2022-02-20 00:00:00+00:00
[2022-02-21 23:59:21,799] {processor.py:171} INFO - Processing /home/airflow/.local/lib/python3.7/site-packages/airflow/example_dags/example_branch_day_of_week_operator.py took 0.220 seconds
[2022-02-21 23:59:52,569] {processor.py:163} INFO - Started process (PID=1023) to work on /home/airflow/.local/lib/python3.7/site-packages/airflow/example_dags/example_branch_day_of_week_operator.py
[2022-02-21 23:59:52,575] {processor.py:642} INFO - Processing file /home/airflow/.local/lib/python3.7/site-packages/airflow/example_dags/example_branch_day_of_week_operator.py for tasks to queue
[2022-02-21 23:59:52,583] {logging_mixin.py:109} INFO - [2022-02-21 23:59:52,581] {dagbag.py:500} INFO - Filling up the DagBag from /home/airflow/.local/lib/python3.7/site-packages/airflow/example_dags/example_branch_day_of_week_operator.py
[2022-02-21 23:59:52,689] {processor.py:654} INFO - DAG(s) dict_keys(['example_weekday_branch_operator']) retrieved from /home/airflow/.local/lib/python3.7/site-packages/airflow/example_dags/example_branch_day_of_week_operator.py
[2022-02-21 23:59:52,759] {logging_mixin.py:109} INFO - [2022-02-21 23:59:52,759] {dag.py:2396} INFO - Sync 1 DAGs
[2022-02-21 23:59:52,830] {logging_mixin.py:109} INFO - [2022-02-21 23:59:52,830] {dag.py:2935} INFO - Setting next_dagrun for example_weekday_branch_operator to 2022-02-20 00:00:00+00:00
[2022-02-21 23:59:52,880] {processor.py:171} INFO - Processing /home/airflow/.local/lib/python3.7/site-packages/airflow/example_dags/example_branch_day_of_week_operator.py took 0.321 seconds
