[2022-02-21 23:51:13,823] {processor.py:163} INFO - Started process (PID=135) to work on /home/airflow/.local/lib/python3.7/site-packages/airflow/example_dags/example_skip_dag.py
[2022-02-21 23:51:13,832] {processor.py:642} INFO - Processing file /home/airflow/.local/lib/python3.7/site-packages/airflow/example_dags/example_skip_dag.py for tasks to queue
[2022-02-21 23:51:13,932] {logging_mixin.py:109} INFO - [2022-02-21 23:51:13,931] {dagbag.py:500} INFO - Filling up the DagBag from /home/airflow/.local/lib/python3.7/site-packages/airflow/example_dags/example_skip_dag.py
[2022-02-21 23:51:14,797] {processor.py:654} INFO - DAG(s) dict_keys(['example_skip_dag']) retrieved from /home/airflow/.local/lib/python3.7/site-packages/airflow/example_dags/example_skip_dag.py
[2022-02-21 23:51:14,987] {logging_mixin.py:109} INFO - [2022-02-21 23:51:14,979] {dag.py:2396} INFO - Sync 1 DAGs
[2022-02-21 23:51:15,389] {logging_mixin.py:109} INFO - [2022-02-21 23:51:15,389] {dag.py:2935} INFO - Setting next_dagrun for example_skip_dag to 2022-02-20T23:51:15.389121+00:00
[2022-02-21 23:51:15,504] {processor.py:171} INFO - Processing /home/airflow/.local/lib/python3.7/site-packages/airflow/example_dags/example_skip_dag.py took 1.757 seconds
[2022-02-21 23:51:50,438] {processor.py:163} INFO - Started process (PID=176) to work on /home/airflow/.local/lib/python3.7/site-packages/airflow/example_dags/example_skip_dag.py
[2022-02-21 23:51:50,454] {processor.py:642} INFO - Processing file /home/airflow/.local/lib/python3.7/site-packages/airflow/example_dags/example_skip_dag.py for tasks to queue
[2022-02-21 23:51:50,470] {logging_mixin.py:109} INFO - [2022-02-21 23:51:50,470] {dagbag.py:500} INFO - Filling up the DagBag from /home/airflow/.local/lib/python3.7/site-packages/airflow/example_dags/example_skip_dag.py
[2022-02-21 23:51:51,274] {processor.py:654} INFO - DAG(s) dict_keys(['example_skip_dag']) retrieved from /home/airflow/.local/lib/python3.7/site-packages/airflow/example_dags/example_skip_dag.py
[2022-02-21 23:51:51,340] {logging_mixin.py:109} INFO - [2022-02-21 23:51:51,340] {dag.py:2396} INFO - Sync 1 DAGs
[2022-02-21 23:51:51,448] {logging_mixin.py:109} INFO - [2022-02-21 23:51:51,447] {dag.py:2935} INFO - Setting next_dagrun for example_skip_dag to 2022-02-20T23:51:51.444107+00:00
[2022-02-21 23:51:51,503] {processor.py:171} INFO - Processing /home/airflow/.local/lib/python3.7/site-packages/airflow/example_dags/example_skip_dag.py took 1.130 seconds
[2022-02-21 23:52:21,877] {processor.py:163} INFO - Started process (PID=229) to work on /home/airflow/.local/lib/python3.7/site-packages/airflow/example_dags/example_skip_dag.py
[2022-02-21 23:52:21,888] {processor.py:642} INFO - Processing file /home/airflow/.local/lib/python3.7/site-packages/airflow/example_dags/example_skip_dag.py for tasks to queue
[2022-02-21 23:52:21,895] {logging_mixin.py:109} INFO - [2022-02-21 23:52:21,894] {dagbag.py:500} INFO - Filling up the DagBag from /home/airflow/.local/lib/python3.7/site-packages/airflow/example_dags/example_skip_dag.py
[2022-02-21 23:52:21,990] {processor.py:654} INFO - DAG(s) dict_keys(['example_skip_dag']) retrieved from /home/airflow/.local/lib/python3.7/site-packages/airflow/example_dags/example_skip_dag.py
[2022-02-21 23:52:22,006] {logging_mixin.py:109} INFO - [2022-02-21 23:52:22,006] {dag.py:2396} INFO - Sync 1 DAGs
[2022-02-21 23:52:22,031] {logging_mixin.py:109} INFO - [2022-02-21 23:52:22,030] {dag.py:2935} INFO - Setting next_dagrun for example_skip_dag to 2022-02-20T23:52:22.030569+00:00
[2022-02-21 23:52:22,042] {processor.py:171} INFO - Processing /home/airflow/.local/lib/python3.7/site-packages/airflow/example_dags/example_skip_dag.py took 0.192 seconds
[2022-02-21 23:52:52,245] {processor.py:163} INFO - Started process (PID=281) to work on /home/airflow/.local/lib/python3.7/site-packages/airflow/example_dags/example_skip_dag.py
[2022-02-21 23:52:52,256] {processor.py:642} INFO - Processing file /home/airflow/.local/lib/python3.7/site-packages/airflow/example_dags/example_skip_dag.py for tasks to queue
[2022-02-21 23:52:52,262] {logging_mixin.py:109} INFO - [2022-02-21 23:52:52,261] {dagbag.py:500} INFO - Filling up the DagBag from /home/airflow/.local/lib/python3.7/site-packages/airflow/example_dags/example_skip_dag.py
[2022-02-21 23:52:52,344] {processor.py:654} INFO - DAG(s) dict_keys(['example_skip_dag']) retrieved from /home/airflow/.local/lib/python3.7/site-packages/airflow/example_dags/example_skip_dag.py
[2022-02-21 23:52:52,396] {logging_mixin.py:109} INFO - [2022-02-21 23:52:52,396] {dag.py:2396} INFO - Sync 1 DAGs
[2022-02-21 23:52:52,442] {logging_mixin.py:109} INFO - [2022-02-21 23:52:52,442] {dag.py:2935} INFO - Setting next_dagrun for example_skip_dag to 2022-02-20T23:52:52.442121+00:00
[2022-02-21 23:52:52,462] {processor.py:171} INFO - Processing /home/airflow/.local/lib/python3.7/site-packages/airflow/example_dags/example_skip_dag.py took 0.234 seconds
[2022-02-21 23:53:22,720] {processor.py:163} INFO - Started process (PID=336) to work on /home/airflow/.local/lib/python3.7/site-packages/airflow/example_dags/example_skip_dag.py
[2022-02-21 23:53:22,725] {processor.py:642} INFO - Processing file /home/airflow/.local/lib/python3.7/site-packages/airflow/example_dags/example_skip_dag.py for tasks to queue
[2022-02-21 23:53:22,727] {logging_mixin.py:109} INFO - [2022-02-21 23:53:22,727] {dagbag.py:500} INFO - Filling up the DagBag from /home/airflow/.local/lib/python3.7/site-packages/airflow/example_dags/example_skip_dag.py
[2022-02-21 23:53:22,790] {processor.py:654} INFO - DAG(s) dict_keys(['example_skip_dag']) retrieved from /home/airflow/.local/lib/python3.7/site-packages/airflow/example_dags/example_skip_dag.py
[2022-02-21 23:53:22,847] {logging_mixin.py:109} INFO - [2022-02-21 23:53:22,847] {dag.py:2396} INFO - Sync 1 DAGs
[2022-02-21 23:53:22,918] {logging_mixin.py:109} INFO - [2022-02-21 23:53:22,918] {dag.py:2935} INFO - Setting next_dagrun for example_skip_dag to 2022-02-20T23:53:22.918357+00:00
[2022-02-21 23:53:22,972] {processor.py:171} INFO - Processing /home/airflow/.local/lib/python3.7/site-packages/airflow/example_dags/example_skip_dag.py took 0.269 seconds
[2022-02-21 23:53:53,922] {processor.py:163} INFO - Started process (PID=390) to work on /home/airflow/.local/lib/python3.7/site-packages/airflow/example_dags/example_skip_dag.py
[2022-02-21 23:53:53,924] {processor.py:642} INFO - Processing file /home/airflow/.local/lib/python3.7/site-packages/airflow/example_dags/example_skip_dag.py for tasks to queue
[2022-02-21 23:53:53,926] {logging_mixin.py:109} INFO - [2022-02-21 23:53:53,926] {dagbag.py:500} INFO - Filling up the DagBag from /home/airflow/.local/lib/python3.7/site-packages/airflow/example_dags/example_skip_dag.py
[2022-02-21 23:53:53,958] {processor.py:654} INFO - DAG(s) dict_keys(['example_skip_dag']) retrieved from /home/airflow/.local/lib/python3.7/site-packages/airflow/example_dags/example_skip_dag.py
[2022-02-21 23:53:53,971] {logging_mixin.py:109} INFO - [2022-02-21 23:53:53,971] {dag.py:2396} INFO - Sync 1 DAGs
[2022-02-21 23:53:53,986] {logging_mixin.py:109} INFO - [2022-02-21 23:53:53,986] {dag.py:2935} INFO - Setting next_dagrun for example_skip_dag to 2022-02-20T23:53:53.986435+00:00
[2022-02-21 23:53:53,996] {processor.py:171} INFO - Processing /home/airflow/.local/lib/python3.7/site-packages/airflow/example_dags/example_skip_dag.py took 0.077 seconds
[2022-02-21 23:54:24,217] {processor.py:163} INFO - Started process (PID=443) to work on /home/airflow/.local/lib/python3.7/site-packages/airflow/example_dags/example_skip_dag.py
[2022-02-21 23:54:24,224] {processor.py:642} INFO - Processing file /home/airflow/.local/lib/python3.7/site-packages/airflow/example_dags/example_skip_dag.py for tasks to queue
[2022-02-21 23:54:24,228] {logging_mixin.py:109} INFO - [2022-02-21 23:54:24,228] {dagbag.py:500} INFO - Filling up the DagBag from /home/airflow/.local/lib/python3.7/site-packages/airflow/example_dags/example_skip_dag.py
[2022-02-21 23:54:24,278] {processor.py:654} INFO - DAG(s) dict_keys(['example_skip_dag']) retrieved from /home/airflow/.local/lib/python3.7/site-packages/airflow/example_dags/example_skip_dag.py
[2022-02-21 23:54:24,298] {logging_mixin.py:109} INFO - [2022-02-21 23:54:24,298] {dag.py:2396} INFO - Sync 1 DAGs
[2022-02-21 23:54:24,319] {logging_mixin.py:109} INFO - [2022-02-21 23:54:24,319] {dag.py:2935} INFO - Setting next_dagrun for example_skip_dag to 2022-02-20T23:54:24.319382+00:00
[2022-02-21 23:54:24,334] {processor.py:171} INFO - Processing /home/airflow/.local/lib/python3.7/site-packages/airflow/example_dags/example_skip_dag.py took 0.134 seconds
[2022-02-21 23:54:54,849] {processor.py:163} INFO - Started process (PID=495) to work on /home/airflow/.local/lib/python3.7/site-packages/airflow/example_dags/example_skip_dag.py
[2022-02-21 23:54:54,851] {processor.py:642} INFO - Processing file /home/airflow/.local/lib/python3.7/site-packages/airflow/example_dags/example_skip_dag.py for tasks to queue
[2022-02-21 23:54:54,853] {logging_mixin.py:109} INFO - [2022-02-21 23:54:54,853] {dagbag.py:500} INFO - Filling up the DagBag from /home/airflow/.local/lib/python3.7/site-packages/airflow/example_dags/example_skip_dag.py
[2022-02-21 23:54:54,886] {processor.py:654} INFO - DAG(s) dict_keys(['example_skip_dag']) retrieved from /home/airflow/.local/lib/python3.7/site-packages/airflow/example_dags/example_skip_dag.py
[2022-02-21 23:54:54,905] {logging_mixin.py:109} INFO - [2022-02-21 23:54:54,905] {dag.py:2396} INFO - Sync 1 DAGs
[2022-02-21 23:54:54,923] {logging_mixin.py:109} INFO - [2022-02-21 23:54:54,923] {dag.py:2935} INFO - Setting next_dagrun for example_skip_dag to 2022-02-20T23:54:54.923002+00:00
[2022-02-21 23:54:54,937] {processor.py:171} INFO - Processing /home/airflow/.local/lib/python3.7/site-packages/airflow/example_dags/example_skip_dag.py took 0.096 seconds
[2022-02-21 23:55:25,407] {processor.py:163} INFO - Started process (PID=547) to work on /home/airflow/.local/lib/python3.7/site-packages/airflow/example_dags/example_skip_dag.py
[2022-02-21 23:55:25,410] {processor.py:642} INFO - Processing file /home/airflow/.local/lib/python3.7/site-packages/airflow/example_dags/example_skip_dag.py for tasks to queue
[2022-02-21 23:55:25,412] {logging_mixin.py:109} INFO - [2022-02-21 23:55:25,412] {dagbag.py:500} INFO - Filling up the DagBag from /home/airflow/.local/lib/python3.7/site-packages/airflow/example_dags/example_skip_dag.py
[2022-02-21 23:55:25,447] {processor.py:654} INFO - DAG(s) dict_keys(['example_skip_dag']) retrieved from /home/airflow/.local/lib/python3.7/site-packages/airflow/example_dags/example_skip_dag.py
[2022-02-21 23:55:25,470] {logging_mixin.py:109} INFO - [2022-02-21 23:55:25,470] {dag.py:2396} INFO - Sync 1 DAGs
[2022-02-21 23:55:25,503] {logging_mixin.py:109} INFO - [2022-02-21 23:55:25,503] {dag.py:2935} INFO - Setting next_dagrun for example_skip_dag to 2022-02-20T23:55:25.503113+00:00
[2022-02-21 23:55:25,529] {processor.py:171} INFO - Processing /home/airflow/.local/lib/python3.7/site-packages/airflow/example_dags/example_skip_dag.py took 0.127 seconds
[2022-02-21 23:55:55,600] {processor.py:163} INFO - Started process (PID=602) to work on /home/airflow/.local/lib/python3.7/site-packages/airflow/example_dags/example_skip_dag.py
[2022-02-21 23:55:55,604] {processor.py:642} INFO - Processing file /home/airflow/.local/lib/python3.7/site-packages/airflow/example_dags/example_skip_dag.py for tasks to queue
[2022-02-21 23:55:55,606] {logging_mixin.py:109} INFO - [2022-02-21 23:55:55,605] {dagbag.py:500} INFO - Filling up the DagBag from /home/airflow/.local/lib/python3.7/site-packages/airflow/example_dags/example_skip_dag.py
[2022-02-21 23:55:55,638] {processor.py:654} INFO - DAG(s) dict_keys(['example_skip_dag']) retrieved from /home/airflow/.local/lib/python3.7/site-packages/airflow/example_dags/example_skip_dag.py
[2022-02-21 23:55:55,655] {logging_mixin.py:109} INFO - [2022-02-21 23:55:55,655] {dag.py:2396} INFO - Sync 1 DAGs
[2022-02-21 23:55:55,674] {logging_mixin.py:109} INFO - [2022-02-21 23:55:55,674] {dag.py:2935} INFO - Setting next_dagrun for example_skip_dag to 2022-02-20T23:55:55.674072+00:00
[2022-02-21 23:55:55,688] {processor.py:171} INFO - Processing /home/airflow/.local/lib/python3.7/site-packages/airflow/example_dags/example_skip_dag.py took 0.093 seconds
[2022-02-21 23:56:26,469] {processor.py:163} INFO - Started process (PID=655) to work on /home/airflow/.local/lib/python3.7/site-packages/airflow/example_dags/example_skip_dag.py
[2022-02-21 23:56:26,474] {processor.py:642} INFO - Processing file /home/airflow/.local/lib/python3.7/site-packages/airflow/example_dags/example_skip_dag.py for tasks to queue
[2022-02-21 23:56:26,476] {logging_mixin.py:109} INFO - [2022-02-21 23:56:26,476] {dagbag.py:500} INFO - Filling up the DagBag from /home/airflow/.local/lib/python3.7/site-packages/airflow/example_dags/example_skip_dag.py
[2022-02-21 23:56:26,517] {processor.py:654} INFO - DAG(s) dict_keys(['example_skip_dag']) retrieved from /home/airflow/.local/lib/python3.7/site-packages/airflow/example_dags/example_skip_dag.py
[2022-02-21 23:56:26,535] {logging_mixin.py:109} INFO - [2022-02-21 23:56:26,535] {dag.py:2396} INFO - Sync 1 DAGs
[2022-02-21 23:56:26,558] {logging_mixin.py:109} INFO - [2022-02-21 23:56:26,557] {dag.py:2935} INFO - Setting next_dagrun for example_skip_dag to 2022-02-20T23:56:26.557504+00:00
[2022-02-21 23:56:26,574] {processor.py:171} INFO - Processing /home/airflow/.local/lib/python3.7/site-packages/airflow/example_dags/example_skip_dag.py took 0.113 seconds
[2022-02-21 23:56:57,326] {processor.py:163} INFO - Started process (PID=711) to work on /home/airflow/.local/lib/python3.7/site-packages/airflow/example_dags/example_skip_dag.py
[2022-02-21 23:56:57,330] {processor.py:642} INFO - Processing file /home/airflow/.local/lib/python3.7/site-packages/airflow/example_dags/example_skip_dag.py for tasks to queue
[2022-02-21 23:56:57,336] {logging_mixin.py:109} INFO - [2022-02-21 23:56:57,336] {dagbag.py:500} INFO - Filling up the DagBag from /home/airflow/.local/lib/python3.7/site-packages/airflow/example_dags/example_skip_dag.py
[2022-02-21 23:56:57,571] {processor.py:654} INFO - DAG(s) dict_keys(['example_skip_dag']) retrieved from /home/airflow/.local/lib/python3.7/site-packages/airflow/example_dags/example_skip_dag.py
[2022-02-21 23:56:57,606] {logging_mixin.py:109} INFO - [2022-02-21 23:56:57,606] {dag.py:2396} INFO - Sync 1 DAGs
[2022-02-21 23:56:57,656] {logging_mixin.py:109} INFO - [2022-02-21 23:56:57,656] {dag.py:2935} INFO - Setting next_dagrun for example_skip_dag to 2022-02-20T23:56:57.656081+00:00
[2022-02-21 23:56:57,683] {processor.py:171} INFO - Processing /home/airflow/.local/lib/python3.7/site-packages/airflow/example_dags/example_skip_dag.py took 0.373 seconds
[2022-02-21 23:57:28,607] {processor.py:163} INFO - Started process (PID=765) to work on /home/airflow/.local/lib/python3.7/site-packages/airflow/example_dags/example_skip_dag.py
[2022-02-21 23:57:28,620] {processor.py:642} INFO - Processing file /home/airflow/.local/lib/python3.7/site-packages/airflow/example_dags/example_skip_dag.py for tasks to queue
[2022-02-21 23:57:28,630] {logging_mixin.py:109} INFO - [2022-02-21 23:57:28,629] {dagbag.py:500} INFO - Filling up the DagBag from /home/airflow/.local/lib/python3.7/site-packages/airflow/example_dags/example_skip_dag.py
[2022-02-21 23:57:28,920] {processor.py:654} INFO - DAG(s) dict_keys(['example_skip_dag']) retrieved from /home/airflow/.local/lib/python3.7/site-packages/airflow/example_dags/example_skip_dag.py
[2022-02-21 23:57:29,056] {logging_mixin.py:109} INFO - [2022-02-21 23:57:29,056] {dag.py:2396} INFO - Sync 1 DAGs
[2022-02-21 23:57:29,262] {logging_mixin.py:109} INFO - [2022-02-21 23:57:29,258] {dag.py:2935} INFO - Setting next_dagrun for example_skip_dag to 2022-02-20T23:57:29.254591+00:00
[2022-02-21 23:57:29,343] {processor.py:171} INFO - Processing /home/airflow/.local/lib/python3.7/site-packages/airflow/example_dags/example_skip_dag.py took 0.760 seconds
[2022-02-21 23:58:00,013] {processor.py:163} INFO - Started process (PID=819) to work on /home/airflow/.local/lib/python3.7/site-packages/airflow/example_dags/example_skip_dag.py
[2022-02-21 23:58:00,015] {processor.py:642} INFO - Processing file /home/airflow/.local/lib/python3.7/site-packages/airflow/example_dags/example_skip_dag.py for tasks to queue
[2022-02-21 23:58:00,020] {logging_mixin.py:109} INFO - [2022-02-21 23:58:00,020] {dagbag.py:500} INFO - Filling up the DagBag from /home/airflow/.local/lib/python3.7/site-packages/airflow/example_dags/example_skip_dag.py
[2022-02-21 23:58:00,078] {processor.py:654} INFO - DAG(s) dict_keys(['example_skip_dag']) retrieved from /home/airflow/.local/lib/python3.7/site-packages/airflow/example_dags/example_skip_dag.py
[2022-02-21 23:58:00,163] {logging_mixin.py:109} INFO - [2022-02-21 23:58:00,162] {dag.py:2396} INFO - Sync 1 DAGs
[2022-02-21 23:58:00,191] {logging_mixin.py:109} INFO - [2022-02-21 23:58:00,191] {dag.py:2935} INFO - Setting next_dagrun for example_skip_dag to 2022-02-20T23:58:00.190668+00:00
[2022-02-21 23:58:00,213] {processor.py:171} INFO - Processing /home/airflow/.local/lib/python3.7/site-packages/airflow/example_dags/example_skip_dag.py took 0.212 seconds
[2022-02-21 23:58:30,372] {processor.py:163} INFO - Started process (PID=874) to work on /home/airflow/.local/lib/python3.7/site-packages/airflow/example_dags/example_skip_dag.py
[2022-02-21 23:58:30,375] {processor.py:642} INFO - Processing file /home/airflow/.local/lib/python3.7/site-packages/airflow/example_dags/example_skip_dag.py for tasks to queue
[2022-02-21 23:58:30,378] {logging_mixin.py:109} INFO - [2022-02-21 23:58:30,378] {dagbag.py:500} INFO - Filling up the DagBag from /home/airflow/.local/lib/python3.7/site-packages/airflow/example_dags/example_skip_dag.py
[2022-02-21 23:58:30,414] {processor.py:654} INFO - DAG(s) dict_keys(['example_skip_dag']) retrieved from /home/airflow/.local/lib/python3.7/site-packages/airflow/example_dags/example_skip_dag.py
[2022-02-21 23:58:30,432] {logging_mixin.py:109} INFO - [2022-02-21 23:58:30,432] {dag.py:2396} INFO - Sync 1 DAGs
[2022-02-21 23:58:30,453] {logging_mixin.py:109} INFO - [2022-02-21 23:58:30,453] {dag.py:2935} INFO - Setting next_dagrun for example_skip_dag to 2022-02-20T23:58:30.452701+00:00
[2022-02-21 23:58:30,469] {processor.py:171} INFO - Processing /home/airflow/.local/lib/python3.7/site-packages/airflow/example_dags/example_skip_dag.py took 0.104 seconds
[2022-02-21 23:59:01,169] {processor.py:163} INFO - Started process (PID=927) to work on /home/airflow/.local/lib/python3.7/site-packages/airflow/example_dags/example_skip_dag.py
[2022-02-21 23:59:01,175] {processor.py:642} INFO - Processing file /home/airflow/.local/lib/python3.7/site-packages/airflow/example_dags/example_skip_dag.py for tasks to queue
[2022-02-21 23:59:01,192] {logging_mixin.py:109} INFO - [2022-02-21 23:59:01,190] {dagbag.py:500} INFO - Filling up the DagBag from /home/airflow/.local/lib/python3.7/site-packages/airflow/example_dags/example_skip_dag.py
[2022-02-21 23:59:01,257] {processor.py:654} INFO - DAG(s) dict_keys(['example_skip_dag']) retrieved from /home/airflow/.local/lib/python3.7/site-packages/airflow/example_dags/example_skip_dag.py
[2022-02-21 23:59:01,301] {logging_mixin.py:109} INFO - [2022-02-21 23:59:01,301] {dag.py:2396} INFO - Sync 1 DAGs
[2022-02-21 23:59:01,323] {logging_mixin.py:109} INFO - [2022-02-21 23:59:01,323] {dag.py:2935} INFO - Setting next_dagrun for example_skip_dag to 2022-02-20T23:59:01.322651+00:00
[2022-02-21 23:59:01,341] {processor.py:171} INFO - Processing /home/airflow/.local/lib/python3.7/site-packages/airflow/example_dags/example_skip_dag.py took 0.180 seconds
[2022-02-21 23:59:31,449] {processor.py:163} INFO - Started process (PID=980) to work on /home/airflow/.local/lib/python3.7/site-packages/airflow/example_dags/example_skip_dag.py
[2022-02-21 23:59:31,452] {processor.py:642} INFO - Processing file /home/airflow/.local/lib/python3.7/site-packages/airflow/example_dags/example_skip_dag.py for tasks to queue
[2022-02-21 23:59:31,454] {logging_mixin.py:109} INFO - [2022-02-21 23:59:31,454] {dagbag.py:500} INFO - Filling up the DagBag from /home/airflow/.local/lib/python3.7/site-packages/airflow/example_dags/example_skip_dag.py
[2022-02-21 23:59:31,496] {processor.py:654} INFO - DAG(s) dict_keys(['example_skip_dag']) retrieved from /home/airflow/.local/lib/python3.7/site-packages/airflow/example_dags/example_skip_dag.py
[2022-02-21 23:59:31,515] {logging_mixin.py:109} INFO - [2022-02-21 23:59:31,515] {dag.py:2396} INFO - Sync 1 DAGs
[2022-02-21 23:59:31,537] {logging_mixin.py:109} INFO - [2022-02-21 23:59:31,537] {dag.py:2935} INFO - Setting next_dagrun for example_skip_dag to 2022-02-20T23:59:31.536787+00:00
[2022-02-21 23:59:31,553] {processor.py:171} INFO - Processing /home/airflow/.local/lib/python3.7/site-packages/airflow/example_dags/example_skip_dag.py took 0.111 seconds
