[2022-02-21 23:51:56,738] {processor.py:163} INFO - Started process (PID=186) to work on /home/airflow/.local/lib/python3.7/site-packages/airflow/example_dags/example_branch_datetime_operator.py
[2022-02-21 23:51:56,741] {processor.py:642} INFO - Processing file /home/airflow/.local/lib/python3.7/site-packages/airflow/example_dags/example_branch_datetime_operator.py for tasks to queue
[2022-02-21 23:51:56,743] {logging_mixin.py:109} INFO - [2022-02-21 23:51:56,743] {dagbag.py:500} INFO - Filling up the DagBag from /home/airflow/.local/lib/python3.7/site-packages/airflow/example_dags/example_branch_datetime_operator.py
[2022-02-21 23:51:56,828] {processor.py:654} INFO - DAG(s) dict_keys(['example_branch_datetime_operator_2']) retrieved from /home/airflow/.local/lib/python3.7/site-packages/airflow/example_dags/example_branch_datetime_operator.py
[2022-02-21 23:51:56,868] {logging_mixin.py:109} INFO - [2022-02-21 23:51:56,868] {dag.py:2396} INFO - Sync 1 DAGs
[2022-02-21 23:51:56,906] {logging_mixin.py:109} INFO - [2022-02-21 23:51:56,906] {dag.py:2935} INFO - Setting next_dagrun for example_branch_datetime_operator_2 to 2022-02-20 00:00:00+00:00
[2022-02-21 23:51:56,926] {processor.py:171} INFO - Processing /home/airflow/.local/lib/python3.7/site-packages/airflow/example_dags/example_branch_datetime_operator.py took 0.192 seconds
[2022-02-21 23:52:27,217] {processor.py:163} INFO - Started process (PID=240) to work on /home/airflow/.local/lib/python3.7/site-packages/airflow/example_dags/example_branch_datetime_operator.py
[2022-02-21 23:52:27,223] {processor.py:642} INFO - Processing file /home/airflow/.local/lib/python3.7/site-packages/airflow/example_dags/example_branch_datetime_operator.py for tasks to queue
[2022-02-21 23:52:27,225] {logging_mixin.py:109} INFO - [2022-02-21 23:52:27,225] {dagbag.py:500} INFO - Filling up the DagBag from /home/airflow/.local/lib/python3.7/site-packages/airflow/example_dags/example_branch_datetime_operator.py
[2022-02-21 23:52:27,271] {processor.py:654} INFO - DAG(s) dict_keys(['example_branch_datetime_operator_2']) retrieved from /home/airflow/.local/lib/python3.7/site-packages/airflow/example_dags/example_branch_datetime_operator.py
[2022-02-21 23:52:27,286] {logging_mixin.py:109} INFO - [2022-02-21 23:52:27,286] {dag.py:2396} INFO - Sync 1 DAGs
[2022-02-21 23:52:27,316] {logging_mixin.py:109} INFO - [2022-02-21 23:52:27,316] {dag.py:2935} INFO - Setting next_dagrun for example_branch_datetime_operator_2 to 2022-02-20 00:00:00+00:00
[2022-02-21 23:52:27,341] {processor.py:171} INFO - Processing /home/airflow/.local/lib/python3.7/site-packages/airflow/example_dags/example_branch_datetime_operator.py took 0.127 seconds
[2022-02-21 23:52:57,828] {processor.py:163} INFO - Started process (PID=292) to work on /home/airflow/.local/lib/python3.7/site-packages/airflow/example_dags/example_branch_datetime_operator.py
[2022-02-21 23:52:57,831] {processor.py:642} INFO - Processing file /home/airflow/.local/lib/python3.7/site-packages/airflow/example_dags/example_branch_datetime_operator.py for tasks to queue
[2022-02-21 23:52:57,842] {logging_mixin.py:109} INFO - [2022-02-21 23:52:57,842] {dagbag.py:500} INFO - Filling up the DagBag from /home/airflow/.local/lib/python3.7/site-packages/airflow/example_dags/example_branch_datetime_operator.py
[2022-02-21 23:52:57,949] {processor.py:654} INFO - DAG(s) dict_keys(['example_branch_datetime_operator_2']) retrieved from /home/airflow/.local/lib/python3.7/site-packages/airflow/example_dags/example_branch_datetime_operator.py
[2022-02-21 23:52:58,028] {logging_mixin.py:109} INFO - [2022-02-21 23:52:58,028] {dag.py:2396} INFO - Sync 1 DAGs
[2022-02-21 23:52:58,094] {logging_mixin.py:109} INFO - [2022-02-21 23:52:58,094] {dag.py:2935} INFO - Setting next_dagrun for example_branch_datetime_operator_2 to 2022-02-20 00:00:00+00:00
[2022-02-21 23:52:58,135] {processor.py:171} INFO - Processing /home/airflow/.local/lib/python3.7/site-packages/airflow/example_dags/example_branch_datetime_operator.py took 0.320 seconds
[2022-02-21 23:53:28,222] {processor.py:163} INFO - Started process (PID=346) to work on /home/airflow/.local/lib/python3.7/site-packages/airflow/example_dags/example_branch_datetime_operator.py
[2022-02-21 23:53:28,229] {processor.py:642} INFO - Processing file /home/airflow/.local/lib/python3.7/site-packages/airflow/example_dags/example_branch_datetime_operator.py for tasks to queue
[2022-02-21 23:53:28,232] {logging_mixin.py:109} INFO - [2022-02-21 23:53:28,232] {dagbag.py:500} INFO - Filling up the DagBag from /home/airflow/.local/lib/python3.7/site-packages/airflow/example_dags/example_branch_datetime_operator.py
[2022-02-21 23:53:28,289] {processor.py:654} INFO - DAG(s) dict_keys(['example_branch_datetime_operator_2']) retrieved from /home/airflow/.local/lib/python3.7/site-packages/airflow/example_dags/example_branch_datetime_operator.py
[2022-02-21 23:53:28,309] {logging_mixin.py:109} INFO - [2022-02-21 23:53:28,309] {dag.py:2396} INFO - Sync 1 DAGs
[2022-02-21 23:53:28,334] {logging_mixin.py:109} INFO - [2022-02-21 23:53:28,334] {dag.py:2935} INFO - Setting next_dagrun for example_branch_datetime_operator_2 to 2022-02-20 00:00:00+00:00
[2022-02-21 23:53:28,362] {processor.py:171} INFO - Processing /home/airflow/.local/lib/python3.7/site-packages/airflow/example_dags/example_branch_datetime_operator.py took 0.150 seconds
[2022-02-21 23:53:58,496] {processor.py:163} INFO - Started process (PID=400) to work on /home/airflow/.local/lib/python3.7/site-packages/airflow/example_dags/example_branch_datetime_operator.py
[2022-02-21 23:53:58,506] {processor.py:642} INFO - Processing file /home/airflow/.local/lib/python3.7/site-packages/airflow/example_dags/example_branch_datetime_operator.py for tasks to queue
[2022-02-21 23:53:58,513] {logging_mixin.py:109} INFO - [2022-02-21 23:53:58,511] {dagbag.py:500} INFO - Filling up the DagBag from /home/airflow/.local/lib/python3.7/site-packages/airflow/example_dags/example_branch_datetime_operator.py
[2022-02-21 23:53:58,606] {processor.py:654} INFO - DAG(s) dict_keys(['example_branch_datetime_operator_2']) retrieved from /home/airflow/.local/lib/python3.7/site-packages/airflow/example_dags/example_branch_datetime_operator.py
[2022-02-21 23:53:58,617] {logging_mixin.py:109} INFO - [2022-02-21 23:53:58,617] {dag.py:2396} INFO - Sync 1 DAGs
[2022-02-21 23:53:58,647] {logging_mixin.py:109} INFO - [2022-02-21 23:53:58,647] {dag.py:2935} INFO - Setting next_dagrun for example_branch_datetime_operator_2 to 2022-02-20 00:00:00+00:00
[2022-02-21 23:53:58,658] {processor.py:171} INFO - Processing /home/airflow/.local/lib/python3.7/site-packages/airflow/example_dags/example_branch_datetime_operator.py took 0.175 seconds
[2022-02-21 23:54:29,245] {processor.py:163} INFO - Started process (PID=453) to work on /home/airflow/.local/lib/python3.7/site-packages/airflow/example_dags/example_branch_datetime_operator.py
[2022-02-21 23:54:29,249] {processor.py:642} INFO - Processing file /home/airflow/.local/lib/python3.7/site-packages/airflow/example_dags/example_branch_datetime_operator.py for tasks to queue
[2022-02-21 23:54:29,251] {logging_mixin.py:109} INFO - [2022-02-21 23:54:29,251] {dagbag.py:500} INFO - Filling up the DagBag from /home/airflow/.local/lib/python3.7/site-packages/airflow/example_dags/example_branch_datetime_operator.py
[2022-02-21 23:54:29,299] {processor.py:654} INFO - DAG(s) dict_keys(['example_branch_datetime_operator_2']) retrieved from /home/airflow/.local/lib/python3.7/site-packages/airflow/example_dags/example_branch_datetime_operator.py
[2022-02-21 23:54:29,315] {logging_mixin.py:109} INFO - [2022-02-21 23:54:29,315] {dag.py:2396} INFO - Sync 1 DAGs
[2022-02-21 23:54:29,333] {logging_mixin.py:109} INFO - [2022-02-21 23:54:29,333] {dag.py:2935} INFO - Setting next_dagrun for example_branch_datetime_operator_2 to 2022-02-20 00:00:00+00:00
[2022-02-21 23:54:29,346] {processor.py:171} INFO - Processing /home/airflow/.local/lib/python3.7/site-packages/airflow/example_dags/example_branch_datetime_operator.py took 0.111 seconds
[2022-02-21 23:55:00,030] {processor.py:163} INFO - Started process (PID=505) to work on /home/airflow/.local/lib/python3.7/site-packages/airflow/example_dags/example_branch_datetime_operator.py
[2022-02-21 23:55:00,044] {processor.py:642} INFO - Processing file /home/airflow/.local/lib/python3.7/site-packages/airflow/example_dags/example_branch_datetime_operator.py for tasks to queue
[2022-02-21 23:55:00,048] {logging_mixin.py:109} INFO - [2022-02-21 23:55:00,048] {dagbag.py:500} INFO - Filling up the DagBag from /home/airflow/.local/lib/python3.7/site-packages/airflow/example_dags/example_branch_datetime_operator.py
[2022-02-21 23:55:00,170] {processor.py:654} INFO - DAG(s) dict_keys(['example_branch_datetime_operator_2']) retrieved from /home/airflow/.local/lib/python3.7/site-packages/airflow/example_dags/example_branch_datetime_operator.py
[2022-02-21 23:55:00,236] {logging_mixin.py:109} INFO - [2022-02-21 23:55:00,236] {dag.py:2396} INFO - Sync 1 DAGs
[2022-02-21 23:55:00,347] {logging_mixin.py:109} INFO - [2022-02-21 23:55:00,347] {dag.py:2935} INFO - Setting next_dagrun for example_branch_datetime_operator_2 to 2022-02-20 00:00:00+00:00
[2022-02-21 23:55:00,371] {processor.py:171} INFO - Processing /home/airflow/.local/lib/python3.7/site-packages/airflow/example_dags/example_branch_datetime_operator.py took 0.352 seconds
[2022-02-21 23:55:30,806] {processor.py:163} INFO - Started process (PID=557) to work on /home/airflow/.local/lib/python3.7/site-packages/airflow/example_dags/example_branch_datetime_operator.py
[2022-02-21 23:55:30,810] {processor.py:642} INFO - Processing file /home/airflow/.local/lib/python3.7/site-packages/airflow/example_dags/example_branch_datetime_operator.py for tasks to queue
[2022-02-21 23:55:30,895] {logging_mixin.py:109} INFO - [2022-02-21 23:55:30,894] {dagbag.py:500} INFO - Filling up the DagBag from /home/airflow/.local/lib/python3.7/site-packages/airflow/example_dags/example_branch_datetime_operator.py
[2022-02-21 23:55:31,040] {processor.py:654} INFO - DAG(s) dict_keys(['example_branch_datetime_operator_2']) retrieved from /home/airflow/.local/lib/python3.7/site-packages/airflow/example_dags/example_branch_datetime_operator.py
[2022-02-21 23:55:31,073] {logging_mixin.py:109} INFO - [2022-02-21 23:55:31,073] {dag.py:2396} INFO - Sync 1 DAGs
[2022-02-21 23:55:31,103] {logging_mixin.py:109} INFO - [2022-02-21 23:55:31,102] {dag.py:2935} INFO - Setting next_dagrun for example_branch_datetime_operator_2 to 2022-02-20 00:00:00+00:00
[2022-02-21 23:55:31,119] {processor.py:171} INFO - Processing /home/airflow/.local/lib/python3.7/site-packages/airflow/example_dags/example_branch_datetime_operator.py took 0.346 seconds
[2022-02-21 23:56:01,205] {processor.py:163} INFO - Started process (PID=611) to work on /home/airflow/.local/lib/python3.7/site-packages/airflow/example_dags/example_branch_datetime_operator.py
[2022-02-21 23:56:01,208] {processor.py:642} INFO - Processing file /home/airflow/.local/lib/python3.7/site-packages/airflow/example_dags/example_branch_datetime_operator.py for tasks to queue
[2022-02-21 23:56:01,210] {logging_mixin.py:109} INFO - [2022-02-21 23:56:01,210] {dagbag.py:500} INFO - Filling up the DagBag from /home/airflow/.local/lib/python3.7/site-packages/airflow/example_dags/example_branch_datetime_operator.py
[2022-02-21 23:56:01,249] {processor.py:654} INFO - DAG(s) dict_keys(['example_branch_datetime_operator_2']) retrieved from /home/airflow/.local/lib/python3.7/site-packages/airflow/example_dags/example_branch_datetime_operator.py
[2022-02-21 23:56:01,265] {logging_mixin.py:109} INFO - [2022-02-21 23:56:01,265] {dag.py:2396} INFO - Sync 1 DAGs
[2022-02-21 23:56:01,289] {logging_mixin.py:109} INFO - [2022-02-21 23:56:01,289] {dag.py:2935} INFO - Setting next_dagrun for example_branch_datetime_operator_2 to 2022-02-20 00:00:00+00:00
[2022-02-21 23:56:01,305] {processor.py:171} INFO - Processing /home/airflow/.local/lib/python3.7/site-packages/airflow/example_dags/example_branch_datetime_operator.py took 0.106 seconds
[2022-02-21 23:56:31,531] {processor.py:163} INFO - Started process (PID=664) to work on /home/airflow/.local/lib/python3.7/site-packages/airflow/example_dags/example_branch_datetime_operator.py
[2022-02-21 23:56:31,538] {processor.py:642} INFO - Processing file /home/airflow/.local/lib/python3.7/site-packages/airflow/example_dags/example_branch_datetime_operator.py for tasks to queue
[2022-02-21 23:56:31,549] {logging_mixin.py:109} INFO - [2022-02-21 23:56:31,546] {dagbag.py:500} INFO - Filling up the DagBag from /home/airflow/.local/lib/python3.7/site-packages/airflow/example_dags/example_branch_datetime_operator.py
[2022-02-21 23:56:31,604] {processor.py:654} INFO - DAG(s) dict_keys(['example_branch_datetime_operator_2']) retrieved from /home/airflow/.local/lib/python3.7/site-packages/airflow/example_dags/example_branch_datetime_operator.py
[2022-02-21 23:56:31,618] {logging_mixin.py:109} INFO - [2022-02-21 23:56:31,618] {dag.py:2396} INFO - Sync 1 DAGs
[2022-02-21 23:56:31,639] {logging_mixin.py:109} INFO - [2022-02-21 23:56:31,638] {dag.py:2935} INFO - Setting next_dagrun for example_branch_datetime_operator_2 to 2022-02-20 00:00:00+00:00
[2022-02-21 23:56:31,648] {processor.py:171} INFO - Processing /home/airflow/.local/lib/python3.7/site-packages/airflow/example_dags/example_branch_datetime_operator.py took 0.126 seconds
[2022-02-21 23:57:03,209] {processor.py:163} INFO - Started process (PID=726) to work on /home/airflow/.local/lib/python3.7/site-packages/airflow/example_dags/example_branch_datetime_operator.py
[2022-02-21 23:57:03,212] {processor.py:642} INFO - Processing file /home/airflow/.local/lib/python3.7/site-packages/airflow/example_dags/example_branch_datetime_operator.py for tasks to queue
[2022-02-21 23:57:03,213] {logging_mixin.py:109} INFO - [2022-02-21 23:57:03,213] {dagbag.py:500} INFO - Filling up the DagBag from /home/airflow/.local/lib/python3.7/site-packages/airflow/example_dags/example_branch_datetime_operator.py
[2022-02-21 23:57:03,307] {processor.py:654} INFO - DAG(s) dict_keys(['example_branch_datetime_operator_2']) retrieved from /home/airflow/.local/lib/python3.7/site-packages/airflow/example_dags/example_branch_datetime_operator.py
[2022-02-21 23:57:03,338] {logging_mixin.py:109} INFO - [2022-02-21 23:57:03,338] {dag.py:2396} INFO - Sync 1 DAGs
[2022-02-21 23:57:03,390] {logging_mixin.py:109} INFO - [2022-02-21 23:57:03,390] {dag.py:2935} INFO - Setting next_dagrun for example_branch_datetime_operator_2 to 2022-02-20 00:00:00+00:00
[2022-02-21 23:57:03,416] {processor.py:171} INFO - Processing /home/airflow/.local/lib/python3.7/site-packages/airflow/example_dags/example_branch_datetime_operator.py took 0.250 seconds
[2022-02-21 23:57:34,518] {processor.py:163} INFO - Started process (PID=774) to work on /home/airflow/.local/lib/python3.7/site-packages/airflow/example_dags/example_branch_datetime_operator.py
[2022-02-21 23:57:34,529] {processor.py:642} INFO - Processing file /home/airflow/.local/lib/python3.7/site-packages/airflow/example_dags/example_branch_datetime_operator.py for tasks to queue
[2022-02-21 23:57:34,551] {logging_mixin.py:109} INFO - [2022-02-21 23:57:34,551] {dagbag.py:500} INFO - Filling up the DagBag from /home/airflow/.local/lib/python3.7/site-packages/airflow/example_dags/example_branch_datetime_operator.py
[2022-02-21 23:57:34,788] {processor.py:654} INFO - DAG(s) dict_keys(['example_branch_datetime_operator_2']) retrieved from /home/airflow/.local/lib/python3.7/site-packages/airflow/example_dags/example_branch_datetime_operator.py
[2022-02-21 23:57:34,816] {logging_mixin.py:109} INFO - [2022-02-21 23:57:34,816] {dag.py:2396} INFO - Sync 1 DAGs
[2022-02-21 23:57:34,883] {logging_mixin.py:109} INFO - [2022-02-21 23:57:34,883] {dag.py:2935} INFO - Setting next_dagrun for example_branch_datetime_operator_2 to 2022-02-20 00:00:00+00:00
[2022-02-21 23:57:34,930] {processor.py:171} INFO - Processing /home/airflow/.local/lib/python3.7/site-packages/airflow/example_dags/example_branch_datetime_operator.py took 0.434 seconds
[2022-02-21 23:58:05,772] {processor.py:163} INFO - Started process (PID=828) to work on /home/airflow/.local/lib/python3.7/site-packages/airflow/example_dags/example_branch_datetime_operator.py
[2022-02-21 23:58:05,779] {processor.py:642} INFO - Processing file /home/airflow/.local/lib/python3.7/site-packages/airflow/example_dags/example_branch_datetime_operator.py for tasks to queue
[2022-02-21 23:58:05,796] {logging_mixin.py:109} INFO - [2022-02-21 23:58:05,795] {dagbag.py:500} INFO - Filling up the DagBag from /home/airflow/.local/lib/python3.7/site-packages/airflow/example_dags/example_branch_datetime_operator.py
[2022-02-21 23:58:05,928] {processor.py:654} INFO - DAG(s) dict_keys(['example_branch_datetime_operator_2']) retrieved from /home/airflow/.local/lib/python3.7/site-packages/airflow/example_dags/example_branch_datetime_operator.py
[2022-02-21 23:58:05,997] {logging_mixin.py:109} INFO - [2022-02-21 23:58:05,996] {dag.py:2396} INFO - Sync 1 DAGs
[2022-02-21 23:58:06,095] {logging_mixin.py:109} INFO - [2022-02-21 23:58:06,095] {dag.py:2935} INFO - Setting next_dagrun for example_branch_datetime_operator_2 to 2022-02-20 00:00:00+00:00
[2022-02-21 23:58:06,157] {processor.py:171} INFO - Processing /home/airflow/.local/lib/python3.7/site-packages/airflow/example_dags/example_branch_datetime_operator.py took 0.394 seconds
[2022-02-21 23:58:36,965] {processor.py:163} INFO - Started process (PID=883) to work on /home/airflow/.local/lib/python3.7/site-packages/airflow/example_dags/example_branch_datetime_operator.py
[2022-02-21 23:58:36,974] {processor.py:642} INFO - Processing file /home/airflow/.local/lib/python3.7/site-packages/airflow/example_dags/example_branch_datetime_operator.py for tasks to queue
[2022-02-21 23:58:36,982] {logging_mixin.py:109} INFO - [2022-02-21 23:58:36,979] {dagbag.py:500} INFO - Filling up the DagBag from /home/airflow/.local/lib/python3.7/site-packages/airflow/example_dags/example_branch_datetime_operator.py
[2022-02-21 23:58:37,109] {processor.py:654} INFO - DAG(s) dict_keys(['example_branch_datetime_operator_2']) retrieved from /home/airflow/.local/lib/python3.7/site-packages/airflow/example_dags/example_branch_datetime_operator.py
[2022-02-21 23:58:37,140] {logging_mixin.py:109} INFO - [2022-02-21 23:58:37,139] {dag.py:2396} INFO - Sync 1 DAGs
[2022-02-21 23:58:37,182] {logging_mixin.py:109} INFO - [2022-02-21 23:58:37,182] {dag.py:2935} INFO - Setting next_dagrun for example_branch_datetime_operator_2 to 2022-02-20 00:00:00+00:00
[2022-02-21 23:58:37,210] {processor.py:171} INFO - Processing /home/airflow/.local/lib/python3.7/site-packages/airflow/example_dags/example_branch_datetime_operator.py took 0.262 seconds
[2022-02-21 23:59:07,432] {processor.py:163} INFO - Started process (PID=936) to work on /home/airflow/.local/lib/python3.7/site-packages/airflow/example_dags/example_branch_datetime_operator.py
[2022-02-21 23:59:07,436] {processor.py:642} INFO - Processing file /home/airflow/.local/lib/python3.7/site-packages/airflow/example_dags/example_branch_datetime_operator.py for tasks to queue
[2022-02-21 23:59:07,437] {logging_mixin.py:109} INFO - [2022-02-21 23:59:07,437] {dagbag.py:500} INFO - Filling up the DagBag from /home/airflow/.local/lib/python3.7/site-packages/airflow/example_dags/example_branch_datetime_operator.py
[2022-02-21 23:59:07,495] {processor.py:654} INFO - DAG(s) dict_keys(['example_branch_datetime_operator_2']) retrieved from /home/airflow/.local/lib/python3.7/site-packages/airflow/example_dags/example_branch_datetime_operator.py
[2022-02-21 23:59:07,518] {logging_mixin.py:109} INFO - [2022-02-21 23:59:07,518] {dag.py:2396} INFO - Sync 1 DAGs
[2022-02-21 23:59:07,542] {logging_mixin.py:109} INFO - [2022-02-21 23:59:07,541] {dag.py:2935} INFO - Setting next_dagrun for example_branch_datetime_operator_2 to 2022-02-20 00:00:00+00:00
[2022-02-21 23:59:07,556] {processor.py:171} INFO - Processing /home/airflow/.local/lib/python3.7/site-packages/airflow/example_dags/example_branch_datetime_operator.py took 0.129 seconds
[2022-02-21 23:59:37,626] {processor.py:163} INFO - Started process (PID=998) to work on /home/airflow/.local/lib/python3.7/site-packages/airflow/example_dags/example_branch_datetime_operator.py
[2022-02-21 23:59:37,628] {processor.py:642} INFO - Processing file /home/airflow/.local/lib/python3.7/site-packages/airflow/example_dags/example_branch_datetime_operator.py for tasks to queue
[2022-02-21 23:59:37,631] {logging_mixin.py:109} INFO - [2022-02-21 23:59:37,631] {dagbag.py:500} INFO - Filling up the DagBag from /home/airflow/.local/lib/python3.7/site-packages/airflow/example_dags/example_branch_datetime_operator.py
[2022-02-21 23:59:37,687] {processor.py:654} INFO - DAG(s) dict_keys(['example_branch_datetime_operator_2']) retrieved from /home/airflow/.local/lib/python3.7/site-packages/airflow/example_dags/example_branch_datetime_operator.py
[2022-02-21 23:59:37,706] {logging_mixin.py:109} INFO - [2022-02-21 23:59:37,706] {dag.py:2396} INFO - Sync 1 DAGs
[2022-02-21 23:59:37,736] {logging_mixin.py:109} INFO - [2022-02-21 23:59:37,736] {dag.py:2935} INFO - Setting next_dagrun for example_branch_datetime_operator_2 to 2022-02-20 00:00:00+00:00
[2022-02-21 23:59:37,753] {processor.py:171} INFO - Processing /home/airflow/.local/lib/python3.7/site-packages/airflow/example_dags/example_branch_datetime_operator.py took 0.134 seconds
