[2022-02-21 23:51:04,924] {processor.py:163} INFO - Started process (PID=128) to work on /home/airflow/.local/lib/python3.7/site-packages/airflow/example_dags/example_python_operator.py
[2022-02-21 23:51:04,963] {processor.py:642} INFO - Processing file /home/airflow/.local/lib/python3.7/site-packages/airflow/example_dags/example_python_operator.py for tasks to queue
[2022-02-21 23:51:04,977] {logging_mixin.py:109} INFO - [2022-02-21 23:51:04,977] {dagbag.py:500} INFO - Filling up the DagBag from /home/airflow/.local/lib/python3.7/site-packages/airflow/example_dags/example_python_operator.py
[2022-02-21 23:51:07,039] {processor.py:654} INFO - DAG(s) dict_keys(['example_python_operator']) retrieved from /home/airflow/.local/lib/python3.7/site-packages/airflow/example_dags/example_python_operator.py
[2022-02-21 23:51:07,776] {logging_mixin.py:109} INFO - [2022-02-21 23:51:07,776] {dag.py:2396} INFO - Sync 1 DAGs
[2022-02-21 23:51:08,673] {logging_mixin.py:109} INFO - [2022-02-21 23:51:08,673] {dag.py:2935} INFO - Setting next_dagrun for example_python_operator to None
[2022-02-21 23:51:08,775] {processor.py:171} INFO - Processing /home/airflow/.local/lib/python3.7/site-packages/airflow/example_dags/example_python_operator.py took 3.878 seconds
[2022-02-21 23:51:44,006] {processor.py:163} INFO - Started process (PID=169) to work on /home/airflow/.local/lib/python3.7/site-packages/airflow/example_dags/example_python_operator.py
[2022-02-21 23:51:44,070] {processor.py:642} INFO - Processing file /home/airflow/.local/lib/python3.7/site-packages/airflow/example_dags/example_python_operator.py for tasks to queue
[2022-02-21 23:51:44,080] {logging_mixin.py:109} INFO - [2022-02-21 23:51:44,080] {dagbag.py:500} INFO - Filling up the DagBag from /home/airflow/.local/lib/python3.7/site-packages/airflow/example_dags/example_python_operator.py
[2022-02-21 23:51:45,221] {processor.py:654} INFO - DAG(s) dict_keys(['example_python_operator']) retrieved from /home/airflow/.local/lib/python3.7/site-packages/airflow/example_dags/example_python_operator.py
[2022-02-21 23:51:45,331] {logging_mixin.py:109} INFO - [2022-02-21 23:51:45,330] {dag.py:2396} INFO - Sync 1 DAGs
[2022-02-21 23:51:45,498] {logging_mixin.py:109} INFO - [2022-02-21 23:51:45,498] {dag.py:2935} INFO - Setting next_dagrun for example_python_operator to None
[2022-02-21 23:51:45,603] {processor.py:171} INFO - Processing /home/airflow/.local/lib/python3.7/site-packages/airflow/example_dags/example_python_operator.py took 1.707 seconds
[2022-02-21 23:52:16,298] {processor.py:163} INFO - Started process (PID=214) to work on /home/airflow/.local/lib/python3.7/site-packages/airflow/example_dags/example_python_operator.py
[2022-02-21 23:52:16,310] {processor.py:642} INFO - Processing file /home/airflow/.local/lib/python3.7/site-packages/airflow/example_dags/example_python_operator.py for tasks to queue
[2022-02-21 23:52:16,312] {logging_mixin.py:109} INFO - [2022-02-21 23:52:16,312] {dagbag.py:500} INFO - Filling up the DagBag from /home/airflow/.local/lib/python3.7/site-packages/airflow/example_dags/example_python_operator.py
[2022-02-21 23:52:16,389] {processor.py:654} INFO - DAG(s) dict_keys(['example_python_operator']) retrieved from /home/airflow/.local/lib/python3.7/site-packages/airflow/example_dags/example_python_operator.py
[2022-02-21 23:52:16,412] {logging_mixin.py:109} INFO - [2022-02-21 23:52:16,412] {dag.py:2396} INFO - Sync 1 DAGs
[2022-02-21 23:52:16,444] {logging_mixin.py:109} INFO - [2022-02-21 23:52:16,444] {dag.py:2935} INFO - Setting next_dagrun for example_python_operator to None
[2022-02-21 23:52:16,503] {processor.py:171} INFO - Processing /home/airflow/.local/lib/python3.7/site-packages/airflow/example_dags/example_python_operator.py took 0.215 seconds
[2022-02-21 23:52:47,202] {processor.py:163} INFO - Started process (PID=268) to work on /home/airflow/.local/lib/python3.7/site-packages/airflow/example_dags/example_python_operator.py
[2022-02-21 23:52:47,204] {processor.py:642} INFO - Processing file /home/airflow/.local/lib/python3.7/site-packages/airflow/example_dags/example_python_operator.py for tasks to queue
[2022-02-21 23:52:47,206] {logging_mixin.py:109} INFO - [2022-02-21 23:52:47,206] {dagbag.py:500} INFO - Filling up the DagBag from /home/airflow/.local/lib/python3.7/site-packages/airflow/example_dags/example_python_operator.py
[2022-02-21 23:52:47,247] {processor.py:654} INFO - DAG(s) dict_keys(['example_python_operator']) retrieved from /home/airflow/.local/lib/python3.7/site-packages/airflow/example_dags/example_python_operator.py
[2022-02-21 23:52:47,267] {logging_mixin.py:109} INFO - [2022-02-21 23:52:47,266] {dag.py:2396} INFO - Sync 1 DAGs
[2022-02-21 23:52:47,290] {logging_mixin.py:109} INFO - [2022-02-21 23:52:47,290] {dag.py:2935} INFO - Setting next_dagrun for example_python_operator to None
[2022-02-21 23:52:47,299] {processor.py:171} INFO - Processing /home/airflow/.local/lib/python3.7/site-packages/airflow/example_dags/example_python_operator.py took 0.120 seconds
[2022-02-21 23:53:17,887] {processor.py:163} INFO - Started process (PID=319) to work on /home/airflow/.local/lib/python3.7/site-packages/airflow/example_dags/example_python_operator.py
[2022-02-21 23:53:17,899] {processor.py:642} INFO - Processing file /home/airflow/.local/lib/python3.7/site-packages/airflow/example_dags/example_python_operator.py for tasks to queue
[2022-02-21 23:53:17,903] {logging_mixin.py:109} INFO - [2022-02-21 23:53:17,902] {dagbag.py:500} INFO - Filling up the DagBag from /home/airflow/.local/lib/python3.7/site-packages/airflow/example_dags/example_python_operator.py
[2022-02-21 23:53:17,966] {processor.py:654} INFO - DAG(s) dict_keys(['example_python_operator']) retrieved from /home/airflow/.local/lib/python3.7/site-packages/airflow/example_dags/example_python_operator.py
[2022-02-21 23:53:17,996] {logging_mixin.py:109} INFO - [2022-02-21 23:53:17,996] {dag.py:2396} INFO - Sync 1 DAGs
[2022-02-21 23:53:18,039] {logging_mixin.py:109} INFO - [2022-02-21 23:53:18,039] {dag.py:2935} INFO - Setting next_dagrun for example_python_operator to None
[2022-02-21 23:53:18,072] {processor.py:171} INFO - Processing /home/airflow/.local/lib/python3.7/site-packages/airflow/example_dags/example_python_operator.py took 0.199 seconds
[2022-02-21 23:53:48,186] {processor.py:163} INFO - Started process (PID=385) to work on /home/airflow/.local/lib/python3.7/site-packages/airflow/example_dags/example_python_operator.py
[2022-02-21 23:53:48,189] {processor.py:642} INFO - Processing file /home/airflow/.local/lib/python3.7/site-packages/airflow/example_dags/example_python_operator.py for tasks to queue
[2022-02-21 23:53:48,191] {logging_mixin.py:109} INFO - [2022-02-21 23:53:48,191] {dagbag.py:500} INFO - Filling up the DagBag from /home/airflow/.local/lib/python3.7/site-packages/airflow/example_dags/example_python_operator.py
[2022-02-21 23:53:48,260] {processor.py:654} INFO - DAG(s) dict_keys(['example_python_operator']) retrieved from /home/airflow/.local/lib/python3.7/site-packages/airflow/example_dags/example_python_operator.py
[2022-02-21 23:53:48,283] {logging_mixin.py:109} INFO - [2022-02-21 23:53:48,283] {dag.py:2396} INFO - Sync 1 DAGs
[2022-02-21 23:53:48,317] {logging_mixin.py:109} INFO - [2022-02-21 23:53:48,317] {dag.py:2935} INFO - Setting next_dagrun for example_python_operator to None
[2022-02-21 23:53:48,328] {processor.py:171} INFO - Processing /home/airflow/.local/lib/python3.7/site-packages/airflow/example_dags/example_python_operator.py took 0.158 seconds
[2022-02-21 23:54:18,799] {processor.py:163} INFO - Started process (PID=438) to work on /home/airflow/.local/lib/python3.7/site-packages/airflow/example_dags/example_python_operator.py
[2022-02-21 23:54:18,804] {processor.py:642} INFO - Processing file /home/airflow/.local/lib/python3.7/site-packages/airflow/example_dags/example_python_operator.py for tasks to queue
[2022-02-21 23:54:18,808] {logging_mixin.py:109} INFO - [2022-02-21 23:54:18,807] {dagbag.py:500} INFO - Filling up the DagBag from /home/airflow/.local/lib/python3.7/site-packages/airflow/example_dags/example_python_operator.py
[2022-02-21 23:54:18,853] {processor.py:654} INFO - DAG(s) dict_keys(['example_python_operator']) retrieved from /home/airflow/.local/lib/python3.7/site-packages/airflow/example_dags/example_python_operator.py
[2022-02-21 23:54:18,872] {logging_mixin.py:109} INFO - [2022-02-21 23:54:18,871] {dag.py:2396} INFO - Sync 1 DAGs
[2022-02-21 23:54:18,891] {logging_mixin.py:109} INFO - [2022-02-21 23:54:18,891] {dag.py:2935} INFO - Setting next_dagrun for example_python_operator to None
[2022-02-21 23:54:18,905] {processor.py:171} INFO - Processing /home/airflow/.local/lib/python3.7/site-packages/airflow/example_dags/example_python_operator.py took 0.117 seconds
[2022-02-21 23:54:49,404] {processor.py:163} INFO - Started process (PID=490) to work on /home/airflow/.local/lib/python3.7/site-packages/airflow/example_dags/example_python_operator.py
[2022-02-21 23:54:49,406] {processor.py:642} INFO - Processing file /home/airflow/.local/lib/python3.7/site-packages/airflow/example_dags/example_python_operator.py for tasks to queue
[2022-02-21 23:54:49,407] {logging_mixin.py:109} INFO - [2022-02-21 23:54:49,407] {dagbag.py:500} INFO - Filling up the DagBag from /home/airflow/.local/lib/python3.7/site-packages/airflow/example_dags/example_python_operator.py
[2022-02-21 23:54:49,462] {processor.py:654} INFO - DAG(s) dict_keys(['example_python_operator']) retrieved from /home/airflow/.local/lib/python3.7/site-packages/airflow/example_dags/example_python_operator.py
[2022-02-21 23:54:49,476] {logging_mixin.py:109} INFO - [2022-02-21 23:54:49,475] {dag.py:2396} INFO - Sync 1 DAGs
[2022-02-21 23:54:49,494] {logging_mixin.py:109} INFO - [2022-02-21 23:54:49,494] {dag.py:2935} INFO - Setting next_dagrun for example_python_operator to None
[2022-02-21 23:54:49,506] {processor.py:171} INFO - Processing /home/airflow/.local/lib/python3.7/site-packages/airflow/example_dags/example_python_operator.py took 0.113 seconds
[2022-02-21 23:55:19,607] {processor.py:163} INFO - Started process (PID=533) to work on /home/airflow/.local/lib/python3.7/site-packages/airflow/example_dags/example_python_operator.py
[2022-02-21 23:55:19,611] {processor.py:642} INFO - Processing file /home/airflow/.local/lib/python3.7/site-packages/airflow/example_dags/example_python_operator.py for tasks to queue
[2022-02-21 23:55:19,613] {logging_mixin.py:109} INFO - [2022-02-21 23:55:19,613] {dagbag.py:500} INFO - Filling up the DagBag from /home/airflow/.local/lib/python3.7/site-packages/airflow/example_dags/example_python_operator.py
[2022-02-21 23:55:19,702] {processor.py:654} INFO - DAG(s) dict_keys(['example_python_operator']) retrieved from /home/airflow/.local/lib/python3.7/site-packages/airflow/example_dags/example_python_operator.py
[2022-02-21 23:55:19,728] {logging_mixin.py:109} INFO - [2022-02-21 23:55:19,728] {dag.py:2396} INFO - Sync 1 DAGs
[2022-02-21 23:55:19,780] {logging_mixin.py:109} INFO - [2022-02-21 23:55:19,780] {dag.py:2935} INFO - Setting next_dagrun for example_python_operator to None
[2022-02-21 23:55:19,814] {processor.py:171} INFO - Processing /home/airflow/.local/lib/python3.7/site-packages/airflow/example_dags/example_python_operator.py took 0.232 seconds
[2022-02-21 23:55:49,987] {processor.py:163} INFO - Started process (PID=597) to work on /home/airflow/.local/lib/python3.7/site-packages/airflow/example_dags/example_python_operator.py
[2022-02-21 23:55:49,990] {processor.py:642} INFO - Processing file /home/airflow/.local/lib/python3.7/site-packages/airflow/example_dags/example_python_operator.py for tasks to queue
[2022-02-21 23:55:49,993] {logging_mixin.py:109} INFO - [2022-02-21 23:55:49,993] {dagbag.py:500} INFO - Filling up the DagBag from /home/airflow/.local/lib/python3.7/site-packages/airflow/example_dags/example_python_operator.py
[2022-02-21 23:55:50,040] {processor.py:654} INFO - DAG(s) dict_keys(['example_python_operator']) retrieved from /home/airflow/.local/lib/python3.7/site-packages/airflow/example_dags/example_python_operator.py
[2022-02-21 23:55:50,057] {logging_mixin.py:109} INFO - [2022-02-21 23:55:50,056] {dag.py:2396} INFO - Sync 1 DAGs
[2022-02-21 23:55:50,084] {logging_mixin.py:109} INFO - [2022-02-21 23:55:50,084] {dag.py:2935} INFO - Setting next_dagrun for example_python_operator to None
[2022-02-21 23:55:50,104] {processor.py:171} INFO - Processing /home/airflow/.local/lib/python3.7/site-packages/airflow/example_dags/example_python_operator.py took 0.126 seconds
[2022-02-21 23:56:20,519] {processor.py:163} INFO - Started process (PID=650) to work on /home/airflow/.local/lib/python3.7/site-packages/airflow/example_dags/example_python_operator.py
[2022-02-21 23:56:20,544] {processor.py:642} INFO - Processing file /home/airflow/.local/lib/python3.7/site-packages/airflow/example_dags/example_python_operator.py for tasks to queue
[2022-02-21 23:56:20,548] {logging_mixin.py:109} INFO - [2022-02-21 23:56:20,548] {dagbag.py:500} INFO - Filling up the DagBag from /home/airflow/.local/lib/python3.7/site-packages/airflow/example_dags/example_python_operator.py
[2022-02-21 23:56:20,651] {processor.py:654} INFO - DAG(s) dict_keys(['example_python_operator']) retrieved from /home/airflow/.local/lib/python3.7/site-packages/airflow/example_dags/example_python_operator.py
[2022-02-21 23:56:20,687] {logging_mixin.py:109} INFO - [2022-02-21 23:56:20,686] {dag.py:2396} INFO - Sync 1 DAGs
[2022-02-21 23:56:20,725] {logging_mixin.py:109} INFO - [2022-02-21 23:56:20,724] {dag.py:2935} INFO - Setting next_dagrun for example_python_operator to None
[2022-02-21 23:56:20,756] {processor.py:171} INFO - Processing /home/airflow/.local/lib/python3.7/site-packages/airflow/example_dags/example_python_operator.py took 0.241 seconds
[2022-02-21 23:56:51,017] {processor.py:163} INFO - Started process (PID=705) to work on /home/airflow/.local/lib/python3.7/site-packages/airflow/example_dags/example_python_operator.py
[2022-02-21 23:56:51,063] {processor.py:642} INFO - Processing file /home/airflow/.local/lib/python3.7/site-packages/airflow/example_dags/example_python_operator.py for tasks to queue
[2022-02-21 23:56:51,080] {logging_mixin.py:109} INFO - [2022-02-21 23:56:51,080] {dagbag.py:500} INFO - Filling up the DagBag from /home/airflow/.local/lib/python3.7/site-packages/airflow/example_dags/example_python_operator.py
[2022-02-21 23:56:51,509] {processor.py:654} INFO - DAG(s) dict_keys(['example_python_operator']) retrieved from /home/airflow/.local/lib/python3.7/site-packages/airflow/example_dags/example_python_operator.py
[2022-02-21 23:56:51,592] {logging_mixin.py:109} INFO - [2022-02-21 23:56:51,592] {dag.py:2396} INFO - Sync 1 DAGs
[2022-02-21 23:56:51,676] {logging_mixin.py:109} INFO - [2022-02-21 23:56:51,676] {dag.py:2935} INFO - Setting next_dagrun for example_python_operator to None
[2022-02-21 23:56:51,720] {processor.py:171} INFO - Processing /home/airflow/.local/lib/python3.7/site-packages/airflow/example_dags/example_python_operator.py took 0.754 seconds
[2022-02-21 23:57:22,116] {processor.py:163} INFO - Started process (PID=759) to work on /home/airflow/.local/lib/python3.7/site-packages/airflow/example_dags/example_python_operator.py
[2022-02-21 23:57:22,176] {processor.py:642} INFO - Processing file /home/airflow/.local/lib/python3.7/site-packages/airflow/example_dags/example_python_operator.py for tasks to queue
[2022-02-21 23:57:22,198] {logging_mixin.py:109} INFO - [2022-02-21 23:57:22,186] {dagbag.py:500} INFO - Filling up the DagBag from /home/airflow/.local/lib/python3.7/site-packages/airflow/example_dags/example_python_operator.py
[2022-02-21 23:57:22,273] {processor.py:654} INFO - DAG(s) dict_keys(['example_python_operator']) retrieved from /home/airflow/.local/lib/python3.7/site-packages/airflow/example_dags/example_python_operator.py
[2022-02-21 23:57:22,316] {logging_mixin.py:109} INFO - [2022-02-21 23:57:22,316] {dag.py:2396} INFO - Sync 1 DAGs
[2022-02-21 23:57:22,356] {logging_mixin.py:109} INFO - [2022-02-21 23:57:22,355] {dag.py:2935} INFO - Setting next_dagrun for example_python_operator to None
[2022-02-21 23:57:22,391] {processor.py:171} INFO - Processing /home/airflow/.local/lib/python3.7/site-packages/airflow/example_dags/example_python_operator.py took 0.286 seconds
[2022-02-21 23:57:52,594] {processor.py:163} INFO - Started process (PID=802) to work on /home/airflow/.local/lib/python3.7/site-packages/airflow/example_dags/example_python_operator.py
[2022-02-21 23:57:52,601] {processor.py:642} INFO - Processing file /home/airflow/.local/lib/python3.7/site-packages/airflow/example_dags/example_python_operator.py for tasks to queue
[2022-02-21 23:57:52,603] {logging_mixin.py:109} INFO - [2022-02-21 23:57:52,603] {dagbag.py:500} INFO - Filling up the DagBag from /home/airflow/.local/lib/python3.7/site-packages/airflow/example_dags/example_python_operator.py
[2022-02-21 23:57:52,669] {processor.py:654} INFO - DAG(s) dict_keys(['example_python_operator']) retrieved from /home/airflow/.local/lib/python3.7/site-packages/airflow/example_dags/example_python_operator.py
[2022-02-21 23:57:52,698] {logging_mixin.py:109} INFO - [2022-02-21 23:57:52,698] {dag.py:2396} INFO - Sync 1 DAGs
[2022-02-21 23:57:52,727] {logging_mixin.py:109} INFO - [2022-02-21 23:57:52,727] {dag.py:2935} INFO - Setting next_dagrun for example_python_operator to None
[2022-02-21 23:57:52,755] {processor.py:171} INFO - Processing /home/airflow/.local/lib/python3.7/site-packages/airflow/example_dags/example_python_operator.py took 0.165 seconds
[2022-02-21 23:58:23,164] {processor.py:163} INFO - Started process (PID=857) to work on /home/airflow/.local/lib/python3.7/site-packages/airflow/example_dags/example_python_operator.py
[2022-02-21 23:58:23,168] {processor.py:642} INFO - Processing file /home/airflow/.local/lib/python3.7/site-packages/airflow/example_dags/example_python_operator.py for tasks to queue
[2022-02-21 23:58:23,172] {logging_mixin.py:109} INFO - [2022-02-21 23:58:23,172] {dagbag.py:500} INFO - Filling up the DagBag from /home/airflow/.local/lib/python3.7/site-packages/airflow/example_dags/example_python_operator.py
[2022-02-21 23:58:23,215] {processor.py:654} INFO - DAG(s) dict_keys(['example_python_operator']) retrieved from /home/airflow/.local/lib/python3.7/site-packages/airflow/example_dags/example_python_operator.py
[2022-02-21 23:58:23,251] {logging_mixin.py:109} INFO - [2022-02-21 23:58:23,250] {dag.py:2396} INFO - Sync 1 DAGs
[2022-02-21 23:58:23,274] {logging_mixin.py:109} INFO - [2022-02-21 23:58:23,274] {dag.py:2935} INFO - Setting next_dagrun for example_python_operator to None
[2022-02-21 23:58:23,291] {processor.py:171} INFO - Processing /home/airflow/.local/lib/python3.7/site-packages/airflow/example_dags/example_python_operator.py took 0.138 seconds
[2022-02-21 23:58:53,618] {processor.py:163} INFO - Started process (PID=912) to work on /home/airflow/.local/lib/python3.7/site-packages/airflow/example_dags/example_python_operator.py
[2022-02-21 23:58:53,639] {processor.py:642} INFO - Processing file /home/airflow/.local/lib/python3.7/site-packages/airflow/example_dags/example_python_operator.py for tasks to queue
[2022-02-21 23:58:53,652] {logging_mixin.py:109} INFO - [2022-02-21 23:58:53,651] {dagbag.py:500} INFO - Filling up the DagBag from /home/airflow/.local/lib/python3.7/site-packages/airflow/example_dags/example_python_operator.py
[2022-02-21 23:58:53,707] {processor.py:654} INFO - DAG(s) dict_keys(['example_python_operator']) retrieved from /home/airflow/.local/lib/python3.7/site-packages/airflow/example_dags/example_python_operator.py
[2022-02-21 23:58:53,722] {logging_mixin.py:109} INFO - [2022-02-21 23:58:53,722] {dag.py:2396} INFO - Sync 1 DAGs
[2022-02-21 23:58:53,747] {logging_mixin.py:109} INFO - [2022-02-21 23:58:53,746] {dag.py:2935} INFO - Setting next_dagrun for example_python_operator to None
[2022-02-21 23:58:53,761] {processor.py:171} INFO - Processing /home/airflow/.local/lib/python3.7/site-packages/airflow/example_dags/example_python_operator.py took 0.193 seconds
[2022-02-21 23:59:23,878] {processor.py:163} INFO - Started process (PID=974) to work on /home/airflow/.local/lib/python3.7/site-packages/airflow/example_dags/example_python_operator.py
[2022-02-21 23:59:23,881] {processor.py:642} INFO - Processing file /home/airflow/.local/lib/python3.7/site-packages/airflow/example_dags/example_python_operator.py for tasks to queue
[2022-02-21 23:59:23,884] {logging_mixin.py:109} INFO - [2022-02-21 23:59:23,883] {dagbag.py:500} INFO - Filling up the DagBag from /home/airflow/.local/lib/python3.7/site-packages/airflow/example_dags/example_python_operator.py
[2022-02-21 23:59:23,971] {processor.py:654} INFO - DAG(s) dict_keys(['example_python_operator']) retrieved from /home/airflow/.local/lib/python3.7/site-packages/airflow/example_dags/example_python_operator.py
[2022-02-21 23:59:23,989] {logging_mixin.py:109} INFO - [2022-02-21 23:59:23,989] {dag.py:2396} INFO - Sync 1 DAGs
[2022-02-21 23:59:24,006] {logging_mixin.py:109} INFO - [2022-02-21 23:59:24,006] {dag.py:2935} INFO - Setting next_dagrun for example_python_operator to None
[2022-02-21 23:59:24,019] {processor.py:171} INFO - Processing /home/airflow/.local/lib/python3.7/site-packages/airflow/example_dags/example_python_operator.py took 0.145 seconds
[2022-02-21 23:59:54,211] {processor.py:163} INFO - Started process (PID=1025) to work on /home/airflow/.local/lib/python3.7/site-packages/airflow/example_dags/example_python_operator.py
[2022-02-21 23:59:54,215] {processor.py:642} INFO - Processing file /home/airflow/.local/lib/python3.7/site-packages/airflow/example_dags/example_python_operator.py for tasks to queue
[2022-02-21 23:59:54,218] {logging_mixin.py:109} INFO - [2022-02-21 23:59:54,217] {dagbag.py:500} INFO - Filling up the DagBag from /home/airflow/.local/lib/python3.7/site-packages/airflow/example_dags/example_python_operator.py
[2022-02-21 23:59:54,313] {processor.py:654} INFO - DAG(s) dict_keys(['example_python_operator']) retrieved from /home/airflow/.local/lib/python3.7/site-packages/airflow/example_dags/example_python_operator.py
[2022-02-21 23:59:54,345] {logging_mixin.py:109} INFO - [2022-02-21 23:59:54,345] {dag.py:2396} INFO - Sync 1 DAGs
[2022-02-21 23:59:54,378] {logging_mixin.py:109} INFO - [2022-02-21 23:59:54,377] {dag.py:2935} INFO - Setting next_dagrun for example_python_operator to None
[2022-02-21 23:59:54,396] {processor.py:171} INFO - Processing /home/airflow/.local/lib/python3.7/site-packages/airflow/example_dags/example_python_operator.py took 0.192 seconds
