[2022-02-21 23:51:54,653] {processor.py:163} INFO - Started process (PID=181) to work on /home/airflow/.local/lib/python3.7/site-packages/airflow/example_dags/example_branch_python_dop_operator_3.py
[2022-02-21 23:51:54,656] {processor.py:642} INFO - Processing file /home/airflow/.local/lib/python3.7/site-packages/airflow/example_dags/example_branch_python_dop_operator_3.py for tasks to queue
[2022-02-21 23:51:54,658] {logging_mixin.py:109} INFO - [2022-02-21 23:51:54,657] {dagbag.py:500} INFO - Filling up the DagBag from /home/airflow/.local/lib/python3.7/site-packages/airflow/example_dags/example_branch_python_dop_operator_3.py
[2022-02-21 23:51:54,825] {processor.py:654} INFO - DAG(s) dict_keys(['example_branch_dop_operator_v3']) retrieved from /home/airflow/.local/lib/python3.7/site-packages/airflow/example_dags/example_branch_python_dop_operator_3.py
[2022-02-21 23:51:54,855] {logging_mixin.py:109} INFO - [2022-02-21 23:51:54,854] {dag.py:2396} INFO - Sync 1 DAGs
[2022-02-21 23:51:54,905] {logging_mixin.py:109} INFO - [2022-02-21 23:51:54,904] {dag.py:2935} INFO - Setting next_dagrun for example_branch_dop_operator_v3 to 2022-02-21T23:50:00+00:00
[2022-02-21 23:51:54,946] {processor.py:171} INFO - Processing /home/airflow/.local/lib/python3.7/site-packages/airflow/example_dags/example_branch_python_dop_operator_3.py took 0.312 seconds
[2022-02-21 23:52:25,478] {processor.py:163} INFO - Started process (PID=234) to work on /home/airflow/.local/lib/python3.7/site-packages/airflow/example_dags/example_branch_python_dop_operator_3.py
[2022-02-21 23:52:25,506] {processor.py:642} INFO - Processing file /home/airflow/.local/lib/python3.7/site-packages/airflow/example_dags/example_branch_python_dop_operator_3.py for tasks to queue
[2022-02-21 23:52:25,510] {logging_mixin.py:109} INFO - [2022-02-21 23:52:25,510] {dagbag.py:500} INFO - Filling up the DagBag from /home/airflow/.local/lib/python3.7/site-packages/airflow/example_dags/example_branch_python_dop_operator_3.py
[2022-02-21 23:52:25,593] {processor.py:654} INFO - DAG(s) dict_keys(['example_branch_dop_operator_v3']) retrieved from /home/airflow/.local/lib/python3.7/site-packages/airflow/example_dags/example_branch_python_dop_operator_3.py
[2022-02-21 23:52:25,625] {logging_mixin.py:109} INFO - [2022-02-21 23:52:25,622] {dag.py:2396} INFO - Sync 1 DAGs
[2022-02-21 23:52:25,664] {logging_mixin.py:109} INFO - [2022-02-21 23:52:25,663] {dag.py:2935} INFO - Setting next_dagrun for example_branch_dop_operator_v3 to 2022-02-21T23:51:00+00:00
[2022-02-21 23:52:25,719] {processor.py:171} INFO - Processing /home/airflow/.local/lib/python3.7/site-packages/airflow/example_dags/example_branch_python_dop_operator_3.py took 0.247 seconds
[2022-02-21 23:52:55,949] {processor.py:163} INFO - Started process (PID=286) to work on /home/airflow/.local/lib/python3.7/site-packages/airflow/example_dags/example_branch_python_dop_operator_3.py
[2022-02-21 23:52:55,954] {processor.py:642} INFO - Processing file /home/airflow/.local/lib/python3.7/site-packages/airflow/example_dags/example_branch_python_dop_operator_3.py for tasks to queue
[2022-02-21 23:52:55,959] {logging_mixin.py:109} INFO - [2022-02-21 23:52:55,958] {dagbag.py:500} INFO - Filling up the DagBag from /home/airflow/.local/lib/python3.7/site-packages/airflow/example_dags/example_branch_python_dop_operator_3.py
[2022-02-21 23:52:56,019] {processor.py:654} INFO - DAG(s) dict_keys(['example_branch_dop_operator_v3']) retrieved from /home/airflow/.local/lib/python3.7/site-packages/airflow/example_dags/example_branch_python_dop_operator_3.py
[2022-02-21 23:52:56,084] {logging_mixin.py:109} INFO - [2022-02-21 23:52:56,084] {dag.py:2396} INFO - Sync 1 DAGs
[2022-02-21 23:52:56,133] {logging_mixin.py:109} INFO - [2022-02-21 23:52:56,132] {dag.py:2935} INFO - Setting next_dagrun for example_branch_dop_operator_v3 to 2022-02-21T23:51:00+00:00
[2022-02-21 23:52:56,195] {processor.py:171} INFO - Processing /home/airflow/.local/lib/python3.7/site-packages/airflow/example_dags/example_branch_python_dop_operator_3.py took 0.253 seconds
[2022-02-21 23:53:26,442] {processor.py:163} INFO - Started process (PID=341) to work on /home/airflow/.local/lib/python3.7/site-packages/airflow/example_dags/example_branch_python_dop_operator_3.py
[2022-02-21 23:53:26,448] {processor.py:642} INFO - Processing file /home/airflow/.local/lib/python3.7/site-packages/airflow/example_dags/example_branch_python_dop_operator_3.py for tasks to queue
[2022-02-21 23:53:26,453] {logging_mixin.py:109} INFO - [2022-02-21 23:53:26,453] {dagbag.py:500} INFO - Filling up the DagBag from /home/airflow/.local/lib/python3.7/site-packages/airflow/example_dags/example_branch_python_dop_operator_3.py
[2022-02-21 23:53:26,591] {processor.py:654} INFO - DAG(s) dict_keys(['example_branch_dop_operator_v3']) retrieved from /home/airflow/.local/lib/python3.7/site-packages/airflow/example_dags/example_branch_python_dop_operator_3.py
[2022-02-21 23:53:26,637] {logging_mixin.py:109} INFO - [2022-02-21 23:53:26,637] {dag.py:2396} INFO - Sync 1 DAGs
[2022-02-21 23:53:26,692] {logging_mixin.py:109} INFO - [2022-02-21 23:53:26,692] {dag.py:2935} INFO - Setting next_dagrun for example_branch_dop_operator_v3 to 2022-02-21T23:52:00+00:00
[2022-02-21 23:53:26,714] {processor.py:171} INFO - Processing /home/airflow/.local/lib/python3.7/site-packages/airflow/example_dags/example_branch_python_dop_operator_3.py took 0.291 seconds
[2022-02-21 23:53:57,000] {processor.py:163} INFO - Started process (PID=395) to work on /home/airflow/.local/lib/python3.7/site-packages/airflow/example_dags/example_branch_python_dop_operator_3.py
[2022-02-21 23:53:57,006] {processor.py:642} INFO - Processing file /home/airflow/.local/lib/python3.7/site-packages/airflow/example_dags/example_branch_python_dop_operator_3.py for tasks to queue
[2022-02-21 23:53:57,009] {logging_mixin.py:109} INFO - [2022-02-21 23:53:57,009] {dagbag.py:500} INFO - Filling up the DagBag from /home/airflow/.local/lib/python3.7/site-packages/airflow/example_dags/example_branch_python_dop_operator_3.py
[2022-02-21 23:53:57,109] {processor.py:654} INFO - DAG(s) dict_keys(['example_branch_dop_operator_v3']) retrieved from /home/airflow/.local/lib/python3.7/site-packages/airflow/example_dags/example_branch_python_dop_operator_3.py
[2022-02-21 23:53:57,148] {logging_mixin.py:109} INFO - [2022-02-21 23:53:57,148] {dag.py:2396} INFO - Sync 1 DAGs
[2022-02-21 23:53:57,183] {logging_mixin.py:109} INFO - [2022-02-21 23:53:57,183] {dag.py:2935} INFO - Setting next_dagrun for example_branch_dop_operator_v3 to 2022-02-21T23:52:00+00:00
[2022-02-21 23:53:57,204] {processor.py:171} INFO - Processing /home/airflow/.local/lib/python3.7/site-packages/airflow/example_dags/example_branch_python_dop_operator_3.py took 0.227 seconds
[2022-02-21 23:54:27,784] {processor.py:163} INFO - Started process (PID=448) to work on /home/airflow/.local/lib/python3.7/site-packages/airflow/example_dags/example_branch_python_dop_operator_3.py
[2022-02-21 23:54:27,786] {processor.py:642} INFO - Processing file /home/airflow/.local/lib/python3.7/site-packages/airflow/example_dags/example_branch_python_dop_operator_3.py for tasks to queue
[2022-02-21 23:54:27,788] {logging_mixin.py:109} INFO - [2022-02-21 23:54:27,788] {dagbag.py:500} INFO - Filling up the DagBag from /home/airflow/.local/lib/python3.7/site-packages/airflow/example_dags/example_branch_python_dop_operator_3.py
[2022-02-21 23:54:27,820] {processor.py:654} INFO - DAG(s) dict_keys(['example_branch_dop_operator_v3']) retrieved from /home/airflow/.local/lib/python3.7/site-packages/airflow/example_dags/example_branch_python_dop_operator_3.py
[2022-02-21 23:54:27,831] {logging_mixin.py:109} INFO - [2022-02-21 23:54:27,831] {dag.py:2396} INFO - Sync 1 DAGs
[2022-02-21 23:54:27,849] {logging_mixin.py:109} INFO - [2022-02-21 23:54:27,849] {dag.py:2935} INFO - Setting next_dagrun for example_branch_dop_operator_v3 to 2022-02-21T23:53:00+00:00
[2022-02-21 23:54:27,859] {processor.py:171} INFO - Processing /home/airflow/.local/lib/python3.7/site-packages/airflow/example_dags/example_branch_python_dop_operator_3.py took 0.079 seconds
[2022-02-21 23:54:58,378] {processor.py:163} INFO - Started process (PID=500) to work on /home/airflow/.local/lib/python3.7/site-packages/airflow/example_dags/example_branch_python_dop_operator_3.py
[2022-02-21 23:54:58,382] {processor.py:642} INFO - Processing file /home/airflow/.local/lib/python3.7/site-packages/airflow/example_dags/example_branch_python_dop_operator_3.py for tasks to queue
[2022-02-21 23:54:58,385] {logging_mixin.py:109} INFO - [2022-02-21 23:54:58,385] {dagbag.py:500} INFO - Filling up the DagBag from /home/airflow/.local/lib/python3.7/site-packages/airflow/example_dags/example_branch_python_dop_operator_3.py
[2022-02-21 23:54:58,438] {processor.py:654} INFO - DAG(s) dict_keys(['example_branch_dop_operator_v3']) retrieved from /home/airflow/.local/lib/python3.7/site-packages/airflow/example_dags/example_branch_python_dop_operator_3.py
[2022-02-21 23:54:58,478] {logging_mixin.py:109} INFO - [2022-02-21 23:54:58,478] {dag.py:2396} INFO - Sync 1 DAGs
[2022-02-21 23:54:58,520] {logging_mixin.py:109} INFO - [2022-02-21 23:54:58,520] {dag.py:2935} INFO - Setting next_dagrun for example_branch_dop_operator_v3 to 2022-02-21T23:53:00+00:00
[2022-02-21 23:54:58,540] {processor.py:171} INFO - Processing /home/airflow/.local/lib/python3.7/site-packages/airflow/example_dags/example_branch_python_dop_operator_3.py took 0.171 seconds
[2022-02-21 23:55:29,053] {processor.py:163} INFO - Started process (PID=552) to work on /home/airflow/.local/lib/python3.7/site-packages/airflow/example_dags/example_branch_python_dop_operator_3.py
[2022-02-21 23:55:29,059] {processor.py:642} INFO - Processing file /home/airflow/.local/lib/python3.7/site-packages/airflow/example_dags/example_branch_python_dop_operator_3.py for tasks to queue
[2022-02-21 23:55:29,067] {logging_mixin.py:109} INFO - [2022-02-21 23:55:29,066] {dagbag.py:500} INFO - Filling up the DagBag from /home/airflow/.local/lib/python3.7/site-packages/airflow/example_dags/example_branch_python_dop_operator_3.py
[2022-02-21 23:55:29,233] {processor.py:654} INFO - DAG(s) dict_keys(['example_branch_dop_operator_v3']) retrieved from /home/airflow/.local/lib/python3.7/site-packages/airflow/example_dags/example_branch_python_dop_operator_3.py
[2022-02-21 23:55:29,271] {logging_mixin.py:109} INFO - [2022-02-21 23:55:29,271] {dag.py:2396} INFO - Sync 1 DAGs
[2022-02-21 23:55:29,318] {logging_mixin.py:109} INFO - [2022-02-21 23:55:29,318] {dag.py:2935} INFO - Setting next_dagrun for example_branch_dop_operator_v3 to 2022-02-21T23:54:00+00:00
[2022-02-21 23:55:29,354] {processor.py:171} INFO - Processing /home/airflow/.local/lib/python3.7/site-packages/airflow/example_dags/example_branch_python_dop_operator_3.py took 0.312 seconds
[2022-02-21 23:56:00,268] {processor.py:163} INFO - Started process (PID=607) to work on /home/airflow/.local/lib/python3.7/site-packages/airflow/example_dags/example_branch_python_dop_operator_3.py
[2022-02-21 23:56:00,278] {processor.py:642} INFO - Processing file /home/airflow/.local/lib/python3.7/site-packages/airflow/example_dags/example_branch_python_dop_operator_3.py for tasks to queue
[2022-02-21 23:56:00,292] {logging_mixin.py:109} INFO - [2022-02-21 23:56:00,291] {dagbag.py:500} INFO - Filling up the DagBag from /home/airflow/.local/lib/python3.7/site-packages/airflow/example_dags/example_branch_python_dop_operator_3.py
[2022-02-21 23:56:00,368] {processor.py:654} INFO - DAG(s) dict_keys(['example_branch_dop_operator_v3']) retrieved from /home/airflow/.local/lib/python3.7/site-packages/airflow/example_dags/example_branch_python_dop_operator_3.py
[2022-02-21 23:56:00,392] {logging_mixin.py:109} INFO - [2022-02-21 23:56:00,392] {dag.py:2396} INFO - Sync 1 DAGs
[2022-02-21 23:56:00,463] {logging_mixin.py:109} INFO - [2022-02-21 23:56:00,463] {dag.py:2935} INFO - Setting next_dagrun for example_branch_dop_operator_v3 to 2022-02-21T23:55:00+00:00
[2022-02-21 23:56:00,495] {processor.py:171} INFO - Processing /home/airflow/.local/lib/python3.7/site-packages/airflow/example_dags/example_branch_python_dop_operator_3.py took 0.235 seconds
[2022-02-21 23:56:30,891] {processor.py:163} INFO - Started process (PID=659) to work on /home/airflow/.local/lib/python3.7/site-packages/airflow/example_dags/example_branch_python_dop_operator_3.py
[2022-02-21 23:56:30,910] {processor.py:642} INFO - Processing file /home/airflow/.local/lib/python3.7/site-packages/airflow/example_dags/example_branch_python_dop_operator_3.py for tasks to queue
[2022-02-21 23:56:30,924] {logging_mixin.py:109} INFO - [2022-02-21 23:56:30,919] {dagbag.py:500} INFO - Filling up the DagBag from /home/airflow/.local/lib/python3.7/site-packages/airflow/example_dags/example_branch_python_dop_operator_3.py
[2022-02-21 23:56:31,036] {processor.py:654} INFO - DAG(s) dict_keys(['example_branch_dop_operator_v3']) retrieved from /home/airflow/.local/lib/python3.7/site-packages/airflow/example_dags/example_branch_python_dop_operator_3.py
[2022-02-21 23:56:31,108] {logging_mixin.py:109} INFO - [2022-02-21 23:56:31,108] {dag.py:2396} INFO - Sync 1 DAGs
[2022-02-21 23:56:31,157] {logging_mixin.py:109} INFO - [2022-02-21 23:56:31,156] {dag.py:2935} INFO - Setting next_dagrun for example_branch_dop_operator_v3 to 2022-02-21T23:55:00+00:00
[2022-02-21 23:56:31,189] {processor.py:171} INFO - Processing /home/airflow/.local/lib/python3.7/site-packages/airflow/example_dags/example_branch_python_dop_operator_3.py took 0.311 seconds
[2022-02-21 23:57:01,973] {processor.py:163} INFO - Started process (PID=715) to work on /home/airflow/.local/lib/python3.7/site-packages/airflow/example_dags/example_branch_python_dop_operator_3.py
[2022-02-21 23:57:01,983] {processor.py:642} INFO - Processing file /home/airflow/.local/lib/python3.7/site-packages/airflow/example_dags/example_branch_python_dop_operator_3.py for tasks to queue
[2022-02-21 23:57:01,986] {logging_mixin.py:109} INFO - [2022-02-21 23:57:01,986] {dagbag.py:500} INFO - Filling up the DagBag from /home/airflow/.local/lib/python3.7/site-packages/airflow/example_dags/example_branch_python_dop_operator_3.py
[2022-02-21 23:57:02,159] {processor.py:654} INFO - DAG(s) dict_keys(['example_branch_dop_operator_v3']) retrieved from /home/airflow/.local/lib/python3.7/site-packages/airflow/example_dags/example_branch_python_dop_operator_3.py
[2022-02-21 23:57:02,221] {logging_mixin.py:109} INFO - [2022-02-21 23:57:02,221] {dag.py:2396} INFO - Sync 1 DAGs
[2022-02-21 23:57:02,416] {logging_mixin.py:109} INFO - [2022-02-21 23:57:02,416] {dag.py:2935} INFO - Setting next_dagrun for example_branch_dop_operator_v3 to 2022-02-21T23:56:00+00:00
[2022-02-21 23:57:02,520] {processor.py:171} INFO - Processing /home/airflow/.local/lib/python3.7/site-packages/airflow/example_dags/example_branch_python_dop_operator_3.py took 0.558 seconds
[2022-02-21 23:57:32,887] {processor.py:163} INFO - Started process (PID=770) to work on /home/airflow/.local/lib/python3.7/site-packages/airflow/example_dags/example_branch_python_dop_operator_3.py
[2022-02-21 23:57:32,894] {processor.py:642} INFO - Processing file /home/airflow/.local/lib/python3.7/site-packages/airflow/example_dags/example_branch_python_dop_operator_3.py for tasks to queue
[2022-02-21 23:57:32,896] {logging_mixin.py:109} INFO - [2022-02-21 23:57:32,896] {dagbag.py:500} INFO - Filling up the DagBag from /home/airflow/.local/lib/python3.7/site-packages/airflow/example_dags/example_branch_python_dop_operator_3.py
[2022-02-21 23:57:32,978] {processor.py:654} INFO - DAG(s) dict_keys(['example_branch_dop_operator_v3']) retrieved from /home/airflow/.local/lib/python3.7/site-packages/airflow/example_dags/example_branch_python_dop_operator_3.py
[2022-02-21 23:57:33,001] {logging_mixin.py:109} INFO - [2022-02-21 23:57:33,000] {dag.py:2396} INFO - Sync 1 DAGs
[2022-02-21 23:57:33,060] {logging_mixin.py:109} INFO - [2022-02-21 23:57:33,060] {dag.py:2935} INFO - Setting next_dagrun for example_branch_dop_operator_v3 to 2022-02-21T23:56:00+00:00
[2022-02-21 23:57:33,084] {processor.py:171} INFO - Processing /home/airflow/.local/lib/python3.7/site-packages/airflow/example_dags/example_branch_python_dop_operator_3.py took 0.203 seconds
[2022-02-21 23:58:03,563] {processor.py:163} INFO - Started process (PID=823) to work on /home/airflow/.local/lib/python3.7/site-packages/airflow/example_dags/example_branch_python_dop_operator_3.py
[2022-02-21 23:58:03,580] {processor.py:642} INFO - Processing file /home/airflow/.local/lib/python3.7/site-packages/airflow/example_dags/example_branch_python_dop_operator_3.py for tasks to queue
[2022-02-21 23:58:03,589] {logging_mixin.py:109} INFO - [2022-02-21 23:58:03,584] {dagbag.py:500} INFO - Filling up the DagBag from /home/airflow/.local/lib/python3.7/site-packages/airflow/example_dags/example_branch_python_dop_operator_3.py
[2022-02-21 23:58:03,777] {processor.py:654} INFO - DAG(s) dict_keys(['example_branch_dop_operator_v3']) retrieved from /home/airflow/.local/lib/python3.7/site-packages/airflow/example_dags/example_branch_python_dop_operator_3.py
[2022-02-21 23:58:03,895] {logging_mixin.py:109} INFO - [2022-02-21 23:58:03,895] {dag.py:2396} INFO - Sync 1 DAGs
[2022-02-21 23:58:04,017] {logging_mixin.py:109} INFO - [2022-02-21 23:58:04,016] {dag.py:2935} INFO - Setting next_dagrun for example_branch_dop_operator_v3 to 2022-02-21T23:57:00+00:00
[2022-02-21 23:58:04,062] {processor.py:171} INFO - Processing /home/airflow/.local/lib/python3.7/site-packages/airflow/example_dags/example_branch_python_dop_operator_3.py took 0.526 seconds
[2022-02-21 23:58:34,900] {processor.py:163} INFO - Started process (PID=878) to work on /home/airflow/.local/lib/python3.7/site-packages/airflow/example_dags/example_branch_python_dop_operator_3.py
[2022-02-21 23:58:34,906] {processor.py:642} INFO - Processing file /home/airflow/.local/lib/python3.7/site-packages/airflow/example_dags/example_branch_python_dop_operator_3.py for tasks to queue
[2022-02-21 23:58:34,911] {logging_mixin.py:109} INFO - [2022-02-21 23:58:34,910] {dagbag.py:500} INFO - Filling up the DagBag from /home/airflow/.local/lib/python3.7/site-packages/airflow/example_dags/example_branch_python_dop_operator_3.py
[2022-02-21 23:58:34,959] {processor.py:654} INFO - DAG(s) dict_keys(['example_branch_dop_operator_v3']) retrieved from /home/airflow/.local/lib/python3.7/site-packages/airflow/example_dags/example_branch_python_dop_operator_3.py
[2022-02-21 23:58:34,976] {logging_mixin.py:109} INFO - [2022-02-21 23:58:34,976] {dag.py:2396} INFO - Sync 1 DAGs
[2022-02-21 23:58:35,001] {logging_mixin.py:109} INFO - [2022-02-21 23:58:35,001] {dag.py:2935} INFO - Setting next_dagrun for example_branch_dop_operator_v3 to 2022-02-21T23:57:00+00:00
[2022-02-21 23:58:35,020] {processor.py:171} INFO - Processing /home/airflow/.local/lib/python3.7/site-packages/airflow/example_dags/example_branch_python_dop_operator_3.py took 0.133 seconds
[2022-02-21 23:59:05,490] {processor.py:163} INFO - Started process (PID=931) to work on /home/airflow/.local/lib/python3.7/site-packages/airflow/example_dags/example_branch_python_dop_operator_3.py
[2022-02-21 23:59:05,496] {processor.py:642} INFO - Processing file /home/airflow/.local/lib/python3.7/site-packages/airflow/example_dags/example_branch_python_dop_operator_3.py for tasks to queue
[2022-02-21 23:59:05,521] {logging_mixin.py:109} INFO - [2022-02-21 23:59:05,505] {dagbag.py:500} INFO - Filling up the DagBag from /home/airflow/.local/lib/python3.7/site-packages/airflow/example_dags/example_branch_python_dop_operator_3.py
[2022-02-21 23:59:05,679] {processor.py:654} INFO - DAG(s) dict_keys(['example_branch_dop_operator_v3']) retrieved from /home/airflow/.local/lib/python3.7/site-packages/airflow/example_dags/example_branch_python_dop_operator_3.py
[2022-02-21 23:59:05,750] {logging_mixin.py:109} INFO - [2022-02-21 23:59:05,749] {dag.py:2396} INFO - Sync 1 DAGs
[2022-02-21 23:59:05,813] {logging_mixin.py:109} INFO - [2022-02-21 23:59:05,813] {dag.py:2935} INFO - Setting next_dagrun for example_branch_dop_operator_v3 to 2022-02-21T23:58:00+00:00
[2022-02-21 23:59:05,888] {processor.py:171} INFO - Processing /home/airflow/.local/lib/python3.7/site-packages/airflow/example_dags/example_branch_python_dop_operator_3.py took 0.415 seconds
[2022-02-21 23:59:36,037] {processor.py:163} INFO - Started process (PID=985) to work on /home/airflow/.local/lib/python3.7/site-packages/airflow/example_dags/example_branch_python_dop_operator_3.py
[2022-02-21 23:59:36,041] {processor.py:642} INFO - Processing file /home/airflow/.local/lib/python3.7/site-packages/airflow/example_dags/example_branch_python_dop_operator_3.py for tasks to queue
[2022-02-21 23:59:36,043] {logging_mixin.py:109} INFO - [2022-02-21 23:59:36,042] {dagbag.py:500} INFO - Filling up the DagBag from /home/airflow/.local/lib/python3.7/site-packages/airflow/example_dags/example_branch_python_dop_operator_3.py
[2022-02-21 23:59:36,080] {processor.py:654} INFO - DAG(s) dict_keys(['example_branch_dop_operator_v3']) retrieved from /home/airflow/.local/lib/python3.7/site-packages/airflow/example_dags/example_branch_python_dop_operator_3.py
[2022-02-21 23:59:36,098] {logging_mixin.py:109} INFO - [2022-02-21 23:59:36,098] {dag.py:2396} INFO - Sync 1 DAGs
[2022-02-21 23:59:36,128] {logging_mixin.py:109} INFO - [2022-02-21 23:59:36,128] {dag.py:2935} INFO - Setting next_dagrun for example_branch_dop_operator_v3 to 2022-02-21T23:58:00+00:00
[2022-02-21 23:59:36,145] {processor.py:171} INFO - Processing /home/airflow/.local/lib/python3.7/site-packages/airflow/example_dags/example_branch_python_dop_operator_3.py took 0.116 seconds
