[2022-02-21 23:51:15,747] {processor.py:163} INFO - Started process (PID=136) to work on /home/airflow/.local/lib/python3.7/site-packages/airflow/example_dags/example_xcomargs.py
[2022-02-21 23:51:15,764] {processor.py:642} INFO - Processing file /home/airflow/.local/lib/python3.7/site-packages/airflow/example_dags/example_xcomargs.py for tasks to queue
[2022-02-21 23:51:15,796] {logging_mixin.py:109} INFO - [2022-02-21 23:51:15,786] {dagbag.py:500} INFO - Filling up the DagBag from /home/airflow/.local/lib/python3.7/site-packages/airflow/example_dags/example_xcomargs.py
[2022-02-21 23:51:16,100] {processor.py:654} INFO - DAG(s) dict_keys(['example_xcom_args', 'example_xcom_args_with_operators']) retrieved from /home/airflow/.local/lib/python3.7/site-packages/airflow/example_dags/example_xcomargs.py
[2022-02-21 23:51:22,199] {logging_mixin.py:109} INFO - [2022-02-21 23:51:22,199] {dag.py:2396} INFO - Sync 2 DAGs
[2022-02-21 23:51:22,262] {logging_mixin.py:109} INFO - [2022-02-21 23:51:22,262] {dag.py:2935} INFO - Setting next_dagrun for example_xcom_args to None
[2022-02-21 23:51:22,267] {logging_mixin.py:109} INFO - [2022-02-21 23:51:22,263] {dag.py:2935} INFO - Setting next_dagrun for example_xcom_args_with_operators to None
[2022-02-21 23:51:22,314] {processor.py:171} INFO - Processing /home/airflow/.local/lib/python3.7/site-packages/airflow/example_dags/example_xcomargs.py took 6.616 seconds
[2022-02-21 23:51:51,770] {processor.py:163} INFO - Started process (PID=177) to work on /home/airflow/.local/lib/python3.7/site-packages/airflow/example_dags/example_xcomargs.py
[2022-02-21 23:51:51,784] {processor.py:642} INFO - Processing file /home/airflow/.local/lib/python3.7/site-packages/airflow/example_dags/example_xcomargs.py for tasks to queue
[2022-02-21 23:51:51,793] {logging_mixin.py:109} INFO - [2022-02-21 23:51:51,792] {dagbag.py:500} INFO - Filling up the DagBag from /home/airflow/.local/lib/python3.7/site-packages/airflow/example_dags/example_xcomargs.py
[2022-02-21 23:51:52,046] {processor.py:654} INFO - DAG(s) dict_keys(['example_xcom_args', 'example_xcom_args_with_operators']) retrieved from /home/airflow/.local/lib/python3.7/site-packages/airflow/example_dags/example_xcomargs.py
[2022-02-21 23:51:53,201] {logging_mixin.py:109} INFO - [2022-02-21 23:51:53,198] {dag.py:2396} INFO - Sync 2 DAGs
[2022-02-21 23:51:53,272] {logging_mixin.py:109} INFO - [2022-02-21 23:51:53,271] {dag.py:2935} INFO - Setting next_dagrun for example_xcom_args to None
[2022-02-21 23:51:53,275] {logging_mixin.py:109} INFO - [2022-02-21 23:51:53,275] {dag.py:2935} INFO - Setting next_dagrun for example_xcom_args_with_operators to None
[2022-02-21 23:51:53,339] {processor.py:171} INFO - Processing /home/airflow/.local/lib/python3.7/site-packages/airflow/example_dags/example_xcomargs.py took 1.611 seconds
[2022-02-21 23:52:23,992] {processor.py:163} INFO - Started process (PID=230) to work on /home/airflow/.local/lib/python3.7/site-packages/airflow/example_dags/example_xcomargs.py
[2022-02-21 23:52:24,001] {processor.py:642} INFO - Processing file /home/airflow/.local/lib/python3.7/site-packages/airflow/example_dags/example_xcomargs.py for tasks to queue
[2022-02-21 23:52:24,005] {logging_mixin.py:109} INFO - [2022-02-21 23:52:24,005] {dagbag.py:500} INFO - Filling up the DagBag from /home/airflow/.local/lib/python3.7/site-packages/airflow/example_dags/example_xcomargs.py
[2022-02-21 23:52:24,084] {processor.py:654} INFO - DAG(s) dict_keys(['example_xcom_args', 'example_xcom_args_with_operators']) retrieved from /home/airflow/.local/lib/python3.7/site-packages/airflow/example_dags/example_xcomargs.py
[2022-02-21 23:52:24,492] {logging_mixin.py:109} INFO - [2022-02-21 23:52:24,492] {dag.py:2396} INFO - Sync 2 DAGs
[2022-02-21 23:52:24,514] {logging_mixin.py:109} INFO - [2022-02-21 23:52:24,514] {dag.py:2935} INFO - Setting next_dagrun for example_xcom_args to None
[2022-02-21 23:52:24,516] {logging_mixin.py:109} INFO - [2022-02-21 23:52:24,516] {dag.py:2935} INFO - Setting next_dagrun for example_xcom_args_with_operators to None
[2022-02-21 23:52:24,527] {processor.py:171} INFO - Processing /home/airflow/.local/lib/python3.7/site-packages/airflow/example_dags/example_xcomargs.py took 0.549 seconds
[2022-02-21 23:52:54,826] {processor.py:163} INFO - Started process (PID=284) to work on /home/airflow/.local/lib/python3.7/site-packages/airflow/example_dags/example_xcomargs.py
[2022-02-21 23:52:54,839] {processor.py:642} INFO - Processing file /home/airflow/.local/lib/python3.7/site-packages/airflow/example_dags/example_xcomargs.py for tasks to queue
[2022-02-21 23:52:54,868] {logging_mixin.py:109} INFO - [2022-02-21 23:52:54,868] {dagbag.py:500} INFO - Filling up the DagBag from /home/airflow/.local/lib/python3.7/site-packages/airflow/example_dags/example_xcomargs.py
[2022-02-21 23:52:54,955] {processor.py:654} INFO - DAG(s) dict_keys(['example_xcom_args', 'example_xcom_args_with_operators']) retrieved from /home/airflow/.local/lib/python3.7/site-packages/airflow/example_dags/example_xcomargs.py
[2022-02-21 23:52:55,243] {logging_mixin.py:109} INFO - [2022-02-21 23:52:55,242] {dag.py:2396} INFO - Sync 2 DAGs
[2022-02-21 23:52:55,287] {logging_mixin.py:109} INFO - [2022-02-21 23:52:55,286] {dag.py:2935} INFO - Setting next_dagrun for example_xcom_args to None
[2022-02-21 23:52:55,289] {logging_mixin.py:109} INFO - [2022-02-21 23:52:55,289] {dag.py:2935} INFO - Setting next_dagrun for example_xcom_args_with_operators to None
[2022-02-21 23:52:55,310] {processor.py:171} INFO - Processing /home/airflow/.local/lib/python3.7/site-packages/airflow/example_dags/example_xcomargs.py took 0.513 seconds
[2022-02-21 23:53:25,410] {processor.py:163} INFO - Started process (PID=339) to work on /home/airflow/.local/lib/python3.7/site-packages/airflow/example_dags/example_xcomargs.py
[2022-02-21 23:53:25,417] {processor.py:642} INFO - Processing file /home/airflow/.local/lib/python3.7/site-packages/airflow/example_dags/example_xcomargs.py for tasks to queue
[2022-02-21 23:53:25,428] {logging_mixin.py:109} INFO - [2022-02-21 23:53:25,427] {dagbag.py:500} INFO - Filling up the DagBag from /home/airflow/.local/lib/python3.7/site-packages/airflow/example_dags/example_xcomargs.py
[2022-02-21 23:53:25,627] {processor.py:654} INFO - DAG(s) dict_keys(['example_xcom_args', 'example_xcom_args_with_operators']) retrieved from /home/airflow/.local/lib/python3.7/site-packages/airflow/example_dags/example_xcomargs.py
[2022-02-21 23:53:26,035] {logging_mixin.py:109} INFO - [2022-02-21 23:53:26,034] {dag.py:2396} INFO - Sync 2 DAGs
[2022-02-21 23:53:26,062] {logging_mixin.py:109} INFO - [2022-02-21 23:53:26,062] {dag.py:2935} INFO - Setting next_dagrun for example_xcom_args to None
[2022-02-21 23:53:26,063] {logging_mixin.py:109} INFO - [2022-02-21 23:53:26,063] {dag.py:2935} INFO - Setting next_dagrun for example_xcom_args_with_operators to None
[2022-02-21 23:53:26,079] {processor.py:171} INFO - Processing /home/airflow/.local/lib/python3.7/site-packages/airflow/example_dags/example_xcomargs.py took 0.674 seconds
[2022-02-21 23:53:56,289] {processor.py:163} INFO - Started process (PID=393) to work on /home/airflow/.local/lib/python3.7/site-packages/airflow/example_dags/example_xcomargs.py
[2022-02-21 23:53:56,292] {processor.py:642} INFO - Processing file /home/airflow/.local/lib/python3.7/site-packages/airflow/example_dags/example_xcomargs.py for tasks to queue
[2022-02-21 23:53:56,293] {logging_mixin.py:109} INFO - [2022-02-21 23:53:56,293] {dagbag.py:500} INFO - Filling up the DagBag from /home/airflow/.local/lib/python3.7/site-packages/airflow/example_dags/example_xcomargs.py
[2022-02-21 23:53:56,357] {processor.py:654} INFO - DAG(s) dict_keys(['example_xcom_args', 'example_xcom_args_with_operators']) retrieved from /home/airflow/.local/lib/python3.7/site-packages/airflow/example_dags/example_xcomargs.py
[2022-02-21 23:53:56,775] {logging_mixin.py:109} INFO - [2022-02-21 23:53:56,775] {dag.py:2396} INFO - Sync 2 DAGs
[2022-02-21 23:53:56,826] {logging_mixin.py:109} INFO - [2022-02-21 23:53:56,826] {dag.py:2935} INFO - Setting next_dagrun for example_xcom_args to None
[2022-02-21 23:53:56,830] {logging_mixin.py:109} INFO - [2022-02-21 23:53:56,829] {dag.py:2935} INFO - Setting next_dagrun for example_xcom_args_with_operators to None
[2022-02-21 23:53:56,893] {processor.py:171} INFO - Processing /home/airflow/.local/lib/python3.7/site-packages/airflow/example_dags/example_xcomargs.py took 0.611 seconds
[2022-02-21 23:54:27,624] {processor.py:163} INFO - Started process (PID=446) to work on /home/airflow/.local/lib/python3.7/site-packages/airflow/example_dags/example_xcomargs.py
[2022-02-21 23:54:27,626] {processor.py:642} INFO - Processing file /home/airflow/.local/lib/python3.7/site-packages/airflow/example_dags/example_xcomargs.py for tasks to queue
[2022-02-21 23:54:27,635] {logging_mixin.py:109} INFO - [2022-02-21 23:54:27,630] {dagbag.py:500} INFO - Filling up the DagBag from /home/airflow/.local/lib/python3.7/site-packages/airflow/example_dags/example_xcomargs.py
[2022-02-21 23:54:27,700] {processor.py:654} INFO - DAG(s) dict_keys(['example_xcom_args', 'example_xcom_args_with_operators']) retrieved from /home/airflow/.local/lib/python3.7/site-packages/airflow/example_dags/example_xcomargs.py
[2022-02-21 23:54:28,004] {logging_mixin.py:109} INFO - [2022-02-21 23:54:28,004] {dag.py:2396} INFO - Sync 2 DAGs
[2022-02-21 23:54:28,022] {logging_mixin.py:109} INFO - [2022-02-21 23:54:28,022] {dag.py:2935} INFO - Setting next_dagrun for example_xcom_args to None
[2022-02-21 23:54:28,023] {logging_mixin.py:109} INFO - [2022-02-21 23:54:28,023] {dag.py:2935} INFO - Setting next_dagrun for example_xcom_args_with_operators to None
[2022-02-21 23:54:28,037] {processor.py:171} INFO - Processing /home/airflow/.local/lib/python3.7/site-packages/airflow/example_dags/example_xcomargs.py took 0.420 seconds
[2022-02-21 23:54:58,204] {processor.py:163} INFO - Started process (PID=498) to work on /home/airflow/.local/lib/python3.7/site-packages/airflow/example_dags/example_xcomargs.py
[2022-02-21 23:54:58,211] {processor.py:642} INFO - Processing file /home/airflow/.local/lib/python3.7/site-packages/airflow/example_dags/example_xcomargs.py for tasks to queue
[2022-02-21 23:54:58,217] {logging_mixin.py:109} INFO - [2022-02-21 23:54:58,215] {dagbag.py:500} INFO - Filling up the DagBag from /home/airflow/.local/lib/python3.7/site-packages/airflow/example_dags/example_xcomargs.py
[2022-02-21 23:54:58,347] {processor.py:654} INFO - DAG(s) dict_keys(['example_xcom_args', 'example_xcom_args_with_operators']) retrieved from /home/airflow/.local/lib/python3.7/site-packages/airflow/example_dags/example_xcomargs.py
[2022-02-21 23:54:58,393] {logging_mixin.py:109} INFO - [2022-02-21 23:54:58,393] {dag.py:2396} INFO - Sync 2 DAGs
[2022-02-21 23:54:58,444] {logging_mixin.py:109} INFO - [2022-02-21 23:54:58,444] {dag.py:2935} INFO - Setting next_dagrun for example_xcom_args to None
[2022-02-21 23:54:58,446] {logging_mixin.py:109} INFO - [2022-02-21 23:54:58,446] {dag.py:2935} INFO - Setting next_dagrun for example_xcom_args_with_operators to None
[2022-02-21 23:54:58,483] {processor.py:171} INFO - Processing /home/airflow/.local/lib/python3.7/site-packages/airflow/example_dags/example_xcomargs.py took 0.297 seconds
[2022-02-21 23:55:28,692] {processor.py:163} INFO - Started process (PID=550) to work on /home/airflow/.local/lib/python3.7/site-packages/airflow/example_dags/example_xcomargs.py
[2022-02-21 23:55:28,698] {processor.py:642} INFO - Processing file /home/airflow/.local/lib/python3.7/site-packages/airflow/example_dags/example_xcomargs.py for tasks to queue
[2022-02-21 23:55:28,701] {logging_mixin.py:109} INFO - [2022-02-21 23:55:28,701] {dagbag.py:500} INFO - Filling up the DagBag from /home/airflow/.local/lib/python3.7/site-packages/airflow/example_dags/example_xcomargs.py
[2022-02-21 23:55:28,779] {processor.py:654} INFO - DAG(s) dict_keys(['example_xcom_args', 'example_xcom_args_with_operators']) retrieved from /home/airflow/.local/lib/python3.7/site-packages/airflow/example_dags/example_xcomargs.py
[2022-02-21 23:55:29,298] {logging_mixin.py:109} INFO - [2022-02-21 23:55:29,298] {dag.py:2396} INFO - Sync 2 DAGs
[2022-02-21 23:55:29,318] {logging_mixin.py:109} INFO - [2022-02-21 23:55:29,318] {dag.py:2935} INFO - Setting next_dagrun for example_xcom_args to None
[2022-02-21 23:55:29,322] {logging_mixin.py:109} INFO - [2022-02-21 23:55:29,322] {dag.py:2935} INFO - Setting next_dagrun for example_xcom_args_with_operators to None
[2022-02-21 23:55:29,344] {processor.py:171} INFO - Processing /home/airflow/.local/lib/python3.7/site-packages/airflow/example_dags/example_xcomargs.py took 0.675 seconds
[2022-02-21 23:56:00,285] {processor.py:163} INFO - Started process (PID=606) to work on /home/airflow/.local/lib/python3.7/site-packages/airflow/example_dags/example_xcomargs.py
[2022-02-21 23:56:00,300] {processor.py:642} INFO - Processing file /home/airflow/.local/lib/python3.7/site-packages/airflow/example_dags/example_xcomargs.py for tasks to queue
[2022-02-21 23:56:00,304] {logging_mixin.py:109} INFO - [2022-02-21 23:56:00,303] {dagbag.py:500} INFO - Filling up the DagBag from /home/airflow/.local/lib/python3.7/site-packages/airflow/example_dags/example_xcomargs.py
[2022-02-21 23:56:00,409] {processor.py:654} INFO - DAG(s) dict_keys(['example_xcom_args', 'example_xcom_args_with_operators']) retrieved from /home/airflow/.local/lib/python3.7/site-packages/airflow/example_dags/example_xcomargs.py
[2022-02-21 23:56:00,986] {logging_mixin.py:109} INFO - [2022-02-21 23:56:00,986] {dag.py:2396} INFO - Sync 2 DAGs
[2022-02-21 23:56:01,044] {logging_mixin.py:109} INFO - [2022-02-21 23:56:01,043] {dag.py:2935} INFO - Setting next_dagrun for example_xcom_args to None
[2022-02-21 23:56:01,047] {logging_mixin.py:109} INFO - [2022-02-21 23:56:01,046] {dag.py:2935} INFO - Setting next_dagrun for example_xcom_args_with_operators to None
[2022-02-21 23:56:01,084] {processor.py:171} INFO - Processing /home/airflow/.local/lib/python3.7/site-packages/airflow/example_dags/example_xcomargs.py took 0.805 seconds
[2022-02-21 23:56:31,497] {processor.py:163} INFO - Started process (PID=663) to work on /home/airflow/.local/lib/python3.7/site-packages/airflow/example_dags/example_xcomargs.py
[2022-02-21 23:56:31,500] {processor.py:642} INFO - Processing file /home/airflow/.local/lib/python3.7/site-packages/airflow/example_dags/example_xcomargs.py for tasks to queue
[2022-02-21 23:56:31,501] {logging_mixin.py:109} INFO - [2022-02-21 23:56:31,501] {dagbag.py:500} INFO - Filling up the DagBag from /home/airflow/.local/lib/python3.7/site-packages/airflow/example_dags/example_xcomargs.py
[2022-02-21 23:56:31,568] {processor.py:654} INFO - DAG(s) dict_keys(['example_xcom_args', 'example_xcom_args_with_operators']) retrieved from /home/airflow/.local/lib/python3.7/site-packages/airflow/example_dags/example_xcomargs.py
[2022-02-21 23:56:31,939] {logging_mixin.py:109} INFO - [2022-02-21 23:56:31,938] {dag.py:2396} INFO - Sync 2 DAGs
[2022-02-21 23:56:31,958] {logging_mixin.py:109} INFO - [2022-02-21 23:56:31,958] {dag.py:2935} INFO - Setting next_dagrun for example_xcom_args to None
[2022-02-21 23:56:31,961] {logging_mixin.py:109} INFO - [2022-02-21 23:56:31,961] {dag.py:2935} INFO - Setting next_dagrun for example_xcom_args_with_operators to None
[2022-02-21 23:56:31,986] {processor.py:171} INFO - Processing /home/airflow/.local/lib/python3.7/site-packages/airflow/example_dags/example_xcomargs.py took 0.498 seconds
[2022-02-21 23:57:03,491] {processor.py:163} INFO - Started process (PID=728) to work on /home/airflow/.local/lib/python3.7/site-packages/airflow/example_dags/example_xcomargs.py
[2022-02-21 23:57:03,495] {processor.py:642} INFO - Processing file /home/airflow/.local/lib/python3.7/site-packages/airflow/example_dags/example_xcomargs.py for tasks to queue
[2022-02-21 23:57:03,497] {logging_mixin.py:109} INFO - [2022-02-21 23:57:03,497] {dagbag.py:500} INFO - Filling up the DagBag from /home/airflow/.local/lib/python3.7/site-packages/airflow/example_dags/example_xcomargs.py
[2022-02-21 23:57:03,554] {processor.py:654} INFO - DAG(s) dict_keys(['example_xcom_args', 'example_xcom_args_with_operators']) retrieved from /home/airflow/.local/lib/python3.7/site-packages/airflow/example_dags/example_xcomargs.py
[2022-02-21 23:57:04,289] {logging_mixin.py:109} INFO - [2022-02-21 23:57:04,288] {dag.py:2396} INFO - Sync 2 DAGs
[2022-02-21 23:57:04,674] {logging_mixin.py:109} INFO - [2022-02-21 23:57:04,674] {dag.py:2935} INFO - Setting next_dagrun for example_xcom_args to None
[2022-02-21 23:57:04,679] {logging_mixin.py:109} INFO - [2022-02-21 23:57:04,678] {dag.py:2935} INFO - Setting next_dagrun for example_xcom_args_with_operators to None
[2022-02-21 23:57:04,722] {processor.py:171} INFO - Processing /home/airflow/.local/lib/python3.7/site-packages/airflow/example_dags/example_xcomargs.py took 1.241 seconds
[2022-02-21 23:57:34,959] {processor.py:163} INFO - Started process (PID=775) to work on /home/airflow/.local/lib/python3.7/site-packages/airflow/example_dags/example_xcomargs.py
[2022-02-21 23:57:34,972] {processor.py:642} INFO - Processing file /home/airflow/.local/lib/python3.7/site-packages/airflow/example_dags/example_xcomargs.py for tasks to queue
[2022-02-21 23:57:34,978] {logging_mixin.py:109} INFO - [2022-02-21 23:57:34,978] {dagbag.py:500} INFO - Filling up the DagBag from /home/airflow/.local/lib/python3.7/site-packages/airflow/example_dags/example_xcomargs.py
[2022-02-21 23:57:35,103] {processor.py:654} INFO - DAG(s) dict_keys(['example_xcom_args', 'example_xcom_args_with_operators']) retrieved from /home/airflow/.local/lib/python3.7/site-packages/airflow/example_dags/example_xcomargs.py
[2022-02-21 23:57:35,545] {logging_mixin.py:109} INFO - [2022-02-21 23:57:35,545] {dag.py:2396} INFO - Sync 2 DAGs
[2022-02-21 23:57:35,568] {logging_mixin.py:109} INFO - [2022-02-21 23:57:35,568] {dag.py:2935} INFO - Setting next_dagrun for example_xcom_args to None
[2022-02-21 23:57:35,570] {logging_mixin.py:109} INFO - [2022-02-21 23:57:35,570] {dag.py:2935} INFO - Setting next_dagrun for example_xcom_args_with_operators to None
[2022-02-21 23:57:35,592] {processor.py:171} INFO - Processing /home/airflow/.local/lib/python3.7/site-packages/airflow/example_dags/example_xcomargs.py took 0.661 seconds
[2022-02-21 23:58:06,335] {processor.py:163} INFO - Started process (PID=829) to work on /home/airflow/.local/lib/python3.7/site-packages/airflow/example_dags/example_xcomargs.py
[2022-02-21 23:58:06,348] {processor.py:642} INFO - Processing file /home/airflow/.local/lib/python3.7/site-packages/airflow/example_dags/example_xcomargs.py for tasks to queue
[2022-02-21 23:58:06,377] {logging_mixin.py:109} INFO - [2022-02-21 23:58:06,376] {dagbag.py:500} INFO - Filling up the DagBag from /home/airflow/.local/lib/python3.7/site-packages/airflow/example_dags/example_xcomargs.py
[2022-02-21 23:58:06,590] {processor.py:654} INFO - DAG(s) dict_keys(['example_xcom_args', 'example_xcom_args_with_operators']) retrieved from /home/airflow/.local/lib/python3.7/site-packages/airflow/example_dags/example_xcomargs.py
[2022-02-21 23:58:07,788] {logging_mixin.py:109} INFO - [2022-02-21 23:58:07,788] {dag.py:2396} INFO - Sync 2 DAGs
[2022-02-21 23:58:07,841] {logging_mixin.py:109} INFO - [2022-02-21 23:58:07,841] {dag.py:2935} INFO - Setting next_dagrun for example_xcom_args to None
[2022-02-21 23:58:07,843] {logging_mixin.py:109} INFO - [2022-02-21 23:58:07,843] {dag.py:2935} INFO - Setting next_dagrun for example_xcom_args_with_operators to None
[2022-02-21 23:58:07,868] {processor.py:171} INFO - Processing /home/airflow/.local/lib/python3.7/site-packages/airflow/example_dags/example_xcomargs.py took 1.607 seconds
[2022-02-21 23:58:38,260] {processor.py:163} INFO - Started process (PID=885) to work on /home/airflow/.local/lib/python3.7/site-packages/airflow/example_dags/example_xcomargs.py
[2022-02-21 23:58:38,267] {processor.py:642} INFO - Processing file /home/airflow/.local/lib/python3.7/site-packages/airflow/example_dags/example_xcomargs.py for tasks to queue
[2022-02-21 23:58:38,269] {logging_mixin.py:109} INFO - [2022-02-21 23:58:38,269] {dagbag.py:500} INFO - Filling up the DagBag from /home/airflow/.local/lib/python3.7/site-packages/airflow/example_dags/example_xcomargs.py
[2022-02-21 23:58:38,453] {processor.py:654} INFO - DAG(s) dict_keys(['example_xcom_args', 'example_xcom_args_with_operators']) retrieved from /home/airflow/.local/lib/python3.7/site-packages/airflow/example_dags/example_xcomargs.py
[2022-02-21 23:58:38,981] {logging_mixin.py:109} INFO - [2022-02-21 23:58:38,981] {dag.py:2396} INFO - Sync 2 DAGs
[2022-02-21 23:58:39,009] {logging_mixin.py:109} INFO - [2022-02-21 23:58:39,009] {dag.py:2935} INFO - Setting next_dagrun for example_xcom_args to None
[2022-02-21 23:58:39,010] {logging_mixin.py:109} INFO - [2022-02-21 23:58:39,010] {dag.py:2935} INFO - Setting next_dagrun for example_xcom_args_with_operators to None
[2022-02-21 23:58:39,026] {processor.py:171} INFO - Processing /home/airflow/.local/lib/python3.7/site-packages/airflow/example_dags/example_xcomargs.py took 0.804 seconds
[2022-02-21 23:59:09,202] {processor.py:163} INFO - Started process (PID=946) to work on /home/airflow/.local/lib/python3.7/site-packages/airflow/example_dags/example_xcomargs.py
[2022-02-21 23:59:09,220] {processor.py:642} INFO - Processing file /home/airflow/.local/lib/python3.7/site-packages/airflow/example_dags/example_xcomargs.py for tasks to queue
[2022-02-21 23:59:09,221] {logging_mixin.py:109} INFO - [2022-02-21 23:59:09,221] {dagbag.py:500} INFO - Filling up the DagBag from /home/airflow/.local/lib/python3.7/site-packages/airflow/example_dags/example_xcomargs.py
[2022-02-21 23:59:09,384] {processor.py:654} INFO - DAG(s) dict_keys(['example_xcom_args', 'example_xcom_args_with_operators']) retrieved from /home/airflow/.local/lib/python3.7/site-packages/airflow/example_dags/example_xcomargs.py
[2022-02-21 23:59:09,995] {logging_mixin.py:109} INFO - [2022-02-21 23:59:09,995] {dag.py:2396} INFO - Sync 2 DAGs
[2022-02-21 23:59:10,029] {logging_mixin.py:109} INFO - [2022-02-21 23:59:10,029] {dag.py:2935} INFO - Setting next_dagrun for example_xcom_args to None
[2022-02-21 23:59:10,032] {logging_mixin.py:109} INFO - [2022-02-21 23:59:10,031] {dag.py:2935} INFO - Setting next_dagrun for example_xcom_args_with_operators to None
[2022-02-21 23:59:10,049] {processor.py:171} INFO - Processing /home/airflow/.local/lib/python3.7/site-packages/airflow/example_dags/example_xcomargs.py took 0.864 seconds
[2022-02-21 23:59:40,274] {processor.py:163} INFO - Started process (PID=1002) to work on /home/airflow/.local/lib/python3.7/site-packages/airflow/example_dags/example_xcomargs.py
[2022-02-21 23:59:40,288] {processor.py:642} INFO - Processing file /home/airflow/.local/lib/python3.7/site-packages/airflow/example_dags/example_xcomargs.py for tasks to queue
[2022-02-21 23:59:40,290] {logging_mixin.py:109} INFO - [2022-02-21 23:59:40,290] {dagbag.py:500} INFO - Filling up the DagBag from /home/airflow/.local/lib/python3.7/site-packages/airflow/example_dags/example_xcomargs.py
[2022-02-21 23:59:40,367] {processor.py:654} INFO - DAG(s) dict_keys(['example_xcom_args', 'example_xcom_args_with_operators']) retrieved from /home/airflow/.local/lib/python3.7/site-packages/airflow/example_dags/example_xcomargs.py
[2022-02-21 23:59:40,766] {logging_mixin.py:109} INFO - [2022-02-21 23:59:40,766] {dag.py:2396} INFO - Sync 2 DAGs
[2022-02-21 23:59:40,818] {logging_mixin.py:109} INFO - [2022-02-21 23:59:40,818] {dag.py:2935} INFO - Setting next_dagrun for example_xcom_args to None
[2022-02-21 23:59:40,821] {logging_mixin.py:109} INFO - [2022-02-21 23:59:40,821] {dag.py:2935} INFO - Setting next_dagrun for example_xcom_args_with_operators to None
[2022-02-21 23:59:40,910] {processor.py:171} INFO - Processing /home/airflow/.local/lib/python3.7/site-packages/airflow/example_dags/example_xcomargs.py took 0.656 seconds
