[2022-02-21 23:51:57,060] {processor.py:163} INFO - Started process (PID=188) to work on /home/airflow/.local/lib/python3.7/site-packages/airflow/example_dags/example_task_group_decorator.py
[2022-02-21 23:51:57,062] {processor.py:642} INFO - Processing file /home/airflow/.local/lib/python3.7/site-packages/airflow/example_dags/example_task_group_decorator.py for tasks to queue
[2022-02-21 23:51:57,064] {logging_mixin.py:109} INFO - [2022-02-21 23:51:57,064] {dagbag.py:500} INFO - Filling up the DagBag from /home/airflow/.local/lib/python3.7/site-packages/airflow/example_dags/example_task_group_decorator.py
[2022-02-21 23:51:57,170] {processor.py:654} INFO - DAG(s) dict_keys(['example_task_group_decorator']) retrieved from /home/airflow/.local/lib/python3.7/site-packages/airflow/example_dags/example_task_group_decorator.py
[2022-02-21 23:51:57,857] {logging_mixin.py:109} INFO - [2022-02-21 23:51:57,855] {dag.py:2396} INFO - Sync 1 DAGs
[2022-02-21 23:51:57,925] {logging_mixin.py:109} INFO - [2022-02-21 23:51:57,925] {dag.py:2935} INFO - Setting next_dagrun for example_task_group_decorator to 2022-02-20T23:51:57.924326+00:00
[2022-02-21 23:51:57,999] {processor.py:171} INFO - Processing /home/airflow/.local/lib/python3.7/site-packages/airflow/example_dags/example_task_group_decorator.py took 0.943 seconds
[2022-02-21 23:52:28,398] {processor.py:163} INFO - Started process (PID=242) to work on /home/airflow/.local/lib/python3.7/site-packages/airflow/example_dags/example_task_group_decorator.py
[2022-02-21 23:52:28,403] {processor.py:642} INFO - Processing file /home/airflow/.local/lib/python3.7/site-packages/airflow/example_dags/example_task_group_decorator.py for tasks to queue
[2022-02-21 23:52:28,404] {logging_mixin.py:109} INFO - [2022-02-21 23:52:28,404] {dagbag.py:500} INFO - Filling up the DagBag from /home/airflow/.local/lib/python3.7/site-packages/airflow/example_dags/example_task_group_decorator.py
[2022-02-21 23:52:28,546] {processor.py:654} INFO - DAG(s) dict_keys(['example_task_group_decorator']) retrieved from /home/airflow/.local/lib/python3.7/site-packages/airflow/example_dags/example_task_group_decorator.py
[2022-02-21 23:52:28,924] {logging_mixin.py:109} INFO - [2022-02-21 23:52:28,924] {dag.py:2396} INFO - Sync 1 DAGs
[2022-02-21 23:52:28,945] {logging_mixin.py:109} INFO - [2022-02-21 23:52:28,944] {dag.py:2935} INFO - Setting next_dagrun for example_task_group_decorator to 2022-02-20T23:52:28.944611+00:00
[2022-02-21 23:52:28,960] {processor.py:171} INFO - Processing /home/airflow/.local/lib/python3.7/site-packages/airflow/example_dags/example_task_group_decorator.py took 0.566 seconds
[2022-02-21 23:52:59,385] {processor.py:163} INFO - Started process (PID=294) to work on /home/airflow/.local/lib/python3.7/site-packages/airflow/example_dags/example_task_group_decorator.py
[2022-02-21 23:52:59,398] {processor.py:642} INFO - Processing file /home/airflow/.local/lib/python3.7/site-packages/airflow/example_dags/example_task_group_decorator.py for tasks to queue
[2022-02-21 23:52:59,413] {logging_mixin.py:109} INFO - [2022-02-21 23:52:59,413] {dagbag.py:500} INFO - Filling up the DagBag from /home/airflow/.local/lib/python3.7/site-packages/airflow/example_dags/example_task_group_decorator.py
[2022-02-21 23:52:59,642] {processor.py:654} INFO - DAG(s) dict_keys(['example_task_group_decorator']) retrieved from /home/airflow/.local/lib/python3.7/site-packages/airflow/example_dags/example_task_group_decorator.py
[2022-02-21 23:53:00,397] {logging_mixin.py:109} INFO - [2022-02-21 23:53:00,397] {dag.py:2396} INFO - Sync 1 DAGs
[2022-02-21 23:53:00,493] {logging_mixin.py:109} INFO - [2022-02-21 23:53:00,493] {dag.py:2935} INFO - Setting next_dagrun for example_task_group_decorator to 2022-02-20T23:53:00.493309+00:00
[2022-02-21 23:53:00,527] {processor.py:171} INFO - Processing /home/airflow/.local/lib/python3.7/site-packages/airflow/example_dags/example_task_group_decorator.py took 1.170 seconds
[2022-02-21 23:53:31,536] {processor.py:163} INFO - Started process (PID=353) to work on /home/airflow/.local/lib/python3.7/site-packages/airflow/example_dags/example_task_group_decorator.py
[2022-02-21 23:53:31,542] {processor.py:642} INFO - Processing file /home/airflow/.local/lib/python3.7/site-packages/airflow/example_dags/example_task_group_decorator.py for tasks to queue
[2022-02-21 23:53:31,546] {logging_mixin.py:109} INFO - [2022-02-21 23:53:31,545] {dagbag.py:500} INFO - Filling up the DagBag from /home/airflow/.local/lib/python3.7/site-packages/airflow/example_dags/example_task_group_decorator.py
[2022-02-21 23:53:31,689] {processor.py:654} INFO - DAG(s) dict_keys(['example_task_group_decorator']) retrieved from /home/airflow/.local/lib/python3.7/site-packages/airflow/example_dags/example_task_group_decorator.py
[2022-02-21 23:53:32,103] {logging_mixin.py:109} INFO - [2022-02-21 23:53:32,103] {dag.py:2396} INFO - Sync 1 DAGs
[2022-02-21 23:53:32,127] {logging_mixin.py:109} INFO - [2022-02-21 23:53:32,127] {dag.py:2935} INFO - Setting next_dagrun for example_task_group_decorator to 2022-02-20T23:53:32.127072+00:00
[2022-02-21 23:53:32,147] {processor.py:171} INFO - Processing /home/airflow/.local/lib/python3.7/site-packages/airflow/example_dags/example_task_group_decorator.py took 0.624 seconds
[2022-02-21 23:54:03,180] {processor.py:163} INFO - Started process (PID=418) to work on /home/airflow/.local/lib/python3.7/site-packages/airflow/example_dags/example_task_group_decorator.py
[2022-02-21 23:54:03,187] {processor.py:642} INFO - Processing file /home/airflow/.local/lib/python3.7/site-packages/airflow/example_dags/example_task_group_decorator.py for tasks to queue
[2022-02-21 23:54:03,196] {logging_mixin.py:109} INFO - [2022-02-21 23:54:03,196] {dagbag.py:500} INFO - Filling up the DagBag from /home/airflow/.local/lib/python3.7/site-packages/airflow/example_dags/example_task_group_decorator.py
[2022-02-21 23:54:03,420] {processor.py:654} INFO - DAG(s) dict_keys(['example_task_group_decorator']) retrieved from /home/airflow/.local/lib/python3.7/site-packages/airflow/example_dags/example_task_group_decorator.py
[2022-02-21 23:54:04,254] {logging_mixin.py:109} INFO - [2022-02-21 23:54:04,253] {dag.py:2396} INFO - Sync 1 DAGs
[2022-02-21 23:54:04,359] {logging_mixin.py:109} INFO - [2022-02-21 23:54:04,359] {dag.py:2935} INFO - Setting next_dagrun for example_task_group_decorator to 2022-02-20T23:54:04.358765+00:00
[2022-02-21 23:54:04,444] {processor.py:171} INFO - Processing /home/airflow/.local/lib/python3.7/site-packages/airflow/example_dags/example_task_group_decorator.py took 1.279 seconds
[2022-02-21 23:54:35,084] {processor.py:163} INFO - Started process (PID=470) to work on /home/airflow/.local/lib/python3.7/site-packages/airflow/example_dags/example_task_group_decorator.py
[2022-02-21 23:54:35,118] {processor.py:642} INFO - Processing file /home/airflow/.local/lib/python3.7/site-packages/airflow/example_dags/example_task_group_decorator.py for tasks to queue
[2022-02-21 23:54:35,131] {logging_mixin.py:109} INFO - [2022-02-21 23:54:35,129] {dagbag.py:500} INFO - Filling up the DagBag from /home/airflow/.local/lib/python3.7/site-packages/airflow/example_dags/example_task_group_decorator.py
[2022-02-21 23:54:35,219] {processor.py:654} INFO - DAG(s) dict_keys(['example_task_group_decorator']) retrieved from /home/airflow/.local/lib/python3.7/site-packages/airflow/example_dags/example_task_group_decorator.py
[2022-02-21 23:54:35,694] {logging_mixin.py:109} INFO - [2022-02-21 23:54:35,694] {dag.py:2396} INFO - Sync 1 DAGs
[2022-02-21 23:54:35,730] {logging_mixin.py:109} INFO - [2022-02-21 23:54:35,729] {dag.py:2935} INFO - Setting next_dagrun for example_task_group_decorator to 2022-02-20T23:54:35.729259+00:00
[2022-02-21 23:54:35,776] {processor.py:171} INFO - Processing /home/airflow/.local/lib/python3.7/site-packages/airflow/example_dags/example_task_group_decorator.py took 0.712 seconds
[2022-02-21 23:55:06,117] {processor.py:163} INFO - Started process (PID=522) to work on /home/airflow/.local/lib/python3.7/site-packages/airflow/example_dags/example_task_group_decorator.py
[2022-02-21 23:55:06,131] {processor.py:642} INFO - Processing file /home/airflow/.local/lib/python3.7/site-packages/airflow/example_dags/example_task_group_decorator.py for tasks to queue
[2022-02-21 23:55:06,152] {logging_mixin.py:109} INFO - [2022-02-21 23:55:06,151] {dagbag.py:500} INFO - Filling up the DagBag from /home/airflow/.local/lib/python3.7/site-packages/airflow/example_dags/example_task_group_decorator.py
[2022-02-21 23:55:06,502] {processor.py:654} INFO - DAG(s) dict_keys(['example_task_group_decorator']) retrieved from /home/airflow/.local/lib/python3.7/site-packages/airflow/example_dags/example_task_group_decorator.py
[2022-02-21 23:55:07,389] {logging_mixin.py:109} INFO - [2022-02-21 23:55:07,389] {dag.py:2396} INFO - Sync 1 DAGs
[2022-02-21 23:55:07,429] {logging_mixin.py:109} INFO - [2022-02-21 23:55:07,429] {dag.py:2935} INFO - Setting next_dagrun for example_task_group_decorator to 2022-02-20T23:55:07.428678+00:00
[2022-02-21 23:55:07,461] {processor.py:171} INFO - Processing /home/airflow/.local/lib/python3.7/site-packages/airflow/example_dags/example_task_group_decorator.py took 1.372 seconds
[2022-02-21 23:55:37,654] {processor.py:163} INFO - Started process (PID=575) to work on /home/airflow/.local/lib/python3.7/site-packages/airflow/example_dags/example_task_group_decorator.py
[2022-02-21 23:55:37,658] {processor.py:642} INFO - Processing file /home/airflow/.local/lib/python3.7/site-packages/airflow/example_dags/example_task_group_decorator.py for tasks to queue
[2022-02-21 23:55:37,664] {logging_mixin.py:109} INFO - [2022-02-21 23:55:37,663] {dagbag.py:500} INFO - Filling up the DagBag from /home/airflow/.local/lib/python3.7/site-packages/airflow/example_dags/example_task_group_decorator.py
[2022-02-21 23:55:37,738] {processor.py:654} INFO - DAG(s) dict_keys(['example_task_group_decorator']) retrieved from /home/airflow/.local/lib/python3.7/site-packages/airflow/example_dags/example_task_group_decorator.py
[2022-02-21 23:55:38,090] {logging_mixin.py:109} INFO - [2022-02-21 23:55:38,089] {dag.py:2396} INFO - Sync 1 DAGs
[2022-02-21 23:55:38,112] {logging_mixin.py:109} INFO - [2022-02-21 23:55:38,111] {dag.py:2935} INFO - Setting next_dagrun for example_task_group_decorator to 2022-02-20T23:55:38.111553+00:00
[2022-02-21 23:55:38,136] {processor.py:171} INFO - Processing /home/airflow/.local/lib/python3.7/site-packages/airflow/example_dags/example_task_group_decorator.py took 0.495 seconds
[2022-02-21 23:56:08,923] {processor.py:163} INFO - Started process (PID=629) to work on /home/airflow/.local/lib/python3.7/site-packages/airflow/example_dags/example_task_group_decorator.py
[2022-02-21 23:56:08,927] {processor.py:642} INFO - Processing file /home/airflow/.local/lib/python3.7/site-packages/airflow/example_dags/example_task_group_decorator.py for tasks to queue
[2022-02-21 23:56:08,931] {logging_mixin.py:109} INFO - [2022-02-21 23:56:08,931] {dagbag.py:500} INFO - Filling up the DagBag from /home/airflow/.local/lib/python3.7/site-packages/airflow/example_dags/example_task_group_decorator.py
[2022-02-21 23:56:09,014] {processor.py:654} INFO - DAG(s) dict_keys(['example_task_group_decorator']) retrieved from /home/airflow/.local/lib/python3.7/site-packages/airflow/example_dags/example_task_group_decorator.py
[2022-02-21 23:56:09,399] {logging_mixin.py:109} INFO - [2022-02-21 23:56:09,399] {dag.py:2396} INFO - Sync 1 DAGs
[2022-02-21 23:56:09,425] {logging_mixin.py:109} INFO - [2022-02-21 23:56:09,425] {dag.py:2935} INFO - Setting next_dagrun for example_task_group_decorator to 2022-02-20T23:56:09.424759+00:00
[2022-02-21 23:56:09,456] {processor.py:171} INFO - Processing /home/airflow/.local/lib/python3.7/site-packages/airflow/example_dags/example_task_group_decorator.py took 0.545 seconds
[2022-02-21 23:56:39,780] {processor.py:163} INFO - Started process (PID=684) to work on /home/airflow/.local/lib/python3.7/site-packages/airflow/example_dags/example_task_group_decorator.py
[2022-02-21 23:56:39,786] {processor.py:642} INFO - Processing file /home/airflow/.local/lib/python3.7/site-packages/airflow/example_dags/example_task_group_decorator.py for tasks to queue
[2022-02-21 23:56:39,825] {logging_mixin.py:109} INFO - [2022-02-21 23:56:39,825] {dagbag.py:500} INFO - Filling up the DagBag from /home/airflow/.local/lib/python3.7/site-packages/airflow/example_dags/example_task_group_decorator.py
[2022-02-21 23:56:39,941] {processor.py:654} INFO - DAG(s) dict_keys(['example_task_group_decorator']) retrieved from /home/airflow/.local/lib/python3.7/site-packages/airflow/example_dags/example_task_group_decorator.py
[2022-02-21 23:56:40,475] {logging_mixin.py:109} INFO - [2022-02-21 23:56:40,475] {dag.py:2396} INFO - Sync 1 DAGs
[2022-02-21 23:56:40,497] {logging_mixin.py:109} INFO - [2022-02-21 23:56:40,496] {dag.py:2935} INFO - Setting next_dagrun for example_task_group_decorator to 2022-02-20T23:56:40.496662+00:00
[2022-02-21 23:56:40,537] {processor.py:171} INFO - Processing /home/airflow/.local/lib/python3.7/site-packages/airflow/example_dags/example_task_group_decorator.py took 0.766 seconds
[2022-02-21 23:57:10,745] {processor.py:163} INFO - Started process (PID=738) to work on /home/airflow/.local/lib/python3.7/site-packages/airflow/example_dags/example_task_group_decorator.py
[2022-02-21 23:57:10,748] {processor.py:642} INFO - Processing file /home/airflow/.local/lib/python3.7/site-packages/airflow/example_dags/example_task_group_decorator.py for tasks to queue
[2022-02-21 23:57:10,750] {logging_mixin.py:109} INFO - [2022-02-21 23:57:10,750] {dagbag.py:500} INFO - Filling up the DagBag from /home/airflow/.local/lib/python3.7/site-packages/airflow/example_dags/example_task_group_decorator.py
[2022-02-21 23:57:10,820] {processor.py:654} INFO - DAG(s) dict_keys(['example_task_group_decorator']) retrieved from /home/airflow/.local/lib/python3.7/site-packages/airflow/example_dags/example_task_group_decorator.py
[2022-02-21 23:57:11,117] {logging_mixin.py:109} INFO - [2022-02-21 23:57:11,117] {dag.py:2396} INFO - Sync 1 DAGs
[2022-02-21 23:57:11,143] {logging_mixin.py:109} INFO - [2022-02-21 23:57:11,143] {dag.py:2935} INFO - Setting next_dagrun for example_task_group_decorator to 2022-02-20T23:57:11.142340+00:00
[2022-02-21 23:57:11,159] {processor.py:171} INFO - Processing /home/airflow/.local/lib/python3.7/site-packages/airflow/example_dags/example_task_group_decorator.py took 0.423 seconds
[2022-02-21 23:57:41,497] {processor.py:163} INFO - Started process (PID=792) to work on /home/airflow/.local/lib/python3.7/site-packages/airflow/example_dags/example_task_group_decorator.py
[2022-02-21 23:57:41,501] {processor.py:642} INFO - Processing file /home/airflow/.local/lib/python3.7/site-packages/airflow/example_dags/example_task_group_decorator.py for tasks to queue
[2022-02-21 23:57:41,505] {logging_mixin.py:109} INFO - [2022-02-21 23:57:41,504] {dagbag.py:500} INFO - Filling up the DagBag from /home/airflow/.local/lib/python3.7/site-packages/airflow/example_dags/example_task_group_decorator.py
[2022-02-21 23:57:41,698] {processor.py:654} INFO - DAG(s) dict_keys(['example_task_group_decorator']) retrieved from /home/airflow/.local/lib/python3.7/site-packages/airflow/example_dags/example_task_group_decorator.py
[2022-02-21 23:57:42,165] {logging_mixin.py:109} INFO - [2022-02-21 23:57:42,165] {dag.py:2396} INFO - Sync 1 DAGs
[2022-02-21 23:57:42,218] {logging_mixin.py:109} INFO - [2022-02-21 23:57:42,218] {dag.py:2935} INFO - Setting next_dagrun for example_task_group_decorator to 2022-02-20T23:57:42.217696+00:00
[2022-02-21 23:57:42,259] {processor.py:171} INFO - Processing /home/airflow/.local/lib/python3.7/site-packages/airflow/example_dags/example_task_group_decorator.py took 0.776 seconds
[2022-02-21 23:58:12,498] {processor.py:163} INFO - Started process (PID=847) to work on /home/airflow/.local/lib/python3.7/site-packages/airflow/example_dags/example_task_group_decorator.py
[2022-02-21 23:58:12,502] {processor.py:642} INFO - Processing file /home/airflow/.local/lib/python3.7/site-packages/airflow/example_dags/example_task_group_decorator.py for tasks to queue
[2022-02-21 23:58:12,517] {logging_mixin.py:109} INFO - [2022-02-21 23:58:12,517] {dagbag.py:500} INFO - Filling up the DagBag from /home/airflow/.local/lib/python3.7/site-packages/airflow/example_dags/example_task_group_decorator.py
[2022-02-21 23:58:12,644] {processor.py:654} INFO - DAG(s) dict_keys(['example_task_group_decorator']) retrieved from /home/airflow/.local/lib/python3.7/site-packages/airflow/example_dags/example_task_group_decorator.py
[2022-02-21 23:58:13,344] {logging_mixin.py:109} INFO - [2022-02-21 23:58:13,343] {dag.py:2396} INFO - Sync 1 DAGs
[2022-02-21 23:58:13,366] {logging_mixin.py:109} INFO - [2022-02-21 23:58:13,366] {dag.py:2935} INFO - Setting next_dagrun for example_task_group_decorator to 2022-02-20T23:58:13.365920+00:00
[2022-02-21 23:58:13,394] {processor.py:171} INFO - Processing /home/airflow/.local/lib/python3.7/site-packages/airflow/example_dags/example_task_group_decorator.py took 0.922 seconds
[2022-02-21 23:58:44,328] {processor.py:163} INFO - Started process (PID=902) to work on /home/airflow/.local/lib/python3.7/site-packages/airflow/example_dags/example_task_group_decorator.py
[2022-02-21 23:58:44,330] {processor.py:642} INFO - Processing file /home/airflow/.local/lib/python3.7/site-packages/airflow/example_dags/example_task_group_decorator.py for tasks to queue
[2022-02-21 23:58:44,332] {logging_mixin.py:109} INFO - [2022-02-21 23:58:44,332] {dagbag.py:500} INFO - Filling up the DagBag from /home/airflow/.local/lib/python3.7/site-packages/airflow/example_dags/example_task_group_decorator.py
[2022-02-21 23:58:44,440] {processor.py:654} INFO - DAG(s) dict_keys(['example_task_group_decorator']) retrieved from /home/airflow/.local/lib/python3.7/site-packages/airflow/example_dags/example_task_group_decorator.py
[2022-02-21 23:58:45,041] {logging_mixin.py:109} INFO - [2022-02-21 23:58:45,041] {dag.py:2396} INFO - Sync 1 DAGs
[2022-02-21 23:58:45,079] {logging_mixin.py:109} INFO - [2022-02-21 23:58:45,079] {dag.py:2935} INFO - Setting next_dagrun for example_task_group_decorator to 2022-02-20T23:58:45.078506+00:00
[2022-02-21 23:58:45,101] {processor.py:171} INFO - Processing /home/airflow/.local/lib/python3.7/site-packages/airflow/example_dags/example_task_group_decorator.py took 0.777 seconds
[2022-02-21 23:59:15,730] {processor.py:163} INFO - Started process (PID=954) to work on /home/airflow/.local/lib/python3.7/site-packages/airflow/example_dags/example_task_group_decorator.py
[2022-02-21 23:59:15,740] {processor.py:642} INFO - Processing file /home/airflow/.local/lib/python3.7/site-packages/airflow/example_dags/example_task_group_decorator.py for tasks to queue
[2022-02-21 23:59:15,744] {logging_mixin.py:109} INFO - [2022-02-21 23:59:15,743] {dagbag.py:500} INFO - Filling up the DagBag from /home/airflow/.local/lib/python3.7/site-packages/airflow/example_dags/example_task_group_decorator.py
[2022-02-21 23:59:15,813] {processor.py:654} INFO - DAG(s) dict_keys(['example_task_group_decorator']) retrieved from /home/airflow/.local/lib/python3.7/site-packages/airflow/example_dags/example_task_group_decorator.py
[2022-02-21 23:59:16,162] {logging_mixin.py:109} INFO - [2022-02-21 23:59:16,162] {dag.py:2396} INFO - Sync 1 DAGs
[2022-02-21 23:59:16,279] {logging_mixin.py:109} INFO - [2022-02-21 23:59:16,279] {dag.py:2935} INFO - Setting next_dagrun for example_task_group_decorator to 2022-02-20T23:59:16.278558+00:00
[2022-02-21 23:59:16,353] {processor.py:171} INFO - Processing /home/airflow/.local/lib/python3.7/site-packages/airflow/example_dags/example_task_group_decorator.py took 0.637 seconds
[2022-02-21 23:59:46,421] {processor.py:163} INFO - Started process (PID=1007) to work on /home/airflow/.local/lib/python3.7/site-packages/airflow/example_dags/example_task_group_decorator.py
[2022-02-21 23:59:46,424] {processor.py:642} INFO - Processing file /home/airflow/.local/lib/python3.7/site-packages/airflow/example_dags/example_task_group_decorator.py for tasks to queue
[2022-02-21 23:59:46,426] {logging_mixin.py:109} INFO - [2022-02-21 23:59:46,426] {dagbag.py:500} INFO - Filling up the DagBag from /home/airflow/.local/lib/python3.7/site-packages/airflow/example_dags/example_task_group_decorator.py
[2022-02-21 23:59:46,485] {processor.py:654} INFO - DAG(s) dict_keys(['example_task_group_decorator']) retrieved from /home/airflow/.local/lib/python3.7/site-packages/airflow/example_dags/example_task_group_decorator.py
[2022-02-21 23:59:46,736] {logging_mixin.py:109} INFO - [2022-02-21 23:59:46,736] {dag.py:2396} INFO - Sync 1 DAGs
[2022-02-21 23:59:46,762] {logging_mixin.py:109} INFO - [2022-02-21 23:59:46,762] {dag.py:2935} INFO - Setting next_dagrun for example_task_group_decorator to 2022-02-20T23:59:46.761736+00:00
[2022-02-21 23:59:46,787] {processor.py:171} INFO - Processing /home/airflow/.local/lib/python3.7/site-packages/airflow/example_dags/example_task_group_decorator.py took 0.370 seconds
