[2022-02-21 23:50:51,784] {processor.py:163} INFO - Started process (PID=113) to work on /home/airflow/.local/lib/python3.7/site-packages/airflow/example_dags/example_trigger_target_dag.py
[2022-02-21 23:50:51,824] {processor.py:642} INFO - Processing file /home/airflow/.local/lib/python3.7/site-packages/airflow/example_dags/example_trigger_target_dag.py for tasks to queue
[2022-02-21 23:50:51,852] {logging_mixin.py:109} INFO - [2022-02-21 23:50:51,851] {dagbag.py:500} INFO - Filling up the DagBag from /home/airflow/.local/lib/python3.7/site-packages/airflow/example_dags/example_trigger_target_dag.py
[2022-02-21 23:50:53,202] {processor.py:654} INFO - DAG(s) dict_keys(['example_trigger_target_dag']) retrieved from /home/airflow/.local/lib/python3.7/site-packages/airflow/example_dags/example_trigger_target_dag.py
[2022-02-21 23:50:53,438] {logging_mixin.py:109} INFO - [2022-02-21 23:50:53,438] {dag.py:2396} INFO - Sync 1 DAGs
[2022-02-21 23:50:53,724] {logging_mixin.py:109} INFO - [2022-02-21 23:50:53,724] {dag.py:2935} INFO - Setting next_dagrun for example_trigger_target_dag to None
[2022-02-21 23:50:53,858] {processor.py:171} INFO - Processing /home/airflow/.local/lib/python3.7/site-packages/airflow/example_dags/example_trigger_target_dag.py took 2.164 seconds
[2022-02-21 23:51:38,555] {processor.py:163} INFO - Started process (PID=156) to work on /home/airflow/.local/lib/python3.7/site-packages/airflow/example_dags/example_trigger_target_dag.py
[2022-02-21 23:51:38,567] {processor.py:642} INFO - Processing file /home/airflow/.local/lib/python3.7/site-packages/airflow/example_dags/example_trigger_target_dag.py for tasks to queue
[2022-02-21 23:51:38,573] {logging_mixin.py:109} INFO - [2022-02-21 23:51:38,572] {dagbag.py:500} INFO - Filling up the DagBag from /home/airflow/.local/lib/python3.7/site-packages/airflow/example_dags/example_trigger_target_dag.py
[2022-02-21 23:51:38,753] {processor.py:654} INFO - DAG(s) dict_keys(['example_trigger_target_dag']) retrieved from /home/airflow/.local/lib/python3.7/site-packages/airflow/example_dags/example_trigger_target_dag.py
[2022-02-21 23:51:38,870] {logging_mixin.py:109} INFO - [2022-02-21 23:51:38,869] {dag.py:2396} INFO - Sync 1 DAGs
[2022-02-21 23:51:39,141] {logging_mixin.py:109} INFO - [2022-02-21 23:51:39,141] {dag.py:2935} INFO - Setting next_dagrun for example_trigger_target_dag to None
[2022-02-21 23:51:39,327] {processor.py:171} INFO - Processing /home/airflow/.local/lib/python3.7/site-packages/airflow/example_dags/example_trigger_target_dag.py took 0.826 seconds
[2022-02-21 23:52:09,919] {processor.py:163} INFO - Started process (PID=209) to work on /home/airflow/.local/lib/python3.7/site-packages/airflow/example_dags/example_trigger_target_dag.py
[2022-02-21 23:52:09,922] {processor.py:642} INFO - Processing file /home/airflow/.local/lib/python3.7/site-packages/airflow/example_dags/example_trigger_target_dag.py for tasks to queue
[2022-02-21 23:52:09,924] {logging_mixin.py:109} INFO - [2022-02-21 23:52:09,924] {dagbag.py:500} INFO - Filling up the DagBag from /home/airflow/.local/lib/python3.7/site-packages/airflow/example_dags/example_trigger_target_dag.py
[2022-02-21 23:52:09,967] {processor.py:654} INFO - DAG(s) dict_keys(['example_trigger_target_dag']) retrieved from /home/airflow/.local/lib/python3.7/site-packages/airflow/example_dags/example_trigger_target_dag.py
[2022-02-21 23:52:09,983] {logging_mixin.py:109} INFO - [2022-02-21 23:52:09,982] {dag.py:2396} INFO - Sync 1 DAGs
[2022-02-21 23:52:10,004] {logging_mixin.py:109} INFO - [2022-02-21 23:52:10,004] {dag.py:2935} INFO - Setting next_dagrun for example_trigger_target_dag to None
[2022-02-21 23:52:10,017] {processor.py:171} INFO - Processing /home/airflow/.local/lib/python3.7/site-packages/airflow/example_dags/example_trigger_target_dag.py took 0.102 seconds
[2022-02-21 23:52:40,821] {processor.py:163} INFO - Started process (PID=263) to work on /home/airflow/.local/lib/python3.7/site-packages/airflow/example_dags/example_trigger_target_dag.py
[2022-02-21 23:52:40,826] {processor.py:642} INFO - Processing file /home/airflow/.local/lib/python3.7/site-packages/airflow/example_dags/example_trigger_target_dag.py for tasks to queue
[2022-02-21 23:52:40,829] {logging_mixin.py:109} INFO - [2022-02-21 23:52:40,829] {dagbag.py:500} INFO - Filling up the DagBag from /home/airflow/.local/lib/python3.7/site-packages/airflow/example_dags/example_trigger_target_dag.py
[2022-02-21 23:52:40,886] {processor.py:654} INFO - DAG(s) dict_keys(['example_trigger_target_dag']) retrieved from /home/airflow/.local/lib/python3.7/site-packages/airflow/example_dags/example_trigger_target_dag.py
[2022-02-21 23:52:40,897] {logging_mixin.py:109} INFO - [2022-02-21 23:52:40,897] {dag.py:2396} INFO - Sync 1 DAGs
[2022-02-21 23:52:40,912] {logging_mixin.py:109} INFO - [2022-02-21 23:52:40,912] {dag.py:2935} INFO - Setting next_dagrun for example_trigger_target_dag to None
[2022-02-21 23:52:40,922] {processor.py:171} INFO - Processing /home/airflow/.local/lib/python3.7/site-packages/airflow/example_dags/example_trigger_target_dag.py took 0.108 seconds
[2022-02-21 23:53:11,195] {processor.py:163} INFO - Started process (PID=314) to work on /home/airflow/.local/lib/python3.7/site-packages/airflow/example_dags/example_trigger_target_dag.py
[2022-02-21 23:53:11,199] {processor.py:642} INFO - Processing file /home/airflow/.local/lib/python3.7/site-packages/airflow/example_dags/example_trigger_target_dag.py for tasks to queue
[2022-02-21 23:53:11,201] {logging_mixin.py:109} INFO - [2022-02-21 23:53:11,201] {dagbag.py:500} INFO - Filling up the DagBag from /home/airflow/.local/lib/python3.7/site-packages/airflow/example_dags/example_trigger_target_dag.py
[2022-02-21 23:53:11,254] {processor.py:654} INFO - DAG(s) dict_keys(['example_trigger_target_dag']) retrieved from /home/airflow/.local/lib/python3.7/site-packages/airflow/example_dags/example_trigger_target_dag.py
[2022-02-21 23:53:11,270] {logging_mixin.py:109} INFO - [2022-02-21 23:53:11,270] {dag.py:2396} INFO - Sync 1 DAGs
[2022-02-21 23:53:11,311] {logging_mixin.py:109} INFO - [2022-02-21 23:53:11,311] {dag.py:2935} INFO - Setting next_dagrun for example_trigger_target_dag to None
[2022-02-21 23:53:11,378] {processor.py:171} INFO - Processing /home/airflow/.local/lib/python3.7/site-packages/airflow/example_dags/example_trigger_target_dag.py took 0.187 seconds
[2022-02-21 23:53:41,781] {processor.py:163} INFO - Started process (PID=369) to work on /home/airflow/.local/lib/python3.7/site-packages/airflow/example_dags/example_trigger_target_dag.py
[2022-02-21 23:53:41,786] {processor.py:642} INFO - Processing file /home/airflow/.local/lib/python3.7/site-packages/airflow/example_dags/example_trigger_target_dag.py for tasks to queue
[2022-02-21 23:53:41,799] {logging_mixin.py:109} INFO - [2022-02-21 23:53:41,799] {dagbag.py:500} INFO - Filling up the DagBag from /home/airflow/.local/lib/python3.7/site-packages/airflow/example_dags/example_trigger_target_dag.py
[2022-02-21 23:53:41,856] {processor.py:654} INFO - DAG(s) dict_keys(['example_trigger_target_dag']) retrieved from /home/airflow/.local/lib/python3.7/site-packages/airflow/example_dags/example_trigger_target_dag.py
[2022-02-21 23:53:41,938] {logging_mixin.py:109} INFO - [2022-02-21 23:53:41,938] {dag.py:2396} INFO - Sync 1 DAGs
[2022-02-21 23:53:41,956] {logging_mixin.py:109} INFO - [2022-02-21 23:53:41,956] {dag.py:2935} INFO - Setting next_dagrun for example_trigger_target_dag to None
[2022-02-21 23:53:41,972] {processor.py:171} INFO - Processing /home/airflow/.local/lib/python3.7/site-packages/airflow/example_dags/example_trigger_target_dag.py took 0.223 seconds
[2022-02-21 23:54:12,167] {processor.py:163} INFO - Started process (PID=424) to work on /home/airflow/.local/lib/python3.7/site-packages/airflow/example_dags/example_trigger_target_dag.py
[2022-02-21 23:54:12,177] {processor.py:642} INFO - Processing file /home/airflow/.local/lib/python3.7/site-packages/airflow/example_dags/example_trigger_target_dag.py for tasks to queue
[2022-02-21 23:54:12,179] {logging_mixin.py:109} INFO - [2022-02-21 23:54:12,179] {dagbag.py:500} INFO - Filling up the DagBag from /home/airflow/.local/lib/python3.7/site-packages/airflow/example_dags/example_trigger_target_dag.py
[2022-02-21 23:54:12,263] {processor.py:654} INFO - DAG(s) dict_keys(['example_trigger_target_dag']) retrieved from /home/airflow/.local/lib/python3.7/site-packages/airflow/example_dags/example_trigger_target_dag.py
[2022-02-21 23:54:12,291] {logging_mixin.py:109} INFO - [2022-02-21 23:54:12,291] {dag.py:2396} INFO - Sync 1 DAGs
[2022-02-21 23:54:12,324] {logging_mixin.py:109} INFO - [2022-02-21 23:54:12,324] {dag.py:2935} INFO - Setting next_dagrun for example_trigger_target_dag to None
[2022-02-21 23:54:12,344] {processor.py:171} INFO - Processing /home/airflow/.local/lib/python3.7/site-packages/airflow/example_dags/example_trigger_target_dag.py took 0.184 seconds
[2022-02-21 23:54:43,491] {processor.py:163} INFO - Started process (PID=476) to work on /home/airflow/.local/lib/python3.7/site-packages/airflow/example_dags/example_trigger_target_dag.py
[2022-02-21 23:54:43,499] {processor.py:642} INFO - Processing file /home/airflow/.local/lib/python3.7/site-packages/airflow/example_dags/example_trigger_target_dag.py for tasks to queue
[2022-02-21 23:54:43,501] {logging_mixin.py:109} INFO - [2022-02-21 23:54:43,501] {dagbag.py:500} INFO - Filling up the DagBag from /home/airflow/.local/lib/python3.7/site-packages/airflow/example_dags/example_trigger_target_dag.py
[2022-02-21 23:54:43,600] {processor.py:654} INFO - DAG(s) dict_keys(['example_trigger_target_dag']) retrieved from /home/airflow/.local/lib/python3.7/site-packages/airflow/example_dags/example_trigger_target_dag.py
[2022-02-21 23:54:43,642] {logging_mixin.py:109} INFO - [2022-02-21 23:54:43,642] {dag.py:2396} INFO - Sync 1 DAGs
[2022-02-21 23:54:43,678] {logging_mixin.py:109} INFO - [2022-02-21 23:54:43,678] {dag.py:2935} INFO - Setting next_dagrun for example_trigger_target_dag to None
[2022-02-21 23:54:43,698] {processor.py:171} INFO - Processing /home/airflow/.local/lib/python3.7/site-packages/airflow/example_dags/example_trigger_target_dag.py took 0.214 seconds
[2022-02-21 23:55:14,153] {processor.py:163} INFO - Started process (PID=527) to work on /home/airflow/.local/lib/python3.7/site-packages/airflow/example_dags/example_trigger_target_dag.py
[2022-02-21 23:55:14,159] {processor.py:642} INFO - Processing file /home/airflow/.local/lib/python3.7/site-packages/airflow/example_dags/example_trigger_target_dag.py for tasks to queue
[2022-02-21 23:55:14,165] {logging_mixin.py:109} INFO - [2022-02-21 23:55:14,165] {dagbag.py:500} INFO - Filling up the DagBag from /home/airflow/.local/lib/python3.7/site-packages/airflow/example_dags/example_trigger_target_dag.py
[2022-02-21 23:55:14,382] {processor.py:654} INFO - DAG(s) dict_keys(['example_trigger_target_dag']) retrieved from /home/airflow/.local/lib/python3.7/site-packages/airflow/example_dags/example_trigger_target_dag.py
[2022-02-21 23:55:14,427] {logging_mixin.py:109} INFO - [2022-02-21 23:55:14,427] {dag.py:2396} INFO - Sync 1 DAGs
[2022-02-21 23:55:14,486] {logging_mixin.py:109} INFO - [2022-02-21 23:55:14,485] {dag.py:2935} INFO - Setting next_dagrun for example_trigger_target_dag to None
[2022-02-21 23:55:14,512] {processor.py:171} INFO - Processing /home/airflow/.local/lib/python3.7/site-packages/airflow/example_dags/example_trigger_target_dag.py took 0.376 seconds
[2022-02-21 23:55:45,298] {processor.py:163} INFO - Started process (PID=580) to work on /home/airflow/.local/lib/python3.7/site-packages/airflow/example_dags/example_trigger_target_dag.py
[2022-02-21 23:55:45,300] {processor.py:642} INFO - Processing file /home/airflow/.local/lib/python3.7/site-packages/airflow/example_dags/example_trigger_target_dag.py for tasks to queue
[2022-02-21 23:55:45,301] {logging_mixin.py:109} INFO - [2022-02-21 23:55:45,301] {dagbag.py:500} INFO - Filling up the DagBag from /home/airflow/.local/lib/python3.7/site-packages/airflow/example_dags/example_trigger_target_dag.py
[2022-02-21 23:55:45,338] {processor.py:654} INFO - DAG(s) dict_keys(['example_trigger_target_dag']) retrieved from /home/airflow/.local/lib/python3.7/site-packages/airflow/example_dags/example_trigger_target_dag.py
[2022-02-21 23:55:45,358] {logging_mixin.py:109} INFO - [2022-02-21 23:55:45,357] {dag.py:2396} INFO - Sync 1 DAGs
[2022-02-21 23:55:45,372] {logging_mixin.py:109} INFO - [2022-02-21 23:55:45,372] {dag.py:2935} INFO - Setting next_dagrun for example_trigger_target_dag to None
[2022-02-21 23:55:45,381] {processor.py:171} INFO - Processing /home/airflow/.local/lib/python3.7/site-packages/airflow/example_dags/example_trigger_target_dag.py took 0.088 seconds
[2022-02-21 23:56:15,981] {processor.py:163} INFO - Started process (PID=634) to work on /home/airflow/.local/lib/python3.7/site-packages/airflow/example_dags/example_trigger_target_dag.py
[2022-02-21 23:56:15,989] {processor.py:642} INFO - Processing file /home/airflow/.local/lib/python3.7/site-packages/airflow/example_dags/example_trigger_target_dag.py for tasks to queue
[2022-02-21 23:56:15,995] {logging_mixin.py:109} INFO - [2022-02-21 23:56:15,994] {dagbag.py:500} INFO - Filling up the DagBag from /home/airflow/.local/lib/python3.7/site-packages/airflow/example_dags/example_trigger_target_dag.py
[2022-02-21 23:56:16,083] {processor.py:654} INFO - DAG(s) dict_keys(['example_trigger_target_dag']) retrieved from /home/airflow/.local/lib/python3.7/site-packages/airflow/example_dags/example_trigger_target_dag.py
[2022-02-21 23:56:16,119] {logging_mixin.py:109} INFO - [2022-02-21 23:56:16,119] {dag.py:2396} INFO - Sync 1 DAGs
[2022-02-21 23:56:16,145] {logging_mixin.py:109} INFO - [2022-02-21 23:56:16,145] {dag.py:2935} INFO - Setting next_dagrun for example_trigger_target_dag to None
[2022-02-21 23:56:16,163] {processor.py:171} INFO - Processing /home/airflow/.local/lib/python3.7/site-packages/airflow/example_dags/example_trigger_target_dag.py took 0.201 seconds
[2022-02-21 23:56:46,813] {processor.py:163} INFO - Started process (PID=689) to work on /home/airflow/.local/lib/python3.7/site-packages/airflow/example_dags/example_trigger_target_dag.py
[2022-02-21 23:56:46,817] {processor.py:642} INFO - Processing file /home/airflow/.local/lib/python3.7/site-packages/airflow/example_dags/example_trigger_target_dag.py for tasks to queue
[2022-02-21 23:56:46,821] {logging_mixin.py:109} INFO - [2022-02-21 23:56:46,821] {dagbag.py:500} INFO - Filling up the DagBag from /home/airflow/.local/lib/python3.7/site-packages/airflow/example_dags/example_trigger_target_dag.py
[2022-02-21 23:56:46,906] {processor.py:654} INFO - DAG(s) dict_keys(['example_trigger_target_dag']) retrieved from /home/airflow/.local/lib/python3.7/site-packages/airflow/example_dags/example_trigger_target_dag.py
[2022-02-21 23:56:46,931] {logging_mixin.py:109} INFO - [2022-02-21 23:56:46,931] {dag.py:2396} INFO - Sync 1 DAGs
[2022-02-21 23:56:46,948] {logging_mixin.py:109} INFO - [2022-02-21 23:56:46,948] {dag.py:2935} INFO - Setting next_dagrun for example_trigger_target_dag to None
[2022-02-21 23:56:46,958] {processor.py:171} INFO - Processing /home/airflow/.local/lib/python3.7/site-packages/airflow/example_dags/example_trigger_target_dag.py took 0.155 seconds
[2022-02-21 23:57:17,102] {processor.py:163} INFO - Started process (PID=743) to work on /home/airflow/.local/lib/python3.7/site-packages/airflow/example_dags/example_trigger_target_dag.py
[2022-02-21 23:57:17,104] {processor.py:642} INFO - Processing file /home/airflow/.local/lib/python3.7/site-packages/airflow/example_dags/example_trigger_target_dag.py for tasks to queue
[2022-02-21 23:57:17,106] {logging_mixin.py:109} INFO - [2022-02-21 23:57:17,106] {dagbag.py:500} INFO - Filling up the DagBag from /home/airflow/.local/lib/python3.7/site-packages/airflow/example_dags/example_trigger_target_dag.py
[2022-02-21 23:57:17,210] {processor.py:654} INFO - DAG(s) dict_keys(['example_trigger_target_dag']) retrieved from /home/airflow/.local/lib/python3.7/site-packages/airflow/example_dags/example_trigger_target_dag.py
[2022-02-21 23:57:17,226] {logging_mixin.py:109} INFO - [2022-02-21 23:57:17,226] {dag.py:2396} INFO - Sync 1 DAGs
[2022-02-21 23:57:17,245] {logging_mixin.py:109} INFO - [2022-02-21 23:57:17,245] {dag.py:2935} INFO - Setting next_dagrun for example_trigger_target_dag to None
[2022-02-21 23:57:17,255] {processor.py:171} INFO - Processing /home/airflow/.local/lib/python3.7/site-packages/airflow/example_dags/example_trigger_target_dag.py took 0.157 seconds
[2022-02-21 23:57:47,342] {processor.py:163} INFO - Started process (PID=797) to work on /home/airflow/.local/lib/python3.7/site-packages/airflow/example_dags/example_trigger_target_dag.py
[2022-02-21 23:57:47,346] {processor.py:642} INFO - Processing file /home/airflow/.local/lib/python3.7/site-packages/airflow/example_dags/example_trigger_target_dag.py for tasks to queue
[2022-02-21 23:57:47,356] {logging_mixin.py:109} INFO - [2022-02-21 23:57:47,356] {dagbag.py:500} INFO - Filling up the DagBag from /home/airflow/.local/lib/python3.7/site-packages/airflow/example_dags/example_trigger_target_dag.py
[2022-02-21 23:57:47,456] {processor.py:654} INFO - DAG(s) dict_keys(['example_trigger_target_dag']) retrieved from /home/airflow/.local/lib/python3.7/site-packages/airflow/example_dags/example_trigger_target_dag.py
[2022-02-21 23:57:47,530] {logging_mixin.py:109} INFO - [2022-02-21 23:57:47,530] {dag.py:2396} INFO - Sync 1 DAGs
[2022-02-21 23:57:47,577] {logging_mixin.py:109} INFO - [2022-02-21 23:57:47,577] {dag.py:2935} INFO - Setting next_dagrun for example_trigger_target_dag to None
[2022-02-21 23:57:47,607] {processor.py:171} INFO - Processing /home/airflow/.local/lib/python3.7/site-packages/airflow/example_dags/example_trigger_target_dag.py took 0.277 seconds
[2022-02-21 23:58:17,737] {processor.py:163} INFO - Started process (PID=851) to work on /home/airflow/.local/lib/python3.7/site-packages/airflow/example_dags/example_trigger_target_dag.py
[2022-02-21 23:58:17,748] {processor.py:642} INFO - Processing file /home/airflow/.local/lib/python3.7/site-packages/airflow/example_dags/example_trigger_target_dag.py for tasks to queue
[2022-02-21 23:58:17,750] {logging_mixin.py:109} INFO - [2022-02-21 23:58:17,750] {dagbag.py:500} INFO - Filling up the DagBag from /home/airflow/.local/lib/python3.7/site-packages/airflow/example_dags/example_trigger_target_dag.py
[2022-02-21 23:58:17,831] {processor.py:654} INFO - DAG(s) dict_keys(['example_trigger_target_dag']) retrieved from /home/airflow/.local/lib/python3.7/site-packages/airflow/example_dags/example_trigger_target_dag.py
[2022-02-21 23:58:17,866] {logging_mixin.py:109} INFO - [2022-02-21 23:58:17,866] {dag.py:2396} INFO - Sync 1 DAGs
[2022-02-21 23:58:17,894] {logging_mixin.py:109} INFO - [2022-02-21 23:58:17,894] {dag.py:2935} INFO - Setting next_dagrun for example_trigger_target_dag to None
[2022-02-21 23:58:17,903] {processor.py:171} INFO - Processing /home/airflow/.local/lib/python3.7/site-packages/airflow/example_dags/example_trigger_target_dag.py took 0.172 seconds
[2022-02-21 23:58:48,485] {processor.py:163} INFO - Started process (PID=906) to work on /home/airflow/.local/lib/python3.7/site-packages/airflow/example_dags/example_trigger_target_dag.py
[2022-02-21 23:58:48,518] {processor.py:642} INFO - Processing file /home/airflow/.local/lib/python3.7/site-packages/airflow/example_dags/example_trigger_target_dag.py for tasks to queue
[2022-02-21 23:58:48,522] {logging_mixin.py:109} INFO - [2022-02-21 23:58:48,521] {dagbag.py:500} INFO - Filling up the DagBag from /home/airflow/.local/lib/python3.7/site-packages/airflow/example_dags/example_trigger_target_dag.py
[2022-02-21 23:58:48,583] {processor.py:654} INFO - DAG(s) dict_keys(['example_trigger_target_dag']) retrieved from /home/airflow/.local/lib/python3.7/site-packages/airflow/example_dags/example_trigger_target_dag.py
[2022-02-21 23:58:48,608] {logging_mixin.py:109} INFO - [2022-02-21 23:58:48,608] {dag.py:2396} INFO - Sync 1 DAGs
[2022-02-21 23:58:48,641] {logging_mixin.py:109} INFO - [2022-02-21 23:58:48,641] {dag.py:2935} INFO - Setting next_dagrun for example_trigger_target_dag to None
[2022-02-21 23:58:48,665] {processor.py:171} INFO - Processing /home/airflow/.local/lib/python3.7/site-packages/airflow/example_dags/example_trigger_target_dag.py took 0.190 seconds
[2022-02-21 23:59:18,802] {processor.py:163} INFO - Started process (PID=958) to work on /home/airflow/.local/lib/python3.7/site-packages/airflow/example_dags/example_trigger_target_dag.py
[2022-02-21 23:59:18,805] {processor.py:642} INFO - Processing file /home/airflow/.local/lib/python3.7/site-packages/airflow/example_dags/example_trigger_target_dag.py for tasks to queue
[2022-02-21 23:59:18,808] {logging_mixin.py:109} INFO - [2022-02-21 23:59:18,808] {dagbag.py:500} INFO - Filling up the DagBag from /home/airflow/.local/lib/python3.7/site-packages/airflow/example_dags/example_trigger_target_dag.py
[2022-02-21 23:59:18,853] {processor.py:654} INFO - DAG(s) dict_keys(['example_trigger_target_dag']) retrieved from /home/airflow/.local/lib/python3.7/site-packages/airflow/example_dags/example_trigger_target_dag.py
[2022-02-21 23:59:18,886] {logging_mixin.py:109} INFO - [2022-02-21 23:59:18,886] {dag.py:2396} INFO - Sync 1 DAGs
[2022-02-21 23:59:18,911] {logging_mixin.py:109} INFO - [2022-02-21 23:59:18,911] {dag.py:2935} INFO - Setting next_dagrun for example_trigger_target_dag to None
[2022-02-21 23:59:18,927] {processor.py:171} INFO - Processing /home/airflow/.local/lib/python3.7/site-packages/airflow/example_dags/example_trigger_target_dag.py took 0.130 seconds
[2022-02-21 23:59:49,051] {processor.py:163} INFO - Started process (PID=1011) to work on /home/airflow/.local/lib/python3.7/site-packages/airflow/example_dags/example_trigger_target_dag.py
[2022-02-21 23:59:49,054] {processor.py:642} INFO - Processing file /home/airflow/.local/lib/python3.7/site-packages/airflow/example_dags/example_trigger_target_dag.py for tasks to queue
[2022-02-21 23:59:49,062] {logging_mixin.py:109} INFO - [2022-02-21 23:59:49,062] {dagbag.py:500} INFO - Filling up the DagBag from /home/airflow/.local/lib/python3.7/site-packages/airflow/example_dags/example_trigger_target_dag.py
[2022-02-21 23:59:49,298] {processor.py:654} INFO - DAG(s) dict_keys(['example_trigger_target_dag']) retrieved from /home/airflow/.local/lib/python3.7/site-packages/airflow/example_dags/example_trigger_target_dag.py
[2022-02-21 23:59:49,345] {logging_mixin.py:109} INFO - [2022-02-21 23:59:49,345] {dag.py:2396} INFO - Sync 1 DAGs
[2022-02-21 23:59:49,420] {logging_mixin.py:109} INFO - [2022-02-21 23:59:49,420] {dag.py:2935} INFO - Setting next_dagrun for example_trigger_target_dag to None
[2022-02-21 23:59:49,438] {processor.py:171} INFO - Processing /home/airflow/.local/lib/python3.7/site-packages/airflow/example_dags/example_trigger_target_dag.py took 0.403 seconds
