[2022-02-21 23:51:56,485] {processor.py:163} INFO - Started process (PID=184) to work on /home/airflow/.local/lib/python3.7/site-packages/airflow/example_dags/example_latest_only_with_trigger.py
[2022-02-21 23:51:56,502] {processor.py:642} INFO - Processing file /home/airflow/.local/lib/python3.7/site-packages/airflow/example_dags/example_latest_only_with_trigger.py for tasks to queue
[2022-02-21 23:51:56,513] {logging_mixin.py:109} INFO - [2022-02-21 23:51:56,511] {dagbag.py:500} INFO - Filling up the DagBag from /home/airflow/.local/lib/python3.7/site-packages/airflow/example_dags/example_latest_only_with_trigger.py
[2022-02-21 23:51:56,620] {processor.py:654} INFO - DAG(s) dict_keys(['latest_only_with_trigger']) retrieved from /home/airflow/.local/lib/python3.7/site-packages/airflow/example_dags/example_latest_only_with_trigger.py
[2022-02-21 23:51:56,635] {logging_mixin.py:109} INFO - [2022-02-21 23:51:56,634] {dag.py:2396} INFO - Sync 1 DAGs
[2022-02-21 23:51:56,658] {logging_mixin.py:109} INFO - [2022-02-21 23:51:56,658] {dag.py:2935} INFO - Setting next_dagrun for latest_only_with_trigger to 2022-02-21T19:51:56.657703+00:00
[2022-02-21 23:51:56,669] {processor.py:171} INFO - Processing /home/airflow/.local/lib/python3.7/site-packages/airflow/example_dags/example_latest_only_with_trigger.py took 0.205 seconds
[2022-02-21 23:52:26,973] {processor.py:163} INFO - Started process (PID=238) to work on /home/airflow/.local/lib/python3.7/site-packages/airflow/example_dags/example_latest_only_with_trigger.py
[2022-02-21 23:52:26,975] {processor.py:642} INFO - Processing file /home/airflow/.local/lib/python3.7/site-packages/airflow/example_dags/example_latest_only_with_trigger.py for tasks to queue
[2022-02-21 23:52:26,977] {logging_mixin.py:109} INFO - [2022-02-21 23:52:26,977] {dagbag.py:500} INFO - Filling up the DagBag from /home/airflow/.local/lib/python3.7/site-packages/airflow/example_dags/example_latest_only_with_trigger.py
[2022-02-21 23:52:27,007] {processor.py:654} INFO - DAG(s) dict_keys(['latest_only_with_trigger']) retrieved from /home/airflow/.local/lib/python3.7/site-packages/airflow/example_dags/example_latest_only_with_trigger.py
[2022-02-21 23:52:27,020] {logging_mixin.py:109} INFO - [2022-02-21 23:52:27,020] {dag.py:2396} INFO - Sync 1 DAGs
[2022-02-21 23:52:27,037] {logging_mixin.py:109} INFO - [2022-02-21 23:52:27,037] {dag.py:2935} INFO - Setting next_dagrun for latest_only_with_trigger to 2022-02-21T19:52:27.036956+00:00
[2022-02-21 23:52:27,048] {processor.py:171} INFO - Processing /home/airflow/.local/lib/python3.7/site-packages/airflow/example_dags/example_latest_only_with_trigger.py took 0.079 seconds
[2022-02-21 23:52:57,268] {processor.py:163} INFO - Started process (PID=289) to work on /home/airflow/.local/lib/python3.7/site-packages/airflow/example_dags/example_latest_only_with_trigger.py
[2022-02-21 23:52:57,277] {processor.py:642} INFO - Processing file /home/airflow/.local/lib/python3.7/site-packages/airflow/example_dags/example_latest_only_with_trigger.py for tasks to queue
[2022-02-21 23:52:57,283] {logging_mixin.py:109} INFO - [2022-02-21 23:52:57,282] {dagbag.py:500} INFO - Filling up the DagBag from /home/airflow/.local/lib/python3.7/site-packages/airflow/example_dags/example_latest_only_with_trigger.py
[2022-02-21 23:52:57,390] {processor.py:654} INFO - DAG(s) dict_keys(['latest_only_with_trigger']) retrieved from /home/airflow/.local/lib/python3.7/site-packages/airflow/example_dags/example_latest_only_with_trigger.py
[2022-02-21 23:52:57,438] {logging_mixin.py:109} INFO - [2022-02-21 23:52:57,437] {dag.py:2396} INFO - Sync 1 DAGs
[2022-02-21 23:52:57,476] {logging_mixin.py:109} INFO - [2022-02-21 23:52:57,476] {dag.py:2935} INFO - Setting next_dagrun for latest_only_with_trigger to 2022-02-21T19:52:57.471307+00:00
[2022-02-21 23:52:57,501] {processor.py:171} INFO - Processing /home/airflow/.local/lib/python3.7/site-packages/airflow/example_dags/example_latest_only_with_trigger.py took 0.241 seconds
[2022-02-21 23:53:27,859] {processor.py:163} INFO - Started process (PID=344) to work on /home/airflow/.local/lib/python3.7/site-packages/airflow/example_dags/example_latest_only_with_trigger.py
[2022-02-21 23:53:27,863] {processor.py:642} INFO - Processing file /home/airflow/.local/lib/python3.7/site-packages/airflow/example_dags/example_latest_only_with_trigger.py for tasks to queue
[2022-02-21 23:53:27,865] {logging_mixin.py:109} INFO - [2022-02-21 23:53:27,865] {dagbag.py:500} INFO - Filling up the DagBag from /home/airflow/.local/lib/python3.7/site-packages/airflow/example_dags/example_latest_only_with_trigger.py
[2022-02-21 23:53:27,928] {processor.py:654} INFO - DAG(s) dict_keys(['latest_only_with_trigger']) retrieved from /home/airflow/.local/lib/python3.7/site-packages/airflow/example_dags/example_latest_only_with_trigger.py
[2022-02-21 23:53:27,943] {logging_mixin.py:109} INFO - [2022-02-21 23:53:27,942] {dag.py:2396} INFO - Sync 1 DAGs
[2022-02-21 23:53:27,961] {logging_mixin.py:109} INFO - [2022-02-21 23:53:27,961] {dag.py:2935} INFO - Setting next_dagrun for latest_only_with_trigger to 2022-02-21T19:53:27.960855+00:00
[2022-02-21 23:53:27,971] {processor.py:171} INFO - Processing /home/airflow/.local/lib/python3.7/site-packages/airflow/example_dags/example_latest_only_with_trigger.py took 0.149 seconds
[2022-02-21 23:53:58,279] {processor.py:163} INFO - Started process (PID=398) to work on /home/airflow/.local/lib/python3.7/site-packages/airflow/example_dags/example_latest_only_with_trigger.py
[2022-02-21 23:53:58,285] {processor.py:642} INFO - Processing file /home/airflow/.local/lib/python3.7/site-packages/airflow/example_dags/example_latest_only_with_trigger.py for tasks to queue
[2022-02-21 23:53:58,288] {logging_mixin.py:109} INFO - [2022-02-21 23:53:58,287] {dagbag.py:500} INFO - Filling up the DagBag from /home/airflow/.local/lib/python3.7/site-packages/airflow/example_dags/example_latest_only_with_trigger.py
[2022-02-21 23:53:58,343] {processor.py:654} INFO - DAG(s) dict_keys(['latest_only_with_trigger']) retrieved from /home/airflow/.local/lib/python3.7/site-packages/airflow/example_dags/example_latest_only_with_trigger.py
[2022-02-21 23:53:58,362] {logging_mixin.py:109} INFO - [2022-02-21 23:53:58,362] {dag.py:2396} INFO - Sync 1 DAGs
[2022-02-21 23:53:58,392] {logging_mixin.py:109} INFO - [2022-02-21 23:53:58,392] {dag.py:2935} INFO - Setting next_dagrun for latest_only_with_trigger to 2022-02-21T19:53:58.390739+00:00
[2022-02-21 23:53:58,421] {processor.py:171} INFO - Processing /home/airflow/.local/lib/python3.7/site-packages/airflow/example_dags/example_latest_only_with_trigger.py took 0.155 seconds
[2022-02-21 23:54:29,020] {processor.py:163} INFO - Started process (PID=451) to work on /home/airflow/.local/lib/python3.7/site-packages/airflow/example_dags/example_latest_only_with_trigger.py
[2022-02-21 23:54:29,025] {processor.py:642} INFO - Processing file /home/airflow/.local/lib/python3.7/site-packages/airflow/example_dags/example_latest_only_with_trigger.py for tasks to queue
[2022-02-21 23:54:29,033] {logging_mixin.py:109} INFO - [2022-02-21 23:54:29,033] {dagbag.py:500} INFO - Filling up the DagBag from /home/airflow/.local/lib/python3.7/site-packages/airflow/example_dags/example_latest_only_with_trigger.py
[2022-02-21 23:54:29,089] {processor.py:654} INFO - DAG(s) dict_keys(['latest_only_with_trigger']) retrieved from /home/airflow/.local/lib/python3.7/site-packages/airflow/example_dags/example_latest_only_with_trigger.py
[2022-02-21 23:54:29,113] {logging_mixin.py:109} INFO - [2022-02-21 23:54:29,113] {dag.py:2396} INFO - Sync 1 DAGs
[2022-02-21 23:54:29,152] {logging_mixin.py:109} INFO - [2022-02-21 23:54:29,152] {dag.py:2935} INFO - Setting next_dagrun for latest_only_with_trigger to 2022-02-21T19:54:29.151254+00:00
[2022-02-21 23:54:29,191] {processor.py:171} INFO - Processing /home/airflow/.local/lib/python3.7/site-packages/airflow/example_dags/example_latest_only_with_trigger.py took 0.181 seconds
[2022-02-21 23:54:59,429] {processor.py:163} INFO - Started process (PID=503) to work on /home/airflow/.local/lib/python3.7/site-packages/airflow/example_dags/example_latest_only_with_trigger.py
[2022-02-21 23:54:59,448] {processor.py:642} INFO - Processing file /home/airflow/.local/lib/python3.7/site-packages/airflow/example_dags/example_latest_only_with_trigger.py for tasks to queue
[2022-02-21 23:54:59,474] {logging_mixin.py:109} INFO - [2022-02-21 23:54:59,468] {dagbag.py:500} INFO - Filling up the DagBag from /home/airflow/.local/lib/python3.7/site-packages/airflow/example_dags/example_latest_only_with_trigger.py
[2022-02-21 23:54:59,597] {processor.py:654} INFO - DAG(s) dict_keys(['latest_only_with_trigger']) retrieved from /home/airflow/.local/lib/python3.7/site-packages/airflow/example_dags/example_latest_only_with_trigger.py
[2022-02-21 23:54:59,709] {logging_mixin.py:109} INFO - [2022-02-21 23:54:59,708] {dag.py:2396} INFO - Sync 1 DAGs
[2022-02-21 23:54:59,825] {logging_mixin.py:109} INFO - [2022-02-21 23:54:59,825] {dag.py:2935} INFO - Setting next_dagrun for latest_only_with_trigger to 2022-02-21T19:54:59.824436+00:00
[2022-02-21 23:54:59,856] {processor.py:171} INFO - Processing /home/airflow/.local/lib/python3.7/site-packages/airflow/example_dags/example_latest_only_with_trigger.py took 0.444 seconds
[2022-02-21 23:55:30,466] {processor.py:163} INFO - Started process (PID=555) to work on /home/airflow/.local/lib/python3.7/site-packages/airflow/example_dags/example_latest_only_with_trigger.py
[2022-02-21 23:55:30,470] {processor.py:642} INFO - Processing file /home/airflow/.local/lib/python3.7/site-packages/airflow/example_dags/example_latest_only_with_trigger.py for tasks to queue
[2022-02-21 23:55:30,473] {logging_mixin.py:109} INFO - [2022-02-21 23:55:30,473] {dagbag.py:500} INFO - Filling up the DagBag from /home/airflow/.local/lib/python3.7/site-packages/airflow/example_dags/example_latest_only_with_trigger.py
[2022-02-21 23:55:30,547] {processor.py:654} INFO - DAG(s) dict_keys(['latest_only_with_trigger']) retrieved from /home/airflow/.local/lib/python3.7/site-packages/airflow/example_dags/example_latest_only_with_trigger.py
[2022-02-21 23:55:30,617] {logging_mixin.py:109} INFO - [2022-02-21 23:55:30,617] {dag.py:2396} INFO - Sync 1 DAGs
[2022-02-21 23:55:30,653] {logging_mixin.py:109} INFO - [2022-02-21 23:55:30,653] {dag.py:2935} INFO - Setting next_dagrun for latest_only_with_trigger to 2022-02-21T19:55:30.653162+00:00
[2022-02-21 23:55:30,663] {processor.py:171} INFO - Processing /home/airflow/.local/lib/python3.7/site-packages/airflow/example_dags/example_latest_only_with_trigger.py took 0.201 seconds
[2022-02-21 23:56:00,791] {processor.py:163} INFO - Started process (PID=609) to work on /home/airflow/.local/lib/python3.7/site-packages/airflow/example_dags/example_latest_only_with_trigger.py
[2022-02-21 23:56:00,800] {processor.py:642} INFO - Processing file /home/airflow/.local/lib/python3.7/site-packages/airflow/example_dags/example_latest_only_with_trigger.py for tasks to queue
[2022-02-21 23:56:00,803] {logging_mixin.py:109} INFO - [2022-02-21 23:56:00,803] {dagbag.py:500} INFO - Filling up the DagBag from /home/airflow/.local/lib/python3.7/site-packages/airflow/example_dags/example_latest_only_with_trigger.py
[2022-02-21 23:56:00,874] {processor.py:654} INFO - DAG(s) dict_keys(['latest_only_with_trigger']) retrieved from /home/airflow/.local/lib/python3.7/site-packages/airflow/example_dags/example_latest_only_with_trigger.py
[2022-02-21 23:56:00,904] {logging_mixin.py:109} INFO - [2022-02-21 23:56:00,904] {dag.py:2396} INFO - Sync 1 DAGs
[2022-02-21 23:56:00,931] {logging_mixin.py:109} INFO - [2022-02-21 23:56:00,931] {dag.py:2935} INFO - Setting next_dagrun for latest_only_with_trigger to 2022-02-21T19:56:00.931060+00:00
[2022-02-21 23:56:00,956] {processor.py:171} INFO - Processing /home/airflow/.local/lib/python3.7/site-packages/airflow/example_dags/example_latest_only_with_trigger.py took 0.176 seconds
[2022-02-21 23:56:31,240] {processor.py:163} INFO - Started process (PID=661) to work on /home/airflow/.local/lib/python3.7/site-packages/airflow/example_dags/example_latest_only_with_trigger.py
[2022-02-21 23:56:31,242] {processor.py:642} INFO - Processing file /home/airflow/.local/lib/python3.7/site-packages/airflow/example_dags/example_latest_only_with_trigger.py for tasks to queue
[2022-02-21 23:56:31,248] {logging_mixin.py:109} INFO - [2022-02-21 23:56:31,247] {dagbag.py:500} INFO - Filling up the DagBag from /home/airflow/.local/lib/python3.7/site-packages/airflow/example_dags/example_latest_only_with_trigger.py
[2022-02-21 23:56:31,312] {processor.py:654} INFO - DAG(s) dict_keys(['latest_only_with_trigger']) retrieved from /home/airflow/.local/lib/python3.7/site-packages/airflow/example_dags/example_latest_only_with_trigger.py
[2022-02-21 23:56:31,357] {logging_mixin.py:109} INFO - [2022-02-21 23:56:31,357] {dag.py:2396} INFO - Sync 1 DAGs
[2022-02-21 23:56:31,412] {logging_mixin.py:109} INFO - [2022-02-21 23:56:31,411] {dag.py:2935} INFO - Setting next_dagrun for latest_only_with_trigger to 2022-02-21T19:56:31.411331+00:00
[2022-02-21 23:56:31,440] {processor.py:171} INFO - Processing /home/airflow/.local/lib/python3.7/site-packages/airflow/example_dags/example_latest_only_with_trigger.py took 0.210 seconds
[2022-02-21 23:57:02,497] {processor.py:163} INFO - Started process (PID=717) to work on /home/airflow/.local/lib/python3.7/site-packages/airflow/example_dags/example_latest_only_with_trigger.py
[2022-02-21 23:57:02,516] {processor.py:642} INFO - Processing file /home/airflow/.local/lib/python3.7/site-packages/airflow/example_dags/example_latest_only_with_trigger.py for tasks to queue
[2022-02-21 23:57:02,545] {logging_mixin.py:109} INFO - [2022-02-21 23:57:02,525] {dagbag.py:500} INFO - Filling up the DagBag from /home/airflow/.local/lib/python3.7/site-packages/airflow/example_dags/example_latest_only_with_trigger.py
[2022-02-21 23:57:02,834] {processor.py:654} INFO - DAG(s) dict_keys(['latest_only_with_trigger']) retrieved from /home/airflow/.local/lib/python3.7/site-packages/airflow/example_dags/example_latest_only_with_trigger.py
[2022-02-21 23:57:02,945] {logging_mixin.py:109} INFO - [2022-02-21 23:57:02,944] {dag.py:2396} INFO - Sync 1 DAGs
[2022-02-21 23:57:03,047] {logging_mixin.py:109} INFO - [2022-02-21 23:57:03,047] {dag.py:2935} INFO - Setting next_dagrun for latest_only_with_trigger to 2022-02-21T19:57:03.046960+00:00
[2022-02-21 23:57:03,082] {processor.py:171} INFO - Processing /home/airflow/.local/lib/python3.7/site-packages/airflow/example_dags/example_latest_only_with_trigger.py took 0.617 seconds
[2022-02-21 23:57:33,987] {processor.py:163} INFO - Started process (PID=772) to work on /home/airflow/.local/lib/python3.7/site-packages/airflow/example_dags/example_latest_only_with_trigger.py
[2022-02-21 23:57:33,999] {processor.py:642} INFO - Processing file /home/airflow/.local/lib/python3.7/site-packages/airflow/example_dags/example_latest_only_with_trigger.py for tasks to queue
[2022-02-21 23:57:34,003] {logging_mixin.py:109} INFO - [2022-02-21 23:57:34,003] {dagbag.py:500} INFO - Filling up the DagBag from /home/airflow/.local/lib/python3.7/site-packages/airflow/example_dags/example_latest_only_with_trigger.py
[2022-02-21 23:57:34,117] {processor.py:654} INFO - DAG(s) dict_keys(['latest_only_with_trigger']) retrieved from /home/airflow/.local/lib/python3.7/site-packages/airflow/example_dags/example_latest_only_with_trigger.py
[2022-02-21 23:57:34,168] {logging_mixin.py:109} INFO - [2022-02-21 23:57:34,168] {dag.py:2396} INFO - Sync 1 DAGs
[2022-02-21 23:57:34,308] {logging_mixin.py:109} INFO - [2022-02-21 23:57:34,307] {dag.py:2935} INFO - Setting next_dagrun for latest_only_with_trigger to 2022-02-21T19:57:34.307170+00:00
[2022-02-21 23:57:34,377] {processor.py:171} INFO - Processing /home/airflow/.local/lib/python3.7/site-packages/airflow/example_dags/example_latest_only_with_trigger.py took 0.403 seconds
[2022-02-21 23:58:05,136] {processor.py:163} INFO - Started process (PID=826) to work on /home/airflow/.local/lib/python3.7/site-packages/airflow/example_dags/example_latest_only_with_trigger.py
[2022-02-21 23:58:05,162] {processor.py:642} INFO - Processing file /home/airflow/.local/lib/python3.7/site-packages/airflow/example_dags/example_latest_only_with_trigger.py for tasks to queue
[2022-02-21 23:58:05,173] {logging_mixin.py:109} INFO - [2022-02-21 23:58:05,172] {dagbag.py:500} INFO - Filling up the DagBag from /home/airflow/.local/lib/python3.7/site-packages/airflow/example_dags/example_latest_only_with_trigger.py
[2022-02-21 23:58:05,270] {processor.py:654} INFO - DAG(s) dict_keys(['latest_only_with_trigger']) retrieved from /home/airflow/.local/lib/python3.7/site-packages/airflow/example_dags/example_latest_only_with_trigger.py
[2022-02-21 23:58:05,324] {logging_mixin.py:109} INFO - [2022-02-21 23:58:05,324] {dag.py:2396} INFO - Sync 1 DAGs
[2022-02-21 23:58:05,427] {logging_mixin.py:109} INFO - [2022-02-21 23:58:05,427] {dag.py:2935} INFO - Setting next_dagrun for latest_only_with_trigger to 2022-02-21T19:58:05.426817+00:00
[2022-02-21 23:58:05,485] {processor.py:171} INFO - Processing /home/airflow/.local/lib/python3.7/site-packages/airflow/example_dags/example_latest_only_with_trigger.py took 0.376 seconds
[2022-02-21 23:58:36,170] {processor.py:163} INFO - Started process (PID=881) to work on /home/airflow/.local/lib/python3.7/site-packages/airflow/example_dags/example_latest_only_with_trigger.py
[2022-02-21 23:58:36,201] {processor.py:642} INFO - Processing file /home/airflow/.local/lib/python3.7/site-packages/airflow/example_dags/example_latest_only_with_trigger.py for tasks to queue
[2022-02-21 23:58:36,205] {logging_mixin.py:109} INFO - [2022-02-21 23:58:36,205] {dagbag.py:500} INFO - Filling up the DagBag from /home/airflow/.local/lib/python3.7/site-packages/airflow/example_dags/example_latest_only_with_trigger.py
[2022-02-21 23:58:36,339] {processor.py:654} INFO - DAG(s) dict_keys(['latest_only_with_trigger']) retrieved from /home/airflow/.local/lib/python3.7/site-packages/airflow/example_dags/example_latest_only_with_trigger.py
[2022-02-21 23:58:36,382] {logging_mixin.py:109} INFO - [2022-02-21 23:58:36,382] {dag.py:2396} INFO - Sync 1 DAGs
[2022-02-21 23:58:36,586] {logging_mixin.py:109} INFO - [2022-02-21 23:58:36,586] {dag.py:2935} INFO - Setting next_dagrun for latest_only_with_trigger to 2022-02-21T19:58:36.578258+00:00
[2022-02-21 23:58:36,643] {processor.py:171} INFO - Processing /home/airflow/.local/lib/python3.7/site-packages/airflow/example_dags/example_latest_only_with_trigger.py took 0.541 seconds
[2022-02-21 23:59:06,894] {processor.py:163} INFO - Started process (PID=933) to work on /home/airflow/.local/lib/python3.7/site-packages/airflow/example_dags/example_latest_only_with_trigger.py
[2022-02-21 23:59:06,907] {processor.py:642} INFO - Processing file /home/airflow/.local/lib/python3.7/site-packages/airflow/example_dags/example_latest_only_with_trigger.py for tasks to queue
[2022-02-21 23:59:06,910] {logging_mixin.py:109} INFO - [2022-02-21 23:59:06,909] {dagbag.py:500} INFO - Filling up the DagBag from /home/airflow/.local/lib/python3.7/site-packages/airflow/example_dags/example_latest_only_with_trigger.py
[2022-02-21 23:59:07,019] {processor.py:654} INFO - DAG(s) dict_keys(['latest_only_with_trigger']) retrieved from /home/airflow/.local/lib/python3.7/site-packages/airflow/example_dags/example_latest_only_with_trigger.py
[2022-02-21 23:59:07,039] {logging_mixin.py:109} INFO - [2022-02-21 23:59:07,039] {dag.py:2396} INFO - Sync 1 DAGs
[2022-02-21 23:59:07,074] {logging_mixin.py:109} INFO - [2022-02-21 23:59:07,074] {dag.py:2935} INFO - Setting next_dagrun for latest_only_with_trigger to 2022-02-21T19:59:07.072592+00:00
[2022-02-21 23:59:07,134] {processor.py:171} INFO - Processing /home/airflow/.local/lib/python3.7/site-packages/airflow/example_dags/example_latest_only_with_trigger.py took 0.254 seconds
[2022-02-21 23:59:37,195] {processor.py:163} INFO - Started process (PID=995) to work on /home/airflow/.local/lib/python3.7/site-packages/airflow/example_dags/example_latest_only_with_trigger.py
[2022-02-21 23:59:37,203] {processor.py:642} INFO - Processing file /home/airflow/.local/lib/python3.7/site-packages/airflow/example_dags/example_latest_only_with_trigger.py for tasks to queue
[2022-02-21 23:59:37,205] {logging_mixin.py:109} INFO - [2022-02-21 23:59:37,204] {dagbag.py:500} INFO - Filling up the DagBag from /home/airflow/.local/lib/python3.7/site-packages/airflow/example_dags/example_latest_only_with_trigger.py
[2022-02-21 23:59:37,262] {processor.py:654} INFO - DAG(s) dict_keys(['latest_only_with_trigger']) retrieved from /home/airflow/.local/lib/python3.7/site-packages/airflow/example_dags/example_latest_only_with_trigger.py
[2022-02-21 23:59:37,282] {logging_mixin.py:109} INFO - [2022-02-21 23:59:37,282] {dag.py:2396} INFO - Sync 1 DAGs
[2022-02-21 23:59:37,315] {logging_mixin.py:109} INFO - [2022-02-21 23:59:37,315] {dag.py:2935} INFO - Setting next_dagrun for latest_only_with_trigger to 2022-02-21T19:59:37.314941+00:00
[2022-02-21 23:59:37,342] {processor.py:171} INFO - Processing /home/airflow/.local/lib/python3.7/site-packages/airflow/example_dags/example_latest_only_with_trigger.py took 0.152 seconds
