[2022-02-21 23:50:45,015] {processor.py:163} INFO - Started process (PID=110) to work on /home/airflow/.local/lib/python3.7/site-packages/airflow/example_dags/example_nested_branch_dag.py
[2022-02-21 23:50:45,034] {processor.py:642} INFO - Processing file /home/airflow/.local/lib/python3.7/site-packages/airflow/example_dags/example_nested_branch_dag.py for tasks to queue
[2022-02-21 23:50:45,058] {logging_mixin.py:109} INFO - [2022-02-21 23:50:45,058] {dagbag.py:500} INFO - Filling up the DagBag from /home/airflow/.local/lib/python3.7/site-packages/airflow/example_dags/example_nested_branch_dag.py
[2022-02-21 23:50:45,441] {processor.py:654} INFO - DAG(s) dict_keys(['example_nested_branch_dag']) retrieved from /home/airflow/.local/lib/python3.7/site-packages/airflow/example_dags/example_nested_branch_dag.py
[2022-02-21 23:50:45,590] {logging_mixin.py:109} INFO - [2022-02-21 23:50:45,590] {dag.py:2396} INFO - Sync 1 DAGs
[2022-02-21 23:50:45,849] {logging_mixin.py:109} INFO - [2022-02-21 23:50:45,848] {dag.py:2935} INFO - Setting next_dagrun for example_nested_branch_dag to 2022-02-20 00:00:00+00:00
[2022-02-21 23:50:46,034] {processor.py:171} INFO - Processing /home/airflow/.local/lib/python3.7/site-packages/airflow/example_dags/example_nested_branch_dag.py took 1.057 seconds
[2022-02-21 23:51:36,544] {processor.py:163} INFO - Started process (PID=153) to work on /home/airflow/.local/lib/python3.7/site-packages/airflow/example_dags/example_nested_branch_dag.py
[2022-02-21 23:51:36,563] {processor.py:642} INFO - Processing file /home/airflow/.local/lib/python3.7/site-packages/airflow/example_dags/example_nested_branch_dag.py for tasks to queue
[2022-02-21 23:51:36,577] {logging_mixin.py:109} INFO - [2022-02-21 23:51:36,577] {dagbag.py:500} INFO - Filling up the DagBag from /home/airflow/.local/lib/python3.7/site-packages/airflow/example_dags/example_nested_branch_dag.py
[2022-02-21 23:51:36,842] {processor.py:654} INFO - DAG(s) dict_keys(['example_nested_branch_dag']) retrieved from /home/airflow/.local/lib/python3.7/site-packages/airflow/example_dags/example_nested_branch_dag.py
[2022-02-21 23:51:36,923] {logging_mixin.py:109} INFO - [2022-02-21 23:51:36,923] {dag.py:2396} INFO - Sync 1 DAGs
[2022-02-21 23:51:37,029] {logging_mixin.py:109} INFO - [2022-02-21 23:51:37,029] {dag.py:2935} INFO - Setting next_dagrun for example_nested_branch_dag to 2022-02-20 00:00:00+00:00
[2022-02-21 23:51:37,110] {processor.py:171} INFO - Processing /home/airflow/.local/lib/python3.7/site-packages/airflow/example_dags/example_nested_branch_dag.py took 0.587 seconds
[2022-02-21 23:52:07,631] {processor.py:163} INFO - Started process (PID=206) to work on /home/airflow/.local/lib/python3.7/site-packages/airflow/example_dags/example_nested_branch_dag.py
[2022-02-21 23:52:07,658] {processor.py:642} INFO - Processing file /home/airflow/.local/lib/python3.7/site-packages/airflow/example_dags/example_nested_branch_dag.py for tasks to queue
[2022-02-21 23:52:07,666] {logging_mixin.py:109} INFO - [2022-02-21 23:52:07,666] {dagbag.py:500} INFO - Filling up the DagBag from /home/airflow/.local/lib/python3.7/site-packages/airflow/example_dags/example_nested_branch_dag.py
[2022-02-21 23:52:07,715] {processor.py:654} INFO - DAG(s) dict_keys(['example_nested_branch_dag']) retrieved from /home/airflow/.local/lib/python3.7/site-packages/airflow/example_dags/example_nested_branch_dag.py
[2022-02-21 23:52:07,738] {logging_mixin.py:109} INFO - [2022-02-21 23:52:07,738] {dag.py:2396} INFO - Sync 1 DAGs
[2022-02-21 23:52:07,765] {logging_mixin.py:109} INFO - [2022-02-21 23:52:07,765] {dag.py:2935} INFO - Setting next_dagrun for example_nested_branch_dag to 2022-02-20 00:00:00+00:00
[2022-02-21 23:52:07,784] {processor.py:171} INFO - Processing /home/airflow/.local/lib/python3.7/site-packages/airflow/example_dags/example_nested_branch_dag.py took 0.158 seconds
[2022-02-21 23:52:38,373] {processor.py:163} INFO - Started process (PID=260) to work on /home/airflow/.local/lib/python3.7/site-packages/airflow/example_dags/example_nested_branch_dag.py
[2022-02-21 23:52:38,375] {processor.py:642} INFO - Processing file /home/airflow/.local/lib/python3.7/site-packages/airflow/example_dags/example_nested_branch_dag.py for tasks to queue
[2022-02-21 23:52:38,378] {logging_mixin.py:109} INFO - [2022-02-21 23:52:38,378] {dagbag.py:500} INFO - Filling up the DagBag from /home/airflow/.local/lib/python3.7/site-packages/airflow/example_dags/example_nested_branch_dag.py
[2022-02-21 23:52:38,523] {processor.py:654} INFO - DAG(s) dict_keys(['example_nested_branch_dag']) retrieved from /home/airflow/.local/lib/python3.7/site-packages/airflow/example_dags/example_nested_branch_dag.py
[2022-02-21 23:52:38,562] {logging_mixin.py:109} INFO - [2022-02-21 23:52:38,562] {dag.py:2396} INFO - Sync 1 DAGs
[2022-02-21 23:52:38,586] {logging_mixin.py:109} INFO - [2022-02-21 23:52:38,586] {dag.py:2935} INFO - Setting next_dagrun for example_nested_branch_dag to 2022-02-20 00:00:00+00:00
[2022-02-21 23:52:38,602] {processor.py:171} INFO - Processing /home/airflow/.local/lib/python3.7/site-packages/airflow/example_dags/example_nested_branch_dag.py took 0.235 seconds
[2022-02-21 23:53:08,824] {processor.py:163} INFO - Started process (PID=310) to work on /home/airflow/.local/lib/python3.7/site-packages/airflow/example_dags/example_nested_branch_dag.py
[2022-02-21 23:53:08,829] {processor.py:642} INFO - Processing file /home/airflow/.local/lib/python3.7/site-packages/airflow/example_dags/example_nested_branch_dag.py for tasks to queue
[2022-02-21 23:53:08,832] {logging_mixin.py:109} INFO - [2022-02-21 23:53:08,831] {dagbag.py:500} INFO - Filling up the DagBag from /home/airflow/.local/lib/python3.7/site-packages/airflow/example_dags/example_nested_branch_dag.py
[2022-02-21 23:53:08,875] {processor.py:654} INFO - DAG(s) dict_keys(['example_nested_branch_dag']) retrieved from /home/airflow/.local/lib/python3.7/site-packages/airflow/example_dags/example_nested_branch_dag.py
[2022-02-21 23:53:08,893] {logging_mixin.py:109} INFO - [2022-02-21 23:53:08,893] {dag.py:2396} INFO - Sync 1 DAGs
[2022-02-21 23:53:08,915] {logging_mixin.py:109} INFO - [2022-02-21 23:53:08,915] {dag.py:2935} INFO - Setting next_dagrun for example_nested_branch_dag to 2022-02-20 00:00:00+00:00
[2022-02-21 23:53:08,932] {processor.py:171} INFO - Processing /home/airflow/.local/lib/python3.7/site-packages/airflow/example_dags/example_nested_branch_dag.py took 0.126 seconds
[2022-02-21 23:53:39,205] {processor.py:163} INFO - Started process (PID=365) to work on /home/airflow/.local/lib/python3.7/site-packages/airflow/example_dags/example_nested_branch_dag.py
[2022-02-21 23:53:39,208] {processor.py:642} INFO - Processing file /home/airflow/.local/lib/python3.7/site-packages/airflow/example_dags/example_nested_branch_dag.py for tasks to queue
[2022-02-21 23:53:39,210] {logging_mixin.py:109} INFO - [2022-02-21 23:53:39,210] {dagbag.py:500} INFO - Filling up the DagBag from /home/airflow/.local/lib/python3.7/site-packages/airflow/example_dags/example_nested_branch_dag.py
[2022-02-21 23:53:39,253] {processor.py:654} INFO - DAG(s) dict_keys(['example_nested_branch_dag']) retrieved from /home/airflow/.local/lib/python3.7/site-packages/airflow/example_dags/example_nested_branch_dag.py
[2022-02-21 23:53:39,269] {logging_mixin.py:109} INFO - [2022-02-21 23:53:39,268] {dag.py:2396} INFO - Sync 1 DAGs
[2022-02-21 23:53:39,289] {logging_mixin.py:109} INFO - [2022-02-21 23:53:39,289] {dag.py:2935} INFO - Setting next_dagrun for example_nested_branch_dag to 2022-02-20 00:00:00+00:00
[2022-02-21 23:53:39,305] {processor.py:171} INFO - Processing /home/airflow/.local/lib/python3.7/site-packages/airflow/example_dags/example_nested_branch_dag.py took 0.104 seconds
[2022-02-21 23:54:09,526] {processor.py:163} INFO - Started process (PID=420) to work on /home/airflow/.local/lib/python3.7/site-packages/airflow/example_dags/example_nested_branch_dag.py
[2022-02-21 23:54:09,531] {processor.py:642} INFO - Processing file /home/airflow/.local/lib/python3.7/site-packages/airflow/example_dags/example_nested_branch_dag.py for tasks to queue
[2022-02-21 23:54:09,539] {logging_mixin.py:109} INFO - [2022-02-21 23:54:09,538] {dagbag.py:500} INFO - Filling up the DagBag from /home/airflow/.local/lib/python3.7/site-packages/airflow/example_dags/example_nested_branch_dag.py
[2022-02-21 23:54:09,640] {processor.py:654} INFO - DAG(s) dict_keys(['example_nested_branch_dag']) retrieved from /home/airflow/.local/lib/python3.7/site-packages/airflow/example_dags/example_nested_branch_dag.py
[2022-02-21 23:54:09,666] {logging_mixin.py:109} INFO - [2022-02-21 23:54:09,666] {dag.py:2396} INFO - Sync 1 DAGs
[2022-02-21 23:54:09,717] {logging_mixin.py:109} INFO - [2022-02-21 23:54:09,717] {dag.py:2935} INFO - Setting next_dagrun for example_nested_branch_dag to 2022-02-20 00:00:00+00:00
[2022-02-21 23:54:09,737] {processor.py:171} INFO - Processing /home/airflow/.local/lib/python3.7/site-packages/airflow/example_dags/example_nested_branch_dag.py took 0.219 seconds
[2022-02-21 23:54:39,855] {processor.py:163} INFO - Started process (PID=472) to work on /home/airflow/.local/lib/python3.7/site-packages/airflow/example_dags/example_nested_branch_dag.py
[2022-02-21 23:54:39,858] {processor.py:642} INFO - Processing file /home/airflow/.local/lib/python3.7/site-packages/airflow/example_dags/example_nested_branch_dag.py for tasks to queue
[2022-02-21 23:54:39,860] {logging_mixin.py:109} INFO - [2022-02-21 23:54:39,859] {dagbag.py:500} INFO - Filling up the DagBag from /home/airflow/.local/lib/python3.7/site-packages/airflow/example_dags/example_nested_branch_dag.py
[2022-02-21 23:54:40,002] {processor.py:654} INFO - DAG(s) dict_keys(['example_nested_branch_dag']) retrieved from /home/airflow/.local/lib/python3.7/site-packages/airflow/example_dags/example_nested_branch_dag.py
[2022-02-21 23:54:40,094] {logging_mixin.py:109} INFO - [2022-02-21 23:54:40,093] {dag.py:2396} INFO - Sync 1 DAGs
[2022-02-21 23:54:40,165] {logging_mixin.py:109} INFO - [2022-02-21 23:54:40,165] {dag.py:2935} INFO - Setting next_dagrun for example_nested_branch_dag to 2022-02-20 00:00:00+00:00
[2022-02-21 23:54:40,203] {processor.py:171} INFO - Processing /home/airflow/.local/lib/python3.7/site-packages/airflow/example_dags/example_nested_branch_dag.py took 0.358 seconds
[2022-02-21 23:55:10,635] {processor.py:163} INFO - Started process (PID=523) to work on /home/airflow/.local/lib/python3.7/site-packages/airflow/example_dags/example_nested_branch_dag.py
[2022-02-21 23:55:10,652] {processor.py:642} INFO - Processing file /home/airflow/.local/lib/python3.7/site-packages/airflow/example_dags/example_nested_branch_dag.py for tasks to queue
[2022-02-21 23:55:10,658] {logging_mixin.py:109} INFO - [2022-02-21 23:55:10,658] {dagbag.py:500} INFO - Filling up the DagBag from /home/airflow/.local/lib/python3.7/site-packages/airflow/example_dags/example_nested_branch_dag.py
[2022-02-21 23:55:10,926] {processor.py:654} INFO - DAG(s) dict_keys(['example_nested_branch_dag']) retrieved from /home/airflow/.local/lib/python3.7/site-packages/airflow/example_dags/example_nested_branch_dag.py
[2022-02-21 23:55:11,053] {logging_mixin.py:109} INFO - [2022-02-21 23:55:11,053] {dag.py:2396} INFO - Sync 1 DAGs
[2022-02-21 23:55:11,264] {logging_mixin.py:109} INFO - [2022-02-21 23:55:11,264] {dag.py:2935} INFO - Setting next_dagrun for example_nested_branch_dag to 2022-02-20 00:00:00+00:00
[2022-02-21 23:55:11,488] {processor.py:171} INFO - Processing /home/airflow/.local/lib/python3.7/site-packages/airflow/example_dags/example_nested_branch_dag.py took 0.899 seconds
[2022-02-21 23:55:42,203] {processor.py:163} INFO - Started process (PID=576) to work on /home/airflow/.local/lib/python3.7/site-packages/airflow/example_dags/example_nested_branch_dag.py
[2022-02-21 23:55:42,230] {processor.py:642} INFO - Processing file /home/airflow/.local/lib/python3.7/site-packages/airflow/example_dags/example_nested_branch_dag.py for tasks to queue
[2022-02-21 23:55:42,236] {logging_mixin.py:109} INFO - [2022-02-21 23:55:42,236] {dagbag.py:500} INFO - Filling up the DagBag from /home/airflow/.local/lib/python3.7/site-packages/airflow/example_dags/example_nested_branch_dag.py
[2022-02-21 23:55:42,330] {processor.py:654} INFO - DAG(s) dict_keys(['example_nested_branch_dag']) retrieved from /home/airflow/.local/lib/python3.7/site-packages/airflow/example_dags/example_nested_branch_dag.py
[2022-02-21 23:55:42,348] {logging_mixin.py:109} INFO - [2022-02-21 23:55:42,348] {dag.py:2396} INFO - Sync 1 DAGs
[2022-02-21 23:55:42,420] {logging_mixin.py:109} INFO - [2022-02-21 23:55:42,420] {dag.py:2935} INFO - Setting next_dagrun for example_nested_branch_dag to 2022-02-20 00:00:00+00:00
[2022-02-21 23:55:42,435] {processor.py:171} INFO - Processing /home/airflow/.local/lib/python3.7/site-packages/airflow/example_dags/example_nested_branch_dag.py took 0.252 seconds
[2022-02-21 23:56:12,552] {processor.py:163} INFO - Started process (PID=630) to work on /home/airflow/.local/lib/python3.7/site-packages/airflow/example_dags/example_nested_branch_dag.py
[2022-02-21 23:56:12,558] {processor.py:642} INFO - Processing file /home/airflow/.local/lib/python3.7/site-packages/airflow/example_dags/example_nested_branch_dag.py for tasks to queue
[2022-02-21 23:56:12,561] {logging_mixin.py:109} INFO - [2022-02-21 23:56:12,561] {dagbag.py:500} INFO - Filling up the DagBag from /home/airflow/.local/lib/python3.7/site-packages/airflow/example_dags/example_nested_branch_dag.py
[2022-02-21 23:56:12,611] {processor.py:654} INFO - DAG(s) dict_keys(['example_nested_branch_dag']) retrieved from /home/airflow/.local/lib/python3.7/site-packages/airflow/example_dags/example_nested_branch_dag.py
[2022-02-21 23:56:12,635] {logging_mixin.py:109} INFO - [2022-02-21 23:56:12,635] {dag.py:2396} INFO - Sync 1 DAGs
[2022-02-21 23:56:12,661] {logging_mixin.py:109} INFO - [2022-02-21 23:56:12,661] {dag.py:2935} INFO - Setting next_dagrun for example_nested_branch_dag to 2022-02-20 00:00:00+00:00
[2022-02-21 23:56:12,680] {processor.py:171} INFO - Processing /home/airflow/.local/lib/python3.7/site-packages/airflow/example_dags/example_nested_branch_dag.py took 0.140 seconds
[2022-02-21 23:56:43,256] {processor.py:163} INFO - Started process (PID=685) to work on /home/airflow/.local/lib/python3.7/site-packages/airflow/example_dags/example_nested_branch_dag.py
[2022-02-21 23:56:43,258] {processor.py:642} INFO - Processing file /home/airflow/.local/lib/python3.7/site-packages/airflow/example_dags/example_nested_branch_dag.py for tasks to queue
[2022-02-21 23:56:43,260] {logging_mixin.py:109} INFO - [2022-02-21 23:56:43,260] {dagbag.py:500} INFO - Filling up the DagBag from /home/airflow/.local/lib/python3.7/site-packages/airflow/example_dags/example_nested_branch_dag.py
[2022-02-21 23:56:43,311] {processor.py:654} INFO - DAG(s) dict_keys(['example_nested_branch_dag']) retrieved from /home/airflow/.local/lib/python3.7/site-packages/airflow/example_dags/example_nested_branch_dag.py
[2022-02-21 23:56:43,328] {logging_mixin.py:109} INFO - [2022-02-21 23:56:43,328] {dag.py:2396} INFO - Sync 1 DAGs
[2022-02-21 23:56:43,349] {logging_mixin.py:109} INFO - [2022-02-21 23:56:43,349] {dag.py:2935} INFO - Setting next_dagrun for example_nested_branch_dag to 2022-02-20 00:00:00+00:00
[2022-02-21 23:56:43,361] {processor.py:171} INFO - Processing /home/airflow/.local/lib/python3.7/site-packages/airflow/example_dags/example_nested_branch_dag.py took 0.111 seconds
[2022-02-21 23:57:13,762] {processor.py:163} INFO - Started process (PID=739) to work on /home/airflow/.local/lib/python3.7/site-packages/airflow/example_dags/example_nested_branch_dag.py
[2022-02-21 23:57:13,764] {processor.py:642} INFO - Processing file /home/airflow/.local/lib/python3.7/site-packages/airflow/example_dags/example_nested_branch_dag.py for tasks to queue
[2022-02-21 23:57:13,772] {logging_mixin.py:109} INFO - [2022-02-21 23:57:13,772] {dagbag.py:500} INFO - Filling up the DagBag from /home/airflow/.local/lib/python3.7/site-packages/airflow/example_dags/example_nested_branch_dag.py
[2022-02-21 23:57:13,844] {processor.py:654} INFO - DAG(s) dict_keys(['example_nested_branch_dag']) retrieved from /home/airflow/.local/lib/python3.7/site-packages/airflow/example_dags/example_nested_branch_dag.py
[2022-02-21 23:57:13,899] {logging_mixin.py:109} INFO - [2022-02-21 23:57:13,899] {dag.py:2396} INFO - Sync 1 DAGs
[2022-02-21 23:57:13,976] {logging_mixin.py:109} INFO - [2022-02-21 23:57:13,975] {dag.py:2935} INFO - Setting next_dagrun for example_nested_branch_dag to 2022-02-20 00:00:00+00:00
[2022-02-21 23:57:14,006] {processor.py:171} INFO - Processing /home/airflow/.local/lib/python3.7/site-packages/airflow/example_dags/example_nested_branch_dag.py took 0.248 seconds
[2022-02-21 23:57:44,379] {processor.py:163} INFO - Started process (PID=793) to work on /home/airflow/.local/lib/python3.7/site-packages/airflow/example_dags/example_nested_branch_dag.py
[2022-02-21 23:57:44,395] {processor.py:642} INFO - Processing file /home/airflow/.local/lib/python3.7/site-packages/airflow/example_dags/example_nested_branch_dag.py for tasks to queue
[2022-02-21 23:57:44,405] {logging_mixin.py:109} INFO - [2022-02-21 23:57:44,405] {dagbag.py:500} INFO - Filling up the DagBag from /home/airflow/.local/lib/python3.7/site-packages/airflow/example_dags/example_nested_branch_dag.py
[2022-02-21 23:57:44,556] {processor.py:654} INFO - DAG(s) dict_keys(['example_nested_branch_dag']) retrieved from /home/airflow/.local/lib/python3.7/site-packages/airflow/example_dags/example_nested_branch_dag.py
[2022-02-21 23:57:44,586] {logging_mixin.py:109} INFO - [2022-02-21 23:57:44,586] {dag.py:2396} INFO - Sync 1 DAGs
[2022-02-21 23:57:44,628] {logging_mixin.py:109} INFO - [2022-02-21 23:57:44,628] {dag.py:2935} INFO - Setting next_dagrun for example_nested_branch_dag to 2022-02-20 00:00:00+00:00
[2022-02-21 23:57:44,666] {processor.py:171} INFO - Processing /home/airflow/.local/lib/python3.7/site-packages/airflow/example_dags/example_nested_branch_dag.py took 0.304 seconds
[2022-02-21 23:58:15,461] {processor.py:163} INFO - Started process (PID=848) to work on /home/airflow/.local/lib/python3.7/site-packages/airflow/example_dags/example_nested_branch_dag.py
[2022-02-21 23:58:15,466] {processor.py:642} INFO - Processing file /home/airflow/.local/lib/python3.7/site-packages/airflow/example_dags/example_nested_branch_dag.py for tasks to queue
[2022-02-21 23:58:15,473] {logging_mixin.py:109} INFO - [2022-02-21 23:58:15,470] {dagbag.py:500} INFO - Filling up the DagBag from /home/airflow/.local/lib/python3.7/site-packages/airflow/example_dags/example_nested_branch_dag.py
[2022-02-21 23:58:15,683] {processor.py:654} INFO - DAG(s) dict_keys(['example_nested_branch_dag']) retrieved from /home/airflow/.local/lib/python3.7/site-packages/airflow/example_dags/example_nested_branch_dag.py
[2022-02-21 23:58:15,710] {logging_mixin.py:109} INFO - [2022-02-21 23:58:15,709] {dag.py:2396} INFO - Sync 1 DAGs
[2022-02-21 23:58:15,783] {logging_mixin.py:109} INFO - [2022-02-21 23:58:15,783] {dag.py:2935} INFO - Setting next_dagrun for example_nested_branch_dag to 2022-02-20 00:00:00+00:00
[2022-02-21 23:58:15,811] {processor.py:171} INFO - Processing /home/airflow/.local/lib/python3.7/site-packages/airflow/example_dags/example_nested_branch_dag.py took 0.371 seconds
[2022-02-21 23:58:46,158] {processor.py:163} INFO - Started process (PID=903) to work on /home/airflow/.local/lib/python3.7/site-packages/airflow/example_dags/example_nested_branch_dag.py
[2022-02-21 23:58:46,165] {processor.py:642} INFO - Processing file /home/airflow/.local/lib/python3.7/site-packages/airflow/example_dags/example_nested_branch_dag.py for tasks to queue
[2022-02-21 23:58:46,169] {logging_mixin.py:109} INFO - [2022-02-21 23:58:46,168] {dagbag.py:500} INFO - Filling up the DagBag from /home/airflow/.local/lib/python3.7/site-packages/airflow/example_dags/example_nested_branch_dag.py
[2022-02-21 23:58:46,214] {processor.py:654} INFO - DAG(s) dict_keys(['example_nested_branch_dag']) retrieved from /home/airflow/.local/lib/python3.7/site-packages/airflow/example_dags/example_nested_branch_dag.py
[2022-02-21 23:58:46,236] {logging_mixin.py:109} INFO - [2022-02-21 23:58:46,236] {dag.py:2396} INFO - Sync 1 DAGs
[2022-02-21 23:58:46,277] {logging_mixin.py:109} INFO - [2022-02-21 23:58:46,277] {dag.py:2935} INFO - Setting next_dagrun for example_nested_branch_dag to 2022-02-20 00:00:00+00:00
[2022-02-21 23:58:46,323] {processor.py:171} INFO - Processing /home/airflow/.local/lib/python3.7/site-packages/airflow/example_dags/example_nested_branch_dag.py took 0.175 seconds
[2022-02-21 23:59:16,458] {processor.py:163} INFO - Started process (PID=955) to work on /home/airflow/.local/lib/python3.7/site-packages/airflow/example_dags/example_nested_branch_dag.py
[2022-02-21 23:59:16,467] {processor.py:642} INFO - Processing file /home/airflow/.local/lib/python3.7/site-packages/airflow/example_dags/example_nested_branch_dag.py for tasks to queue
[2022-02-21 23:59:16,473] {logging_mixin.py:109} INFO - [2022-02-21 23:59:16,473] {dagbag.py:500} INFO - Filling up the DagBag from /home/airflow/.local/lib/python3.7/site-packages/airflow/example_dags/example_nested_branch_dag.py
[2022-02-21 23:59:16,536] {processor.py:654} INFO - DAG(s) dict_keys(['example_nested_branch_dag']) retrieved from /home/airflow/.local/lib/python3.7/site-packages/airflow/example_dags/example_nested_branch_dag.py
[2022-02-21 23:59:16,555] {logging_mixin.py:109} INFO - [2022-02-21 23:59:16,555] {dag.py:2396} INFO - Sync 1 DAGs
[2022-02-21 23:59:16,583] {logging_mixin.py:109} INFO - [2022-02-21 23:59:16,582] {dag.py:2935} INFO - Setting next_dagrun for example_nested_branch_dag to 2022-02-20 00:00:00+00:00
[2022-02-21 23:59:16,604] {processor.py:171} INFO - Processing /home/airflow/.local/lib/python3.7/site-packages/airflow/example_dags/example_nested_branch_dag.py took 0.169 seconds
[2022-02-21 23:59:46,821] {processor.py:163} INFO - Started process (PID=1008) to work on /home/airflow/.local/lib/python3.7/site-packages/airflow/example_dags/example_nested_branch_dag.py
[2022-02-21 23:59:46,824] {processor.py:642} INFO - Processing file /home/airflow/.local/lib/python3.7/site-packages/airflow/example_dags/example_nested_branch_dag.py for tasks to queue
[2022-02-21 23:59:46,825] {logging_mixin.py:109} INFO - [2022-02-21 23:59:46,825] {dagbag.py:500} INFO - Filling up the DagBag from /home/airflow/.local/lib/python3.7/site-packages/airflow/example_dags/example_nested_branch_dag.py
[2022-02-21 23:59:46,870] {processor.py:654} INFO - DAG(s) dict_keys(['example_nested_branch_dag']) retrieved from /home/airflow/.local/lib/python3.7/site-packages/airflow/example_dags/example_nested_branch_dag.py
[2022-02-21 23:59:46,886] {logging_mixin.py:109} INFO - [2022-02-21 23:59:46,886] {dag.py:2396} INFO - Sync 1 DAGs
[2022-02-21 23:59:46,906] {logging_mixin.py:109} INFO - [2022-02-21 23:59:46,906] {dag.py:2935} INFO - Setting next_dagrun for example_nested_branch_dag to 2022-02-20 00:00:00+00:00
[2022-02-21 23:59:46,925] {processor.py:171} INFO - Processing /home/airflow/.local/lib/python3.7/site-packages/airflow/example_dags/example_nested_branch_dag.py took 0.108 seconds
