[2022-02-21 23:50:35,771] {processor.py:163} INFO - Started process (PID=100) to work on /home/airflow/.local/lib/python3.7/site-packages/airflow/example_dags/example_xcom.py
[2022-02-21 23:50:35,790] {processor.py:642} INFO - Processing file /home/airflow/.local/lib/python3.7/site-packages/airflow/example_dags/example_xcom.py for tasks to queue
[2022-02-21 23:50:35,796] {logging_mixin.py:109} INFO - [2022-02-21 23:50:35,793] {dagbag.py:500} INFO - Filling up the DagBag from /home/airflow/.local/lib/python3.7/site-packages/airflow/example_dags/example_xcom.py
[2022-02-21 23:50:36,159] {processor.py:654} INFO - DAG(s) dict_keys(['example_xcom']) retrieved from /home/airflow/.local/lib/python3.7/site-packages/airflow/example_dags/example_xcom.py
[2022-02-21 23:50:39,007] {logging_mixin.py:109} INFO - [2022-02-21 23:50:39,007] {dag.py:2396} INFO - Sync 1 DAGs
[2022-02-21 23:50:39,080] {logging_mixin.py:109} INFO - [2022-02-21 23:50:39,080] {dag.py:2935} INFO - Setting next_dagrun for example_xcom to 2021-01-01T00:00:00+00:00
[2022-02-21 23:50:39,152] {processor.py:171} INFO - Processing /home/airflow/.local/lib/python3.7/site-packages/airflow/example_dags/example_xcom.py took 3.461 seconds
[2022-02-21 23:51:28,384] {processor.py:163} INFO - Started process (PID=148) to work on /home/airflow/.local/lib/python3.7/site-packages/airflow/example_dags/example_xcom.py
[2022-02-21 23:51:28,389] {processor.py:642} INFO - Processing file /home/airflow/.local/lib/python3.7/site-packages/airflow/example_dags/example_xcom.py for tasks to queue
[2022-02-21 23:51:28,403] {logging_mixin.py:109} INFO - [2022-02-21 23:51:28,403] {dagbag.py:500} INFO - Filling up the DagBag from /home/airflow/.local/lib/python3.7/site-packages/airflow/example_dags/example_xcom.py
[2022-02-21 23:51:28,756] {processor.py:654} INFO - DAG(s) dict_keys(['example_xcom']) retrieved from /home/airflow/.local/lib/python3.7/site-packages/airflow/example_dags/example_xcom.py
[2022-02-21 23:51:31,810] {logging_mixin.py:109} INFO - [2022-02-21 23:51:31,810] {dag.py:2396} INFO - Sync 1 DAGs
[2022-02-21 23:51:32,368] {logging_mixin.py:109} INFO - [2022-02-21 23:51:32,368] {dag.py:2935} INFO - Setting next_dagrun for example_xcom to 2021-01-01T00:00:00+00:00
[2022-02-21 23:51:32,480] {processor.py:171} INFO - Processing /home/airflow/.local/lib/python3.7/site-packages/airflow/example_dags/example_xcom.py took 4.155 seconds
[2022-02-21 23:52:02,685] {processor.py:163} INFO - Started process (PID=194) to work on /home/airflow/.local/lib/python3.7/site-packages/airflow/example_dags/example_xcom.py
[2022-02-21 23:52:02,688] {processor.py:642} INFO - Processing file /home/airflow/.local/lib/python3.7/site-packages/airflow/example_dags/example_xcom.py for tasks to queue
[2022-02-21 23:52:02,690] {logging_mixin.py:109} INFO - [2022-02-21 23:52:02,690] {dagbag.py:500} INFO - Filling up the DagBag from /home/airflow/.local/lib/python3.7/site-packages/airflow/example_dags/example_xcom.py
[2022-02-21 23:52:02,771] {processor.py:654} INFO - DAG(s) dict_keys(['example_xcom']) retrieved from /home/airflow/.local/lib/python3.7/site-packages/airflow/example_dags/example_xcom.py
[2022-02-21 23:52:03,378] {logging_mixin.py:109} INFO - [2022-02-21 23:52:03,378] {dag.py:2396} INFO - Sync 1 DAGs
[2022-02-21 23:52:03,415] {logging_mixin.py:109} INFO - [2022-02-21 23:52:03,415] {dag.py:2935} INFO - Setting next_dagrun for example_xcom to 2021-01-01T00:00:00+00:00
[2022-02-21 23:52:03,443] {processor.py:171} INFO - Processing /home/airflow/.local/lib/python3.7/site-packages/airflow/example_dags/example_xcom.py took 0.771 seconds
[2022-02-21 23:52:34,229] {processor.py:163} INFO - Started process (PID=258) to work on /home/airflow/.local/lib/python3.7/site-packages/airflow/example_dags/example_xcom.py
[2022-02-21 23:52:34,233] {processor.py:642} INFO - Processing file /home/airflow/.local/lib/python3.7/site-packages/airflow/example_dags/example_xcom.py for tasks to queue
[2022-02-21 23:52:34,234] {logging_mixin.py:109} INFO - [2022-02-21 23:52:34,234] {dagbag.py:500} INFO - Filling up the DagBag from /home/airflow/.local/lib/python3.7/site-packages/airflow/example_dags/example_xcom.py
[2022-02-21 23:52:34,353] {processor.py:654} INFO - DAG(s) dict_keys(['example_xcom']) retrieved from /home/airflow/.local/lib/python3.7/site-packages/airflow/example_dags/example_xcom.py
[2022-02-21 23:52:35,458] {logging_mixin.py:109} INFO - [2022-02-21 23:52:35,457] {dag.py:2396} INFO - Sync 1 DAGs
[2022-02-21 23:52:35,479] {logging_mixin.py:109} INFO - [2022-02-21 23:52:35,479] {dag.py:2935} INFO - Setting next_dagrun for example_xcom to 2021-01-01T00:00:00+00:00
[2022-02-21 23:52:35,495] {processor.py:171} INFO - Processing /home/airflow/.local/lib/python3.7/site-packages/airflow/example_dags/example_xcom.py took 1.270 seconds
[2022-02-21 23:53:05,713] {processor.py:163} INFO - Started process (PID=309) to work on /home/airflow/.local/lib/python3.7/site-packages/airflow/example_dags/example_xcom.py
[2022-02-21 23:53:05,741] {processor.py:642} INFO - Processing file /home/airflow/.local/lib/python3.7/site-packages/airflow/example_dags/example_xcom.py for tasks to queue
[2022-02-21 23:53:05,756] {logging_mixin.py:109} INFO - [2022-02-21 23:53:05,756] {dagbag.py:500} INFO - Filling up the DagBag from /home/airflow/.local/lib/python3.7/site-packages/airflow/example_dags/example_xcom.py
[2022-02-21 23:53:05,925] {processor.py:654} INFO - DAG(s) dict_keys(['example_xcom']) retrieved from /home/airflow/.local/lib/python3.7/site-packages/airflow/example_dags/example_xcom.py
[2022-02-21 23:53:06,466] {logging_mixin.py:109} INFO - [2022-02-21 23:53:06,465] {dag.py:2396} INFO - Sync 1 DAGs
[2022-02-21 23:53:06,503] {logging_mixin.py:109} INFO - [2022-02-21 23:53:06,503] {dag.py:2935} INFO - Setting next_dagrun for example_xcom to 2021-01-01T00:00:00+00:00
[2022-02-21 23:53:06,540] {processor.py:171} INFO - Processing /home/airflow/.local/lib/python3.7/site-packages/airflow/example_dags/example_xcom.py took 0.853 seconds
[2022-02-21 23:53:36,786] {processor.py:163} INFO - Started process (PID=364) to work on /home/airflow/.local/lib/python3.7/site-packages/airflow/example_dags/example_xcom.py
[2022-02-21 23:53:36,799] {processor.py:642} INFO - Processing file /home/airflow/.local/lib/python3.7/site-packages/airflow/example_dags/example_xcom.py for tasks to queue
[2022-02-21 23:53:36,801] {logging_mixin.py:109} INFO - [2022-02-21 23:53:36,801] {dagbag.py:500} INFO - Filling up the DagBag from /home/airflow/.local/lib/python3.7/site-packages/airflow/example_dags/example_xcom.py
[2022-02-21 23:53:36,946] {processor.py:654} INFO - DAG(s) dict_keys(['example_xcom']) retrieved from /home/airflow/.local/lib/python3.7/site-packages/airflow/example_dags/example_xcom.py
[2022-02-21 23:53:37,529] {logging_mixin.py:109} INFO - [2022-02-21 23:53:37,529] {dag.py:2396} INFO - Sync 1 DAGs
[2022-02-21 23:53:37,559] {logging_mixin.py:109} INFO - [2022-02-21 23:53:37,559] {dag.py:2935} INFO - Setting next_dagrun for example_xcom to 2021-01-01T00:00:00+00:00
[2022-02-21 23:53:37,637] {processor.py:171} INFO - Processing /home/airflow/.local/lib/python3.7/site-packages/airflow/example_dags/example_xcom.py took 0.870 seconds
[2022-02-21 23:54:08,362] {processor.py:163} INFO - Started process (PID=419) to work on /home/airflow/.local/lib/python3.7/site-packages/airflow/example_dags/example_xcom.py
[2022-02-21 23:54:08,367] {processor.py:642} INFO - Processing file /home/airflow/.local/lib/python3.7/site-packages/airflow/example_dags/example_xcom.py for tasks to queue
[2022-02-21 23:54:08,373] {logging_mixin.py:109} INFO - [2022-02-21 23:54:08,373] {dagbag.py:500} INFO - Filling up the DagBag from /home/airflow/.local/lib/python3.7/site-packages/airflow/example_dags/example_xcom.py
[2022-02-21 23:54:08,429] {processor.py:654} INFO - DAG(s) dict_keys(['example_xcom']) retrieved from /home/airflow/.local/lib/python3.7/site-packages/airflow/example_dags/example_xcom.py
[2022-02-21 23:54:08,757] {logging_mixin.py:109} INFO - [2022-02-21 23:54:08,757] {dag.py:2396} INFO - Sync 1 DAGs
[2022-02-21 23:54:08,782] {logging_mixin.py:109} INFO - [2022-02-21 23:54:08,782] {dag.py:2935} INFO - Setting next_dagrun for example_xcom to 2021-01-01T00:00:00+00:00
[2022-02-21 23:54:08,804] {processor.py:171} INFO - Processing /home/airflow/.local/lib/python3.7/site-packages/airflow/example_dags/example_xcom.py took 0.496 seconds
[2022-02-21 23:54:39,076] {processor.py:163} INFO - Started process (PID=471) to work on /home/airflow/.local/lib/python3.7/site-packages/airflow/example_dags/example_xcom.py
[2022-02-21 23:54:39,082] {processor.py:642} INFO - Processing file /home/airflow/.local/lib/python3.7/site-packages/airflow/example_dags/example_xcom.py for tasks to queue
[2022-02-21 23:54:39,086] {logging_mixin.py:109} INFO - [2022-02-21 23:54:39,086] {dagbag.py:500} INFO - Filling up the DagBag from /home/airflow/.local/lib/python3.7/site-packages/airflow/example_dags/example_xcom.py
[2022-02-21 23:54:39,257] {processor.py:654} INFO - DAG(s) dict_keys(['example_xcom']) retrieved from /home/airflow/.local/lib/python3.7/site-packages/airflow/example_dags/example_xcom.py
[2022-02-21 23:54:41,007] {logging_mixin.py:109} INFO - [2022-02-21 23:54:40,999] {dag.py:2396} INFO - Sync 1 DAGs
[2022-02-21 23:54:41,345] {logging_mixin.py:109} INFO - [2022-02-21 23:54:41,345] {dag.py:2935} INFO - Setting next_dagrun for example_xcom to 2021-01-01T00:00:00+00:00
[2022-02-21 23:54:41,426] {processor.py:171} INFO - Processing /home/airflow/.local/lib/python3.7/site-packages/airflow/example_dags/example_xcom.py took 2.364 seconds
[2022-02-21 23:55:11,741] {processor.py:163} INFO - Started process (PID=524) to work on /home/airflow/.local/lib/python3.7/site-packages/airflow/example_dags/example_xcom.py
[2022-02-21 23:55:11,750] {processor.py:642} INFO - Processing file /home/airflow/.local/lib/python3.7/site-packages/airflow/example_dags/example_xcom.py for tasks to queue
[2022-02-21 23:55:11,756] {logging_mixin.py:109} INFO - [2022-02-21 23:55:11,756] {dagbag.py:500} INFO - Filling up the DagBag from /home/airflow/.local/lib/python3.7/site-packages/airflow/example_dags/example_xcom.py
[2022-02-21 23:55:12,118] {processor.py:654} INFO - DAG(s) dict_keys(['example_xcom']) retrieved from /home/airflow/.local/lib/python3.7/site-packages/airflow/example_dags/example_xcom.py
[2022-02-21 23:55:13,511] {logging_mixin.py:109} INFO - [2022-02-21 23:55:13,511] {dag.py:2396} INFO - Sync 1 DAGs
[2022-02-21 23:55:13,565] {logging_mixin.py:109} INFO - [2022-02-21 23:55:13,565] {dag.py:2935} INFO - Setting next_dagrun for example_xcom to 2021-01-01T00:00:00+00:00
[2022-02-21 23:55:13,612] {processor.py:171} INFO - Processing /home/airflow/.local/lib/python3.7/site-packages/airflow/example_dags/example_xcom.py took 1.879 seconds
[2022-02-21 23:55:43,806] {processor.py:163} INFO - Started process (PID=578) to work on /home/airflow/.local/lib/python3.7/site-packages/airflow/example_dags/example_xcom.py
[2022-02-21 23:55:43,808] {processor.py:642} INFO - Processing file /home/airflow/.local/lib/python3.7/site-packages/airflow/example_dags/example_xcom.py for tasks to queue
[2022-02-21 23:55:43,810] {logging_mixin.py:109} INFO - [2022-02-21 23:55:43,810] {dagbag.py:500} INFO - Filling up the DagBag from /home/airflow/.local/lib/python3.7/site-packages/airflow/example_dags/example_xcom.py
[2022-02-21 23:55:43,849] {processor.py:654} INFO - DAG(s) dict_keys(['example_xcom']) retrieved from /home/airflow/.local/lib/python3.7/site-packages/airflow/example_dags/example_xcom.py
[2022-02-21 23:55:44,218] {logging_mixin.py:109} INFO - [2022-02-21 23:55:44,218] {dag.py:2396} INFO - Sync 1 DAGs
[2022-02-21 23:55:44,240] {logging_mixin.py:109} INFO - [2022-02-21 23:55:44,240] {dag.py:2935} INFO - Setting next_dagrun for example_xcom to 2021-01-01T00:00:00+00:00
[2022-02-21 23:55:44,258] {processor.py:171} INFO - Processing /home/airflow/.local/lib/python3.7/site-packages/airflow/example_dags/example_xcom.py took 0.457 seconds
[2022-02-21 23:56:14,574] {processor.py:163} INFO - Started process (PID=631) to work on /home/airflow/.local/lib/python3.7/site-packages/airflow/example_dags/example_xcom.py
[2022-02-21 23:56:14,582] {processor.py:642} INFO - Processing file /home/airflow/.local/lib/python3.7/site-packages/airflow/example_dags/example_xcom.py for tasks to queue
[2022-02-21 23:56:14,588] {logging_mixin.py:109} INFO - [2022-02-21 23:56:14,586] {dagbag.py:500} INFO - Filling up the DagBag from /home/airflow/.local/lib/python3.7/site-packages/airflow/example_dags/example_xcom.py
[2022-02-21 23:56:14,673] {processor.py:654} INFO - DAG(s) dict_keys(['example_xcom']) retrieved from /home/airflow/.local/lib/python3.7/site-packages/airflow/example_dags/example_xcom.py
[2022-02-21 23:56:14,707] {logging_mixin.py:109} INFO - [2022-02-21 23:56:14,706] {dag.py:2396} INFO - Sync 1 DAGs
[2022-02-21 23:56:14,762] {logging_mixin.py:109} INFO - [2022-02-21 23:56:14,762] {dag.py:2935} INFO - Setting next_dagrun for example_xcom to 2021-01-01T00:00:00+00:00
[2022-02-21 23:56:14,785] {processor.py:171} INFO - Processing /home/airflow/.local/lib/python3.7/site-packages/airflow/example_dags/example_xcom.py took 0.230 seconds
[2022-02-21 23:56:45,257] {processor.py:163} INFO - Started process (PID=686) to work on /home/airflow/.local/lib/python3.7/site-packages/airflow/example_dags/example_xcom.py
[2022-02-21 23:56:45,261] {processor.py:642} INFO - Processing file /home/airflow/.local/lib/python3.7/site-packages/airflow/example_dags/example_xcom.py for tasks to queue
[2022-02-21 23:56:45,264] {logging_mixin.py:109} INFO - [2022-02-21 23:56:45,264] {dagbag.py:500} INFO - Filling up the DagBag from /home/airflow/.local/lib/python3.7/site-packages/airflow/example_dags/example_xcom.py
[2022-02-21 23:56:45,330] {processor.py:654} INFO - DAG(s) dict_keys(['example_xcom']) retrieved from /home/airflow/.local/lib/python3.7/site-packages/airflow/example_dags/example_xcom.py
[2022-02-21 23:56:45,774] {logging_mixin.py:109} INFO - [2022-02-21 23:56:45,774] {dag.py:2396} INFO - Sync 1 DAGs
[2022-02-21 23:56:45,807] {logging_mixin.py:109} INFO - [2022-02-21 23:56:45,807] {dag.py:2935} INFO - Setting next_dagrun for example_xcom to 2021-01-01T00:00:00+00:00
[2022-02-21 23:56:45,833] {processor.py:171} INFO - Processing /home/airflow/.local/lib/python3.7/site-packages/airflow/example_dags/example_xcom.py took 0.583 seconds
[2022-02-21 23:57:15,904] {processor.py:163} INFO - Started process (PID=741) to work on /home/airflow/.local/lib/python3.7/site-packages/airflow/example_dags/example_xcom.py
[2022-02-21 23:57:15,907] {processor.py:642} INFO - Processing file /home/airflow/.local/lib/python3.7/site-packages/airflow/example_dags/example_xcom.py for tasks to queue
[2022-02-21 23:57:15,909] {logging_mixin.py:109} INFO - [2022-02-21 23:57:15,909] {dagbag.py:500} INFO - Filling up the DagBag from /home/airflow/.local/lib/python3.7/site-packages/airflow/example_dags/example_xcom.py
[2022-02-21 23:57:15,954] {processor.py:654} INFO - DAG(s) dict_keys(['example_xcom']) retrieved from /home/airflow/.local/lib/python3.7/site-packages/airflow/example_dags/example_xcom.py
[2022-02-21 23:57:16,213] {logging_mixin.py:109} INFO - [2022-02-21 23:57:16,213] {dag.py:2396} INFO - Sync 1 DAGs
[2022-02-21 23:57:16,228] {logging_mixin.py:109} INFO - [2022-02-21 23:57:16,228] {dag.py:2935} INFO - Setting next_dagrun for example_xcom to 2021-01-01T00:00:00+00:00
[2022-02-21 23:57:16,241] {processor.py:171} INFO - Processing /home/airflow/.local/lib/python3.7/site-packages/airflow/example_dags/example_xcom.py took 0.341 seconds
[2022-02-21 23:57:46,435] {processor.py:163} INFO - Started process (PID=794) to work on /home/airflow/.local/lib/python3.7/site-packages/airflow/example_dags/example_xcom.py
[2022-02-21 23:57:46,450] {processor.py:642} INFO - Processing file /home/airflow/.local/lib/python3.7/site-packages/airflow/example_dags/example_xcom.py for tasks to queue
[2022-02-21 23:57:46,461] {logging_mixin.py:109} INFO - [2022-02-21 23:57:46,459] {dagbag.py:500} INFO - Filling up the DagBag from /home/airflow/.local/lib/python3.7/site-packages/airflow/example_dags/example_xcom.py
[2022-02-21 23:57:46,609] {processor.py:654} INFO - DAG(s) dict_keys(['example_xcom']) retrieved from /home/airflow/.local/lib/python3.7/site-packages/airflow/example_dags/example_xcom.py
[2022-02-21 23:57:47,729] {logging_mixin.py:109} INFO - [2022-02-21 23:57:47,728] {dag.py:2396} INFO - Sync 1 DAGs
[2022-02-21 23:57:47,784] {logging_mixin.py:109} INFO - [2022-02-21 23:57:47,784] {dag.py:2935} INFO - Setting next_dagrun for example_xcom to 2021-01-01T00:00:00+00:00
[2022-02-21 23:57:47,825] {processor.py:171} INFO - Processing /home/airflow/.local/lib/python3.7/site-packages/airflow/example_dags/example_xcom.py took 1.433 seconds
[2022-02-21 23:58:17,953] {processor.py:163} INFO - Started process (PID=852) to work on /home/airflow/.local/lib/python3.7/site-packages/airflow/example_dags/example_xcom.py
[2022-02-21 23:58:17,958] {processor.py:642} INFO - Processing file /home/airflow/.local/lib/python3.7/site-packages/airflow/example_dags/example_xcom.py for tasks to queue
[2022-02-21 23:58:17,962] {logging_mixin.py:109} INFO - [2022-02-21 23:58:17,961] {dagbag.py:500} INFO - Filling up the DagBag from /home/airflow/.local/lib/python3.7/site-packages/airflow/example_dags/example_xcom.py
[2022-02-21 23:58:18,036] {processor.py:654} INFO - DAG(s) dict_keys(['example_xcom']) retrieved from /home/airflow/.local/lib/python3.7/site-packages/airflow/example_dags/example_xcom.py
[2022-02-21 23:58:18,412] {logging_mixin.py:109} INFO - [2022-02-21 23:58:18,412] {dag.py:2396} INFO - Sync 1 DAGs
[2022-02-21 23:58:18,437] {logging_mixin.py:109} INFO - [2022-02-21 23:58:18,437] {dag.py:2935} INFO - Setting next_dagrun for example_xcom to 2021-01-01T00:00:00+00:00
[2022-02-21 23:58:18,462] {processor.py:171} INFO - Processing /home/airflow/.local/lib/python3.7/site-packages/airflow/example_dags/example_xcom.py took 0.522 seconds
[2022-02-21 23:58:48,647] {processor.py:163} INFO - Started process (PID=907) to work on /home/airflow/.local/lib/python3.7/site-packages/airflow/example_dags/example_xcom.py
[2022-02-21 23:58:48,650] {processor.py:642} INFO - Processing file /home/airflow/.local/lib/python3.7/site-packages/airflow/example_dags/example_xcom.py for tasks to queue
[2022-02-21 23:58:48,653] {logging_mixin.py:109} INFO - [2022-02-21 23:58:48,652] {dagbag.py:500} INFO - Filling up the DagBag from /home/airflow/.local/lib/python3.7/site-packages/airflow/example_dags/example_xcom.py
[2022-02-21 23:58:48,722] {processor.py:654} INFO - DAG(s) dict_keys(['example_xcom']) retrieved from /home/airflow/.local/lib/python3.7/site-packages/airflow/example_dags/example_xcom.py
[2022-02-21 23:58:49,016] {logging_mixin.py:109} INFO - [2022-02-21 23:58:49,016] {dag.py:2396} INFO - Sync 1 DAGs
[2022-02-21 23:58:49,037] {logging_mixin.py:109} INFO - [2022-02-21 23:58:49,036] {dag.py:2935} INFO - Setting next_dagrun for example_xcom to 2021-01-01T00:00:00+00:00
[2022-02-21 23:58:49,052] {processor.py:171} INFO - Processing /home/airflow/.local/lib/python3.7/site-packages/airflow/example_dags/example_xcom.py took 0.412 seconds
[2022-02-21 23:59:19,822] {processor.py:163} INFO - Started process (PID=959) to work on /home/airflow/.local/lib/python3.7/site-packages/airflow/example_dags/example_xcom.py
[2022-02-21 23:59:19,825] {processor.py:642} INFO - Processing file /home/airflow/.local/lib/python3.7/site-packages/airflow/example_dags/example_xcom.py for tasks to queue
[2022-02-21 23:59:19,828] {logging_mixin.py:109} INFO - [2022-02-21 23:59:19,827] {dagbag.py:500} INFO - Filling up the DagBag from /home/airflow/.local/lib/python3.7/site-packages/airflow/example_dags/example_xcom.py
[2022-02-21 23:59:19,975] {processor.py:654} INFO - DAG(s) dict_keys(['example_xcom']) retrieved from /home/airflow/.local/lib/python3.7/site-packages/airflow/example_dags/example_xcom.py
[2022-02-21 23:59:20,473] {logging_mixin.py:109} INFO - [2022-02-21 23:59:20,473] {dag.py:2396} INFO - Sync 1 DAGs
[2022-02-21 23:59:20,494] {logging_mixin.py:109} INFO - [2022-02-21 23:59:20,494] {dag.py:2935} INFO - Setting next_dagrun for example_xcom to 2021-01-01T00:00:00+00:00
[2022-02-21 23:59:20,508] {processor.py:171} INFO - Processing /home/airflow/.local/lib/python3.7/site-packages/airflow/example_dags/example_xcom.py took 0.690 seconds
[2022-02-21 23:59:50,836] {processor.py:163} INFO - Started process (PID=1018) to work on /home/airflow/.local/lib/python3.7/site-packages/airflow/example_dags/example_xcom.py
[2022-02-21 23:59:50,853] {processor.py:642} INFO - Processing file /home/airflow/.local/lib/python3.7/site-packages/airflow/example_dags/example_xcom.py for tasks to queue
[2022-02-21 23:59:50,864] {logging_mixin.py:109} INFO - [2022-02-21 23:59:50,864] {dagbag.py:500} INFO - Filling up the DagBag from /home/airflow/.local/lib/python3.7/site-packages/airflow/example_dags/example_xcom.py
[2022-02-21 23:59:50,926] {processor.py:654} INFO - DAG(s) dict_keys(['example_xcom']) retrieved from /home/airflow/.local/lib/python3.7/site-packages/airflow/example_dags/example_xcom.py
[2022-02-21 23:59:51,486] {logging_mixin.py:109} INFO - [2022-02-21 23:59:51,486] {dag.py:2396} INFO - Sync 1 DAGs
[2022-02-21 23:59:51,513] {logging_mixin.py:109} INFO - [2022-02-21 23:59:51,513] {dag.py:2935} INFO - Setting next_dagrun for example_xcom to 2021-01-01T00:00:00+00:00
[2022-02-21 23:59:51,548] {processor.py:171} INFO - Processing /home/airflow/.local/lib/python3.7/site-packages/airflow/example_dags/example_xcom.py took 0.725 seconds
