[2022-02-21 23:51:10,009] {processor.py:163} INFO - Started process (PID=130) to work on /home/airflow/.local/lib/python3.7/site-packages/airflow/example_dags/tutorial_etl_dag.py
[2022-02-21 23:51:10,037] {processor.py:642} INFO - Processing file /home/airflow/.local/lib/python3.7/site-packages/airflow/example_dags/tutorial_etl_dag.py for tasks to queue
[2022-02-21 23:51:10,065] {logging_mixin.py:109} INFO - [2022-02-21 23:51:10,041] {dagbag.py:500} INFO - Filling up the DagBag from /home/airflow/.local/lib/python3.7/site-packages/airflow/example_dags/tutorial_etl_dag.py
[2022-02-21 23:51:10,587] {processor.py:654} INFO - DAG(s) dict_keys(['tutorial_etl_dag']) retrieved from /home/airflow/.local/lib/python3.7/site-packages/airflow/example_dags/tutorial_etl_dag.py
[2022-02-21 23:51:10,820] {logging_mixin.py:109} INFO - [2022-02-21 23:51:10,819] {dag.py:2396} INFO - Sync 1 DAGs
[2022-02-21 23:51:11,206] {logging_mixin.py:109} INFO - [2022-02-21 23:51:11,206] {dag.py:2935} INFO - Setting next_dagrun for tutorial_etl_dag to None
[2022-02-21 23:51:11,688] {processor.py:171} INFO - Processing /home/airflow/.local/lib/python3.7/site-packages/airflow/example_dags/tutorial_etl_dag.py took 1.702 seconds
[2022-02-21 23:51:46,804] {processor.py:163} INFO - Started process (PID=171) to work on /home/airflow/.local/lib/python3.7/site-packages/airflow/example_dags/tutorial_etl_dag.py
[2022-02-21 23:51:46,813] {processor.py:642} INFO - Processing file /home/airflow/.local/lib/python3.7/site-packages/airflow/example_dags/tutorial_etl_dag.py for tasks to queue
[2022-02-21 23:51:46,825] {logging_mixin.py:109} INFO - [2022-02-21 23:51:46,825] {dagbag.py:500} INFO - Filling up the DagBag from /home/airflow/.local/lib/python3.7/site-packages/airflow/example_dags/tutorial_etl_dag.py
[2022-02-21 23:51:47,125] {processor.py:654} INFO - DAG(s) dict_keys(['tutorial_etl_dag']) retrieved from /home/airflow/.local/lib/python3.7/site-packages/airflow/example_dags/tutorial_etl_dag.py
[2022-02-21 23:51:47,275] {logging_mixin.py:109} INFO - [2022-02-21 23:51:47,267] {dag.py:2396} INFO - Sync 1 DAGs
[2022-02-21 23:51:47,453] {logging_mixin.py:109} INFO - [2022-02-21 23:51:47,453] {dag.py:2935} INFO - Setting next_dagrun for tutorial_etl_dag to None
[2022-02-21 23:51:47,564] {processor.py:171} INFO - Processing /home/airflow/.local/lib/python3.7/site-packages/airflow/example_dags/tutorial_etl_dag.py took 0.803 seconds
[2022-02-21 23:52:18,573] {processor.py:163} INFO - Started process (PID=216) to work on /home/airflow/.local/lib/python3.7/site-packages/airflow/example_dags/tutorial_etl_dag.py
[2022-02-21 23:52:18,576] {processor.py:642} INFO - Processing file /home/airflow/.local/lib/python3.7/site-packages/airflow/example_dags/tutorial_etl_dag.py for tasks to queue
[2022-02-21 23:52:18,579] {logging_mixin.py:109} INFO - [2022-02-21 23:52:18,579] {dagbag.py:500} INFO - Filling up the DagBag from /home/airflow/.local/lib/python3.7/site-packages/airflow/example_dags/tutorial_etl_dag.py
[2022-02-21 23:52:18,627] {processor.py:654} INFO - DAG(s) dict_keys(['tutorial_etl_dag']) retrieved from /home/airflow/.local/lib/python3.7/site-packages/airflow/example_dags/tutorial_etl_dag.py
[2022-02-21 23:52:18,643] {logging_mixin.py:109} INFO - [2022-02-21 23:52:18,643] {dag.py:2396} INFO - Sync 1 DAGs
[2022-02-21 23:52:18,667] {logging_mixin.py:109} INFO - [2022-02-21 23:52:18,667] {dag.py:2935} INFO - Setting next_dagrun for tutorial_etl_dag to None
[2022-02-21 23:52:18,683] {processor.py:171} INFO - Processing /home/airflow/.local/lib/python3.7/site-packages/airflow/example_dags/tutorial_etl_dag.py took 0.128 seconds
[2022-02-21 23:52:48,796] {processor.py:163} INFO - Started process (PID=276) to work on /home/airflow/.local/lib/python3.7/site-packages/airflow/example_dags/tutorial_etl_dag.py
[2022-02-21 23:52:48,798] {processor.py:642} INFO - Processing file /home/airflow/.local/lib/python3.7/site-packages/airflow/example_dags/tutorial_etl_dag.py for tasks to queue
[2022-02-21 23:52:48,801] {logging_mixin.py:109} INFO - [2022-02-21 23:52:48,801] {dagbag.py:500} INFO - Filling up the DagBag from /home/airflow/.local/lib/python3.7/site-packages/airflow/example_dags/tutorial_etl_dag.py
[2022-02-21 23:52:48,948] {processor.py:654} INFO - DAG(s) dict_keys(['tutorial_etl_dag']) retrieved from /home/airflow/.local/lib/python3.7/site-packages/airflow/example_dags/tutorial_etl_dag.py
[2022-02-21 23:52:49,008] {logging_mixin.py:109} INFO - [2022-02-21 23:52:49,008] {dag.py:2396} INFO - Sync 1 DAGs
[2022-02-21 23:52:49,089] {logging_mixin.py:109} INFO - [2022-02-21 23:52:49,089] {dag.py:2935} INFO - Setting next_dagrun for tutorial_etl_dag to None
[2022-02-21 23:52:49,119] {processor.py:171} INFO - Processing /home/airflow/.local/lib/python3.7/site-packages/airflow/example_dags/tutorial_etl_dag.py took 0.333 seconds
[2022-02-21 23:53:19,249] {processor.py:163} INFO - Started process (PID=333) to work on /home/airflow/.local/lib/python3.7/site-packages/airflow/example_dags/tutorial_etl_dag.py
[2022-02-21 23:53:19,254] {processor.py:642} INFO - Processing file /home/airflow/.local/lib/python3.7/site-packages/airflow/example_dags/tutorial_etl_dag.py for tasks to queue
[2022-02-21 23:53:19,259] {logging_mixin.py:109} INFO - [2022-02-21 23:53:19,258] {dagbag.py:500} INFO - Filling up the DagBag from /home/airflow/.local/lib/python3.7/site-packages/airflow/example_dags/tutorial_etl_dag.py
[2022-02-21 23:53:19,319] {processor.py:654} INFO - DAG(s) dict_keys(['tutorial_etl_dag']) retrieved from /home/airflow/.local/lib/python3.7/site-packages/airflow/example_dags/tutorial_etl_dag.py
[2022-02-21 23:53:19,342] {logging_mixin.py:109} INFO - [2022-02-21 23:53:19,342] {dag.py:2396} INFO - Sync 1 DAGs
[2022-02-21 23:53:19,374] {logging_mixin.py:109} INFO - [2022-02-21 23:53:19,374] {dag.py:2935} INFO - Setting next_dagrun for tutorial_etl_dag to None
[2022-02-21 23:53:19,400] {processor.py:171} INFO - Processing /home/airflow/.local/lib/python3.7/site-packages/airflow/example_dags/tutorial_etl_dag.py took 0.164 seconds
[2022-02-21 23:53:49,705] {processor.py:163} INFO - Started process (PID=387) to work on /home/airflow/.local/lib/python3.7/site-packages/airflow/example_dags/tutorial_etl_dag.py
[2022-02-21 23:53:49,712] {processor.py:642} INFO - Processing file /home/airflow/.local/lib/python3.7/site-packages/airflow/example_dags/tutorial_etl_dag.py for tasks to queue
[2022-02-21 23:53:49,715] {logging_mixin.py:109} INFO - [2022-02-21 23:53:49,715] {dagbag.py:500} INFO - Filling up the DagBag from /home/airflow/.local/lib/python3.7/site-packages/airflow/example_dags/tutorial_etl_dag.py
[2022-02-21 23:53:49,815] {processor.py:654} INFO - DAG(s) dict_keys(['tutorial_etl_dag']) retrieved from /home/airflow/.local/lib/python3.7/site-packages/airflow/example_dags/tutorial_etl_dag.py
[2022-02-21 23:53:49,853] {logging_mixin.py:109} INFO - [2022-02-21 23:53:49,853] {dag.py:2396} INFO - Sync 1 DAGs
[2022-02-21 23:53:49,897] {logging_mixin.py:109} INFO - [2022-02-21 23:53:49,897] {dag.py:2935} INFO - Setting next_dagrun for tutorial_etl_dag to None
[2022-02-21 23:53:49,923] {processor.py:171} INFO - Processing /home/airflow/.local/lib/python3.7/site-packages/airflow/example_dags/tutorial_etl_dag.py took 0.222 seconds
[2022-02-21 23:54:20,003] {processor.py:163} INFO - Started process (PID=440) to work on /home/airflow/.local/lib/python3.7/site-packages/airflow/example_dags/tutorial_etl_dag.py
[2022-02-21 23:54:20,015] {processor.py:642} INFO - Processing file /home/airflow/.local/lib/python3.7/site-packages/airflow/example_dags/tutorial_etl_dag.py for tasks to queue
[2022-02-21 23:54:20,017] {logging_mixin.py:109} INFO - [2022-02-21 23:54:20,017] {dagbag.py:500} INFO - Filling up the DagBag from /home/airflow/.local/lib/python3.7/site-packages/airflow/example_dags/tutorial_etl_dag.py
[2022-02-21 23:54:20,109] {processor.py:654} INFO - DAG(s) dict_keys(['tutorial_etl_dag']) retrieved from /home/airflow/.local/lib/python3.7/site-packages/airflow/example_dags/tutorial_etl_dag.py
[2022-02-21 23:54:20,159] {logging_mixin.py:109} INFO - [2022-02-21 23:54:20,158] {dag.py:2396} INFO - Sync 1 DAGs
[2022-02-21 23:54:20,224] {logging_mixin.py:109} INFO - [2022-02-21 23:54:20,220] {dag.py:2935} INFO - Setting next_dagrun for tutorial_etl_dag to None
[2022-02-21 23:54:20,288] {processor.py:171} INFO - Processing /home/airflow/.local/lib/python3.7/site-packages/airflow/example_dags/tutorial_etl_dag.py took 0.300 seconds
[2022-02-21 23:54:50,395] {processor.py:163} INFO - Started process (PID=492) to work on /home/airflow/.local/lib/python3.7/site-packages/airflow/example_dags/tutorial_etl_dag.py
[2022-02-21 23:54:50,404] {processor.py:642} INFO - Processing file /home/airflow/.local/lib/python3.7/site-packages/airflow/example_dags/tutorial_etl_dag.py for tasks to queue
[2022-02-21 23:54:50,406] {logging_mixin.py:109} INFO - [2022-02-21 23:54:50,405] {dagbag.py:500} INFO - Filling up the DagBag from /home/airflow/.local/lib/python3.7/site-packages/airflow/example_dags/tutorial_etl_dag.py
[2022-02-21 23:54:50,497] {processor.py:654} INFO - DAG(s) dict_keys(['tutorial_etl_dag']) retrieved from /home/airflow/.local/lib/python3.7/site-packages/airflow/example_dags/tutorial_etl_dag.py
[2022-02-21 23:54:50,521] {logging_mixin.py:109} INFO - [2022-02-21 23:54:50,520] {dag.py:2396} INFO - Sync 1 DAGs
[2022-02-21 23:54:50,590] {logging_mixin.py:109} INFO - [2022-02-21 23:54:50,588] {dag.py:2935} INFO - Setting next_dagrun for tutorial_etl_dag to None
[2022-02-21 23:54:50,607] {processor.py:171} INFO - Processing /home/airflow/.local/lib/python3.7/site-packages/airflow/example_dags/tutorial_etl_dag.py took 0.217 seconds
[2022-02-21 23:55:20,930] {processor.py:163} INFO - Started process (PID=535) to work on /home/airflow/.local/lib/python3.7/site-packages/airflow/example_dags/tutorial_etl_dag.py
[2022-02-21 23:55:20,934] {processor.py:642} INFO - Processing file /home/airflow/.local/lib/python3.7/site-packages/airflow/example_dags/tutorial_etl_dag.py for tasks to queue
[2022-02-21 23:55:20,937] {logging_mixin.py:109} INFO - [2022-02-21 23:55:20,937] {dagbag.py:500} INFO - Filling up the DagBag from /home/airflow/.local/lib/python3.7/site-packages/airflow/example_dags/tutorial_etl_dag.py
[2022-02-21 23:55:21,037] {processor.py:654} INFO - DAG(s) dict_keys(['tutorial_etl_dag']) retrieved from /home/airflow/.local/lib/python3.7/site-packages/airflow/example_dags/tutorial_etl_dag.py
[2022-02-21 23:55:21,061] {logging_mixin.py:109} INFO - [2022-02-21 23:55:21,061] {dag.py:2396} INFO - Sync 1 DAGs
[2022-02-21 23:55:21,143] {logging_mixin.py:109} INFO - [2022-02-21 23:55:21,142] {dag.py:2935} INFO - Setting next_dagrun for tutorial_etl_dag to None
[2022-02-21 23:55:21,167] {processor.py:171} INFO - Processing /home/airflow/.local/lib/python3.7/site-packages/airflow/example_dags/tutorial_etl_dag.py took 0.265 seconds
[2022-02-21 23:55:51,260] {processor.py:163} INFO - Started process (PID=599) to work on /home/airflow/.local/lib/python3.7/site-packages/airflow/example_dags/tutorial_etl_dag.py
[2022-02-21 23:55:51,262] {processor.py:642} INFO - Processing file /home/airflow/.local/lib/python3.7/site-packages/airflow/example_dags/tutorial_etl_dag.py for tasks to queue
[2022-02-21 23:55:51,264] {logging_mixin.py:109} INFO - [2022-02-21 23:55:51,264] {dagbag.py:500} INFO - Filling up the DagBag from /home/airflow/.local/lib/python3.7/site-packages/airflow/example_dags/tutorial_etl_dag.py
[2022-02-21 23:55:51,307] {processor.py:654} INFO - DAG(s) dict_keys(['tutorial_etl_dag']) retrieved from /home/airflow/.local/lib/python3.7/site-packages/airflow/example_dags/tutorial_etl_dag.py
[2022-02-21 23:55:51,321] {logging_mixin.py:109} INFO - [2022-02-21 23:55:51,321] {dag.py:2396} INFO - Sync 1 DAGs
[2022-02-21 23:55:51,336] {logging_mixin.py:109} INFO - [2022-02-21 23:55:51,336] {dag.py:2935} INFO - Setting next_dagrun for tutorial_etl_dag to None
[2022-02-21 23:55:51,348] {processor.py:171} INFO - Processing /home/airflow/.local/lib/python3.7/site-packages/airflow/example_dags/tutorial_etl_dag.py took 0.094 seconds
[2022-02-21 23:56:21,889] {processor.py:163} INFO - Started process (PID=652) to work on /home/airflow/.local/lib/python3.7/site-packages/airflow/example_dags/tutorial_etl_dag.py
[2022-02-21 23:56:21,897] {processor.py:642} INFO - Processing file /home/airflow/.local/lib/python3.7/site-packages/airflow/example_dags/tutorial_etl_dag.py for tasks to queue
[2022-02-21 23:56:21,902] {logging_mixin.py:109} INFO - [2022-02-21 23:56:21,901] {dagbag.py:500} INFO - Filling up the DagBag from /home/airflow/.local/lib/python3.7/site-packages/airflow/example_dags/tutorial_etl_dag.py
[2022-02-21 23:56:21,976] {processor.py:654} INFO - DAG(s) dict_keys(['tutorial_etl_dag']) retrieved from /home/airflow/.local/lib/python3.7/site-packages/airflow/example_dags/tutorial_etl_dag.py
[2022-02-21 23:56:22,001] {logging_mixin.py:109} INFO - [2022-02-21 23:56:22,001] {dag.py:2396} INFO - Sync 1 DAGs
[2022-02-21 23:56:22,026] {logging_mixin.py:109} INFO - [2022-02-21 23:56:22,025] {dag.py:2935} INFO - Setting next_dagrun for tutorial_etl_dag to None
[2022-02-21 23:56:22,037] {processor.py:171} INFO - Processing /home/airflow/.local/lib/python3.7/site-packages/airflow/example_dags/tutorial_etl_dag.py took 0.177 seconds
[2022-02-21 23:56:52,603] {processor.py:163} INFO - Started process (PID=708) to work on /home/airflow/.local/lib/python3.7/site-packages/airflow/example_dags/tutorial_etl_dag.py
[2022-02-21 23:56:52,612] {processor.py:642} INFO - Processing file /home/airflow/.local/lib/python3.7/site-packages/airflow/example_dags/tutorial_etl_dag.py for tasks to queue
[2022-02-21 23:56:52,618] {logging_mixin.py:109} INFO - [2022-02-21 23:56:52,617] {dagbag.py:500} INFO - Filling up the DagBag from /home/airflow/.local/lib/python3.7/site-packages/airflow/example_dags/tutorial_etl_dag.py
[2022-02-21 23:56:52,695] {processor.py:654} INFO - DAG(s) dict_keys(['tutorial_etl_dag']) retrieved from /home/airflow/.local/lib/python3.7/site-packages/airflow/example_dags/tutorial_etl_dag.py
[2022-02-21 23:56:52,732] {logging_mixin.py:109} INFO - [2022-02-21 23:56:52,732] {dag.py:2396} INFO - Sync 1 DAGs
[2022-02-21 23:56:52,785] {logging_mixin.py:109} INFO - [2022-02-21 23:56:52,784] {dag.py:2935} INFO - Setting next_dagrun for tutorial_etl_dag to None
[2022-02-21 23:56:52,801] {processor.py:171} INFO - Processing /home/airflow/.local/lib/python3.7/site-packages/airflow/example_dags/tutorial_etl_dag.py took 0.218 seconds
[2022-02-21 23:57:24,068] {processor.py:163} INFO - Started process (PID=762) to work on /home/airflow/.local/lib/python3.7/site-packages/airflow/example_dags/tutorial_etl_dag.py
[2022-02-21 23:57:24,084] {processor.py:642} INFO - Processing file /home/airflow/.local/lib/python3.7/site-packages/airflow/example_dags/tutorial_etl_dag.py for tasks to queue
[2022-02-21 23:57:24,095] {logging_mixin.py:109} INFO - [2022-02-21 23:57:24,095] {dagbag.py:500} INFO - Filling up the DagBag from /home/airflow/.local/lib/python3.7/site-packages/airflow/example_dags/tutorial_etl_dag.py
[2022-02-21 23:57:24,229] {processor.py:654} INFO - DAG(s) dict_keys(['tutorial_etl_dag']) retrieved from /home/airflow/.local/lib/python3.7/site-packages/airflow/example_dags/tutorial_etl_dag.py
[2022-02-21 23:57:24,327] {logging_mixin.py:109} INFO - [2022-02-21 23:57:24,294] {dag.py:2396} INFO - Sync 1 DAGs
[2022-02-21 23:57:24,526] {logging_mixin.py:109} INFO - [2022-02-21 23:57:24,526] {dag.py:2935} INFO - Setting next_dagrun for tutorial_etl_dag to None
[2022-02-21 23:57:24,625] {processor.py:171} INFO - Processing /home/airflow/.local/lib/python3.7/site-packages/airflow/example_dags/tutorial_etl_dag.py took 0.602 seconds
[2022-02-21 23:57:55,634] {processor.py:163} INFO - Started process (PID=805) to work on /home/airflow/.local/lib/python3.7/site-packages/airflow/example_dags/tutorial_etl_dag.py
[2022-02-21 23:57:55,638] {processor.py:642} INFO - Processing file /home/airflow/.local/lib/python3.7/site-packages/airflow/example_dags/tutorial_etl_dag.py for tasks to queue
[2022-02-21 23:57:55,640] {logging_mixin.py:109} INFO - [2022-02-21 23:57:55,640] {dagbag.py:500} INFO - Filling up the DagBag from /home/airflow/.local/lib/python3.7/site-packages/airflow/example_dags/tutorial_etl_dag.py
[2022-02-21 23:57:55,678] {processor.py:654} INFO - DAG(s) dict_keys(['tutorial_etl_dag']) retrieved from /home/airflow/.local/lib/python3.7/site-packages/airflow/example_dags/tutorial_etl_dag.py
[2022-02-21 23:57:55,693] {logging_mixin.py:109} INFO - [2022-02-21 23:57:55,692] {dag.py:2396} INFO - Sync 1 DAGs
[2022-02-21 23:57:55,745] {logging_mixin.py:109} INFO - [2022-02-21 23:57:55,745] {dag.py:2935} INFO - Setting next_dagrun for tutorial_etl_dag to None
[2022-02-21 23:57:55,761] {processor.py:171} INFO - Processing /home/airflow/.local/lib/python3.7/site-packages/airflow/example_dags/tutorial_etl_dag.py took 0.131 seconds
[2022-02-21 23:58:26,197] {processor.py:163} INFO - Started process (PID=860) to work on /home/airflow/.local/lib/python3.7/site-packages/airflow/example_dags/tutorial_etl_dag.py
[2022-02-21 23:58:26,200] {processor.py:642} INFO - Processing file /home/airflow/.local/lib/python3.7/site-packages/airflow/example_dags/tutorial_etl_dag.py for tasks to queue
[2022-02-21 23:58:26,203] {logging_mixin.py:109} INFO - [2022-02-21 23:58:26,203] {dagbag.py:500} INFO - Filling up the DagBag from /home/airflow/.local/lib/python3.7/site-packages/airflow/example_dags/tutorial_etl_dag.py
[2022-02-21 23:58:26,248] {processor.py:654} INFO - DAG(s) dict_keys(['tutorial_etl_dag']) retrieved from /home/airflow/.local/lib/python3.7/site-packages/airflow/example_dags/tutorial_etl_dag.py
[2022-02-21 23:58:26,266] {logging_mixin.py:109} INFO - [2022-02-21 23:58:26,265] {dag.py:2396} INFO - Sync 1 DAGs
[2022-02-21 23:58:26,288] {logging_mixin.py:109} INFO - [2022-02-21 23:58:26,287] {dag.py:2935} INFO - Setting next_dagrun for tutorial_etl_dag to None
[2022-02-21 23:58:26,298] {processor.py:171} INFO - Processing /home/airflow/.local/lib/python3.7/site-packages/airflow/example_dags/tutorial_etl_dag.py took 0.108 seconds
[2022-02-21 23:58:56,610] {processor.py:163} INFO - Started process (PID=924) to work on /home/airflow/.local/lib/python3.7/site-packages/airflow/example_dags/tutorial_etl_dag.py
[2022-02-21 23:58:56,617] {processor.py:642} INFO - Processing file /home/airflow/.local/lib/python3.7/site-packages/airflow/example_dags/tutorial_etl_dag.py for tasks to queue
[2022-02-21 23:58:56,620] {logging_mixin.py:109} INFO - [2022-02-21 23:58:56,620] {dagbag.py:500} INFO - Filling up the DagBag from /home/airflow/.local/lib/python3.7/site-packages/airflow/example_dags/tutorial_etl_dag.py
[2022-02-21 23:58:56,698] {processor.py:654} INFO - DAG(s) dict_keys(['tutorial_etl_dag']) retrieved from /home/airflow/.local/lib/python3.7/site-packages/airflow/example_dags/tutorial_etl_dag.py
[2022-02-21 23:58:56,722] {logging_mixin.py:109} INFO - [2022-02-21 23:58:56,722] {dag.py:2396} INFO - Sync 1 DAGs
[2022-02-21 23:58:56,751] {logging_mixin.py:109} INFO - [2022-02-21 23:58:56,751] {dag.py:2935} INFO - Setting next_dagrun for tutorial_etl_dag to None
[2022-02-21 23:58:56,770] {processor.py:171} INFO - Processing /home/airflow/.local/lib/python3.7/site-packages/airflow/example_dags/tutorial_etl_dag.py took 0.168 seconds
[2022-02-21 23:59:27,094] {processor.py:163} INFO - Started process (PID=977) to work on /home/airflow/.local/lib/python3.7/site-packages/airflow/example_dags/tutorial_etl_dag.py
[2022-02-21 23:59:27,100] {processor.py:642} INFO - Processing file /home/airflow/.local/lib/python3.7/site-packages/airflow/example_dags/tutorial_etl_dag.py for tasks to queue
[2022-02-21 23:59:27,104] {logging_mixin.py:109} INFO - [2022-02-21 23:59:27,103] {dagbag.py:500} INFO - Filling up the DagBag from /home/airflow/.local/lib/python3.7/site-packages/airflow/example_dags/tutorial_etl_dag.py
[2022-02-21 23:59:27,167] {processor.py:654} INFO - DAG(s) dict_keys(['tutorial_etl_dag']) retrieved from /home/airflow/.local/lib/python3.7/site-packages/airflow/example_dags/tutorial_etl_dag.py
[2022-02-21 23:59:27,187] {logging_mixin.py:109} INFO - [2022-02-21 23:59:27,187] {dag.py:2396} INFO - Sync 1 DAGs
[2022-02-21 23:59:27,216] {logging_mixin.py:109} INFO - [2022-02-21 23:59:27,216] {dag.py:2935} INFO - Setting next_dagrun for tutorial_etl_dag to None
[2022-02-21 23:59:27,230] {processor.py:171} INFO - Processing /home/airflow/.local/lib/python3.7/site-packages/airflow/example_dags/tutorial_etl_dag.py took 0.148 seconds
[2022-02-21 23:59:57,521] {processor.py:163} INFO - Started process (PID=1028) to work on /home/airflow/.local/lib/python3.7/site-packages/airflow/example_dags/tutorial_etl_dag.py
[2022-02-21 23:59:57,528] {processor.py:642} INFO - Processing file /home/airflow/.local/lib/python3.7/site-packages/airflow/example_dags/tutorial_etl_dag.py for tasks to queue
[2022-02-21 23:59:57,530] {logging_mixin.py:109} INFO - [2022-02-21 23:59:57,529] {dagbag.py:500} INFO - Filling up the DagBag from /home/airflow/.local/lib/python3.7/site-packages/airflow/example_dags/tutorial_etl_dag.py
[2022-02-21 23:59:57,589] {processor.py:654} INFO - DAG(s) dict_keys(['tutorial_etl_dag']) retrieved from /home/airflow/.local/lib/python3.7/site-packages/airflow/example_dags/tutorial_etl_dag.py
[2022-02-21 23:59:57,608] {logging_mixin.py:109} INFO - [2022-02-21 23:59:57,608] {dag.py:2396} INFO - Sync 1 DAGs
[2022-02-21 23:59:57,645] {logging_mixin.py:109} INFO - [2022-02-21 23:59:57,645] {dag.py:2935} INFO - Setting next_dagrun for tutorial_etl_dag to None
[2022-02-21 23:59:57,665] {processor.py:171} INFO - Processing /home/airflow/.local/lib/python3.7/site-packages/airflow/example_dags/tutorial_etl_dag.py took 0.148 seconds
