[2022-02-22 00:00:01,280] {taskinstance.py:1032} INFO - Dependencies all met for <TaskInstance: staging_to_dw.dbt_run scheduled__2022-02-21T00:00:00+00:00 [queued]>
[2022-02-22 00:00:01,294] {taskinstance.py:1032} INFO - Dependencies all met for <TaskInstance: staging_to_dw.dbt_run scheduled__2022-02-21T00:00:00+00:00 [queued]>
[2022-02-22 00:00:01,296] {taskinstance.py:1238} INFO - 
--------------------------------------------------------------------------------
[2022-02-22 00:00:01,297] {taskinstance.py:1239} INFO - Starting attempt 1 of 1
[2022-02-22 00:00:01,298] {taskinstance.py:1240} INFO - 
--------------------------------------------------------------------------------
[2022-02-22 00:00:01,323] {taskinstance.py:1259} INFO - Executing <Task(BashOperator): dbt_run> on 2022-02-21 00:00:00+00:00
[2022-02-22 00:00:01,357] {standard_task_runner.py:76} INFO - Running: ['***', 'tasks', 'run', 'staging_to_dw', 'dbt_run', 'scheduled__2022-02-21T00:00:00+00:00', '--job-id', '65', '--raw', '--subdir', 'DAGS_FOLDER/staging_to_dw.py', '--cfg-path', '/tmp/tmpd5ymr76v', '--error-file', '/tmp/tmpz4kbgdpi']
[2022-02-22 00:00:01,352] {standard_task_runner.py:52} INFO - Started process 497 to run task
[2022-02-22 00:00:01,374] {standard_task_runner.py:77} INFO - Job 65: Subtask dbt_run
[2022-02-22 00:00:01,487] {logging_mixin.py:109} INFO - Running <TaskInstance: staging_to_dw.dbt_run scheduled__2022-02-21T00:00:00+00:00 [running]> on host f20dafecb7fa
[2022-02-22 00:00:01,554] {taskinstance.py:1426} INFO - Exporting the following env vars:
AIRFLOW_CTX_DAG_OWNER=***
AIRFLOW_CTX_DAG_ID=staging_to_dw
AIRFLOW_CTX_TASK_ID=dbt_run
AIRFLOW_CTX_EXECUTION_DATE=2022-02-21T00:00:00+00:00
AIRFLOW_CTX_DAG_RUN_ID=scheduled__2022-02-21T00:00:00+00:00
[2022-02-22 00:00:01,558] {subprocess.py:62} INFO - Tmp dir root location: 
 /tmp
[2022-02-22 00:00:01,561] {subprocess.py:74} INFO - Running command: ['bash', '-c', 'cd /opt/***/dbt && dbt run --profiles-dir .']
[2022-02-22 00:00:01,582] {subprocess.py:85} INFO - Output:
[2022-02-22 00:00:12,689] {subprocess.py:89} INFO - Running with dbt=0.21.1
[2022-02-22 00:00:29,147] {subprocess.py:89} INFO - Found 1 model, 0 tests, 0 snapshots, 0 analyses, 162 macros, 0 operations, 0 seed files, 1 source, 0 exposures
[2022-02-22 00:00:29,152] {subprocess.py:89} INFO - 
[2022-02-22 00:00:29,971] {subprocess.py:89} INFO - 00:00:29 | Concurrency: 1 threads (target='dw')
[2022-02-22 00:00:29,977] {subprocess.py:89} INFO - 00:00:29 |
[2022-02-22 00:00:30,075] {subprocess.py:89} INFO - 00:00:30 | 1 of 1 START table model public.staging_to_datawarehouse............. [RUN]
[2022-02-22 00:00:30,666] {subprocess.py:89} INFO - 00:00:30 | 1 of 1 OK created table model public.staging_to_datawarehouse........ [[32mSELECT 0[0m in 0.58s]
[2022-02-22 00:00:30,899] {subprocess.py:89} INFO - 00:00:30 |
[2022-02-22 00:00:30,913] {subprocess.py:89} INFO - 00:00:30 | Finished running 1 table model in 1.70s.
[2022-02-22 00:00:31,023] {subprocess.py:89} INFO - 
[2022-02-22 00:00:31,045] {subprocess.py:89} INFO - [32mCompleted successfully[0m
[2022-02-22 00:00:31,056] {subprocess.py:89} INFO - 
[2022-02-22 00:00:31,061] {subprocess.py:89} INFO - Done. PASS=1 WARN=0 ERROR=0 SKIP=0 TOTAL=1
[2022-02-22 00:00:33,241] {subprocess.py:93} INFO - Command exited with return code 0
[2022-02-22 00:00:33,385] {taskinstance.py:1277} INFO - Marking task as SUCCESS. dag_id=staging_to_dw, task_id=dbt_run, execution_date=20220221T000000, start_date=20220222T000001, end_date=20220222T000033
[2022-02-22 00:00:33,464] {local_task_job.py:212} WARNING - State of this instance has been externally set to success. Terminating instance.
[2022-02-22 00:00:33,469] {process_utils.py:124} INFO - Sending Signals.SIGTERM to group 497. PIDs of all processes in the group: [497]
[2022-02-22 00:00:33,476] {process_utils.py:75} INFO - Sending the signal Signals.SIGTERM to group 497
[2022-02-22 00:00:33,517] {process_utils.py:70} INFO - Process psutil.Process(pid=497, status='terminated', exitcode=0, started='00:00:00') (497) terminated with exit code 0
