[2022-02-17 21:31:17,510] {taskinstance.py:1032} INFO - Dependencies all met for <TaskInstance: example_bash_operator.runme_2 manual__2022-02-17T21:31:05.956240+00:00 [queued]>
[2022-02-17 21:31:17,745] {taskinstance.py:1032} INFO - Dependencies all met for <TaskInstance: example_bash_operator.runme_2 manual__2022-02-17T21:31:05.956240+00:00 [queued]>
[2022-02-17 21:31:17,771] {taskinstance.py:1238} INFO - 
--------------------------------------------------------------------------------
[2022-02-17 21:31:17,788] {taskinstance.py:1239} INFO - Starting attempt 1 of 1
[2022-02-17 21:31:17,793] {taskinstance.py:1240} INFO - 
--------------------------------------------------------------------------------
[2022-02-17 21:31:18,052] {taskinstance.py:1259} INFO - Executing <Task(BashOperator): runme_2> on 2022-02-17 21:31:05.956240+00:00
[2022-02-17 21:31:18,165] {standard_task_runner.py:52} INFO - Started process 375 to run task
[2022-02-17 21:31:18,262] {standard_task_runner.py:76} INFO - Running: ['***', 'tasks', 'run', 'example_bash_operator', 'runme_2', 'manual__2022-02-17T21:31:05.956240+00:00', '--job-id', '22', '--raw', '--subdir', '/home/***/.local/lib/python3.7/site-packages/***/example_dags/example_bash_operator.py', '--cfg-path', '/tmp/tmp6fkvk68o', '--error-file', '/tmp/tmp9j1_7n5u']
[2022-02-17 21:31:18,268] {standard_task_runner.py:77} INFO - Job 22: Subtask runme_2
[2022-02-17 21:31:18,995] {logging_mixin.py:109} INFO - Running <TaskInstance: example_bash_operator.runme_2 manual__2022-02-17T21:31:05.956240+00:00 [running]> on host bd44ee7f0b09
[2022-02-17 21:31:19,417] {taskinstance.py:1426} INFO - Exporting the following env vars:
AIRFLOW_CTX_DAG_OWNER=***
AIRFLOW_CTX_DAG_ID=example_bash_operator
AIRFLOW_CTX_TASK_ID=runme_2
AIRFLOW_CTX_EXECUTION_DATE=2022-02-17T21:31:05.956240+00:00
AIRFLOW_CTX_DAG_RUN_ID=manual__2022-02-17T21:31:05.956240+00:00
[2022-02-17 21:31:19,419] {subprocess.py:62} INFO - Tmp dir root location: 
 /tmp
[2022-02-17 21:31:19,429] {subprocess.py:74} INFO - Running command: ['bash', '-c', 'echo "example_bash_operator__runme_2__20220217" && sleep 1']
[2022-02-17 21:31:19,510] {subprocess.py:85} INFO - Output:
[2022-02-17 21:31:19,515] {subprocess.py:89} INFO - example_bash_operator__runme_2__20220217
[2022-02-17 21:31:20,520] {subprocess.py:93} INFO - Command exited with return code 0
[2022-02-17 21:31:20,581] {taskinstance.py:1277} INFO - Marking task as SUCCESS. dag_id=example_bash_operator, task_id=runme_2, execution_date=20220217T213105, start_date=20220217T213117, end_date=20220217T213120
[2022-02-17 21:31:20,654] {local_task_job.py:154} INFO - Task exited with return code 0
[2022-02-17 21:31:20,704] {local_task_job.py:264} INFO - 1 downstream tasks scheduled from follow-on schedule check
