[2022-02-18 00:00:06,380] {taskinstance.py:1032} INFO - Dependencies all met for <TaskInstance: example_bash_operator.run_after_loop scheduled__2022-02-17T00:00:00+00:00 [queued]>
[2022-02-18 00:00:06,412] {taskinstance.py:1032} INFO - Dependencies all met for <TaskInstance: example_bash_operator.run_after_loop scheduled__2022-02-17T00:00:00+00:00 [queued]>
[2022-02-18 00:00:06,413] {taskinstance.py:1238} INFO - 
--------------------------------------------------------------------------------
[2022-02-18 00:00:06,414] {taskinstance.py:1239} INFO - Starting attempt 1 of 1
[2022-02-18 00:00:06,415] {taskinstance.py:1240} INFO - 
--------------------------------------------------------------------------------
[2022-02-18 00:00:06,457] {taskinstance.py:1259} INFO - Executing <Task(BashOperator): run_after_loop> on 2022-02-17 00:00:00+00:00
[2022-02-18 00:00:06,461] {standard_task_runner.py:52} INFO - Started process 6735 to run task
[2022-02-18 00:00:06,484] {standard_task_runner.py:76} INFO - Running: ['***', 'tasks', 'run', 'example_bash_operator', 'run_after_loop', 'scheduled__2022-02-17T00:00:00+00:00', '--job-id', '38', '--raw', '--subdir', '/home/***/.local/lib/python3.7/site-packages/***/example_dags/example_bash_operator.py', '--cfg-path', '/tmp/tmp9153ykfz', '--error-file', '/tmp/tmp3libpcil']
[2022-02-18 00:00:06,486] {standard_task_runner.py:77} INFO - Job 38: Subtask run_after_loop
[2022-02-18 00:00:06,587] {logging_mixin.py:109} INFO - Running <TaskInstance: example_bash_operator.run_after_loop scheduled__2022-02-17T00:00:00+00:00 [running]> on host bd44ee7f0b09
[2022-02-18 00:00:06,670] {taskinstance.py:1426} INFO - Exporting the following env vars:
AIRFLOW_CTX_DAG_OWNER=***
AIRFLOW_CTX_DAG_ID=example_bash_operator
AIRFLOW_CTX_TASK_ID=run_after_loop
AIRFLOW_CTX_EXECUTION_DATE=2022-02-17T00:00:00+00:00
AIRFLOW_CTX_DAG_RUN_ID=scheduled__2022-02-17T00:00:00+00:00
[2022-02-18 00:00:06,673] {subprocess.py:62} INFO - Tmp dir root location: 
 /tmp
[2022-02-18 00:00:06,675] {subprocess.py:74} INFO - Running command: ['bash', '-c', 'echo 1']
[2022-02-18 00:00:06,685] {subprocess.py:85} INFO - Output:
[2022-02-18 00:00:06,688] {subprocess.py:89} INFO - 1
[2022-02-18 00:00:06,690] {subprocess.py:93} INFO - Command exited with return code 0
[2022-02-18 00:00:06,715] {taskinstance.py:1277} INFO - Marking task as SUCCESS. dag_id=example_bash_operator, task_id=run_after_loop, execution_date=20220217T000000, start_date=20220218T000006, end_date=20220218T000006
[2022-02-18 00:00:06,777] {local_task_job.py:154} INFO - Task exited with return code 0
[2022-02-18 00:00:06,825] {local_task_job.py:264} INFO - 0 downstream tasks scheduled from follow-on schedule check
