[2022-02-18 23:10:13,335] {processor.py:163} INFO - Started process (PID=4968) to work on /home/airflow/.local/lib/python3.7/site-packages/airflow/example_dags/example_bash_operator.py
[2022-02-18 23:10:13,339] {processor.py:642} INFO - Processing file /home/airflow/.local/lib/python3.7/site-packages/airflow/example_dags/example_bash_operator.py for tasks to queue
[2022-02-18 23:10:13,342] {logging_mixin.py:109} INFO - [2022-02-18 23:10:13,341] {dagbag.py:500} INFO - Filling up the DagBag from /home/airflow/.local/lib/python3.7/site-packages/airflow/example_dags/example_bash_operator.py
[2022-02-18 23:10:13,400] {processor.py:654} INFO - DAG(s) dict_keys(['example_bash_operator']) retrieved from /home/airflow/.local/lib/python3.7/site-packages/airflow/example_dags/example_bash_operator.py
[2022-02-18 23:10:13,416] {logging_mixin.py:109} INFO - [2022-02-18 23:10:13,416] {dag.py:2396} INFO - Sync 1 DAGs
[2022-02-18 23:10:13,463] {logging_mixin.py:109} INFO - [2022-02-18 23:10:13,463] {dag.py:2935} INFO - Setting next_dagrun for example_bash_operator to 2022-02-17 00:00:00+00:00
[2022-02-18 23:10:13,483] {processor.py:171} INFO - Processing /home/airflow/.local/lib/python3.7/site-packages/airflow/example_dags/example_bash_operator.py took 0.158 seconds
[2022-02-18 23:10:43,663] {processor.py:163} INFO - Started process (PID=5020) to work on /home/airflow/.local/lib/python3.7/site-packages/airflow/example_dags/example_bash_operator.py
[2022-02-18 23:10:43,666] {processor.py:642} INFO - Processing file /home/airflow/.local/lib/python3.7/site-packages/airflow/example_dags/example_bash_operator.py for tasks to queue
[2022-02-18 23:10:43,668] {logging_mixin.py:109} INFO - [2022-02-18 23:10:43,668] {dagbag.py:500} INFO - Filling up the DagBag from /home/airflow/.local/lib/python3.7/site-packages/airflow/example_dags/example_bash_operator.py
[2022-02-18 23:10:43,707] {processor.py:654} INFO - DAG(s) dict_keys(['example_bash_operator']) retrieved from /home/airflow/.local/lib/python3.7/site-packages/airflow/example_dags/example_bash_operator.py
[2022-02-18 23:10:43,724] {logging_mixin.py:109} INFO - [2022-02-18 23:10:43,724] {dag.py:2396} INFO - Sync 1 DAGs
[2022-02-18 23:10:43,748] {logging_mixin.py:109} INFO - [2022-02-18 23:10:43,747] {dag.py:2935} INFO - Setting next_dagrun for example_bash_operator to 2022-02-17 00:00:00+00:00
[2022-02-18 23:10:43,760] {processor.py:171} INFO - Processing /home/airflow/.local/lib/python3.7/site-packages/airflow/example_dags/example_bash_operator.py took 0.103 seconds
[2022-02-18 23:11:14,487] {processor.py:163} INFO - Started process (PID=5075) to work on /home/airflow/.local/lib/python3.7/site-packages/airflow/example_dags/example_bash_operator.py
[2022-02-18 23:11:14,493] {processor.py:642} INFO - Processing file /home/airflow/.local/lib/python3.7/site-packages/airflow/example_dags/example_bash_operator.py for tasks to queue
[2022-02-18 23:11:14,501] {logging_mixin.py:109} INFO - [2022-02-18 23:11:14,500] {dagbag.py:500} INFO - Filling up the DagBag from /home/airflow/.local/lib/python3.7/site-packages/airflow/example_dags/example_bash_operator.py
[2022-02-18 23:11:14,588] {processor.py:654} INFO - DAG(s) dict_keys(['example_bash_operator']) retrieved from /home/airflow/.local/lib/python3.7/site-packages/airflow/example_dags/example_bash_operator.py
[2022-02-18 23:11:14,633] {logging_mixin.py:109} INFO - [2022-02-18 23:11:14,633] {dag.py:2396} INFO - Sync 1 DAGs
[2022-02-18 23:11:14,712] {logging_mixin.py:109} INFO - [2022-02-18 23:11:14,712] {dag.py:2935} INFO - Setting next_dagrun for example_bash_operator to 2022-02-17 00:00:00+00:00
[2022-02-18 23:11:14,795] {processor.py:171} INFO - Processing /home/airflow/.local/lib/python3.7/site-packages/airflow/example_dags/example_bash_operator.py took 0.328 seconds
[2022-02-18 23:11:45,234] {processor.py:163} INFO - Started process (PID=5129) to work on /home/airflow/.local/lib/python3.7/site-packages/airflow/example_dags/example_bash_operator.py
[2022-02-18 23:11:45,247] {processor.py:642} INFO - Processing file /home/airflow/.local/lib/python3.7/site-packages/airflow/example_dags/example_bash_operator.py for tasks to queue
[2022-02-18 23:11:45,251] {logging_mixin.py:109} INFO - [2022-02-18 23:11:45,250] {dagbag.py:500} INFO - Filling up the DagBag from /home/airflow/.local/lib/python3.7/site-packages/airflow/example_dags/example_bash_operator.py
[2022-02-18 23:11:45,319] {processor.py:654} INFO - DAG(s) dict_keys(['example_bash_operator']) retrieved from /home/airflow/.local/lib/python3.7/site-packages/airflow/example_dags/example_bash_operator.py
[2022-02-18 23:11:45,332] {logging_mixin.py:109} INFO - [2022-02-18 23:11:45,332] {dag.py:2396} INFO - Sync 1 DAGs
[2022-02-18 23:11:45,351] {logging_mixin.py:109} INFO - [2022-02-18 23:11:45,351] {dag.py:2935} INFO - Setting next_dagrun for example_bash_operator to 2022-02-17 00:00:00+00:00
[2022-02-18 23:11:45,363] {processor.py:171} INFO - Processing /home/airflow/.local/lib/python3.7/site-packages/airflow/example_dags/example_bash_operator.py took 0.133 seconds
[2022-02-18 23:12:16,085] {processor.py:163} INFO - Started process (PID=5192) to work on /home/airflow/.local/lib/python3.7/site-packages/airflow/example_dags/example_bash_operator.py
[2022-02-18 23:12:16,093] {processor.py:642} INFO - Processing file /home/airflow/.local/lib/python3.7/site-packages/airflow/example_dags/example_bash_operator.py for tasks to queue
[2022-02-18 23:12:16,095] {logging_mixin.py:109} INFO - [2022-02-18 23:12:16,095] {dagbag.py:500} INFO - Filling up the DagBag from /home/airflow/.local/lib/python3.7/site-packages/airflow/example_dags/example_bash_operator.py
[2022-02-18 23:12:16,141] {processor.py:654} INFO - DAG(s) dict_keys(['example_bash_operator']) retrieved from /home/airflow/.local/lib/python3.7/site-packages/airflow/example_dags/example_bash_operator.py
[2022-02-18 23:12:16,169] {logging_mixin.py:109} INFO - [2022-02-18 23:12:16,169] {dag.py:2396} INFO - Sync 1 DAGs
[2022-02-18 23:12:16,244] {logging_mixin.py:109} INFO - [2022-02-18 23:12:16,244] {dag.py:2935} INFO - Setting next_dagrun for example_bash_operator to 2022-02-17 00:00:00+00:00
[2022-02-18 23:12:16,257] {processor.py:171} INFO - Processing /home/airflow/.local/lib/python3.7/site-packages/airflow/example_dags/example_bash_operator.py took 0.184 seconds
[2022-02-18 23:12:46,490] {processor.py:163} INFO - Started process (PID=5246) to work on /home/airflow/.local/lib/python3.7/site-packages/airflow/example_dags/example_bash_operator.py
[2022-02-18 23:12:46,495] {processor.py:642} INFO - Processing file /home/airflow/.local/lib/python3.7/site-packages/airflow/example_dags/example_bash_operator.py for tasks to queue
[2022-02-18 23:12:46,498] {logging_mixin.py:109} INFO - [2022-02-18 23:12:46,498] {dagbag.py:500} INFO - Filling up the DagBag from /home/airflow/.local/lib/python3.7/site-packages/airflow/example_dags/example_bash_operator.py
[2022-02-18 23:12:46,551] {processor.py:654} INFO - DAG(s) dict_keys(['example_bash_operator']) retrieved from /home/airflow/.local/lib/python3.7/site-packages/airflow/example_dags/example_bash_operator.py
[2022-02-18 23:12:46,574] {logging_mixin.py:109} INFO - [2022-02-18 23:12:46,574] {dag.py:2396} INFO - Sync 1 DAGs
[2022-02-18 23:12:46,605] {logging_mixin.py:109} INFO - [2022-02-18 23:12:46,605] {dag.py:2935} INFO - Setting next_dagrun for example_bash_operator to 2022-02-17 00:00:00+00:00
[2022-02-18 23:12:46,629] {processor.py:171} INFO - Processing /home/airflow/.local/lib/python3.7/site-packages/airflow/example_dags/example_bash_operator.py took 0.150 seconds
[2022-02-18 23:13:17,578] {processor.py:163} INFO - Started process (PID=5291) to work on /home/airflow/.local/lib/python3.7/site-packages/airflow/example_dags/example_bash_operator.py
[2022-02-18 23:13:17,586] {processor.py:642} INFO - Processing file /home/airflow/.local/lib/python3.7/site-packages/airflow/example_dags/example_bash_operator.py for tasks to queue
[2022-02-18 23:13:17,587] {logging_mixin.py:109} INFO - [2022-02-18 23:13:17,587] {dagbag.py:500} INFO - Filling up the DagBag from /home/airflow/.local/lib/python3.7/site-packages/airflow/example_dags/example_bash_operator.py
[2022-02-18 23:13:17,792] {processor.py:654} INFO - DAG(s) dict_keys(['example_bash_operator']) retrieved from /home/airflow/.local/lib/python3.7/site-packages/airflow/example_dags/example_bash_operator.py
[2022-02-18 23:13:17,861] {logging_mixin.py:109} INFO - [2022-02-18 23:13:17,860] {dag.py:2396} INFO - Sync 1 DAGs
[2022-02-18 23:13:17,921] {logging_mixin.py:109} INFO - [2022-02-18 23:13:17,921] {dag.py:2935} INFO - Setting next_dagrun for example_bash_operator to 2022-02-17 00:00:00+00:00
[2022-02-18 23:13:17,957] {processor.py:171} INFO - Processing /home/airflow/.local/lib/python3.7/site-packages/airflow/example_dags/example_bash_operator.py took 0.388 seconds
[2022-02-18 23:13:49,248] {processor.py:163} INFO - Started process (PID=5344) to work on /home/airflow/.local/lib/python3.7/site-packages/airflow/example_dags/example_bash_operator.py
[2022-02-18 23:13:49,253] {processor.py:642} INFO - Processing file /home/airflow/.local/lib/python3.7/site-packages/airflow/example_dags/example_bash_operator.py for tasks to queue
[2022-02-18 23:13:49,281] {logging_mixin.py:109} INFO - [2022-02-18 23:13:49,281] {dagbag.py:500} INFO - Filling up the DagBag from /home/airflow/.local/lib/python3.7/site-packages/airflow/example_dags/example_bash_operator.py
[2022-02-18 23:13:49,372] {processor.py:654} INFO - DAG(s) dict_keys(['example_bash_operator']) retrieved from /home/airflow/.local/lib/python3.7/site-packages/airflow/example_dags/example_bash_operator.py
[2022-02-18 23:13:49,421] {logging_mixin.py:109} INFO - [2022-02-18 23:13:49,421] {dag.py:2396} INFO - Sync 1 DAGs
[2022-02-18 23:13:49,529] {logging_mixin.py:109} INFO - [2022-02-18 23:13:49,529] {dag.py:2935} INFO - Setting next_dagrun for example_bash_operator to 2022-02-17 00:00:00+00:00
[2022-02-18 23:13:49,560] {processor.py:171} INFO - Processing /home/airflow/.local/lib/python3.7/site-packages/airflow/example_dags/example_bash_operator.py took 0.324 seconds
[2022-02-18 23:14:20,280] {processor.py:163} INFO - Started process (PID=5394) to work on /home/airflow/.local/lib/python3.7/site-packages/airflow/example_dags/example_bash_operator.py
[2022-02-18 23:14:20,283] {processor.py:642} INFO - Processing file /home/airflow/.local/lib/python3.7/site-packages/airflow/example_dags/example_bash_operator.py for tasks to queue
[2022-02-18 23:14:20,286] {logging_mixin.py:109} INFO - [2022-02-18 23:14:20,285] {dagbag.py:500} INFO - Filling up the DagBag from /home/airflow/.local/lib/python3.7/site-packages/airflow/example_dags/example_bash_operator.py
[2022-02-18 23:14:20,327] {processor.py:654} INFO - DAG(s) dict_keys(['example_bash_operator']) retrieved from /home/airflow/.local/lib/python3.7/site-packages/airflow/example_dags/example_bash_operator.py
[2022-02-18 23:14:20,340] {logging_mixin.py:109} INFO - [2022-02-18 23:14:20,339] {dag.py:2396} INFO - Sync 1 DAGs
[2022-02-18 23:14:20,370] {logging_mixin.py:109} INFO - [2022-02-18 23:14:20,370] {dag.py:2935} INFO - Setting next_dagrun for example_bash_operator to 2022-02-17 00:00:00+00:00
[2022-02-18 23:14:20,391] {processor.py:171} INFO - Processing /home/airflow/.local/lib/python3.7/site-packages/airflow/example_dags/example_bash_operator.py took 0.128 seconds
[2022-02-18 23:14:50,720] {processor.py:163} INFO - Started process (PID=5447) to work on /home/airflow/.local/lib/python3.7/site-packages/airflow/example_dags/example_bash_operator.py
[2022-02-18 23:14:50,724] {processor.py:642} INFO - Processing file /home/airflow/.local/lib/python3.7/site-packages/airflow/example_dags/example_bash_operator.py for tasks to queue
[2022-02-18 23:14:50,727] {logging_mixin.py:109} INFO - [2022-02-18 23:14:50,727] {dagbag.py:500} INFO - Filling up the DagBag from /home/airflow/.local/lib/python3.7/site-packages/airflow/example_dags/example_bash_operator.py
[2022-02-18 23:14:50,834] {processor.py:654} INFO - DAG(s) dict_keys(['example_bash_operator']) retrieved from /home/airflow/.local/lib/python3.7/site-packages/airflow/example_dags/example_bash_operator.py
[2022-02-18 23:14:50,879] {logging_mixin.py:109} INFO - [2022-02-18 23:14:50,879] {dag.py:2396} INFO - Sync 1 DAGs
[2022-02-18 23:14:50,931] {logging_mixin.py:109} INFO - [2022-02-18 23:14:50,931] {dag.py:2935} INFO - Setting next_dagrun for example_bash_operator to 2022-02-17 00:00:00+00:00
[2022-02-18 23:14:50,957] {processor.py:171} INFO - Processing /home/airflow/.local/lib/python3.7/site-packages/airflow/example_dags/example_bash_operator.py took 0.247 seconds
