[2022-02-18 23:09:50,748] {processor.py:163} INFO - Started process (PID=4933) to work on /home/airflow/.local/lib/python3.7/site-packages/airflow/example_dags/example_branch_labels.py
[2022-02-18 23:09:50,758] {processor.py:642} INFO - Processing file /home/airflow/.local/lib/python3.7/site-packages/airflow/example_dags/example_branch_labels.py for tasks to queue
[2022-02-18 23:09:50,763] {logging_mixin.py:109} INFO - [2022-02-18 23:09:50,762] {dagbag.py:500} INFO - Filling up the DagBag from /home/airflow/.local/lib/python3.7/site-packages/airflow/example_dags/example_branch_labels.py
[2022-02-18 23:09:50,819] {processor.py:654} INFO - DAG(s) dict_keys(['example_branch_labels']) retrieved from /home/airflow/.local/lib/python3.7/site-packages/airflow/example_dags/example_branch_labels.py
[2022-02-18 23:09:50,859] {logging_mixin.py:109} INFO - [2022-02-18 23:09:50,859] {dag.py:2396} INFO - Sync 1 DAGs
[2022-02-18 23:09:50,919] {logging_mixin.py:109} INFO - [2022-02-18 23:09:50,919] {dag.py:2935} INFO - Setting next_dagrun for example_branch_labels to 2022-02-17 00:00:00+00:00
[2022-02-18 23:09:50,936] {processor.py:171} INFO - Processing /home/airflow/.local/lib/python3.7/site-packages/airflow/example_dags/example_branch_labels.py took 0.200 seconds
[2022-02-18 23:10:21,736] {processor.py:163} INFO - Started process (PID=4985) to work on /home/airflow/.local/lib/python3.7/site-packages/airflow/example_dags/example_branch_labels.py
[2022-02-18 23:10:21,739] {processor.py:642} INFO - Processing file /home/airflow/.local/lib/python3.7/site-packages/airflow/example_dags/example_branch_labels.py for tasks to queue
[2022-02-18 23:10:21,748] {logging_mixin.py:109} INFO - [2022-02-18 23:10:21,748] {dagbag.py:500} INFO - Filling up the DagBag from /home/airflow/.local/lib/python3.7/site-packages/airflow/example_dags/example_branch_labels.py
[2022-02-18 23:10:21,846] {processor.py:654} INFO - DAG(s) dict_keys(['example_branch_labels']) retrieved from /home/airflow/.local/lib/python3.7/site-packages/airflow/example_dags/example_branch_labels.py
[2022-02-18 23:10:21,873] {logging_mixin.py:109} INFO - [2022-02-18 23:10:21,873] {dag.py:2396} INFO - Sync 1 DAGs
[2022-02-18 23:10:21,905] {logging_mixin.py:109} INFO - [2022-02-18 23:10:21,905] {dag.py:2935} INFO - Setting next_dagrun for example_branch_labels to 2022-02-17 00:00:00+00:00
[2022-02-18 23:10:21,979] {processor.py:171} INFO - Processing /home/airflow/.local/lib/python3.7/site-packages/airflow/example_dags/example_branch_labels.py took 0.257 seconds
[2022-02-18 23:10:52,298] {processor.py:163} INFO - Started process (PID=5038) to work on /home/airflow/.local/lib/python3.7/site-packages/airflow/example_dags/example_branch_labels.py
[2022-02-18 23:10:52,302] {processor.py:642} INFO - Processing file /home/airflow/.local/lib/python3.7/site-packages/airflow/example_dags/example_branch_labels.py for tasks to queue
[2022-02-18 23:10:52,305] {logging_mixin.py:109} INFO - [2022-02-18 23:10:52,304] {dagbag.py:500} INFO - Filling up the DagBag from /home/airflow/.local/lib/python3.7/site-packages/airflow/example_dags/example_branch_labels.py
[2022-02-18 23:10:52,339] {processor.py:654} INFO - DAG(s) dict_keys(['example_branch_labels']) retrieved from /home/airflow/.local/lib/python3.7/site-packages/airflow/example_dags/example_branch_labels.py
[2022-02-18 23:10:52,357] {logging_mixin.py:109} INFO - [2022-02-18 23:10:52,357] {dag.py:2396} INFO - Sync 1 DAGs
[2022-02-18 23:10:52,382] {logging_mixin.py:109} INFO - [2022-02-18 23:10:52,382] {dag.py:2935} INFO - Setting next_dagrun for example_branch_labels to 2022-02-17 00:00:00+00:00
[2022-02-18 23:10:52,398] {processor.py:171} INFO - Processing /home/airflow/.local/lib/python3.7/site-packages/airflow/example_dags/example_branch_labels.py took 0.107 seconds
[2022-02-18 23:11:23,352] {processor.py:163} INFO - Started process (PID=5094) to work on /home/airflow/.local/lib/python3.7/site-packages/airflow/example_dags/example_branch_labels.py
[2022-02-18 23:11:23,355] {processor.py:642} INFO - Processing file /home/airflow/.local/lib/python3.7/site-packages/airflow/example_dags/example_branch_labels.py for tasks to queue
[2022-02-18 23:11:23,359] {logging_mixin.py:109} INFO - [2022-02-18 23:11:23,358] {dagbag.py:500} INFO - Filling up the DagBag from /home/airflow/.local/lib/python3.7/site-packages/airflow/example_dags/example_branch_labels.py
[2022-02-18 23:11:23,401] {processor.py:654} INFO - DAG(s) dict_keys(['example_branch_labels']) retrieved from /home/airflow/.local/lib/python3.7/site-packages/airflow/example_dags/example_branch_labels.py
[2022-02-18 23:11:23,422] {logging_mixin.py:109} INFO - [2022-02-18 23:11:23,422] {dag.py:2396} INFO - Sync 1 DAGs
[2022-02-18 23:11:23,444] {logging_mixin.py:109} INFO - [2022-02-18 23:11:23,444] {dag.py:2935} INFO - Setting next_dagrun for example_branch_labels to 2022-02-17 00:00:00+00:00
[2022-02-18 23:11:23,458] {processor.py:171} INFO - Processing /home/airflow/.local/lib/python3.7/site-packages/airflow/example_dags/example_branch_labels.py took 0.111 seconds
[2022-02-18 23:11:53,507] {processor.py:163} INFO - Started process (PID=5147) to work on /home/airflow/.local/lib/python3.7/site-packages/airflow/example_dags/example_branch_labels.py
[2022-02-18 23:11:53,524] {processor.py:642} INFO - Processing file /home/airflow/.local/lib/python3.7/site-packages/airflow/example_dags/example_branch_labels.py for tasks to queue
[2022-02-18 23:11:53,530] {logging_mixin.py:109} INFO - [2022-02-18 23:11:53,529] {dagbag.py:500} INFO - Filling up the DagBag from /home/airflow/.local/lib/python3.7/site-packages/airflow/example_dags/example_branch_labels.py
[2022-02-18 23:11:53,561] {processor.py:654} INFO - DAG(s) dict_keys(['example_branch_labels']) retrieved from /home/airflow/.local/lib/python3.7/site-packages/airflow/example_dags/example_branch_labels.py
[2022-02-18 23:11:53,576] {logging_mixin.py:109} INFO - [2022-02-18 23:11:53,576] {dag.py:2396} INFO - Sync 1 DAGs
[2022-02-18 23:11:53,603] {logging_mixin.py:109} INFO - [2022-02-18 23:11:53,603] {dag.py:2935} INFO - Setting next_dagrun for example_branch_labels to 2022-02-17 00:00:00+00:00
[2022-02-18 23:11:53,616] {processor.py:171} INFO - Processing /home/airflow/.local/lib/python3.7/site-packages/airflow/example_dags/example_branch_labels.py took 0.118 seconds
[2022-02-18 23:12:24,446] {processor.py:163} INFO - Started process (PID=5201) to work on /home/airflow/.local/lib/python3.7/site-packages/airflow/example_dags/example_branch_labels.py
[2022-02-18 23:12:24,448] {processor.py:642} INFO - Processing file /home/airflow/.local/lib/python3.7/site-packages/airflow/example_dags/example_branch_labels.py for tasks to queue
[2022-02-18 23:12:24,450] {logging_mixin.py:109} INFO - [2022-02-18 23:12:24,450] {dagbag.py:500} INFO - Filling up the DagBag from /home/airflow/.local/lib/python3.7/site-packages/airflow/example_dags/example_branch_labels.py
[2022-02-18 23:12:24,490] {processor.py:654} INFO - DAG(s) dict_keys(['example_branch_labels']) retrieved from /home/airflow/.local/lib/python3.7/site-packages/airflow/example_dags/example_branch_labels.py
[2022-02-18 23:12:24,506] {logging_mixin.py:109} INFO - [2022-02-18 23:12:24,506] {dag.py:2396} INFO - Sync 1 DAGs
[2022-02-18 23:12:24,532] {logging_mixin.py:109} INFO - [2022-02-18 23:12:24,532] {dag.py:2935} INFO - Setting next_dagrun for example_branch_labels to 2022-02-17 00:00:00+00:00
[2022-02-18 23:12:24,555] {processor.py:171} INFO - Processing /home/airflow/.local/lib/python3.7/site-packages/airflow/example_dags/example_branch_labels.py took 0.114 seconds
[2022-02-18 23:12:55,558] {processor.py:163} INFO - Started process (PID=5255) to work on /home/airflow/.local/lib/python3.7/site-packages/airflow/example_dags/example_branch_labels.py
[2022-02-18 23:12:55,571] {processor.py:642} INFO - Processing file /home/airflow/.local/lib/python3.7/site-packages/airflow/example_dags/example_branch_labels.py for tasks to queue
[2022-02-18 23:12:55,576] {logging_mixin.py:109} INFO - [2022-02-18 23:12:55,575] {dagbag.py:500} INFO - Filling up the DagBag from /home/airflow/.local/lib/python3.7/site-packages/airflow/example_dags/example_branch_labels.py
[2022-02-18 23:12:55,706] {processor.py:654} INFO - DAG(s) dict_keys(['example_branch_labels']) retrieved from /home/airflow/.local/lib/python3.7/site-packages/airflow/example_dags/example_branch_labels.py
[2022-02-18 23:12:55,831] {logging_mixin.py:109} INFO - [2022-02-18 23:12:55,829] {dag.py:2396} INFO - Sync 1 DAGs
[2022-02-18 23:12:56,102] {logging_mixin.py:109} INFO - [2022-02-18 23:12:56,102] {dag.py:2935} INFO - Setting next_dagrun for example_branch_labels to 2022-02-17 00:00:00+00:00
[2022-02-18 23:12:56,423] {processor.py:171} INFO - Processing /home/airflow/.local/lib/python3.7/site-packages/airflow/example_dags/example_branch_labels.py took 0.880 seconds
[2022-02-18 23:13:26,570] {processor.py:163} INFO - Started process (PID=5310) to work on /home/airflow/.local/lib/python3.7/site-packages/airflow/example_dags/example_branch_labels.py
[2022-02-18 23:13:26,575] {processor.py:642} INFO - Processing file /home/airflow/.local/lib/python3.7/site-packages/airflow/example_dags/example_branch_labels.py for tasks to queue
[2022-02-18 23:13:26,580] {logging_mixin.py:109} INFO - [2022-02-18 23:13:26,578] {dagbag.py:500} INFO - Filling up the DagBag from /home/airflow/.local/lib/python3.7/site-packages/airflow/example_dags/example_branch_labels.py
[2022-02-18 23:13:26,633] {processor.py:654} INFO - DAG(s) dict_keys(['example_branch_labels']) retrieved from /home/airflow/.local/lib/python3.7/site-packages/airflow/example_dags/example_branch_labels.py
[2022-02-18 23:13:26,656] {logging_mixin.py:109} INFO - [2022-02-18 23:13:26,656] {dag.py:2396} INFO - Sync 1 DAGs
[2022-02-18 23:13:26,687] {logging_mixin.py:109} INFO - [2022-02-18 23:13:26,687] {dag.py:2935} INFO - Setting next_dagrun for example_branch_labels to 2022-02-17 00:00:00+00:00
[2022-02-18 23:13:26,700] {processor.py:171} INFO - Processing /home/airflow/.local/lib/python3.7/site-packages/airflow/example_dags/example_branch_labels.py took 0.146 seconds
[2022-02-18 23:13:56,991] {processor.py:163} INFO - Started process (PID=5362) to work on /home/airflow/.local/lib/python3.7/site-packages/airflow/example_dags/example_branch_labels.py
[2022-02-18 23:13:57,010] {processor.py:642} INFO - Processing file /home/airflow/.local/lib/python3.7/site-packages/airflow/example_dags/example_branch_labels.py for tasks to queue
[2022-02-18 23:13:57,012] {logging_mixin.py:109} INFO - [2022-02-18 23:13:57,012] {dagbag.py:500} INFO - Filling up the DagBag from /home/airflow/.local/lib/python3.7/site-packages/airflow/example_dags/example_branch_labels.py
[2022-02-18 23:13:57,073] {processor.py:654} INFO - DAG(s) dict_keys(['example_branch_labels']) retrieved from /home/airflow/.local/lib/python3.7/site-packages/airflow/example_dags/example_branch_labels.py
[2022-02-18 23:13:57,112] {logging_mixin.py:109} INFO - [2022-02-18 23:13:57,112] {dag.py:2396} INFO - Sync 1 DAGs
[2022-02-18 23:13:57,167] {logging_mixin.py:109} INFO - [2022-02-18 23:13:57,167] {dag.py:2935} INFO - Setting next_dagrun for example_branch_labels to 2022-02-17 00:00:00+00:00
[2022-02-18 23:13:57,188] {processor.py:171} INFO - Processing /home/airflow/.local/lib/python3.7/site-packages/airflow/example_dags/example_branch_labels.py took 0.202 seconds
[2022-02-18 23:14:27,609] {processor.py:163} INFO - Started process (PID=5414) to work on /home/airflow/.local/lib/python3.7/site-packages/airflow/example_dags/example_branch_labels.py
[2022-02-18 23:14:27,612] {processor.py:642} INFO - Processing file /home/airflow/.local/lib/python3.7/site-packages/airflow/example_dags/example_branch_labels.py for tasks to queue
[2022-02-18 23:14:27,615] {logging_mixin.py:109} INFO - [2022-02-18 23:14:27,615] {dagbag.py:500} INFO - Filling up the DagBag from /home/airflow/.local/lib/python3.7/site-packages/airflow/example_dags/example_branch_labels.py
[2022-02-18 23:14:27,648] {processor.py:654} INFO - DAG(s) dict_keys(['example_branch_labels']) retrieved from /home/airflow/.local/lib/python3.7/site-packages/airflow/example_dags/example_branch_labels.py
[2022-02-18 23:14:27,658] {logging_mixin.py:109} INFO - [2022-02-18 23:14:27,658] {dag.py:2396} INFO - Sync 1 DAGs
[2022-02-18 23:14:27,675] {logging_mixin.py:109} INFO - [2022-02-18 23:14:27,674] {dag.py:2935} INFO - Setting next_dagrun for example_branch_labels to 2022-02-17 00:00:00+00:00
[2022-02-18 23:14:27,683] {processor.py:171} INFO - Processing /home/airflow/.local/lib/python3.7/site-packages/airflow/example_dags/example_branch_labels.py took 0.078 seconds
