[2022-02-18 23:09:52,342] {processor.py:163} INFO - Started process (PID=4936) to work on /home/airflow/.local/lib/python3.7/site-packages/airflow/example_dags/example_branch_day_of_week_operator.py
[2022-02-18 23:09:52,346] {processor.py:642} INFO - Processing file /home/airflow/.local/lib/python3.7/site-packages/airflow/example_dags/example_branch_day_of_week_operator.py for tasks to queue
[2022-02-18 23:09:52,348] {logging_mixin.py:109} INFO - [2022-02-18 23:09:52,348] {dagbag.py:500} INFO - Filling up the DagBag from /home/airflow/.local/lib/python3.7/site-packages/airflow/example_dags/example_branch_day_of_week_operator.py
[2022-02-18 23:09:52,377] {processor.py:654} INFO - DAG(s) dict_keys(['example_weekday_branch_operator']) retrieved from /home/airflow/.local/lib/python3.7/site-packages/airflow/example_dags/example_branch_day_of_week_operator.py
[2022-02-18 23:09:52,388] {logging_mixin.py:109} INFO - [2022-02-18 23:09:52,387] {dag.py:2396} INFO - Sync 1 DAGs
[2022-02-18 23:09:52,411] {logging_mixin.py:109} INFO - [2022-02-18 23:09:52,411] {dag.py:2935} INFO - Setting next_dagrun for example_weekday_branch_operator to 2022-02-17 00:00:00+00:00
[2022-02-18 23:09:52,430] {processor.py:171} INFO - Processing /home/airflow/.local/lib/python3.7/site-packages/airflow/example_dags/example_branch_day_of_week_operator.py took 0.096 seconds
[2022-02-18 23:10:22,874] {processor.py:163} INFO - Started process (PID=4988) to work on /home/airflow/.local/lib/python3.7/site-packages/airflow/example_dags/example_branch_day_of_week_operator.py
[2022-02-18 23:10:22,876] {processor.py:642} INFO - Processing file /home/airflow/.local/lib/python3.7/site-packages/airflow/example_dags/example_branch_day_of_week_operator.py for tasks to queue
[2022-02-18 23:10:22,878] {logging_mixin.py:109} INFO - [2022-02-18 23:10:22,878] {dagbag.py:500} INFO - Filling up the DagBag from /home/airflow/.local/lib/python3.7/site-packages/airflow/example_dags/example_branch_day_of_week_operator.py
[2022-02-18 23:10:22,909] {processor.py:654} INFO - DAG(s) dict_keys(['example_weekday_branch_operator']) retrieved from /home/airflow/.local/lib/python3.7/site-packages/airflow/example_dags/example_branch_day_of_week_operator.py
[2022-02-18 23:10:22,921] {logging_mixin.py:109} INFO - [2022-02-18 23:10:22,921] {dag.py:2396} INFO - Sync 1 DAGs
[2022-02-18 23:10:22,949] {logging_mixin.py:109} INFO - [2022-02-18 23:10:22,949] {dag.py:2935} INFO - Setting next_dagrun for example_weekday_branch_operator to 2022-02-17 00:00:00+00:00
[2022-02-18 23:10:22,962] {processor.py:171} INFO - Processing /home/airflow/.local/lib/python3.7/site-packages/airflow/example_dags/example_branch_day_of_week_operator.py took 0.092 seconds
[2022-02-18 23:10:53,404] {processor.py:163} INFO - Started process (PID=5040) to work on /home/airflow/.local/lib/python3.7/site-packages/airflow/example_dags/example_branch_day_of_week_operator.py
[2022-02-18 23:10:53,430] {processor.py:642} INFO - Processing file /home/airflow/.local/lib/python3.7/site-packages/airflow/example_dags/example_branch_day_of_week_operator.py for tasks to queue
[2022-02-18 23:10:53,451] {logging_mixin.py:109} INFO - [2022-02-18 23:10:53,450] {dagbag.py:500} INFO - Filling up the DagBag from /home/airflow/.local/lib/python3.7/site-packages/airflow/example_dags/example_branch_day_of_week_operator.py
[2022-02-18 23:10:54,050] {processor.py:654} INFO - DAG(s) dict_keys(['example_weekday_branch_operator']) retrieved from /home/airflow/.local/lib/python3.7/site-packages/airflow/example_dags/example_branch_day_of_week_operator.py
[2022-02-18 23:10:54,169] {logging_mixin.py:109} INFO - [2022-02-18 23:10:54,169] {dag.py:2396} INFO - Sync 1 DAGs
[2022-02-18 23:10:54,257] {logging_mixin.py:109} INFO - [2022-02-18 23:10:54,256] {dag.py:2935} INFO - Setting next_dagrun for example_weekday_branch_operator to 2022-02-17 00:00:00+00:00
[2022-02-18 23:10:54,344] {processor.py:171} INFO - Processing /home/airflow/.local/lib/python3.7/site-packages/airflow/example_dags/example_branch_day_of_week_operator.py took 0.963 seconds
[2022-02-18 23:11:24,436] {processor.py:163} INFO - Started process (PID=5096) to work on /home/airflow/.local/lib/python3.7/site-packages/airflow/example_dags/example_branch_day_of_week_operator.py
[2022-02-18 23:11:24,441] {processor.py:642} INFO - Processing file /home/airflow/.local/lib/python3.7/site-packages/airflow/example_dags/example_branch_day_of_week_operator.py for tasks to queue
[2022-02-18 23:11:24,462] {logging_mixin.py:109} INFO - [2022-02-18 23:11:24,461] {dagbag.py:500} INFO - Filling up the DagBag from /home/airflow/.local/lib/python3.7/site-packages/airflow/example_dags/example_branch_day_of_week_operator.py
[2022-02-18 23:11:24,552] {processor.py:654} INFO - DAG(s) dict_keys(['example_weekday_branch_operator']) retrieved from /home/airflow/.local/lib/python3.7/site-packages/airflow/example_dags/example_branch_day_of_week_operator.py
[2022-02-18 23:11:24,584] {logging_mixin.py:109} INFO - [2022-02-18 23:11:24,584] {dag.py:2396} INFO - Sync 1 DAGs
[2022-02-18 23:11:24,622] {logging_mixin.py:109} INFO - [2022-02-18 23:11:24,622] {dag.py:2935} INFO - Setting next_dagrun for example_weekday_branch_operator to 2022-02-17 00:00:00+00:00
[2022-02-18 23:11:24,666] {processor.py:171} INFO - Processing /home/airflow/.local/lib/python3.7/site-packages/airflow/example_dags/example_branch_day_of_week_operator.py took 0.238 seconds
[2022-02-18 23:11:55,661] {processor.py:163} INFO - Started process (PID=5149) to work on /home/airflow/.local/lib/python3.7/site-packages/airflow/example_dags/example_branch_day_of_week_operator.py
[2022-02-18 23:11:55,666] {processor.py:642} INFO - Processing file /home/airflow/.local/lib/python3.7/site-packages/airflow/example_dags/example_branch_day_of_week_operator.py for tasks to queue
[2022-02-18 23:11:55,670] {logging_mixin.py:109} INFO - [2022-02-18 23:11:55,669] {dagbag.py:500} INFO - Filling up the DagBag from /home/airflow/.local/lib/python3.7/site-packages/airflow/example_dags/example_branch_day_of_week_operator.py
[2022-02-18 23:11:55,734] {processor.py:654} INFO - DAG(s) dict_keys(['example_weekday_branch_operator']) retrieved from /home/airflow/.local/lib/python3.7/site-packages/airflow/example_dags/example_branch_day_of_week_operator.py
[2022-02-18 23:11:55,751] {logging_mixin.py:109} INFO - [2022-02-18 23:11:55,751] {dag.py:2396} INFO - Sync 1 DAGs
[2022-02-18 23:11:55,773] {logging_mixin.py:109} INFO - [2022-02-18 23:11:55,772] {dag.py:2935} INFO - Setting next_dagrun for example_weekday_branch_operator to 2022-02-17 00:00:00+00:00
[2022-02-18 23:11:55,785] {processor.py:171} INFO - Processing /home/airflow/.local/lib/python3.7/site-packages/airflow/example_dags/example_branch_day_of_week_operator.py took 0.142 seconds
[2022-02-18 23:12:26,503] {processor.py:163} INFO - Started process (PID=5203) to work on /home/airflow/.local/lib/python3.7/site-packages/airflow/example_dags/example_branch_day_of_week_operator.py
[2022-02-18 23:12:26,506] {processor.py:642} INFO - Processing file /home/airflow/.local/lib/python3.7/site-packages/airflow/example_dags/example_branch_day_of_week_operator.py for tasks to queue
[2022-02-18 23:12:26,508] {logging_mixin.py:109} INFO - [2022-02-18 23:12:26,508] {dagbag.py:500} INFO - Filling up the DagBag from /home/airflow/.local/lib/python3.7/site-packages/airflow/example_dags/example_branch_day_of_week_operator.py
[2022-02-18 23:12:26,577] {processor.py:654} INFO - DAG(s) dict_keys(['example_weekday_branch_operator']) retrieved from /home/airflow/.local/lib/python3.7/site-packages/airflow/example_dags/example_branch_day_of_week_operator.py
[2022-02-18 23:12:26,621] {logging_mixin.py:109} INFO - [2022-02-18 23:12:26,621] {dag.py:2396} INFO - Sync 1 DAGs
[2022-02-18 23:12:26,676] {logging_mixin.py:109} INFO - [2022-02-18 23:12:26,675] {dag.py:2935} INFO - Setting next_dagrun for example_weekday_branch_operator to 2022-02-17 00:00:00+00:00
[2022-02-18 23:12:26,720] {processor.py:171} INFO - Processing /home/airflow/.local/lib/python3.7/site-packages/airflow/example_dags/example_branch_day_of_week_operator.py took 0.220 seconds
[2022-02-18 23:12:57,614] {processor.py:163} INFO - Started process (PID=5257) to work on /home/airflow/.local/lib/python3.7/site-packages/airflow/example_dags/example_branch_day_of_week_operator.py
[2022-02-18 23:12:57,629] {processor.py:642} INFO - Processing file /home/airflow/.local/lib/python3.7/site-packages/airflow/example_dags/example_branch_day_of_week_operator.py for tasks to queue
[2022-02-18 23:12:57,632] {logging_mixin.py:109} INFO - [2022-02-18 23:12:57,632] {dagbag.py:500} INFO - Filling up the DagBag from /home/airflow/.local/lib/python3.7/site-packages/airflow/example_dags/example_branch_day_of_week_operator.py
[2022-02-18 23:12:57,732] {processor.py:654} INFO - DAG(s) dict_keys(['example_weekday_branch_operator']) retrieved from /home/airflow/.local/lib/python3.7/site-packages/airflow/example_dags/example_branch_day_of_week_operator.py
[2022-02-18 23:12:57,854] {logging_mixin.py:109} INFO - [2022-02-18 23:12:57,854] {dag.py:2396} INFO - Sync 1 DAGs
[2022-02-18 23:12:57,909] {logging_mixin.py:109} INFO - [2022-02-18 23:12:57,907] {dag.py:2935} INFO - Setting next_dagrun for example_weekday_branch_operator to 2022-02-17 00:00:00+00:00
[2022-02-18 23:12:57,938] {processor.py:171} INFO - Processing /home/airflow/.local/lib/python3.7/site-packages/airflow/example_dags/example_branch_day_of_week_operator.py took 0.341 seconds
[2022-02-18 23:13:28,803] {processor.py:163} INFO - Started process (PID=5312) to work on /home/airflow/.local/lib/python3.7/site-packages/airflow/example_dags/example_branch_day_of_week_operator.py
[2022-02-18 23:13:28,823] {processor.py:642} INFO - Processing file /home/airflow/.local/lib/python3.7/site-packages/airflow/example_dags/example_branch_day_of_week_operator.py for tasks to queue
[2022-02-18 23:13:28,837] {logging_mixin.py:109} INFO - [2022-02-18 23:13:28,837] {dagbag.py:500} INFO - Filling up the DagBag from /home/airflow/.local/lib/python3.7/site-packages/airflow/example_dags/example_branch_day_of_week_operator.py
[2022-02-18 23:13:29,010] {processor.py:654} INFO - DAG(s) dict_keys(['example_weekday_branch_operator']) retrieved from /home/airflow/.local/lib/python3.7/site-packages/airflow/example_dags/example_branch_day_of_week_operator.py
[2022-02-18 23:13:29,047] {logging_mixin.py:109} INFO - [2022-02-18 23:13:29,047] {dag.py:2396} INFO - Sync 1 DAGs
[2022-02-18 23:13:29,104] {logging_mixin.py:109} INFO - [2022-02-18 23:13:29,104] {dag.py:2935} INFO - Setting next_dagrun for example_weekday_branch_operator to 2022-02-17 00:00:00+00:00
[2022-02-18 23:13:29,145] {processor.py:171} INFO - Processing /home/airflow/.local/lib/python3.7/site-packages/airflow/example_dags/example_branch_day_of_week_operator.py took 0.374 seconds
[2022-02-18 23:13:59,301] {processor.py:163} INFO - Started process (PID=5364) to work on /home/airflow/.local/lib/python3.7/site-packages/airflow/example_dags/example_branch_day_of_week_operator.py
[2022-02-18 23:13:59,314] {processor.py:642} INFO - Processing file /home/airflow/.local/lib/python3.7/site-packages/airflow/example_dags/example_branch_day_of_week_operator.py for tasks to queue
[2022-02-18 23:13:59,321] {logging_mixin.py:109} INFO - [2022-02-18 23:13:59,320] {dagbag.py:500} INFO - Filling up the DagBag from /home/airflow/.local/lib/python3.7/site-packages/airflow/example_dags/example_branch_day_of_week_operator.py
[2022-02-18 23:13:59,390] {processor.py:654} INFO - DAG(s) dict_keys(['example_weekday_branch_operator']) retrieved from /home/airflow/.local/lib/python3.7/site-packages/airflow/example_dags/example_branch_day_of_week_operator.py
[2022-02-18 23:13:59,418] {logging_mixin.py:109} INFO - [2022-02-18 23:13:59,418] {dag.py:2396} INFO - Sync 1 DAGs
[2022-02-18 23:13:59,463] {logging_mixin.py:109} INFO - [2022-02-18 23:13:59,463] {dag.py:2935} INFO - Setting next_dagrun for example_weekday_branch_operator to 2022-02-17 00:00:00+00:00
[2022-02-18 23:13:59,485] {processor.py:171} INFO - Processing /home/airflow/.local/lib/python3.7/site-packages/airflow/example_dags/example_branch_day_of_week_operator.py took 0.197 seconds
[2022-02-18 23:14:29,672] {processor.py:163} INFO - Started process (PID=5416) to work on /home/airflow/.local/lib/python3.7/site-packages/airflow/example_dags/example_branch_day_of_week_operator.py
[2022-02-18 23:14:29,675] {processor.py:642} INFO - Processing file /home/airflow/.local/lib/python3.7/site-packages/airflow/example_dags/example_branch_day_of_week_operator.py for tasks to queue
[2022-02-18 23:14:29,676] {logging_mixin.py:109} INFO - [2022-02-18 23:14:29,676] {dagbag.py:500} INFO - Filling up the DagBag from /home/airflow/.local/lib/python3.7/site-packages/airflow/example_dags/example_branch_day_of_week_operator.py
[2022-02-18 23:14:29,708] {processor.py:654} INFO - DAG(s) dict_keys(['example_weekday_branch_operator']) retrieved from /home/airflow/.local/lib/python3.7/site-packages/airflow/example_dags/example_branch_day_of_week_operator.py
[2022-02-18 23:14:29,720] {logging_mixin.py:109} INFO - [2022-02-18 23:14:29,720] {dag.py:2396} INFO - Sync 1 DAGs
[2022-02-18 23:14:29,766] {logging_mixin.py:109} INFO - [2022-02-18 23:14:29,766] {dag.py:2935} INFO - Setting next_dagrun for example_weekday_branch_operator to 2022-02-17 00:00:00+00:00
[2022-02-18 23:14:29,796] {processor.py:171} INFO - Processing /home/airflow/.local/lib/python3.7/site-packages/airflow/example_dags/example_branch_day_of_week_operator.py took 0.126 seconds
