[2022-02-18 23:10:06,194] {processor.py:163} INFO - Started process (PID=4959) to work on /home/airflow/.local/lib/python3.7/site-packages/airflow/example_dags/example_task_group_decorator.py
[2022-02-18 23:10:06,204] {processor.py:642} INFO - Processing file /home/airflow/.local/lib/python3.7/site-packages/airflow/example_dags/example_task_group_decorator.py for tasks to queue
[2022-02-18 23:10:06,213] {logging_mixin.py:109} INFO - [2022-02-18 23:10:06,213] {dagbag.py:500} INFO - Filling up the DagBag from /home/airflow/.local/lib/python3.7/site-packages/airflow/example_dags/example_task_group_decorator.py
[2022-02-18 23:10:06,326] {processor.py:654} INFO - DAG(s) dict_keys(['example_task_group_decorator']) retrieved from /home/airflow/.local/lib/python3.7/site-packages/airflow/example_dags/example_task_group_decorator.py
[2022-02-18 23:10:06,583] {logging_mixin.py:109} INFO - [2022-02-18 23:10:06,583] {dag.py:2396} INFO - Sync 1 DAGs
[2022-02-18 23:10:06,601] {logging_mixin.py:109} INFO - [2022-02-18 23:10:06,600] {dag.py:2935} INFO - Setting next_dagrun for example_task_group_decorator to 2022-02-17T23:10:06.600737+00:00
[2022-02-18 23:10:06,614] {processor.py:171} INFO - Processing /home/airflow/.local/lib/python3.7/site-packages/airflow/example_dags/example_task_group_decorator.py took 0.449 seconds
[2022-02-18 23:10:36,906] {processor.py:163} INFO - Started process (PID=5012) to work on /home/airflow/.local/lib/python3.7/site-packages/airflow/example_dags/example_task_group_decorator.py
[2022-02-18 23:10:36,921] {processor.py:642} INFO - Processing file /home/airflow/.local/lib/python3.7/site-packages/airflow/example_dags/example_task_group_decorator.py for tasks to queue
[2022-02-18 23:10:36,930] {logging_mixin.py:109} INFO - [2022-02-18 23:10:36,930] {dagbag.py:500} INFO - Filling up the DagBag from /home/airflow/.local/lib/python3.7/site-packages/airflow/example_dags/example_task_group_decorator.py
[2022-02-18 23:10:37,211] {processor.py:654} INFO - DAG(s) dict_keys(['example_task_group_decorator']) retrieved from /home/airflow/.local/lib/python3.7/site-packages/airflow/example_dags/example_task_group_decorator.py
[2022-02-18 23:10:38,351] {logging_mixin.py:109} INFO - [2022-02-18 23:10:38,350] {dag.py:2396} INFO - Sync 1 DAGs
[2022-02-18 23:10:38,388] {logging_mixin.py:109} INFO - [2022-02-18 23:10:38,387] {dag.py:2935} INFO - Setting next_dagrun for example_task_group_decorator to 2022-02-17T23:10:38.387292+00:00
[2022-02-18 23:10:38,442] {processor.py:171} INFO - Processing /home/airflow/.local/lib/python3.7/site-packages/airflow/example_dags/example_task_group_decorator.py took 1.553 seconds
[2022-02-18 23:11:08,991] {processor.py:163} INFO - Started process (PID=5067) to work on /home/airflow/.local/lib/python3.7/site-packages/airflow/example_dags/example_task_group_decorator.py
[2022-02-18 23:11:09,006] {processor.py:642} INFO - Processing file /home/airflow/.local/lib/python3.7/site-packages/airflow/example_dags/example_task_group_decorator.py for tasks to queue
[2022-02-18 23:11:09,019] {logging_mixin.py:109} INFO - [2022-02-18 23:11:09,010] {dagbag.py:500} INFO - Filling up the DagBag from /home/airflow/.local/lib/python3.7/site-packages/airflow/example_dags/example_task_group_decorator.py
[2022-02-18 23:11:09,215] {processor.py:654} INFO - DAG(s) dict_keys(['example_task_group_decorator']) retrieved from /home/airflow/.local/lib/python3.7/site-packages/airflow/example_dags/example_task_group_decorator.py
[2022-02-18 23:11:11,027] {logging_mixin.py:109} INFO - [2022-02-18 23:11:11,027] {dag.py:2396} INFO - Sync 1 DAGs
[2022-02-18 23:11:11,102] {logging_mixin.py:109} INFO - [2022-02-18 23:11:11,100] {dag.py:2935} INFO - Setting next_dagrun for example_task_group_decorator to 2022-02-17T23:11:11.100235+00:00
[2022-02-18 23:11:11,141] {processor.py:171} INFO - Processing /home/airflow/.local/lib/python3.7/site-packages/airflow/example_dags/example_task_group_decorator.py took 2.304 seconds
[2022-02-18 23:11:41,526] {processor.py:163} INFO - Started process (PID=5121) to work on /home/airflow/.local/lib/python3.7/site-packages/airflow/example_dags/example_task_group_decorator.py
[2022-02-18 23:11:41,529] {processor.py:642} INFO - Processing file /home/airflow/.local/lib/python3.7/site-packages/airflow/example_dags/example_task_group_decorator.py for tasks to queue
[2022-02-18 23:11:41,530] {logging_mixin.py:109} INFO - [2022-02-18 23:11:41,530] {dagbag.py:500} INFO - Filling up the DagBag from /home/airflow/.local/lib/python3.7/site-packages/airflow/example_dags/example_task_group_decorator.py
[2022-02-18 23:11:41,571] {processor.py:654} INFO - DAG(s) dict_keys(['example_task_group_decorator']) retrieved from /home/airflow/.local/lib/python3.7/site-packages/airflow/example_dags/example_task_group_decorator.py
[2022-02-18 23:11:42,217] {logging_mixin.py:109} INFO - [2022-02-18 23:11:42,217] {dag.py:2396} INFO - Sync 1 DAGs
[2022-02-18 23:11:42,276] {logging_mixin.py:109} INFO - [2022-02-18 23:11:42,276] {dag.py:2935} INFO - Setting next_dagrun for example_task_group_decorator to 2022-02-17T23:11:42.275385+00:00
[2022-02-18 23:11:42,314] {processor.py:171} INFO - Processing /home/airflow/.local/lib/python3.7/site-packages/airflow/example_dags/example_task_group_decorator.py took 0.791 seconds
[2022-02-18 23:12:12,979] {processor.py:163} INFO - Started process (PID=5176) to work on /home/airflow/.local/lib/python3.7/site-packages/airflow/example_dags/example_task_group_decorator.py
[2022-02-18 23:12:12,989] {processor.py:642} INFO - Processing file /home/airflow/.local/lib/python3.7/site-packages/airflow/example_dags/example_task_group_decorator.py for tasks to queue
[2022-02-18 23:12:12,993] {logging_mixin.py:109} INFO - [2022-02-18 23:12:12,992] {dagbag.py:500} INFO - Filling up the DagBag from /home/airflow/.local/lib/python3.7/site-packages/airflow/example_dags/example_task_group_decorator.py
[2022-02-18 23:12:13,103] {processor.py:654} INFO - DAG(s) dict_keys(['example_task_group_decorator']) retrieved from /home/airflow/.local/lib/python3.7/site-packages/airflow/example_dags/example_task_group_decorator.py
[2022-02-18 23:12:13,741] {logging_mixin.py:109} INFO - [2022-02-18 23:12:13,741] {dag.py:2396} INFO - Sync 1 DAGs
[2022-02-18 23:12:13,756] {logging_mixin.py:109} INFO - [2022-02-18 23:12:13,755] {dag.py:2935} INFO - Setting next_dagrun for example_task_group_decorator to 2022-02-17T23:12:13.755584+00:00
[2022-02-18 23:12:13,767] {processor.py:171} INFO - Processing /home/airflow/.local/lib/python3.7/site-packages/airflow/example_dags/example_task_group_decorator.py took 0.801 seconds
[2022-02-18 23:12:44,324] {processor.py:163} INFO - Started process (PID=5239) to work on /home/airflow/.local/lib/python3.7/site-packages/airflow/example_dags/example_task_group_decorator.py
[2022-02-18 23:12:44,331] {processor.py:642} INFO - Processing file /home/airflow/.local/lib/python3.7/site-packages/airflow/example_dags/example_task_group_decorator.py for tasks to queue
[2022-02-18 23:12:44,336] {logging_mixin.py:109} INFO - [2022-02-18 23:12:44,336] {dagbag.py:500} INFO - Filling up the DagBag from /home/airflow/.local/lib/python3.7/site-packages/airflow/example_dags/example_task_group_decorator.py
[2022-02-18 23:12:44,450] {processor.py:654} INFO - DAG(s) dict_keys(['example_task_group_decorator']) retrieved from /home/airflow/.local/lib/python3.7/site-packages/airflow/example_dags/example_task_group_decorator.py
[2022-02-18 23:12:45,469] {logging_mixin.py:109} INFO - [2022-02-18 23:12:45,468] {dag.py:2396} INFO - Sync 1 DAGs
[2022-02-18 23:12:45,487] {logging_mixin.py:109} INFO - [2022-02-18 23:12:45,487] {dag.py:2935} INFO - Setting next_dagrun for example_task_group_decorator to 2022-02-17T23:12:45.486707+00:00
[2022-02-18 23:12:45,533] {processor.py:171} INFO - Processing /home/airflow/.local/lib/python3.7/site-packages/airflow/example_dags/example_task_group_decorator.py took 1.224 seconds
[2022-02-18 23:13:15,734] {processor.py:163} INFO - Started process (PID=5284) to work on /home/airflow/.local/lib/python3.7/site-packages/airflow/example_dags/example_task_group_decorator.py
[2022-02-18 23:13:15,740] {processor.py:642} INFO - Processing file /home/airflow/.local/lib/python3.7/site-packages/airflow/example_dags/example_task_group_decorator.py for tasks to queue
[2022-02-18 23:13:15,758] {logging_mixin.py:109} INFO - [2022-02-18 23:13:15,757] {dagbag.py:500} INFO - Filling up the DagBag from /home/airflow/.local/lib/python3.7/site-packages/airflow/example_dags/example_task_group_decorator.py
[2022-02-18 23:13:15,814] {processor.py:654} INFO - DAG(s) dict_keys(['example_task_group_decorator']) retrieved from /home/airflow/.local/lib/python3.7/site-packages/airflow/example_dags/example_task_group_decorator.py
[2022-02-18 23:13:16,846] {logging_mixin.py:109} INFO - [2022-02-18 23:13:16,846] {dag.py:2396} INFO - Sync 1 DAGs
[2022-02-18 23:13:16,866] {logging_mixin.py:109} INFO - [2022-02-18 23:13:16,866] {dag.py:2935} INFO - Setting next_dagrun for example_task_group_decorator to 2022-02-17T23:13:16.866098+00:00
[2022-02-18 23:13:16,889] {processor.py:171} INFO - Processing /home/airflow/.local/lib/python3.7/site-packages/airflow/example_dags/example_task_group_decorator.py took 1.164 seconds
[2022-02-18 23:13:48,725] {processor.py:163} INFO - Started process (PID=5342) to work on /home/airflow/.local/lib/python3.7/site-packages/airflow/example_dags/example_task_group_decorator.py
[2022-02-18 23:13:48,731] {processor.py:642} INFO - Processing file /home/airflow/.local/lib/python3.7/site-packages/airflow/example_dags/example_task_group_decorator.py for tasks to queue
[2022-02-18 23:13:48,735] {logging_mixin.py:109} INFO - [2022-02-18 23:13:48,734] {dagbag.py:500} INFO - Filling up the DagBag from /home/airflow/.local/lib/python3.7/site-packages/airflow/example_dags/example_task_group_decorator.py
[2022-02-18 23:13:48,827] {processor.py:654} INFO - DAG(s) dict_keys(['example_task_group_decorator']) retrieved from /home/airflow/.local/lib/python3.7/site-packages/airflow/example_dags/example_task_group_decorator.py
[2022-02-18 23:13:49,500] {logging_mixin.py:109} INFO - [2022-02-18 23:13:49,499] {dag.py:2396} INFO - Sync 1 DAGs
[2022-02-18 23:13:49,555] {logging_mixin.py:109} INFO - [2022-02-18 23:13:49,555] {dag.py:2935} INFO - Setting next_dagrun for example_task_group_decorator to 2022-02-17T23:13:49.555299+00:00
[2022-02-18 23:13:49,587] {processor.py:171} INFO - Processing /home/airflow/.local/lib/python3.7/site-packages/airflow/example_dags/example_task_group_decorator.py took 0.900 seconds
[2022-02-18 23:14:20,427] {processor.py:163} INFO - Started process (PID=5397) to work on /home/airflow/.local/lib/python3.7/site-packages/airflow/example_dags/example_task_group_decorator.py
[2022-02-18 23:14:20,429] {processor.py:642} INFO - Processing file /home/airflow/.local/lib/python3.7/site-packages/airflow/example_dags/example_task_group_decorator.py for tasks to queue
[2022-02-18 23:14:20,430] {logging_mixin.py:109} INFO - [2022-02-18 23:14:20,430] {dagbag.py:500} INFO - Filling up the DagBag from /home/airflow/.local/lib/python3.7/site-packages/airflow/example_dags/example_task_group_decorator.py
[2022-02-18 23:14:20,474] {processor.py:654} INFO - DAG(s) dict_keys(['example_task_group_decorator']) retrieved from /home/airflow/.local/lib/python3.7/site-packages/airflow/example_dags/example_task_group_decorator.py
[2022-02-18 23:14:20,838] {logging_mixin.py:109} INFO - [2022-02-18 23:14:20,838] {dag.py:2396} INFO - Sync 1 DAGs
[2022-02-18 23:14:20,852] {logging_mixin.py:109} INFO - [2022-02-18 23:14:20,852] {dag.py:2935} INFO - Setting next_dagrun for example_task_group_decorator to 2022-02-17T23:14:20.852018+00:00
[2022-02-18 23:14:20,864] {processor.py:171} INFO - Processing /home/airflow/.local/lib/python3.7/site-packages/airflow/example_dags/example_task_group_decorator.py took 0.442 seconds
[2022-02-18 23:14:51,358] {processor.py:163} INFO - Started process (PID=5451) to work on /home/airflow/.local/lib/python3.7/site-packages/airflow/example_dags/example_task_group_decorator.py
[2022-02-18 23:14:51,368] {processor.py:642} INFO - Processing file /home/airflow/.local/lib/python3.7/site-packages/airflow/example_dags/example_task_group_decorator.py for tasks to queue
[2022-02-18 23:14:51,370] {logging_mixin.py:109} INFO - [2022-02-18 23:14:51,370] {dagbag.py:500} INFO - Filling up the DagBag from /home/airflow/.local/lib/python3.7/site-packages/airflow/example_dags/example_task_group_decorator.py
[2022-02-18 23:14:51,570] {processor.py:654} INFO - DAG(s) dict_keys(['example_task_group_decorator']) retrieved from /home/airflow/.local/lib/python3.7/site-packages/airflow/example_dags/example_task_group_decorator.py
[2022-02-18 23:14:52,414] {logging_mixin.py:109} INFO - [2022-02-18 23:14:52,414] {dag.py:2396} INFO - Sync 1 DAGs
[2022-02-18 23:14:52,465] {logging_mixin.py:109} INFO - [2022-02-18 23:14:52,464] {dag.py:2935} INFO - Setting next_dagrun for example_task_group_decorator to 2022-02-17T23:14:52.464573+00:00
[2022-02-18 23:14:52,512] {processor.py:171} INFO - Processing /home/airflow/.local/lib/python3.7/site-packages/airflow/example_dags/example_task_group_decorator.py took 1.167 seconds
