[2022-02-18 23:09:53,487] {processor.py:163} INFO - Started process (PID=4938) to work on /home/airflow/.local/lib/python3.7/site-packages/airflow/example_dags/example_python_operator.py
[2022-02-18 23:09:53,490] {processor.py:642} INFO - Processing file /home/airflow/.local/lib/python3.7/site-packages/airflow/example_dags/example_python_operator.py for tasks to queue
[2022-02-18 23:09:53,492] {logging_mixin.py:109} INFO - [2022-02-18 23:09:53,492] {dagbag.py:500} INFO - Filling up the DagBag from /home/airflow/.local/lib/python3.7/site-packages/airflow/example_dags/example_python_operator.py
[2022-02-18 23:09:53,528] {processor.py:654} INFO - DAG(s) dict_keys(['example_python_operator']) retrieved from /home/airflow/.local/lib/python3.7/site-packages/airflow/example_dags/example_python_operator.py
[2022-02-18 23:09:53,545] {logging_mixin.py:109} INFO - [2022-02-18 23:09:53,545] {dag.py:2396} INFO - Sync 1 DAGs
[2022-02-18 23:09:53,567] {logging_mixin.py:109} INFO - [2022-02-18 23:09:53,567] {dag.py:2935} INFO - Setting next_dagrun for example_python_operator to None
[2022-02-18 23:09:53,585] {processor.py:171} INFO - Processing /home/airflow/.local/lib/python3.7/site-packages/airflow/example_dags/example_python_operator.py took 0.109 seconds
[2022-02-18 23:10:24,070] {processor.py:163} INFO - Started process (PID=4989) to work on /home/airflow/.local/lib/python3.7/site-packages/airflow/example_dags/example_python_operator.py
[2022-02-18 23:10:24,075] {processor.py:642} INFO - Processing file /home/airflow/.local/lib/python3.7/site-packages/airflow/example_dags/example_python_operator.py for tasks to queue
[2022-02-18 23:10:24,079] {logging_mixin.py:109} INFO - [2022-02-18 23:10:24,077] {dagbag.py:500} INFO - Filling up the DagBag from /home/airflow/.local/lib/python3.7/site-packages/airflow/example_dags/example_python_operator.py
[2022-02-18 23:10:24,184] {processor.py:654} INFO - DAG(s) dict_keys(['example_python_operator']) retrieved from /home/airflow/.local/lib/python3.7/site-packages/airflow/example_dags/example_python_operator.py
[2022-02-18 23:10:24,255] {logging_mixin.py:109} INFO - [2022-02-18 23:10:24,255] {dag.py:2396} INFO - Sync 1 DAGs
[2022-02-18 23:10:24,343] {logging_mixin.py:109} INFO - [2022-02-18 23:10:24,343] {dag.py:2935} INFO - Setting next_dagrun for example_python_operator to None
[2022-02-18 23:10:24,361] {processor.py:171} INFO - Processing /home/airflow/.local/lib/python3.7/site-packages/airflow/example_dags/example_python_operator.py took 0.308 seconds
[2022-02-18 23:10:54,893] {processor.py:163} INFO - Started process (PID=5042) to work on /home/airflow/.local/lib/python3.7/site-packages/airflow/example_dags/example_python_operator.py
[2022-02-18 23:10:54,898] {processor.py:642} INFO - Processing file /home/airflow/.local/lib/python3.7/site-packages/airflow/example_dags/example_python_operator.py for tasks to queue
[2022-02-18 23:10:54,901] {logging_mixin.py:109} INFO - [2022-02-18 23:10:54,901] {dagbag.py:500} INFO - Filling up the DagBag from /home/airflow/.local/lib/python3.7/site-packages/airflow/example_dags/example_python_operator.py
[2022-02-18 23:10:54,973] {processor.py:654} INFO - DAG(s) dict_keys(['example_python_operator']) retrieved from /home/airflow/.local/lib/python3.7/site-packages/airflow/example_dags/example_python_operator.py
[2022-02-18 23:10:54,994] {logging_mixin.py:109} INFO - [2022-02-18 23:10:54,994] {dag.py:2396} INFO - Sync 1 DAGs
[2022-02-18 23:10:55,022] {logging_mixin.py:109} INFO - [2022-02-18 23:10:55,022] {dag.py:2935} INFO - Setting next_dagrun for example_python_operator to None
[2022-02-18 23:10:55,071] {processor.py:171} INFO - Processing /home/airflow/.local/lib/python3.7/site-packages/airflow/example_dags/example_python_operator.py took 0.189 seconds
[2022-02-18 23:11:25,818] {processor.py:163} INFO - Started process (PID=5098) to work on /home/airflow/.local/lib/python3.7/site-packages/airflow/example_dags/example_python_operator.py
[2022-02-18 23:11:25,837] {processor.py:642} INFO - Processing file /home/airflow/.local/lib/python3.7/site-packages/airflow/example_dags/example_python_operator.py for tasks to queue
[2022-02-18 23:11:25,841] {logging_mixin.py:109} INFO - [2022-02-18 23:11:25,841] {dagbag.py:500} INFO - Filling up the DagBag from /home/airflow/.local/lib/python3.7/site-packages/airflow/example_dags/example_python_operator.py
[2022-02-18 23:11:25,924] {processor.py:654} INFO - DAG(s) dict_keys(['example_python_operator']) retrieved from /home/airflow/.local/lib/python3.7/site-packages/airflow/example_dags/example_python_operator.py
[2022-02-18 23:11:25,950] {logging_mixin.py:109} INFO - [2022-02-18 23:11:25,942] {dag.py:2396} INFO - Sync 1 DAGs
[2022-02-18 23:11:25,978] {logging_mixin.py:109} INFO - [2022-02-18 23:11:25,978] {dag.py:2935} INFO - Setting next_dagrun for example_python_operator to None
[2022-02-18 23:11:25,994] {processor.py:171} INFO - Processing /home/airflow/.local/lib/python3.7/site-packages/airflow/example_dags/example_python_operator.py took 0.185 seconds
[2022-02-18 23:11:56,974] {processor.py:163} INFO - Started process (PID=5151) to work on /home/airflow/.local/lib/python3.7/site-packages/airflow/example_dags/example_python_operator.py
[2022-02-18 23:11:56,979] {processor.py:642} INFO - Processing file /home/airflow/.local/lib/python3.7/site-packages/airflow/example_dags/example_python_operator.py for tasks to queue
[2022-02-18 23:11:56,993] {logging_mixin.py:109} INFO - [2022-02-18 23:11:56,983] {dagbag.py:500} INFO - Filling up the DagBag from /home/airflow/.local/lib/python3.7/site-packages/airflow/example_dags/example_python_operator.py
[2022-02-18 23:11:57,100] {processor.py:654} INFO - DAG(s) dict_keys(['example_python_operator']) retrieved from /home/airflow/.local/lib/python3.7/site-packages/airflow/example_dags/example_python_operator.py
[2022-02-18 23:11:57,160] {logging_mixin.py:109} INFO - [2022-02-18 23:11:57,160] {dag.py:2396} INFO - Sync 1 DAGs
[2022-02-18 23:11:57,195] {logging_mixin.py:109} INFO - [2022-02-18 23:11:57,195] {dag.py:2935} INFO - Setting next_dagrun for example_python_operator to None
[2022-02-18 23:11:57,214] {processor.py:171} INFO - Processing /home/airflow/.local/lib/python3.7/site-packages/airflow/example_dags/example_python_operator.py took 0.296 seconds
[2022-02-18 23:12:27,866] {processor.py:163} INFO - Started process (PID=5205) to work on /home/airflow/.local/lib/python3.7/site-packages/airflow/example_dags/example_python_operator.py
[2022-02-18 23:12:27,882] {processor.py:642} INFO - Processing file /home/airflow/.local/lib/python3.7/site-packages/airflow/example_dags/example_python_operator.py for tasks to queue
[2022-02-18 23:12:27,883] {logging_mixin.py:109} INFO - [2022-02-18 23:12:27,883] {dagbag.py:500} INFO - Filling up the DagBag from /home/airflow/.local/lib/python3.7/site-packages/airflow/example_dags/example_python_operator.py
[2022-02-18 23:12:28,081] {processor.py:654} INFO - DAG(s) dict_keys(['example_python_operator']) retrieved from /home/airflow/.local/lib/python3.7/site-packages/airflow/example_dags/example_python_operator.py
[2022-02-18 23:12:28,100] {logging_mixin.py:109} INFO - [2022-02-18 23:12:28,100] {dag.py:2396} INFO - Sync 1 DAGs
[2022-02-18 23:12:28,120] {logging_mixin.py:109} INFO - [2022-02-18 23:12:28,120] {dag.py:2935} INFO - Setting next_dagrun for example_python_operator to None
[2022-02-18 23:12:28,138] {processor.py:171} INFO - Processing /home/airflow/.local/lib/python3.7/site-packages/airflow/example_dags/example_python_operator.py took 0.286 seconds
[2022-02-18 23:12:59,060] {processor.py:163} INFO - Started process (PID=5259) to work on /home/airflow/.local/lib/python3.7/site-packages/airflow/example_dags/example_python_operator.py
[2022-02-18 23:12:59,073] {processor.py:642} INFO - Processing file /home/airflow/.local/lib/python3.7/site-packages/airflow/example_dags/example_python_operator.py for tasks to queue
[2022-02-18 23:12:59,143] {logging_mixin.py:109} INFO - [2022-02-18 23:12:59,143] {dagbag.py:500} INFO - Filling up the DagBag from /home/airflow/.local/lib/python3.7/site-packages/airflow/example_dags/example_python_operator.py
[2022-02-18 23:12:59,571] {processor.py:654} INFO - DAG(s) dict_keys(['example_python_operator']) retrieved from /home/airflow/.local/lib/python3.7/site-packages/airflow/example_dags/example_python_operator.py
[2022-02-18 23:12:59,662] {logging_mixin.py:109} INFO - [2022-02-18 23:12:59,661] {dag.py:2396} INFO - Sync 1 DAGs
[2022-02-18 23:13:00,202] {logging_mixin.py:109} INFO - [2022-02-18 23:13:00,191] {dag.py:2935} INFO - Setting next_dagrun for example_python_operator to None
[2022-02-18 23:13:00,539] {processor.py:171} INFO - Processing /home/airflow/.local/lib/python3.7/site-packages/airflow/example_dags/example_python_operator.py took 1.504 seconds
[2022-02-18 23:13:31,225] {processor.py:163} INFO - Started process (PID=5313) to work on /home/airflow/.local/lib/python3.7/site-packages/airflow/example_dags/example_python_operator.py
[2022-02-18 23:13:31,227] {processor.py:642} INFO - Processing file /home/airflow/.local/lib/python3.7/site-packages/airflow/example_dags/example_python_operator.py for tasks to queue
[2022-02-18 23:13:31,229] {logging_mixin.py:109} INFO - [2022-02-18 23:13:31,229] {dagbag.py:500} INFO - Filling up the DagBag from /home/airflow/.local/lib/python3.7/site-packages/airflow/example_dags/example_python_operator.py
[2022-02-18 23:13:31,263] {processor.py:654} INFO - DAG(s) dict_keys(['example_python_operator']) retrieved from /home/airflow/.local/lib/python3.7/site-packages/airflow/example_dags/example_python_operator.py
[2022-02-18 23:13:31,275] {logging_mixin.py:109} INFO - [2022-02-18 23:13:31,275] {dag.py:2396} INFO - Sync 1 DAGs
[2022-02-18 23:13:31,290] {logging_mixin.py:109} INFO - [2022-02-18 23:13:31,290] {dag.py:2935} INFO - Setting next_dagrun for example_python_operator to None
[2022-02-18 23:13:31,304] {processor.py:171} INFO - Processing /home/airflow/.local/lib/python3.7/site-packages/airflow/example_dags/example_python_operator.py took 0.083 seconds
[2022-02-18 23:14:01,558] {processor.py:163} INFO - Started process (PID=5365) to work on /home/airflow/.local/lib/python3.7/site-packages/airflow/example_dags/example_python_operator.py
[2022-02-18 23:14:01,560] {processor.py:642} INFO - Processing file /home/airflow/.local/lib/python3.7/site-packages/airflow/example_dags/example_python_operator.py for tasks to queue
[2022-02-18 23:14:01,562] {logging_mixin.py:109} INFO - [2022-02-18 23:14:01,562] {dagbag.py:500} INFO - Filling up the DagBag from /home/airflow/.local/lib/python3.7/site-packages/airflow/example_dags/example_python_operator.py
[2022-02-18 23:14:01,608] {processor.py:654} INFO - DAG(s) dict_keys(['example_python_operator']) retrieved from /home/airflow/.local/lib/python3.7/site-packages/airflow/example_dags/example_python_operator.py
[2022-02-18 23:14:01,632] {logging_mixin.py:109} INFO - [2022-02-18 23:14:01,632] {dag.py:2396} INFO - Sync 1 DAGs
[2022-02-18 23:14:01,660] {logging_mixin.py:109} INFO - [2022-02-18 23:14:01,660] {dag.py:2935} INFO - Setting next_dagrun for example_python_operator to None
[2022-02-18 23:14:01,674] {processor.py:171} INFO - Processing /home/airflow/.local/lib/python3.7/site-packages/airflow/example_dags/example_python_operator.py took 0.122 seconds
[2022-02-18 23:14:31,865] {processor.py:163} INFO - Started process (PID=5417) to work on /home/airflow/.local/lib/python3.7/site-packages/airflow/example_dags/example_python_operator.py
[2022-02-18 23:14:31,867] {processor.py:642} INFO - Processing file /home/airflow/.local/lib/python3.7/site-packages/airflow/example_dags/example_python_operator.py for tasks to queue
[2022-02-18 23:14:31,869] {logging_mixin.py:109} INFO - [2022-02-18 23:14:31,869] {dagbag.py:500} INFO - Filling up the DagBag from /home/airflow/.local/lib/python3.7/site-packages/airflow/example_dags/example_python_operator.py
[2022-02-18 23:14:31,899] {processor.py:654} INFO - DAG(s) dict_keys(['example_python_operator']) retrieved from /home/airflow/.local/lib/python3.7/site-packages/airflow/example_dags/example_python_operator.py
[2022-02-18 23:14:31,911] {logging_mixin.py:109} INFO - [2022-02-18 23:14:31,911] {dag.py:2396} INFO - Sync 1 DAGs
[2022-02-18 23:14:31,927] {logging_mixin.py:109} INFO - [2022-02-18 23:14:31,927] {dag.py:2935} INFO - Setting next_dagrun for example_python_operator to None
[2022-02-18 23:14:31,940] {processor.py:171} INFO - Processing /home/airflow/.local/lib/python3.7/site-packages/airflow/example_dags/example_python_operator.py took 0.079 seconds
