[2022-02-18 23:09:58,056] {processor.py:163} INFO - Started process (PID=4947) to work on /home/airflow/.local/lib/python3.7/site-packages/airflow/example_dags/example_dag_decorator.py
[2022-02-18 23:09:58,061] {processor.py:642} INFO - Processing file /home/airflow/.local/lib/python3.7/site-packages/airflow/example_dags/example_dag_decorator.py for tasks to queue
[2022-02-18 23:09:58,063] {logging_mixin.py:109} INFO - [2022-02-18 23:09:58,063] {dagbag.py:500} INFO - Filling up the DagBag from /home/airflow/.local/lib/python3.7/site-packages/airflow/example_dags/example_dag_decorator.py
[2022-02-18 23:09:58,126] {processor.py:654} INFO - DAG(s) dict_keys(['example_dag_decorator']) retrieved from /home/airflow/.local/lib/python3.7/site-packages/airflow/example_dags/example_dag_decorator.py
[2022-02-18 23:09:58,392] {logging_mixin.py:109} INFO - [2022-02-18 23:09:58,392] {dag.py:2396} INFO - Sync 1 DAGs
[2022-02-18 23:09:58,406] {logging_mixin.py:109} INFO - [2022-02-18 23:09:58,406] {dag.py:2935} INFO - Setting next_dagrun for example_dag_decorator to None
[2022-02-18 23:09:58,424] {processor.py:171} INFO - Processing /home/airflow/.local/lib/python3.7/site-packages/airflow/example_dags/example_dag_decorator.py took 0.376 seconds
[2022-02-18 23:10:29,246] {processor.py:163} INFO - Started process (PID=4999) to work on /home/airflow/.local/lib/python3.7/site-packages/airflow/example_dags/example_dag_decorator.py
[2022-02-18 23:10:29,251] {processor.py:642} INFO - Processing file /home/airflow/.local/lib/python3.7/site-packages/airflow/example_dags/example_dag_decorator.py for tasks to queue
[2022-02-18 23:10:29,254] {logging_mixin.py:109} INFO - [2022-02-18 23:10:29,254] {dagbag.py:500} INFO - Filling up the DagBag from /home/airflow/.local/lib/python3.7/site-packages/airflow/example_dags/example_dag_decorator.py
[2022-02-18 23:10:29,308] {processor.py:654} INFO - DAG(s) dict_keys(['example_dag_decorator']) retrieved from /home/airflow/.local/lib/python3.7/site-packages/airflow/example_dags/example_dag_decorator.py
[2022-02-18 23:10:29,666] {logging_mixin.py:109} INFO - [2022-02-18 23:10:29,665] {dag.py:2396} INFO - Sync 1 DAGs
[2022-02-18 23:10:29,688] {logging_mixin.py:109} INFO - [2022-02-18 23:10:29,688] {dag.py:2935} INFO - Setting next_dagrun for example_dag_decorator to None
[2022-02-18 23:10:29,712] {processor.py:171} INFO - Processing /home/airflow/.local/lib/python3.7/site-packages/airflow/example_dags/example_dag_decorator.py took 0.477 seconds
[2022-02-18 23:11:00,281] {processor.py:163} INFO - Started process (PID=5052) to work on /home/airflow/.local/lib/python3.7/site-packages/airflow/example_dags/example_dag_decorator.py
[2022-02-18 23:11:00,284] {processor.py:642} INFO - Processing file /home/airflow/.local/lib/python3.7/site-packages/airflow/example_dags/example_dag_decorator.py for tasks to queue
[2022-02-18 23:11:00,285] {logging_mixin.py:109} INFO - [2022-02-18 23:11:00,285] {dagbag.py:500} INFO - Filling up the DagBag from /home/airflow/.local/lib/python3.7/site-packages/airflow/example_dags/example_dag_decorator.py
[2022-02-18 23:11:00,342] {processor.py:654} INFO - DAG(s) dict_keys(['example_dag_decorator']) retrieved from /home/airflow/.local/lib/python3.7/site-packages/airflow/example_dags/example_dag_decorator.py
[2022-02-18 23:11:00,591] {logging_mixin.py:109} INFO - [2022-02-18 23:11:00,590] {dag.py:2396} INFO - Sync 1 DAGs
[2022-02-18 23:11:00,614] {logging_mixin.py:109} INFO - [2022-02-18 23:11:00,614] {dag.py:2935} INFO - Setting next_dagrun for example_dag_decorator to None
[2022-02-18 23:11:00,632] {processor.py:171} INFO - Processing /home/airflow/.local/lib/python3.7/site-packages/airflow/example_dags/example_dag_decorator.py took 0.356 seconds
[2022-02-18 23:11:30,914] {processor.py:163} INFO - Started process (PID=5108) to work on /home/airflow/.local/lib/python3.7/site-packages/airflow/example_dags/example_dag_decorator.py
[2022-02-18 23:11:30,920] {processor.py:642} INFO - Processing file /home/airflow/.local/lib/python3.7/site-packages/airflow/example_dags/example_dag_decorator.py for tasks to queue
[2022-02-18 23:11:30,923] {logging_mixin.py:109} INFO - [2022-02-18 23:11:30,923] {dagbag.py:500} INFO - Filling up the DagBag from /home/airflow/.local/lib/python3.7/site-packages/airflow/example_dags/example_dag_decorator.py
[2022-02-18 23:11:30,979] {processor.py:654} INFO - DAG(s) dict_keys(['example_dag_decorator']) retrieved from /home/airflow/.local/lib/python3.7/site-packages/airflow/example_dags/example_dag_decorator.py
[2022-02-18 23:11:31,268] {logging_mixin.py:109} INFO - [2022-02-18 23:11:31,267] {dag.py:2396} INFO - Sync 1 DAGs
[2022-02-18 23:11:31,293] {logging_mixin.py:109} INFO - [2022-02-18 23:11:31,293] {dag.py:2935} INFO - Setting next_dagrun for example_dag_decorator to None
[2022-02-18 23:11:31,309] {processor.py:171} INFO - Processing /home/airflow/.local/lib/python3.7/site-packages/airflow/example_dags/example_dag_decorator.py took 0.408 seconds
[2022-02-18 23:12:01,473] {processor.py:163} INFO - Started process (PID=5172) to work on /home/airflow/.local/lib/python3.7/site-packages/airflow/example_dags/example_dag_decorator.py
[2022-02-18 23:12:01,489] {processor.py:642} INFO - Processing file /home/airflow/.local/lib/python3.7/site-packages/airflow/example_dags/example_dag_decorator.py for tasks to queue
[2022-02-18 23:12:01,492] {logging_mixin.py:109} INFO - [2022-02-18 23:12:01,492] {dagbag.py:500} INFO - Filling up the DagBag from /home/airflow/.local/lib/python3.7/site-packages/airflow/example_dags/example_dag_decorator.py
[2022-02-18 23:12:01,574] {processor.py:654} INFO - DAG(s) dict_keys(['example_dag_decorator']) retrieved from /home/airflow/.local/lib/python3.7/site-packages/airflow/example_dags/example_dag_decorator.py
[2022-02-18 23:12:01,935] {logging_mixin.py:109} INFO - [2022-02-18 23:12:01,935] {dag.py:2396} INFO - Sync 1 DAGs
[2022-02-18 23:12:01,967] {logging_mixin.py:109} INFO - [2022-02-18 23:12:01,967] {dag.py:2935} INFO - Setting next_dagrun for example_dag_decorator to None
[2022-02-18 23:12:02,002] {processor.py:171} INFO - Processing /home/airflow/.local/lib/python3.7/site-packages/airflow/example_dags/example_dag_decorator.py took 0.555 seconds
[2022-02-18 23:12:32,632] {processor.py:163} INFO - Started process (PID=5224) to work on /home/airflow/.local/lib/python3.7/site-packages/airflow/example_dags/example_dag_decorator.py
[2022-02-18 23:12:32,638] {processor.py:642} INFO - Processing file /home/airflow/.local/lib/python3.7/site-packages/airflow/example_dags/example_dag_decorator.py for tasks to queue
[2022-02-18 23:12:32,641] {logging_mixin.py:109} INFO - [2022-02-18 23:12:32,640] {dagbag.py:500} INFO - Filling up the DagBag from /home/airflow/.local/lib/python3.7/site-packages/airflow/example_dags/example_dag_decorator.py
[2022-02-18 23:12:32,692] {processor.py:654} INFO - DAG(s) dict_keys(['example_dag_decorator']) retrieved from /home/airflow/.local/lib/python3.7/site-packages/airflow/example_dags/example_dag_decorator.py
[2022-02-18 23:12:32,932] {logging_mixin.py:109} INFO - [2022-02-18 23:12:32,931] {dag.py:2396} INFO - Sync 1 DAGs
[2022-02-18 23:12:32,949] {logging_mixin.py:109} INFO - [2022-02-18 23:12:32,949] {dag.py:2935} INFO - Setting next_dagrun for example_dag_decorator to None
[2022-02-18 23:12:32,960] {processor.py:171} INFO - Processing /home/airflow/.local/lib/python3.7/site-packages/airflow/example_dags/example_dag_decorator.py took 0.337 seconds
[2022-02-18 23:13:05,609] {processor.py:163} INFO - Started process (PID=5280) to work on /home/airflow/.local/lib/python3.7/site-packages/airflow/example_dags/example_dag_decorator.py
[2022-02-18 23:13:05,618] {processor.py:642} INFO - Processing file /home/airflow/.local/lib/python3.7/site-packages/airflow/example_dags/example_dag_decorator.py for tasks to queue
[2022-02-18 23:13:05,630] {logging_mixin.py:109} INFO - [2022-02-18 23:13:05,630] {dagbag.py:500} INFO - Filling up the DagBag from /home/airflow/.local/lib/python3.7/site-packages/airflow/example_dags/example_dag_decorator.py
[2022-02-18 23:13:05,976] {processor.py:654} INFO - DAG(s) dict_keys(['example_dag_decorator']) retrieved from /home/airflow/.local/lib/python3.7/site-packages/airflow/example_dags/example_dag_decorator.py
[2022-02-18 23:13:07,012] {logging_mixin.py:109} INFO - [2022-02-18 23:13:07,012] {dag.py:2396} INFO - Sync 1 DAGs
[2022-02-18 23:13:07,063] {logging_mixin.py:109} INFO - [2022-02-18 23:13:07,062] {dag.py:2935} INFO - Setting next_dagrun for example_dag_decorator to None
[2022-02-18 23:13:07,112] {processor.py:171} INFO - Processing /home/airflow/.local/lib/python3.7/site-packages/airflow/example_dags/example_dag_decorator.py took 1.550 seconds
[2022-02-18 23:13:37,486] {processor.py:163} INFO - Started process (PID=5331) to work on /home/airflow/.local/lib/python3.7/site-packages/airflow/example_dags/example_dag_decorator.py
[2022-02-18 23:13:37,490] {processor.py:642} INFO - Processing file /home/airflow/.local/lib/python3.7/site-packages/airflow/example_dags/example_dag_decorator.py for tasks to queue
[2022-02-18 23:13:37,509] {logging_mixin.py:109} INFO - [2022-02-18 23:13:37,509] {dagbag.py:500} INFO - Filling up the DagBag from /home/airflow/.local/lib/python3.7/site-packages/airflow/example_dags/example_dag_decorator.py
[2022-02-18 23:13:37,860] {processor.py:654} INFO - DAG(s) dict_keys(['example_dag_decorator']) retrieved from /home/airflow/.local/lib/python3.7/site-packages/airflow/example_dags/example_dag_decorator.py
[2022-02-18 23:13:38,446] {logging_mixin.py:109} INFO - [2022-02-18 23:13:38,445] {dag.py:2396} INFO - Sync 1 DAGs
[2022-02-18 23:13:38,473] {logging_mixin.py:109} INFO - [2022-02-18 23:13:38,473] {dag.py:2935} INFO - Setting next_dagrun for example_dag_decorator to None
[2022-02-18 23:13:38,498] {processor.py:171} INFO - Processing /home/airflow/.local/lib/python3.7/site-packages/airflow/example_dags/example_dag_decorator.py took 1.044 seconds
[2022-02-18 23:14:08,594] {processor.py:163} INFO - Started process (PID=5376) to work on /home/airflow/.local/lib/python3.7/site-packages/airflow/example_dags/example_dag_decorator.py
[2022-02-18 23:14:08,600] {processor.py:642} INFO - Processing file /home/airflow/.local/lib/python3.7/site-packages/airflow/example_dags/example_dag_decorator.py for tasks to queue
[2022-02-18 23:14:08,603] {logging_mixin.py:109} INFO - [2022-02-18 23:14:08,603] {dagbag.py:500} INFO - Filling up the DagBag from /home/airflow/.local/lib/python3.7/site-packages/airflow/example_dags/example_dag_decorator.py
[2022-02-18 23:14:08,668] {processor.py:654} INFO - DAG(s) dict_keys(['example_dag_decorator']) retrieved from /home/airflow/.local/lib/python3.7/site-packages/airflow/example_dags/example_dag_decorator.py
[2022-02-18 23:14:09,089] {logging_mixin.py:109} INFO - [2022-02-18 23:14:09,089] {dag.py:2396} INFO - Sync 1 DAGs
[2022-02-18 23:14:09,111] {logging_mixin.py:109} INFO - [2022-02-18 23:14:09,111] {dag.py:2935} INFO - Setting next_dagrun for example_dag_decorator to None
[2022-02-18 23:14:09,140] {processor.py:171} INFO - Processing /home/airflow/.local/lib/python3.7/site-packages/airflow/example_dags/example_dag_decorator.py took 0.556 seconds
[2022-02-18 23:14:39,236] {processor.py:163} INFO - Started process (PID=5437) to work on /home/airflow/.local/lib/python3.7/site-packages/airflow/example_dags/example_dag_decorator.py
[2022-02-18 23:14:39,243] {processor.py:642} INFO - Processing file /home/airflow/.local/lib/python3.7/site-packages/airflow/example_dags/example_dag_decorator.py for tasks to queue
[2022-02-18 23:14:39,246] {logging_mixin.py:109} INFO - [2022-02-18 23:14:39,246] {dagbag.py:500} INFO - Filling up the DagBag from /home/airflow/.local/lib/python3.7/site-packages/airflow/example_dags/example_dag_decorator.py
[2022-02-18 23:14:39,414] {processor.py:654} INFO - DAG(s) dict_keys(['example_dag_decorator']) retrieved from /home/airflow/.local/lib/python3.7/site-packages/airflow/example_dags/example_dag_decorator.py
[2022-02-18 23:14:39,837] {logging_mixin.py:109} INFO - [2022-02-18 23:14:39,837] {dag.py:2396} INFO - Sync 1 DAGs
[2022-02-18 23:14:39,853] {logging_mixin.py:109} INFO - [2022-02-18 23:14:39,853] {dag.py:2935} INFO - Setting next_dagrun for example_dag_decorator to None
[2022-02-18 23:14:39,869] {processor.py:171} INFO - Processing /home/airflow/.local/lib/python3.7/site-packages/airflow/example_dags/example_dag_decorator.py took 0.651 seconds
