[2022-02-18 23:09:51,828] {processor.py:163} INFO - Started process (PID=4934) to work on /home/airflow/.local/lib/python3.7/site-packages/airflow/example_dags/example_external_task_marker_dag.py
[2022-02-18 23:09:51,842] {processor.py:642} INFO - Processing file /home/airflow/.local/lib/python3.7/site-packages/airflow/example_dags/example_external_task_marker_dag.py for tasks to queue
[2022-02-18 23:09:51,846] {logging_mixin.py:109} INFO - [2022-02-18 23:09:51,845] {dagbag.py:500} INFO - Filling up the DagBag from /home/airflow/.local/lib/python3.7/site-packages/airflow/example_dags/example_external_task_marker_dag.py
[2022-02-18 23:09:51,909] {processor.py:654} INFO - DAG(s) dict_keys(['example_external_task_marker_parent', 'example_external_task_marker_child']) retrieved from /home/airflow/.local/lib/python3.7/site-packages/airflow/example_dags/example_external_task_marker_dag.py
[2022-02-18 23:09:51,961] {logging_mixin.py:109} INFO - [2022-02-18 23:09:51,961] {dag.py:2396} INFO - Sync 2 DAGs
[2022-02-18 23:09:52,008] {logging_mixin.py:109} INFO - [2022-02-18 23:09:52,007] {dag.py:2935} INFO - Setting next_dagrun for example_external_task_marker_child to None
[2022-02-18 23:09:52,009] {logging_mixin.py:109} INFO - [2022-02-18 23:09:52,009] {dag.py:2935} INFO - Setting next_dagrun for example_external_task_marker_parent to None
[2022-02-18 23:09:52,041] {processor.py:171} INFO - Processing /home/airflow/.local/lib/python3.7/site-packages/airflow/example_dags/example_external_task_marker_dag.py took 0.236 seconds
[2022-02-18 23:10:22,765] {processor.py:163} INFO - Started process (PID=4986) to work on /home/airflow/.local/lib/python3.7/site-packages/airflow/example_dags/example_external_task_marker_dag.py
[2022-02-18 23:10:22,767] {processor.py:642} INFO - Processing file /home/airflow/.local/lib/python3.7/site-packages/airflow/example_dags/example_external_task_marker_dag.py for tasks to queue
[2022-02-18 23:10:22,769] {logging_mixin.py:109} INFO - [2022-02-18 23:10:22,769] {dagbag.py:500} INFO - Filling up the DagBag from /home/airflow/.local/lib/python3.7/site-packages/airflow/example_dags/example_external_task_marker_dag.py
[2022-02-18 23:10:22,799] {processor.py:654} INFO - DAG(s) dict_keys(['example_external_task_marker_parent', 'example_external_task_marker_child']) retrieved from /home/airflow/.local/lib/python3.7/site-packages/airflow/example_dags/example_external_task_marker_dag.py
[2022-02-18 23:10:22,815] {logging_mixin.py:109} INFO - [2022-02-18 23:10:22,815] {dag.py:2396} INFO - Sync 2 DAGs
[2022-02-18 23:10:22,830] {logging_mixin.py:109} INFO - [2022-02-18 23:10:22,830] {dag.py:2935} INFO - Setting next_dagrun for example_external_task_marker_child to None
[2022-02-18 23:10:22,831] {logging_mixin.py:109} INFO - [2022-02-18 23:10:22,831] {dag.py:2935} INFO - Setting next_dagrun for example_external_task_marker_parent to None
[2022-02-18 23:10:22,842] {processor.py:171} INFO - Processing /home/airflow/.local/lib/python3.7/site-packages/airflow/example_dags/example_external_task_marker_dag.py took 0.081 seconds
[2022-02-18 23:10:53,319] {processor.py:163} INFO - Started process (PID=5039) to work on /home/airflow/.local/lib/python3.7/site-packages/airflow/example_dags/example_external_task_marker_dag.py
[2022-02-18 23:10:53,336] {processor.py:642} INFO - Processing file /home/airflow/.local/lib/python3.7/site-packages/airflow/example_dags/example_external_task_marker_dag.py for tasks to queue
[2022-02-18 23:10:53,347] {logging_mixin.py:109} INFO - [2022-02-18 23:10:53,347] {dagbag.py:500} INFO - Filling up the DagBag from /home/airflow/.local/lib/python3.7/site-packages/airflow/example_dags/example_external_task_marker_dag.py
[2022-02-18 23:10:53,820] {processor.py:654} INFO - DAG(s) dict_keys(['example_external_task_marker_parent', 'example_external_task_marker_child']) retrieved from /home/airflow/.local/lib/python3.7/site-packages/airflow/example_dags/example_external_task_marker_dag.py
[2022-02-18 23:10:54,058] {logging_mixin.py:109} INFO - [2022-02-18 23:10:54,056] {dag.py:2396} INFO - Sync 2 DAGs
[2022-02-18 23:10:54,263] {logging_mixin.py:109} INFO - [2022-02-18 23:10:54,254] {dag.py:2935} INFO - Setting next_dagrun for example_external_task_marker_child to None
[2022-02-18 23:10:54,267] {logging_mixin.py:109} INFO - [2022-02-18 23:10:54,267] {dag.py:2935} INFO - Setting next_dagrun for example_external_task_marker_parent to None
[2022-02-18 23:10:54,330] {processor.py:171} INFO - Processing /home/airflow/.local/lib/python3.7/site-packages/airflow/example_dags/example_external_task_marker_dag.py took 1.025 seconds
[2022-02-18 23:11:24,428] {processor.py:163} INFO - Started process (PID=5095) to work on /home/airflow/.local/lib/python3.7/site-packages/airflow/example_dags/example_external_task_marker_dag.py
[2022-02-18 23:11:24,439] {processor.py:642} INFO - Processing file /home/airflow/.local/lib/python3.7/site-packages/airflow/example_dags/example_external_task_marker_dag.py for tasks to queue
[2022-02-18 23:11:24,442] {logging_mixin.py:109} INFO - [2022-02-18 23:11:24,442] {dagbag.py:500} INFO - Filling up the DagBag from /home/airflow/.local/lib/python3.7/site-packages/airflow/example_dags/example_external_task_marker_dag.py
[2022-02-18 23:11:24,495] {processor.py:654} INFO - DAG(s) dict_keys(['example_external_task_marker_parent', 'example_external_task_marker_child']) retrieved from /home/airflow/.local/lib/python3.7/site-packages/airflow/example_dags/example_external_task_marker_dag.py
[2022-02-18 23:11:24,531] {logging_mixin.py:109} INFO - [2022-02-18 23:11:24,530] {dag.py:2396} INFO - Sync 2 DAGs
[2022-02-18 23:11:24,587] {logging_mixin.py:109} INFO - [2022-02-18 23:11:24,587] {dag.py:2935} INFO - Setting next_dagrun for example_external_task_marker_child to None
[2022-02-18 23:11:24,600] {logging_mixin.py:109} INFO - [2022-02-18 23:11:24,600] {dag.py:2935} INFO - Setting next_dagrun for example_external_task_marker_parent to None
[2022-02-18 23:11:24,649] {processor.py:171} INFO - Processing /home/airflow/.local/lib/python3.7/site-packages/airflow/example_dags/example_external_task_marker_dag.py took 0.228 seconds
[2022-02-18 23:11:55,630] {processor.py:163} INFO - Started process (PID=5148) to work on /home/airflow/.local/lib/python3.7/site-packages/airflow/example_dags/example_external_task_marker_dag.py
[2022-02-18 23:11:55,647] {processor.py:642} INFO - Processing file /home/airflow/.local/lib/python3.7/site-packages/airflow/example_dags/example_external_task_marker_dag.py for tasks to queue
[2022-02-18 23:11:55,651] {logging_mixin.py:109} INFO - [2022-02-18 23:11:55,650] {dagbag.py:500} INFO - Filling up the DagBag from /home/airflow/.local/lib/python3.7/site-packages/airflow/example_dags/example_external_task_marker_dag.py
[2022-02-18 23:11:55,703] {processor.py:654} INFO - DAG(s) dict_keys(['example_external_task_marker_parent', 'example_external_task_marker_child']) retrieved from /home/airflow/.local/lib/python3.7/site-packages/airflow/example_dags/example_external_task_marker_dag.py
[2022-02-18 23:11:55,724] {logging_mixin.py:109} INFO - [2022-02-18 23:11:55,724] {dag.py:2396} INFO - Sync 2 DAGs
[2022-02-18 23:11:55,814] {logging_mixin.py:109} INFO - [2022-02-18 23:11:55,814] {dag.py:2935} INFO - Setting next_dagrun for example_external_task_marker_child to None
[2022-02-18 23:11:55,817] {logging_mixin.py:109} INFO - [2022-02-18 23:11:55,815] {dag.py:2935} INFO - Setting next_dagrun for example_external_task_marker_parent to None
[2022-02-18 23:11:55,836] {processor.py:171} INFO - Processing /home/airflow/.local/lib/python3.7/site-packages/airflow/example_dags/example_external_task_marker_dag.py took 0.218 seconds
[2022-02-18 23:12:26,491] {processor.py:163} INFO - Started process (PID=5202) to work on /home/airflow/.local/lib/python3.7/site-packages/airflow/example_dags/example_external_task_marker_dag.py
[2022-02-18 23:12:26,497] {processor.py:642} INFO - Processing file /home/airflow/.local/lib/python3.7/site-packages/airflow/example_dags/example_external_task_marker_dag.py for tasks to queue
[2022-02-18 23:12:26,507] {logging_mixin.py:109} INFO - [2022-02-18 23:12:26,507] {dagbag.py:500} INFO - Filling up the DagBag from /home/airflow/.local/lib/python3.7/site-packages/airflow/example_dags/example_external_task_marker_dag.py
[2022-02-18 23:12:26,556] {processor.py:654} INFO - DAG(s) dict_keys(['example_external_task_marker_parent', 'example_external_task_marker_child']) retrieved from /home/airflow/.local/lib/python3.7/site-packages/airflow/example_dags/example_external_task_marker_dag.py
[2022-02-18 23:12:26,588] {logging_mixin.py:109} INFO - [2022-02-18 23:12:26,588] {dag.py:2396} INFO - Sync 2 DAGs
[2022-02-18 23:12:26,652] {logging_mixin.py:109} INFO - [2022-02-18 23:12:26,651] {dag.py:2935} INFO - Setting next_dagrun for example_external_task_marker_child to None
[2022-02-18 23:12:26,655] {logging_mixin.py:109} INFO - [2022-02-18 23:12:26,655] {dag.py:2935} INFO - Setting next_dagrun for example_external_task_marker_parent to None
[2022-02-18 23:12:26,688] {processor.py:171} INFO - Processing /home/airflow/.local/lib/python3.7/site-packages/airflow/example_dags/example_external_task_marker_dag.py took 0.202 seconds
[2022-02-18 23:12:57,562] {processor.py:163} INFO - Started process (PID=5256) to work on /home/airflow/.local/lib/python3.7/site-packages/airflow/example_dags/example_external_task_marker_dag.py
[2022-02-18 23:12:57,570] {processor.py:642} INFO - Processing file /home/airflow/.local/lib/python3.7/site-packages/airflow/example_dags/example_external_task_marker_dag.py for tasks to queue
[2022-02-18 23:12:57,576] {logging_mixin.py:109} INFO - [2022-02-18 23:12:57,575] {dagbag.py:500} INFO - Filling up the DagBag from /home/airflow/.local/lib/python3.7/site-packages/airflow/example_dags/example_external_task_marker_dag.py
[2022-02-18 23:12:57,685] {processor.py:654} INFO - DAG(s) dict_keys(['example_external_task_marker_parent', 'example_external_task_marker_child']) retrieved from /home/airflow/.local/lib/python3.7/site-packages/airflow/example_dags/example_external_task_marker_dag.py
[2022-02-18 23:12:57,733] {logging_mixin.py:109} INFO - [2022-02-18 23:12:57,733] {dag.py:2396} INFO - Sync 2 DAGs
[2022-02-18 23:12:57,880] {logging_mixin.py:109} INFO - [2022-02-18 23:12:57,878] {dag.py:2935} INFO - Setting next_dagrun for example_external_task_marker_child to None
[2022-02-18 23:12:57,899] {logging_mixin.py:109} INFO - [2022-02-18 23:12:57,899] {dag.py:2935} INFO - Setting next_dagrun for example_external_task_marker_parent to None
[2022-02-18 23:12:57,921] {processor.py:171} INFO - Processing /home/airflow/.local/lib/python3.7/site-packages/airflow/example_dags/example_external_task_marker_dag.py took 0.375 seconds
[2022-02-18 23:13:28,660] {processor.py:163} INFO - Started process (PID=5311) to work on /home/airflow/.local/lib/python3.7/site-packages/airflow/example_dags/example_external_task_marker_dag.py
[2022-02-18 23:13:28,694] {processor.py:642} INFO - Processing file /home/airflow/.local/lib/python3.7/site-packages/airflow/example_dags/example_external_task_marker_dag.py for tasks to queue
[2022-02-18 23:13:28,701] {logging_mixin.py:109} INFO - [2022-02-18 23:13:28,700] {dagbag.py:500} INFO - Filling up the DagBag from /home/airflow/.local/lib/python3.7/site-packages/airflow/example_dags/example_external_task_marker_dag.py
[2022-02-18 23:13:28,949] {processor.py:654} INFO - DAG(s) dict_keys(['example_external_task_marker_parent', 'example_external_task_marker_child']) retrieved from /home/airflow/.local/lib/python3.7/site-packages/airflow/example_dags/example_external_task_marker_dag.py
[2022-02-18 23:13:29,027] {logging_mixin.py:109} INFO - [2022-02-18 23:13:29,027] {dag.py:2396} INFO - Sync 2 DAGs
[2022-02-18 23:13:29,064] {logging_mixin.py:109} INFO - [2022-02-18 23:13:29,063] {dag.py:2935} INFO - Setting next_dagrun for example_external_task_marker_child to None
[2022-02-18 23:13:29,066] {logging_mixin.py:109} INFO - [2022-02-18 23:13:29,065] {dag.py:2935} INFO - Setting next_dagrun for example_external_task_marker_parent to None
[2022-02-18 23:13:29,144] {processor.py:171} INFO - Processing /home/airflow/.local/lib/python3.7/site-packages/airflow/example_dags/example_external_task_marker_dag.py took 0.490 seconds
[2022-02-18 23:13:59,256] {processor.py:163} INFO - Started process (PID=5363) to work on /home/airflow/.local/lib/python3.7/site-packages/airflow/example_dags/example_external_task_marker_dag.py
[2022-02-18 23:13:59,263] {processor.py:642} INFO - Processing file /home/airflow/.local/lib/python3.7/site-packages/airflow/example_dags/example_external_task_marker_dag.py for tasks to queue
[2022-02-18 23:13:59,267] {logging_mixin.py:109} INFO - [2022-02-18 23:13:59,266] {dagbag.py:500} INFO - Filling up the DagBag from /home/airflow/.local/lib/python3.7/site-packages/airflow/example_dags/example_external_task_marker_dag.py
[2022-02-18 23:13:59,359] {processor.py:654} INFO - DAG(s) dict_keys(['example_external_task_marker_parent', 'example_external_task_marker_child']) retrieved from /home/airflow/.local/lib/python3.7/site-packages/airflow/example_dags/example_external_task_marker_dag.py
[2022-02-18 23:13:59,409] {logging_mixin.py:109} INFO - [2022-02-18 23:13:59,409] {dag.py:2396} INFO - Sync 2 DAGs
[2022-02-18 23:13:59,446] {logging_mixin.py:109} INFO - [2022-02-18 23:13:59,446] {dag.py:2935} INFO - Setting next_dagrun for example_external_task_marker_child to None
[2022-02-18 23:13:59,449] {logging_mixin.py:109} INFO - [2022-02-18 23:13:59,448] {dag.py:2935} INFO - Setting next_dagrun for example_external_task_marker_parent to None
[2022-02-18 23:13:59,479] {processor.py:171} INFO - Processing /home/airflow/.local/lib/python3.7/site-packages/airflow/example_dags/example_external_task_marker_dag.py took 0.237 seconds
[2022-02-18 23:14:29,674] {processor.py:163} INFO - Started process (PID=5415) to work on /home/airflow/.local/lib/python3.7/site-packages/airflow/example_dags/example_external_task_marker_dag.py
[2022-02-18 23:14:29,678] {processor.py:642} INFO - Processing file /home/airflow/.local/lib/python3.7/site-packages/airflow/example_dags/example_external_task_marker_dag.py for tasks to queue
[2022-02-18 23:14:29,681] {logging_mixin.py:109} INFO - [2022-02-18 23:14:29,681] {dagbag.py:500} INFO - Filling up the DagBag from /home/airflow/.local/lib/python3.7/site-packages/airflow/example_dags/example_external_task_marker_dag.py
[2022-02-18 23:14:29,737] {processor.py:654} INFO - DAG(s) dict_keys(['example_external_task_marker_parent', 'example_external_task_marker_child']) retrieved from /home/airflow/.local/lib/python3.7/site-packages/airflow/example_dags/example_external_task_marker_dag.py
[2022-02-18 23:14:29,762] {logging_mixin.py:109} INFO - [2022-02-18 23:14:29,762] {dag.py:2396} INFO - Sync 2 DAGs
[2022-02-18 23:14:29,776] {logging_mixin.py:109} INFO - [2022-02-18 23:14:29,776] {dag.py:2935} INFO - Setting next_dagrun for example_external_task_marker_child to None
[2022-02-18 23:14:29,777] {logging_mixin.py:109} INFO - [2022-02-18 23:14:29,777] {dag.py:2935} INFO - Setting next_dagrun for example_external_task_marker_parent to None
[2022-02-18 23:14:29,812] {processor.py:171} INFO - Processing /home/airflow/.local/lib/python3.7/site-packages/airflow/example_dags/example_external_task_marker_dag.py took 0.149 seconds
