[2022-02-18 23:10:09,727] {processor.py:163} INFO - Started process (PID=4962) to work on /home/airflow/.local/lib/python3.7/site-packages/airflow/example_dags/example_branch_python_dop_operator_3.py
[2022-02-18 23:10:09,739] {processor.py:642} INFO - Processing file /home/airflow/.local/lib/python3.7/site-packages/airflow/example_dags/example_branch_python_dop_operator_3.py for tasks to queue
[2022-02-18 23:10:09,751] {logging_mixin.py:109} INFO - [2022-02-18 23:10:09,742] {dagbag.py:500} INFO - Filling up the DagBag from /home/airflow/.local/lib/python3.7/site-packages/airflow/example_dags/example_branch_python_dop_operator_3.py
[2022-02-18 23:10:09,816] {processor.py:654} INFO - DAG(s) dict_keys(['example_branch_dop_operator_v3']) retrieved from /home/airflow/.local/lib/python3.7/site-packages/airflow/example_dags/example_branch_python_dop_operator_3.py
[2022-02-18 23:10:09,872] {logging_mixin.py:109} INFO - [2022-02-18 23:10:09,871] {dag.py:2396} INFO - Sync 1 DAGs
[2022-02-18 23:10:09,895] {logging_mixin.py:109} INFO - [2022-02-18 23:10:09,894] {dag.py:2935} INFO - Setting next_dagrun for example_branch_dop_operator_v3 to 2022-02-18T23:09:00+00:00
[2022-02-18 23:10:09,905] {processor.py:171} INFO - Processing /home/airflow/.local/lib/python3.7/site-packages/airflow/example_dags/example_branch_python_dop_operator_3.py took 0.207 seconds
[2022-02-18 23:10:40,158] {processor.py:163} INFO - Started process (PID=5015) to work on /home/airflow/.local/lib/python3.7/site-packages/airflow/example_dags/example_branch_python_dop_operator_3.py
[2022-02-18 23:10:40,161] {processor.py:642} INFO - Processing file /home/airflow/.local/lib/python3.7/site-packages/airflow/example_dags/example_branch_python_dop_operator_3.py for tasks to queue
[2022-02-18 23:10:40,164] {logging_mixin.py:109} INFO - [2022-02-18 23:10:40,163] {dagbag.py:500} INFO - Filling up the DagBag from /home/airflow/.local/lib/python3.7/site-packages/airflow/example_dags/example_branch_python_dop_operator_3.py
[2022-02-18 23:10:40,204] {processor.py:654} INFO - DAG(s) dict_keys(['example_branch_dop_operator_v3']) retrieved from /home/airflow/.local/lib/python3.7/site-packages/airflow/example_dags/example_branch_python_dop_operator_3.py
[2022-02-18 23:10:40,230] {logging_mixin.py:109} INFO - [2022-02-18 23:10:40,230] {dag.py:2396} INFO - Sync 1 DAGs
[2022-02-18 23:10:40,285] {logging_mixin.py:109} INFO - [2022-02-18 23:10:40,285] {dag.py:2935} INFO - Setting next_dagrun for example_branch_dop_operator_v3 to 2022-02-18T23:09:00+00:00
[2022-02-18 23:10:40,300] {processor.py:171} INFO - Processing /home/airflow/.local/lib/python3.7/site-packages/airflow/example_dags/example_branch_python_dop_operator_3.py took 0.147 seconds
[2022-02-18 23:11:12,189] {processor.py:163} INFO - Started process (PID=5070) to work on /home/airflow/.local/lib/python3.7/site-packages/airflow/example_dags/example_branch_python_dop_operator_3.py
[2022-02-18 23:11:12,204] {processor.py:642} INFO - Processing file /home/airflow/.local/lib/python3.7/site-packages/airflow/example_dags/example_branch_python_dop_operator_3.py for tasks to queue
[2022-02-18 23:11:12,217] {logging_mixin.py:109} INFO - [2022-02-18 23:11:12,216] {dagbag.py:500} INFO - Filling up the DagBag from /home/airflow/.local/lib/python3.7/site-packages/airflow/example_dags/example_branch_python_dop_operator_3.py
[2022-02-18 23:11:12,615] {processor.py:654} INFO - DAG(s) dict_keys(['example_branch_dop_operator_v3']) retrieved from /home/airflow/.local/lib/python3.7/site-packages/airflow/example_dags/example_branch_python_dop_operator_3.py
[2022-02-18 23:11:12,701] {logging_mixin.py:109} INFO - [2022-02-18 23:11:12,700] {dag.py:2396} INFO - Sync 1 DAGs
[2022-02-18 23:11:12,816] {logging_mixin.py:109} INFO - [2022-02-18 23:11:12,804] {dag.py:2935} INFO - Setting next_dagrun for example_branch_dop_operator_v3 to 2022-02-18T23:10:00+00:00
[2022-02-18 23:11:12,922] {processor.py:171} INFO - Processing /home/airflow/.local/lib/python3.7/site-packages/airflow/example_dags/example_branch_python_dop_operator_3.py took 0.757 seconds
[2022-02-18 23:11:43,426] {processor.py:163} INFO - Started process (PID=5124) to work on /home/airflow/.local/lib/python3.7/site-packages/airflow/example_dags/example_branch_python_dop_operator_3.py
[2022-02-18 23:11:43,437] {processor.py:642} INFO - Processing file /home/airflow/.local/lib/python3.7/site-packages/airflow/example_dags/example_branch_python_dop_operator_3.py for tasks to queue
[2022-02-18 23:11:43,446] {logging_mixin.py:109} INFO - [2022-02-18 23:11:43,446] {dagbag.py:500} INFO - Filling up the DagBag from /home/airflow/.local/lib/python3.7/site-packages/airflow/example_dags/example_branch_python_dop_operator_3.py
[2022-02-18 23:11:43,584] {processor.py:654} INFO - DAG(s) dict_keys(['example_branch_dop_operator_v3']) retrieved from /home/airflow/.local/lib/python3.7/site-packages/airflow/example_dags/example_branch_python_dop_operator_3.py
[2022-02-18 23:11:43,639] {logging_mixin.py:109} INFO - [2022-02-18 23:11:43,638] {dag.py:2396} INFO - Sync 1 DAGs
[2022-02-18 23:11:43,720] {logging_mixin.py:109} INFO - [2022-02-18 23:11:43,720] {dag.py:2935} INFO - Setting next_dagrun for example_branch_dop_operator_v3 to 2022-02-18T23:10:00+00:00
[2022-02-18 23:11:43,809] {processor.py:171} INFO - Processing /home/airflow/.local/lib/python3.7/site-packages/airflow/example_dags/example_branch_python_dop_operator_3.py took 0.398 seconds
[2022-02-18 23:12:14,267] {processor.py:163} INFO - Started process (PID=5178) to work on /home/airflow/.local/lib/python3.7/site-packages/airflow/example_dags/example_branch_python_dop_operator_3.py
[2022-02-18 23:12:14,279] {processor.py:642} INFO - Processing file /home/airflow/.local/lib/python3.7/site-packages/airflow/example_dags/example_branch_python_dop_operator_3.py for tasks to queue
[2022-02-18 23:12:14,303] {logging_mixin.py:109} INFO - [2022-02-18 23:12:14,290] {dagbag.py:500} INFO - Filling up the DagBag from /home/airflow/.local/lib/python3.7/site-packages/airflow/example_dags/example_branch_python_dop_operator_3.py
[2022-02-18 23:12:14,419] {processor.py:654} INFO - DAG(s) dict_keys(['example_branch_dop_operator_v3']) retrieved from /home/airflow/.local/lib/python3.7/site-packages/airflow/example_dags/example_branch_python_dop_operator_3.py
[2022-02-18 23:12:14,444] {logging_mixin.py:109} INFO - [2022-02-18 23:12:14,444] {dag.py:2396} INFO - Sync 1 DAGs
[2022-02-18 23:12:14,492] {logging_mixin.py:109} INFO - [2022-02-18 23:12:14,491] {dag.py:2935} INFO - Setting next_dagrun for example_branch_dop_operator_v3 to 2022-02-18T23:11:00+00:00
[2022-02-18 23:12:14,509] {processor.py:171} INFO - Processing /home/airflow/.local/lib/python3.7/site-packages/airflow/example_dags/example_branch_python_dop_operator_3.py took 0.284 seconds
[2022-02-18 23:12:45,639] {processor.py:163} INFO - Started process (PID=5241) to work on /home/airflow/.local/lib/python3.7/site-packages/airflow/example_dags/example_branch_python_dop_operator_3.py
[2022-02-18 23:12:45,644] {processor.py:642} INFO - Processing file /home/airflow/.local/lib/python3.7/site-packages/airflow/example_dags/example_branch_python_dop_operator_3.py for tasks to queue
[2022-02-18 23:12:45,653] {logging_mixin.py:109} INFO - [2022-02-18 23:12:45,653] {dagbag.py:500} INFO - Filling up the DagBag from /home/airflow/.local/lib/python3.7/site-packages/airflow/example_dags/example_branch_python_dop_operator_3.py
[2022-02-18 23:12:45,749] {processor.py:654} INFO - DAG(s) dict_keys(['example_branch_dop_operator_v3']) retrieved from /home/airflow/.local/lib/python3.7/site-packages/airflow/example_dags/example_branch_python_dop_operator_3.py
[2022-02-18 23:12:45,777] {logging_mixin.py:109} INFO - [2022-02-18 23:12:45,777] {dag.py:2396} INFO - Sync 1 DAGs
[2022-02-18 23:12:45,844] {logging_mixin.py:109} INFO - [2022-02-18 23:12:45,844] {dag.py:2935} INFO - Setting next_dagrun for example_branch_dop_operator_v3 to 2022-02-18T23:11:00+00:00
[2022-02-18 23:12:45,868] {processor.py:171} INFO - Processing /home/airflow/.local/lib/python3.7/site-packages/airflow/example_dags/example_branch_python_dop_operator_3.py took 0.247 seconds
[2022-02-18 23:13:16,029] {processor.py:163} INFO - Started process (PID=5285) to work on /home/airflow/.local/lib/python3.7/site-packages/airflow/example_dags/example_branch_python_dop_operator_3.py
[2022-02-18 23:13:16,044] {processor.py:642} INFO - Processing file /home/airflow/.local/lib/python3.7/site-packages/airflow/example_dags/example_branch_python_dop_operator_3.py for tasks to queue
[2022-02-18 23:13:16,060] {logging_mixin.py:109} INFO - [2022-02-18 23:13:16,060] {dagbag.py:500} INFO - Filling up the DagBag from /home/airflow/.local/lib/python3.7/site-packages/airflow/example_dags/example_branch_python_dop_operator_3.py
[2022-02-18 23:13:16,302] {processor.py:654} INFO - DAG(s) dict_keys(['example_branch_dop_operator_v3']) retrieved from /home/airflow/.local/lib/python3.7/site-packages/airflow/example_dags/example_branch_python_dop_operator_3.py
[2022-02-18 23:13:16,397] {logging_mixin.py:109} INFO - [2022-02-18 23:13:16,397] {dag.py:2396} INFO - Sync 1 DAGs
[2022-02-18 23:13:16,506] {logging_mixin.py:109} INFO - [2022-02-18 23:13:16,506] {dag.py:2935} INFO - Setting next_dagrun for example_branch_dop_operator_v3 to 2022-02-18T23:12:00+00:00
[2022-02-18 23:13:16,558] {processor.py:171} INFO - Processing /home/airflow/.local/lib/python3.7/site-packages/airflow/example_dags/example_branch_python_dop_operator_3.py took 0.555 seconds
[2022-02-18 23:13:46,684] {processor.py:163} INFO - Started process (PID=5337) to work on /home/airflow/.local/lib/python3.7/site-packages/airflow/example_dags/example_branch_python_dop_operator_3.py
[2022-02-18 23:13:46,686] {processor.py:642} INFO - Processing file /home/airflow/.local/lib/python3.7/site-packages/airflow/example_dags/example_branch_python_dop_operator_3.py for tasks to queue
[2022-02-18 23:13:46,688] {logging_mixin.py:109} INFO - [2022-02-18 23:13:46,687] {dagbag.py:500} INFO - Filling up the DagBag from /home/airflow/.local/lib/python3.7/site-packages/airflow/example_dags/example_branch_python_dop_operator_3.py
[2022-02-18 23:13:46,719] {processor.py:654} INFO - DAG(s) dict_keys(['example_branch_dop_operator_v3']) retrieved from /home/airflow/.local/lib/python3.7/site-packages/airflow/example_dags/example_branch_python_dop_operator_3.py
[2022-02-18 23:13:46,731] {logging_mixin.py:109} INFO - [2022-02-18 23:13:46,731] {dag.py:2396} INFO - Sync 1 DAGs
[2022-02-18 23:13:46,757] {logging_mixin.py:109} INFO - [2022-02-18 23:13:46,757] {dag.py:2935} INFO - Setting next_dagrun for example_branch_dop_operator_v3 to 2022-02-18T23:12:00+00:00
[2022-02-18 23:13:46,775] {processor.py:171} INFO - Processing /home/airflow/.local/lib/python3.7/site-packages/airflow/example_dags/example_branch_python_dop_operator_3.py took 0.095 seconds
[2022-02-18 23:14:16,816] {processor.py:163} INFO - Started process (PID=5388) to work on /home/airflow/.local/lib/python3.7/site-packages/airflow/example_dags/example_branch_python_dop_operator_3.py
[2022-02-18 23:14:16,819] {processor.py:642} INFO - Processing file /home/airflow/.local/lib/python3.7/site-packages/airflow/example_dags/example_branch_python_dop_operator_3.py for tasks to queue
[2022-02-18 23:14:16,821] {logging_mixin.py:109} INFO - [2022-02-18 23:14:16,821] {dagbag.py:500} INFO - Filling up the DagBag from /home/airflow/.local/lib/python3.7/site-packages/airflow/example_dags/example_branch_python_dop_operator_3.py
[2022-02-18 23:14:16,852] {processor.py:654} INFO - DAG(s) dict_keys(['example_branch_dop_operator_v3']) retrieved from /home/airflow/.local/lib/python3.7/site-packages/airflow/example_dags/example_branch_python_dop_operator_3.py
[2022-02-18 23:14:16,867] {logging_mixin.py:109} INFO - [2022-02-18 23:14:16,867] {dag.py:2396} INFO - Sync 1 DAGs
[2022-02-18 23:14:16,886] {logging_mixin.py:109} INFO - [2022-02-18 23:14:16,886] {dag.py:2935} INFO - Setting next_dagrun for example_branch_dop_operator_v3 to 2022-02-18T23:13:00+00:00
[2022-02-18 23:14:16,900] {processor.py:171} INFO - Processing /home/airflow/.local/lib/python3.7/site-packages/airflow/example_dags/example_branch_python_dop_operator_3.py took 0.088 seconds
[2022-02-18 23:14:47,046] {processor.py:163} INFO - Started process (PID=5441) to work on /home/airflow/.local/lib/python3.7/site-packages/airflow/example_dags/example_branch_python_dop_operator_3.py
[2022-02-18 23:14:47,049] {processor.py:642} INFO - Processing file /home/airflow/.local/lib/python3.7/site-packages/airflow/example_dags/example_branch_python_dop_operator_3.py for tasks to queue
[2022-02-18 23:14:47,051] {logging_mixin.py:109} INFO - [2022-02-18 23:14:47,051] {dagbag.py:500} INFO - Filling up the DagBag from /home/airflow/.local/lib/python3.7/site-packages/airflow/example_dags/example_branch_python_dop_operator_3.py
[2022-02-18 23:14:47,094] {processor.py:654} INFO - DAG(s) dict_keys(['example_branch_dop_operator_v3']) retrieved from /home/airflow/.local/lib/python3.7/site-packages/airflow/example_dags/example_branch_python_dop_operator_3.py
[2022-02-18 23:14:47,105] {logging_mixin.py:109} INFO - [2022-02-18 23:14:47,104] {dag.py:2396} INFO - Sync 1 DAGs
[2022-02-18 23:14:47,127] {logging_mixin.py:109} INFO - [2022-02-18 23:14:47,127] {dag.py:2935} INFO - Setting next_dagrun for example_branch_dop_operator_v3 to 2022-02-18T23:13:00+00:00
[2022-02-18 23:14:47,137] {processor.py:171} INFO - Processing /home/airflow/.local/lib/python3.7/site-packages/airflow/example_dags/example_branch_python_dop_operator_3.py took 0.096 seconds
