[2022-02-18 23:10:13,373] {processor.py:163} INFO - Started process (PID=4969) to work on /home/airflow/.local/lib/python3.7/site-packages/airflow/example_dags/example_xcomargs.py
[2022-02-18 23:10:13,376] {processor.py:642} INFO - Processing file /home/airflow/.local/lib/python3.7/site-packages/airflow/example_dags/example_xcomargs.py for tasks to queue
[2022-02-18 23:10:13,377] {logging_mixin.py:109} INFO - [2022-02-18 23:10:13,377] {dagbag.py:500} INFO - Filling up the DagBag from /home/airflow/.local/lib/python3.7/site-packages/airflow/example_dags/example_xcomargs.py
[2022-02-18 23:10:13,451] {processor.py:654} INFO - DAG(s) dict_keys(['example_xcom_args', 'example_xcom_args_with_operators']) retrieved from /home/airflow/.local/lib/python3.7/site-packages/airflow/example_dags/example_xcomargs.py
[2022-02-18 23:10:13,484] {logging_mixin.py:109} INFO - [2022-02-18 23:10:13,484] {dag.py:2396} INFO - Sync 2 DAGs
[2022-02-18 23:10:13,516] {logging_mixin.py:109} INFO - [2022-02-18 23:10:13,516] {dag.py:2935} INFO - Setting next_dagrun for example_xcom_args to None
[2022-02-18 23:10:13,523] {logging_mixin.py:109} INFO - [2022-02-18 23:10:13,521] {dag.py:2935} INFO - Setting next_dagrun for example_xcom_args_with_operators to None
[2022-02-18 23:10:13,554] {processor.py:171} INFO - Processing /home/airflow/.local/lib/python3.7/site-packages/airflow/example_dags/example_xcomargs.py took 0.185 seconds
[2022-02-18 23:10:43,797] {processor.py:163} INFO - Started process (PID=5021) to work on /home/airflow/.local/lib/python3.7/site-packages/airflow/example_dags/example_xcomargs.py
[2022-02-18 23:10:43,800] {processor.py:642} INFO - Processing file /home/airflow/.local/lib/python3.7/site-packages/airflow/example_dags/example_xcomargs.py for tasks to queue
[2022-02-18 23:10:43,802] {logging_mixin.py:109} INFO - [2022-02-18 23:10:43,802] {dagbag.py:500} INFO - Filling up the DagBag from /home/airflow/.local/lib/python3.7/site-packages/airflow/example_dags/example_xcomargs.py
[2022-02-18 23:10:43,870] {processor.py:654} INFO - DAG(s) dict_keys(['example_xcom_args', 'example_xcom_args_with_operators']) retrieved from /home/airflow/.local/lib/python3.7/site-packages/airflow/example_dags/example_xcomargs.py
[2022-02-18 23:10:44,173] {logging_mixin.py:109} INFO - [2022-02-18 23:10:44,172] {dag.py:2396} INFO - Sync 2 DAGs
[2022-02-18 23:10:44,196] {logging_mixin.py:109} INFO - [2022-02-18 23:10:44,196] {dag.py:2935} INFO - Setting next_dagrun for example_xcom_args to None
[2022-02-18 23:10:44,198] {logging_mixin.py:109} INFO - [2022-02-18 23:10:44,197] {dag.py:2935} INFO - Setting next_dagrun for example_xcom_args_with_operators to None
[2022-02-18 23:10:44,217] {processor.py:171} INFO - Processing /home/airflow/.local/lib/python3.7/site-packages/airflow/example_dags/example_xcomargs.py took 0.426 seconds
[2022-02-18 23:11:14,870] {processor.py:163} INFO - Started process (PID=5076) to work on /home/airflow/.local/lib/python3.7/site-packages/airflow/example_dags/example_xcomargs.py
[2022-02-18 23:11:14,888] {processor.py:642} INFO - Processing file /home/airflow/.local/lib/python3.7/site-packages/airflow/example_dags/example_xcomargs.py for tasks to queue
[2022-02-18 23:11:14,894] {logging_mixin.py:109} INFO - [2022-02-18 23:11:14,892] {dagbag.py:500} INFO - Filling up the DagBag from /home/airflow/.local/lib/python3.7/site-packages/airflow/example_dags/example_xcomargs.py
[2022-02-18 23:11:15,150] {processor.py:654} INFO - DAG(s) dict_keys(['example_xcom_args', 'example_xcom_args_with_operators']) retrieved from /home/airflow/.local/lib/python3.7/site-packages/airflow/example_dags/example_xcomargs.py
[2022-02-18 23:11:16,712] {logging_mixin.py:109} INFO - [2022-02-18 23:11:16,712] {dag.py:2396} INFO - Sync 2 DAGs
[2022-02-18 23:11:16,810] {logging_mixin.py:109} INFO - [2022-02-18 23:11:16,810] {dag.py:2935} INFO - Setting next_dagrun for example_xcom_args to None
[2022-02-18 23:11:16,818] {logging_mixin.py:109} INFO - [2022-02-18 23:11:16,817] {dag.py:2935} INFO - Setting next_dagrun for example_xcom_args_with_operators to None
[2022-02-18 23:11:16,869] {processor.py:171} INFO - Processing /home/airflow/.local/lib/python3.7/site-packages/airflow/example_dags/example_xcomargs.py took 2.013 seconds
[2022-02-18 23:11:47,545] {processor.py:163} INFO - Started process (PID=5141) to work on /home/airflow/.local/lib/python3.7/site-packages/airflow/example_dags/example_xcomargs.py
[2022-02-18 23:11:47,597] {processor.py:642} INFO - Processing file /home/airflow/.local/lib/python3.7/site-packages/airflow/example_dags/example_xcomargs.py for tasks to queue
[2022-02-18 23:11:47,604] {logging_mixin.py:109} INFO - [2022-02-18 23:11:47,603] {dagbag.py:500} INFO - Filling up the DagBag from /home/airflow/.local/lib/python3.7/site-packages/airflow/example_dags/example_xcomargs.py
[2022-02-18 23:11:47,745] {processor.py:654} INFO - DAG(s) dict_keys(['example_xcom_args', 'example_xcom_args_with_operators']) retrieved from /home/airflow/.local/lib/python3.7/site-packages/airflow/example_dags/example_xcomargs.py
[2022-02-18 23:11:47,834] {logging_mixin.py:109} INFO - [2022-02-18 23:11:47,826] {dag.py:2396} INFO - Sync 2 DAGs
[2022-02-18 23:11:47,893] {logging_mixin.py:109} INFO - [2022-02-18 23:11:47,893] {dag.py:2935} INFO - Setting next_dagrun for example_xcom_args to None
[2022-02-18 23:11:47,895] {logging_mixin.py:109} INFO - [2022-02-18 23:11:47,894] {dag.py:2935} INFO - Setting next_dagrun for example_xcom_args_with_operators to None
[2022-02-18 23:11:47,921] {processor.py:171} INFO - Processing /home/airflow/.local/lib/python3.7/site-packages/airflow/example_dags/example_xcomargs.py took 0.397 seconds
[2022-02-18 23:12:18,901] {processor.py:163} INFO - Started process (PID=5196) to work on /home/airflow/.local/lib/python3.7/site-packages/airflow/example_dags/example_xcomargs.py
[2022-02-18 23:12:18,906] {processor.py:642} INFO - Processing file /home/airflow/.local/lib/python3.7/site-packages/airflow/example_dags/example_xcomargs.py for tasks to queue
[2022-02-18 23:12:18,913] {logging_mixin.py:109} INFO - [2022-02-18 23:12:18,913] {dagbag.py:500} INFO - Filling up the DagBag from /home/airflow/.local/lib/python3.7/site-packages/airflow/example_dags/example_xcomargs.py
[2022-02-18 23:12:18,988] {processor.py:654} INFO - DAG(s) dict_keys(['example_xcom_args', 'example_xcom_args_with_operators']) retrieved from /home/airflow/.local/lib/python3.7/site-packages/airflow/example_dags/example_xcomargs.py
[2022-02-18 23:12:19,804] {logging_mixin.py:109} INFO - [2022-02-18 23:12:19,804] {dag.py:2396} INFO - Sync 2 DAGs
[2022-02-18 23:12:19,845] {logging_mixin.py:109} INFO - [2022-02-18 23:12:19,845] {dag.py:2935} INFO - Setting next_dagrun for example_xcom_args to None
[2022-02-18 23:12:19,853] {logging_mixin.py:109} INFO - [2022-02-18 23:12:19,852] {dag.py:2935} INFO - Setting next_dagrun for example_xcom_args_with_operators to None
[2022-02-18 23:12:19,890] {processor.py:171} INFO - Processing /home/airflow/.local/lib/python3.7/site-packages/airflow/example_dags/example_xcomargs.py took 1.051 seconds
[2022-02-18 23:12:51,047] {processor.py:163} INFO - Started process (PID=5252) to work on /home/airflow/.local/lib/python3.7/site-packages/airflow/example_dags/example_xcomargs.py
[2022-02-18 23:12:51,052] {processor.py:642} INFO - Processing file /home/airflow/.local/lib/python3.7/site-packages/airflow/example_dags/example_xcomargs.py for tasks to queue
[2022-02-18 23:12:51,056] {logging_mixin.py:109} INFO - [2022-02-18 23:12:51,055] {dagbag.py:500} INFO - Filling up the DagBag from /home/airflow/.local/lib/python3.7/site-packages/airflow/example_dags/example_xcomargs.py
[2022-02-18 23:12:51,131] {processor.py:654} INFO - DAG(s) dict_keys(['example_xcom_args', 'example_xcom_args_with_operators']) retrieved from /home/airflow/.local/lib/python3.7/site-packages/airflow/example_dags/example_xcomargs.py
[2022-02-18 23:12:51,169] {logging_mixin.py:109} INFO - [2022-02-18 23:12:51,169] {dag.py:2396} INFO - Sync 2 DAGs
[2022-02-18 23:12:51,230] {logging_mixin.py:109} INFO - [2022-02-18 23:12:51,230] {dag.py:2935} INFO - Setting next_dagrun for example_xcom_args to None
[2022-02-18 23:12:51,234] {logging_mixin.py:109} INFO - [2022-02-18 23:12:51,234] {dag.py:2935} INFO - Setting next_dagrun for example_xcom_args_with_operators to None
[2022-02-18 23:12:51,261] {processor.py:171} INFO - Processing /home/airflow/.local/lib/python3.7/site-packages/airflow/example_dags/example_xcomargs.py took 0.227 seconds
[2022-02-18 23:13:22,123] {processor.py:163} INFO - Started process (PID=5307) to work on /home/airflow/.local/lib/python3.7/site-packages/airflow/example_dags/example_xcomargs.py
[2022-02-18 23:13:22,131] {processor.py:642} INFO - Processing file /home/airflow/.local/lib/python3.7/site-packages/airflow/example_dags/example_xcomargs.py for tasks to queue
[2022-02-18 23:13:22,149] {logging_mixin.py:109} INFO - [2022-02-18 23:13:22,148] {dagbag.py:500} INFO - Filling up the DagBag from /home/airflow/.local/lib/python3.7/site-packages/airflow/example_dags/example_xcomargs.py
[2022-02-18 23:13:22,468] {processor.py:654} INFO - DAG(s) dict_keys(['example_xcom_args', 'example_xcom_args_with_operators']) retrieved from /home/airflow/.local/lib/python3.7/site-packages/airflow/example_dags/example_xcomargs.py
[2022-02-18 23:13:23,045] {logging_mixin.py:109} INFO - [2022-02-18 23:13:23,045] {dag.py:2396} INFO - Sync 2 DAGs
[2022-02-18 23:13:23,123] {logging_mixin.py:109} INFO - [2022-02-18 23:13:23,123] {dag.py:2935} INFO - Setting next_dagrun for example_xcom_args to None
[2022-02-18 23:13:23,126] {logging_mixin.py:109} INFO - [2022-02-18 23:13:23,126] {dag.py:2935} INFO - Setting next_dagrun for example_xcom_args_with_operators to None
[2022-02-18 23:13:23,179] {processor.py:171} INFO - Processing /home/airflow/.local/lib/python3.7/site-packages/airflow/example_dags/example_xcomargs.py took 1.135 seconds
[2022-02-18 23:13:53,883] {processor.py:163} INFO - Started process (PID=5356) to work on /home/airflow/.local/lib/python3.7/site-packages/airflow/example_dags/example_xcomargs.py
[2022-02-18 23:13:53,909] {processor.py:642} INFO - Processing file /home/airflow/.local/lib/python3.7/site-packages/airflow/example_dags/example_xcomargs.py for tasks to queue
[2022-02-18 23:13:53,913] {logging_mixin.py:109} INFO - [2022-02-18 23:13:53,913] {dagbag.py:500} INFO - Filling up the DagBag from /home/airflow/.local/lib/python3.7/site-packages/airflow/example_dags/example_xcomargs.py
[2022-02-18 23:13:54,104] {processor.py:654} INFO - DAG(s) dict_keys(['example_xcom_args', 'example_xcom_args_with_operators']) retrieved from /home/airflow/.local/lib/python3.7/site-packages/airflow/example_dags/example_xcomargs.py
[2022-02-18 23:13:55,207] {logging_mixin.py:109} INFO - [2022-02-18 23:13:55,207] {dag.py:2396} INFO - Sync 2 DAGs
[2022-02-18 23:13:55,298] {logging_mixin.py:109} INFO - [2022-02-18 23:13:55,298] {dag.py:2935} INFO - Setting next_dagrun for example_xcom_args to None
[2022-02-18 23:13:55,301] {logging_mixin.py:109} INFO - [2022-02-18 23:13:55,301] {dag.py:2935} INFO - Setting next_dagrun for example_xcom_args_with_operators to None
[2022-02-18 23:13:55,374] {processor.py:171} INFO - Processing /home/airflow/.local/lib/python3.7/site-packages/airflow/example_dags/example_xcomargs.py took 1.496 seconds
[2022-02-18 23:14:26,348] {processor.py:163} INFO - Started process (PID=5411) to work on /home/airflow/.local/lib/python3.7/site-packages/airflow/example_dags/example_xcomargs.py
[2022-02-18 23:14:26,351] {processor.py:642} INFO - Processing file /home/airflow/.local/lib/python3.7/site-packages/airflow/example_dags/example_xcomargs.py for tasks to queue
[2022-02-18 23:14:26,352] {logging_mixin.py:109} INFO - [2022-02-18 23:14:26,352] {dagbag.py:500} INFO - Filling up the DagBag from /home/airflow/.local/lib/python3.7/site-packages/airflow/example_dags/example_xcomargs.py
[2022-02-18 23:14:26,405] {processor.py:654} INFO - DAG(s) dict_keys(['example_xcom_args', 'example_xcom_args_with_operators']) retrieved from /home/airflow/.local/lib/python3.7/site-packages/airflow/example_dags/example_xcomargs.py
[2022-02-18 23:14:26,606] {logging_mixin.py:109} INFO - [2022-02-18 23:14:26,606] {dag.py:2396} INFO - Sync 2 DAGs
[2022-02-18 23:14:26,621] {logging_mixin.py:109} INFO - [2022-02-18 23:14:26,621] {dag.py:2935} INFO - Setting next_dagrun for example_xcom_args to None
[2022-02-18 23:14:26,624] {logging_mixin.py:109} INFO - [2022-02-18 23:14:26,624] {dag.py:2935} INFO - Setting next_dagrun for example_xcom_args_with_operators to None
[2022-02-18 23:14:26,641] {processor.py:171} INFO - Processing /home/airflow/.local/lib/python3.7/site-packages/airflow/example_dags/example_xcomargs.py took 0.303 seconds
