[2022-02-18 23:09:54,523] {processor.py:163} INFO - Started process (PID=4939) to work on /home/airflow/.local/lib/python3.7/site-packages/airflow/example_dags/example_kubernetes_executor.py
[2022-02-18 23:09:54,531] {processor.py:642} INFO - Processing file /home/airflow/.local/lib/python3.7/site-packages/airflow/example_dags/example_kubernetes_executor.py for tasks to queue
[2022-02-18 23:09:54,537] {logging_mixin.py:109} INFO - [2022-02-18 23:09:54,537] {dagbag.py:500} INFO - Filling up the DagBag from /home/airflow/.local/lib/python3.7/site-packages/airflow/example_dags/example_kubernetes_executor.py
[2022-02-18 23:09:54,577] {processor.py:654} INFO - DAG(s) dict_keys(['example_kubernetes_executor']) retrieved from /home/airflow/.local/lib/python3.7/site-packages/airflow/example_dags/example_kubernetes_executor.py
[2022-02-18 23:09:54,604] {logging_mixin.py:109} INFO - [2022-02-18 23:09:54,603] {dag.py:2396} INFO - Sync 1 DAGs
[2022-02-18 23:09:54,638] {logging_mixin.py:109} INFO - [2022-02-18 23:09:54,638] {dag.py:2935} INFO - Setting next_dagrun for example_kubernetes_executor to None
[2022-02-18 23:09:54,660] {processor.py:171} INFO - Processing /home/airflow/.local/lib/python3.7/site-packages/airflow/example_dags/example_kubernetes_executor.py took 0.142 seconds
[2022-02-18 23:10:25,369] {processor.py:163} INFO - Started process (PID=4991) to work on /home/airflow/.local/lib/python3.7/site-packages/airflow/example_dags/example_kubernetes_executor.py
[2022-02-18 23:10:25,373] {processor.py:642} INFO - Processing file /home/airflow/.local/lib/python3.7/site-packages/airflow/example_dags/example_kubernetes_executor.py for tasks to queue
[2022-02-18 23:10:25,378] {logging_mixin.py:109} INFO - [2022-02-18 23:10:25,378] {dagbag.py:500} INFO - Filling up the DagBag from /home/airflow/.local/lib/python3.7/site-packages/airflow/example_dags/example_kubernetes_executor.py
[2022-02-18 23:10:25,430] {processor.py:654} INFO - DAG(s) dict_keys(['example_kubernetes_executor']) retrieved from /home/airflow/.local/lib/python3.7/site-packages/airflow/example_dags/example_kubernetes_executor.py
[2022-02-18 23:10:25,474] {logging_mixin.py:109} INFO - [2022-02-18 23:10:25,474] {dag.py:2396} INFO - Sync 1 DAGs
[2022-02-18 23:10:25,529] {logging_mixin.py:109} INFO - [2022-02-18 23:10:25,529] {dag.py:2935} INFO - Setting next_dagrun for example_kubernetes_executor to None
[2022-02-18 23:10:25,540] {processor.py:171} INFO - Processing /home/airflow/.local/lib/python3.7/site-packages/airflow/example_dags/example_kubernetes_executor.py took 0.186 seconds
[2022-02-18 23:10:56,224] {processor.py:163} INFO - Started process (PID=5044) to work on /home/airflow/.local/lib/python3.7/site-packages/airflow/example_dags/example_kubernetes_executor.py
[2022-02-18 23:10:56,230] {processor.py:642} INFO - Processing file /home/airflow/.local/lib/python3.7/site-packages/airflow/example_dags/example_kubernetes_executor.py for tasks to queue
[2022-02-18 23:10:56,234] {logging_mixin.py:109} INFO - [2022-02-18 23:10:56,234] {dagbag.py:500} INFO - Filling up the DagBag from /home/airflow/.local/lib/python3.7/site-packages/airflow/example_dags/example_kubernetes_executor.py
[2022-02-18 23:10:56,289] {processor.py:654} INFO - DAG(s) dict_keys(['example_kubernetes_executor']) retrieved from /home/airflow/.local/lib/python3.7/site-packages/airflow/example_dags/example_kubernetes_executor.py
[2022-02-18 23:10:56,390] {logging_mixin.py:109} INFO - [2022-02-18 23:10:56,389] {dag.py:2396} INFO - Sync 1 DAGs
[2022-02-18 23:10:56,469] {logging_mixin.py:109} INFO - [2022-02-18 23:10:56,466] {dag.py:2935} INFO - Setting next_dagrun for example_kubernetes_executor to None
[2022-02-18 23:10:56,536] {processor.py:171} INFO - Processing /home/airflow/.local/lib/python3.7/site-packages/airflow/example_dags/example_kubernetes_executor.py took 0.324 seconds
[2022-02-18 23:11:27,437] {processor.py:163} INFO - Started process (PID=5101) to work on /home/airflow/.local/lib/python3.7/site-packages/airflow/example_dags/example_kubernetes_executor.py
[2022-02-18 23:11:27,450] {processor.py:642} INFO - Processing file /home/airflow/.local/lib/python3.7/site-packages/airflow/example_dags/example_kubernetes_executor.py for tasks to queue
[2022-02-18 23:11:27,457] {logging_mixin.py:109} INFO - [2022-02-18 23:11:27,457] {dagbag.py:500} INFO - Filling up the DagBag from /home/airflow/.local/lib/python3.7/site-packages/airflow/example_dags/example_kubernetes_executor.py
[2022-02-18 23:11:27,751] {processor.py:654} INFO - DAG(s) dict_keys(['example_kubernetes_executor']) retrieved from /home/airflow/.local/lib/python3.7/site-packages/airflow/example_dags/example_kubernetes_executor.py
[2022-02-18 23:11:27,829] {logging_mixin.py:109} INFO - [2022-02-18 23:11:27,829] {dag.py:2396} INFO - Sync 1 DAGs
[2022-02-18 23:11:27,896] {logging_mixin.py:109} INFO - [2022-02-18 23:11:27,896] {dag.py:2935} INFO - Setting next_dagrun for example_kubernetes_executor to None
[2022-02-18 23:11:27,950] {processor.py:171} INFO - Processing /home/airflow/.local/lib/python3.7/site-packages/airflow/example_dags/example_kubernetes_executor.py took 0.534 seconds
[2022-02-18 23:11:58,558] {processor.py:163} INFO - Started process (PID=5154) to work on /home/airflow/.local/lib/python3.7/site-packages/airflow/example_dags/example_kubernetes_executor.py
[2022-02-18 23:11:58,562] {processor.py:642} INFO - Processing file /home/airflow/.local/lib/python3.7/site-packages/airflow/example_dags/example_kubernetes_executor.py for tasks to queue
[2022-02-18 23:11:58,568] {logging_mixin.py:109} INFO - [2022-02-18 23:11:58,568] {dagbag.py:500} INFO - Filling up the DagBag from /home/airflow/.local/lib/python3.7/site-packages/airflow/example_dags/example_kubernetes_executor.py
[2022-02-18 23:11:58,720] {processor.py:654} INFO - DAG(s) dict_keys(['example_kubernetes_executor']) retrieved from /home/airflow/.local/lib/python3.7/site-packages/airflow/example_dags/example_kubernetes_executor.py
[2022-02-18 23:11:58,814] {logging_mixin.py:109} INFO - [2022-02-18 23:11:58,814] {dag.py:2396} INFO - Sync 1 DAGs
[2022-02-18 23:11:58,846] {logging_mixin.py:109} INFO - [2022-02-18 23:11:58,846] {dag.py:2935} INFO - Setting next_dagrun for example_kubernetes_executor to None
[2022-02-18 23:11:58,869] {processor.py:171} INFO - Processing /home/airflow/.local/lib/python3.7/site-packages/airflow/example_dags/example_kubernetes_executor.py took 0.336 seconds
[2022-02-18 23:12:29,359] {processor.py:163} INFO - Started process (PID=5208) to work on /home/airflow/.local/lib/python3.7/site-packages/airflow/example_dags/example_kubernetes_executor.py
[2022-02-18 23:12:29,365] {processor.py:642} INFO - Processing file /home/airflow/.local/lib/python3.7/site-packages/airflow/example_dags/example_kubernetes_executor.py for tasks to queue
[2022-02-18 23:12:29,367] {logging_mixin.py:109} INFO - [2022-02-18 23:12:29,367] {dagbag.py:500} INFO - Filling up the DagBag from /home/airflow/.local/lib/python3.7/site-packages/airflow/example_dags/example_kubernetes_executor.py
[2022-02-18 23:12:29,454] {processor.py:654} INFO - DAG(s) dict_keys(['example_kubernetes_executor']) retrieved from /home/airflow/.local/lib/python3.7/site-packages/airflow/example_dags/example_kubernetes_executor.py
[2022-02-18 23:12:29,496] {logging_mixin.py:109} INFO - [2022-02-18 23:12:29,494] {dag.py:2396} INFO - Sync 1 DAGs
[2022-02-18 23:12:29,554] {logging_mixin.py:109} INFO - [2022-02-18 23:12:29,554] {dag.py:2935} INFO - Setting next_dagrun for example_kubernetes_executor to None
[2022-02-18 23:12:29,596] {processor.py:171} INFO - Processing /home/airflow/.local/lib/python3.7/site-packages/airflow/example_dags/example_kubernetes_executor.py took 0.241 seconds
[2022-02-18 23:13:03,061] {processor.py:163} INFO - Started process (PID=5271) to work on /home/airflow/.local/lib/python3.7/site-packages/airflow/example_dags/example_kubernetes_executor.py
[2022-02-18 23:13:03,064] {processor.py:642} INFO - Processing file /home/airflow/.local/lib/python3.7/site-packages/airflow/example_dags/example_kubernetes_executor.py for tasks to queue
[2022-02-18 23:13:03,073] {logging_mixin.py:109} INFO - [2022-02-18 23:13:03,073] {dagbag.py:500} INFO - Filling up the DagBag from /home/airflow/.local/lib/python3.7/site-packages/airflow/example_dags/example_kubernetes_executor.py
[2022-02-18 23:13:03,203] {processor.py:654} INFO - DAG(s) dict_keys(['example_kubernetes_executor']) retrieved from /home/airflow/.local/lib/python3.7/site-packages/airflow/example_dags/example_kubernetes_executor.py
[2022-02-18 23:13:03,246] {logging_mixin.py:109} INFO - [2022-02-18 23:13:03,246] {dag.py:2396} INFO - Sync 1 DAGs
[2022-02-18 23:13:03,432] {logging_mixin.py:109} INFO - [2022-02-18 23:13:03,432] {dag.py:2935} INFO - Setting next_dagrun for example_kubernetes_executor to None
[2022-02-18 23:13:03,515] {processor.py:171} INFO - Processing /home/airflow/.local/lib/python3.7/site-packages/airflow/example_dags/example_kubernetes_executor.py took 0.470 seconds
[2022-02-18 23:13:34,589] {processor.py:163} INFO - Started process (PID=5317) to work on /home/airflow/.local/lib/python3.7/site-packages/airflow/example_dags/example_kubernetes_executor.py
[2022-02-18 23:13:34,591] {processor.py:642} INFO - Processing file /home/airflow/.local/lib/python3.7/site-packages/airflow/example_dags/example_kubernetes_executor.py for tasks to queue
[2022-02-18 23:13:34,596] {logging_mixin.py:109} INFO - [2022-02-18 23:13:34,596] {dagbag.py:500} INFO - Filling up the DagBag from /home/airflow/.local/lib/python3.7/site-packages/airflow/example_dags/example_kubernetes_executor.py
[2022-02-18 23:13:34,677] {processor.py:654} INFO - DAG(s) dict_keys(['example_kubernetes_executor']) retrieved from /home/airflow/.local/lib/python3.7/site-packages/airflow/example_dags/example_kubernetes_executor.py
[2022-02-18 23:13:34,709] {logging_mixin.py:109} INFO - [2022-02-18 23:13:34,709] {dag.py:2396} INFO - Sync 1 DAGs
[2022-02-18 23:13:34,744] {logging_mixin.py:109} INFO - [2022-02-18 23:13:34,744] {dag.py:2935} INFO - Setting next_dagrun for example_kubernetes_executor to None
[2022-02-18 23:13:34,770] {processor.py:171} INFO - Processing /home/airflow/.local/lib/python3.7/site-packages/airflow/example_dags/example_kubernetes_executor.py took 0.195 seconds
[2022-02-18 23:14:04,863] {processor.py:163} INFO - Started process (PID=5368) to work on /home/airflow/.local/lib/python3.7/site-packages/airflow/example_dags/example_kubernetes_executor.py
[2022-02-18 23:14:04,867] {processor.py:642} INFO - Processing file /home/airflow/.local/lib/python3.7/site-packages/airflow/example_dags/example_kubernetes_executor.py for tasks to queue
[2022-02-18 23:14:04,870] {logging_mixin.py:109} INFO - [2022-02-18 23:14:04,870] {dagbag.py:500} INFO - Filling up the DagBag from /home/airflow/.local/lib/python3.7/site-packages/airflow/example_dags/example_kubernetes_executor.py
[2022-02-18 23:14:04,940] {processor.py:654} INFO - DAG(s) dict_keys(['example_kubernetes_executor']) retrieved from /home/airflow/.local/lib/python3.7/site-packages/airflow/example_dags/example_kubernetes_executor.py
[2022-02-18 23:14:04,963] {logging_mixin.py:109} INFO - [2022-02-18 23:14:04,963] {dag.py:2396} INFO - Sync 1 DAGs
[2022-02-18 23:14:04,983] {logging_mixin.py:109} INFO - [2022-02-18 23:14:04,983] {dag.py:2935} INFO - Setting next_dagrun for example_kubernetes_executor to None
[2022-02-18 23:14:04,997] {processor.py:171} INFO - Processing /home/airflow/.local/lib/python3.7/site-packages/airflow/example_dags/example_kubernetes_executor.py took 0.142 seconds
[2022-02-18 23:14:35,073] {processor.py:163} INFO - Started process (PID=5420) to work on /home/airflow/.local/lib/python3.7/site-packages/airflow/example_dags/example_kubernetes_executor.py
[2022-02-18 23:14:35,075] {processor.py:642} INFO - Processing file /home/airflow/.local/lib/python3.7/site-packages/airflow/example_dags/example_kubernetes_executor.py for tasks to queue
[2022-02-18 23:14:35,077] {logging_mixin.py:109} INFO - [2022-02-18 23:14:35,077] {dagbag.py:500} INFO - Filling up the DagBag from /home/airflow/.local/lib/python3.7/site-packages/airflow/example_dags/example_kubernetes_executor.py
[2022-02-18 23:14:35,110] {processor.py:654} INFO - DAG(s) dict_keys(['example_kubernetes_executor']) retrieved from /home/airflow/.local/lib/python3.7/site-packages/airflow/example_dags/example_kubernetes_executor.py
[2022-02-18 23:14:35,126] {logging_mixin.py:109} INFO - [2022-02-18 23:14:35,125] {dag.py:2396} INFO - Sync 1 DAGs
[2022-02-18 23:14:35,141] {logging_mixin.py:109} INFO - [2022-02-18 23:14:35,141] {dag.py:2935} INFO - Setting next_dagrun for example_kubernetes_executor to None
[2022-02-18 23:14:35,153] {processor.py:171} INFO - Processing /home/airflow/.local/lib/python3.7/site-packages/airflow/example_dags/example_kubernetes_executor.py took 0.083 seconds
