[2022-02-18 23:10:10,914] {processor.py:163} INFO - Started process (PID=4963) to work on /home/airflow/.local/lib/python3.7/site-packages/airflow/example_dags/example_time_delta_sensor_async.py
[2022-02-18 23:10:10,916] {processor.py:642} INFO - Processing file /home/airflow/.local/lib/python3.7/site-packages/airflow/example_dags/example_time_delta_sensor_async.py for tasks to queue
[2022-02-18 23:10:10,918] {logging_mixin.py:109} INFO - [2022-02-18 23:10:10,917] {dagbag.py:500} INFO - Filling up the DagBag from /home/airflow/.local/lib/python3.7/site-packages/airflow/example_dags/example_time_delta_sensor_async.py
[2022-02-18 23:10:10,944] {processor.py:654} INFO - DAG(s) dict_keys(['example_time_delta_sensor_async']) retrieved from /home/airflow/.local/lib/python3.7/site-packages/airflow/example_dags/example_time_delta_sensor_async.py
[2022-02-18 23:10:10,956] {logging_mixin.py:109} INFO - [2022-02-18 23:10:10,956] {dag.py:2396} INFO - Sync 1 DAGs
[2022-02-18 23:10:10,995] {logging_mixin.py:109} INFO - [2022-02-18 23:10:10,995] {dag.py:2935} INFO - Setting next_dagrun for example_time_delta_sensor_async to None
[2022-02-18 23:10:11,026] {processor.py:171} INFO - Processing /home/airflow/.local/lib/python3.7/site-packages/airflow/example_dags/example_time_delta_sensor_async.py took 0.117 seconds
[2022-02-18 23:10:41,307] {processor.py:163} INFO - Started process (PID=5016) to work on /home/airflow/.local/lib/python3.7/site-packages/airflow/example_dags/example_time_delta_sensor_async.py
[2022-02-18 23:10:41,311] {processor.py:642} INFO - Processing file /home/airflow/.local/lib/python3.7/site-packages/airflow/example_dags/example_time_delta_sensor_async.py for tasks to queue
[2022-02-18 23:10:41,313] {logging_mixin.py:109} INFO - [2022-02-18 23:10:41,312] {dagbag.py:500} INFO - Filling up the DagBag from /home/airflow/.local/lib/python3.7/site-packages/airflow/example_dags/example_time_delta_sensor_async.py
[2022-02-18 23:10:41,353] {processor.py:654} INFO - DAG(s) dict_keys(['example_time_delta_sensor_async']) retrieved from /home/airflow/.local/lib/python3.7/site-packages/airflow/example_dags/example_time_delta_sensor_async.py
[2022-02-18 23:10:41,367] {logging_mixin.py:109} INFO - [2022-02-18 23:10:41,367] {dag.py:2396} INFO - Sync 1 DAGs
[2022-02-18 23:10:41,388] {logging_mixin.py:109} INFO - [2022-02-18 23:10:41,388] {dag.py:2935} INFO - Setting next_dagrun for example_time_delta_sensor_async to None
[2022-02-18 23:10:41,432] {processor.py:171} INFO - Processing /home/airflow/.local/lib/python3.7/site-packages/airflow/example_dags/example_time_delta_sensor_async.py took 0.133 seconds
[2022-02-18 23:11:12,863] {processor.py:163} INFO - Started process (PID=5071) to work on /home/airflow/.local/lib/python3.7/site-packages/airflow/example_dags/example_time_delta_sensor_async.py
[2022-02-18 23:11:12,892] {processor.py:642} INFO - Processing file /home/airflow/.local/lib/python3.7/site-packages/airflow/example_dags/example_time_delta_sensor_async.py for tasks to queue
[2022-02-18 23:11:12,911] {logging_mixin.py:109} INFO - [2022-02-18 23:11:12,910] {dagbag.py:500} INFO - Filling up the DagBag from /home/airflow/.local/lib/python3.7/site-packages/airflow/example_dags/example_time_delta_sensor_async.py
[2022-02-18 23:11:13,015] {processor.py:654} INFO - DAG(s) dict_keys(['example_time_delta_sensor_async']) retrieved from /home/airflow/.local/lib/python3.7/site-packages/airflow/example_dags/example_time_delta_sensor_async.py
[2022-02-18 23:11:13,082] {logging_mixin.py:109} INFO - [2022-02-18 23:11:13,082] {dag.py:2396} INFO - Sync 1 DAGs
[2022-02-18 23:11:13,141] {logging_mixin.py:109} INFO - [2022-02-18 23:11:13,141] {dag.py:2935} INFO - Setting next_dagrun for example_time_delta_sensor_async to None
[2022-02-18 23:11:13,181] {processor.py:171} INFO - Processing /home/airflow/.local/lib/python3.7/site-packages/airflow/example_dags/example_time_delta_sensor_async.py took 0.338 seconds
[2022-02-18 23:11:43,857] {processor.py:163} INFO - Started process (PID=5125) to work on /home/airflow/.local/lib/python3.7/site-packages/airflow/example_dags/example_time_delta_sensor_async.py
[2022-02-18 23:11:43,860] {processor.py:642} INFO - Processing file /home/airflow/.local/lib/python3.7/site-packages/airflow/example_dags/example_time_delta_sensor_async.py for tasks to queue
[2022-02-18 23:11:43,862] {logging_mixin.py:109} INFO - [2022-02-18 23:11:43,862] {dagbag.py:500} INFO - Filling up the DagBag from /home/airflow/.local/lib/python3.7/site-packages/airflow/example_dags/example_time_delta_sensor_async.py
[2022-02-18 23:11:43,921] {processor.py:654} INFO - DAG(s) dict_keys(['example_time_delta_sensor_async']) retrieved from /home/airflow/.local/lib/python3.7/site-packages/airflow/example_dags/example_time_delta_sensor_async.py
[2022-02-18 23:11:43,939] {logging_mixin.py:109} INFO - [2022-02-18 23:11:43,939] {dag.py:2396} INFO - Sync 1 DAGs
[2022-02-18 23:11:43,969] {logging_mixin.py:109} INFO - [2022-02-18 23:11:43,969] {dag.py:2935} INFO - Setting next_dagrun for example_time_delta_sensor_async to None
[2022-02-18 23:11:43,989] {processor.py:171} INFO - Processing /home/airflow/.local/lib/python3.7/site-packages/airflow/example_dags/example_time_delta_sensor_async.py took 0.135 seconds
[2022-02-18 23:12:14,554] {processor.py:163} INFO - Started process (PID=5179) to work on /home/airflow/.local/lib/python3.7/site-packages/airflow/example_dags/example_time_delta_sensor_async.py
[2022-02-18 23:12:14,556] {processor.py:642} INFO - Processing file /home/airflow/.local/lib/python3.7/site-packages/airflow/example_dags/example_time_delta_sensor_async.py for tasks to queue
[2022-02-18 23:12:14,561] {logging_mixin.py:109} INFO - [2022-02-18 23:12:14,560] {dagbag.py:500} INFO - Filling up the DagBag from /home/airflow/.local/lib/python3.7/site-packages/airflow/example_dags/example_time_delta_sensor_async.py
[2022-02-18 23:12:14,614] {processor.py:654} INFO - DAG(s) dict_keys(['example_time_delta_sensor_async']) retrieved from /home/airflow/.local/lib/python3.7/site-packages/airflow/example_dags/example_time_delta_sensor_async.py
[2022-02-18 23:12:14,639] {logging_mixin.py:109} INFO - [2022-02-18 23:12:14,639] {dag.py:2396} INFO - Sync 1 DAGs
[2022-02-18 23:12:14,675] {logging_mixin.py:109} INFO - [2022-02-18 23:12:14,675] {dag.py:2935} INFO - Setting next_dagrun for example_time_delta_sensor_async to None
[2022-02-18 23:12:14,703] {processor.py:171} INFO - Processing /home/airflow/.local/lib/python3.7/site-packages/airflow/example_dags/example_time_delta_sensor_async.py took 0.154 seconds
[2022-02-18 23:12:45,927] {processor.py:163} INFO - Started process (PID=5242) to work on /home/airflow/.local/lib/python3.7/site-packages/airflow/example_dags/example_time_delta_sensor_async.py
[2022-02-18 23:12:45,933] {processor.py:642} INFO - Processing file /home/airflow/.local/lib/python3.7/site-packages/airflow/example_dags/example_time_delta_sensor_async.py for tasks to queue
[2022-02-18 23:12:45,935] {logging_mixin.py:109} INFO - [2022-02-18 23:12:45,935] {dagbag.py:500} INFO - Filling up the DagBag from /home/airflow/.local/lib/python3.7/site-packages/airflow/example_dags/example_time_delta_sensor_async.py
[2022-02-18 23:12:45,993] {processor.py:654} INFO - DAG(s) dict_keys(['example_time_delta_sensor_async']) retrieved from /home/airflow/.local/lib/python3.7/site-packages/airflow/example_dags/example_time_delta_sensor_async.py
[2022-02-18 23:12:46,017] {logging_mixin.py:109} INFO - [2022-02-18 23:12:46,017] {dag.py:2396} INFO - Sync 1 DAGs
[2022-02-18 23:12:46,047] {logging_mixin.py:109} INFO - [2022-02-18 23:12:46,047] {dag.py:2935} INFO - Setting next_dagrun for example_time_delta_sensor_async to None
[2022-02-18 23:12:46,080] {processor.py:171} INFO - Processing /home/airflow/.local/lib/python3.7/site-packages/airflow/example_dags/example_time_delta_sensor_async.py took 0.158 seconds
[2022-02-18 23:13:17,205] {processor.py:163} INFO - Started process (PID=5289) to work on /home/airflow/.local/lib/python3.7/site-packages/airflow/example_dags/example_time_delta_sensor_async.py
[2022-02-18 23:13:17,209] {processor.py:642} INFO - Processing file /home/airflow/.local/lib/python3.7/site-packages/airflow/example_dags/example_time_delta_sensor_async.py for tasks to queue
[2022-02-18 23:13:17,213] {logging_mixin.py:109} INFO - [2022-02-18 23:13:17,213] {dagbag.py:500} INFO - Filling up the DagBag from /home/airflow/.local/lib/python3.7/site-packages/airflow/example_dags/example_time_delta_sensor_async.py
[2022-02-18 23:13:17,262] {processor.py:654} INFO - DAG(s) dict_keys(['example_time_delta_sensor_async']) retrieved from /home/airflow/.local/lib/python3.7/site-packages/airflow/example_dags/example_time_delta_sensor_async.py
[2022-02-18 23:13:17,283] {logging_mixin.py:109} INFO - [2022-02-18 23:13:17,283] {dag.py:2396} INFO - Sync 1 DAGs
[2022-02-18 23:13:17,323] {logging_mixin.py:109} INFO - [2022-02-18 23:13:17,323] {dag.py:2935} INFO - Setting next_dagrun for example_time_delta_sensor_async to None
[2022-02-18 23:13:17,351] {processor.py:171} INFO - Processing /home/airflow/.local/lib/python3.7/site-packages/airflow/example_dags/example_time_delta_sensor_async.py took 0.156 seconds
[2022-02-18 23:13:48,458] {processor.py:163} INFO - Started process (PID=5341) to work on /home/airflow/.local/lib/python3.7/site-packages/airflow/example_dags/example_time_delta_sensor_async.py
[2022-02-18 23:13:48,467] {processor.py:642} INFO - Processing file /home/airflow/.local/lib/python3.7/site-packages/airflow/example_dags/example_time_delta_sensor_async.py for tasks to queue
[2022-02-18 23:13:48,481] {logging_mixin.py:109} INFO - [2022-02-18 23:13:48,481] {dagbag.py:500} INFO - Filling up the DagBag from /home/airflow/.local/lib/python3.7/site-packages/airflow/example_dags/example_time_delta_sensor_async.py
[2022-02-18 23:13:48,554] {processor.py:654} INFO - DAG(s) dict_keys(['example_time_delta_sensor_async']) retrieved from /home/airflow/.local/lib/python3.7/site-packages/airflow/example_dags/example_time_delta_sensor_async.py
[2022-02-18 23:13:48,582] {logging_mixin.py:109} INFO - [2022-02-18 23:13:48,582] {dag.py:2396} INFO - Sync 1 DAGs
[2022-02-18 23:13:48,655] {logging_mixin.py:109} INFO - [2022-02-18 23:13:48,655] {dag.py:2935} INFO - Setting next_dagrun for example_time_delta_sensor_async to None
[2022-02-18 23:13:48,676] {processor.py:171} INFO - Processing /home/airflow/.local/lib/python3.7/site-packages/airflow/example_dags/example_time_delta_sensor_async.py took 0.231 seconds
[2022-02-18 23:14:19,039] {processor.py:163} INFO - Started process (PID=5392) to work on /home/airflow/.local/lib/python3.7/site-packages/airflow/example_dags/example_time_delta_sensor_async.py
[2022-02-18 23:14:19,066] {processor.py:642} INFO - Processing file /home/airflow/.local/lib/python3.7/site-packages/airflow/example_dags/example_time_delta_sensor_async.py for tasks to queue
[2022-02-18 23:14:19,071] {logging_mixin.py:109} INFO - [2022-02-18 23:14:19,071] {dagbag.py:500} INFO - Filling up the DagBag from /home/airflow/.local/lib/python3.7/site-packages/airflow/example_dags/example_time_delta_sensor_async.py
[2022-02-18 23:14:19,122] {processor.py:654} INFO - DAG(s) dict_keys(['example_time_delta_sensor_async']) retrieved from /home/airflow/.local/lib/python3.7/site-packages/airflow/example_dags/example_time_delta_sensor_async.py
[2022-02-18 23:14:19,141] {logging_mixin.py:109} INFO - [2022-02-18 23:14:19,141] {dag.py:2396} INFO - Sync 1 DAGs
[2022-02-18 23:14:19,161] {logging_mixin.py:109} INFO - [2022-02-18 23:14:19,161] {dag.py:2935} INFO - Setting next_dagrun for example_time_delta_sensor_async to None
[2022-02-18 23:14:19,177] {processor.py:171} INFO - Processing /home/airflow/.local/lib/python3.7/site-packages/airflow/example_dags/example_time_delta_sensor_async.py took 0.142 seconds
[2022-02-18 23:14:49,228] {processor.py:163} INFO - Started process (PID=5444) to work on /home/airflow/.local/lib/python3.7/site-packages/airflow/example_dags/example_time_delta_sensor_async.py
[2022-02-18 23:14:49,232] {processor.py:642} INFO - Processing file /home/airflow/.local/lib/python3.7/site-packages/airflow/example_dags/example_time_delta_sensor_async.py for tasks to queue
[2022-02-18 23:14:49,234] {logging_mixin.py:109} INFO - [2022-02-18 23:14:49,234] {dagbag.py:500} INFO - Filling up the DagBag from /home/airflow/.local/lib/python3.7/site-packages/airflow/example_dags/example_time_delta_sensor_async.py
[2022-02-18 23:14:49,268] {processor.py:654} INFO - DAG(s) dict_keys(['example_time_delta_sensor_async']) retrieved from /home/airflow/.local/lib/python3.7/site-packages/airflow/example_dags/example_time_delta_sensor_async.py
[2022-02-18 23:14:49,304] {logging_mixin.py:109} INFO - [2022-02-18 23:14:49,304] {dag.py:2396} INFO - Sync 1 DAGs
[2022-02-18 23:14:49,355] {logging_mixin.py:109} INFO - [2022-02-18 23:14:49,355] {dag.py:2935} INFO - Setting next_dagrun for example_time_delta_sensor_async to None
[2022-02-18 23:14:49,389] {processor.py:171} INFO - Processing /home/airflow/.local/lib/python3.7/site-packages/airflow/example_dags/example_time_delta_sensor_async.py took 0.169 seconds
