[2022-02-18 23:09:47,323] {processor.py:163} INFO - Started process (PID=4929) to work on /home/airflow/.local/lib/python3.7/site-packages/airflow/example_dags/example_task_group.py
[2022-02-18 23:09:47,332] {processor.py:642} INFO - Processing file /home/airflow/.local/lib/python3.7/site-packages/airflow/example_dags/example_task_group.py for tasks to queue
[2022-02-18 23:09:47,344] {logging_mixin.py:109} INFO - [2022-02-18 23:09:47,341] {dagbag.py:500} INFO - Filling up the DagBag from /home/airflow/.local/lib/python3.7/site-packages/airflow/example_dags/example_task_group.py
[2022-02-18 23:09:47,479] {processor.py:654} INFO - DAG(s) dict_keys(['example_task_group']) retrieved from /home/airflow/.local/lib/python3.7/site-packages/airflow/example_dags/example_task_group.py
[2022-02-18 23:09:47,505] {logging_mixin.py:109} INFO - [2022-02-18 23:09:47,505] {dag.py:2396} INFO - Sync 1 DAGs
[2022-02-18 23:09:47,550] {logging_mixin.py:109} INFO - [2022-02-18 23:09:47,550] {dag.py:2935} INFO - Setting next_dagrun for example_task_group to 2022-02-17T23:09:47.549977+00:00
[2022-02-18 23:09:47,566] {processor.py:171} INFO - Processing /home/airflow/.local/lib/python3.7/site-packages/airflow/example_dags/example_task_group.py took 0.298 seconds
[2022-02-18 23:10:17,774] {processor.py:163} INFO - Started process (PID=4981) to work on /home/airflow/.local/lib/python3.7/site-packages/airflow/example_dags/example_task_group.py
[2022-02-18 23:10:17,777] {processor.py:642} INFO - Processing file /home/airflow/.local/lib/python3.7/site-packages/airflow/example_dags/example_task_group.py for tasks to queue
[2022-02-18 23:10:17,784] {logging_mixin.py:109} INFO - [2022-02-18 23:10:17,784] {dagbag.py:500} INFO - Filling up the DagBag from /home/airflow/.local/lib/python3.7/site-packages/airflow/example_dags/example_task_group.py
[2022-02-18 23:10:17,926] {processor.py:654} INFO - DAG(s) dict_keys(['example_task_group']) retrieved from /home/airflow/.local/lib/python3.7/site-packages/airflow/example_dags/example_task_group.py
[2022-02-18 23:10:18,014] {logging_mixin.py:109} INFO - [2022-02-18 23:10:18,014] {dag.py:2396} INFO - Sync 1 DAGs
[2022-02-18 23:10:18,109] {logging_mixin.py:109} INFO - [2022-02-18 23:10:18,109] {dag.py:2935} INFO - Setting next_dagrun for example_task_group to 2022-02-17T23:10:18.108904+00:00
[2022-02-18 23:10:18,163] {processor.py:171} INFO - Processing /home/airflow/.local/lib/python3.7/site-packages/airflow/example_dags/example_task_group.py took 0.409 seconds
[2022-02-18 23:10:48,301] {processor.py:163} INFO - Started process (PID=5034) to work on /home/airflow/.local/lib/python3.7/site-packages/airflow/example_dags/example_task_group.py
[2022-02-18 23:10:48,314] {processor.py:642} INFO - Processing file /home/airflow/.local/lib/python3.7/site-packages/airflow/example_dags/example_task_group.py for tasks to queue
[2022-02-18 23:10:48,319] {logging_mixin.py:109} INFO - [2022-02-18 23:10:48,319] {dagbag.py:500} INFO - Filling up the DagBag from /home/airflow/.local/lib/python3.7/site-packages/airflow/example_dags/example_task_group.py
[2022-02-18 23:10:48,393] {processor.py:654} INFO - DAG(s) dict_keys(['example_task_group']) retrieved from /home/airflow/.local/lib/python3.7/site-packages/airflow/example_dags/example_task_group.py
[2022-02-18 23:10:48,458] {logging_mixin.py:109} INFO - [2022-02-18 23:10:48,457] {dag.py:2396} INFO - Sync 1 DAGs
[2022-02-18 23:10:48,538] {logging_mixin.py:109} INFO - [2022-02-18 23:10:48,538] {dag.py:2935} INFO - Setting next_dagrun for example_task_group to 2022-02-17T23:10:48.537703+00:00
[2022-02-18 23:10:48,571] {processor.py:171} INFO - Processing /home/airflow/.local/lib/python3.7/site-packages/airflow/example_dags/example_task_group.py took 0.295 seconds
[2022-02-18 23:11:18,763] {processor.py:163} INFO - Started process (PID=5088) to work on /home/airflow/.local/lib/python3.7/site-packages/airflow/example_dags/example_task_group.py
[2022-02-18 23:11:18,766] {processor.py:642} INFO - Processing file /home/airflow/.local/lib/python3.7/site-packages/airflow/example_dags/example_task_group.py for tasks to queue
[2022-02-18 23:11:18,769] {logging_mixin.py:109} INFO - [2022-02-18 23:11:18,769] {dagbag.py:500} INFO - Filling up the DagBag from /home/airflow/.local/lib/python3.7/site-packages/airflow/example_dags/example_task_group.py
[2022-02-18 23:11:18,858] {processor.py:654} INFO - DAG(s) dict_keys(['example_task_group']) retrieved from /home/airflow/.local/lib/python3.7/site-packages/airflow/example_dags/example_task_group.py
[2022-02-18 23:11:18,873] {logging_mixin.py:109} INFO - [2022-02-18 23:11:18,873] {dag.py:2396} INFO - Sync 1 DAGs
[2022-02-18 23:11:18,902] {logging_mixin.py:109} INFO - [2022-02-18 23:11:18,901] {dag.py:2935} INFO - Setting next_dagrun for example_task_group to 2022-02-17T23:11:18.901016+00:00
[2022-02-18 23:11:18,916] {processor.py:171} INFO - Processing /home/airflow/.local/lib/python3.7/site-packages/airflow/example_dags/example_task_group.py took 0.159 seconds
[2022-02-18 23:11:49,231] {processor.py:163} INFO - Started process (PID=5143) to work on /home/airflow/.local/lib/python3.7/site-packages/airflow/example_dags/example_task_group.py
[2022-02-18 23:11:49,239] {processor.py:642} INFO - Processing file /home/airflow/.local/lib/python3.7/site-packages/airflow/example_dags/example_task_group.py for tasks to queue
[2022-02-18 23:11:49,243] {logging_mixin.py:109} INFO - [2022-02-18 23:11:49,243] {dagbag.py:500} INFO - Filling up the DagBag from /home/airflow/.local/lib/python3.7/site-packages/airflow/example_dags/example_task_group.py
[2022-02-18 23:11:49,294] {processor.py:654} INFO - DAG(s) dict_keys(['example_task_group']) retrieved from /home/airflow/.local/lib/python3.7/site-packages/airflow/example_dags/example_task_group.py
[2022-02-18 23:11:49,308] {logging_mixin.py:109} INFO - [2022-02-18 23:11:49,308] {dag.py:2396} INFO - Sync 1 DAGs
[2022-02-18 23:11:49,326] {logging_mixin.py:109} INFO - [2022-02-18 23:11:49,326] {dag.py:2935} INFO - Setting next_dagrun for example_task_group to 2022-02-17T23:11:49.326425+00:00
[2022-02-18 23:11:49,356] {processor.py:171} INFO - Processing /home/airflow/.local/lib/python3.7/site-packages/airflow/example_dags/example_task_group.py took 0.148 seconds
[2022-02-18 23:12:19,863] {processor.py:163} INFO - Started process (PID=5197) to work on /home/airflow/.local/lib/python3.7/site-packages/airflow/example_dags/example_task_group.py
[2022-02-18 23:12:19,868] {processor.py:642} INFO - Processing file /home/airflow/.local/lib/python3.7/site-packages/airflow/example_dags/example_task_group.py for tasks to queue
[2022-02-18 23:12:19,870] {logging_mixin.py:109} INFO - [2022-02-18 23:12:19,870] {dagbag.py:500} INFO - Filling up the DagBag from /home/airflow/.local/lib/python3.7/site-packages/airflow/example_dags/example_task_group.py
[2022-02-18 23:12:19,925] {processor.py:654} INFO - DAG(s) dict_keys(['example_task_group']) retrieved from /home/airflow/.local/lib/python3.7/site-packages/airflow/example_dags/example_task_group.py
[2022-02-18 23:12:19,983] {logging_mixin.py:109} INFO - [2022-02-18 23:12:19,983] {dag.py:2396} INFO - Sync 1 DAGs
[2022-02-18 23:12:20,061] {logging_mixin.py:109} INFO - [2022-02-18 23:12:20,061] {dag.py:2935} INFO - Setting next_dagrun for example_task_group to 2022-02-17T23:12:20.059608+00:00
[2022-02-18 23:12:20,107] {processor.py:171} INFO - Processing /home/airflow/.local/lib/python3.7/site-packages/airflow/example_dags/example_task_group.py took 0.250 seconds
[2022-02-18 23:12:50,366] {processor.py:163} INFO - Started process (PID=5250) to work on /home/airflow/.local/lib/python3.7/site-packages/airflow/example_dags/example_task_group.py
[2022-02-18 23:12:50,389] {processor.py:642} INFO - Processing file /home/airflow/.local/lib/python3.7/site-packages/airflow/example_dags/example_task_group.py for tasks to queue
[2022-02-18 23:12:50,398] {logging_mixin.py:109} INFO - [2022-02-18 23:12:50,398] {dagbag.py:500} INFO - Filling up the DagBag from /home/airflow/.local/lib/python3.7/site-packages/airflow/example_dags/example_task_group.py
[2022-02-18 23:12:50,624] {processor.py:654} INFO - DAG(s) dict_keys(['example_task_group']) retrieved from /home/airflow/.local/lib/python3.7/site-packages/airflow/example_dags/example_task_group.py
[2022-02-18 23:12:50,755] {logging_mixin.py:109} INFO - [2022-02-18 23:12:50,755] {dag.py:2396} INFO - Sync 1 DAGs
[2022-02-18 23:12:50,888] {logging_mixin.py:109} INFO - [2022-02-18 23:12:50,888] {dag.py:2935} INFO - Setting next_dagrun for example_task_group to 2022-02-17T23:12:50.887166+00:00
[2022-02-18 23:12:50,925] {processor.py:171} INFO - Processing /home/airflow/.local/lib/python3.7/site-packages/airflow/example_dags/example_task_group.py took 0.598 seconds
[2022-02-18 23:13:21,178] {processor.py:163} INFO - Started process (PID=5305) to work on /home/airflow/.local/lib/python3.7/site-packages/airflow/example_dags/example_task_group.py
[2022-02-18 23:13:21,201] {processor.py:642} INFO - Processing file /home/airflow/.local/lib/python3.7/site-packages/airflow/example_dags/example_task_group.py for tasks to queue
[2022-02-18 23:13:21,211] {logging_mixin.py:109} INFO - [2022-02-18 23:13:21,210] {dagbag.py:500} INFO - Filling up the DagBag from /home/airflow/.local/lib/python3.7/site-packages/airflow/example_dags/example_task_group.py
[2022-02-18 23:13:21,341] {processor.py:654} INFO - DAG(s) dict_keys(['example_task_group']) retrieved from /home/airflow/.local/lib/python3.7/site-packages/airflow/example_dags/example_task_group.py
[2022-02-18 23:13:21,483] {logging_mixin.py:109} INFO - [2022-02-18 23:13:21,482] {dag.py:2396} INFO - Sync 1 DAGs
[2022-02-18 23:13:21,768] {logging_mixin.py:109} INFO - [2022-02-18 23:13:21,764] {dag.py:2935} INFO - Setting next_dagrun for example_task_group to 2022-02-17T23:13:21.745206+00:00
[2022-02-18 23:13:21,936] {processor.py:171} INFO - Processing /home/airflow/.local/lib/python3.7/site-packages/airflow/example_dags/example_task_group.py took 0.791 seconds
[2022-02-18 23:13:52,397] {processor.py:163} INFO - Started process (PID=5348) to work on /home/airflow/.local/lib/python3.7/site-packages/airflow/example_dags/example_task_group.py
[2022-02-18 23:13:52,424] {processor.py:642} INFO - Processing file /home/airflow/.local/lib/python3.7/site-packages/airflow/example_dags/example_task_group.py for tasks to queue
[2022-02-18 23:13:52,441] {logging_mixin.py:109} INFO - [2022-02-18 23:13:52,439] {dagbag.py:500} INFO - Filling up the DagBag from /home/airflow/.local/lib/python3.7/site-packages/airflow/example_dags/example_task_group.py
[2022-02-18 23:13:52,681] {processor.py:654} INFO - DAG(s) dict_keys(['example_task_group']) retrieved from /home/airflow/.local/lib/python3.7/site-packages/airflow/example_dags/example_task_group.py
[2022-02-18 23:13:52,781] {logging_mixin.py:109} INFO - [2022-02-18 23:13:52,780] {dag.py:2396} INFO - Sync 1 DAGs
[2022-02-18 23:13:53,188] {logging_mixin.py:109} INFO - [2022-02-18 23:13:53,188] {dag.py:2935} INFO - Setting next_dagrun for example_task_group to 2022-02-17T23:13:53.187749+00:00
[2022-02-18 23:13:53,534] {processor.py:171} INFO - Processing /home/airflow/.local/lib/python3.7/site-packages/airflow/example_dags/example_task_group.py took 1.169 seconds
[2022-02-18 23:14:23,828] {processor.py:163} INFO - Started process (PID=5407) to work on /home/airflow/.local/lib/python3.7/site-packages/airflow/example_dags/example_task_group.py
[2022-02-18 23:14:23,834] {processor.py:642} INFO - Processing file /home/airflow/.local/lib/python3.7/site-packages/airflow/example_dags/example_task_group.py for tasks to queue
[2022-02-18 23:14:23,837] {logging_mixin.py:109} INFO - [2022-02-18 23:14:23,836] {dagbag.py:500} INFO - Filling up the DagBag from /home/airflow/.local/lib/python3.7/site-packages/airflow/example_dags/example_task_group.py
[2022-02-18 23:14:23,969] {processor.py:654} INFO - DAG(s) dict_keys(['example_task_group']) retrieved from /home/airflow/.local/lib/python3.7/site-packages/airflow/example_dags/example_task_group.py
[2022-02-18 23:14:24,115] {logging_mixin.py:109} INFO - [2022-02-18 23:14:24,115] {dag.py:2396} INFO - Sync 1 DAGs
[2022-02-18 23:14:24,225] {logging_mixin.py:109} INFO - [2022-02-18 23:14:24,225] {dag.py:2935} INFO - Setting next_dagrun for example_task_group to 2022-02-17T23:14:24.225373+00:00
[2022-02-18 23:14:24,264] {processor.py:171} INFO - Processing /home/airflow/.local/lib/python3.7/site-packages/airflow/example_dags/example_task_group.py took 0.451 seconds
[2022-02-18 23:14:54,507] {processor.py:163} INFO - Started process (PID=5461) to work on /home/airflow/.local/lib/python3.7/site-packages/airflow/example_dags/example_task_group.py
[2022-02-18 23:14:54,523] {processor.py:642} INFO - Processing file /home/airflow/.local/lib/python3.7/site-packages/airflow/example_dags/example_task_group.py for tasks to queue
[2022-02-18 23:14:54,541] {logging_mixin.py:109} INFO - [2022-02-18 23:14:54,541] {dagbag.py:500} INFO - Filling up the DagBag from /home/airflow/.local/lib/python3.7/site-packages/airflow/example_dags/example_task_group.py
[2022-02-18 23:14:54,727] {processor.py:654} INFO - DAG(s) dict_keys(['example_task_group']) retrieved from /home/airflow/.local/lib/python3.7/site-packages/airflow/example_dags/example_task_group.py
[2022-02-18 23:14:54,785] {logging_mixin.py:109} INFO - [2022-02-18 23:14:54,785] {dag.py:2396} INFO - Sync 1 DAGs
[2022-02-18 23:14:54,814] {logging_mixin.py:109} INFO - [2022-02-18 23:14:54,814] {dag.py:2935} INFO - Setting next_dagrun for example_task_group to 2022-02-17T23:14:54.813909+00:00
[2022-02-18 23:14:54,836] {processor.py:171} INFO - Processing /home/airflow/.local/lib/python3.7/site-packages/airflow/example_dags/example_task_group.py took 0.395 seconds
