[2022-02-18 23:09:48,520] {processor.py:163} INFO - Started process (PID=4932) to work on /home/airflow/.local/lib/python3.7/site-packages/airflow/example_dags/example_branch_datetime_operator.py
[2022-02-18 23:09:48,523] {processor.py:642} INFO - Processing file /home/airflow/.local/lib/python3.7/site-packages/airflow/example_dags/example_branch_datetime_operator.py for tasks to queue
[2022-02-18 23:09:48,527] {logging_mixin.py:109} INFO - [2022-02-18 23:09:48,527] {dagbag.py:500} INFO - Filling up the DagBag from /home/airflow/.local/lib/python3.7/site-packages/airflow/example_dags/example_branch_datetime_operator.py
[2022-02-18 23:09:48,584] {processor.py:654} INFO - DAG(s) dict_keys(['example_branch_datetime_operator_2']) retrieved from /home/airflow/.local/lib/python3.7/site-packages/airflow/example_dags/example_branch_datetime_operator.py
[2022-02-18 23:09:48,621] {logging_mixin.py:109} INFO - [2022-02-18 23:09:48,621] {dag.py:2396} INFO - Sync 1 DAGs
[2022-02-18 23:09:48,679] {logging_mixin.py:109} INFO - [2022-02-18 23:09:48,679] {dag.py:2935} INFO - Setting next_dagrun for example_branch_datetime_operator_2 to 2022-02-17 00:00:00+00:00
[2022-02-18 23:09:48,712] {processor.py:171} INFO - Processing /home/airflow/.local/lib/python3.7/site-packages/airflow/example_dags/example_branch_datetime_operator.py took 0.199 seconds
[2022-02-18 23:10:19,288] {processor.py:163} INFO - Started process (PID=4984) to work on /home/airflow/.local/lib/python3.7/site-packages/airflow/example_dags/example_branch_datetime_operator.py
[2022-02-18 23:10:19,301] {processor.py:642} INFO - Processing file /home/airflow/.local/lib/python3.7/site-packages/airflow/example_dags/example_branch_datetime_operator.py for tasks to queue
[2022-02-18 23:10:19,308] {logging_mixin.py:109} INFO - [2022-02-18 23:10:19,307] {dagbag.py:500} INFO - Filling up the DagBag from /home/airflow/.local/lib/python3.7/site-packages/airflow/example_dags/example_branch_datetime_operator.py
[2022-02-18 23:10:19,402] {processor.py:654} INFO - DAG(s) dict_keys(['example_branch_datetime_operator_2']) retrieved from /home/airflow/.local/lib/python3.7/site-packages/airflow/example_dags/example_branch_datetime_operator.py
[2022-02-18 23:10:19,453] {logging_mixin.py:109} INFO - [2022-02-18 23:10:19,453] {dag.py:2396} INFO - Sync 1 DAGs
[2022-02-18 23:10:19,517] {logging_mixin.py:109} INFO - [2022-02-18 23:10:19,517] {dag.py:2935} INFO - Setting next_dagrun for example_branch_datetime_operator_2 to 2022-02-17 00:00:00+00:00
[2022-02-18 23:10:19,585] {processor.py:171} INFO - Processing /home/airflow/.local/lib/python3.7/site-packages/airflow/example_dags/example_branch_datetime_operator.py took 0.314 seconds
[2022-02-18 23:10:50,695] {processor.py:163} INFO - Started process (PID=5037) to work on /home/airflow/.local/lib/python3.7/site-packages/airflow/example_dags/example_branch_datetime_operator.py
[2022-02-18 23:10:50,720] {processor.py:642} INFO - Processing file /home/airflow/.local/lib/python3.7/site-packages/airflow/example_dags/example_branch_datetime_operator.py for tasks to queue
[2022-02-18 23:10:50,722] {logging_mixin.py:109} INFO - [2022-02-18 23:10:50,722] {dagbag.py:500} INFO - Filling up the DagBag from /home/airflow/.local/lib/python3.7/site-packages/airflow/example_dags/example_branch_datetime_operator.py
[2022-02-18 23:10:50,868] {processor.py:654} INFO - DAG(s) dict_keys(['example_branch_datetime_operator_2']) retrieved from /home/airflow/.local/lib/python3.7/site-packages/airflow/example_dags/example_branch_datetime_operator.py
[2022-02-18 23:10:50,976] {logging_mixin.py:109} INFO - [2022-02-18 23:10:50,976] {dag.py:2396} INFO - Sync 1 DAGs
[2022-02-18 23:10:51,104] {logging_mixin.py:109} INFO - [2022-02-18 23:10:51,104] {dag.py:2935} INFO - Setting next_dagrun for example_branch_datetime_operator_2 to 2022-02-17 00:00:00+00:00
[2022-02-18 23:10:51,158] {processor.py:171} INFO - Processing /home/airflow/.local/lib/python3.7/site-packages/airflow/example_dags/example_branch_datetime_operator.py took 0.483 seconds
[2022-02-18 23:11:21,992] {processor.py:163} INFO - Started process (PID=5093) to work on /home/airflow/.local/lib/python3.7/site-packages/airflow/example_dags/example_branch_datetime_operator.py
[2022-02-18 23:11:22,005] {processor.py:642} INFO - Processing file /home/airflow/.local/lib/python3.7/site-packages/airflow/example_dags/example_branch_datetime_operator.py for tasks to queue
[2022-02-18 23:11:22,010] {logging_mixin.py:109} INFO - [2022-02-18 23:11:22,009] {dagbag.py:500} INFO - Filling up the DagBag from /home/airflow/.local/lib/python3.7/site-packages/airflow/example_dags/example_branch_datetime_operator.py
[2022-02-18 23:11:22,118] {processor.py:654} INFO - DAG(s) dict_keys(['example_branch_datetime_operator_2']) retrieved from /home/airflow/.local/lib/python3.7/site-packages/airflow/example_dags/example_branch_datetime_operator.py
[2022-02-18 23:11:22,215] {logging_mixin.py:109} INFO - [2022-02-18 23:11:22,215] {dag.py:2396} INFO - Sync 1 DAGs
[2022-02-18 23:11:22,259] {logging_mixin.py:109} INFO - [2022-02-18 23:11:22,259] {dag.py:2935} INFO - Setting next_dagrun for example_branch_datetime_operator_2 to 2022-02-17 00:00:00+00:00
[2022-02-18 23:11:22,280] {processor.py:171} INFO - Processing /home/airflow/.local/lib/python3.7/site-packages/airflow/example_dags/example_branch_datetime_operator.py took 0.300 seconds
[2022-02-18 23:11:52,460] {processor.py:163} INFO - Started process (PID=5146) to work on /home/airflow/.local/lib/python3.7/site-packages/airflow/example_dags/example_branch_datetime_operator.py
[2022-02-18 23:11:52,463] {processor.py:642} INFO - Processing file /home/airflow/.local/lib/python3.7/site-packages/airflow/example_dags/example_branch_datetime_operator.py for tasks to queue
[2022-02-18 23:11:52,465] {logging_mixin.py:109} INFO - [2022-02-18 23:11:52,465] {dagbag.py:500} INFO - Filling up the DagBag from /home/airflow/.local/lib/python3.7/site-packages/airflow/example_dags/example_branch_datetime_operator.py
[2022-02-18 23:11:52,505] {processor.py:654} INFO - DAG(s) dict_keys(['example_branch_datetime_operator_2']) retrieved from /home/airflow/.local/lib/python3.7/site-packages/airflow/example_dags/example_branch_datetime_operator.py
[2022-02-18 23:11:52,518] {logging_mixin.py:109} INFO - [2022-02-18 23:11:52,518] {dag.py:2396} INFO - Sync 1 DAGs
[2022-02-18 23:11:52,550] {logging_mixin.py:109} INFO - [2022-02-18 23:11:52,550] {dag.py:2935} INFO - Setting next_dagrun for example_branch_datetime_operator_2 to 2022-02-17 00:00:00+00:00
[2022-02-18 23:11:52,570] {processor.py:171} INFO - Processing /home/airflow/.local/lib/python3.7/site-packages/airflow/example_dags/example_branch_datetime_operator.py took 0.114 seconds
[2022-02-18 23:12:23,203] {processor.py:163} INFO - Started process (PID=5200) to work on /home/airflow/.local/lib/python3.7/site-packages/airflow/example_dags/example_branch_datetime_operator.py
[2022-02-18 23:12:23,214] {processor.py:642} INFO - Processing file /home/airflow/.local/lib/python3.7/site-packages/airflow/example_dags/example_branch_datetime_operator.py for tasks to queue
[2022-02-18 23:12:23,219] {logging_mixin.py:109} INFO - [2022-02-18 23:12:23,216] {dagbag.py:500} INFO - Filling up the DagBag from /home/airflow/.local/lib/python3.7/site-packages/airflow/example_dags/example_branch_datetime_operator.py
[2022-02-18 23:12:23,307] {processor.py:654} INFO - DAG(s) dict_keys(['example_branch_datetime_operator_2']) retrieved from /home/airflow/.local/lib/python3.7/site-packages/airflow/example_dags/example_branch_datetime_operator.py
[2022-02-18 23:12:23,330] {logging_mixin.py:109} INFO - [2022-02-18 23:12:23,330] {dag.py:2396} INFO - Sync 1 DAGs
[2022-02-18 23:12:23,396] {logging_mixin.py:109} INFO - [2022-02-18 23:12:23,396] {dag.py:2935} INFO - Setting next_dagrun for example_branch_datetime_operator_2 to 2022-02-17 00:00:00+00:00
[2022-02-18 23:12:23,436] {processor.py:171} INFO - Processing /home/airflow/.local/lib/python3.7/site-packages/airflow/example_dags/example_branch_datetime_operator.py took 0.246 seconds
[2022-02-18 23:12:54,147] {processor.py:163} INFO - Started process (PID=5254) to work on /home/airflow/.local/lib/python3.7/site-packages/airflow/example_dags/example_branch_datetime_operator.py
[2022-02-18 23:12:54,158] {processor.py:642} INFO - Processing file /home/airflow/.local/lib/python3.7/site-packages/airflow/example_dags/example_branch_datetime_operator.py for tasks to queue
[2022-02-18 23:12:54,169] {logging_mixin.py:109} INFO - [2022-02-18 23:12:54,169] {dagbag.py:500} INFO - Filling up the DagBag from /home/airflow/.local/lib/python3.7/site-packages/airflow/example_dags/example_branch_datetime_operator.py
[2022-02-18 23:12:54,370] {processor.py:654} INFO - DAG(s) dict_keys(['example_branch_datetime_operator_2']) retrieved from /home/airflow/.local/lib/python3.7/site-packages/airflow/example_dags/example_branch_datetime_operator.py
[2022-02-18 23:12:54,400] {logging_mixin.py:109} INFO - [2022-02-18 23:12:54,400] {dag.py:2396} INFO - Sync 1 DAGs
[2022-02-18 23:12:54,444] {logging_mixin.py:109} INFO - [2022-02-18 23:12:54,444] {dag.py:2935} INFO - Setting next_dagrun for example_branch_datetime_operator_2 to 2022-02-17 00:00:00+00:00
[2022-02-18 23:12:54,471] {processor.py:171} INFO - Processing /home/airflow/.local/lib/python3.7/site-packages/airflow/example_dags/example_branch_datetime_operator.py took 0.341 seconds
[2022-02-18 23:13:25,225] {processor.py:163} INFO - Started process (PID=5309) to work on /home/airflow/.local/lib/python3.7/site-packages/airflow/example_dags/example_branch_datetime_operator.py
[2022-02-18 23:13:25,232] {processor.py:642} INFO - Processing file /home/airflow/.local/lib/python3.7/site-packages/airflow/example_dags/example_branch_datetime_operator.py for tasks to queue
[2022-02-18 23:13:25,238] {logging_mixin.py:109} INFO - [2022-02-18 23:13:25,236] {dagbag.py:500} INFO - Filling up the DagBag from /home/airflow/.local/lib/python3.7/site-packages/airflow/example_dags/example_branch_datetime_operator.py
[2022-02-18 23:13:25,343] {processor.py:654} INFO - DAG(s) dict_keys(['example_branch_datetime_operator_2']) retrieved from /home/airflow/.local/lib/python3.7/site-packages/airflow/example_dags/example_branch_datetime_operator.py
[2022-02-18 23:13:25,378] {logging_mixin.py:109} INFO - [2022-02-18 23:13:25,378] {dag.py:2396} INFO - Sync 1 DAGs
[2022-02-18 23:13:25,443] {logging_mixin.py:109} INFO - [2022-02-18 23:13:25,443] {dag.py:2935} INFO - Setting next_dagrun for example_branch_datetime_operator_2 to 2022-02-17 00:00:00+00:00
[2022-02-18 23:13:25,486] {processor.py:171} INFO - Processing /home/airflow/.local/lib/python3.7/site-packages/airflow/example_dags/example_branch_datetime_operator.py took 0.302 seconds
[2022-02-18 23:13:56,618] {processor.py:163} INFO - Started process (PID=5361) to work on /home/airflow/.local/lib/python3.7/site-packages/airflow/example_dags/example_branch_datetime_operator.py
[2022-02-18 23:13:56,649] {processor.py:642} INFO - Processing file /home/airflow/.local/lib/python3.7/site-packages/airflow/example_dags/example_branch_datetime_operator.py for tasks to queue
[2022-02-18 23:13:56,668] {logging_mixin.py:109} INFO - [2022-02-18 23:13:56,668] {dagbag.py:500} INFO - Filling up the DagBag from /home/airflow/.local/lib/python3.7/site-packages/airflow/example_dags/example_branch_datetime_operator.py
[2022-02-18 23:13:56,806] {processor.py:654} INFO - DAG(s) dict_keys(['example_branch_datetime_operator_2']) retrieved from /home/airflow/.local/lib/python3.7/site-packages/airflow/example_dags/example_branch_datetime_operator.py
[2022-02-18 23:13:56,873] {logging_mixin.py:109} INFO - [2022-02-18 23:13:56,873] {dag.py:2396} INFO - Sync 1 DAGs
[2022-02-18 23:13:56,961] {logging_mixin.py:109} INFO - [2022-02-18 23:13:56,961] {dag.py:2935} INFO - Setting next_dagrun for example_branch_datetime_operator_2 to 2022-02-17 00:00:00+00:00
[2022-02-18 23:13:57,000] {processor.py:171} INFO - Processing /home/airflow/.local/lib/python3.7/site-packages/airflow/example_dags/example_branch_datetime_operator.py took 0.436 seconds
[2022-02-18 23:14:27,479] {processor.py:163} INFO - Started process (PID=5413) to work on /home/airflow/.local/lib/python3.7/site-packages/airflow/example_dags/example_branch_datetime_operator.py
[2022-02-18 23:14:27,485] {processor.py:642} INFO - Processing file /home/airflow/.local/lib/python3.7/site-packages/airflow/example_dags/example_branch_datetime_operator.py for tasks to queue
[2022-02-18 23:14:27,489] {logging_mixin.py:109} INFO - [2022-02-18 23:14:27,488] {dagbag.py:500} INFO - Filling up the DagBag from /home/airflow/.local/lib/python3.7/site-packages/airflow/example_dags/example_branch_datetime_operator.py
[2022-02-18 23:14:27,543] {processor.py:654} INFO - DAG(s) dict_keys(['example_branch_datetime_operator_2']) retrieved from /home/airflow/.local/lib/python3.7/site-packages/airflow/example_dags/example_branch_datetime_operator.py
[2022-02-18 23:14:27,569] {logging_mixin.py:109} INFO - [2022-02-18 23:14:27,569] {dag.py:2396} INFO - Sync 1 DAGs
[2022-02-18 23:14:27,593] {logging_mixin.py:109} INFO - [2022-02-18 23:14:27,593] {dag.py:2935} INFO - Setting next_dagrun for example_branch_datetime_operator_2 to 2022-02-17 00:00:00+00:00
[2022-02-18 23:14:27,623] {processor.py:171} INFO - Processing /home/airflow/.local/lib/python3.7/site-packages/airflow/example_dags/example_branch_datetime_operator.py took 0.151 seconds
