[2022-02-18 23:09:54,547] {processor.py:163} INFO - Started process (PID=4940) to work on /home/airflow/.local/lib/python3.7/site-packages/airflow/example_dags/example_sla_dag.py
[2022-02-18 23:09:54,551] {processor.py:642} INFO - Processing file /home/airflow/.local/lib/python3.7/site-packages/airflow/example_dags/example_sla_dag.py for tasks to queue
[2022-02-18 23:09:54,555] {logging_mixin.py:109} INFO - [2022-02-18 23:09:54,554] {dagbag.py:500} INFO - Filling up the DagBag from /home/airflow/.local/lib/python3.7/site-packages/airflow/example_dags/example_sla_dag.py
[2022-02-18 23:09:54,613] {processor.py:654} INFO - DAG(s) dict_keys(['example_sla_dag']) retrieved from /home/airflow/.local/lib/python3.7/site-packages/airflow/example_dags/example_sla_dag.py
[2022-02-18 23:09:54,640] {logging_mixin.py:109} INFO - [2022-02-18 23:09:54,640] {dag.py:2396} INFO - Sync 1 DAGs
[2022-02-18 23:09:54,676] {logging_mixin.py:109} INFO - [2022-02-18 23:09:54,676] {dag.py:2935} INFO - Setting next_dagrun for example_sla_dag to 2022-02-18T23:06:00+00:00
[2022-02-18 23:09:54,706] {processor.py:171} INFO - Processing /home/airflow/.local/lib/python3.7/site-packages/airflow/example_dags/example_sla_dag.py took 0.169 seconds
[2022-02-18 23:10:25,373] {processor.py:163} INFO - Started process (PID=4992) to work on /home/airflow/.local/lib/python3.7/site-packages/airflow/example_dags/example_sla_dag.py
[2022-02-18 23:10:25,377] {processor.py:642} INFO - Processing file /home/airflow/.local/lib/python3.7/site-packages/airflow/example_dags/example_sla_dag.py for tasks to queue
[2022-02-18 23:10:25,381] {logging_mixin.py:109} INFO - [2022-02-18 23:10:25,380] {dagbag.py:500} INFO - Filling up the DagBag from /home/airflow/.local/lib/python3.7/site-packages/airflow/example_dags/example_sla_dag.py
[2022-02-18 23:10:25,477] {processor.py:654} INFO - DAG(s) dict_keys(['example_sla_dag']) retrieved from /home/airflow/.local/lib/python3.7/site-packages/airflow/example_dags/example_sla_dag.py
[2022-02-18 23:10:25,525] {logging_mixin.py:109} INFO - [2022-02-18 23:10:25,525] {dag.py:2396} INFO - Sync 1 DAGs
[2022-02-18 23:10:25,565] {logging_mixin.py:109} INFO - [2022-02-18 23:10:25,565] {dag.py:2935} INFO - Setting next_dagrun for example_sla_dag to 2022-02-18T23:08:00+00:00
[2022-02-18 23:10:25,636] {processor.py:171} INFO - Processing /home/airflow/.local/lib/python3.7/site-packages/airflow/example_dags/example_sla_dag.py took 0.270 seconds
[2022-02-18 23:10:56,231] {processor.py:163} INFO - Started process (PID=5045) to work on /home/airflow/.local/lib/python3.7/site-packages/airflow/example_dags/example_sla_dag.py
[2022-02-18 23:10:56,234] {processor.py:642} INFO - Processing file /home/airflow/.local/lib/python3.7/site-packages/airflow/example_dags/example_sla_dag.py for tasks to queue
[2022-02-18 23:10:56,240] {logging_mixin.py:109} INFO - [2022-02-18 23:10:56,240] {dagbag.py:500} INFO - Filling up the DagBag from /home/airflow/.local/lib/python3.7/site-packages/airflow/example_dags/example_sla_dag.py
[2022-02-18 23:10:56,339] {processor.py:654} INFO - DAG(s) dict_keys(['example_sla_dag']) retrieved from /home/airflow/.local/lib/python3.7/site-packages/airflow/example_dags/example_sla_dag.py
[2022-02-18 23:10:56,392] {logging_mixin.py:109} INFO - [2022-02-18 23:10:56,392] {dag.py:2396} INFO - Sync 1 DAGs
[2022-02-18 23:10:56,485] {logging_mixin.py:109} INFO - [2022-02-18 23:10:56,485] {dag.py:2935} INFO - Setting next_dagrun for example_sla_dag to 2022-02-18T23:08:00+00:00
[2022-02-18 23:10:56,539] {processor.py:171} INFO - Processing /home/airflow/.local/lib/python3.7/site-packages/airflow/example_dags/example_sla_dag.py took 0.330 seconds
[2022-02-18 23:11:27,939] {processor.py:163} INFO - Started process (PID=5102) to work on /home/airflow/.local/lib/python3.7/site-packages/airflow/example_dags/example_sla_dag.py
[2022-02-18 23:11:27,942] {processor.py:642} INFO - Processing file /home/airflow/.local/lib/python3.7/site-packages/airflow/example_dags/example_sla_dag.py for tasks to queue
[2022-02-18 23:11:27,947] {logging_mixin.py:109} INFO - [2022-02-18 23:11:27,947] {dagbag.py:500} INFO - Filling up the DagBag from /home/airflow/.local/lib/python3.7/site-packages/airflow/example_dags/example_sla_dag.py
[2022-02-18 23:11:28,112] {processor.py:654} INFO - DAG(s) dict_keys(['example_sla_dag']) retrieved from /home/airflow/.local/lib/python3.7/site-packages/airflow/example_dags/example_sla_dag.py
[2022-02-18 23:11:28,188] {logging_mixin.py:109} INFO - [2022-02-18 23:11:28,188] {dag.py:2396} INFO - Sync 1 DAGs
[2022-02-18 23:11:28,324] {logging_mixin.py:109} INFO - [2022-02-18 23:11:28,324] {dag.py:2935} INFO - Setting next_dagrun for example_sla_dag to 2022-02-18T23:08:00+00:00
[2022-02-18 23:11:28,387] {processor.py:171} INFO - Processing /home/airflow/.local/lib/python3.7/site-packages/airflow/example_dags/example_sla_dag.py took 0.460 seconds
[2022-02-18 23:11:58,818] {processor.py:163} INFO - Started process (PID=5155) to work on /home/airflow/.local/lib/python3.7/site-packages/airflow/example_dags/example_sla_dag.py
[2022-02-18 23:11:58,821] {processor.py:642} INFO - Processing file /home/airflow/.local/lib/python3.7/site-packages/airflow/example_dags/example_sla_dag.py for tasks to queue
[2022-02-18 23:11:58,822] {logging_mixin.py:109} INFO - [2022-02-18 23:11:58,822] {dagbag.py:500} INFO - Filling up the DagBag from /home/airflow/.local/lib/python3.7/site-packages/airflow/example_dags/example_sla_dag.py
[2022-02-18 23:11:58,891] {processor.py:654} INFO - DAG(s) dict_keys(['example_sla_dag']) retrieved from /home/airflow/.local/lib/python3.7/site-packages/airflow/example_dags/example_sla_dag.py
[2022-02-18 23:11:58,924] {logging_mixin.py:109} INFO - [2022-02-18 23:11:58,924] {dag.py:2396} INFO - Sync 1 DAGs
[2022-02-18 23:11:58,991] {logging_mixin.py:109} INFO - [2022-02-18 23:11:58,991] {dag.py:2935} INFO - Setting next_dagrun for example_sla_dag to 2022-02-18T23:08:00+00:00
[2022-02-18 23:11:59,005] {processor.py:171} INFO - Processing /home/airflow/.local/lib/python3.7/site-packages/airflow/example_dags/example_sla_dag.py took 0.196 seconds
[2022-02-18 23:12:29,611] {processor.py:163} INFO - Started process (PID=5216) to work on /home/airflow/.local/lib/python3.7/site-packages/airflow/example_dags/example_sla_dag.py
[2022-02-18 23:12:29,627] {processor.py:642} INFO - Processing file /home/airflow/.local/lib/python3.7/site-packages/airflow/example_dags/example_sla_dag.py for tasks to queue
[2022-02-18 23:12:29,636] {logging_mixin.py:109} INFO - [2022-02-18 23:12:29,636] {dagbag.py:500} INFO - Filling up the DagBag from /home/airflow/.local/lib/python3.7/site-packages/airflow/example_dags/example_sla_dag.py
[2022-02-18 23:12:29,707] {processor.py:654} INFO - DAG(s) dict_keys(['example_sla_dag']) retrieved from /home/airflow/.local/lib/python3.7/site-packages/airflow/example_dags/example_sla_dag.py
[2022-02-18 23:12:29,757] {logging_mixin.py:109} INFO - [2022-02-18 23:12:29,757] {dag.py:2396} INFO - Sync 1 DAGs
[2022-02-18 23:12:29,850] {logging_mixin.py:109} INFO - [2022-02-18 23:12:29,850] {dag.py:2935} INFO - Setting next_dagrun for example_sla_dag to 2022-02-18T23:10:00+00:00
[2022-02-18 23:12:29,896] {processor.py:171} INFO - Processing /home/airflow/.local/lib/python3.7/site-packages/airflow/example_dags/example_sla_dag.py took 0.290 seconds
[2022-02-18 23:13:03,660] {processor.py:163} INFO - Started process (PID=5272) to work on /home/airflow/.local/lib/python3.7/site-packages/airflow/example_dags/example_sla_dag.py
[2022-02-18 23:13:03,678] {processor.py:642} INFO - Processing file /home/airflow/.local/lib/python3.7/site-packages/airflow/example_dags/example_sla_dag.py for tasks to queue
[2022-02-18 23:13:03,709] {logging_mixin.py:109} INFO - [2022-02-18 23:13:03,700] {dagbag.py:500} INFO - Filling up the DagBag from /home/airflow/.local/lib/python3.7/site-packages/airflow/example_dags/example_sla_dag.py
[2022-02-18 23:13:03,982] {processor.py:654} INFO - DAG(s) dict_keys(['example_sla_dag']) retrieved from /home/airflow/.local/lib/python3.7/site-packages/airflow/example_dags/example_sla_dag.py
[2022-02-18 23:13:04,086] {logging_mixin.py:109} INFO - [2022-02-18 23:13:04,086] {dag.py:2396} INFO - Sync 1 DAGs
[2022-02-18 23:13:04,253] {logging_mixin.py:109} INFO - [2022-02-18 23:13:04,253] {dag.py:2935} INFO - Setting next_dagrun for example_sla_dag to 2022-02-18T23:10:00+00:00
[2022-02-18 23:13:04,363] {processor.py:171} INFO - Processing /home/airflow/.local/lib/python3.7/site-packages/airflow/example_dags/example_sla_dag.py took 0.730 seconds
[2022-02-18 23:13:34,824] {processor.py:163} INFO - Started process (PID=5318) to work on /home/airflow/.local/lib/python3.7/site-packages/airflow/example_dags/example_sla_dag.py
[2022-02-18 23:13:34,833] {processor.py:642} INFO - Processing file /home/airflow/.local/lib/python3.7/site-packages/airflow/example_dags/example_sla_dag.py for tasks to queue
[2022-02-18 23:13:34,834] {logging_mixin.py:109} INFO - [2022-02-18 23:13:34,834] {dagbag.py:500} INFO - Filling up the DagBag from /home/airflow/.local/lib/python3.7/site-packages/airflow/example_dags/example_sla_dag.py
[2022-02-18 23:13:34,892] {processor.py:654} INFO - DAG(s) dict_keys(['example_sla_dag']) retrieved from /home/airflow/.local/lib/python3.7/site-packages/airflow/example_dags/example_sla_dag.py
[2022-02-18 23:13:34,910] {logging_mixin.py:109} INFO - [2022-02-18 23:13:34,910] {dag.py:2396} INFO - Sync 1 DAGs
[2022-02-18 23:13:34,958] {logging_mixin.py:109} INFO - [2022-02-18 23:13:34,958] {dag.py:2935} INFO - Setting next_dagrun for example_sla_dag to 2022-02-18T23:10:00+00:00
[2022-02-18 23:13:34,986] {processor.py:171} INFO - Processing /home/airflow/.local/lib/python3.7/site-packages/airflow/example_dags/example_sla_dag.py took 0.166 seconds
[2022-02-18 23:14:05,040] {processor.py:163} INFO - Started process (PID=5369) to work on /home/airflow/.local/lib/python3.7/site-packages/airflow/example_dags/example_sla_dag.py
[2022-02-18 23:14:05,043] {processor.py:642} INFO - Processing file /home/airflow/.local/lib/python3.7/site-packages/airflow/example_dags/example_sla_dag.py for tasks to queue
[2022-02-18 23:14:05,045] {logging_mixin.py:109} INFO - [2022-02-18 23:14:05,045] {dagbag.py:500} INFO - Filling up the DagBag from /home/airflow/.local/lib/python3.7/site-packages/airflow/example_dags/example_sla_dag.py
[2022-02-18 23:14:05,077] {processor.py:654} INFO - DAG(s) dict_keys(['example_sla_dag']) retrieved from /home/airflow/.local/lib/python3.7/site-packages/airflow/example_dags/example_sla_dag.py
[2022-02-18 23:14:05,094] {logging_mixin.py:109} INFO - [2022-02-18 23:14:05,094] {dag.py:2396} INFO - Sync 1 DAGs
[2022-02-18 23:14:05,129] {logging_mixin.py:109} INFO - [2022-02-18 23:14:05,129] {dag.py:2935} INFO - Setting next_dagrun for example_sla_dag to 2022-02-18T23:12:00+00:00
[2022-02-18 23:14:05,140] {processor.py:171} INFO - Processing /home/airflow/.local/lib/python3.7/site-packages/airflow/example_dags/example_sla_dag.py took 0.109 seconds
[2022-02-18 23:14:35,196] {processor.py:163} INFO - Started process (PID=5421) to work on /home/airflow/.local/lib/python3.7/site-packages/airflow/example_dags/example_sla_dag.py
[2022-02-18 23:14:35,199] {processor.py:642} INFO - Processing file /home/airflow/.local/lib/python3.7/site-packages/airflow/example_dags/example_sla_dag.py for tasks to queue
[2022-02-18 23:14:35,201] {logging_mixin.py:109} INFO - [2022-02-18 23:14:35,201] {dagbag.py:500} INFO - Filling up the DagBag from /home/airflow/.local/lib/python3.7/site-packages/airflow/example_dags/example_sla_dag.py
[2022-02-18 23:14:35,245] {processor.py:654} INFO - DAG(s) dict_keys(['example_sla_dag']) retrieved from /home/airflow/.local/lib/python3.7/site-packages/airflow/example_dags/example_sla_dag.py
[2022-02-18 23:14:35,254] {logging_mixin.py:109} INFO - [2022-02-18 23:14:35,254] {dag.py:2396} INFO - Sync 1 DAGs
[2022-02-18 23:14:35,275] {logging_mixin.py:109} INFO - [2022-02-18 23:14:35,274] {dag.py:2935} INFO - Setting next_dagrun for example_sla_dag to 2022-02-18T23:12:00+00:00
[2022-02-18 23:14:35,284] {processor.py:171} INFO - Processing /home/airflow/.local/lib/python3.7/site-packages/airflow/example_dags/example_sla_dag.py took 0.095 seconds
