[2022-02-18 23:10:07,676] {processor.py:163} INFO - Started process (PID=4960) to work on /home/airflow/.local/lib/python3.7/site-packages/airflow/example_dags/example_xcom.py
[2022-02-18 23:10:07,679] {processor.py:642} INFO - Processing file /home/airflow/.local/lib/python3.7/site-packages/airflow/example_dags/example_xcom.py for tasks to queue
[2022-02-18 23:10:07,681] {logging_mixin.py:109} INFO - [2022-02-18 23:10:07,681] {dagbag.py:500} INFO - Filling up the DagBag from /home/airflow/.local/lib/python3.7/site-packages/airflow/example_dags/example_xcom.py
[2022-02-18 23:10:07,718] {processor.py:654} INFO - DAG(s) dict_keys(['example_xcom']) retrieved from /home/airflow/.local/lib/python3.7/site-packages/airflow/example_dags/example_xcom.py
[2022-02-18 23:10:07,946] {logging_mixin.py:109} INFO - [2022-02-18 23:10:07,946] {dag.py:2396} INFO - Sync 1 DAGs
[2022-02-18 23:10:07,967] {logging_mixin.py:109} INFO - [2022-02-18 23:10:07,967] {dag.py:2935} INFO - Setting next_dagrun for example_xcom to 2021-01-01T00:00:00+00:00
[2022-02-18 23:10:07,984] {processor.py:171} INFO - Processing /home/airflow/.local/lib/python3.7/site-packages/airflow/example_dags/example_xcom.py took 0.322 seconds
[2022-02-18 23:10:38,440] {processor.py:163} INFO - Started process (PID=5013) to work on /home/airflow/.local/lib/python3.7/site-packages/airflow/example_dags/example_xcom.py
[2022-02-18 23:10:38,452] {processor.py:642} INFO - Processing file /home/airflow/.local/lib/python3.7/site-packages/airflow/example_dags/example_xcom.py for tasks to queue
[2022-02-18 23:10:38,460] {logging_mixin.py:109} INFO - [2022-02-18 23:10:38,460] {dagbag.py:500} INFO - Filling up the DagBag from /home/airflow/.local/lib/python3.7/site-packages/airflow/example_dags/example_xcom.py
[2022-02-18 23:10:38,599] {processor.py:654} INFO - DAG(s) dict_keys(['example_xcom']) retrieved from /home/airflow/.local/lib/python3.7/site-packages/airflow/example_dags/example_xcom.py
[2022-02-18 23:10:39,022] {logging_mixin.py:109} INFO - [2022-02-18 23:10:39,022] {dag.py:2396} INFO - Sync 1 DAGs
[2022-02-18 23:10:39,052] {logging_mixin.py:109} INFO - [2022-02-18 23:10:39,052] {dag.py:2935} INFO - Setting next_dagrun for example_xcom to 2021-01-01T00:00:00+00:00
[2022-02-18 23:10:39,096] {processor.py:171} INFO - Processing /home/airflow/.local/lib/python3.7/site-packages/airflow/example_dags/example_xcom.py took 0.670 seconds
[2022-02-18 23:11:10,044] {processor.py:163} INFO - Started process (PID=5068) to work on /home/airflow/.local/lib/python3.7/site-packages/airflow/example_dags/example_xcom.py
[2022-02-18 23:11:10,054] {processor.py:642} INFO - Processing file /home/airflow/.local/lib/python3.7/site-packages/airflow/example_dags/example_xcom.py for tasks to queue
[2022-02-18 23:11:10,086] {logging_mixin.py:109} INFO - [2022-02-18 23:11:10,086] {dagbag.py:500} INFO - Filling up the DagBag from /home/airflow/.local/lib/python3.7/site-packages/airflow/example_dags/example_xcom.py
[2022-02-18 23:11:10,600] {processor.py:654} INFO - DAG(s) dict_keys(['example_xcom']) retrieved from /home/airflow/.local/lib/python3.7/site-packages/airflow/example_dags/example_xcom.py
[2022-02-18 23:11:12,469] {logging_mixin.py:109} INFO - [2022-02-18 23:11:12,464] {dag.py:2396} INFO - Sync 1 DAGs
[2022-02-18 23:11:12,633] {logging_mixin.py:109} INFO - [2022-02-18 23:11:12,632] {dag.py:2935} INFO - Setting next_dagrun for example_xcom to 2021-01-01T00:00:00+00:00
[2022-02-18 23:11:12,731] {processor.py:171} INFO - Processing /home/airflow/.local/lib/python3.7/site-packages/airflow/example_dags/example_xcom.py took 2.724 seconds
[2022-02-18 23:11:43,416] {processor.py:163} INFO - Started process (PID=5123) to work on /home/airflow/.local/lib/python3.7/site-packages/airflow/example_dags/example_xcom.py
[2022-02-18 23:11:43,433] {processor.py:642} INFO - Processing file /home/airflow/.local/lib/python3.7/site-packages/airflow/example_dags/example_xcom.py for tasks to queue
[2022-02-18 23:11:43,445] {logging_mixin.py:109} INFO - [2022-02-18 23:11:43,445] {dagbag.py:500} INFO - Filling up the DagBag from /home/airflow/.local/lib/python3.7/site-packages/airflow/example_dags/example_xcom.py
[2022-02-18 23:11:43,624] {processor.py:654} INFO - DAG(s) dict_keys(['example_xcom']) retrieved from /home/airflow/.local/lib/python3.7/site-packages/airflow/example_dags/example_xcom.py
[2022-02-18 23:11:44,087] {logging_mixin.py:109} INFO - [2022-02-18 23:11:44,086] {dag.py:2396} INFO - Sync 1 DAGs
[2022-02-18 23:11:44,103] {logging_mixin.py:109} INFO - [2022-02-18 23:11:44,103] {dag.py:2935} INFO - Setting next_dagrun for example_xcom to 2021-01-01T00:00:00+00:00
[2022-02-18 23:11:44,117] {processor.py:171} INFO - Processing /home/airflow/.local/lib/python3.7/site-packages/airflow/example_dags/example_xcom.py took 0.714 seconds
[2022-02-18 23:12:14,229] {processor.py:163} INFO - Started process (PID=5177) to work on /home/airflow/.local/lib/python3.7/site-packages/airflow/example_dags/example_xcom.py
[2022-02-18 23:12:14,241] {processor.py:642} INFO - Processing file /home/airflow/.local/lib/python3.7/site-packages/airflow/example_dags/example_xcom.py for tasks to queue
[2022-02-18 23:12:14,245] {logging_mixin.py:109} INFO - [2022-02-18 23:12:14,245] {dagbag.py:500} INFO - Filling up the DagBag from /home/airflow/.local/lib/python3.7/site-packages/airflow/example_dags/example_xcom.py
[2022-02-18 23:12:14,394] {processor.py:654} INFO - DAG(s) dict_keys(['example_xcom']) retrieved from /home/airflow/.local/lib/python3.7/site-packages/airflow/example_dags/example_xcom.py
[2022-02-18 23:12:14,835] {logging_mixin.py:109} INFO - [2022-02-18 23:12:14,834] {dag.py:2396} INFO - Sync 1 DAGs
[2022-02-18 23:12:14,890] {logging_mixin.py:109} INFO - [2022-02-18 23:12:14,890] {dag.py:2935} INFO - Setting next_dagrun for example_xcom to 2021-01-01T00:00:00+00:00
[2022-02-18 23:12:14,916] {processor.py:171} INFO - Processing /home/airflow/.local/lib/python3.7/site-packages/airflow/example_dags/example_xcom.py took 0.711 seconds
[2022-02-18 23:12:45,401] {processor.py:163} INFO - Started process (PID=5240) to work on /home/airflow/.local/lib/python3.7/site-packages/airflow/example_dags/example_xcom.py
[2022-02-18 23:12:45,407] {processor.py:642} INFO - Processing file /home/airflow/.local/lib/python3.7/site-packages/airflow/example_dags/example_xcom.py for tasks to queue
[2022-02-18 23:12:45,411] {logging_mixin.py:109} INFO - [2022-02-18 23:12:45,410] {dagbag.py:500} INFO - Filling up the DagBag from /home/airflow/.local/lib/python3.7/site-packages/airflow/example_dags/example_xcom.py
[2022-02-18 23:12:45,467] {processor.py:654} INFO - DAG(s) dict_keys(['example_xcom']) retrieved from /home/airflow/.local/lib/python3.7/site-packages/airflow/example_dags/example_xcom.py
[2022-02-18 23:12:45,981] {logging_mixin.py:109} INFO - [2022-02-18 23:12:45,981] {dag.py:2396} INFO - Sync 1 DAGs
[2022-02-18 23:12:46,010] {logging_mixin.py:109} INFO - [2022-02-18 23:12:46,010] {dag.py:2935} INFO - Setting next_dagrun for example_xcom to 2021-01-01T00:00:00+00:00
[2022-02-18 23:12:46,049] {processor.py:171} INFO - Processing /home/airflow/.local/lib/python3.7/site-packages/airflow/example_dags/example_xcom.py took 0.661 seconds
[2022-02-18 23:13:16,888] {processor.py:163} INFO - Started process (PID=5287) to work on /home/airflow/.local/lib/python3.7/site-packages/airflow/example_dags/example_xcom.py
[2022-02-18 23:13:16,896] {processor.py:642} INFO - Processing file /home/airflow/.local/lib/python3.7/site-packages/airflow/example_dags/example_xcom.py for tasks to queue
[2022-02-18 23:13:16,901] {logging_mixin.py:109} INFO - [2022-02-18 23:13:16,901] {dagbag.py:500} INFO - Filling up the DagBag from /home/airflow/.local/lib/python3.7/site-packages/airflow/example_dags/example_xcom.py
[2022-02-18 23:13:16,980] {processor.py:654} INFO - DAG(s) dict_keys(['example_xcom']) retrieved from /home/airflow/.local/lib/python3.7/site-packages/airflow/example_dags/example_xcom.py
[2022-02-18 23:13:17,462] {logging_mixin.py:109} INFO - [2022-02-18 23:13:17,462] {dag.py:2396} INFO - Sync 1 DAGs
[2022-02-18 23:13:17,482] {logging_mixin.py:109} INFO - [2022-02-18 23:13:17,482] {dag.py:2935} INFO - Setting next_dagrun for example_xcom to 2021-01-01T00:00:00+00:00
[2022-02-18 23:13:17,503] {processor.py:171} INFO - Processing /home/airflow/.local/lib/python3.7/site-packages/airflow/example_dags/example_xcom.py took 0.627 seconds
[2022-02-18 23:13:47,731] {processor.py:163} INFO - Started process (PID=5339) to work on /home/airflow/.local/lib/python3.7/site-packages/airflow/example_dags/example_xcom.py
[2022-02-18 23:13:47,733] {processor.py:642} INFO - Processing file /home/airflow/.local/lib/python3.7/site-packages/airflow/example_dags/example_xcom.py for tasks to queue
[2022-02-18 23:13:47,736] {logging_mixin.py:109} INFO - [2022-02-18 23:13:47,736] {dagbag.py:500} INFO - Filling up the DagBag from /home/airflow/.local/lib/python3.7/site-packages/airflow/example_dags/example_xcom.py
[2022-02-18 23:13:47,858] {processor.py:654} INFO - DAG(s) dict_keys(['example_xcom']) retrieved from /home/airflow/.local/lib/python3.7/site-packages/airflow/example_dags/example_xcom.py
[2022-02-18 23:13:48,781] {logging_mixin.py:109} INFO - [2022-02-18 23:13:48,781] {dag.py:2396} INFO - Sync 1 DAGs
[2022-02-18 23:13:48,804] {logging_mixin.py:109} INFO - [2022-02-18 23:13:48,804] {dag.py:2935} INFO - Setting next_dagrun for example_xcom to 2021-01-01T00:00:00+00:00
[2022-02-18 23:13:48,849] {processor.py:171} INFO - Processing /home/airflow/.local/lib/python3.7/site-packages/airflow/example_dags/example_xcom.py took 1.124 seconds
[2022-02-18 23:14:18,927] {processor.py:163} INFO - Started process (PID=5390) to work on /home/airflow/.local/lib/python3.7/site-packages/airflow/example_dags/example_xcom.py
[2022-02-18 23:14:18,933] {processor.py:642} INFO - Processing file /home/airflow/.local/lib/python3.7/site-packages/airflow/example_dags/example_xcom.py for tasks to queue
[2022-02-18 23:14:18,936] {logging_mixin.py:109} INFO - [2022-02-18 23:14:18,935] {dagbag.py:500} INFO - Filling up the DagBag from /home/airflow/.local/lib/python3.7/site-packages/airflow/example_dags/example_xcom.py
[2022-02-18 23:14:18,974] {processor.py:654} INFO - DAG(s) dict_keys(['example_xcom']) retrieved from /home/airflow/.local/lib/python3.7/site-packages/airflow/example_dags/example_xcom.py
[2022-02-18 23:14:19,200] {logging_mixin.py:109} INFO - [2022-02-18 23:14:19,199] {dag.py:2396} INFO - Sync 1 DAGs
[2022-02-18 23:14:19,213] {logging_mixin.py:109} INFO - [2022-02-18 23:14:19,213] {dag.py:2935} INFO - Setting next_dagrun for example_xcom to 2021-01-01T00:00:00+00:00
[2022-02-18 23:14:19,224] {processor.py:171} INFO - Processing /home/airflow/.local/lib/python3.7/site-packages/airflow/example_dags/example_xcom.py took 0.307 seconds
[2022-02-18 23:14:49,421] {processor.py:163} INFO - Started process (PID=5445) to work on /home/airflow/.local/lib/python3.7/site-packages/airflow/example_dags/example_xcom.py
[2022-02-18 23:14:49,425] {processor.py:642} INFO - Processing file /home/airflow/.local/lib/python3.7/site-packages/airflow/example_dags/example_xcom.py for tasks to queue
[2022-02-18 23:14:49,432] {logging_mixin.py:109} INFO - [2022-02-18 23:14:49,430] {dagbag.py:500} INFO - Filling up the DagBag from /home/airflow/.local/lib/python3.7/site-packages/airflow/example_dags/example_xcom.py
[2022-02-18 23:14:49,512] {processor.py:654} INFO - DAG(s) dict_keys(['example_xcom']) retrieved from /home/airflow/.local/lib/python3.7/site-packages/airflow/example_dags/example_xcom.py
[2022-02-18 23:14:49,733] {logging_mixin.py:109} INFO - [2022-02-18 23:14:49,733] {dag.py:2396} INFO - Sync 1 DAGs
[2022-02-18 23:14:49,746] {logging_mixin.py:109} INFO - [2022-02-18 23:14:49,746] {dag.py:2935} INFO - Setting next_dagrun for example_xcom to 2021-01-01T00:00:00+00:00
[2022-02-18 23:14:49,756] {processor.py:171} INFO - Processing /home/airflow/.local/lib/python3.7/site-packages/airflow/example_dags/example_xcom.py took 0.368 seconds
