[2022-02-18 23:09:47,272] {processor.py:163} INFO - Started process (PID=4930) to work on /home/airflow/.local/lib/python3.7/site-packages/airflow/example_dags/example_latest_only.py
[2022-02-18 23:09:47,274] {processor.py:642} INFO - Processing file /home/airflow/.local/lib/python3.7/site-packages/airflow/example_dags/example_latest_only.py for tasks to queue
[2022-02-18 23:09:47,276] {logging_mixin.py:109} INFO - [2022-02-18 23:09:47,276] {dagbag.py:500} INFO - Filling up the DagBag from /home/airflow/.local/lib/python3.7/site-packages/airflow/example_dags/example_latest_only.py
[2022-02-18 23:09:47,321] {processor.py:654} INFO - DAG(s) dict_keys(['latest_only']) retrieved from /home/airflow/.local/lib/python3.7/site-packages/airflow/example_dags/example_latest_only.py
[2022-02-18 23:09:47,355] {logging_mixin.py:109} INFO - [2022-02-18 23:09:47,355] {dag.py:2396} INFO - Sync 1 DAGs
[2022-02-18 23:09:47,403] {logging_mixin.py:109} INFO - [2022-02-18 23:09:47,403] {dag.py:2935} INFO - Setting next_dagrun for latest_only to 2022-02-18T19:09:47.402311+00:00
[2022-02-18 23:09:47,435] {processor.py:171} INFO - Processing /home/airflow/.local/lib/python3.7/site-packages/airflow/example_dags/example_latest_only.py took 0.167 seconds
[2022-02-18 23:10:17,827] {processor.py:163} INFO - Started process (PID=4982) to work on /home/airflow/.local/lib/python3.7/site-packages/airflow/example_dags/example_latest_only.py
[2022-02-18 23:10:17,839] {processor.py:642} INFO - Processing file /home/airflow/.local/lib/python3.7/site-packages/airflow/example_dags/example_latest_only.py for tasks to queue
[2022-02-18 23:10:17,841] {logging_mixin.py:109} INFO - [2022-02-18 23:10:17,840] {dagbag.py:500} INFO - Filling up the DagBag from /home/airflow/.local/lib/python3.7/site-packages/airflow/example_dags/example_latest_only.py
[2022-02-18 23:10:17,964] {processor.py:654} INFO - DAG(s) dict_keys(['latest_only']) retrieved from /home/airflow/.local/lib/python3.7/site-packages/airflow/example_dags/example_latest_only.py
[2022-02-18 23:10:18,029] {logging_mixin.py:109} INFO - [2022-02-18 23:10:18,029] {dag.py:2396} INFO - Sync 1 DAGs
[2022-02-18 23:10:18,122] {logging_mixin.py:109} INFO - [2022-02-18 23:10:18,121] {dag.py:2935} INFO - Setting next_dagrun for latest_only to 2022-02-18T19:10:18.121176+00:00
[2022-02-18 23:10:18,180] {processor.py:171} INFO - Processing /home/airflow/.local/lib/python3.7/site-packages/airflow/example_dags/example_latest_only.py took 0.388 seconds
[2022-02-18 23:10:48,342] {processor.py:163} INFO - Started process (PID=5035) to work on /home/airflow/.local/lib/python3.7/site-packages/airflow/example_dags/example_latest_only.py
[2022-02-18 23:10:48,347] {processor.py:642} INFO - Processing file /home/airflow/.local/lib/python3.7/site-packages/airflow/example_dags/example_latest_only.py for tasks to queue
[2022-02-18 23:10:48,353] {logging_mixin.py:109} INFO - [2022-02-18 23:10:48,353] {dagbag.py:500} INFO - Filling up the DagBag from /home/airflow/.local/lib/python3.7/site-packages/airflow/example_dags/example_latest_only.py
[2022-02-18 23:10:48,451] {processor.py:654} INFO - DAG(s) dict_keys(['latest_only']) retrieved from /home/airflow/.local/lib/python3.7/site-packages/airflow/example_dags/example_latest_only.py
[2022-02-18 23:10:48,507] {logging_mixin.py:109} INFO - [2022-02-18 23:10:48,507] {dag.py:2396} INFO - Sync 1 DAGs
[2022-02-18 23:10:48,569] {logging_mixin.py:109} INFO - [2022-02-18 23:10:48,569] {dag.py:2935} INFO - Setting next_dagrun for latest_only to 2022-02-18T19:10:48.565480+00:00
[2022-02-18 23:10:48,628] {processor.py:171} INFO - Processing /home/airflow/.local/lib/python3.7/site-packages/airflow/example_dags/example_latest_only.py took 0.331 seconds
[2022-02-18 23:11:18,821] {processor.py:163} INFO - Started process (PID=5089) to work on /home/airflow/.local/lib/python3.7/site-packages/airflow/example_dags/example_latest_only.py
[2022-02-18 23:11:18,826] {processor.py:642} INFO - Processing file /home/airflow/.local/lib/python3.7/site-packages/airflow/example_dags/example_latest_only.py for tasks to queue
[2022-02-18 23:11:18,833] {logging_mixin.py:109} INFO - [2022-02-18 23:11:18,833] {dagbag.py:500} INFO - Filling up the DagBag from /home/airflow/.local/lib/python3.7/site-packages/airflow/example_dags/example_latest_only.py
[2022-02-18 23:11:18,918] {processor.py:654} INFO - DAG(s) dict_keys(['latest_only']) retrieved from /home/airflow/.local/lib/python3.7/site-packages/airflow/example_dags/example_latest_only.py
[2022-02-18 23:11:18,970] {logging_mixin.py:109} INFO - [2022-02-18 23:11:18,970] {dag.py:2396} INFO - Sync 1 DAGs
[2022-02-18 23:11:19,048] {logging_mixin.py:109} INFO - [2022-02-18 23:11:19,048] {dag.py:2935} INFO - Setting next_dagrun for latest_only to 2022-02-18T19:11:19.048216+00:00
[2022-02-18 23:11:19,084] {processor.py:171} INFO - Processing /home/airflow/.local/lib/python3.7/site-packages/airflow/example_dags/example_latest_only.py took 0.320 seconds
[2022-02-18 23:11:49,238] {processor.py:163} INFO - Started process (PID=5144) to work on /home/airflow/.local/lib/python3.7/site-packages/airflow/example_dags/example_latest_only.py
[2022-02-18 23:11:49,245] {processor.py:642} INFO - Processing file /home/airflow/.local/lib/python3.7/site-packages/airflow/example_dags/example_latest_only.py for tasks to queue
[2022-02-18 23:11:49,248] {logging_mixin.py:109} INFO - [2022-02-18 23:11:49,248] {dagbag.py:500} INFO - Filling up the DagBag from /home/airflow/.local/lib/python3.7/site-packages/airflow/example_dags/example_latest_only.py
[2022-02-18 23:11:49,281] {processor.py:654} INFO - DAG(s) dict_keys(['latest_only']) retrieved from /home/airflow/.local/lib/python3.7/site-packages/airflow/example_dags/example_latest_only.py
[2022-02-18 23:11:49,318] {logging_mixin.py:109} INFO - [2022-02-18 23:11:49,318] {dag.py:2396} INFO - Sync 1 DAGs
[2022-02-18 23:11:49,408] {logging_mixin.py:109} INFO - [2022-02-18 23:11:49,408] {dag.py:2935} INFO - Setting next_dagrun for latest_only to 2022-02-18T19:11:49.406574+00:00
[2022-02-18 23:11:49,442] {processor.py:171} INFO - Processing /home/airflow/.local/lib/python3.7/site-packages/airflow/example_dags/example_latest_only.py took 0.222 seconds
[2022-02-18 23:12:19,974] {processor.py:163} INFO - Started process (PID=5198) to work on /home/airflow/.local/lib/python3.7/site-packages/airflow/example_dags/example_latest_only.py
[2022-02-18 23:12:19,979] {processor.py:642} INFO - Processing file /home/airflow/.local/lib/python3.7/site-packages/airflow/example_dags/example_latest_only.py for tasks to queue
[2022-02-18 23:12:19,982] {logging_mixin.py:109} INFO - [2022-02-18 23:12:19,982] {dagbag.py:500} INFO - Filling up the DagBag from /home/airflow/.local/lib/python3.7/site-packages/airflow/example_dags/example_latest_only.py
[2022-02-18 23:12:20,116] {processor.py:654} INFO - DAG(s) dict_keys(['latest_only']) retrieved from /home/airflow/.local/lib/python3.7/site-packages/airflow/example_dags/example_latest_only.py
[2022-02-18 23:12:20,136] {logging_mixin.py:109} INFO - [2022-02-18 23:12:20,136] {dag.py:2396} INFO - Sync 1 DAGs
[2022-02-18 23:12:20,166] {logging_mixin.py:109} INFO - [2022-02-18 23:12:20,165] {dag.py:2935} INFO - Setting next_dagrun for latest_only to 2022-02-18T19:12:20.164733+00:00
[2022-02-18 23:12:20,186] {processor.py:171} INFO - Processing /home/airflow/.local/lib/python3.7/site-packages/airflow/example_dags/example_latest_only.py took 0.218 seconds
[2022-02-18 23:12:50,390] {processor.py:163} INFO - Started process (PID=5251) to work on /home/airflow/.local/lib/python3.7/site-packages/airflow/example_dags/example_latest_only.py
[2022-02-18 23:12:50,399] {processor.py:642} INFO - Processing file /home/airflow/.local/lib/python3.7/site-packages/airflow/example_dags/example_latest_only.py for tasks to queue
[2022-02-18 23:12:50,409] {logging_mixin.py:109} INFO - [2022-02-18 23:12:50,407] {dagbag.py:500} INFO - Filling up the DagBag from /home/airflow/.local/lib/python3.7/site-packages/airflow/example_dags/example_latest_only.py
[2022-02-18 23:12:50,583] {processor.py:654} INFO - DAG(s) dict_keys(['latest_only']) retrieved from /home/airflow/.local/lib/python3.7/site-packages/airflow/example_dags/example_latest_only.py
[2022-02-18 23:12:50,648] {logging_mixin.py:109} INFO - [2022-02-18 23:12:50,647] {dag.py:2396} INFO - Sync 1 DAGs
[2022-02-18 23:12:50,832] {logging_mixin.py:109} INFO - [2022-02-18 23:12:50,832] {dag.py:2935} INFO - Setting next_dagrun for latest_only to 2022-02-18T19:12:50.831912+00:00
[2022-02-18 23:12:50,931] {processor.py:171} INFO - Processing /home/airflow/.local/lib/python3.7/site-packages/airflow/example_dags/example_latest_only.py took 0.578 seconds
[2022-02-18 23:13:21,178] {processor.py:163} INFO - Started process (PID=5306) to work on /home/airflow/.local/lib/python3.7/site-packages/airflow/example_dags/example_latest_only.py
[2022-02-18 23:13:21,194] {processor.py:642} INFO - Processing file /home/airflow/.local/lib/python3.7/site-packages/airflow/example_dags/example_latest_only.py for tasks to queue
[2022-02-18 23:13:21,204] {logging_mixin.py:109} INFO - [2022-02-18 23:13:21,204] {dagbag.py:500} INFO - Filling up the DagBag from /home/airflow/.local/lib/python3.7/site-packages/airflow/example_dags/example_latest_only.py
[2022-02-18 23:13:21,344] {processor.py:654} INFO - DAG(s) dict_keys(['latest_only']) retrieved from /home/airflow/.local/lib/python3.7/site-packages/airflow/example_dags/example_latest_only.py
[2022-02-18 23:13:21,419] {logging_mixin.py:109} INFO - [2022-02-18 23:13:21,419] {dag.py:2396} INFO - Sync 1 DAGs
[2022-02-18 23:13:21,707] {logging_mixin.py:109} INFO - [2022-02-18 23:13:21,707] {dag.py:2935} INFO - Setting next_dagrun for latest_only to 2022-02-18T19:13:21.706695+00:00
[2022-02-18 23:13:21,861] {processor.py:171} INFO - Processing /home/airflow/.local/lib/python3.7/site-packages/airflow/example_dags/example_latest_only.py took 0.696 seconds
[2022-02-18 23:13:52,451] {processor.py:163} INFO - Started process (PID=5349) to work on /home/airflow/.local/lib/python3.7/site-packages/airflow/example_dags/example_latest_only.py
[2022-02-18 23:13:52,485] {processor.py:642} INFO - Processing file /home/airflow/.local/lib/python3.7/site-packages/airflow/example_dags/example_latest_only.py for tasks to queue
[2022-02-18 23:13:52,529] {logging_mixin.py:109} INFO - [2022-02-18 23:13:52,529] {dagbag.py:500} INFO - Filling up the DagBag from /home/airflow/.local/lib/python3.7/site-packages/airflow/example_dags/example_latest_only.py
[2022-02-18 23:13:52,840] {processor.py:654} INFO - DAG(s) dict_keys(['latest_only']) retrieved from /home/airflow/.local/lib/python3.7/site-packages/airflow/example_dags/example_latest_only.py
[2022-02-18 23:13:53,017] {logging_mixin.py:109} INFO - [2022-02-18 23:13:53,017] {dag.py:2396} INFO - Sync 1 DAGs
[2022-02-18 23:13:53,393] {logging_mixin.py:109} INFO - [2022-02-18 23:13:53,391] {dag.py:2935} INFO - Setting next_dagrun for latest_only to 2022-02-18T19:13:53.377822+00:00
[2022-02-18 23:13:53,677] {processor.py:171} INFO - Processing /home/airflow/.local/lib/python3.7/site-packages/airflow/example_dags/example_latest_only.py took 1.264 seconds
[2022-02-18 23:14:24,045] {processor.py:163} INFO - Started process (PID=5410) to work on /home/airflow/.local/lib/python3.7/site-packages/airflow/example_dags/example_latest_only.py
[2022-02-18 23:14:24,062] {processor.py:642} INFO - Processing file /home/airflow/.local/lib/python3.7/site-packages/airflow/example_dags/example_latest_only.py for tasks to queue
[2022-02-18 23:14:24,085] {logging_mixin.py:109} INFO - [2022-02-18 23:14:24,084] {dagbag.py:500} INFO - Filling up the DagBag from /home/airflow/.local/lib/python3.7/site-packages/airflow/example_dags/example_latest_only.py
[2022-02-18 23:14:24,185] {processor.py:654} INFO - DAG(s) dict_keys(['latest_only']) retrieved from /home/airflow/.local/lib/python3.7/site-packages/airflow/example_dags/example_latest_only.py
[2022-02-18 23:14:24,241] {logging_mixin.py:109} INFO - [2022-02-18 23:14:24,241] {dag.py:2396} INFO - Sync 1 DAGs
[2022-02-18 23:14:24,341] {logging_mixin.py:109} INFO - [2022-02-18 23:14:24,341] {dag.py:2935} INFO - Setting next_dagrun for latest_only to 2022-02-18T19:14:24.340383+00:00
[2022-02-18 23:14:24,389] {processor.py:171} INFO - Processing /home/airflow/.local/lib/python3.7/site-packages/airflow/example_dags/example_latest_only.py took 0.386 seconds
[2022-02-18 23:14:54,649] {processor.py:163} INFO - Started process (PID=5462) to work on /home/airflow/.local/lib/python3.7/site-packages/airflow/example_dags/example_latest_only.py
[2022-02-18 23:14:54,666] {processor.py:642} INFO - Processing file /home/airflow/.local/lib/python3.7/site-packages/airflow/example_dags/example_latest_only.py for tasks to queue
[2022-02-18 23:14:54,673] {logging_mixin.py:109} INFO - [2022-02-18 23:14:54,671] {dagbag.py:500} INFO - Filling up the DagBag from /home/airflow/.local/lib/python3.7/site-packages/airflow/example_dags/example_latest_only.py
[2022-02-18 23:14:54,771] {processor.py:654} INFO - DAG(s) dict_keys(['latest_only']) retrieved from /home/airflow/.local/lib/python3.7/site-packages/airflow/example_dags/example_latest_only.py
[2022-02-18 23:14:54,794] {logging_mixin.py:109} INFO - [2022-02-18 23:14:54,794] {dag.py:2396} INFO - Sync 1 DAGs
[2022-02-18 23:14:54,827] {logging_mixin.py:109} INFO - [2022-02-18 23:14:54,827] {dag.py:2935} INFO - Setting next_dagrun for latest_only to 2022-02-18T19:14:54.826749+00:00
[2022-02-18 23:14:54,879] {processor.py:171} INFO - Processing /home/airflow/.local/lib/python3.7/site-packages/airflow/example_dags/example_latest_only.py took 0.257 seconds
