[2022-02-18 23:10:06,143] {processor.py:163} INFO - Started process (PID=4958) to work on /home/airflow/.local/lib/python3.7/site-packages/airflow/example_dags/example_short_circuit_operator.py
[2022-02-18 23:10:06,148] {processor.py:642} INFO - Processing file /home/airflow/.local/lib/python3.7/site-packages/airflow/example_dags/example_short_circuit_operator.py for tasks to queue
[2022-02-18 23:10:06,168] {logging_mixin.py:109} INFO - [2022-02-18 23:10:06,165] {dagbag.py:500} INFO - Filling up the DagBag from /home/airflow/.local/lib/python3.7/site-packages/airflow/example_dags/example_short_circuit_operator.py
[2022-02-18 23:10:06,257] {processor.py:654} INFO - DAG(s) dict_keys(['example_short_circuit_operator']) retrieved from /home/airflow/.local/lib/python3.7/site-packages/airflow/example_dags/example_short_circuit_operator.py
[2022-02-18 23:10:06,291] {logging_mixin.py:109} INFO - [2022-02-18 23:10:06,290] {dag.py:2396} INFO - Sync 1 DAGs
[2022-02-18 23:10:06,345] {logging_mixin.py:109} INFO - [2022-02-18 23:10:06,343] {dag.py:2935} INFO - Setting next_dagrun for example_short_circuit_operator to 2022-02-17T23:10:06.342634+00:00
[2022-02-18 23:10:06,382] {processor.py:171} INFO - Processing /home/airflow/.local/lib/python3.7/site-packages/airflow/example_dags/example_short_circuit_operator.py took 0.255 seconds
[2022-02-18 23:10:36,875] {processor.py:163} INFO - Started process (PID=5011) to work on /home/airflow/.local/lib/python3.7/site-packages/airflow/example_dags/example_short_circuit_operator.py
[2022-02-18 23:10:36,900] {processor.py:642} INFO - Processing file /home/airflow/.local/lib/python3.7/site-packages/airflow/example_dags/example_short_circuit_operator.py for tasks to queue
[2022-02-18 23:10:36,903] {logging_mixin.py:109} INFO - [2022-02-18 23:10:36,902] {dagbag.py:500} INFO - Filling up the DagBag from /home/airflow/.local/lib/python3.7/site-packages/airflow/example_dags/example_short_circuit_operator.py
[2022-02-18 23:10:37,104] {processor.py:654} INFO - DAG(s) dict_keys(['example_short_circuit_operator']) retrieved from /home/airflow/.local/lib/python3.7/site-packages/airflow/example_dags/example_short_circuit_operator.py
[2022-02-18 23:10:37,159] {logging_mixin.py:109} INFO - [2022-02-18 23:10:37,159] {dag.py:2396} INFO - Sync 1 DAGs
[2022-02-18 23:10:37,249] {logging_mixin.py:109} INFO - [2022-02-18 23:10:37,249] {dag.py:2935} INFO - Setting next_dagrun for example_short_circuit_operator to 2022-02-17T23:10:37.249322+00:00
[2022-02-18 23:10:37,319] {processor.py:171} INFO - Processing /home/airflow/.local/lib/python3.7/site-packages/airflow/example_dags/example_short_circuit_operator.py took 0.473 seconds
[2022-02-18 23:11:07,840] {processor.py:163} INFO - Started process (PID=5066) to work on /home/airflow/.local/lib/python3.7/site-packages/airflow/example_dags/example_short_circuit_operator.py
[2022-02-18 23:11:07,864] {processor.py:642} INFO - Processing file /home/airflow/.local/lib/python3.7/site-packages/airflow/example_dags/example_short_circuit_operator.py for tasks to queue
[2022-02-18 23:11:07,868] {logging_mixin.py:109} INFO - [2022-02-18 23:11:07,867] {dagbag.py:500} INFO - Filling up the DagBag from /home/airflow/.local/lib/python3.7/site-packages/airflow/example_dags/example_short_circuit_operator.py
[2022-02-18 23:11:08,010] {processor.py:654} INFO - DAG(s) dict_keys(['example_short_circuit_operator']) retrieved from /home/airflow/.local/lib/python3.7/site-packages/airflow/example_dags/example_short_circuit_operator.py
[2022-02-18 23:11:08,067] {logging_mixin.py:109} INFO - [2022-02-18 23:11:08,066] {dag.py:2396} INFO - Sync 1 DAGs
[2022-02-18 23:11:08,131] {logging_mixin.py:109} INFO - [2022-02-18 23:11:08,131] {dag.py:2935} INFO - Setting next_dagrun for example_short_circuit_operator to 2022-02-17T23:11:08.130777+00:00
[2022-02-18 23:11:08,211] {processor.py:171} INFO - Processing /home/airflow/.local/lib/python3.7/site-packages/airflow/example_dags/example_short_circuit_operator.py took 0.403 seconds
[2022-02-18 23:11:38,403] {processor.py:163} INFO - Started process (PID=5119) to work on /home/airflow/.local/lib/python3.7/site-packages/airflow/example_dags/example_short_circuit_operator.py
[2022-02-18 23:11:38,406] {processor.py:642} INFO - Processing file /home/airflow/.local/lib/python3.7/site-packages/airflow/example_dags/example_short_circuit_operator.py for tasks to queue
[2022-02-18 23:11:38,408] {logging_mixin.py:109} INFO - [2022-02-18 23:11:38,408] {dagbag.py:500} INFO - Filling up the DagBag from /home/airflow/.local/lib/python3.7/site-packages/airflow/example_dags/example_short_circuit_operator.py
[2022-02-18 23:11:38,438] {processor.py:654} INFO - DAG(s) dict_keys(['example_short_circuit_operator']) retrieved from /home/airflow/.local/lib/python3.7/site-packages/airflow/example_dags/example_short_circuit_operator.py
[2022-02-18 23:11:38,449] {logging_mixin.py:109} INFO - [2022-02-18 23:11:38,449] {dag.py:2396} INFO - Sync 1 DAGs
[2022-02-18 23:11:38,465] {logging_mixin.py:109} INFO - [2022-02-18 23:11:38,465] {dag.py:2935} INFO - Setting next_dagrun for example_short_circuit_operator to 2022-02-17T23:11:38.465444+00:00
[2022-02-18 23:11:38,475] {processor.py:171} INFO - Processing /home/airflow/.local/lib/python3.7/site-packages/airflow/example_dags/example_short_circuit_operator.py took 0.076 seconds
[2022-02-18 23:12:08,780] {processor.py:163} INFO - Started process (PID=5173) to work on /home/airflow/.local/lib/python3.7/site-packages/airflow/example_dags/example_short_circuit_operator.py
[2022-02-18 23:12:08,785] {processor.py:642} INFO - Processing file /home/airflow/.local/lib/python3.7/site-packages/airflow/example_dags/example_short_circuit_operator.py for tasks to queue
[2022-02-18 23:12:08,788] {logging_mixin.py:109} INFO - [2022-02-18 23:12:08,788] {dagbag.py:500} INFO - Filling up the DagBag from /home/airflow/.local/lib/python3.7/site-packages/airflow/example_dags/example_short_circuit_operator.py
[2022-02-18 23:12:08,823] {processor.py:654} INFO - DAG(s) dict_keys(['example_short_circuit_operator']) retrieved from /home/airflow/.local/lib/python3.7/site-packages/airflow/example_dags/example_short_circuit_operator.py
[2022-02-18 23:12:08,842] {logging_mixin.py:109} INFO - [2022-02-18 23:12:08,842] {dag.py:2396} INFO - Sync 1 DAGs
[2022-02-18 23:12:08,865] {logging_mixin.py:109} INFO - [2022-02-18 23:12:08,865] {dag.py:2935} INFO - Setting next_dagrun for example_short_circuit_operator to 2022-02-17T23:12:08.865138+00:00
[2022-02-18 23:12:08,884] {processor.py:171} INFO - Processing /home/airflow/.local/lib/python3.7/site-packages/airflow/example_dags/example_short_circuit_operator.py took 0.113 seconds
[2022-02-18 23:12:39,050] {processor.py:163} INFO - Started process (PID=5225) to work on /home/airflow/.local/lib/python3.7/site-packages/airflow/example_dags/example_short_circuit_operator.py
[2022-02-18 23:12:39,068] {processor.py:642} INFO - Processing file /home/airflow/.local/lib/python3.7/site-packages/airflow/example_dags/example_short_circuit_operator.py for tasks to queue
[2022-02-18 23:12:39,071] {logging_mixin.py:109} INFO - [2022-02-18 23:12:39,070] {dagbag.py:500} INFO - Filling up the DagBag from /home/airflow/.local/lib/python3.7/site-packages/airflow/example_dags/example_short_circuit_operator.py
[2022-02-18 23:12:39,108] {processor.py:654} INFO - DAG(s) dict_keys(['example_short_circuit_operator']) retrieved from /home/airflow/.local/lib/python3.7/site-packages/airflow/example_dags/example_short_circuit_operator.py
[2022-02-18 23:12:39,125] {logging_mixin.py:109} INFO - [2022-02-18 23:12:39,125] {dag.py:2396} INFO - Sync 1 DAGs
[2022-02-18 23:12:39,151] {logging_mixin.py:109} INFO - [2022-02-18 23:12:39,151] {dag.py:2935} INFO - Setting next_dagrun for example_short_circuit_operator to 2022-02-17T23:12:39.150770+00:00
[2022-02-18 23:12:39,173] {processor.py:171} INFO - Processing /home/airflow/.local/lib/python3.7/site-packages/airflow/example_dags/example_short_circuit_operator.py took 0.131 seconds
[2022-02-18 23:13:09,566] {processor.py:163} INFO - Started process (PID=5281) to work on /home/airflow/.local/lib/python3.7/site-packages/airflow/example_dags/example_short_circuit_operator.py
[2022-02-18 23:13:09,572] {processor.py:642} INFO - Processing file /home/airflow/.local/lib/python3.7/site-packages/airflow/example_dags/example_short_circuit_operator.py for tasks to queue
[2022-02-18 23:13:09,575] {logging_mixin.py:109} INFO - [2022-02-18 23:13:09,575] {dagbag.py:500} INFO - Filling up the DagBag from /home/airflow/.local/lib/python3.7/site-packages/airflow/example_dags/example_short_circuit_operator.py
[2022-02-18 23:13:09,617] {processor.py:654} INFO - DAG(s) dict_keys(['example_short_circuit_operator']) retrieved from /home/airflow/.local/lib/python3.7/site-packages/airflow/example_dags/example_short_circuit_operator.py
[2022-02-18 23:13:09,632] {logging_mixin.py:109} INFO - [2022-02-18 23:13:09,632] {dag.py:2396} INFO - Sync 1 DAGs
[2022-02-18 23:13:09,648] {logging_mixin.py:109} INFO - [2022-02-18 23:13:09,648] {dag.py:2935} INFO - Setting next_dagrun for example_short_circuit_operator to 2022-02-17T23:13:09.648184+00:00
[2022-02-18 23:13:09,660] {processor.py:171} INFO - Processing /home/airflow/.local/lib/python3.7/site-packages/airflow/example_dags/example_short_circuit_operator.py took 0.104 seconds
[2022-02-18 23:13:40,494] {processor.py:163} INFO - Started process (PID=5334) to work on /home/airflow/.local/lib/python3.7/site-packages/airflow/example_dags/example_short_circuit_operator.py
[2022-02-18 23:13:40,500] {processor.py:642} INFO - Processing file /home/airflow/.local/lib/python3.7/site-packages/airflow/example_dags/example_short_circuit_operator.py for tasks to queue
[2022-02-18 23:13:40,503] {logging_mixin.py:109} INFO - [2022-02-18 23:13:40,502] {dagbag.py:500} INFO - Filling up the DagBag from /home/airflow/.local/lib/python3.7/site-packages/airflow/example_dags/example_short_circuit_operator.py
[2022-02-18 23:13:40,547] {processor.py:654} INFO - DAG(s) dict_keys(['example_short_circuit_operator']) retrieved from /home/airflow/.local/lib/python3.7/site-packages/airflow/example_dags/example_short_circuit_operator.py
[2022-02-18 23:13:40,561] {logging_mixin.py:109} INFO - [2022-02-18 23:13:40,561] {dag.py:2396} INFO - Sync 1 DAGs
[2022-02-18 23:13:40,588] {logging_mixin.py:109} INFO - [2022-02-18 23:13:40,587] {dag.py:2935} INFO - Setting next_dagrun for example_short_circuit_operator to 2022-02-17T23:13:40.587571+00:00
[2022-02-18 23:13:40,605] {processor.py:171} INFO - Processing /home/airflow/.local/lib/python3.7/site-packages/airflow/example_dags/example_short_circuit_operator.py took 0.121 seconds
[2022-02-18 23:14:11,279] {processor.py:163} INFO - Started process (PID=5385) to work on /home/airflow/.local/lib/python3.7/site-packages/airflow/example_dags/example_short_circuit_operator.py
[2022-02-18 23:14:11,284] {processor.py:642} INFO - Processing file /home/airflow/.local/lib/python3.7/site-packages/airflow/example_dags/example_short_circuit_operator.py for tasks to queue
[2022-02-18 23:14:11,303] {logging_mixin.py:109} INFO - [2022-02-18 23:14:11,303] {dagbag.py:500} INFO - Filling up the DagBag from /home/airflow/.local/lib/python3.7/site-packages/airflow/example_dags/example_short_circuit_operator.py
[2022-02-18 23:14:11,392] {processor.py:654} INFO - DAG(s) dict_keys(['example_short_circuit_operator']) retrieved from /home/airflow/.local/lib/python3.7/site-packages/airflow/example_dags/example_short_circuit_operator.py
[2022-02-18 23:14:11,418] {logging_mixin.py:109} INFO - [2022-02-18 23:14:11,418] {dag.py:2396} INFO - Sync 1 DAGs
[2022-02-18 23:14:11,453] {logging_mixin.py:109} INFO - [2022-02-18 23:14:11,452] {dag.py:2935} INFO - Setting next_dagrun for example_short_circuit_operator to 2022-02-17T23:14:11.452681+00:00
[2022-02-18 23:14:11,489] {processor.py:171} INFO - Processing /home/airflow/.local/lib/python3.7/site-packages/airflow/example_dags/example_short_circuit_operator.py took 0.240 seconds
[2022-02-18 23:14:41,904] {processor.py:163} INFO - Started process (PID=5438) to work on /home/airflow/.local/lib/python3.7/site-packages/airflow/example_dags/example_short_circuit_operator.py
[2022-02-18 23:14:41,906] {processor.py:642} INFO - Processing file /home/airflow/.local/lib/python3.7/site-packages/airflow/example_dags/example_short_circuit_operator.py for tasks to queue
[2022-02-18 23:14:41,908] {logging_mixin.py:109} INFO - [2022-02-18 23:14:41,908] {dagbag.py:500} INFO - Filling up the DagBag from /home/airflow/.local/lib/python3.7/site-packages/airflow/example_dags/example_short_circuit_operator.py
[2022-02-18 23:14:41,934] {processor.py:654} INFO - DAG(s) dict_keys(['example_short_circuit_operator']) retrieved from /home/airflow/.local/lib/python3.7/site-packages/airflow/example_dags/example_short_circuit_operator.py
[2022-02-18 23:14:41,945] {logging_mixin.py:109} INFO - [2022-02-18 23:14:41,945] {dag.py:2396} INFO - Sync 1 DAGs
[2022-02-18 23:14:41,960] {logging_mixin.py:109} INFO - [2022-02-18 23:14:41,960] {dag.py:2935} INFO - Setting next_dagrun for example_short_circuit_operator to 2022-02-17T23:14:41.959931+00:00
[2022-02-18 23:14:41,969] {processor.py:171} INFO - Processing /home/airflow/.local/lib/python3.7/site-packages/airflow/example_dags/example_short_circuit_operator.py took 0.068 seconds
