[2022-02-18 23:09:55,901] {processor.py:163} INFO - Started process (PID=4945) to work on /home/airflow/.local/lib/python3.7/site-packages/airflow/example_dags/example_skip_dag.py
[2022-02-18 23:09:55,905] {processor.py:642} INFO - Processing file /home/airflow/.local/lib/python3.7/site-packages/airflow/example_dags/example_skip_dag.py for tasks to queue
[2022-02-18 23:09:55,907] {logging_mixin.py:109} INFO - [2022-02-18 23:09:55,907] {dagbag.py:500} INFO - Filling up the DagBag from /home/airflow/.local/lib/python3.7/site-packages/airflow/example_dags/example_skip_dag.py
[2022-02-18 23:09:55,951] {processor.py:654} INFO - DAG(s) dict_keys(['example_skip_dag']) retrieved from /home/airflow/.local/lib/python3.7/site-packages/airflow/example_dags/example_skip_dag.py
[2022-02-18 23:09:55,975] {logging_mixin.py:109} INFO - [2022-02-18 23:09:55,975] {dag.py:2396} INFO - Sync 1 DAGs
[2022-02-18 23:09:55,993] {logging_mixin.py:109} INFO - [2022-02-18 23:09:55,993] {dag.py:2935} INFO - Setting next_dagrun for example_skip_dag to 2022-02-17T23:09:55.993217+00:00
[2022-02-18 23:09:56,004] {processor.py:171} INFO - Processing /home/airflow/.local/lib/python3.7/site-packages/airflow/example_dags/example_skip_dag.py took 0.114 seconds
[2022-02-18 23:10:26,067] {processor.py:163} INFO - Started process (PID=4997) to work on /home/airflow/.local/lib/python3.7/site-packages/airflow/example_dags/example_skip_dag.py
[2022-02-18 23:10:26,070] {processor.py:642} INFO - Processing file /home/airflow/.local/lib/python3.7/site-packages/airflow/example_dags/example_skip_dag.py for tasks to queue
[2022-02-18 23:10:26,072] {logging_mixin.py:109} INFO - [2022-02-18 23:10:26,072] {dagbag.py:500} INFO - Filling up the DagBag from /home/airflow/.local/lib/python3.7/site-packages/airflow/example_dags/example_skip_dag.py
[2022-02-18 23:10:26,107] {processor.py:654} INFO - DAG(s) dict_keys(['example_skip_dag']) retrieved from /home/airflow/.local/lib/python3.7/site-packages/airflow/example_dags/example_skip_dag.py
[2022-02-18 23:10:26,122] {logging_mixin.py:109} INFO - [2022-02-18 23:10:26,122] {dag.py:2396} INFO - Sync 1 DAGs
[2022-02-18 23:10:26,145] {logging_mixin.py:109} INFO - [2022-02-18 23:10:26,145] {dag.py:2935} INFO - Setting next_dagrun for example_skip_dag to 2022-02-17T23:10:26.144661+00:00
[2022-02-18 23:10:26,160] {processor.py:171} INFO - Processing /home/airflow/.local/lib/python3.7/site-packages/airflow/example_dags/example_skip_dag.py took 0.098 seconds
[2022-02-18 23:10:56,624] {processor.py:163} INFO - Started process (PID=5046) to work on /home/airflow/.local/lib/python3.7/site-packages/airflow/example_dags/example_skip_dag.py
[2022-02-18 23:10:56,630] {processor.py:642} INFO - Processing file /home/airflow/.local/lib/python3.7/site-packages/airflow/example_dags/example_skip_dag.py for tasks to queue
[2022-02-18 23:10:56,637] {logging_mixin.py:109} INFO - [2022-02-18 23:10:56,636] {dagbag.py:500} INFO - Filling up the DagBag from /home/airflow/.local/lib/python3.7/site-packages/airflow/example_dags/example_skip_dag.py
[2022-02-18 23:10:56,676] {processor.py:654} INFO - DAG(s) dict_keys(['example_skip_dag']) retrieved from /home/airflow/.local/lib/python3.7/site-packages/airflow/example_dags/example_skip_dag.py
[2022-02-18 23:10:56,701] {logging_mixin.py:109} INFO - [2022-02-18 23:10:56,701] {dag.py:2396} INFO - Sync 1 DAGs
[2022-02-18 23:10:56,731] {logging_mixin.py:109} INFO - [2022-02-18 23:10:56,731] {dag.py:2935} INFO - Setting next_dagrun for example_skip_dag to 2022-02-17T23:10:56.730878+00:00
[2022-02-18 23:10:56,750] {processor.py:171} INFO - Processing /home/airflow/.local/lib/python3.7/site-packages/airflow/example_dags/example_skip_dag.py took 0.137 seconds
[2022-02-18 23:11:28,037] {processor.py:163} INFO - Started process (PID=5103) to work on /home/airflow/.local/lib/python3.7/site-packages/airflow/example_dags/example_skip_dag.py
[2022-02-18 23:11:28,046] {processor.py:642} INFO - Processing file /home/airflow/.local/lib/python3.7/site-packages/airflow/example_dags/example_skip_dag.py for tasks to queue
[2022-02-18 23:11:28,055] {logging_mixin.py:109} INFO - [2022-02-18 23:11:28,055] {dagbag.py:500} INFO - Filling up the DagBag from /home/airflow/.local/lib/python3.7/site-packages/airflow/example_dags/example_skip_dag.py
[2022-02-18 23:11:28,212] {processor.py:654} INFO - DAG(s) dict_keys(['example_skip_dag']) retrieved from /home/airflow/.local/lib/python3.7/site-packages/airflow/example_dags/example_skip_dag.py
[2022-02-18 23:11:28,266] {logging_mixin.py:109} INFO - [2022-02-18 23:11:28,265] {dag.py:2396} INFO - Sync 1 DAGs
[2022-02-18 23:11:28,333] {logging_mixin.py:109} INFO - [2022-02-18 23:11:28,332] {dag.py:2935} INFO - Setting next_dagrun for example_skip_dag to 2022-02-17T23:11:28.323971+00:00
[2022-02-18 23:11:28,367] {processor.py:171} INFO - Processing /home/airflow/.local/lib/python3.7/site-packages/airflow/example_dags/example_skip_dag.py took 0.347 seconds
[2022-02-18 23:11:58,935] {processor.py:163} INFO - Started process (PID=5156) to work on /home/airflow/.local/lib/python3.7/site-packages/airflow/example_dags/example_skip_dag.py
[2022-02-18 23:11:58,946] {processor.py:642} INFO - Processing file /home/airflow/.local/lib/python3.7/site-packages/airflow/example_dags/example_skip_dag.py for tasks to queue
[2022-02-18 23:11:58,957] {logging_mixin.py:109} INFO - [2022-02-18 23:11:58,957] {dagbag.py:500} INFO - Filling up the DagBag from /home/airflow/.local/lib/python3.7/site-packages/airflow/example_dags/example_skip_dag.py
[2022-02-18 23:11:59,024] {processor.py:654} INFO - DAG(s) dict_keys(['example_skip_dag']) retrieved from /home/airflow/.local/lib/python3.7/site-packages/airflow/example_dags/example_skip_dag.py
[2022-02-18 23:11:59,049] {logging_mixin.py:109} INFO - [2022-02-18 23:11:59,048] {dag.py:2396} INFO - Sync 1 DAGs
[2022-02-18 23:11:59,072] {logging_mixin.py:109} INFO - [2022-02-18 23:11:59,072] {dag.py:2935} INFO - Setting next_dagrun for example_skip_dag to 2022-02-17T23:11:59.072245+00:00
[2022-02-18 23:11:59,095] {processor.py:171} INFO - Processing /home/airflow/.local/lib/python3.7/site-packages/airflow/example_dags/example_skip_dag.py took 0.166 seconds
[2022-02-18 23:12:29,673] {processor.py:163} INFO - Started process (PID=5217) to work on /home/airflow/.local/lib/python3.7/site-packages/airflow/example_dags/example_skip_dag.py
[2022-02-18 23:12:29,687] {processor.py:642} INFO - Processing file /home/airflow/.local/lib/python3.7/site-packages/airflow/example_dags/example_skip_dag.py for tasks to queue
[2022-02-18 23:12:29,690] {logging_mixin.py:109} INFO - [2022-02-18 23:12:29,690] {dagbag.py:500} INFO - Filling up the DagBag from /home/airflow/.local/lib/python3.7/site-packages/airflow/example_dags/example_skip_dag.py
[2022-02-18 23:12:29,784] {processor.py:654} INFO - DAG(s) dict_keys(['example_skip_dag']) retrieved from /home/airflow/.local/lib/python3.7/site-packages/airflow/example_dags/example_skip_dag.py
[2022-02-18 23:12:29,849] {logging_mixin.py:109} INFO - [2022-02-18 23:12:29,848] {dag.py:2396} INFO - Sync 1 DAGs
[2022-02-18 23:12:29,997] {logging_mixin.py:109} INFO - [2022-02-18 23:12:29,997] {dag.py:2935} INFO - Setting next_dagrun for example_skip_dag to 2022-02-17T23:12:29.997376+00:00
[2022-02-18 23:12:30,083] {processor.py:171} INFO - Processing /home/airflow/.local/lib/python3.7/site-packages/airflow/example_dags/example_skip_dag.py took 0.423 seconds
[2022-02-18 23:13:03,748] {processor.py:163} INFO - Started process (PID=5275) to work on /home/airflow/.local/lib/python3.7/site-packages/airflow/example_dags/example_skip_dag.py
[2022-02-18 23:13:03,773] {processor.py:642} INFO - Processing file /home/airflow/.local/lib/python3.7/site-packages/airflow/example_dags/example_skip_dag.py for tasks to queue
[2022-02-18 23:13:03,778] {logging_mixin.py:109} INFO - [2022-02-18 23:13:03,778] {dagbag.py:500} INFO - Filling up the DagBag from /home/airflow/.local/lib/python3.7/site-packages/airflow/example_dags/example_skip_dag.py
[2022-02-18 23:13:03,978] {processor.py:654} INFO - DAG(s) dict_keys(['example_skip_dag']) retrieved from /home/airflow/.local/lib/python3.7/site-packages/airflow/example_dags/example_skip_dag.py
[2022-02-18 23:13:04,088] {logging_mixin.py:109} INFO - [2022-02-18 23:13:04,088] {dag.py:2396} INFO - Sync 1 DAGs
[2022-02-18 23:13:04,240] {logging_mixin.py:109} INFO - [2022-02-18 23:13:04,227] {dag.py:2935} INFO - Setting next_dagrun for example_skip_dag to 2022-02-17T23:13:04.226568+00:00
[2022-02-18 23:13:04,405] {processor.py:171} INFO - Processing /home/airflow/.local/lib/python3.7/site-packages/airflow/example_dags/example_skip_dag.py took 0.685 seconds
[2022-02-18 23:13:35,052] {processor.py:163} INFO - Started process (PID=5319) to work on /home/airflow/.local/lib/python3.7/site-packages/airflow/example_dags/example_skip_dag.py
[2022-02-18 23:13:35,060] {processor.py:642} INFO - Processing file /home/airflow/.local/lib/python3.7/site-packages/airflow/example_dags/example_skip_dag.py for tasks to queue
[2022-02-18 23:13:35,062] {logging_mixin.py:109} INFO - [2022-02-18 23:13:35,061] {dagbag.py:500} INFO - Filling up the DagBag from /home/airflow/.local/lib/python3.7/site-packages/airflow/example_dags/example_skip_dag.py
[2022-02-18 23:13:35,155] {processor.py:654} INFO - DAG(s) dict_keys(['example_skip_dag']) retrieved from /home/airflow/.local/lib/python3.7/site-packages/airflow/example_dags/example_skip_dag.py
[2022-02-18 23:13:35,186] {logging_mixin.py:109} INFO - [2022-02-18 23:13:35,186] {dag.py:2396} INFO - Sync 1 DAGs
[2022-02-18 23:13:35,235] {logging_mixin.py:109} INFO - [2022-02-18 23:13:35,235] {dag.py:2935} INFO - Setting next_dagrun for example_skip_dag to 2022-02-17T23:13:35.235021+00:00
[2022-02-18 23:13:35,289] {processor.py:171} INFO - Processing /home/airflow/.local/lib/python3.7/site-packages/airflow/example_dags/example_skip_dag.py took 0.242 seconds
[2022-02-18 23:14:06,108] {processor.py:163} INFO - Started process (PID=5371) to work on /home/airflow/.local/lib/python3.7/site-packages/airflow/example_dags/example_skip_dag.py
[2022-02-18 23:14:06,113] {processor.py:642} INFO - Processing file /home/airflow/.local/lib/python3.7/site-packages/airflow/example_dags/example_skip_dag.py for tasks to queue
[2022-02-18 23:14:06,114] {logging_mixin.py:109} INFO - [2022-02-18 23:14:06,114] {dagbag.py:500} INFO - Filling up the DagBag from /home/airflow/.local/lib/python3.7/site-packages/airflow/example_dags/example_skip_dag.py
[2022-02-18 23:14:06,197] {processor.py:654} INFO - DAG(s) dict_keys(['example_skip_dag']) retrieved from /home/airflow/.local/lib/python3.7/site-packages/airflow/example_dags/example_skip_dag.py
[2022-02-18 23:14:06,213] {logging_mixin.py:109} INFO - [2022-02-18 23:14:06,213] {dag.py:2396} INFO - Sync 1 DAGs
[2022-02-18 23:14:06,233] {logging_mixin.py:109} INFO - [2022-02-18 23:14:06,233] {dag.py:2935} INFO - Setting next_dagrun for example_skip_dag to 2022-02-17T23:14:06.233304+00:00
[2022-02-18 23:14:06,251] {processor.py:171} INFO - Processing /home/airflow/.local/lib/python3.7/site-packages/airflow/example_dags/example_skip_dag.py took 0.149 seconds
[2022-02-18 23:14:36,315] {processor.py:163} INFO - Started process (PID=5422) to work on /home/airflow/.local/lib/python3.7/site-packages/airflow/example_dags/example_skip_dag.py
[2022-02-18 23:14:36,325] {processor.py:642} INFO - Processing file /home/airflow/.local/lib/python3.7/site-packages/airflow/example_dags/example_skip_dag.py for tasks to queue
[2022-02-18 23:14:36,326] {logging_mixin.py:109} INFO - [2022-02-18 23:14:36,326] {dagbag.py:500} INFO - Filling up the DagBag from /home/airflow/.local/lib/python3.7/site-packages/airflow/example_dags/example_skip_dag.py
[2022-02-18 23:14:36,367] {processor.py:654} INFO - DAG(s) dict_keys(['example_skip_dag']) retrieved from /home/airflow/.local/lib/python3.7/site-packages/airflow/example_dags/example_skip_dag.py
[2022-02-18 23:14:36,400] {logging_mixin.py:109} INFO - [2022-02-18 23:14:36,400] {dag.py:2396} INFO - Sync 1 DAGs
[2022-02-18 23:14:36,465] {logging_mixin.py:109} INFO - [2022-02-18 23:14:36,464] {dag.py:2935} INFO - Setting next_dagrun for example_skip_dag to 2022-02-17T23:14:36.464476+00:00
[2022-02-18 23:14:36,498] {processor.py:171} INFO - Processing /home/airflow/.local/lib/python3.7/site-packages/airflow/example_dags/example_skip_dag.py took 0.187 seconds
