[2022-02-18 23:10:14,587] {processor.py:163} INFO - Started process (PID=4970) to work on /home/airflow/.local/lib/python3.7/site-packages/airflow/example_dags/example_trigger_target_dag.py
[2022-02-18 23:10:14,589] {processor.py:642} INFO - Processing file /home/airflow/.local/lib/python3.7/site-packages/airflow/example_dags/example_trigger_target_dag.py for tasks to queue
[2022-02-18 23:10:14,591] {logging_mixin.py:109} INFO - [2022-02-18 23:10:14,591] {dagbag.py:500} INFO - Filling up the DagBag from /home/airflow/.local/lib/python3.7/site-packages/airflow/example_dags/example_trigger_target_dag.py
[2022-02-18 23:10:14,629] {processor.py:654} INFO - DAG(s) dict_keys(['example_trigger_target_dag']) retrieved from /home/airflow/.local/lib/python3.7/site-packages/airflow/example_dags/example_trigger_target_dag.py
[2022-02-18 23:10:14,644] {logging_mixin.py:109} INFO - [2022-02-18 23:10:14,644] {dag.py:2396} INFO - Sync 1 DAGs
[2022-02-18 23:10:14,662] {logging_mixin.py:109} INFO - [2022-02-18 23:10:14,662] {dag.py:2935} INFO - Setting next_dagrun for example_trigger_target_dag to None
[2022-02-18 23:10:14,680] {processor.py:171} INFO - Processing /home/airflow/.local/lib/python3.7/site-packages/airflow/example_dags/example_trigger_target_dag.py took 0.097 seconds
[2022-02-18 23:10:45,093] {processor.py:163} INFO - Started process (PID=5023) to work on /home/airflow/.local/lib/python3.7/site-packages/airflow/example_dags/example_trigger_target_dag.py
[2022-02-18 23:10:45,102] {processor.py:642} INFO - Processing file /home/airflow/.local/lib/python3.7/site-packages/airflow/example_dags/example_trigger_target_dag.py for tasks to queue
[2022-02-18 23:10:45,104] {logging_mixin.py:109} INFO - [2022-02-18 23:10:45,104] {dagbag.py:500} INFO - Filling up the DagBag from /home/airflow/.local/lib/python3.7/site-packages/airflow/example_dags/example_trigger_target_dag.py
[2022-02-18 23:10:45,147] {processor.py:654} INFO - DAG(s) dict_keys(['example_trigger_target_dag']) retrieved from /home/airflow/.local/lib/python3.7/site-packages/airflow/example_dags/example_trigger_target_dag.py
[2022-02-18 23:10:45,169] {logging_mixin.py:109} INFO - [2022-02-18 23:10:45,169] {dag.py:2396} INFO - Sync 1 DAGs
[2022-02-18 23:10:45,195] {logging_mixin.py:109} INFO - [2022-02-18 23:10:45,194] {dag.py:2935} INFO - Setting next_dagrun for example_trigger_target_dag to None
[2022-02-18 23:10:45,210] {processor.py:171} INFO - Processing /home/airflow/.local/lib/python3.7/site-packages/airflow/example_dags/example_trigger_target_dag.py took 0.122 seconds
[2022-02-18 23:11:16,363] {processor.py:163} INFO - Started process (PID=5078) to work on /home/airflow/.local/lib/python3.7/site-packages/airflow/example_dags/example_trigger_target_dag.py
[2022-02-18 23:11:16,374] {processor.py:642} INFO - Processing file /home/airflow/.local/lib/python3.7/site-packages/airflow/example_dags/example_trigger_target_dag.py for tasks to queue
[2022-02-18 23:11:16,376] {logging_mixin.py:109} INFO - [2022-02-18 23:11:16,376] {dagbag.py:500} INFO - Filling up the DagBag from /home/airflow/.local/lib/python3.7/site-packages/airflow/example_dags/example_trigger_target_dag.py
[2022-02-18 23:11:16,486] {processor.py:654} INFO - DAG(s) dict_keys(['example_trigger_target_dag']) retrieved from /home/airflow/.local/lib/python3.7/site-packages/airflow/example_dags/example_trigger_target_dag.py
[2022-02-18 23:11:16,545] {logging_mixin.py:109} INFO - [2022-02-18 23:11:16,545] {dag.py:2396} INFO - Sync 1 DAGs
[2022-02-18 23:11:16,617] {logging_mixin.py:109} INFO - [2022-02-18 23:11:16,613] {dag.py:2935} INFO - Setting next_dagrun for example_trigger_target_dag to None
[2022-02-18 23:11:16,695] {processor.py:171} INFO - Processing /home/airflow/.local/lib/python3.7/site-packages/airflow/example_dags/example_trigger_target_dag.py took 0.336 seconds
[2022-02-18 23:11:47,508] {processor.py:163} INFO - Started process (PID=5140) to work on /home/airflow/.local/lib/python3.7/site-packages/airflow/example_dags/example_trigger_target_dag.py
[2022-02-18 23:11:47,518] {processor.py:642} INFO - Processing file /home/airflow/.local/lib/python3.7/site-packages/airflow/example_dags/example_trigger_target_dag.py for tasks to queue
[2022-02-18 23:11:47,559] {logging_mixin.py:109} INFO - [2022-02-18 23:11:47,559] {dagbag.py:500} INFO - Filling up the DagBag from /home/airflow/.local/lib/python3.7/site-packages/airflow/example_dags/example_trigger_target_dag.py
[2022-02-18 23:11:47,702] {processor.py:654} INFO - DAG(s) dict_keys(['example_trigger_target_dag']) retrieved from /home/airflow/.local/lib/python3.7/site-packages/airflow/example_dags/example_trigger_target_dag.py
[2022-02-18 23:11:47,753] {logging_mixin.py:109} INFO - [2022-02-18 23:11:47,753] {dag.py:2396} INFO - Sync 1 DAGs
[2022-02-18 23:11:47,848] {logging_mixin.py:109} INFO - [2022-02-18 23:11:47,848] {dag.py:2935} INFO - Setting next_dagrun for example_trigger_target_dag to None
[2022-02-18 23:11:47,882] {processor.py:171} INFO - Processing /home/airflow/.local/lib/python3.7/site-packages/airflow/example_dags/example_trigger_target_dag.py took 0.389 seconds
[2022-02-18 23:12:18,407] {processor.py:163} INFO - Started process (PID=5194) to work on /home/airflow/.local/lib/python3.7/site-packages/airflow/example_dags/example_trigger_target_dag.py
[2022-02-18 23:12:18,413] {processor.py:642} INFO - Processing file /home/airflow/.local/lib/python3.7/site-packages/airflow/example_dags/example_trigger_target_dag.py for tasks to queue
[2022-02-18 23:12:18,415] {logging_mixin.py:109} INFO - [2022-02-18 23:12:18,414] {dagbag.py:500} INFO - Filling up the DagBag from /home/airflow/.local/lib/python3.7/site-packages/airflow/example_dags/example_trigger_target_dag.py
[2022-02-18 23:12:18,593] {processor.py:654} INFO - DAG(s) dict_keys(['example_trigger_target_dag']) retrieved from /home/airflow/.local/lib/python3.7/site-packages/airflow/example_dags/example_trigger_target_dag.py
[2022-02-18 23:12:18,643] {logging_mixin.py:109} INFO - [2022-02-18 23:12:18,643] {dag.py:2396} INFO - Sync 1 DAGs
[2022-02-18 23:12:18,693] {logging_mixin.py:109} INFO - [2022-02-18 23:12:18,693] {dag.py:2935} INFO - Setting next_dagrun for example_trigger_target_dag to None
[2022-02-18 23:12:18,786] {processor.py:171} INFO - Processing /home/airflow/.local/lib/python3.7/site-packages/airflow/example_dags/example_trigger_target_dag.py took 0.390 seconds
[2022-02-18 23:12:49,000] {processor.py:163} INFO - Started process (PID=5248) to work on /home/airflow/.local/lib/python3.7/site-packages/airflow/example_dags/example_trigger_target_dag.py
[2022-02-18 23:12:49,007] {processor.py:642} INFO - Processing file /home/airflow/.local/lib/python3.7/site-packages/airflow/example_dags/example_trigger_target_dag.py for tasks to queue
[2022-02-18 23:12:49,010] {logging_mixin.py:109} INFO - [2022-02-18 23:12:49,009] {dagbag.py:500} INFO - Filling up the DagBag from /home/airflow/.local/lib/python3.7/site-packages/airflow/example_dags/example_trigger_target_dag.py
[2022-02-18 23:12:49,090] {processor.py:654} INFO - DAG(s) dict_keys(['example_trigger_target_dag']) retrieved from /home/airflow/.local/lib/python3.7/site-packages/airflow/example_dags/example_trigger_target_dag.py
[2022-02-18 23:12:49,133] {logging_mixin.py:109} INFO - [2022-02-18 23:12:49,132] {dag.py:2396} INFO - Sync 1 DAGs
[2022-02-18 23:12:49,184] {logging_mixin.py:109} INFO - [2022-02-18 23:12:49,183] {dag.py:2935} INFO - Setting next_dagrun for example_trigger_target_dag to None
[2022-02-18 23:12:49,212] {processor.py:171} INFO - Processing /home/airflow/.local/lib/python3.7/site-packages/airflow/example_dags/example_trigger_target_dag.py took 0.237 seconds
[2022-02-18 23:13:19,460] {processor.py:163} INFO - Started process (PID=5293) to work on /home/airflow/.local/lib/python3.7/site-packages/airflow/example_dags/example_trigger_target_dag.py
[2022-02-18 23:13:19,466] {processor.py:642} INFO - Processing file /home/airflow/.local/lib/python3.7/site-packages/airflow/example_dags/example_trigger_target_dag.py for tasks to queue
[2022-02-18 23:13:19,470] {logging_mixin.py:109} INFO - [2022-02-18 23:13:19,470] {dagbag.py:500} INFO - Filling up the DagBag from /home/airflow/.local/lib/python3.7/site-packages/airflow/example_dags/example_trigger_target_dag.py
[2022-02-18 23:13:19,533] {processor.py:654} INFO - DAG(s) dict_keys(['example_trigger_target_dag']) retrieved from /home/airflow/.local/lib/python3.7/site-packages/airflow/example_dags/example_trigger_target_dag.py
[2022-02-18 23:13:19,550] {logging_mixin.py:109} INFO - [2022-02-18 23:13:19,550] {dag.py:2396} INFO - Sync 1 DAGs
[2022-02-18 23:13:19,611] {logging_mixin.py:109} INFO - [2022-02-18 23:13:19,611] {dag.py:2935} INFO - Setting next_dagrun for example_trigger_target_dag to None
[2022-02-18 23:13:19,639] {processor.py:171} INFO - Processing /home/airflow/.local/lib/python3.7/site-packages/airflow/example_dags/example_trigger_target_dag.py took 0.189 seconds
[2022-02-18 23:13:49,856] {processor.py:163} INFO - Started process (PID=5346) to work on /home/airflow/.local/lib/python3.7/site-packages/airflow/example_dags/example_trigger_target_dag.py
[2022-02-18 23:13:49,870] {processor.py:642} INFO - Processing file /home/airflow/.local/lib/python3.7/site-packages/airflow/example_dags/example_trigger_target_dag.py for tasks to queue
[2022-02-18 23:13:49,875] {logging_mixin.py:109} INFO - [2022-02-18 23:13:49,875] {dagbag.py:500} INFO - Filling up the DagBag from /home/airflow/.local/lib/python3.7/site-packages/airflow/example_dags/example_trigger_target_dag.py
[2022-02-18 23:13:49,967] {processor.py:654} INFO - DAG(s) dict_keys(['example_trigger_target_dag']) retrieved from /home/airflow/.local/lib/python3.7/site-packages/airflow/example_dags/example_trigger_target_dag.py
[2022-02-18 23:13:50,019] {logging_mixin.py:109} INFO - [2022-02-18 23:13:50,018] {dag.py:2396} INFO - Sync 1 DAGs
[2022-02-18 23:13:50,102] {logging_mixin.py:109} INFO - [2022-02-18 23:13:50,102] {dag.py:2935} INFO - Setting next_dagrun for example_trigger_target_dag to None
[2022-02-18 23:13:50,128] {processor.py:171} INFO - Processing /home/airflow/.local/lib/python3.7/site-packages/airflow/example_dags/example_trigger_target_dag.py took 0.285 seconds
[2022-02-18 23:14:20,274] {processor.py:163} INFO - Started process (PID=5395) to work on /home/airflow/.local/lib/python3.7/site-packages/airflow/example_dags/example_trigger_target_dag.py
[2022-02-18 23:14:20,276] {processor.py:642} INFO - Processing file /home/airflow/.local/lib/python3.7/site-packages/airflow/example_dags/example_trigger_target_dag.py for tasks to queue
[2022-02-18 23:14:20,278] {logging_mixin.py:109} INFO - [2022-02-18 23:14:20,277] {dagbag.py:500} INFO - Filling up the DagBag from /home/airflow/.local/lib/python3.7/site-packages/airflow/example_dags/example_trigger_target_dag.py
[2022-02-18 23:14:20,308] {processor.py:654} INFO - DAG(s) dict_keys(['example_trigger_target_dag']) retrieved from /home/airflow/.local/lib/python3.7/site-packages/airflow/example_dags/example_trigger_target_dag.py
[2022-02-18 23:14:20,322] {logging_mixin.py:109} INFO - [2022-02-18 23:14:20,321] {dag.py:2396} INFO - Sync 1 DAGs
[2022-02-18 23:14:20,348] {logging_mixin.py:109} INFO - [2022-02-18 23:14:20,348] {dag.py:2935} INFO - Setting next_dagrun for example_trigger_target_dag to None
[2022-02-18 23:14:20,357] {processor.py:171} INFO - Processing /home/airflow/.local/lib/python3.7/site-packages/airflow/example_dags/example_trigger_target_dag.py took 0.088 seconds
[2022-02-18 23:14:50,781] {processor.py:163} INFO - Started process (PID=5448) to work on /home/airflow/.local/lib/python3.7/site-packages/airflow/example_dags/example_trigger_target_dag.py
[2022-02-18 23:14:50,789] {processor.py:642} INFO - Processing file /home/airflow/.local/lib/python3.7/site-packages/airflow/example_dags/example_trigger_target_dag.py for tasks to queue
[2022-02-18 23:14:50,794] {logging_mixin.py:109} INFO - [2022-02-18 23:14:50,793] {dagbag.py:500} INFO - Filling up the DagBag from /home/airflow/.local/lib/python3.7/site-packages/airflow/example_dags/example_trigger_target_dag.py
[2022-02-18 23:14:50,914] {processor.py:654} INFO - DAG(s) dict_keys(['example_trigger_target_dag']) retrieved from /home/airflow/.local/lib/python3.7/site-packages/airflow/example_dags/example_trigger_target_dag.py
[2022-02-18 23:14:50,953] {logging_mixin.py:109} INFO - [2022-02-18 23:14:50,953] {dag.py:2396} INFO - Sync 1 DAGs
[2022-02-18 23:14:51,033] {logging_mixin.py:109} INFO - [2022-02-18 23:14:51,033] {dag.py:2935} INFO - Setting next_dagrun for example_trigger_target_dag to None
[2022-02-18 23:14:51,076] {processor.py:171} INFO - Processing /home/airflow/.local/lib/python3.7/site-packages/airflow/example_dags/example_trigger_target_dag.py took 0.316 seconds
