[2022-02-18 23:09:51,862] {processor.py:163} INFO - Started process (PID=4935) to work on /home/airflow/.local/lib/python3.7/site-packages/airflow/example_dags/tutorial_taskflow_api_etl.py
[2022-02-18 23:09:51,867] {processor.py:642} INFO - Processing file /home/airflow/.local/lib/python3.7/site-packages/airflow/example_dags/tutorial_taskflow_api_etl.py for tasks to queue
[2022-02-18 23:09:51,871] {logging_mixin.py:109} INFO - [2022-02-18 23:09:51,870] {dagbag.py:500} INFO - Filling up the DagBag from /home/airflow/.local/lib/python3.7/site-packages/airflow/example_dags/tutorial_taskflow_api_etl.py
[2022-02-18 23:09:51,941] {processor.py:654} INFO - DAG(s) dict_keys(['tutorial_taskflow_api_etl']) retrieved from /home/airflow/.local/lib/python3.7/site-packages/airflow/example_dags/tutorial_taskflow_api_etl.py
[2022-02-18 23:09:52,248] {logging_mixin.py:109} INFO - [2022-02-18 23:09:52,248] {dag.py:2396} INFO - Sync 1 DAGs
[2022-02-18 23:09:52,271] {logging_mixin.py:109} INFO - [2022-02-18 23:09:52,271] {dag.py:2935} INFO - Setting next_dagrun for tutorial_taskflow_api_etl to None
[2022-02-18 23:09:52,291] {processor.py:171} INFO - Processing /home/airflow/.local/lib/python3.7/site-packages/airflow/example_dags/tutorial_taskflow_api_etl.py took 0.456 seconds
[2022-02-18 23:10:22,779] {processor.py:163} INFO - Started process (PID=4987) to work on /home/airflow/.local/lib/python3.7/site-packages/airflow/example_dags/tutorial_taskflow_api_etl.py
[2022-02-18 23:10:22,783] {processor.py:642} INFO - Processing file /home/airflow/.local/lib/python3.7/site-packages/airflow/example_dags/tutorial_taskflow_api_etl.py for tasks to queue
[2022-02-18 23:10:22,785] {logging_mixin.py:109} INFO - [2022-02-18 23:10:22,785] {dagbag.py:500} INFO - Filling up the DagBag from /home/airflow/.local/lib/python3.7/site-packages/airflow/example_dags/tutorial_taskflow_api_etl.py
[2022-02-18 23:10:22,835] {processor.py:654} INFO - DAG(s) dict_keys(['tutorial_taskflow_api_etl']) retrieved from /home/airflow/.local/lib/python3.7/site-packages/airflow/example_dags/tutorial_taskflow_api_etl.py
[2022-02-18 23:10:23,219] {logging_mixin.py:109} INFO - [2022-02-18 23:10:23,219] {dag.py:2396} INFO - Sync 1 DAGs
[2022-02-18 23:10:23,250] {logging_mixin.py:109} INFO - [2022-02-18 23:10:23,250] {dag.py:2935} INFO - Setting next_dagrun for tutorial_taskflow_api_etl to None
[2022-02-18 23:10:23,271] {processor.py:171} INFO - Processing /home/airflow/.local/lib/python3.7/site-packages/airflow/example_dags/tutorial_taskflow_api_etl.py took 0.500 seconds
[2022-02-18 23:10:54,410] {processor.py:163} INFO - Started process (PID=5041) to work on /home/airflow/.local/lib/python3.7/site-packages/airflow/example_dags/tutorial_taskflow_api_etl.py
[2022-02-18 23:10:54,415] {processor.py:642} INFO - Processing file /home/airflow/.local/lib/python3.7/site-packages/airflow/example_dags/tutorial_taskflow_api_etl.py for tasks to queue
[2022-02-18 23:10:54,419] {logging_mixin.py:109} INFO - [2022-02-18 23:10:54,419] {dagbag.py:500} INFO - Filling up the DagBag from /home/airflow/.local/lib/python3.7/site-packages/airflow/example_dags/tutorial_taskflow_api_etl.py
[2022-02-18 23:10:54,467] {processor.py:654} INFO - DAG(s) dict_keys(['tutorial_taskflow_api_etl']) retrieved from /home/airflow/.local/lib/python3.7/site-packages/airflow/example_dags/tutorial_taskflow_api_etl.py
[2022-02-18 23:10:54,781] {logging_mixin.py:109} INFO - [2022-02-18 23:10:54,781] {dag.py:2396} INFO - Sync 1 DAGs
[2022-02-18 23:10:54,805] {logging_mixin.py:109} INFO - [2022-02-18 23:10:54,805] {dag.py:2935} INFO - Setting next_dagrun for tutorial_taskflow_api_etl to None
[2022-02-18 23:10:54,832] {processor.py:171} INFO - Processing /home/airflow/.local/lib/python3.7/site-packages/airflow/example_dags/tutorial_taskflow_api_etl.py took 0.437 seconds
[2022-02-18 23:11:25,766] {processor.py:163} INFO - Started process (PID=5097) to work on /home/airflow/.local/lib/python3.7/site-packages/airflow/example_dags/tutorial_taskflow_api_etl.py
[2022-02-18 23:11:25,777] {processor.py:642} INFO - Processing file /home/airflow/.local/lib/python3.7/site-packages/airflow/example_dags/tutorial_taskflow_api_etl.py for tasks to queue
[2022-02-18 23:11:25,784] {logging_mixin.py:109} INFO - [2022-02-18 23:11:25,783] {dagbag.py:500} INFO - Filling up the DagBag from /home/airflow/.local/lib/python3.7/site-packages/airflow/example_dags/tutorial_taskflow_api_etl.py
[2022-02-18 23:11:25,916] {processor.py:654} INFO - DAG(s) dict_keys(['tutorial_taskflow_api_etl']) retrieved from /home/airflow/.local/lib/python3.7/site-packages/airflow/example_dags/tutorial_taskflow_api_etl.py
[2022-02-18 23:11:26,441] {logging_mixin.py:109} INFO - [2022-02-18 23:11:26,441] {dag.py:2396} INFO - Sync 1 DAGs
[2022-02-18 23:11:26,455] {logging_mixin.py:109} INFO - [2022-02-18 23:11:26,455] {dag.py:2935} INFO - Setting next_dagrun for tutorial_taskflow_api_etl to None
[2022-02-18 23:11:26,467] {processor.py:171} INFO - Processing /home/airflow/.local/lib/python3.7/site-packages/airflow/example_dags/tutorial_taskflow_api_etl.py took 0.707 seconds
[2022-02-18 23:11:56,942] {processor.py:163} INFO - Started process (PID=5150) to work on /home/airflow/.local/lib/python3.7/site-packages/airflow/example_dags/tutorial_taskflow_api_etl.py
[2022-02-18 23:11:56,946] {processor.py:642} INFO - Processing file /home/airflow/.local/lib/python3.7/site-packages/airflow/example_dags/tutorial_taskflow_api_etl.py for tasks to queue
[2022-02-18 23:11:56,952] {logging_mixin.py:109} INFO - [2022-02-18 23:11:56,952] {dagbag.py:500} INFO - Filling up the DagBag from /home/airflow/.local/lib/python3.7/site-packages/airflow/example_dags/tutorial_taskflow_api_etl.py
[2022-02-18 23:11:56,995] {processor.py:654} INFO - DAG(s) dict_keys(['tutorial_taskflow_api_etl']) retrieved from /home/airflow/.local/lib/python3.7/site-packages/airflow/example_dags/tutorial_taskflow_api_etl.py
[2022-02-18 23:11:57,359] {logging_mixin.py:109} INFO - [2022-02-18 23:11:57,359] {dag.py:2396} INFO - Sync 1 DAGs
[2022-02-18 23:11:57,389] {logging_mixin.py:109} INFO - [2022-02-18 23:11:57,388] {dag.py:2935} INFO - Setting next_dagrun for tutorial_taskflow_api_etl to None
[2022-02-18 23:11:57,410] {processor.py:171} INFO - Processing /home/airflow/.local/lib/python3.7/site-packages/airflow/example_dags/tutorial_taskflow_api_etl.py took 0.498 seconds
[2022-02-18 23:12:27,816] {processor.py:163} INFO - Started process (PID=5204) to work on /home/airflow/.local/lib/python3.7/site-packages/airflow/example_dags/tutorial_taskflow_api_etl.py
[2022-02-18 23:12:27,837] {processor.py:642} INFO - Processing file /home/airflow/.local/lib/python3.7/site-packages/airflow/example_dags/tutorial_taskflow_api_etl.py for tasks to queue
[2022-02-18 23:12:27,851] {logging_mixin.py:109} INFO - [2022-02-18 23:12:27,844] {dagbag.py:500} INFO - Filling up the DagBag from /home/airflow/.local/lib/python3.7/site-packages/airflow/example_dags/tutorial_taskflow_api_etl.py
[2022-02-18 23:12:27,994] {processor.py:654} INFO - DAG(s) dict_keys(['tutorial_taskflow_api_etl']) retrieved from /home/airflow/.local/lib/python3.7/site-packages/airflow/example_dags/tutorial_taskflow_api_etl.py
[2022-02-18 23:12:28,400] {logging_mixin.py:109} INFO - [2022-02-18 23:12:28,400] {dag.py:2396} INFO - Sync 1 DAGs
[2022-02-18 23:12:28,416] {logging_mixin.py:109} INFO - [2022-02-18 23:12:28,416] {dag.py:2935} INFO - Setting next_dagrun for tutorial_taskflow_api_etl to None
[2022-02-18 23:12:28,462] {processor.py:171} INFO - Processing /home/airflow/.local/lib/python3.7/site-packages/airflow/example_dags/tutorial_taskflow_api_etl.py took 0.659 seconds
[2022-02-18 23:12:59,052] {processor.py:163} INFO - Started process (PID=5258) to work on /home/airflow/.local/lib/python3.7/site-packages/airflow/example_dags/tutorial_taskflow_api_etl.py
[2022-02-18 23:12:59,070] {processor.py:642} INFO - Processing file /home/airflow/.local/lib/python3.7/site-packages/airflow/example_dags/tutorial_taskflow_api_etl.py for tasks to queue
[2022-02-18 23:12:59,180] {logging_mixin.py:109} INFO - [2022-02-18 23:12:59,179] {dagbag.py:500} INFO - Filling up the DagBag from /home/airflow/.local/lib/python3.7/site-packages/airflow/example_dags/tutorial_taskflow_api_etl.py
[2022-02-18 23:12:59,632] {processor.py:654} INFO - DAG(s) dict_keys(['tutorial_taskflow_api_etl']) retrieved from /home/airflow/.local/lib/python3.7/site-packages/airflow/example_dags/tutorial_taskflow_api_etl.py
[2022-02-18 23:13:03,330] {logging_mixin.py:109} INFO - [2022-02-18 23:13:03,329] {dag.py:2396} INFO - Sync 1 DAGs
[2022-02-18 23:13:03,449] {logging_mixin.py:109} INFO - [2022-02-18 23:13:03,449] {dag.py:2935} INFO - Setting next_dagrun for tutorial_taskflow_api_etl to None
[2022-02-18 23:13:03,557] {processor.py:171} INFO - Processing /home/airflow/.local/lib/python3.7/site-packages/airflow/example_dags/tutorial_taskflow_api_etl.py took 4.530 seconds
[2022-02-18 23:13:34,559] {processor.py:163} INFO - Started process (PID=5316) to work on /home/airflow/.local/lib/python3.7/site-packages/airflow/example_dags/tutorial_taskflow_api_etl.py
[2022-02-18 23:13:34,569] {processor.py:642} INFO - Processing file /home/airflow/.local/lib/python3.7/site-packages/airflow/example_dags/tutorial_taskflow_api_etl.py for tasks to queue
[2022-02-18 23:13:34,577] {logging_mixin.py:109} INFO - [2022-02-18 23:13:34,576] {dagbag.py:500} INFO - Filling up the DagBag from /home/airflow/.local/lib/python3.7/site-packages/airflow/example_dags/tutorial_taskflow_api_etl.py
[2022-02-18 23:13:34,655] {processor.py:654} INFO - DAG(s) dict_keys(['tutorial_taskflow_api_etl']) retrieved from /home/airflow/.local/lib/python3.7/site-packages/airflow/example_dags/tutorial_taskflow_api_etl.py
[2022-02-18 23:13:35,190] {logging_mixin.py:109} INFO - [2022-02-18 23:13:35,190] {dag.py:2396} INFO - Sync 1 DAGs
[2022-02-18 23:13:35,270] {logging_mixin.py:109} INFO - [2022-02-18 23:13:35,270] {dag.py:2935} INFO - Setting next_dagrun for tutorial_taskflow_api_etl to None
[2022-02-18 23:13:35,308] {processor.py:171} INFO - Processing /home/airflow/.local/lib/python3.7/site-packages/airflow/example_dags/tutorial_taskflow_api_etl.py took 0.761 seconds
[2022-02-18 23:14:06,101] {processor.py:163} INFO - Started process (PID=5370) to work on /home/airflow/.local/lib/python3.7/site-packages/airflow/example_dags/tutorial_taskflow_api_etl.py
[2022-02-18 23:14:06,104] {processor.py:642} INFO - Processing file /home/airflow/.local/lib/python3.7/site-packages/airflow/example_dags/tutorial_taskflow_api_etl.py for tasks to queue
[2022-02-18 23:14:06,106] {logging_mixin.py:109} INFO - [2022-02-18 23:14:06,106] {dagbag.py:500} INFO - Filling up the DagBag from /home/airflow/.local/lib/python3.7/site-packages/airflow/example_dags/tutorial_taskflow_api_etl.py
[2022-02-18 23:14:06,203] {processor.py:654} INFO - DAG(s) dict_keys(['tutorial_taskflow_api_etl']) retrieved from /home/airflow/.local/lib/python3.7/site-packages/airflow/example_dags/tutorial_taskflow_api_etl.py
[2022-02-18 23:14:06,446] {logging_mixin.py:109} INFO - [2022-02-18 23:14:06,446] {dag.py:2396} INFO - Sync 1 DAGs
[2022-02-18 23:14:06,462] {logging_mixin.py:109} INFO - [2022-02-18 23:14:06,462] {dag.py:2935} INFO - Setting next_dagrun for tutorial_taskflow_api_etl to None
[2022-02-18 23:14:06,473] {processor.py:171} INFO - Processing /home/airflow/.local/lib/python3.7/site-packages/airflow/example_dags/tutorial_taskflow_api_etl.py took 0.385 seconds
[2022-02-18 23:14:36,605] {processor.py:163} INFO - Started process (PID=5423) to work on /home/airflow/.local/lib/python3.7/site-packages/airflow/example_dags/tutorial_taskflow_api_etl.py
[2022-02-18 23:14:36,611] {processor.py:642} INFO - Processing file /home/airflow/.local/lib/python3.7/site-packages/airflow/example_dags/tutorial_taskflow_api_etl.py for tasks to queue
[2022-02-18 23:14:36,614] {logging_mixin.py:109} INFO - [2022-02-18 23:14:36,614] {dagbag.py:500} INFO - Filling up the DagBag from /home/airflow/.local/lib/python3.7/site-packages/airflow/example_dags/tutorial_taskflow_api_etl.py
[2022-02-18 23:14:36,739] {processor.py:654} INFO - DAG(s) dict_keys(['tutorial_taskflow_api_etl']) retrieved from /home/airflow/.local/lib/python3.7/site-packages/airflow/example_dags/tutorial_taskflow_api_etl.py
[2022-02-18 23:14:38,075] {logging_mixin.py:109} INFO - [2022-02-18 23:14:38,075] {dag.py:2396} INFO - Sync 1 DAGs
[2022-02-18 23:14:38,121] {logging_mixin.py:109} INFO - [2022-02-18 23:14:38,121] {dag.py:2935} INFO - Setting next_dagrun for tutorial_taskflow_api_etl to None
[2022-02-18 23:14:38,173] {processor.py:171} INFO - Processing /home/airflow/.local/lib/python3.7/site-packages/airflow/example_dags/tutorial_taskflow_api_etl.py took 1.580 seconds
