[2022-02-18 23:09:53,362] {processor.py:163} INFO - Started process (PID=4937) to work on /home/airflow/.local/lib/python3.7/site-packages/airflow/example_dags/tutorial_etl_dag.py
[2022-02-18 23:09:53,365] {processor.py:642} INFO - Processing file /home/airflow/.local/lib/python3.7/site-packages/airflow/example_dags/tutorial_etl_dag.py for tasks to queue
[2022-02-18 23:09:53,367] {logging_mixin.py:109} INFO - [2022-02-18 23:09:53,367] {dagbag.py:500} INFO - Filling up the DagBag from /home/airflow/.local/lib/python3.7/site-packages/airflow/example_dags/tutorial_etl_dag.py
[2022-02-18 23:09:53,397] {processor.py:654} INFO - DAG(s) dict_keys(['tutorial_etl_dag']) retrieved from /home/airflow/.local/lib/python3.7/site-packages/airflow/example_dags/tutorial_etl_dag.py
[2022-02-18 23:09:53,410] {logging_mixin.py:109} INFO - [2022-02-18 23:09:53,410] {dag.py:2396} INFO - Sync 1 DAGs
[2022-02-18 23:09:53,429] {logging_mixin.py:109} INFO - [2022-02-18 23:09:53,429] {dag.py:2935} INFO - Setting next_dagrun for tutorial_etl_dag to None
[2022-02-18 23:09:53,446] {processor.py:171} INFO - Processing /home/airflow/.local/lib/python3.7/site-packages/airflow/example_dags/tutorial_etl_dag.py took 0.088 seconds
[2022-02-18 23:10:24,074] {processor.py:163} INFO - Started process (PID=4990) to work on /home/airflow/.local/lib/python3.7/site-packages/airflow/example_dags/tutorial_etl_dag.py
[2022-02-18 23:10:24,078] {processor.py:642} INFO - Processing file /home/airflow/.local/lib/python3.7/site-packages/airflow/example_dags/tutorial_etl_dag.py for tasks to queue
[2022-02-18 23:10:24,081] {logging_mixin.py:109} INFO - [2022-02-18 23:10:24,080] {dagbag.py:500} INFO - Filling up the DagBag from /home/airflow/.local/lib/python3.7/site-packages/airflow/example_dags/tutorial_etl_dag.py
[2022-02-18 23:10:24,136] {processor.py:654} INFO - DAG(s) dict_keys(['tutorial_etl_dag']) retrieved from /home/airflow/.local/lib/python3.7/site-packages/airflow/example_dags/tutorial_etl_dag.py
[2022-02-18 23:10:24,174] {logging_mixin.py:109} INFO - [2022-02-18 23:10:24,173] {dag.py:2396} INFO - Sync 1 DAGs
[2022-02-18 23:10:24,248] {logging_mixin.py:109} INFO - [2022-02-18 23:10:24,248] {dag.py:2935} INFO - Setting next_dagrun for tutorial_etl_dag to None
[2022-02-18 23:10:24,275] {processor.py:171} INFO - Processing /home/airflow/.local/lib/python3.7/site-packages/airflow/example_dags/tutorial_etl_dag.py took 0.207 seconds
[2022-02-18 23:10:54,938] {processor.py:163} INFO - Started process (PID=5043) to work on /home/airflow/.local/lib/python3.7/site-packages/airflow/example_dags/tutorial_etl_dag.py
[2022-02-18 23:10:54,946] {processor.py:642} INFO - Processing file /home/airflow/.local/lib/python3.7/site-packages/airflow/example_dags/tutorial_etl_dag.py for tasks to queue
[2022-02-18 23:10:54,952] {logging_mixin.py:109} INFO - [2022-02-18 23:10:54,951] {dagbag.py:500} INFO - Filling up the DagBag from /home/airflow/.local/lib/python3.7/site-packages/airflow/example_dags/tutorial_etl_dag.py
[2022-02-18 23:10:55,069] {processor.py:654} INFO - DAG(s) dict_keys(['tutorial_etl_dag']) retrieved from /home/airflow/.local/lib/python3.7/site-packages/airflow/example_dags/tutorial_etl_dag.py
[2022-02-18 23:10:55,110] {logging_mixin.py:109} INFO - [2022-02-18 23:10:55,107] {dag.py:2396} INFO - Sync 1 DAGs
[2022-02-18 23:10:55,193] {logging_mixin.py:109} INFO - [2022-02-18 23:10:55,193] {dag.py:2935} INFO - Setting next_dagrun for tutorial_etl_dag to None
[2022-02-18 23:10:55,248] {processor.py:171} INFO - Processing /home/airflow/.local/lib/python3.7/site-packages/airflow/example_dags/tutorial_etl_dag.py took 0.323 seconds
[2022-02-18 23:11:26,040] {processor.py:163} INFO - Started process (PID=5099) to work on /home/airflow/.local/lib/python3.7/site-packages/airflow/example_dags/tutorial_etl_dag.py
[2022-02-18 23:11:26,043] {processor.py:642} INFO - Processing file /home/airflow/.local/lib/python3.7/site-packages/airflow/example_dags/tutorial_etl_dag.py for tasks to queue
[2022-02-18 23:11:26,044] {logging_mixin.py:109} INFO - [2022-02-18 23:11:26,044] {dagbag.py:500} INFO - Filling up the DagBag from /home/airflow/.local/lib/python3.7/site-packages/airflow/example_dags/tutorial_etl_dag.py
[2022-02-18 23:11:26,098] {processor.py:654} INFO - DAG(s) dict_keys(['tutorial_etl_dag']) retrieved from /home/airflow/.local/lib/python3.7/site-packages/airflow/example_dags/tutorial_etl_dag.py
[2022-02-18 23:11:26,125] {logging_mixin.py:109} INFO - [2022-02-18 23:11:26,125] {dag.py:2396} INFO - Sync 1 DAGs
[2022-02-18 23:11:26,160] {logging_mixin.py:109} INFO - [2022-02-18 23:11:26,160] {dag.py:2935} INFO - Setting next_dagrun for tutorial_etl_dag to None
[2022-02-18 23:11:26,218] {processor.py:171} INFO - Processing /home/airflow/.local/lib/python3.7/site-packages/airflow/example_dags/tutorial_etl_dag.py took 0.182 seconds
[2022-02-18 23:11:57,281] {processor.py:163} INFO - Started process (PID=5152) to work on /home/airflow/.local/lib/python3.7/site-packages/airflow/example_dags/tutorial_etl_dag.py
[2022-02-18 23:11:57,284] {processor.py:642} INFO - Processing file /home/airflow/.local/lib/python3.7/site-packages/airflow/example_dags/tutorial_etl_dag.py for tasks to queue
[2022-02-18 23:11:57,295] {logging_mixin.py:109} INFO - [2022-02-18 23:11:57,295] {dagbag.py:500} INFO - Filling up the DagBag from /home/airflow/.local/lib/python3.7/site-packages/airflow/example_dags/tutorial_etl_dag.py
[2022-02-18 23:11:57,422] {processor.py:654} INFO - DAG(s) dict_keys(['tutorial_etl_dag']) retrieved from /home/airflow/.local/lib/python3.7/site-packages/airflow/example_dags/tutorial_etl_dag.py
[2022-02-18 23:11:57,473] {logging_mixin.py:109} INFO - [2022-02-18 23:11:57,472] {dag.py:2396} INFO - Sync 1 DAGs
[2022-02-18 23:11:57,517] {logging_mixin.py:109} INFO - [2022-02-18 23:11:57,517] {dag.py:2935} INFO - Setting next_dagrun for tutorial_etl_dag to None
[2022-02-18 23:11:57,544] {processor.py:171} INFO - Processing /home/airflow/.local/lib/python3.7/site-packages/airflow/example_dags/tutorial_etl_dag.py took 0.283 seconds
[2022-02-18 23:12:28,188] {processor.py:163} INFO - Started process (PID=5206) to work on /home/airflow/.local/lib/python3.7/site-packages/airflow/example_dags/tutorial_etl_dag.py
[2022-02-18 23:12:28,197] {processor.py:642} INFO - Processing file /home/airflow/.local/lib/python3.7/site-packages/airflow/example_dags/tutorial_etl_dag.py for tasks to queue
[2022-02-18 23:12:28,199] {logging_mixin.py:109} INFO - [2022-02-18 23:12:28,199] {dagbag.py:500} INFO - Filling up the DagBag from /home/airflow/.local/lib/python3.7/site-packages/airflow/example_dags/tutorial_etl_dag.py
[2022-02-18 23:12:28,240] {processor.py:654} INFO - DAG(s) dict_keys(['tutorial_etl_dag']) retrieved from /home/airflow/.local/lib/python3.7/site-packages/airflow/example_dags/tutorial_etl_dag.py
[2022-02-18 23:12:28,264] {logging_mixin.py:109} INFO - [2022-02-18 23:12:28,264] {dag.py:2396} INFO - Sync 1 DAGs
[2022-02-18 23:12:28,289] {logging_mixin.py:109} INFO - [2022-02-18 23:12:28,289] {dag.py:2935} INFO - Setting next_dagrun for tutorial_etl_dag to None
[2022-02-18 23:12:28,305] {processor.py:171} INFO - Processing /home/airflow/.local/lib/python3.7/site-packages/airflow/example_dags/tutorial_etl_dag.py took 0.127 seconds
[2022-02-18 23:13:00,989] {processor.py:163} INFO - Started process (PID=5269) to work on /home/airflow/.local/lib/python3.7/site-packages/airflow/example_dags/tutorial_etl_dag.py
[2022-02-18 23:13:01,099] {processor.py:642} INFO - Processing file /home/airflow/.local/lib/python3.7/site-packages/airflow/example_dags/tutorial_etl_dag.py for tasks to queue
[2022-02-18 23:13:01,321] {logging_mixin.py:109} INFO - [2022-02-18 23:13:01,321] {dagbag.py:500} INFO - Filling up the DagBag from /home/airflow/.local/lib/python3.7/site-packages/airflow/example_dags/tutorial_etl_dag.py
[2022-02-18 23:13:02,020] {processor.py:654} INFO - DAG(s) dict_keys(['tutorial_etl_dag']) retrieved from /home/airflow/.local/lib/python3.7/site-packages/airflow/example_dags/tutorial_etl_dag.py
[2022-02-18 23:13:02,238] {logging_mixin.py:109} INFO - [2022-02-18 23:13:02,238] {dag.py:2396} INFO - Sync 1 DAGs
[2022-02-18 23:13:02,451] {logging_mixin.py:109} INFO - [2022-02-18 23:13:02,451] {dag.py:2935} INFO - Setting next_dagrun for tutorial_etl_dag to None
[2022-02-18 23:13:02,556] {processor.py:171} INFO - Processing /home/airflow/.local/lib/python3.7/site-packages/airflow/example_dags/tutorial_etl_dag.py took 1.620 seconds
[2022-02-18 23:13:33,277] {processor.py:163} INFO - Started process (PID=5315) to work on /home/airflow/.local/lib/python3.7/site-packages/airflow/example_dags/tutorial_etl_dag.py
[2022-02-18 23:13:33,283] {processor.py:642} INFO - Processing file /home/airflow/.local/lib/python3.7/site-packages/airflow/example_dags/tutorial_etl_dag.py for tasks to queue
[2022-02-18 23:13:33,294] {logging_mixin.py:109} INFO - [2022-02-18 23:13:33,293] {dagbag.py:500} INFO - Filling up the DagBag from /home/airflow/.local/lib/python3.7/site-packages/airflow/example_dags/tutorial_etl_dag.py
[2022-02-18 23:13:33,387] {processor.py:654} INFO - DAG(s) dict_keys(['tutorial_etl_dag']) retrieved from /home/airflow/.local/lib/python3.7/site-packages/airflow/example_dags/tutorial_etl_dag.py
[2022-02-18 23:13:33,419] {logging_mixin.py:109} INFO - [2022-02-18 23:13:33,419] {dag.py:2396} INFO - Sync 1 DAGs
[2022-02-18 23:13:33,489] {logging_mixin.py:109} INFO - [2022-02-18 23:13:33,489] {dag.py:2935} INFO - Setting next_dagrun for tutorial_etl_dag to None
[2022-02-18 23:13:33,523] {processor.py:171} INFO - Processing /home/airflow/.local/lib/python3.7/site-packages/airflow/example_dags/tutorial_etl_dag.py took 0.265 seconds
[2022-02-18 23:14:03,610] {processor.py:163} INFO - Started process (PID=5367) to work on /home/airflow/.local/lib/python3.7/site-packages/airflow/example_dags/tutorial_etl_dag.py
[2022-02-18 23:14:03,616] {processor.py:642} INFO - Processing file /home/airflow/.local/lib/python3.7/site-packages/airflow/example_dags/tutorial_etl_dag.py for tasks to queue
[2022-02-18 23:14:03,619] {logging_mixin.py:109} INFO - [2022-02-18 23:14:03,619] {dagbag.py:500} INFO - Filling up the DagBag from /home/airflow/.local/lib/python3.7/site-packages/airflow/example_dags/tutorial_etl_dag.py
[2022-02-18 23:14:03,669] {processor.py:654} INFO - DAG(s) dict_keys(['tutorial_etl_dag']) retrieved from /home/airflow/.local/lib/python3.7/site-packages/airflow/example_dags/tutorial_etl_dag.py
[2022-02-18 23:14:03,690] {logging_mixin.py:109} INFO - [2022-02-18 23:14:03,690] {dag.py:2396} INFO - Sync 1 DAGs
[2022-02-18 23:14:03,718] {logging_mixin.py:109} INFO - [2022-02-18 23:14:03,718] {dag.py:2935} INFO - Setting next_dagrun for tutorial_etl_dag to None
[2022-02-18 23:14:03,800] {processor.py:171} INFO - Processing /home/airflow/.local/lib/python3.7/site-packages/airflow/example_dags/tutorial_etl_dag.py took 0.194 seconds
[2022-02-18 23:14:33,950] {processor.py:163} INFO - Started process (PID=5419) to work on /home/airflow/.local/lib/python3.7/site-packages/airflow/example_dags/tutorial_etl_dag.py
[2022-02-18 23:14:33,953] {processor.py:642} INFO - Processing file /home/airflow/.local/lib/python3.7/site-packages/airflow/example_dags/tutorial_etl_dag.py for tasks to queue
[2022-02-18 23:14:33,955] {logging_mixin.py:109} INFO - [2022-02-18 23:14:33,955] {dagbag.py:500} INFO - Filling up the DagBag from /home/airflow/.local/lib/python3.7/site-packages/airflow/example_dags/tutorial_etl_dag.py
[2022-02-18 23:14:33,986] {processor.py:654} INFO - DAG(s) dict_keys(['tutorial_etl_dag']) retrieved from /home/airflow/.local/lib/python3.7/site-packages/airflow/example_dags/tutorial_etl_dag.py
[2022-02-18 23:14:33,997] {logging_mixin.py:109} INFO - [2022-02-18 23:14:33,997] {dag.py:2396} INFO - Sync 1 DAGs
[2022-02-18 23:14:34,014] {logging_mixin.py:109} INFO - [2022-02-18 23:14:34,014] {dag.py:2935} INFO - Setting next_dagrun for tutorial_etl_dag to None
[2022-02-18 23:14:34,035] {processor.py:171} INFO - Processing /home/airflow/.local/lib/python3.7/site-packages/airflow/example_dags/tutorial_etl_dag.py took 0.089 seconds
