[2022-02-17 21:31:16,912] {taskinstance.py:1032} INFO - Dependencies all met for <TaskInstance: example_bash_operator.runme_1 manual__2022-02-17T21:31:05.956240+00:00 [queued]>
[2022-02-17 21:31:16,939] {taskinstance.py:1032} INFO - Dependencies all met for <TaskInstance: example_bash_operator.runme_1 manual__2022-02-17T21:31:05.956240+00:00 [queued]>
[2022-02-17 21:31:16,940] {taskinstance.py:1238} INFO - 
--------------------------------------------------------------------------------
[2022-02-17 21:31:16,941] {taskinstance.py:1239} INFO - Starting attempt 1 of 1
[2022-02-17 21:31:16,955] {taskinstance.py:1240} INFO - 
--------------------------------------------------------------------------------
[2022-02-17 21:31:17,028] {taskinstance.py:1259} INFO - Executing <Task(BashOperator): runme_1> on 2022-02-17 21:31:05.956240+00:00
[2022-02-17 21:31:17,054] {standard_task_runner.py:52} INFO - Started process 363 to run task
[2022-02-17 21:31:17,079] {standard_task_runner.py:76} INFO - Running: ['***', 'tasks', 'run', 'example_bash_operator', 'runme_1', 'manual__2022-02-17T21:31:05.956240+00:00', '--job-id', '16', '--raw', '--subdir', '/home/***/.local/lib/python3.7/site-packages/***/example_dags/example_bash_operator.py', '--cfg-path', '/tmp/tmpz8m3brnk', '--error-file', '/tmp/tmpplv440rd']
[2022-02-17 21:31:17,092] {standard_task_runner.py:77} INFO - Job 16: Subtask runme_1
[2022-02-17 21:31:17,465] {logging_mixin.py:109} INFO - Running <TaskInstance: example_bash_operator.runme_1 manual__2022-02-17T21:31:05.956240+00:00 [running]> on host bd44ee7f0b09
[2022-02-17 21:31:18,243] {taskinstance.py:1426} INFO - Exporting the following env vars:
AIRFLOW_CTX_DAG_OWNER=***
AIRFLOW_CTX_DAG_ID=example_bash_operator
AIRFLOW_CTX_TASK_ID=runme_1
AIRFLOW_CTX_EXECUTION_DATE=2022-02-17T21:31:05.956240+00:00
AIRFLOW_CTX_DAG_RUN_ID=manual__2022-02-17T21:31:05.956240+00:00
[2022-02-17 21:31:18,258] {subprocess.py:62} INFO - Tmp dir root location: 
 /tmp
[2022-02-17 21:31:18,270] {subprocess.py:74} INFO - Running command: ['bash', '-c', 'echo "example_bash_operator__runme_1__20220217" && sleep 1']
[2022-02-17 21:31:18,546] {subprocess.py:85} INFO - Output:
[2022-02-17 21:31:18,597] {subprocess.py:89} INFO - example_bash_operator__runme_1__20220217
[2022-02-17 21:31:19,608] {subprocess.py:93} INFO - Command exited with return code 0
[2022-02-17 21:31:19,700] {taskinstance.py:1277} INFO - Marking task as SUCCESS. dag_id=example_bash_operator, task_id=runme_1, execution_date=20220217T213105, start_date=20220217T213116, end_date=20220217T213119
[2022-02-17 21:31:19,828] {local_task_job.py:154} INFO - Task exited with return code 0
[2022-02-17 21:31:19,884] {local_task_job.py:264} INFO - 0 downstream tasks scheduled from follow-on schedule check
