[2022-02-21 23:50:29,457] {processor.py:163} INFO - Started process (PID=96) to work on /opt/airflow/dags/execute_bi_load.py
[2022-02-21 23:50:29,496] {processor.py:642} INFO - Processing file /opt/airflow/dags/execute_bi_load.py for tasks to queue
[2022-02-21 23:50:29,502] {logging_mixin.py:109} INFO - [2022-02-21 23:50:29,502] {dagbag.py:500} INFO - Filling up the DagBag from /opt/airflow/dags/execute_bi_load.py
[2022-02-21 23:50:29,911] {processor.py:654} INFO - DAG(s) dict_keys(['execute_bi_load']) retrieved from /opt/airflow/dags/execute_bi_load.py
[2022-02-21 23:51:23,979] {processor.py:163} INFO - Started process (PID=145) to work on /opt/airflow/dags/execute_bi_load.py
[2022-02-21 23:51:24,056] {processor.py:642} INFO - Processing file /opt/airflow/dags/execute_bi_load.py for tasks to queue
[2022-02-21 23:51:24,061] {logging_mixin.py:109} INFO - [2022-02-21 23:51:24,060] {dagbag.py:500} INFO - Filling up the DagBag from /opt/airflow/dags/execute_bi_load.py
[2022-02-21 23:51:24,466] {processor.py:654} INFO - DAG(s) dict_keys(['execute_bi_load']) retrieved from /opt/airflow/dags/execute_bi_load.py
[2022-02-21 23:51:55,766] {logging_mixin.py:109} INFO - [2022-02-21 23:51:55,766] {manager.py:496} INFO - Created Permission View: can edit on DAG:execute_bi_load
[2022-02-21 23:51:55,827] {logging_mixin.py:109} INFO - [2022-02-21 23:51:55,827] {manager.py:496} INFO - Created Permission View: can read on DAG:execute_bi_load
[2022-02-21 23:51:55,831] {logging_mixin.py:109} INFO - [2022-02-21 23:51:55,830] {dag.py:2396} INFO - Sync 1 DAGs
[2022-02-21 23:51:55,856] {logging_mixin.py:109} INFO - [2022-02-21 23:51:55,855] {dag.py:2415} INFO - Creating ORM DAG for execute_bi_load
[2022-02-21 23:51:55,885] {logging_mixin.py:109} INFO - [2022-02-21 23:51:55,885] {dag.py:2935} INFO - Setting next_dagrun for execute_bi_load to 2020-02-02T00:00:00+00:00
[2022-02-21 23:51:55,969] {processor.py:171} INFO - Processing /opt/airflow/dags/execute_bi_load.py took 32.163 seconds
[2022-02-21 23:52:26,802] {processor.py:163} INFO - Started process (PID=236) to work on /opt/airflow/dags/execute_bi_load.py
[2022-02-21 23:52:26,807] {processor.py:642} INFO - Processing file /opt/airflow/dags/execute_bi_load.py for tasks to queue
[2022-02-21 23:52:26,810] {logging_mixin.py:109} INFO - [2022-02-21 23:52:26,810] {dagbag.py:500} INFO - Filling up the DagBag from /opt/airflow/dags/execute_bi_load.py
[2022-02-21 23:52:26,876] {processor.py:654} INFO - DAG(s) dict_keys(['execute_bi_load']) retrieved from /opt/airflow/dags/execute_bi_load.py
[2022-02-21 23:52:26,898] {logging_mixin.py:109} INFO - [2022-02-21 23:52:26,898] {dag.py:2396} INFO - Sync 1 DAGs
[2022-02-21 23:52:26,917] {logging_mixin.py:109} INFO - [2022-02-21 23:52:26,916] {dag.py:2935} INFO - Setting next_dagrun for execute_bi_load to 2020-02-02T00:00:00+00:00
[2022-02-21 23:52:26,933] {processor.py:171} INFO - Processing /opt/airflow/dags/execute_bi_load.py took 0.144 seconds
[2022-02-21 23:52:57,249] {processor.py:163} INFO - Started process (PID=288) to work on /opt/airflow/dags/execute_bi_load.py
[2022-02-21 23:52:57,253] {processor.py:642} INFO - Processing file /opt/airflow/dags/execute_bi_load.py for tasks to queue
[2022-02-21 23:52:57,258] {logging_mixin.py:109} INFO - [2022-02-21 23:52:57,258] {dagbag.py:500} INFO - Filling up the DagBag from /opt/airflow/dags/execute_bi_load.py
[2022-02-21 23:52:57,400] {processor.py:654} INFO - DAG(s) dict_keys(['execute_bi_load']) retrieved from /opt/airflow/dags/execute_bi_load.py
[2022-02-21 23:52:57,418] {logging_mixin.py:109} INFO - [2022-02-21 23:52:57,418] {dag.py:2396} INFO - Sync 1 DAGs
[2022-02-21 23:52:57,453] {logging_mixin.py:109} INFO - [2022-02-21 23:52:57,453] {dag.py:2935} INFO - Setting next_dagrun for execute_bi_load to None
[2022-02-21 23:52:57,470] {processor.py:171} INFO - Processing /opt/airflow/dags/execute_bi_load.py took 0.226 seconds
[2022-02-21 23:53:27,812] {processor.py:163} INFO - Started process (PID=343) to work on /opt/airflow/dags/execute_bi_load.py
[2022-02-21 23:53:27,828] {processor.py:642} INFO - Processing file /opt/airflow/dags/execute_bi_load.py for tasks to queue
[2022-02-21 23:53:27,834] {logging_mixin.py:109} INFO - [2022-02-21 23:53:27,833] {dagbag.py:500} INFO - Filling up the DagBag from /opt/airflow/dags/execute_bi_load.py
[2022-02-21 23:53:27,907] {processor.py:654} INFO - DAG(s) dict_keys(['execute_bi_load']) retrieved from /opt/airflow/dags/execute_bi_load.py
[2022-02-21 23:53:27,974] {logging_mixin.py:109} INFO - [2022-02-21 23:53:27,973] {dag.py:2396} INFO - Sync 1 DAGs
[2022-02-21 23:53:28,019] {logging_mixin.py:109} INFO - [2022-02-21 23:53:28,019] {dag.py:2935} INFO - Setting next_dagrun for execute_bi_load to None
[2022-02-21 23:53:28,034] {processor.py:171} INFO - Processing /opt/airflow/dags/execute_bi_load.py took 0.238 seconds
[2022-02-21 23:53:58,256] {processor.py:163} INFO - Started process (PID=397) to work on /opt/airflow/dags/execute_bi_load.py
[2022-02-21 23:53:58,259] {processor.py:642} INFO - Processing file /opt/airflow/dags/execute_bi_load.py for tasks to queue
[2022-02-21 23:53:58,263] {logging_mixin.py:109} INFO - [2022-02-21 23:53:58,263] {dagbag.py:500} INFO - Filling up the DagBag from /opt/airflow/dags/execute_bi_load.py
[2022-02-21 23:53:58,327] {processor.py:654} INFO - DAG(s) dict_keys(['execute_bi_load']) retrieved from /opt/airflow/dags/execute_bi_load.py
[2022-02-21 23:53:58,343] {logging_mixin.py:109} INFO - [2022-02-21 23:53:58,343] {dag.py:2396} INFO - Sync 1 DAGs
[2022-02-21 23:53:58,366] {logging_mixin.py:109} INFO - [2022-02-21 23:53:58,366] {dag.py:2935} INFO - Setting next_dagrun for execute_bi_load to None
[2022-02-21 23:53:58,390] {processor.py:171} INFO - Processing /opt/airflow/dags/execute_bi_load.py took 0.140 seconds
[2022-02-21 23:54:29,012] {processor.py:163} INFO - Started process (PID=450) to work on /opt/airflow/dags/execute_bi_load.py
[2022-02-21 23:54:29,014] {processor.py:642} INFO - Processing file /opt/airflow/dags/execute_bi_load.py for tasks to queue
[2022-02-21 23:54:29,016] {logging_mixin.py:109} INFO - [2022-02-21 23:54:29,015] {dagbag.py:500} INFO - Filling up the DagBag from /opt/airflow/dags/execute_bi_load.py
[2022-02-21 23:54:29,084] {processor.py:654} INFO - DAG(s) dict_keys(['execute_bi_load']) retrieved from /opt/airflow/dags/execute_bi_load.py
[2022-02-21 23:54:29,098] {logging_mixin.py:109} INFO - [2022-02-21 23:54:29,098] {dag.py:2396} INFO - Sync 1 DAGs
[2022-02-21 23:54:29,119] {logging_mixin.py:109} INFO - [2022-02-21 23:54:29,119] {dag.py:2935} INFO - Setting next_dagrun for execute_bi_load to None
[2022-02-21 23:54:29,129] {processor.py:171} INFO - Processing /opt/airflow/dags/execute_bi_load.py took 0.122 seconds
[2022-02-21 23:54:59,404] {processor.py:163} INFO - Started process (PID=502) to work on /opt/airflow/dags/execute_bi_load.py
[2022-02-21 23:54:59,410] {processor.py:642} INFO - Processing file /opt/airflow/dags/execute_bi_load.py for tasks to queue
[2022-02-21 23:54:59,413] {logging_mixin.py:109} INFO - [2022-02-21 23:54:59,413] {dagbag.py:500} INFO - Filling up the DagBag from /opt/airflow/dags/execute_bi_load.py
[2022-02-21 23:54:59,702] {processor.py:654} INFO - DAG(s) dict_keys(['execute_bi_load']) retrieved from /opt/airflow/dags/execute_bi_load.py
[2022-02-21 23:54:59,765] {logging_mixin.py:109} INFO - [2022-02-21 23:54:59,764] {dag.py:2396} INFO - Sync 1 DAGs
[2022-02-21 23:54:59,877] {logging_mixin.py:109} INFO - [2022-02-21 23:54:59,876] {dag.py:2935} INFO - Setting next_dagrun for execute_bi_load to None
[2022-02-21 23:54:59,922] {processor.py:171} INFO - Processing /opt/airflow/dags/execute_bi_load.py took 0.532 seconds
[2022-02-21 23:55:30,462] {processor.py:163} INFO - Started process (PID=554) to work on /opt/airflow/dags/execute_bi_load.py
[2022-02-21 23:55:30,472] {processor.py:642} INFO - Processing file /opt/airflow/dags/execute_bi_load.py for tasks to queue
[2022-02-21 23:55:30,475] {logging_mixin.py:109} INFO - [2022-02-21 23:55:30,475] {dagbag.py:500} INFO - Filling up the DagBag from /opt/airflow/dags/execute_bi_load.py
[2022-02-21 23:55:30,599] {processor.py:654} INFO - DAG(s) dict_keys(['execute_bi_load']) retrieved from /opt/airflow/dags/execute_bi_load.py
[2022-02-21 23:55:30,636] {logging_mixin.py:109} INFO - [2022-02-21 23:55:30,636] {dag.py:2396} INFO - Sync 1 DAGs
[2022-02-21 23:55:30,700] {logging_mixin.py:109} INFO - [2022-02-21 23:55:30,700] {dag.py:2935} INFO - Setting next_dagrun for execute_bi_load to None
[2022-02-21 23:55:30,730] {processor.py:171} INFO - Processing /opt/airflow/dags/execute_bi_load.py took 0.271 seconds
[2022-02-21 23:56:01,020] {processor.py:163} INFO - Started process (PID=610) to work on /opt/airflow/dags/execute_bi_load.py
[2022-02-21 23:56:01,030] {processor.py:642} INFO - Processing file /opt/airflow/dags/execute_bi_load.py for tasks to queue
[2022-02-21 23:56:01,034] {logging_mixin.py:109} INFO - [2022-02-21 23:56:01,032] {dagbag.py:500} INFO - Filling up the DagBag from /opt/airflow/dags/execute_bi_load.py
[2022-02-21 23:56:01,112] {processor.py:654} INFO - DAG(s) dict_keys(['execute_bi_load']) retrieved from /opt/airflow/dags/execute_bi_load.py
[2022-02-21 23:56:01,127] {logging_mixin.py:109} INFO - [2022-02-21 23:56:01,127] {dag.py:2396} INFO - Sync 1 DAGs
[2022-02-21 23:56:01,148] {logging_mixin.py:109} INFO - [2022-02-21 23:56:01,148] {dag.py:2935} INFO - Setting next_dagrun for execute_bi_load to None
[2022-02-21 23:56:01,161] {processor.py:171} INFO - Processing /opt/airflow/dags/execute_bi_load.py took 0.154 seconds
[2022-02-21 23:56:31,308] {processor.py:163} INFO - Started process (PID=662) to work on /opt/airflow/dags/execute_bi_load.py
[2022-02-21 23:56:31,310] {processor.py:642} INFO - Processing file /opt/airflow/dags/execute_bi_load.py for tasks to queue
[2022-02-21 23:56:31,323] {logging_mixin.py:109} INFO - [2022-02-21 23:56:31,323] {dagbag.py:500} INFO - Filling up the DagBag from /opt/airflow/dags/execute_bi_load.py
[2022-02-21 23:56:31,382] {processor.py:654} INFO - DAG(s) dict_keys(['execute_bi_load']) retrieved from /opt/airflow/dags/execute_bi_load.py
[2022-02-21 23:56:31,413] {logging_mixin.py:109} INFO - [2022-02-21 23:56:31,412] {dag.py:2396} INFO - Sync 1 DAGs
[2022-02-21 23:56:31,458] {logging_mixin.py:109} INFO - [2022-02-21 23:56:31,458] {dag.py:2935} INFO - Setting next_dagrun for execute_bi_load to None
[2022-02-21 23:56:31,470] {processor.py:171} INFO - Processing /opt/airflow/dags/execute_bi_load.py took 0.178 seconds
[2022-02-21 23:56:32,040] {processor.py:163} INFO - Started process (PID=666) to work on /opt/airflow/dags/execute_bi_load.py
[2022-02-21 23:56:32,065] {processor.py:642} INFO - Processing file /opt/airflow/dags/execute_bi_load.py for tasks to queue
[2022-02-21 23:56:32,086] {logging_mixin.py:109} INFO - [2022-02-21 23:56:32,086] {dagbag.py:500} INFO - Filling up the DagBag from /opt/airflow/dags/execute_bi_load.py
[2022-02-21 23:56:32,173] {processor.py:654} INFO - DAG(s) dict_keys(['execute_bi_load']) retrieved from /opt/airflow/dags/execute_bi_load.py
[2022-02-21 23:56:32,196] {logging_mixin.py:109} INFO - [2022-02-21 23:56:32,195] {dag.py:2396} INFO - Sync 1 DAGs
[2022-02-21 23:56:32,218] {logging_mixin.py:109} INFO - [2022-02-21 23:56:32,218] {dag.py:2935} INFO - Setting next_dagrun for execute_bi_load to None
[2022-02-21 23:56:32,248] {processor.py:171} INFO - Processing /opt/airflow/dags/execute_bi_load.py took 0.215 seconds
[2022-02-21 23:57:03,246] {processor.py:163} INFO - Started process (PID=727) to work on /opt/airflow/dags/execute_bi_load.py
[2022-02-21 23:57:03,251] {processor.py:642} INFO - Processing file /opt/airflow/dags/execute_bi_load.py for tasks to queue
[2022-02-21 23:57:03,255] {logging_mixin.py:109} INFO - [2022-02-21 23:57:03,254] {dagbag.py:500} INFO - Filling up the DagBag from /opt/airflow/dags/execute_bi_load.py
[2022-02-21 23:57:03,328] {processor.py:654} INFO - DAG(s) dict_keys(['execute_bi_load']) retrieved from /opt/airflow/dags/execute_bi_load.py
[2022-02-21 23:57:03,357] {logging_mixin.py:109} INFO - [2022-02-21 23:57:03,357] {dag.py:2396} INFO - Sync 1 DAGs
[2022-02-21 23:57:03,386] {logging_mixin.py:109} INFO - [2022-02-21 23:57:03,386] {dag.py:2935} INFO - Setting next_dagrun for execute_bi_load to None
[2022-02-21 23:57:03,411] {processor.py:171} INFO - Processing /opt/airflow/dags/execute_bi_load.py took 0.174 seconds
[2022-02-21 23:57:33,905] {processor.py:163} INFO - Started process (PID=771) to work on /opt/airflow/dags/execute_bi_load.py
[2022-02-21 23:57:33,909] {processor.py:642} INFO - Processing file /opt/airflow/dags/execute_bi_load.py for tasks to queue
[2022-02-21 23:57:33,914] {logging_mixin.py:109} INFO - [2022-02-21 23:57:33,914] {dagbag.py:500} INFO - Filling up the DagBag from /opt/airflow/dags/execute_bi_load.py
[2022-02-21 23:57:34,108] {processor.py:654} INFO - DAG(s) dict_keys(['execute_bi_load']) retrieved from /opt/airflow/dags/execute_bi_load.py
[2022-02-21 23:57:34,135] {logging_mixin.py:109} INFO - [2022-02-21 23:57:34,135] {dag.py:2396} INFO - Sync 1 DAGs
[2022-02-21 23:57:34,170] {logging_mixin.py:109} INFO - [2022-02-21 23:57:34,169] {dag.py:2935} INFO - Setting next_dagrun for execute_bi_load to None
[2022-02-21 23:57:34,192] {processor.py:171} INFO - Processing /opt/airflow/dags/execute_bi_load.py took 0.291 seconds
[2022-02-21 23:58:05,087] {processor.py:163} INFO - Started process (PID=825) to work on /opt/airflow/dags/execute_bi_load.py
[2022-02-21 23:58:05,091] {processor.py:642} INFO - Processing file /opt/airflow/dags/execute_bi_load.py for tasks to queue
[2022-02-21 23:58:05,093] {logging_mixin.py:109} INFO - [2022-02-21 23:58:05,093] {dagbag.py:500} INFO - Filling up the DagBag from /opt/airflow/dags/execute_bi_load.py
[2022-02-21 23:58:05,248] {processor.py:654} INFO - DAG(s) dict_keys(['execute_bi_load']) retrieved from /opt/airflow/dags/execute_bi_load.py
[2022-02-21 23:58:05,312] {logging_mixin.py:109} INFO - [2022-02-21 23:58:05,312] {dag.py:2396} INFO - Sync 1 DAGs
[2022-02-21 23:58:05,409] {logging_mixin.py:109} INFO - [2022-02-21 23:58:05,409] {dag.py:2935} INFO - Setting next_dagrun for execute_bi_load to None
[2022-02-21 23:58:05,457] {processor.py:171} INFO - Processing /opt/airflow/dags/execute_bi_load.py took 0.382 seconds
[2022-02-21 23:58:36,090] {processor.py:163} INFO - Started process (PID=880) to work on /opt/airflow/dags/execute_bi_load.py
[2022-02-21 23:58:36,106] {processor.py:642} INFO - Processing file /opt/airflow/dags/execute_bi_load.py for tasks to queue
[2022-02-21 23:58:36,117] {logging_mixin.py:109} INFO - [2022-02-21 23:58:36,116] {dagbag.py:500} INFO - Filling up the DagBag from /opt/airflow/dags/execute_bi_load.py
[2022-02-21 23:58:36,574] {processor.py:654} INFO - DAG(s) dict_keys(['execute_bi_load']) retrieved from /opt/airflow/dags/execute_bi_load.py
[2022-02-21 23:58:36,647] {logging_mixin.py:109} INFO - [2022-02-21 23:58:36,647] {dag.py:2396} INFO - Sync 1 DAGs
[2022-02-21 23:58:36,768] {logging_mixin.py:109} INFO - [2022-02-21 23:58:36,767] {dag.py:2935} INFO - Setting next_dagrun for execute_bi_load to None
[2022-02-21 23:58:36,819] {processor.py:171} INFO - Processing /opt/airflow/dags/execute_bi_load.py took 0.744 seconds
[2022-02-21 23:59:06,960] {processor.py:163} INFO - Started process (PID=934) to work on /opt/airflow/dags/execute_bi_load.py
[2022-02-21 23:59:06,963] {processor.py:642} INFO - Processing file /opt/airflow/dags/execute_bi_load.py for tasks to queue
[2022-02-21 23:59:06,970] {logging_mixin.py:109} INFO - [2022-02-21 23:59:06,970] {dagbag.py:500} INFO - Filling up the DagBag from /opt/airflow/dags/execute_bi_load.py
[2022-02-21 23:59:07,053] {processor.py:654} INFO - DAG(s) dict_keys(['execute_bi_load']) retrieved from /opt/airflow/dags/execute_bi_load.py
[2022-02-21 23:59:07,073] {logging_mixin.py:109} INFO - [2022-02-21 23:59:07,073] {dag.py:2396} INFO - Sync 1 DAGs
[2022-02-21 23:59:07,099] {logging_mixin.py:109} INFO - [2022-02-21 23:59:07,099] {dag.py:2935} INFO - Setting next_dagrun for execute_bi_load to None
[2022-02-21 23:59:07,155] {processor.py:171} INFO - Processing /opt/airflow/dags/execute_bi_load.py took 0.209 seconds
[2022-02-21 23:59:37,425] {processor.py:163} INFO - Started process (PID=996) to work on /opt/airflow/dags/execute_bi_load.py
[2022-02-21 23:59:37,435] {processor.py:642} INFO - Processing file /opt/airflow/dags/execute_bi_load.py for tasks to queue
[2022-02-21 23:59:37,441] {logging_mixin.py:109} INFO - [2022-02-21 23:59:37,440] {dagbag.py:500} INFO - Filling up the DagBag from /opt/airflow/dags/execute_bi_load.py
[2022-02-21 23:59:37,527] {processor.py:654} INFO - DAG(s) dict_keys(['execute_bi_load']) retrieved from /opt/airflow/dags/execute_bi_load.py
[2022-02-21 23:59:37,542] {logging_mixin.py:109} INFO - [2022-02-21 23:59:37,542] {dag.py:2396} INFO - Sync 1 DAGs
[2022-02-21 23:59:37,561] {logging_mixin.py:109} INFO - [2022-02-21 23:59:37,561] {dag.py:2935} INFO - Setting next_dagrun for execute_bi_load to None
[2022-02-21 23:59:37,573] {processor.py:171} INFO - Processing /opt/airflow/dags/execute_bi_load.py took 0.159 seconds
