[2022-02-21 23:50:29,529] {processor.py:163} INFO - Started process (PID=97) to work on /opt/airflow/dags/staging_to_dw.py
[2022-02-21 23:50:29,548] {processor.py:642} INFO - Processing file /opt/airflow/dags/staging_to_dw.py for tasks to queue
[2022-02-21 23:50:29,560] {logging_mixin.py:109} INFO - [2022-02-21 23:50:29,559] {dagbag.py:500} INFO - Filling up the DagBag from /opt/airflow/dags/staging_to_dw.py
[2022-02-21 23:50:29,888] {processor.py:654} INFO - DAG(s) dict_keys(['staging_to_dw']) retrieved from /opt/airflow/dags/staging_to_dw.py
[2022-02-21 23:50:34,173] {logging_mixin.py:109} INFO - [2022-02-21 23:50:34,172] {dag.py:2396} INFO - Sync 1 DAGs
[2022-02-21 23:50:34,298] {logging_mixin.py:109} INFO - [2022-02-21 23:50:34,297] {dag.py:2935} INFO - Setting next_dagrun for staging_to_dw to 2022-02-21T00:00:00+00:00
[2022-02-21 23:50:34,409] {processor.py:171} INFO - Processing /opt/airflow/dags/staging_to_dw.py took 4.929 seconds
[2022-02-21 23:51:23,990] {processor.py:163} INFO - Started process (PID=146) to work on /opt/airflow/dags/staging_to_dw.py
[2022-02-21 23:51:24,018] {processor.py:642} INFO - Processing file /opt/airflow/dags/staging_to_dw.py for tasks to queue
[2022-02-21 23:51:24,020] {logging_mixin.py:109} INFO - [2022-02-21 23:51:24,020] {dagbag.py:500} INFO - Filling up the DagBag from /opt/airflow/dags/staging_to_dw.py
[2022-02-21 23:51:24,463] {processor.py:654} INFO - DAG(s) dict_keys(['staging_to_dw']) retrieved from /opt/airflow/dags/staging_to_dw.py
[2022-02-21 23:51:24,574] {logging_mixin.py:109} INFO - [2022-02-21 23:51:24,574] {dag.py:2396} INFO - Sync 1 DAGs
[2022-02-21 23:51:24,798] {logging_mixin.py:109} INFO - [2022-02-21 23:51:24,798] {dag.py:2935} INFO - Setting next_dagrun for staging_to_dw to 2022-02-21T00:00:00+00:00
[2022-02-21 23:51:25,162] {processor.py:171} INFO - Processing /opt/airflow/dags/staging_to_dw.py took 1.264 seconds
[2022-02-21 23:51:58,402] {processor.py:163} INFO - Started process (PID=192) to work on /opt/airflow/dags/staging_to_dw.py
[2022-02-21 23:51:58,419] {processor.py:642} INFO - Processing file /opt/airflow/dags/staging_to_dw.py for tasks to queue
[2022-02-21 23:51:58,449] {logging_mixin.py:109} INFO - [2022-02-21 23:51:58,449] {dagbag.py:500} INFO - Filling up the DagBag from /opt/airflow/dags/staging_to_dw.py
[2022-02-21 23:51:59,144] {processor.py:654} INFO - DAG(s) dict_keys(['staging_to_dw']) retrieved from /opt/airflow/dags/staging_to_dw.py
[2022-02-21 23:51:59,330] {logging_mixin.py:109} INFO - [2022-02-21 23:51:59,330] {dag.py:2396} INFO - Sync 1 DAGs
[2022-02-21 23:51:59,511] {logging_mixin.py:109} INFO - [2022-02-21 23:51:59,510] {dag.py:2935} INFO - Setting next_dagrun for staging_to_dw to 2022-02-21T00:00:00+00:00
[2022-02-21 23:51:59,581] {processor.py:171} INFO - Processing /opt/airflow/dags/staging_to_dw.py took 1.210 seconds
[2022-02-21 23:52:30,010] {processor.py:163} INFO - Started process (PID=246) to work on /opt/airflow/dags/staging_to_dw.py
[2022-02-21 23:52:30,013] {processor.py:642} INFO - Processing file /opt/airflow/dags/staging_to_dw.py for tasks to queue
[2022-02-21 23:52:30,014] {logging_mixin.py:109} INFO - [2022-02-21 23:52:30,014] {dagbag.py:500} INFO - Filling up the DagBag from /opt/airflow/dags/staging_to_dw.py
[2022-02-21 23:52:30,097] {processor.py:654} INFO - DAG(s) dict_keys(['staging_to_dw']) retrieved from /opt/airflow/dags/staging_to_dw.py
[2022-02-21 23:52:30,124] {logging_mixin.py:109} INFO - [2022-02-21 23:52:30,124] {dag.py:2396} INFO - Sync 1 DAGs
[2022-02-21 23:52:30,152] {logging_mixin.py:109} INFO - [2022-02-21 23:52:30,152] {dag.py:2935} INFO - Setting next_dagrun for staging_to_dw to 2022-02-21T00:00:00+00:00
[2022-02-21 23:52:30,179] {processor.py:171} INFO - Processing /opt/airflow/dags/staging_to_dw.py took 0.176 seconds
[2022-02-21 23:53:00,289] {processor.py:163} INFO - Started process (PID=298) to work on /opt/airflow/dags/staging_to_dw.py
[2022-02-21 23:53:00,301] {processor.py:642} INFO - Processing file /opt/airflow/dags/staging_to_dw.py for tasks to queue
[2022-02-21 23:53:00,303] {logging_mixin.py:109} INFO - [2022-02-21 23:53:00,303] {dagbag.py:500} INFO - Filling up the DagBag from /opt/airflow/dags/staging_to_dw.py
[2022-02-21 23:53:00,427] {processor.py:654} INFO - DAG(s) dict_keys(['staging_to_dw']) retrieved from /opt/airflow/dags/staging_to_dw.py
[2022-02-21 23:53:00,484] {logging_mixin.py:109} INFO - [2022-02-21 23:53:00,484] {dag.py:2396} INFO - Sync 1 DAGs
[2022-02-21 23:53:00,547] {logging_mixin.py:109} INFO - [2022-02-21 23:53:00,547] {dag.py:2935} INFO - Setting next_dagrun for staging_to_dw to 2022-02-21T00:00:00+00:00
[2022-02-21 23:53:00,564] {processor.py:171} INFO - Processing /opt/airflow/dags/staging_to_dw.py took 0.291 seconds
[2022-02-21 23:53:31,247] {processor.py:163} INFO - Started process (PID=351) to work on /opt/airflow/dags/staging_to_dw.py
[2022-02-21 23:53:31,251] {processor.py:642} INFO - Processing file /opt/airflow/dags/staging_to_dw.py for tasks to queue
[2022-02-21 23:53:31,253] {logging_mixin.py:109} INFO - [2022-02-21 23:53:31,253] {dagbag.py:500} INFO - Filling up the DagBag from /opt/airflow/dags/staging_to_dw.py
[2022-02-21 23:53:31,311] {processor.py:654} INFO - DAG(s) dict_keys(['staging_to_dw']) retrieved from /opt/airflow/dags/staging_to_dw.py
[2022-02-21 23:53:31,328] {logging_mixin.py:109} INFO - [2022-02-21 23:53:31,328] {dag.py:2396} INFO - Sync 1 DAGs
[2022-02-21 23:53:31,392] {logging_mixin.py:109} INFO - [2022-02-21 23:53:31,392] {dag.py:2935} INFO - Setting next_dagrun for staging_to_dw to 2022-02-21T00:00:00+00:00
[2022-02-21 23:53:31,425] {processor.py:171} INFO - Processing /opt/airflow/dags/staging_to_dw.py took 0.183 seconds
[2022-02-21 23:54:01,946] {processor.py:163} INFO - Started process (PID=415) to work on /opt/airflow/dags/staging_to_dw.py
[2022-02-21 23:54:01,959] {processor.py:642} INFO - Processing file /opt/airflow/dags/staging_to_dw.py for tasks to queue
[2022-02-21 23:54:01,987] {logging_mixin.py:109} INFO - [2022-02-21 23:54:01,987] {dagbag.py:500} INFO - Filling up the DagBag from /opt/airflow/dags/staging_to_dw.py
[2022-02-21 23:54:02,508] {processor.py:654} INFO - DAG(s) dict_keys(['staging_to_dw']) retrieved from /opt/airflow/dags/staging_to_dw.py
[2022-02-21 23:54:02,659] {logging_mixin.py:109} INFO - [2022-02-21 23:54:02,658] {dag.py:2396} INFO - Sync 1 DAGs
[2022-02-21 23:54:02,871] {logging_mixin.py:109} INFO - [2022-02-21 23:54:02,871] {dag.py:2935} INFO - Setting next_dagrun for staging_to_dw to 2022-02-21T00:00:00+00:00
[2022-02-21 23:54:02,940] {processor.py:171} INFO - Processing /opt/airflow/dags/staging_to_dw.py took 1.014 seconds
[2022-02-21 23:54:33,424] {processor.py:163} INFO - Started process (PID=467) to work on /opt/airflow/dags/staging_to_dw.py
[2022-02-21 23:54:33,434] {processor.py:642} INFO - Processing file /opt/airflow/dags/staging_to_dw.py for tasks to queue
[2022-02-21 23:54:33,440] {logging_mixin.py:109} INFO - [2022-02-21 23:54:33,439] {dagbag.py:500} INFO - Filling up the DagBag from /opt/airflow/dags/staging_to_dw.py
[2022-02-21 23:54:33,579] {processor.py:654} INFO - DAG(s) dict_keys(['staging_to_dw']) retrieved from /opt/airflow/dags/staging_to_dw.py
[2022-02-21 23:54:33,623] {logging_mixin.py:109} INFO - [2022-02-21 23:54:33,623] {dag.py:2396} INFO - Sync 1 DAGs
[2022-02-21 23:54:33,784] {logging_mixin.py:109} INFO - [2022-02-21 23:54:33,784] {dag.py:2935} INFO - Setting next_dagrun for staging_to_dw to 2022-02-21T00:00:00+00:00
[2022-02-21 23:54:33,820] {processor.py:171} INFO - Processing /opt/airflow/dags/staging_to_dw.py took 0.404 seconds
[2022-02-21 23:55:04,166] {processor.py:163} INFO - Started process (PID=519) to work on /opt/airflow/dags/staging_to_dw.py
[2022-02-21 23:55:04,183] {processor.py:642} INFO - Processing file /opt/airflow/dags/staging_to_dw.py for tasks to queue
[2022-02-21 23:55:04,202] {logging_mixin.py:109} INFO - [2022-02-21 23:55:04,201] {dagbag.py:500} INFO - Filling up the DagBag from /opt/airflow/dags/staging_to_dw.py
[2022-02-21 23:55:04,308] {processor.py:654} INFO - DAG(s) dict_keys(['staging_to_dw']) retrieved from /opt/airflow/dags/staging_to_dw.py
[2022-02-21 23:55:04,334] {logging_mixin.py:109} INFO - [2022-02-21 23:55:04,334] {dag.py:2396} INFO - Sync 1 DAGs
[2022-02-21 23:55:04,431] {logging_mixin.py:109} INFO - [2022-02-21 23:55:04,431] {dag.py:2935} INFO - Setting next_dagrun for staging_to_dw to 2022-02-21T00:00:00+00:00
[2022-02-21 23:55:04,483] {processor.py:171} INFO - Processing /opt/airflow/dags/staging_to_dw.py took 0.329 seconds
[2022-02-21 23:55:34,950] {processor.py:163} INFO - Started process (PID=572) to work on /opt/airflow/dags/staging_to_dw.py
[2022-02-21 23:55:34,956] {processor.py:642} INFO - Processing file /opt/airflow/dags/staging_to_dw.py for tasks to queue
[2022-02-21 23:55:34,961] {logging_mixin.py:109} INFO - [2022-02-21 23:55:34,960] {dagbag.py:500} INFO - Filling up the DagBag from /opt/airflow/dags/staging_to_dw.py
[2022-02-21 23:55:35,058] {processor.py:654} INFO - DAG(s) dict_keys(['staging_to_dw']) retrieved from /opt/airflow/dags/staging_to_dw.py
[2022-02-21 23:55:35,130] {logging_mixin.py:109} INFO - [2022-02-21 23:55:35,129] {dag.py:2396} INFO - Sync 1 DAGs
[2022-02-21 23:55:35,318] {logging_mixin.py:109} INFO - [2022-02-21 23:55:35,317] {dag.py:2935} INFO - Setting next_dagrun for staging_to_dw to 2022-02-21T00:00:00+00:00
[2022-02-21 23:55:35,376] {processor.py:171} INFO - Processing /opt/airflow/dags/staging_to_dw.py took 0.442 seconds
[2022-02-21 23:56:05,673] {processor.py:163} INFO - Started process (PID=626) to work on /opt/airflow/dags/staging_to_dw.py
[2022-02-21 23:56:05,678] {processor.py:642} INFO - Processing file /opt/airflow/dags/staging_to_dw.py for tasks to queue
[2022-02-21 23:56:05,681] {logging_mixin.py:109} INFO - [2022-02-21 23:56:05,681] {dagbag.py:500} INFO - Filling up the DagBag from /opt/airflow/dags/staging_to_dw.py
[2022-02-21 23:56:05,738] {processor.py:654} INFO - DAG(s) dict_keys(['staging_to_dw']) retrieved from /opt/airflow/dags/staging_to_dw.py
[2022-02-21 23:56:05,791] {logging_mixin.py:109} INFO - [2022-02-21 23:56:05,790] {dag.py:2396} INFO - Sync 1 DAGs
[2022-02-21 23:56:05,846] {logging_mixin.py:109} INFO - [2022-02-21 23:56:05,846] {dag.py:2935} INFO - Setting next_dagrun for staging_to_dw to 2022-02-21T00:00:00+00:00
[2022-02-21 23:56:05,869] {processor.py:171} INFO - Processing /opt/airflow/dags/staging_to_dw.py took 0.213 seconds
[2022-02-21 23:56:36,366] {processor.py:163} INFO - Started process (PID=680) to work on /opt/airflow/dags/staging_to_dw.py
[2022-02-21 23:56:36,379] {processor.py:642} INFO - Processing file /opt/airflow/dags/staging_to_dw.py for tasks to queue
[2022-02-21 23:56:36,382] {logging_mixin.py:109} INFO - [2022-02-21 23:56:36,382] {dagbag.py:500} INFO - Filling up the DagBag from /opt/airflow/dags/staging_to_dw.py
[2022-02-21 23:56:36,469] {processor.py:654} INFO - DAG(s) dict_keys(['staging_to_dw']) retrieved from /opt/airflow/dags/staging_to_dw.py
[2022-02-21 23:56:36,507] {logging_mixin.py:109} INFO - [2022-02-21 23:56:36,507] {dag.py:2396} INFO - Sync 1 DAGs
[2022-02-21 23:56:36,551] {logging_mixin.py:109} INFO - [2022-02-21 23:56:36,551] {dag.py:2935} INFO - Setting next_dagrun for staging_to_dw to 2022-02-21T00:00:00+00:00
[2022-02-21 23:56:36,573] {processor.py:171} INFO - Processing /opt/airflow/dags/staging_to_dw.py took 0.218 seconds
[2022-02-21 23:57:07,542] {processor.py:163} INFO - Started process (PID=734) to work on /opt/airflow/dags/staging_to_dw.py
[2022-02-21 23:57:07,547] {processor.py:642} INFO - Processing file /opt/airflow/dags/staging_to_dw.py for tasks to queue
[2022-02-21 23:57:07,557] {logging_mixin.py:109} INFO - [2022-02-21 23:57:07,557] {dagbag.py:500} INFO - Filling up the DagBag from /opt/airflow/dags/staging_to_dw.py
[2022-02-21 23:57:07,773] {processor.py:654} INFO - DAG(s) dict_keys(['staging_to_dw']) retrieved from /opt/airflow/dags/staging_to_dw.py
[2022-02-21 23:57:07,801] {logging_mixin.py:109} INFO - [2022-02-21 23:57:07,801] {dag.py:2396} INFO - Sync 1 DAGs
[2022-02-21 23:57:07,832] {logging_mixin.py:109} INFO - [2022-02-21 23:57:07,832] {dag.py:2935} INFO - Setting next_dagrun for staging_to_dw to 2022-02-21T00:00:00+00:00
[2022-02-21 23:57:07,889] {processor.py:171} INFO - Processing /opt/airflow/dags/staging_to_dw.py took 0.361 seconds
[2022-02-21 23:57:38,155] {processor.py:163} INFO - Started process (PID=779) to work on /opt/airflow/dags/staging_to_dw.py
[2022-02-21 23:57:38,166] {processor.py:642} INFO - Processing file /opt/airflow/dags/staging_to_dw.py for tasks to queue
[2022-02-21 23:57:38,170] {logging_mixin.py:109} INFO - [2022-02-21 23:57:38,169] {dagbag.py:500} INFO - Filling up the DagBag from /opt/airflow/dags/staging_to_dw.py
[2022-02-21 23:57:38,356] {processor.py:654} INFO - DAG(s) dict_keys(['staging_to_dw']) retrieved from /opt/airflow/dags/staging_to_dw.py
[2022-02-21 23:57:38,409] {logging_mixin.py:109} INFO - [2022-02-21 23:57:38,409] {dag.py:2396} INFO - Sync 1 DAGs
[2022-02-21 23:57:38,448] {logging_mixin.py:109} INFO - [2022-02-21 23:57:38,448] {dag.py:2935} INFO - Setting next_dagrun for staging_to_dw to 2022-02-21T00:00:00+00:00
[2022-02-21 23:57:38,463] {processor.py:171} INFO - Processing /opt/airflow/dags/staging_to_dw.py took 0.344 seconds
[2022-02-21 23:58:08,884] {processor.py:163} INFO - Started process (PID=833) to work on /opt/airflow/dags/staging_to_dw.py
[2022-02-21 23:58:08,890] {processor.py:642} INFO - Processing file /opt/airflow/dags/staging_to_dw.py for tasks to queue
[2022-02-21 23:58:08,897] {logging_mixin.py:109} INFO - [2022-02-21 23:58:08,894] {dagbag.py:500} INFO - Filling up the DagBag from /opt/airflow/dags/staging_to_dw.py
[2022-02-21 23:58:09,010] {processor.py:654} INFO - DAG(s) dict_keys(['staging_to_dw']) retrieved from /opt/airflow/dags/staging_to_dw.py
[2022-02-21 23:58:09,071] {logging_mixin.py:109} INFO - [2022-02-21 23:58:09,071] {dag.py:2396} INFO - Sync 1 DAGs
[2022-02-21 23:58:09,130] {logging_mixin.py:109} INFO - [2022-02-21 23:58:09,130] {dag.py:2935} INFO - Setting next_dagrun for staging_to_dw to 2022-02-21T00:00:00+00:00
[2022-02-21 23:58:09,159] {processor.py:171} INFO - Processing /opt/airflow/dags/staging_to_dw.py took 0.331 seconds
[2022-02-21 23:58:39,955] {processor.py:163} INFO - Started process (PID=896) to work on /opt/airflow/dags/staging_to_dw.py
[2022-02-21 23:58:39,964] {processor.py:642} INFO - Processing file /opt/airflow/dags/staging_to_dw.py for tasks to queue
[2022-02-21 23:58:39,967] {logging_mixin.py:109} INFO - [2022-02-21 23:58:39,967] {dagbag.py:500} INFO - Filling up the DagBag from /opt/airflow/dags/staging_to_dw.py
[2022-02-21 23:58:40,034] {processor.py:654} INFO - DAG(s) dict_keys(['staging_to_dw']) retrieved from /opt/airflow/dags/staging_to_dw.py
[2022-02-21 23:58:40,069] {logging_mixin.py:109} INFO - [2022-02-21 23:58:40,068] {dag.py:2396} INFO - Sync 1 DAGs
[2022-02-21 23:58:40,116] {logging_mixin.py:109} INFO - [2022-02-21 23:58:40,116] {dag.py:2935} INFO - Setting next_dagrun for staging_to_dw to 2022-02-21T00:00:00+00:00
[2022-02-21 23:58:40,143] {processor.py:171} INFO - Processing /opt/airflow/dags/staging_to_dw.py took 0.192 seconds
[2022-02-21 23:59:10,387] {processor.py:163} INFO - Started process (PID=950) to work on /opt/airflow/dags/staging_to_dw.py
[2022-02-21 23:59:10,394] {processor.py:642} INFO - Processing file /opt/airflow/dags/staging_to_dw.py for tasks to queue
[2022-02-21 23:59:10,398] {logging_mixin.py:109} INFO - [2022-02-21 23:59:10,397] {dagbag.py:500} INFO - Filling up the DagBag from /opt/airflow/dags/staging_to_dw.py
[2022-02-21 23:59:10,458] {processor.py:654} INFO - DAG(s) dict_keys(['staging_to_dw']) retrieved from /opt/airflow/dags/staging_to_dw.py
[2022-02-21 23:59:10,491] {logging_mixin.py:109} INFO - [2022-02-21 23:59:10,490] {dag.py:2396} INFO - Sync 1 DAGs
[2022-02-21 23:59:10,536] {logging_mixin.py:109} INFO - [2022-02-21 23:59:10,536] {dag.py:2935} INFO - Setting next_dagrun for staging_to_dw to 2022-02-21T00:00:00+00:00
[2022-02-21 23:59:10,562] {processor.py:171} INFO - Processing /opt/airflow/dags/staging_to_dw.py took 0.196 seconds
[2022-02-21 23:59:40,983] {processor.py:163} INFO - Started process (PID=1003) to work on /opt/airflow/dags/staging_to_dw.py
[2022-02-21 23:59:40,990] {processor.py:642} INFO - Processing file /opt/airflow/dags/staging_to_dw.py for tasks to queue
[2022-02-21 23:59:40,992] {logging_mixin.py:109} INFO - [2022-02-21 23:59:40,992] {dagbag.py:500} INFO - Filling up the DagBag from /opt/airflow/dags/staging_to_dw.py
[2022-02-21 23:59:41,128] {processor.py:654} INFO - DAG(s) dict_keys(['staging_to_dw']) retrieved from /opt/airflow/dags/staging_to_dw.py
[2022-02-21 23:59:41,158] {logging_mixin.py:109} INFO - [2022-02-21 23:59:41,158] {dag.py:2396} INFO - Sync 1 DAGs
[2022-02-21 23:59:41,196] {logging_mixin.py:109} INFO - [2022-02-21 23:59:41,196] {dag.py:2935} INFO - Setting next_dagrun for staging_to_dw to 2022-02-21T00:00:00+00:00
[2022-02-21 23:59:41,214] {processor.py:171} INFO - Processing /opt/airflow/dags/staging_to_dw.py took 0.239 seconds
