[2022-02-21 23:57:32,235] {taskinstance.py:1032} INFO - Dependencies all met for <TaskInstance: execute_bi_load.staging_to_dw manual__2022-02-21T23:57:24.986641+00:00 [queued]>
[2022-02-21 23:57:32,276] {taskinstance.py:1032} INFO - Dependencies all met for <TaskInstance: execute_bi_load.staging_to_dw manual__2022-02-21T23:57:24.986641+00:00 [queued]>
[2022-02-21 23:57:32,277] {taskinstance.py:1238} INFO - 
--------------------------------------------------------------------------------
[2022-02-21 23:57:32,279] {taskinstance.py:1239} INFO - Starting attempt 1 of 1
[2022-02-21 23:57:32,281] {taskinstance.py:1240} INFO - 
--------------------------------------------------------------------------------
[2022-02-21 23:57:32,325] {taskinstance.py:1259} INFO - Executing <Task(BashOperator): staging_to_dw> on 2022-02-21 23:57:24.986641+00:00
[2022-02-21 23:57:32,344] {standard_task_runner.py:52} INFO - Started process 385 to run task
[2022-02-21 23:57:32,392] {standard_task_runner.py:76} INFO - Running: ['***', 'tasks', 'run', 'execute_bi_load', 'staging_to_dw', 'manual__2022-02-21T23:57:24.986641+00:00', '--job-id', '62', '--raw', '--subdir', 'DAGS_FOLDER/execute_bi_load.py', '--cfg-path', '/tmp/tmpaildevj_', '--error-file', '/tmp/tmpsrbs9vgy']
[2022-02-21 23:57:32,395] {standard_task_runner.py:77} INFO - Job 62: Subtask staging_to_dw
[2022-02-21 23:57:32,551] {logging_mixin.py:109} INFO - Running <TaskInstance: execute_bi_load.staging_to_dw manual__2022-02-21T23:57:24.986641+00:00 [running]> on host f20dafecb7fa
[2022-02-21 23:57:32,743] {taskinstance.py:1426} INFO - Exporting the following env vars:
AIRFLOW_CTX_DAG_OWNER=***
AIRFLOW_CTX_DAG_ID=execute_bi_load
AIRFLOW_CTX_TASK_ID=staging_to_dw
AIRFLOW_CTX_EXECUTION_DATE=2022-02-21T23:57:24.986641+00:00
AIRFLOW_CTX_DAG_RUN_ID=manual__2022-02-21T23:57:24.986641+00:00
[2022-02-21 23:57:32,747] {subprocess.py:62} INFO - Tmp dir root location: 
 /tmp
[2022-02-21 23:57:32,753] {subprocess.py:74} INFO - Running command: ['bash', '-c', 'cd /opt/***/dbt && dbt run --profiles-dir .']
[2022-02-21 23:57:32,788] {subprocess.py:85} INFO - Output:
[2022-02-21 23:57:39,325] {subprocess.py:89} INFO - Running with dbt=0.21.1
[2022-02-21 23:57:42,289] {subprocess.py:89} INFO - Found 1 model, 0 tests, 0 snapshots, 0 analyses, 162 macros, 0 operations, 0 seed files, 1 source, 0 exposures
[2022-02-21 23:57:42,293] {subprocess.py:89} INFO - 
[2022-02-21 23:57:42,541] {subprocess.py:89} INFO - 23:57:42 | Concurrency: 1 threads (target='dw')
[2022-02-21 23:57:42,543] {subprocess.py:89} INFO - 23:57:42 |
[2022-02-21 23:57:42,567] {subprocess.py:89} INFO - 23:57:42 | 1 of 1 START table model public.staging_to_datawarehouse............. [RUN]
[2022-02-21 23:57:42,927] {subprocess.py:89} INFO - 23:57:42 | 1 of 1 OK created table model public.staging_to_datawarehouse........ [[32mSELECT 0[0m in 0.35s]
[2022-02-21 23:57:42,997] {subprocess.py:89} INFO - 23:57:42 |
[2022-02-21 23:57:43,000] {subprocess.py:89} INFO - 23:57:42 | Finished running 1 table model in 0.70s.
[2022-02-21 23:57:43,021] {subprocess.py:89} INFO - 
[2022-02-21 23:57:43,023] {subprocess.py:89} INFO - [32mCompleted successfully[0m
[2022-02-21 23:57:43,026] {subprocess.py:89} INFO - 
[2022-02-21 23:57:43,028] {subprocess.py:89} INFO - Done. PASS=1 WARN=0 ERROR=0 SKIP=0 TOTAL=1
[2022-02-21 23:57:44,118] {subprocess.py:93} INFO - Command exited with return code 0
[2022-02-21 23:57:44,165] {taskinstance.py:1277} INFO - Marking task as SUCCESS. dag_id=execute_bi_load, task_id=staging_to_dw, execution_date=20220221T235724, start_date=20220221T235732, end_date=20220221T235744
[2022-02-21 23:57:44,228] {local_task_job.py:154} INFO - Task exited with return code 0
[2022-02-21 23:57:44,267] {local_task_job.py:264} INFO - 0 downstream tasks scheduled from follow-on schedule check
