[2022-02-21 23:58:08,007] {taskinstance.py:1032} INFO - Dependencies all met for <TaskInstance: execute_bi_load.staging_to_dw manual__2022-02-21T23:57:24.986641+00:00 [queued]>
[2022-02-21 23:58:08,022] {taskinstance.py:1032} INFO - Dependencies all met for <TaskInstance: execute_bi_load.staging_to_dw manual__2022-02-21T23:57:24.986641+00:00 [queued]>
[2022-02-21 23:58:08,023] {taskinstance.py:1238} INFO - 
--------------------------------------------------------------------------------
[2022-02-21 23:58:08,024] {taskinstance.py:1239} INFO - Starting attempt 2 of 2
[2022-02-21 23:58:08,025] {taskinstance.py:1240} INFO - 
--------------------------------------------------------------------------------
[2022-02-21 23:58:08,044] {taskinstance.py:1259} INFO - Executing <Task(BashOperator): staging_to_dw> on 2022-02-21 23:57:24.986641+00:00
[2022-02-21 23:58:08,051] {standard_task_runner.py:52} INFO - Started process 418 to run task
[2022-02-21 23:58:08,062] {standard_task_runner.py:76} INFO - Running: ['***', 'tasks', 'run', 'execute_bi_load', 'staging_to_dw', 'manual__2022-02-21T23:57:24.986641+00:00', '--job-id', '64', '--raw', '--subdir', 'DAGS_FOLDER/execute_bi_load.py', '--cfg-path', '/tmp/tmplr1lufs3', '--error-file', '/tmp/tmphqcjpmog']
[2022-02-21 23:58:08,064] {standard_task_runner.py:77} INFO - Job 64: Subtask staging_to_dw
[2022-02-21 23:58:08,152] {logging_mixin.py:109} INFO - Running <TaskInstance: execute_bi_load.staging_to_dw manual__2022-02-21T23:57:24.986641+00:00 [running]> on host f20dafecb7fa
[2022-02-21 23:58:08,248] {taskinstance.py:1426} INFO - Exporting the following env vars:
AIRFLOW_CTX_DAG_OWNER=***
AIRFLOW_CTX_DAG_ID=execute_bi_load
AIRFLOW_CTX_TASK_ID=staging_to_dw
AIRFLOW_CTX_EXECUTION_DATE=2022-02-21T23:57:24.986641+00:00
AIRFLOW_CTX_DAG_RUN_ID=manual__2022-02-21T23:57:24.986641+00:00
[2022-02-21 23:58:08,253] {subprocess.py:62} INFO - Tmp dir root location: 
 /tmp
[2022-02-21 23:58:08,256] {subprocess.py:74} INFO - Running command: ['bash', '-c', 'cd /opt/***/dbt && dbt run --profiles-dir .']
[2022-02-21 23:58:08,279] {subprocess.py:85} INFO - Output:
[2022-02-21 23:58:14,594] {subprocess.py:89} INFO - Running with dbt=0.21.1
[2022-02-21 23:58:17,841] {subprocess.py:89} INFO - Found 1 model, 0 tests, 0 snapshots, 0 analyses, 162 macros, 0 operations, 0 seed files, 1 source, 0 exposures
[2022-02-21 23:58:17,862] {subprocess.py:89} INFO - 
[2022-02-21 23:58:18,136] {subprocess.py:89} INFO - 23:58:18 | Concurrency: 1 threads (target='dw')
[2022-02-21 23:58:18,139] {subprocess.py:89} INFO - 23:58:18 |
[2022-02-21 23:58:18,170] {subprocess.py:89} INFO - 23:58:18 | 1 of 1 START table model public.staging_to_datawarehouse............. [RUN]
[2022-02-21 23:58:18,479] {subprocess.py:89} INFO - 23:58:18 | 1 of 1 OK created table model public.staging_to_datawarehouse........ [[32mSELECT 0[0m in 0.30s]
[2022-02-21 23:58:18,543] {subprocess.py:89} INFO - 23:58:18 |
[2022-02-21 23:58:18,547] {subprocess.py:89} INFO - 23:58:18 | Finished running 1 table model in 0.68s.
[2022-02-21 23:58:18,578] {subprocess.py:89} INFO - 
[2022-02-21 23:58:18,581] {subprocess.py:89} INFO - [32mCompleted successfully[0m
[2022-02-21 23:58:18,584] {subprocess.py:89} INFO - 
[2022-02-21 23:58:18,585] {subprocess.py:89} INFO - Done. PASS=1 WARN=0 ERROR=0 SKIP=0 TOTAL=1
[2022-02-21 23:58:19,400] {subprocess.py:93} INFO - Command exited with return code 0
[2022-02-21 23:58:19,446] {taskinstance.py:1277} INFO - Marking task as SUCCESS. dag_id=execute_bi_load, task_id=staging_to_dw, execution_date=20220221T235724, start_date=20220221T235808, end_date=20220221T235819
[2022-02-21 23:58:19,535] {local_task_job.py:154} INFO - Task exited with return code 0
[2022-02-21 23:58:19,642] {local_task_job.py:264} INFO - 0 downstream tasks scheduled from follow-on schedule check
