[2022-02-18 23:09:55,889] {processor.py:163} INFO - Started process (PID=4944) to work on /opt/airflow/dags/staging_to_dw.py
[2022-02-18 23:09:55,891] {processor.py:642} INFO - Processing file /opt/airflow/dags/staging_to_dw.py for tasks to queue
[2022-02-18 23:09:55,892] {logging_mixin.py:109} INFO - [2022-02-18 23:09:55,892] {dagbag.py:500} INFO - Filling up the DagBag from /opt/airflow/dags/staging_to_dw.py
[2022-02-18 23:09:55,924] {processor.py:654} INFO - DAG(s) dict_keys(['staging_to_dw']) retrieved from /opt/airflow/dags/staging_to_dw.py
[2022-02-18 23:09:55,937] {logging_mixin.py:109} INFO - [2022-02-18 23:09:55,937] {dag.py:2396} INFO - Sync 1 DAGs
[2022-02-18 23:09:55,958] {logging_mixin.py:109} INFO - [2022-02-18 23:09:55,958] {dag.py:2935} INFO - Setting next_dagrun for staging_to_dw to 2022-02-18T00:00:00+00:00
[2022-02-18 23:09:55,967] {processor.py:171} INFO - Processing /opt/airflow/dags/staging_to_dw.py took 0.087 seconds
[2022-02-18 23:10:26,032] {processor.py:163} INFO - Started process (PID=4996) to work on /opt/airflow/dags/staging_to_dw.py
[2022-02-18 23:10:26,039] {processor.py:642} INFO - Processing file /opt/airflow/dags/staging_to_dw.py for tasks to queue
[2022-02-18 23:10:26,042] {logging_mixin.py:109} INFO - [2022-02-18 23:10:26,042] {dagbag.py:500} INFO - Filling up the DagBag from /opt/airflow/dags/staging_to_dw.py
[2022-02-18 23:10:26,105] {processor.py:654} INFO - DAG(s) dict_keys(['staging_to_dw']) retrieved from /opt/airflow/dags/staging_to_dw.py
[2022-02-18 23:10:26,133] {logging_mixin.py:109} INFO - [2022-02-18 23:10:26,133] {dag.py:2396} INFO - Sync 1 DAGs
[2022-02-18 23:10:26,179] {logging_mixin.py:109} INFO - [2022-02-18 23:10:26,179] {dag.py:2935} INFO - Setting next_dagrun for staging_to_dw to 2022-02-18T00:00:00+00:00
[2022-02-18 23:10:26,194] {processor.py:171} INFO - Processing /opt/airflow/dags/staging_to_dw.py took 0.182 seconds
[2022-02-18 23:10:57,135] {processor.py:163} INFO - Started process (PID=5050) to work on /opt/airflow/dags/staging_to_dw.py
[2022-02-18 23:10:57,137] {processor.py:642} INFO - Processing file /opt/airflow/dags/staging_to_dw.py for tasks to queue
[2022-02-18 23:10:57,139] {logging_mixin.py:109} INFO - [2022-02-18 23:10:57,139] {dagbag.py:500} INFO - Filling up the DagBag from /opt/airflow/dags/staging_to_dw.py
[2022-02-18 23:10:57,177] {processor.py:654} INFO - DAG(s) dict_keys(['staging_to_dw']) retrieved from /opt/airflow/dags/staging_to_dw.py
[2022-02-18 23:10:57,191] {logging_mixin.py:109} INFO - [2022-02-18 23:10:57,191] {dag.py:2396} INFO - Sync 1 DAGs
[2022-02-18 23:10:57,215] {logging_mixin.py:109} INFO - [2022-02-18 23:10:57,215] {dag.py:2935} INFO - Setting next_dagrun for staging_to_dw to 2022-02-18T00:00:00+00:00
[2022-02-18 23:10:57,233] {processor.py:171} INFO - Processing /opt/airflow/dags/staging_to_dw.py took 0.104 seconds
[2022-02-18 23:11:27,411] {processor.py:163} INFO - Started process (PID=5100) to work on /opt/airflow/dags/staging_to_dw.py
[2022-02-18 23:11:27,430] {processor.py:642} INFO - Processing file /opt/airflow/dags/staging_to_dw.py for tasks to queue
[2022-02-18 23:11:27,461] {logging_mixin.py:109} INFO - [2022-02-18 23:11:27,455] {dagbag.py:500} INFO - Filling up the DagBag from /opt/airflow/dags/staging_to_dw.py
[2022-02-18 23:11:27,695] {processor.py:654} INFO - DAG(s) dict_keys(['staging_to_dw']) retrieved from /opt/airflow/dags/staging_to_dw.py
[2022-02-18 23:11:27,760] {logging_mixin.py:109} INFO - [2022-02-18 23:11:27,759] {dag.py:2396} INFO - Sync 1 DAGs
[2022-02-18 23:11:27,843] {logging_mixin.py:109} INFO - [2022-02-18 23:11:27,843] {dag.py:2935} INFO - Setting next_dagrun for staging_to_dw to 2022-02-18T00:00:00+00:00
[2022-02-18 23:11:27,880] {processor.py:171} INFO - Processing /opt/airflow/dags/staging_to_dw.py took 0.540 seconds
[2022-02-18 23:11:58,489] {processor.py:163} INFO - Started process (PID=5153) to work on /opt/airflow/dags/staging_to_dw.py
[2022-02-18 23:11:58,493] {processor.py:642} INFO - Processing file /opt/airflow/dags/staging_to_dw.py for tasks to queue
[2022-02-18 23:11:58,495] {logging_mixin.py:109} INFO - [2022-02-18 23:11:58,494] {dagbag.py:500} INFO - Filling up the DagBag from /opt/airflow/dags/staging_to_dw.py
[2022-02-18 23:11:58,588] {processor.py:654} INFO - DAG(s) dict_keys(['staging_to_dw']) retrieved from /opt/airflow/dags/staging_to_dw.py
[2022-02-18 23:11:58,630] {logging_mixin.py:109} INFO - [2022-02-18 23:11:58,629] {dag.py:2396} INFO - Sync 1 DAGs
[2022-02-18 23:11:58,696] {logging_mixin.py:109} INFO - [2022-02-18 23:11:58,696] {dag.py:2935} INFO - Setting next_dagrun for staging_to_dw to 2022-02-18T00:00:00+00:00
[2022-02-18 23:11:58,733] {processor.py:171} INFO - Processing /opt/airflow/dags/staging_to_dw.py took 0.251 seconds
[2022-02-18 23:12:29,355] {processor.py:163} INFO - Started process (PID=5207) to work on /opt/airflow/dags/staging_to_dw.py
[2022-02-18 23:12:29,361] {processor.py:642} INFO - Processing file /opt/airflow/dags/staging_to_dw.py for tasks to queue
[2022-02-18 23:12:29,363] {logging_mixin.py:109} INFO - [2022-02-18 23:12:29,363] {dagbag.py:500} INFO - Filling up the DagBag from /opt/airflow/dags/staging_to_dw.py
[2022-02-18 23:12:29,413] {processor.py:654} INFO - DAG(s) dict_keys(['staging_to_dw']) retrieved from /opt/airflow/dags/staging_to_dw.py
[2022-02-18 23:12:29,454] {logging_mixin.py:109} INFO - [2022-02-18 23:12:29,454] {dag.py:2396} INFO - Sync 1 DAGs
[2022-02-18 23:12:29,518] {logging_mixin.py:109} INFO - [2022-02-18 23:12:29,517] {dag.py:2935} INFO - Setting next_dagrun for staging_to_dw to 2022-02-18T00:00:00+00:00
[2022-02-18 23:12:29,543] {processor.py:171} INFO - Processing /opt/airflow/dags/staging_to_dw.py took 0.192 seconds
[2022-02-18 23:13:02,642] {processor.py:163} INFO - Started process (PID=5270) to work on /opt/airflow/dags/staging_to_dw.py
[2022-02-18 23:13:02,648] {processor.py:642} INFO - Processing file /opt/airflow/dags/staging_to_dw.py for tasks to queue
[2022-02-18 23:13:02,650] {logging_mixin.py:109} INFO - [2022-02-18 23:13:02,650] {dagbag.py:500} INFO - Filling up the DagBag from /opt/airflow/dags/staging_to_dw.py
[2022-02-18 23:13:02,780] {processor.py:654} INFO - DAG(s) dict_keys(['staging_to_dw']) retrieved from /opt/airflow/dags/staging_to_dw.py
[2022-02-18 23:13:02,845] {logging_mixin.py:109} INFO - [2022-02-18 23:13:02,845] {dag.py:2396} INFO - Sync 1 DAGs
[2022-02-18 23:13:02,925] {logging_mixin.py:109} INFO - [2022-02-18 23:13:02,925] {dag.py:2935} INFO - Setting next_dagrun for staging_to_dw to 2022-02-18T00:00:00+00:00
[2022-02-18 23:13:02,965] {processor.py:171} INFO - Processing /opt/airflow/dags/staging_to_dw.py took 0.330 seconds
[2022-02-18 23:13:33,264] {processor.py:163} INFO - Started process (PID=5314) to work on /opt/airflow/dags/staging_to_dw.py
[2022-02-18 23:13:33,272] {processor.py:642} INFO - Processing file /opt/airflow/dags/staging_to_dw.py for tasks to queue
[2022-02-18 23:13:33,277] {logging_mixin.py:109} INFO - [2022-02-18 23:13:33,275] {dagbag.py:500} INFO - Filling up the DagBag from /opt/airflow/dags/staging_to_dw.py
[2022-02-18 23:13:33,362] {processor.py:654} INFO - DAG(s) dict_keys(['staging_to_dw']) retrieved from /opt/airflow/dags/staging_to_dw.py
[2022-02-18 23:13:33,381] {logging_mixin.py:109} INFO - [2022-02-18 23:13:33,380] {dag.py:2396} INFO - Sync 1 DAGs
[2022-02-18 23:13:33,448] {logging_mixin.py:109} INFO - [2022-02-18 23:13:33,448] {dag.py:2935} INFO - Setting next_dagrun for staging_to_dw to 2022-02-18T00:00:00+00:00
[2022-02-18 23:13:33,481] {processor.py:171} INFO - Processing /opt/airflow/dags/staging_to_dw.py took 0.235 seconds
[2022-02-18 23:14:03,580] {processor.py:163} INFO - Started process (PID=5366) to work on /opt/airflow/dags/staging_to_dw.py
[2022-02-18 23:14:03,597] {processor.py:642} INFO - Processing file /opt/airflow/dags/staging_to_dw.py for tasks to queue
[2022-02-18 23:14:03,605] {logging_mixin.py:109} INFO - [2022-02-18 23:14:03,605] {dagbag.py:500} INFO - Filling up the DagBag from /opt/airflow/dags/staging_to_dw.py
[2022-02-18 23:14:03,658] {processor.py:654} INFO - DAG(s) dict_keys(['staging_to_dw']) retrieved from /opt/airflow/dags/staging_to_dw.py
[2022-02-18 23:14:03,675] {logging_mixin.py:109} INFO - [2022-02-18 23:14:03,675] {dag.py:2396} INFO - Sync 1 DAGs
[2022-02-18 23:14:03,724] {logging_mixin.py:109} INFO - [2022-02-18 23:14:03,724] {dag.py:2935} INFO - Setting next_dagrun for staging_to_dw to 2022-02-18T00:00:00+00:00
[2022-02-18 23:14:03,803] {processor.py:171} INFO - Processing /opt/airflow/dags/staging_to_dw.py took 0.227 seconds
[2022-02-18 23:14:33,951] {processor.py:163} INFO - Started process (PID=5418) to work on /opt/airflow/dags/staging_to_dw.py
[2022-02-18 23:14:33,957] {processor.py:642} INFO - Processing file /opt/airflow/dags/staging_to_dw.py for tasks to queue
[2022-02-18 23:14:33,959] {logging_mixin.py:109} INFO - [2022-02-18 23:14:33,959] {dagbag.py:500} INFO - Filling up the DagBag from /opt/airflow/dags/staging_to_dw.py
[2022-02-18 23:14:34,004] {processor.py:654} INFO - DAG(s) dict_keys(['staging_to_dw']) retrieved from /opt/airflow/dags/staging_to_dw.py
[2022-02-18 23:14:34,025] {logging_mixin.py:109} INFO - [2022-02-18 23:14:34,024] {dag.py:2396} INFO - Sync 1 DAGs
[2022-02-18 23:14:34,043] {logging_mixin.py:109} INFO - [2022-02-18 23:14:34,043] {dag.py:2935} INFO - Setting next_dagrun for staging_to_dw to 2022-02-18T00:00:00+00:00
[2022-02-18 23:14:34,055] {processor.py:171} INFO - Processing /opt/airflow/dags/staging_to_dw.py took 0.116 seconds
